<?xml version="1.0" encoding="utf-8"?>
<TestRun id="164d6e04-d04c-4db8-b9ab-e7cbe5eb7445" name="BobTheBuilder@V020705 2025-04-30 09:12:38" runUser="CHG201\BobTheBuilder" xmlns="http://microsoft.com/schemas/VisualStudio/TeamTest/2010">
  <Times creation="2025-04-30T09:12:38.2739271+02:00" queuing="2025-04-30T09:12:38.2739275+02:00" start="2025-04-30T09:12:27.5851610+02:00" finish="2025-04-30T09:15:47.7036635+02:00" />
  <TestSettings name="default" id="413d46c7-fa32-4ffd-a688-f7c078891dfd">
    <Deployment runDeploymentRoot="BobTheBuilder_V020705_2025-04-30_09_12_38" />
  </TestSettings>
  <Results>
    <UnitTestResult executionId="4a239102-4c9d-4d13-9406-1068eb986e7c" testId="c4e73a4d-1f82-1beb-7097-92a4dae5b99f" testName="Should_Return_Bad_Request_For_Posts(&quot;/Account/Login?ReturnUrl=-3039%27%20UNION%20ALL%20SELECT%2063%2C63%2C63%2C63%23&quot;)" computerName="V020705" duration="00:00:00.0001250" startTime="2025-04-30T09:15:17.7154875+02:00" endTime="2025-04-30T09:15:17.7156127+02:00" testType="13cdc9d9-ddb5-4fa4-a97d-d965ccfc6d4b" outcome="Passed" testListId="8c84fa94-04c1-424b-9868-57a2d4851a1d" relativeResultsDirectory="4a239102-4c9d-4d13-9406-1068eb986e7c" />
    <UnitTestResult executionId="be7ccb0d-a26c-4f84-8282-02e67610d737" testId="ee261bac-7b50-2525-6983-e3d2fff941b1" testName="Can_Logout(&quot;/signout-callback-TestAzureAD&quot;)" computerName="V020705" duration="00:00:00.3015790" startTime="2025-04-30T09:14:24.6521834+02:00" endTime="2025-04-30T09:14:24.9537555+02:00" testType="13cdc9d9-ddb5-4fa4-a97d-d965ccfc6d4b" outcome="Passed" testListId="8c84fa94-04c1-424b-9868-57a2d4851a1d" relativeResultsDirectory="be7ccb0d-a26c-4f84-8282-02e67610d737" />
    <UnitTestResult executionId="b43233da-6523-4edf-b121-f56e63665edd" testId="97529acb-120e-205c-2943-663dd1375543" testName="Returns_Bad_Request_If_Non_Parameter_Was_Provided" computerName="V020705" duration="00:00:00.1437010" startTime="2025-04-30T09:12:56.0640010+02:00" endTime="2025-04-30T09:12:56.2076988+02:00" testType="13cdc9d9-ddb5-4fa4-a97d-d965ccfc6d4b" outcome="Passed" testListId="8c84fa94-04c1-424b-9868-57a2d4851a1d" relativeResultsDirectory="b43233da-6523-4edf-b121-f56e63665edd" />
    <UnitTestResult executionId="6e72597f-649c-4f9b-9f97-bb5422b5189f" testId="06f9b2d7-c795-44a3-88e1-4b6321d1e920" testName="Should_Return_Bad_Request_For_Posts(&quot;/Account/Login?ReturnUrl=-2734%20UNION%20ALL%20SELECT%2063%2C63%2C63%2C63%2C63%2C63%2C63%2C63%2C63%23&quot;)" computerName="V020705" duration="00:00:00.0001210" startTime="2025-04-30T09:15:17.7132976+02:00" endTime="2025-04-30T09:15:17.7134184+02:00" testType="13cdc9d9-ddb5-4fa4-a97d-d965ccfc6d4b" outcome="Passed" testListId="8c84fa94-04c1-424b-9868-57a2d4851a1d" relativeResultsDirectory="6e72597f-649c-4f9b-9f97-bb5422b5189f" />
    <UnitTestResult executionId="a19ac86c-2188-4596-a1f9-067c2529a6fa" testId="07908fd5-24b0-a6b7-021f-973ef5ea8c08" testName="Returns_BadRequest_If_Email_Already_Exists" computerName="V020705" duration="00:00:00.0118060" startTime="2025-04-30T09:13:07.4859655+02:00" endTime="2025-04-30T09:13:07.4977713+02:00" testType="13cdc9d9-ddb5-4fa4-a97d-d965ccfc6d4b" outcome="Passed" testListId="8c84fa94-04c1-424b-9868-57a2d4851a1d" relativeResultsDirectory="a19ac86c-2188-4596-a1f9-067c2529a6fa" />
    <UnitTestResult executionId="fb1d6c6a-e42d-4226-bb8e-dffb3aff55bb" testId="3cc2e714-cdf5-0a97-047f-3dd3a98c79d5" testName="Returns_LoginRequest_When_Not_Logged_In" computerName="V020705" duration="00:00:00.0034020" startTime="2025-04-30T09:14:06.3218446+02:00" endTime="2025-04-30T09:14:06.3252458+02:00" testType="13cdc9d9-ddb5-4fa4-a97d-d965ccfc6d4b" outcome="Passed" testListId="8c84fa94-04c1-424b-9868-57a2d4851a1d" relativeResultsDirectory="fb1d6c6a-e42d-4226-bb8e-dffb3aff55bb" />
    <UnitTestResult executionId="3db84c16-d464-4a13-ad80-8dd3ec226109" testId="4d9b690c-bfdf-c4ed-f039-5aa1b5002887" testName="Returns_True_For_Strong_Password(&quot;password&quot;)" computerName="V020705" duration="00:00:00.0021059" startTime="2025-04-30T09:12:56.2243537+02:00" endTime="2025-04-30T09:12:56.2264597+02:00" testType="13cdc9d9-ddb5-4fa4-a97d-d965ccfc6d4b" outcome="Passed" testListId="8c84fa94-04c1-424b-9868-57a2d4851a1d" relativeResultsDirectory="3db84c16-d464-4a13-ad80-8dd3ec226109" />
    <UnitTestResult executionId="ff13435b-542f-4822-95f4-8ef9b7bdd337" testId="88770eb0-fbe0-6fa9-1c8a-f50ea7276d04" testName="Should_Return_Bad_Request_For_Posts(&quot;/Account/Login?ReturnUrl=-3454%29%20UNION%20ALL%20SELECT%2063%2C63%2C63%23&quot;)" computerName="V020705" duration="00:00:00.0001190" startTime="2025-04-30T09:15:17.7108612+02:00" endTime="2025-04-30T09:15:17.7109799+02:00" testType="13cdc9d9-ddb5-4fa4-a97d-d965ccfc6d4b" outcome="Passed" testListId="8c84fa94-04c1-424b-9868-57a2d4851a1d" relativeResultsDirectory="ff13435b-542f-4822-95f4-8ef9b7bdd337" />
    <UnitTestResult executionId="e0760d55-5c83-4da1-83ec-631161260574" testId="71d42e87-053d-3ee2-4208-31e7d798b59b" testName="Should_Return_Bad_Request(&quot;/Account/Login?ReturnUrl=-7368%27%20UNION%20ALL%20SELECT%2063%2C63%23&quot;)" computerName="V020705" duration="00:00:00.0001410" startTime="2025-04-30T09:15:17.6897215+02:00" endTime="2025-04-30T09:15:17.6898627+02:00" testType="13cdc9d9-ddb5-4fa4-a97d-d965ccfc6d4b" outcome="Passed" testListId="8c84fa94-04c1-424b-9868-57a2d4851a1d" relativeResultsDirectory="e0760d55-5c83-4da1-83ec-631161260574" />
    <UnitTestResult executionId="02012518-eba8-4548-ae13-c3e5804ea1ee" testId="8361fd58-5899-9f9f-4b79-df6ca9406d29" testName="Returns_BadRequest_If_UserName_Already_Exists" computerName="V020705" duration="00:00:00.0062430" startTime="2025-04-30T09:13:07.6249052+02:00" endTime="2025-04-30T09:13:07.6311482+02:00" testType="13cdc9d9-ddb5-4fa4-a97d-d965ccfc6d4b" outcome="Passed" testListId="8c84fa94-04c1-424b-9868-57a2d4851a1d" relativeResultsDirectory="02012518-eba8-4548-ae13-c3e5804ea1ee" />
    <UnitTestResult executionId="5039a631-81df-44b5-b99a-4afcf552b7a9" testId="7ebf1b71-8347-7fe5-9526-8f659889d752" testName="CHROME_79_WIN" computerName="V020705" duration="00:00:00.1264690" startTime="2025-04-30T09:14:20.0784368+02:00" endTime="2025-04-30T09:14:20.2049027+02:00" testType="13cdc9d9-ddb5-4fa4-a97d-d965ccfc6d4b" outcome="Passed" testListId="8c84fa94-04c1-424b-9868-57a2d4851a1d" relativeResultsDirectory="5039a631-81df-44b5-b99a-4afcf552b7a9" />
    <UnitTestResult executionId="e9b06fa5-6e32-4210-8e1b-b5929ef65ffc" testId="6a2f122c-ceea-7224-afb5-fd4d430b2848" testName="Persists_Names" computerName="V020705" duration="00:00:00.0416320" startTime="2025-04-30T09:15:23.3465485+02:00" endTime="2025-04-30T09:15:23.3881797+02:00" testType="13cdc9d9-ddb5-4fa4-a97d-d965ccfc6d4b" outcome="Passed" testListId="8c84fa94-04c1-424b-9868-57a2d4851a1d" relativeResultsDirectory="e9b06fa5-6e32-4210-8e1b-b5929ef65ffc" />
    <UnitTestResult executionId="ed9e1e06-3664-480e-ba59-161e4ca730ab" testId="49d28a81-d171-33e0-8558-cbd0c0dee1d7" testName="Can_Import_Data_Multiple_Times" computerName="V020705" duration="00:00:00.3763630" startTime="2025-04-30T09:14:23.6012754+02:00" endTime="2025-04-30T09:14:23.9776299+02:00" testType="13cdc9d9-ddb5-4fa4-a97d-d965ccfc6d4b" outcome="Passed" testListId="8c84fa94-04c1-424b-9868-57a2d4851a1d" relativeResultsDirectory="ed9e1e06-3664-480e-ba59-161e4ca730ab" />
    <UnitTestResult executionId="a7187ff3-2596-4e5e-9e1a-8fdacc6b8348" testId="c6101f66-ea3a-e55c-280c-8a59b45e7887" testName="Should_Return_Bad_Request(&quot;/Account/Login?ReturnUrl=-8885%29%20UNION%20ALL%20SELECT%2063%2C63%23&quot;)" computerName="V020705" duration="00:00:00.0001220" startTime="2025-04-30T09:15:17.6837986+02:00" endTime="2025-04-30T09:15:17.6839206+02:00" testType="13cdc9d9-ddb5-4fa4-a97d-d965ccfc6d4b" outcome="Passed" testListId="8c84fa94-04c1-424b-9868-57a2d4851a1d" relativeResultsDirectory="a7187ff3-2596-4e5e-9e1a-8fdacc6b8348" />
    <UnitTestResult executionId="6677ec81-0f93-406d-8150-12f980a6f5b8" testId="e90eaac3-1d25-a3d0-b38a-7f0435685a6a" testName="Should_Return_Bad_Request_For_Posts(&quot;/Account/Login?ReturnUrl=-5114%27%29%20UNION%20ALL%20SELECT%20NULL%2CNULL%2CNULL%2CNULL%2CNULL%2CNULL%2CNULL%2C%27qqqjq%27%7C%7C%27BwrPtfJSTApFRatYUAfYMlLJWfpyPyQIaFbZYFMb%27%7C%7C%27qkqkq%27--%20jell&quot;)" computerName="V020705" duration="00:00:00.0001290" startTime="2025-04-30T09:15:17.7029224+02:00" endTime="2025-04-30T09:15:17.7030518+02:00" testType="13cdc9d9-ddb5-4fa4-a97d-d965ccfc6d4b" outcome="Passed" testListId="8c84fa94-04c1-424b-9868-57a2d4851a1d" relativeResultsDirectory="6677ec81-0f93-406d-8150-12f980a6f5b8" />
    <UnitTestResult executionId="94e60712-2e62-4617-b197-0f4f64940564" testId="5149c3f1-de3c-bdf1-8b7f-94fbc22f9aa0" testName="Should_Return_Bad_Request_For_Posts(&quot;/Account/Login?ReturnUrl=-5466%20UNION%20ALL%20SELECT%2063%2C63%2C63%2C63%23&quot;)" computerName="V020705" duration="00:00:00.0001890" startTime="2025-04-30T09:15:17.7125544+02:00" endTime="2025-04-30T09:15:17.7127431+02:00" testType="13cdc9d9-ddb5-4fa4-a97d-d965ccfc6d4b" outcome="Passed" testListId="8c84fa94-04c1-424b-9868-57a2d4851a1d" relativeResultsDirectory="94e60712-2e62-4617-b197-0f4f64940564" />
    <UnitTestResult executionId="f85236ae-21fd-440c-8e0a-c27d56b3c132" testId="d109fc0a-d057-d084-98f0-720c9c477de2" testName="Can_Be_Called_From_Client_With_Correct_Scope(&quot;/api/v1/users/unconfirmed@example.com/invite&quot;)" computerName="V020705" duration="00:00:05.3377380" startTime="2025-04-30T09:13:40.0721641+02:00" endTime="2025-04-30T09:13:45.4097832+02:00" testType="13cdc9d9-ddb5-4fa4-a97d-d965ccfc6d4b" outcome="Passed" testListId="8c84fa94-04c1-424b-9868-57a2d4851a1d" relativeResultsDirectory="f85236ae-21fd-440c-8e0a-c27d56b3c132" />
    <UnitTestResult executionId="d063ff20-a992-4326-b9ab-b019c50cac38" testId="ddb863e9-1052-3080-904d-858a38c17d4d" testName="Should_Return_Bad_Request(&quot;/Account/Login?ReturnUrl=-2439%25%27%20UNION%20ALL%20SELECT%2063%2C63%2C63%2C63%2C63%2C63%2C63%2C63%23&quot;)" computerName="V020705" duration="00:00:00.0001720" startTime="2025-04-30T09:15:17.6922491+02:00" endTime="2025-04-30T09:15:17.6924209+02:00" testType="13cdc9d9-ddb5-4fa4-a97d-d965ccfc6d4b" outcome="Passed" testListId="8c84fa94-04c1-424b-9868-57a2d4851a1d" relativeResultsDirectory="d063ff20-a992-4326-b9ab-b019c50cac38" />
    <UnitTestResult executionId="a09aba56-0c78-41dc-b177-f85407ea142a" testId="178e8b2c-230e-b1bc-47ed-f7919f9f9198" testName="Should_Return_Bad_Request_For_Posts(&quot;/Account/Login?ReturnUrl=-7736%29%20UNION%20ALL%20SELECT%2063%2C63%2C63%2C63%2C63%2C63%2C63%2C63%2C63%23&quot;)" computerName="V020705" duration="00:00:00.0001220" startTime="2025-04-30T09:15:17.7116167+02:00" endTime="2025-04-30T09:15:17.7117390+02:00" testType="13cdc9d9-ddb5-4fa4-a97d-d965ccfc6d4b" outcome="Passed" testListId="8c84fa94-04c1-424b-9868-57a2d4851a1d" relativeResultsDirectory="a09aba56-0c78-41dc-b177-f85407ea142a" />
    <UnitTestResult executionId="2d21864f-8762-45a6-9133-982021b91862" testId="434e44d2-111a-5d30-908d-0b8fd5a5c57b" testName="Returns_AccessDenied_When_Insufficent_Permissions" computerName="V020705" duration="00:00:00.3600390" startTime="2025-04-30T09:14:08.9171211+02:00" endTime="2025-04-30T09:14:09.2771520+02:00" testType="13cdc9d9-ddb5-4fa4-a97d-d965ccfc6d4b" outcome="Passed" testListId="8c84fa94-04c1-424b-9868-57a2d4851a1d" relativeResultsDirectory="2d21864f-8762-45a6-9133-982021b91862" />
    <UnitTestResult executionId="1ce91a58-c768-4036-a103-d5d99df2d3ff" testId="43007c9c-0fbe-157f-920a-31d6cf45405c" testName="Contains_Customer_Claims" computerName="V020705" duration="00:00:05.4645370" startTime="2025-04-30T09:15:11.2101466+02:00" endTime="2025-04-30T09:15:16.6745618+02:00" testType="13cdc9d9-ddb5-4fa4-a97d-d965ccfc6d4b" outcome="Passed" testListId="8c84fa94-04c1-424b-9868-57a2d4851a1d" relativeResultsDirectory="1ce91a58-c768-4036-a103-d5d99df2d3ff" />
    <UnitTestResult executionId="37e73ba2-e738-4779-9c0d-0908fef3f558" testId="dc12e2a6-ee3b-57a9-5b3f-25a0125884f7" testName="Returns_Empty_List_For_Non_Federated_User(&quot;LocalTestUser&quot;)" computerName="V020705" duration="00:00:00.0192880" startTime="2025-04-30T09:13:39.9508315+02:00" endTime="2025-04-30T09:13:39.9701186+02:00" testType="13cdc9d9-ddb5-4fa4-a97d-d965ccfc6d4b" outcome="Passed" testListId="8c84fa94-04c1-424b-9868-57a2d4851a1d" relativeResultsDirectory="37e73ba2-e738-4779-9c0d-0908fef3f558" />
    <UnitTestResult executionId="e0a1a854-82df-4c62-8caa-fb2f7a4deeb6" testId="bfb46e4c-01cb-d8bd-0cb8-c2f49bb88693" testName="Can_Start_Hosted_Service" computerName="V020705" duration="00:00:00.4388450" startTime="2025-04-30T09:14:22.8682320+02:00" endTime="2025-04-30T09:14:23.3070665+02:00" testType="13cdc9d9-ddb5-4fa4-a97d-d965ccfc6d4b" outcome="Passed" testListId="8c84fa94-04c1-424b-9868-57a2d4851a1d" relativeResultsDirectory="e0a1a854-82df-4c62-8caa-fb2f7a4deeb6" />
    <UnitTestResult executionId="26eed880-894c-415a-8b10-7073155ccd16" testId="3ea53021-9442-8cf9-2ea0-768bf0335e05" testName="Returns_Access_Token_For_Many_Scopes" computerName="V020705" duration="00:00:00.0188730" startTime="2025-04-30T09:14:36.0783903+02:00" endTime="2025-04-30T09:14:36.0972622+02:00" testType="13cdc9d9-ddb5-4fa4-a97d-d965ccfc6d4b" outcome="Passed" testListId="8c84fa94-04c1-424b-9868-57a2d4851a1d" relativeResultsDirectory="26eed880-894c-415a-8b10-7073155ccd16" />
    <UnitTestResult executionId="92793168-af78-489f-93eb-da2573ff1737" testId="61d90264-3f39-2680-fa23-26f0c4d7c55e" testName="Should_Return_Bad_Request(&quot;/Account/Login?ReturnUrl=-4176%20UNION%20ALL%20SELECT%2063%2C63%2C63%2C63%2C63%23&quot;)" computerName="V020705" duration="00:00:00.0002700" startTime="2025-04-30T09:15:17.6861342+02:00" endTime="2025-04-30T09:15:17.6864045+02:00" testType="13cdc9d9-ddb5-4fa4-a97d-d965ccfc6d4b" outcome="Passed" testListId="8c84fa94-04c1-424b-9868-57a2d4851a1d" relativeResultsDirectory="92793168-af78-489f-93eb-da2573ff1737" />
    <UnitTestResult executionId="ef0c820f-1b79-4935-978e-fd9e75e80e7a" testId="31bcad5d-2986-7497-fe75-6c6fa45ab7b5" testName="CHROME_IOS_12" computerName="V020705" duration="00:00:00.1155280" startTime="2025-04-30T09:14:20.3274298+02:00" endTime="2025-04-30T09:14:20.4429552+02:00" testType="13cdc9d9-ddb5-4fa4-a97d-d965ccfc6d4b" outcome="Passed" testListId="8c84fa94-04c1-424b-9868-57a2d4851a1d" relativeResultsDirectory="ef0c820f-1b79-4935-978e-fd9e75e80e7a" />
    <UnitTestResult executionId="8ad3b5f9-26ed-444c-8108-7fb97576a4f4" testId="2b9bc7f6-633c-7ae2-c3b9-8c7118fdb509" testName="Returns_Details_For_Reader" computerName="V020705" duration="00:00:00.1764940" startTime="2025-04-30T09:14:17.9380965+02:00" endTime="2025-04-30T09:14:18.1145856+02:00" testType="13cdc9d9-ddb5-4fa4-a97d-d965ccfc6d4b" outcome="Passed" testListId="8c84fa94-04c1-424b-9868-57a2d4851a1d" relativeResultsDirectory="8ad3b5f9-26ed-444c-8108-7fb97576a4f4" />
    <UnitTestResult executionId="cc294894-1348-449e-84a5-c62b3c5f2cac" testId="e3f95bcf-a892-409f-be79-8e80f51ebdc9" testName="Returns_Error_For_Invalid_Token" computerName="V020705" duration="00:00:00.0528770" startTime="2025-04-30T09:13:59.6893493+02:00" endTime="2025-04-30T09:13:59.7422238+02:00" testType="13cdc9d9-ddb5-4fa4-a97d-d965ccfc6d4b" outcome="Passed" testListId="8c84fa94-04c1-424b-9868-57a2d4851a1d" relativeResultsDirectory="cc294894-1348-449e-84a5-c62b3c5f2cac" />
    <UnitTestResult executionId="79f8601a-4a59-41da-82e0-ce6bf98bbe08" testId="81238aa1-20d6-83d9-4b29-498ca02543bd" testName="Contains_EmailAddress_Claim" computerName="V020705" duration="00:00:00.2061870" startTime="2025-04-30T09:15:10.3298314+02:00" endTime="2025-04-30T09:15:10.5360134+02:00" testType="13cdc9d9-ddb5-4fa4-a97d-d965ccfc6d4b" outcome="Passed" testListId="8c84fa94-04c1-424b-9868-57a2d4851a1d" relativeResultsDirectory="79f8601a-4a59-41da-82e0-ce6bf98bbe08" />
    <UnitTestResult executionId="d35ac4a4-a6c4-4b87-9b21-73dfbc6010e9" testId="975b454a-5cb4-f3f1-bc18-17565ff8ff21" testName="Should_Return_Bad_Request(&quot;/Account/Login?ReturnUrl=-4236%27%29%20UNION%20ALL%20SELECT%2063%2C63%2C63%2C63%2C63%2C63%2C63%2C63%2C63%2C63%23&quot;)" computerName="V020705" duration="00:00:00.0001689" startTime="2025-04-30T09:15:17.6891930+02:00" endTime="2025-04-30T09:15:17.6893615+02:00" testType="13cdc9d9-ddb5-4fa4-a97d-d965ccfc6d4b" outcome="Passed" testListId="8c84fa94-04c1-424b-9868-57a2d4851a1d" relativeResultsDirectory="d35ac4a4-a6c4-4b87-9b21-73dfbc6010e9" />
    <UnitTestResult executionId="fe0368ac-8dec-4dd2-b759-82260e7cad35" testId="d986a0b2-d9bf-a79c-ea7e-8d219258a2ea" testName="Can_Import_Users" computerName="V020705" duration="00:00:00.1762080" startTime="2025-04-30T09:14:22.6534048+02:00" endTime="2025-04-30T09:14:22.8296089+02:00" testType="13cdc9d9-ddb5-4fa4-a97d-d965ccfc6d4b" outcome="Passed" testListId="8c84fa94-04c1-424b-9868-57a2d4851a1d" relativeResultsDirectory="fe0368ac-8dec-4dd2-b759-82260e7cad35" />
    <UnitTestResult executionId="3a5f1e89-9726-441d-bb17-8ba7bcff6467" testId="eb9dbdee-1743-5726-b3c1-77834b948ca7" testName="Returns_Item_When_User_Has_No_Assigned_LoginProvider_But_Email_Matches_LoginProvider_Domain" computerName="V020705" duration="00:00:00.0507980" startTime="2025-04-30T09:13:39.9703265+02:00" endTime="2025-04-30T09:13:40.0211224+02:00" testType="13cdc9d9-ddb5-4fa4-a97d-d965ccfc6d4b" outcome="Passed" testListId="8c84fa94-04c1-424b-9868-57a2d4851a1d" relativeResultsDirectory="3a5f1e89-9726-441d-bb17-8ba7bcff6467" />
    <UnitTestResult executionId="aed102e5-e4a6-4ea8-9bef-05b409ecafaa" testId="3354a315-65e5-ca4b-e902-2908cac04506" testName="Should_Return_Bad_Request(&quot;/Account/Login?ReturnUrl=-3035%20UNION%20ALL%20SELECT%2063%2C63%2C63%2C63%2C63%2C63%2C63%23&quot;)" computerName="V020705" duration="00:00:00.0001170" startTime="2025-04-30T09:15:17.6941943+02:00" endTime="2025-04-30T09:15:17.6943113+02:00" testType="13cdc9d9-ddb5-4fa4-a97d-d965ccfc6d4b" outcome="Passed" testListId="8c84fa94-04c1-424b-9868-57a2d4851a1d" relativeResultsDirectory="aed102e5-e4a6-4ea8-9bef-05b409ecafaa" />
    <UnitTestResult executionId="d0c72d5c-a585-4a25-9bd3-e9da8a6a1ad9" testId="09f7274b-0bfa-b7f5-3596-62286bbff54b" testName="Should_Return_Bad_Request_For_Posts(&quot;/Account/Login?ReturnUrl=-5744%25%27%20UNION%20ALL%20SELECT%20NULL%2CNULL%2CNULL%2CNULL%2CNULL%2C%27qqqjq%27%7C%7C%27vQysMEwtfb%27%7C%7C%27qkqkq%27%2CNULL%2CNULL%2CNULL%2CNULL--%20dKeu&quot;)" computerName="V020705" duration="00:00:00.0015200" startTime="2025-04-30T09:15:17.7077343+02:00" endTime="2025-04-30T09:15:17.7092545+02:00" testType="13cdc9d9-ddb5-4fa4-a97d-d965ccfc6d4b" outcome="Passed" testListId="8c84fa94-04c1-424b-9868-57a2d4851a1d" relativeResultsDirectory="d0c72d5c-a585-4a25-9bd3-e9da8a6a1ad9" />
    <UnitTestResult executionId="df1598fd-6985-444f-b8a8-daa01f35a00c" testId="cd6d9da2-2622-489b-3451-1acb6bdf37bb" testName="Should_Return_Bad_Request(&quot;/Account/Login?ReturnUrl=-2715%27%29%20UNION%20ALL%20SELECT%2063%2C63%2C63%2C%27qqqjq%27%7C%7C%27sxCwzivhFQ%27%7C%7C%27qkqkq%27%2C63%2C63%2C63%2C63--%20bupN&quot;)" computerName="V020705" duration="00:00:00.0002000" startTime="2025-04-30T09:15:17.6772677+02:00" endTime="2025-04-30T09:15:17.6774673+02:00" testType="13cdc9d9-ddb5-4fa4-a97d-d965ccfc6d4b" outcome="Passed" testListId="8c84fa94-04c1-424b-9868-57a2d4851a1d" relativeResultsDirectory="df1598fd-6985-444f-b8a8-daa01f35a00c" />
    <UnitTestResult executionId="98e3b1bf-68b4-426c-88bb-64d06992e0ea" testId="324bd1b3-3245-efda-fa89-14909e9c29da" testName="Returns_Page_When_Logged_In_With_Correct_Permissions" computerName="V020705" duration="00:00:00.2148360" startTime="2025-04-30T09:14:18.6054803+02:00" endTime="2025-04-30T09:14:18.8203113+02:00" testType="13cdc9d9-ddb5-4fa4-a97d-d965ccfc6d4b" outcome="Passed" testListId="8c84fa94-04c1-424b-9868-57a2d4851a1d" relativeResultsDirectory="98e3b1bf-68b4-426c-88bb-64d06992e0ea" />
    <UnitTestResult executionId="fb953ab8-bdb1-40c7-ad39-af877e3a7e1f" testId="f3ed5cd4-b6c3-de4a-5155-a0fc6aca811e" testName="Should_Return_Bad_Request_For_Posts(&quot;/Account/Login?ReturnUrl=-6020%27%29%20UNION%20ALL%20SELECT%2063%2C63%2C63%2C63%2C63%23&quot;)" computerName="V020705" duration="00:00:00.0001230" startTime="2025-04-30T09:15:17.7142254+02:00" endTime="2025-04-30T09:15:17.7143485+02:00" testType="13cdc9d9-ddb5-4fa4-a97d-d965ccfc6d4b" outcome="Passed" testListId="8c84fa94-04c1-424b-9868-57a2d4851a1d" relativeResultsDirectory="fb953ab8-bdb1-40c7-ad39-af877e3a7e1f" />
    <UnitTestResult executionId="c25e5562-3a83-4490-abdc-3b6fd3c5234d" testId="8b7b6156-6d70-5955-1cd7-95ee0a86ce4f" testName="Should_Return_Bad_Request(&quot;/Account/Login?ReturnUrl=-7736%29%20UNION%20ALL%20SELECT%2063%2C63%2C63%2C63%2C63%2C63%2C63%2C63%2C63%23&quot;)" computerName="V020705" duration="00:00:00.0001470" startTime="2025-04-30T09:15:17.6846770+02:00" endTime="2025-04-30T09:15:17.6848238+02:00" testType="13cdc9d9-ddb5-4fa4-a97d-d965ccfc6d4b" outcome="Passed" testListId="8c84fa94-04c1-424b-9868-57a2d4851a1d" relativeResultsDirectory="c25e5562-3a83-4490-abdc-3b6fd3c5234d" />
    <UnitTestResult executionId="6dac9600-a118-48e9-80e9-6891fc04e0fc" testId="5873543a-cfa0-3fda-4df9-73faeb7c78cd" testName="Updates_Existing_Users_UserName_Via_Oidc" computerName="V020705" duration="00:00:00.0124300" startTime="2025-04-30T09:13:54.3033961+02:00" endTime="2025-04-30T09:13:54.3158258+02:00" testType="13cdc9d9-ddb5-4fa4-a97d-d965ccfc6d4b" outcome="Passed" testListId="8c84fa94-04c1-424b-9868-57a2d4851a1d" relativeResultsDirectory="6dac9600-a118-48e9-80e9-6891fc04e0fc" />
    <UnitTestResult executionId="234f2990-825b-42cf-8dd2-8ebc7bc5b9e4" testId="8c27b7d7-c913-f61d-0289-9b1e147267f2" testName="Should_Return_Bad_Request_For_Posts(&quot;/Account/Login?ReturnUrl=-3694%29%20UNION%20ALL%20SELECT%2063%23&quot;)" computerName="V020705" duration="00:00:00.0001230" startTime="2025-04-30T09:15:17.7106002+02:00" endTime="2025-04-30T09:15:17.7107230+02:00" testType="13cdc9d9-ddb5-4fa4-a97d-d965ccfc6d4b" outcome="Passed" testListId="8c84fa94-04c1-424b-9868-57a2d4851a1d" relativeResultsDirectory="234f2990-825b-42cf-8dd2-8ebc7bc5b9e4" />
    <UnitTestResult executionId="ea062824-c796-45eb-aec3-01dc35e8008d" testId="9e8d7ad7-30b2-103d-dcc6-b1384cb8fcb6" testName="SAFARI_IOS_13" computerName="V020705" duration="00:00:00.1104160" startTime="2025-04-30T09:14:21.5112915+02:00" endTime="2025-04-30T09:14:21.6217047+02:00" testType="13cdc9d9-ddb5-4fa4-a97d-d965ccfc6d4b" outcome="Passed" testListId="8c84fa94-04c1-424b-9868-57a2d4851a1d" relativeResultsDirectory="ea062824-c796-45eb-aec3-01dc35e8008d" />
    <UnitTestResult executionId="061eaf71-e39f-4f28-b720-61ebc0986633" testId="f0bbb240-4e41-6069-2795-02cd803ac9ae" testName="Contains_Customer_Claims" computerName="V020705" duration="00:00:05.5919010" startTime="2025-04-30T09:15:04.7380018+02:00" endTime="2025-04-30T09:15:10.3297790+02:00" testType="13cdc9d9-ddb5-4fa4-a97d-d965ccfc6d4b" outcome="Passed" testListId="8c84fa94-04c1-424b-9868-57a2d4851a1d" relativeResultsDirectory="061eaf71-e39f-4f28-b720-61ebc0986633" />
    <UnitTestResult executionId="5cb81d6b-6a69-47ba-bc0d-ff5fb0c16acf" testId="5f0e9bcc-556a-a5e6-8435-ba2ae50c2986" testName="SAFARI_IOS_11" computerName="V020705" duration="00:00:00.1179760" startTime="2025-04-30T09:14:21.1651433+02:00" endTime="2025-04-30T09:14:21.2831159+02:00" testType="13cdc9d9-ddb5-4fa4-a97d-d965ccfc6d4b" outcome="Passed" testListId="8c84fa94-04c1-424b-9868-57a2d4851a1d" relativeResultsDirectory="5cb81d6b-6a69-47ba-bc0d-ff5fb0c16acf" />
    <UnitTestResult executionId="3be78610-d1d3-4dd8-b808-3e44320b651f" testId="e3a80709-e80b-932b-3d48-b01751eff7e9" testName="Should_Return_Bad_Request(&quot;/Account/Login?ReturnUrl=-5896%29%20UNION%20ALL%20SELECT%2063%2C63%2C63%2C63%2C63%2C63%2C63%23&quot;)" computerName="V020705" duration="00:00:00.0001190" startTime="2025-04-30T09:15:17.6844306+02:00" endTime="2025-04-30T09:15:17.6845497+02:00" testType="13cdc9d9-ddb5-4fa4-a97d-d965ccfc6d4b" outcome="Passed" testListId="8c84fa94-04c1-424b-9868-57a2d4851a1d" relativeResultsDirectory="3be78610-d1d3-4dd8-b808-3e44320b651f" />
    <UnitTestResult executionId="558df4d5-a375-4a55-83c0-d1be1d8a578b" testId="83bdc57a-9b90-a247-f1a3-900b5e99196b" testName="Cannot_Be_Called_From_User_Without_CHGEmployee_Claim_And_Correct_Client_Scope(&quot;/api/v1/users/unconfirmed@example.com/invite&quot;)" computerName="V020705" duration="00:00:00.2030140" startTime="2025-04-30T09:13:46.2781095+02:00" endTime="2025-04-30T09:13:46.4811185+02:00" testType="13cdc9d9-ddb5-4fa4-a97d-d965ccfc6d4b" outcome="Passed" testListId="8c84fa94-04c1-424b-9868-57a2d4851a1d" relativeResultsDirectory="558df4d5-a375-4a55-83c0-d1be1d8a578b" />
    <UnitTestResult executionId="4a0914b9-8fbd-4b72-84ac-2b3e65b74942" testId="9d0e4201-de07-eff1-47da-c449d2775236" testName="Should_Return_Bad_Request(&quot;/Account/Login?ReturnUrl=-5114%27%29%20UNION%20ALL%20SELECT%20NULL%2CNULL%2CNULL%2CNULL%2CNULL%2CNULL%2CNULL%2C%27qqqjq%27%7C%7C%27BwrPtfJSTApFRatYUAfYMlLJWfpyPyQIaFbZYFMb%27%7C%7C%27qkqkq%27--%20jell&quot;)" computerName="V020705" duration="00:00:00.0003450" startTime="2025-04-30T09:15:17.6698835+02:00" endTime="2025-04-30T09:15:17.6702278+02:00" testType="13cdc9d9-ddb5-4fa4-a97d-d965ccfc6d4b" outcome="Passed" testListId="8c84fa94-04c1-424b-9868-57a2d4851a1d" relativeResultsDirectory="4a0914b9-8fbd-4b72-84ac-2b3e65b74942" />
    <UnitTestResult executionId="e03c9643-7f6c-4be5-8bb5-6c4543ea2c59" testId="e985b10f-1ee5-2c5e-247d-238f976d5c35" testName="Allows_Cors_For_Configured_Domains(&quot;http://localhost:50155&quot;,&quot;/connect/token&quot;)" computerName="V020705" duration="00:00:00.0013790" startTime="2025-04-30T09:15:17.1934099+02:00" endTime="2025-04-30T09:15:17.1947886+02:00" testType="13cdc9d9-ddb5-4fa4-a97d-d965ccfc6d4b" outcome="Passed" testListId="8c84fa94-04c1-424b-9868-57a2d4851a1d" relativeResultsDirectory="e03c9643-7f6c-4be5-8bb5-6c4543ea2c59" />
    <UnitTestResult executionId="947b7b6d-da51-42ec-86a0-c502e7f72f98" testId="1dc6b884-3433-d1da-70b6-7af27a63de6b" testName="Returns_Data" computerName="V020705" duration="00:00:00.4032810" startTime="2025-04-30T09:14:14.9756162+02:00" endTime="2025-04-30T09:14:15.3788882+02:00" testType="13cdc9d9-ddb5-4fa4-a97d-d965ccfc6d4b" outcome="Passed" testListId="8c84fa94-04c1-424b-9868-57a2d4851a1d" relativeResultsDirectory="947b7b6d-da51-42ec-86a0-c502e7f72f98" />
    <UnitTestResult executionId="065c57e6-9ec4-46a4-95ae-8a5c4f6ef38d" testId="71336bed-fb0a-db5e-3496-fbe1146c6001" testName="Returns_Unauthorized_When_Scope_Is_Not_Valid" computerName="V020705" duration="00:00:00.0308930" startTime="2025-04-30T09:12:38.2587071+02:00" endTime="2025-04-30T09:12:38.2895976+02:00" testType="13cdc9d9-ddb5-4fa4-a97d-d965ccfc6d4b" outcome="Passed" testListId="8c84fa94-04c1-424b-9868-57a2d4851a1d" relativeResultsDirectory="065c57e6-9ec4-46a4-95ae-8a5c4f6ef38d" />
    <UnitTestResult executionId="213ace56-bb13-4f5e-ae0f-ef8fe06ed2d4" testId="a9211efd-b228-c7ad-4b9d-f03b78ab078f" testName="Should_Return_Bad_Request_For_Posts(&quot;/Account/Login?ReturnUrl=-1969%25%27%20UNION%20ALL%20SELECT%20NULL%2C%27qqqjq%27%7C%7C%27rHPLLbFQNC%27%7C%7C%27qkqkq%27%2CNULL%2CNULL%2CNULL%2CNULL%2CNULL%2CNULL%2CNULL%2CNULL--%20IyWo&quot;)" computerName="V020705" duration="00:00:00.0001540" startTime="2025-04-30T09:15:17.7096753+02:00" endTime="2025-04-30T09:15:17.7098297+02:00" testType="13cdc9d9-ddb5-4fa4-a97d-d965ccfc6d4b" outcome="Passed" testListId="8c84fa94-04c1-424b-9868-57a2d4851a1d" relativeResultsDirectory="213ace56-bb13-4f5e-ae0f-ef8fe06ed2d4" />
    <UnitTestResult executionId="ec2b86fa-dab3-4bf1-b1a9-61f1a88e68a0" testId="16beffbc-41ed-cfe3-3e21-5aa951ca00a2" testName="Returns_New_User_With_Location" computerName="V020705" duration="00:00:00.0156200" startTime="2025-04-30T09:13:23.6660624+02:00" endTime="2025-04-30T09:13:23.6816809+02:00" testType="13cdc9d9-ddb5-4fa4-a97d-d965ccfc6d4b" outcome="Passed" testListId="8c84fa94-04c1-424b-9868-57a2d4851a1d" relativeResultsDirectory="ec2b86fa-dab3-4bf1-b1a9-61f1a88e68a0" />
    <UnitTestResult executionId="00f83888-07af-4113-b648-38d7243bde02" testId="21f8e87c-7a0d-6c18-28f2-6d1debb066c7" testName="Should_Return_Bad_Request_For_Posts(&quot;/Account/Login?ReturnUrl=-2662%25%27%20UNION%20ALL%20SELECT%2063%2C63%2C63%2C63%2C63%23&quot;)" computerName="V020705" duration="00:00:00.0001380" startTime="2025-04-30T09:15:17.7170579+02:00" endTime="2025-04-30T09:15:17.7171960+02:00" testType="13cdc9d9-ddb5-4fa4-a97d-d965ccfc6d4b" outcome="Passed" testListId="8c84fa94-04c1-424b-9868-57a2d4851a1d" relativeResultsDirectory="00f83888-07af-4113-b648-38d7243bde02" />
    <UnitTestResult executionId="3adc83b5-8d12-464c-bf2a-30011d88cdfc" testId="1c411039-f64f-7450-da37-583f0cf67ad2" testName="Should_Return_Bad_Request_For_Posts(&quot;/Account/Login?ReturnUrl=-6641%25%27%20UNION%20ALL%20SELECT%20NULL%2CNULL%2CNULL%2CNULL%2CNULL%2CNULL%2CNULL%2C%27qqqjq%27%7C%7C%27EtkJOeuZwV%27%7C%7C%27qkqkq%27%2CNULL%2CNULL--%20rGps&quot;)" computerName="V020705" duration="00:00:00.0001270" startTime="2025-04-30T09:15:17.7099596+02:00" endTime="2025-04-30T09:15:17.7100863+02:00" testType="13cdc9d9-ddb5-4fa4-a97d-d965ccfc6d4b" outcome="Passed" testListId="8c84fa94-04c1-424b-9868-57a2d4851a1d" relativeResultsDirectory="3adc83b5-8d12-464c-bf2a-30011d88cdfc" />
    <UnitTestResult executionId="14dab831-7630-4c07-8c24-963c0e53761b" testId="77ea25d0-31b3-63d9-26d2-44be4092b680" testName="Should_Return_Bad_Request_For_Posts(&quot;/Account/Login?ReturnUrl=-6619%27%29%20UNION%20ALL%20SELECT%2063%23&quot;)" computerName="V020705" duration="00:00:00.0001640" startTime="2025-04-30T09:15:17.7136763+02:00" endTime="2025-04-30T09:15:17.7138402+02:00" testType="13cdc9d9-ddb5-4fa4-a97d-d965ccfc6d4b" outcome="Passed" testListId="8c84fa94-04c1-424b-9868-57a2d4851a1d" relativeResultsDirectory="14dab831-7630-4c07-8c24-963c0e53761b" />
    <UnitTestResult executionId="881991e2-e517-466f-80c0-4aa92aecd9a9" testId="809d0a45-0f14-bef1-b40c-c01cb42c3a8b" testName="Should_Return_Bad_Request_For_Posts(&quot;/Account/Login?ReturnUrl=-8248%27%29%20UNION%20ALL%20SELECT%20NULL%2CNULL%2CNULL%2CNULL%2CNULL%2CNULL%2C%27qqqjq%27%7C%7C%27zctwFYNirpADLrTiCkvdNvBzocrmMfjItHDhYkSF%27%7C%7C%27qkqkq%27%2CNULL--%20tBIC&quot;)" computerName="V020705" duration="00:00:00.0001480" startTime="2025-04-30T09:15:17.7027718+02:00" endTime="2025-04-30T09:15:17.7029197+02:00" testType="13cdc9d9-ddb5-4fa4-a97d-d965ccfc6d4b" outcome="Passed" testListId="8c84fa94-04c1-424b-9868-57a2d4851a1d" relativeResultsDirectory="881991e2-e517-466f-80c0-4aa92aecd9a9" />
    <UnitTestResult executionId="2fa70bf9-861a-4e20-bed4-59c6a4705043" testId="7f12a5f1-d05d-d1a1-ea17-2a34de042cb6" testName="Returns_Security_Headers" computerName="V020705" duration="00:00:00.0857460" startTime="2025-04-30T09:15:46.6106151+02:00" endTime="2025-04-30T09:15:46.6963585+02:00" testType="13cdc9d9-ddb5-4fa4-a97d-d965ccfc6d4b" outcome="Passed" testListId="8c84fa94-04c1-424b-9868-57a2d4851a1d" relativeResultsDirectory="2fa70bf9-861a-4e20-bed4-59c6a4705043" />
    <UnitTestResult executionId="50d38d81-15a2-417b-b320-67d98731c8f4" testId="739f6c8b-ad3b-d469-bfcc-3451015441e9" testName="Updates_Existing_Users_Email_Via_AzureAD" computerName="V020705" duration="00:00:00.0223590" startTime="2025-04-30T09:13:54.2428796+02:00" endTime="2025-04-30T09:13:54.2652383+02:00" testType="13cdc9d9-ddb5-4fa4-a97d-d965ccfc6d4b" outcome="Passed" testListId="8c84fa94-04c1-424b-9868-57a2d4851a1d" relativeResultsDirectory="50d38d81-15a2-417b-b320-67d98731c8f4" />
    <UnitTestResult executionId="6a2c80a8-341b-4c44-bbbe-e55d5d8f4b14" testId="35eaae9e-31f2-5ecf-a9f0-52de7cc606b2" testName="Should_Return_Bad_Request_For_Posts(&quot;/Account/Login?ReturnUrl=-4282%27%29%20UNION%20ALL%20SELECT%2063%2C63%2C63%2C63%2C%27qqqjq%27%7C%7C%27tWthAVNcFTOjfWQKjjktkkHXPqQDBbRoFeOZtJfC%27%7C%7C%27qkqkq%27%2C63%2C63%2C63--%20mRIh&quot;)" computerName="V020705" duration="00:00:00.0001230" startTime="2025-04-30T09:15:17.7042090+02:00" endTime="2025-04-30T09:15:17.7043320+02:00" testType="13cdc9d9-ddb5-4fa4-a97d-d965ccfc6d4b" outcome="Passed" testListId="8c84fa94-04c1-424b-9868-57a2d4851a1d" relativeResultsDirectory="6a2c80a8-341b-4c44-bbbe-e55d5d8f4b14" />
    <UnitTestResult executionId="0aa5a775-28f2-458a-9a68-5e5d9fd0a8c9" testId="e3e69750-bbc9-7a2f-3b8b-8e2829ffd95b" testName="Returns_New_CHG_User_With_AzureObjectId(&quot;@chg-meridian.com&quot;)" computerName="V020705" duration="00:00:05.3582190" startTime="2025-04-30T09:13:07.6367113+02:00" endTime="2025-04-30T09:13:12.9948105+02:00" testType="13cdc9d9-ddb5-4fa4-a97d-d965ccfc6d4b" outcome="Passed" testListId="8c84fa94-04c1-424b-9868-57a2d4851a1d" relativeResultsDirectory="0aa5a775-28f2-458a-9a68-5e5d9fd0a8c9" />
    <UnitTestResult executionId="b9c4539a-ccaa-4604-a7c1-dce18d217d7e" testId="8a89959c-cd2c-026a-6636-0f9202e2f21f" testName="Should_Return_Bad_Request_For_Posts(&quot;/Account/Login?ReturnUrl=-8871%25%27%20ORDER%20BY%201%23&quot;)" computerName="V020705" duration="00:00:00.0001200" startTime="2025-04-30T09:15:17.7163862+02:00" endTime="2025-04-30T09:15:17.7165065+02:00" testType="13cdc9d9-ddb5-4fa4-a97d-d965ccfc6d4b" outcome="Passed" testListId="8c84fa94-04c1-424b-9868-57a2d4851a1d" relativeResultsDirectory="b9c4539a-ccaa-4604-a7c1-dce18d217d7e" />
    <UnitTestResult executionId="244872ca-6edf-483a-9a9d-a2ff7f9af234" testId="6100920b-4350-9c16-4554-634b56f9a864" testName="Should_Return_Bad_Request(&quot;/Account/Login?ReturnUrl=-9899%27%29%20UNION%20ALL%20SELECT%2063%2C63%2C63%2C63%2C63%2C63%23&quot;)" computerName="V020705" duration="00:00:00.0001720" startTime="2025-04-30T09:15:17.6884559+02:00" endTime="2025-04-30T09:15:17.6886283+02:00" testType="13cdc9d9-ddb5-4fa4-a97d-d965ccfc6d4b" outcome="Passed" testListId="8c84fa94-04c1-424b-9868-57a2d4851a1d" relativeResultsDirectory="244872ca-6edf-483a-9a9d-a2ff7f9af234" />
    <UnitTestResult executionId="17e07b29-c253-41c1-8b0e-fd0f3a1caedb" testId="68df9546-e6ab-22b9-f96a-fbda4ddc23c5" testName="Returns_Updated_User_When_Only_Email_Was_Given" computerName="V020705" duration="00:00:00.0134040" startTime="2025-04-30T09:13:51.9267964+02:00" endTime="2025-04-30T09:13:51.9401996+02:00" testType="13cdc9d9-ddb5-4fa4-a97d-d965ccfc6d4b" outcome="Passed" testListId="8c84fa94-04c1-424b-9868-57a2d4851a1d" relativeResultsDirectory="17e07b29-c253-41c1-8b0e-fd0f3a1caedb" />
    <UnitTestResult executionId="41500352-3306-4d3b-aa41-d4d701e6924f" testId="35402e38-fcfc-1263-256e-79d64ce0a974" testName="Should_Return_Bad_Request(&quot;/Account/Login?ReturnUrl=-9384%27%29%20UNION%20ALL%20SELECT%2063%2C63%2C63%2C63%2C63%2C%27qqqjq%27%7C%7C%27DvqgcuqaIWzJMGzIFKTmyLFUhvXPBKlDhzrFNKoX%27%7C%7C%27qkqkq%27%2C63%2C63--%20xtRv&quot;)" computerName="V020705" duration="00:00:00.0002340" startTime="2025-04-30T09:15:17.6745268+02:00" endTime="2025-04-30T09:15:17.6747601+02:00" testType="13cdc9d9-ddb5-4fa4-a97d-d965ccfc6d4b" outcome="Passed" testListId="8c84fa94-04c1-424b-9868-57a2d4851a1d" relativeResultsDirectory="41500352-3306-4d3b-aa41-d4d701e6924f" />
    <UnitTestResult executionId="8527b703-9044-4137-ac1b-2e9df1fd47f2" testId="6f7e521f-b402-afc4-d149-adf0d9073d5c" testName="Returns_Bad_Request_For_Malformed_Email(&quot;@test&quot;)" computerName="V020705" duration="00:00:05.2881859" startTime="2025-04-30T09:12:50.7115908+02:00" endTime="2025-04-30T09:12:55.9996577+02:00" testType="13cdc9d9-ddb5-4fa4-a97d-d965ccfc6d4b" outcome="Passed" testListId="8c84fa94-04c1-424b-9868-57a2d4851a1d" relativeResultsDirectory="8527b703-9044-4137-ac1b-2e9df1fd47f2" />
    <UnitTestResult executionId="aca1dc44-91df-4845-b834-9db7757d2c9c" testId="b7b71104-90b6-39b6-2870-cb798a4583e5" testName="Returns_True_For_Strong_Password(&quot;newpassword&quot;)" computerName="V020705" duration="00:00:00.0011770" startTime="2025-04-30T09:12:56.2264858+02:00" endTime="2025-04-30T09:12:56.2276628+02:00" testType="13cdc9d9-ddb5-4fa4-a97d-d965ccfc6d4b" outcome="Passed" testListId="8c84fa94-04c1-424b-9868-57a2d4851a1d" relativeResultsDirectory="aca1dc44-91df-4845-b834-9db7757d2c9c" />
    <UnitTestResult executionId="0cde4f7b-429d-4d27-be85-28a2102343bb" testId="35021be4-47b1-a92a-78a3-82013b3208f7" testName="Returns_Unauthorized_When_Not_Logged_In(&quot;/api/v1.0/users/&quot;)" computerName="V020705" duration="00:00:00.0025460" startTime="2025-04-30T09:13:34.6141132+02:00" endTime="2025-04-30T09:13:34.6166554+02:00" testType="13cdc9d9-ddb5-4fa4-a97d-d965ccfc6d4b" outcome="Passed" testListId="8c84fa94-04c1-424b-9868-57a2d4851a1d" relativeResultsDirectory="0cde4f7b-429d-4d27-be85-28a2102343bb" />
    <UnitTestResult executionId="f82f8842-d334-461c-a69b-de18dc9d5265" testId="40359d04-9b96-78cf-58c6-e161486a91a3" testName="Returns_Ok_When_User_Was_Found(&quot;/api/v1.0/users/&quot;,&quot;test.employee&quot;)" computerName="V020705" duration="00:00:00.0075800" startTime="2025-04-30T09:13:34.5907327+02:00" endTime="2025-04-30T09:13:34.5983114+02:00" testType="13cdc9d9-ddb5-4fa4-a97d-d965ccfc6d4b" outcome="Passed" testListId="8c84fa94-04c1-424b-9868-57a2d4851a1d" relativeResultsDirectory="f82f8842-d334-461c-a69b-de18dc9d5265" />
    <UnitTestResult executionId="35134417-054d-4b3e-a216-da423b2dacc7" testId="fd45f5d7-4b14-0736-4967-a810833cafd8" testName="Persists_Only_Primary_Email" computerName="V020705" duration="00:00:00.0461980" startTime="2025-04-30T09:15:23.3882054+02:00" endTime="2025-04-30T09:15:23.4344023+02:00" testType="13cdc9d9-ddb5-4fa4-a97d-d965ccfc6d4b" outcome="Passed" testListId="8c84fa94-04c1-424b-9868-57a2d4851a1d" relativeResultsDirectory="35134417-054d-4b3e-a216-da423b2dacc7" />
    <UnitTestResult executionId="17c2fd91-db18-422b-b5db-70b80b8dfee7" testId="166aeced-6bf8-8795-e3aa-c9379e93dabb" testName="Should_Return_Bad_Request_For_Posts(&quot;/Account/Login?ReturnUrl=-1561%27%29%20UNION%20ALL%20SELECT%20NULL%2CNULL%2CNULL%2C%27qqqjq%27%7C%7C%27gixApvCcroetDHpwNBKKzPquepYgdiIFBGIGecgN%27%7C%7C%27qkqkq%27%2CNULL%2CNULL%2CNULL%2CNULL--%20wUOZ&quot;)" computerName="V020705" duration="00:00:00.0001250" startTime="2025-04-30T09:15:17.7023797+02:00" endTime="2025-04-30T09:15:17.7025044+02:00" testType="13cdc9d9-ddb5-4fa4-a97d-d965ccfc6d4b" outcome="Passed" testListId="8c84fa94-04c1-424b-9868-57a2d4851a1d" relativeResultsDirectory="17c2fd91-db18-422b-b5db-70b80b8dfee7" />
    <UnitTestResult executionId="9be9e3ea-f050-412f-b59b-d2d3d7119899" testId="d44b8bc3-81b2-9401-4d4d-47ec24e62a4d" testName="Deletes_An_Existing_User" computerName="V020705" duration="00:00:05.4190680" startTime="2025-04-30T09:15:23.4707177+02:00" endTime="2025-04-30T09:15:28.8896645+02:00" testType="13cdc9d9-ddb5-4fa4-a97d-d965ccfc6d4b" outcome="Passed" testListId="8c84fa94-04c1-424b-9868-57a2d4851a1d" relativeResultsDirectory="9be9e3ea-f050-412f-b59b-d2d3d7119899" />
    <UnitTestResult executionId="97006cc6-7c17-4166-bb64-3dc26425ae28" testId="a1ea5e7c-7cb3-ac68-0314-7e52c4c19279" testName="Should_Return_Bad_Request_For_Posts(&quot;/Account/Login?ReturnUrl=-2280%25%27%20UNION%20ALL%20SELECT%20NULL%2CNULL%2CNULL%2CNULL%2CNULL%2C%27qqqjq%27%7C%7C%27fupHoDYKPxVMNLpPgYUKNPxXWpwBluQFHVjuuvqp%27%7C%7C%27qkqkq%27%2CNULL%2CNULL%2CNULL%2CNULL--%20anug&quot;)" computerName="V020705" duration="00:00:00.0001450" startTime="2025-04-30T09:15:17.7064087+02:00" endTime="2025-04-30T09:15:17.7065541+02:00" testType="13cdc9d9-ddb5-4fa4-a97d-d965ccfc6d4b" outcome="Passed" testListId="8c84fa94-04c1-424b-9868-57a2d4851a1d" relativeResultsDirectory="97006cc6-7c17-4166-bb64-3dc26425ae28" />
    <UnitTestResult executionId="ad325b6b-3367-4acf-b8b5-7d426041b03b" testId="354b7c20-21d2-f72b-90e4-f6848bab1af5" testName="Should_Return_Bad_Request(&quot;/Account/Login?ReturnUrl=-5523%25%27%20UNION%20ALL%20SELECT%20NULL%2CNULL%2CNULL%2CNULL%2CNULL%2CNULL%2CNULL%2CNULL%2C%27qqqjq%27%7C%7C%27EfgGxmKWNm%27%7C%7C%27qkqkq%27%2CNULL--%20GcCj&quot;)" computerName="V020705" duration="00:00:00.0001950" startTime="2025-04-30T09:15:17.6813292+02:00" endTime="2025-04-30T09:15:17.6815242+02:00" testType="13cdc9d9-ddb5-4fa4-a97d-d965ccfc6d4b" outcome="Passed" testListId="8c84fa94-04c1-424b-9868-57a2d4851a1d" relativeResultsDirectory="ad325b6b-3367-4acf-b8b5-7d426041b03b" />
    <UnitTestResult executionId="eced21e9-dfed-413a-8195-1149d4a89d36" testId="b6ebe7ac-d7c0-196a-dca1-09ecb3cc0b7c" testName="Should_Return_Bad_Request_For_Posts(&quot;/Account/Login?ReturnUrl=-6260%27%29%20UNION%20ALL%20SELECT%2063%2C63%2C63%23&quot;)" computerName="V020705" duration="00:00:00.0001260" startTime="2025-04-30T09:15:17.7139712+02:00" endTime="2025-04-30T09:15:17.7140970+02:00" testType="13cdc9d9-ddb5-4fa4-a97d-d965ccfc6d4b" outcome="Passed" testListId="8c84fa94-04c1-424b-9868-57a2d4851a1d" relativeResultsDirectory="eced21e9-dfed-413a-8195-1149d4a89d36" />
    <UnitTestResult executionId="26f7c602-1c4b-480a-8229-3c0242982412" testId="f165e555-b11e-d70e-83cc-9c4f6dc249bc" testName="Should_Return_Bad_Request_For_Posts(&quot;/Account/Login?ReturnUrl=-2903%25%27%20UNION%20ALL%20SELECT%20NULL%2C%27qqqjq%27%7C%7C%27lcFYJQoTZjaThtRkvtzLZsVoMWugesivHBaafWwE%27%7C%7C%27qkqkq%27%2CNULL%2CNULL%2CNULL%2CNULL%2CNULL%2CNULL%2CNULL%2CNULL--%20ZWip&quot;)" computerName="V020705" duration="00:00:00.0001230" startTime="2025-04-30T09:15:17.7069629+02:00" endTime="2025-04-30T09:15:17.7070863+02:00" testType="13cdc9d9-ddb5-4fa4-a97d-d965ccfc6d4b" outcome="Passed" testListId="8c84fa94-04c1-424b-9868-57a2d4851a1d" relativeResultsDirectory="26f7c602-1c4b-480a-8229-3c0242982412" />
    <UnitTestResult executionId="62660b53-e612-4661-932d-cfd70d16db37" testId="24e128d8-9eeb-d311-385f-db57ebf62d5a" testName="Should_Return_Bad_Request_For_Posts(&quot;/Account/Login?ReturnUrl=-8844%27%20UNION%20ALL%20SELECT%2063%2C63%2C63%2C63%2C63%2C63%23&quot;)" computerName="V020705" duration="00:00:00.0001330" startTime="2025-04-30T09:15:17.7157483+02:00" endTime="2025-04-30T09:15:17.7158814+02:00" testType="13cdc9d9-ddb5-4fa4-a97d-d965ccfc6d4b" outcome="Passed" testListId="8c84fa94-04c1-424b-9868-57a2d4851a1d" relativeResultsDirectory="62660b53-e612-4661-932d-cfd70d16db37" />
    <UnitTestResult executionId="054590fc-a431-4cc9-b34c-d2a85586dc21" testId="99e17e04-7fb9-0a0a-b24a-5707d0fe8f9c" testName="Should_Return_Bad_Request(&quot;/Account/Login?ReturnUrl=-6641%25%27%20UNION%20ALL%20SELECT%20NULL%2CNULL%2CNULL%2CNULL%2CNULL%2CNULL%2CNULL%2C%27qqqjq%27%7C%7C%27EtkJOeuZwV%27%7C%7C%27qkqkq%27%2CNULL%2CNULL--%20rGps&quot;)" computerName="V020705" duration="00:00:00.0013570" startTime="2025-04-30T09:15:17.6815337+02:00" endTime="2025-04-30T09:15:17.6828904+02:00" testType="13cdc9d9-ddb5-4fa4-a97d-d965ccfc6d4b" outcome="Passed" testListId="8c84fa94-04c1-424b-9868-57a2d4851a1d" relativeResultsDirectory="054590fc-a431-4cc9-b34c-d2a85586dc21" />
    <UnitTestResult executionId="5bda2e5d-b2cd-4929-ae41-fc9b074d83be" testId="034ef28a-f6a6-254f-c0a6-d63ab70a7f70" testName="Updates_Existing_Users_Claims_Via_AzureAD" computerName="V020705" duration="00:00:00.0389260" startTime="2025-04-30T09:13:54.2038681+02:00" endTime="2025-04-30T09:13:54.2427925+02:00" testType="13cdc9d9-ddb5-4fa4-a97d-d965ccfc6d4b" outcome="Passed" testListId="8c84fa94-04c1-424b-9868-57a2d4851a1d" relativeResultsDirectory="5bda2e5d-b2cd-4929-ae41-fc9b074d83be" />
    <UnitTestResult executionId="0d834f27-08de-4f90-8eae-83e01def20f8" testId="4282eefe-6df0-0aa8-f48d-cbcc526368f0" testName="Should_Return_Bad_Request(&quot;/Account/Login?ReturnUrl=-4721%27%20UNION%20ALL%20SELECT%2063%2C63%2C63%23&quot;)" computerName="V020705" duration="00:00:00.0001689" startTime="2025-04-30T09:15:17.6898657+02:00" endTime="2025-04-30T09:15:17.6900349+02:00" testType="13cdc9d9-ddb5-4fa4-a97d-d965ccfc6d4b" outcome="Passed" testListId="8c84fa94-04c1-424b-9868-57a2d4851a1d" relativeResultsDirectory="0d834f27-08de-4f90-8eae-83e01def20f8" />
    <UnitTestResult executionId="a3b2978e-4506-4850-aee9-50674ddc1437" testId="93656714-6626-fb72-b7b8-0ddb5a424c60" testName="Should_Return_Bad_Request(&quot;/Account/Login?ReturnUrl=-6979%27%29%20UNION%20ALL%20SELECT%2063%2C63%23&quot;)" computerName="V020705" duration="00:00:00.0002380" startTime="2025-04-30T09:15:17.6876109+02:00" endTime="2025-04-30T09:15:17.6878485+02:00" testType="13cdc9d9-ddb5-4fa4-a97d-d965ccfc6d4b" outcome="Passed" testListId="8c84fa94-04c1-424b-9868-57a2d4851a1d" relativeResultsDirectory="a3b2978e-4506-4850-aee9-50674ddc1437" />
    <UnitTestResult executionId="ed10da8f-e85e-4b58-b7c3-8793f8b58bae" testId="833dcbe4-f0ff-88ae-b9c0-db6198a833b2" testName="Returns_New_User_When_Only_Email_Was_Given" computerName="V020705" duration="00:00:00.0140640" startTime="2025-04-30T09:13:23.6519276+02:00" endTime="2025-04-30T09:13:23.6659911+02:00" testType="13cdc9d9-ddb5-4fa4-a97d-d965ccfc6d4b" outcome="Passed" testListId="8c84fa94-04c1-424b-9868-57a2d4851a1d" relativeResultsDirectory="ed10da8f-e85e-4b58-b7c3-8793f8b58bae" />
    <UnitTestResult executionId="4948763c-4488-440c-8d48-19d6f932a4f4" testId="8072a877-4ce2-a367-8767-fb309ad6db36" testName="Should_Return_Bad_Request(&quot;/Account/Login?ReturnUrl=-1925%27%29%20UNION%20ALL%20SELECT%20%27qqqjq%27%7C%7C%27KIxHyOCneOPijrlcxDIpHjSLEBWCsnXHEtFbrGMs%27%7C%7C%27qkqkq%27%2CNULL%2CNULL%2CNULL%2CNULL%2CNULL%2CNULL%2CNULL--%20gkGc&quot;)" computerName="V020705" duration="00:00:00.0003010" startTime="2025-04-30T09:15:17.6671715+02:00" endTime="2025-04-30T09:15:17.6674716+02:00" testType="13cdc9d9-ddb5-4fa4-a97d-d965ccfc6d4b" outcome="Passed" testListId="8c84fa94-04c1-424b-9868-57a2d4851a1d" relativeResultsDirectory="4948763c-4488-440c-8d48-19d6f932a4f4" />
    <UnitTestResult executionId="5cfc109a-04ec-4077-8e7f-4c52ffd2e311" testId="e0a04c8d-9b09-35cd-2c4a-640589ce90ab" testName="Returns_AccessDenied_When_Insufficent_Permissions" computerName="V020705" duration="00:00:00.3733570" startTime="2025-04-30T09:14:15.3797816+02:00" endTime="2025-04-30T09:14:15.7531296+02:00" testType="13cdc9d9-ddb5-4fa4-a97d-d965ccfc6d4b" outcome="Passed" testListId="8c84fa94-04c1-424b-9868-57a2d4851a1d" relativeResultsDirectory="5cfc109a-04ec-4077-8e7f-4c52ffd2e311" />
    <UnitTestResult executionId="f615dbc0-4d49-4549-9858-39ce4f317be5" testId="10822486-5613-712f-753d-b793e90e3e4e" testName="Does_Not_Throw_On_Empty_Import_Directory" computerName="V020705" duration="00:00:00.0015750" startTime="2025-04-30T09:14:24.2791914+02:00" endTime="2025-04-30T09:14:24.2807659+02:00" testType="13cdc9d9-ddb5-4fa4-a97d-d965ccfc6d4b" outcome="Passed" testListId="8c84fa94-04c1-424b-9868-57a2d4851a1d" relativeResultsDirectory="f615dbc0-4d49-4549-9858-39ce4f317be5" />
    <UnitTestResult executionId="3a401890-e3fa-4edb-8bff-59d0340ef574" testId="a2445d27-87a0-f54f-9806-d9478d50a912" testName="Returns_Forbidden_When_Scope_Is_Not_Valid" computerName="V020705" duration="00:00:00.0097590" startTime="2025-04-30T09:13:51.8834273+02:00" endTime="2025-04-30T09:13:51.8931856+02:00" testType="13cdc9d9-ddb5-4fa4-a97d-d965ccfc6d4b" outcome="Passed" testListId="8c84fa94-04c1-424b-9868-57a2d4851a1d" relativeResultsDirectory="3a401890-e3fa-4edb-8bff-59d0340ef574" />
    <UnitTestResult executionId="169eeb93-6fd7-402f-963b-2b565b46a613" testId="4ed60e03-01ea-6d16-8049-7c85b7fcfb38" testName="Should_Return_Bad_Request(&quot;/Account/Login?ReturnUrl=-8118%27%20UNION%20ALL%20SELECT%2063%2C63%2C63%2C63%2C63%23&quot;)" computerName="V020705" duration="00:00:00.0001670" startTime="2025-04-30T09:15:17.6902091+02:00" endTime="2025-04-30T09:15:17.6903760+02:00" testType="13cdc9d9-ddb5-4fa4-a97d-d965ccfc6d4b" outcome="Passed" testListId="8c84fa94-04c1-424b-9868-57a2d4851a1d" relativeResultsDirectory="169eeb93-6fd7-402f-963b-2b565b46a613" />
    <UnitTestResult executionId="9d902c38-fec1-452b-a950-f61c4e05d8f8" testId="fb35d0bb-5a8d-096d-7b61-9fb390e2f9a5" testName="Can_Return_LoginProvider_Metadata" computerName="V020705" duration="00:00:00.0264800" startTime="2025-04-30T09:14:25.6552878+02:00" endTime="2025-04-30T09:14:25.6817666+02:00" testType="13cdc9d9-ddb5-4fa4-a97d-d965ccfc6d4b" outcome="Passed" testListId="8c84fa94-04c1-424b-9868-57a2d4851a1d" relativeResultsDirectory="9d902c38-fec1-452b-a950-f61c4e05d8f8" />
    <UnitTestResult executionId="8796ffc4-8ed7-4511-ba52-507b8b1d0d03" testId="80c5ed7a-1f86-279e-0d1c-89b2a2bd0493" testName="Can_Be_Called_With_UserName_V3" computerName="V020705" duration="00:00:00.0157050" startTime="2025-04-30T09:13:46.0643295+02:00" endTime="2025-04-30T09:13:46.0800334+02:00" testType="13cdc9d9-ddb5-4fa4-a97d-d965ccfc6d4b" outcome="Passed" testListId="8c84fa94-04c1-424b-9868-57a2d4851a1d" relativeResultsDirectory="8796ffc4-8ed7-4511-ba52-507b8b1d0d03" />
    <UnitTestResult executionId="385ca9f4-525f-43f0-83aa-a063203b267f" testId="dfa1f390-cef9-2aa5-4518-c78b8336ab29" testName="Should_Return_Bad_Request_For_Posts(&quot;/Account/Login?ReturnUrl=-4263%20UNION%20ALL%20SELECT%2063%2C63%23&quot;)" computerName="V020705" duration="00:00:00.0015730" startTime="2025-04-30T09:15:17.7191458+02:00" endTime="2025-04-30T09:15:17.7207190+02:00" testType="13cdc9d9-ddb5-4fa4-a97d-d965ccfc6d4b" outcome="Passed" testListId="8c84fa94-04c1-424b-9868-57a2d4851a1d" relativeResultsDirectory="385ca9f4-525f-43f0-83aa-a063203b267f" />
    <UnitTestResult executionId="fceb923c-fe16-4a2f-b182-d3f09a901f35" testId="ed455bfc-c11d-1302-39a1-efbf1d3eb764" testName="Should_Return_Bad_Request_For_Posts(&quot;/Account/Login?ReturnUrl=-9926%25%27%20UNION%20ALL%20SELECT%20%27qqqjq%27%7C%7C%27zMFMfGpdyq%27%7C%7C%27qkqkq%27%2CNULL%2CNULL%2CNULL%2CNULL%2CNULL%2CNULL%2CNULL%2CNULL%2CNULL--%20AraL&quot;)" computerName="V020705" duration="00:00:00.0001240" startTime="2025-04-30T09:15:17.7095488+02:00" endTime="2025-04-30T09:15:17.7096728+02:00" testType="13cdc9d9-ddb5-4fa4-a97d-d965ccfc6d4b" outcome="Passed" testListId="8c84fa94-04c1-424b-9868-57a2d4851a1d" relativeResultsDirectory="fceb923c-fe16-4a2f-b182-d3f09a901f35" />
    <UnitTestResult executionId="01cfc69a-3b86-41d2-a159-ab45fa9f8480" testId="fba1b6c6-e6e6-f4b5-e966-383bd13eb6bd" testName="Returns_Found_User_With_All_Properties" computerName="V020705" duration="00:00:00.0825550" startTime="2025-04-30T09:15:34.3076917+02:00" endTime="2025-04-30T09:15:34.3902451+02:00" testType="13cdc9d9-ddb5-4fa4-a97d-d965ccfc6d4b" outcome="Passed" testListId="8c84fa94-04c1-424b-9868-57a2d4851a1d" relativeResultsDirectory="01cfc69a-3b86-41d2-a159-ab45fa9f8480" />
    <UnitTestResult executionId="425ae0fb-e0a4-4a03-a382-7d2ed0a55f64" testId="9a87d413-c6b3-9ad7-7032-29cd0562cb72" testName="Should_Return_Bad_Request(&quot;/Account/Login?ReturnUrl=-6870%27%29%20UNION%20ALL%20SELECT%20NULL%2CNULL%2CNULL%2CNULL%2CNULL%2C%27qqqjq%27%7C%7C%27ZwoQylpQOz%27%7C%7C%27qkqkq%27%2CNULL%2CNULL--%20nPgu&quot;)" computerName="V020705" duration="00:00:00.0003740" startTime="2025-04-30T09:15:17.6706178+02:00" endTime="2025-04-30T09:15:17.6709920+02:00" testType="13cdc9d9-ddb5-4fa4-a97d-d965ccfc6d4b" outcome="Passed" testListId="8c84fa94-04c1-424b-9868-57a2d4851a1d" relativeResultsDirectory="425ae0fb-e0a4-4a03-a382-7d2ed0a55f64" />
    <UnitTestResult executionId="0a86d2e0-afda-4be6-b018-14256e70a5d5" testId="1f742154-6861-6578-9414-0e9a3eece60e" testName="Should_Return_Bad_Request(&quot;/Account/Login?ReturnUrl=-2065%25%27%20UNION%20ALL%20SELECT%2063%2C63%2C63%2C63%2C63%2C63%2C63%23&quot;)" computerName="V020705" duration="00:00:00.0001150" startTime="2025-04-30T09:15:17.6921308+02:00" endTime="2025-04-30T09:15:17.6922462+02:00" testType="13cdc9d9-ddb5-4fa4-a97d-d965ccfc6d4b" outcome="Passed" testListId="8c84fa94-04c1-424b-9868-57a2d4851a1d" relativeResultsDirectory="0a86d2e0-afda-4be6-b018-14256e70a5d5" />
    <UnitTestResult executionId="0bb69664-e8d9-4786-862a-a49b046699a3" testId="346a06e8-264a-f2f0-f29c-725865e4afb7" testName="Should_Return_Bad_Request_For_Posts(&quot;/Account/Login?ReturnUrl=-6870%27%29%20UNION%20ALL%20SELECT%20NULL%2CNULL%2CNULL%2CNULL%2CNULL%2C%27qqqjq%27%7C%7C%27ZwoQylpQOz%27%7C%7C%27qkqkq%27%2CNULL%2CNULL--%20nPgu&quot;)" computerName="V020705" duration="00:00:00.0001280" startTime="2025-04-30T09:15:17.7031810+02:00" endTime="2025-04-30T09:15:17.7033091+02:00" testType="13cdc9d9-ddb5-4fa4-a97d-d965ccfc6d4b" outcome="Passed" testListId="8c84fa94-04c1-424b-9868-57a2d4851a1d" relativeResultsDirectory="0bb69664-e8d9-4786-862a-a49b046699a3" />
    <UnitTestResult executionId="5214ad0e-42bb-42fd-9478-305cfb54e777" testId="baf93a6c-301d-2e66-c971-d67ed7e2f83a" testName="Should_Return_Bad_Request(&quot;/Account/Login?ReturnUrl=-4002%25%27%20UNION%20ALL%20SELECT%20NULL%2CNULL%2CNULL%2C%27qqqjq%27%7C%7C%27frUklYEMDw%27%7C%7C%27qkqkq%27%2CNULL%2CNULL%2CNULL%2CNULL%2CNULL%2CNULL--%20wXIx&quot;)" computerName="V020705" duration="00:00:00.0002120" startTime="2025-04-30T09:15:17.6828964+02:00" endTime="2025-04-30T09:15:17.6831083+02:00" testType="13cdc9d9-ddb5-4fa4-a97d-d965ccfc6d4b" outcome="Passed" testListId="8c84fa94-04c1-424b-9868-57a2d4851a1d" relativeResultsDirectory="5214ad0e-42bb-42fd-9478-305cfb54e777" />
    <UnitTestResult executionId="71296b6f-fa11-4868-bad4-5d9a477dec49" testId="f68d4791-0915-e353-4209-2a4498755aee" testName="Returns_False_For_Weak_Password(&quot;password&quot;)" computerName="V020705" duration="00:00:00.0094220" startTime="2025-04-30T09:12:56.2077752+02:00" endTime="2025-04-30T09:12:56.2171969+02:00" testType="13cdc9d9-ddb5-4fa4-a97d-d965ccfc6d4b" outcome="Passed" testListId="8c84fa94-04c1-424b-9868-57a2d4851a1d" relativeResultsDirectory="71296b6f-fa11-4868-bad4-5d9a477dec49" />
    <UnitTestResult executionId="1d3c555e-2662-4187-a31a-bfd9e44c7213" testId="71d7e133-8ecf-861e-c62c-fb338ed22887" testName="Returns_Api_Operations" computerName="V020705" duration="00:00:00.1539090" startTime="2025-04-30T09:13:01.8472509+02:00" endTime="2025-04-30T09:13:02.0011556+02:00" testType="13cdc9d9-ddb5-4fa4-a97d-d965ccfc6d4b" outcome="Passed" testListId="8c84fa94-04c1-424b-9868-57a2d4851a1d" relativeResultsDirectory="1d3c555e-2662-4187-a31a-bfd9e44c7213" />
    <UnitTestResult executionId="da89d47e-1ef5-482b-8624-8fb2a21d09fe" testId="4fa6929e-1f20-12f7-92d3-ae61d5ba1aab" testName="Returns_An_IsError_TokenResult_For_Invalid_Client_Secret" computerName="V020705" duration="00:00:00.0032420" startTime="2025-04-30T09:14:36.1195073+02:00" endTime="2025-04-30T09:14:36.1227489+02:00" testType="13cdc9d9-ddb5-4fa4-a97d-d965ccfc6d4b" outcome="Passed" testListId="8c84fa94-04c1-424b-9868-57a2d4851a1d" relativeResultsDirectory="da89d47e-1ef5-482b-8624-8fb2a21d09fe" />
    <UnitTestResult executionId="f9e67758-611d-448a-829e-9d430e169854" testId="168bdac7-ed76-0c99-ba1a-1ee5b2fb09eb" testName="Should_Return_Bad_Request_For_Posts(&quot;/Account/Login?ReturnUrl=-4963%27%29%20UNION%20ALL%20SELECT%20NULL%2C%27qqqjq%27%7C%7C%27EgxvZACSTRhenboNBEGBKvLzvaeCJCZRPaoHjmIC%27%7C%7C%27qkqkq%27%2CNULL%2CNULL%2CNULL%2CNULL%2CNULL%2CNULL--%20Yhfy&quot;)" computerName="V020705" duration="00:00:00.0001299" startTime="2025-04-30T09:15:17.7026350+02:00" endTime="2025-04-30T09:15:17.7027645+02:00" testType="13cdc9d9-ddb5-4fa4-a97d-d965ccfc6d4b" outcome="Passed" testListId="8c84fa94-04c1-424b-9868-57a2d4851a1d" relativeResultsDirectory="f9e67758-611d-448a-829e-9d430e169854" />
    <UnitTestResult executionId="68e3aa6c-571e-40a7-8981-6b0ba53b1f0f" testId="c3d1cbe1-843e-8338-2b87-86070a2c1686" testName="EDGE_80_WIN" computerName="V020705" duration="00:00:00.1181590" startTime="2025-04-30T09:14:20.5614284+02:00" endTime="2025-04-30T09:14:20.6795848+02:00" testType="13cdc9d9-ddb5-4fa4-a97d-d965ccfc6d4b" outcome="Passed" testListId="8c84fa94-04c1-424b-9868-57a2d4851a1d" relativeResultsDirectory="68e3aa6c-571e-40a7-8981-6b0ba53b1f0f" />
    <UnitTestResult executionId="213b9967-135e-4c1e-82d9-57392d4fb416" testId="40d08105-b5ba-a355-5271-fb7b67b6c196" testName="Should_Return_Bad_Request_For_Posts(&quot;/Account/Login?ReturnUrl=-5014%25%27%20UNION%20ALL%20SELECT%20NULL%2CNULL%2CNULL%2C%27qqqjq%27%7C%7C%27kUFcmXNEkeOpKSyUKjpILAGxPlyyxMdmYckCDLnT%27%7C%7C%27qkqkq%27%2CNULL%2CNULL%2CNULL%2CNULL%2CNULL%2CNULL--%20IFmi&quot;)" computerName="V020705" duration="00:00:00.0001220" startTime="2025-04-30T09:15:17.7073469+02:00" endTime="2025-04-30T09:15:17.7074691+02:00" testType="13cdc9d9-ddb5-4fa4-a97d-d965ccfc6d4b" outcome="Passed" testListId="8c84fa94-04c1-424b-9868-57a2d4851a1d" relativeResultsDirectory="213b9967-135e-4c1e-82d9-57392d4fb416" />
    <UnitTestResult executionId="ac3afdee-ce06-49d7-87b3-ef73a2da97f5" testId="12ffe511-80a0-52b6-10ce-221b8ca4aae8" testName="Can_Login_With_Username_And_Password" computerName="V020705" duration="00:00:00.4384190" startTime="2025-04-30T09:13:52.3585764+02:00" endTime="2025-04-30T09:13:52.7969853+02:00" testType="13cdc9d9-ddb5-4fa4-a97d-d965ccfc6d4b" outcome="Passed" testListId="8c84fa94-04c1-424b-9868-57a2d4851a1d" relativeResultsDirectory="ac3afdee-ce06-49d7-87b3-ef73a2da97f5" />
    <UnitTestResult executionId="fe03e9e6-a55d-4d57-a3df-86416eb00b98" testId="4fd6fb4c-863d-f8cd-f812-225910ffdefc" testName="Should_Return_Bad_Request(&quot;/Account/Login?ReturnUrl=-3174%27%20UNION%20ALL%20SELECT%2063%2C63%2C63%2C63%2C63%2C63%2C63%2C63%23&quot;)" computerName="V020705" duration="00:00:00.0001820" startTime="2025-04-30T09:15:17.6906695+02:00" endTime="2025-04-30T09:15:17.6908516+02:00" testType="13cdc9d9-ddb5-4fa4-a97d-d965ccfc6d4b" outcome="Passed" testListId="8c84fa94-04c1-424b-9868-57a2d4851a1d" relativeResultsDirectory="fe03e9e6-a55d-4d57-a3df-86416eb00b98" />
    <UnitTestResult executionId="95c3e9a7-32c7-4345-9939-4078c3e06868" testId="60d4882e-0eb1-2857-5dd3-8731209595a7" testName="Should_Return_Bad_Request_For_Posts(&quot;/Account/Login?ReturnUrl=%28SELECT%20%28CASE%20WHEN%20%287282%3D2714%29%20THEN%207282%20ELSE%207282%2A%28SELECT%207282%20FROM%20INFORMATION_SCHEMA.CHARACTER_SETS%29%20END%29%29&quot;)" computerName="V020705" duration="00:00:00.0061110" startTime="2025-04-30T09:15:17.6947454+02:00" endTime="2025-04-30T09:15:17.7008560+02:00" testType="13cdc9d9-ddb5-4fa4-a97d-d965ccfc6d4b" outcome="Passed" testListId="8c84fa94-04c1-424b-9868-57a2d4851a1d" relativeResultsDirectory="95c3e9a7-32c7-4345-9939-4078c3e06868" />
    <UnitTestResult executionId="e0aab919-3668-484a-829a-2cc7fc08f8a9" testId="6ce1d546-6d7e-5acc-a7db-612bdfe1b4cf" testName="Should_Return_Bad_Request_For_Posts(&quot;/Account/Login?ReturnUrl=-6979%27%29%20UNION%20ALL%20SELECT%2063%2C63%23&quot;)" computerName="V020705" duration="00:00:00.0001250" startTime="2025-04-30T09:15:17.7138428+02:00" endTime="2025-04-30T09:15:17.7139674+02:00" testType="13cdc9d9-ddb5-4fa4-a97d-d965ccfc6d4b" outcome="Passed" testListId="8c84fa94-04c1-424b-9868-57a2d4851a1d" relativeResultsDirectory="e0aab919-3668-484a-829a-2cc7fc08f8a9" />
    <UnitTestResult executionId="3fcbf5c6-9d47-4868-8fc4-d1950b139855" testId="cc968c06-abd9-a3c7-ba17-62116c41d074" testName="Returns_Ok_When_Using_UsersApi_Scope(&quot;/api/v1.0/users/&quot;,&quot;test.employee@test.com&quot;)" computerName="V020705" duration="00:00:00.0154720" startTime="2025-04-30T09:13:34.5985458+02:00" endTime="2025-04-30T09:13:34.6140167+02:00" testType="13cdc9d9-ddb5-4fa4-a97d-d965ccfc6d4b" outcome="Passed" testListId="8c84fa94-04c1-424b-9868-57a2d4851a1d" relativeResultsDirectory="3fcbf5c6-9d47-4868-8fc4-d1950b139855" />
    <UnitTestResult executionId="d3731884-4ecb-483a-8705-f3b56d64363c" testId="7a6429b5-bc6b-18ab-0cf2-05c5b08e51d2" testName="Should_Return_Bad_Request(&quot;/Account/Login?ReturnUrl=-8871%25%27%20ORDER%20BY%201%23&quot;)" computerName="V020705" duration="00:00:00.0001170" startTime="2025-04-30T09:15:17.6911452+02:00" endTime="2025-04-30T09:15:17.6912621+02:00" testType="13cdc9d9-ddb5-4fa4-a97d-d965ccfc6d4b" outcome="Passed" testListId="8c84fa94-04c1-424b-9868-57a2d4851a1d" relativeResultsDirectory="d3731884-4ecb-483a-8705-f3b56d64363c" />
    <UnitTestResult executionId="4a216442-5dc7-4e89-b68d-5e286c2a4177" testId="7591c074-9cd8-3c7d-e6a8-c2df4243fa16" testName="Should_Return_Bad_Request(&quot;/Account/Login?ReturnUrl=-5515%27%29%20UNION%20ALL%20SELECT%2063%2C63%2C63%2C63%2C63%2C%27qqqjq%27%7C%7C%27JLVkePqtfS%27%7C%7C%27qkqkq%27%2C63%2C63--%20XgQQ&quot;)" computerName="V020705" duration="00:00:00.0001800" startTime="2025-04-30T09:15:17.6774707+02:00" endTime="2025-04-30T09:15:17.6776502+02:00" testType="13cdc9d9-ddb5-4fa4-a97d-d965ccfc6d4b" outcome="Passed" testListId="8c84fa94-04c1-424b-9868-57a2d4851a1d" relativeResultsDirectory="4a216442-5dc7-4e89-b68d-5e286c2a4177" />
    <UnitTestResult executionId="61a7e116-5492-46ee-b7b5-890e9e09cde6" testId="a605ccf7-a496-070e-2d7c-96a16cb211db" testName="Should_Return_Bad_Request_For_Posts(&quot;/Account/Login?ReturnUrl=-7346%25%27%20UNION%20ALL%20SELECT%20NULL%2CNULL%2CNULL%2CNULL%2CNULL%2CNULL%2CNULL%2CNULL%2CNULL%2C%27qqqjq%27%7C%7C%27yDNFyVzIOvOWAYHmTlQYhNNdIbkMyMbCJdsmnnyb%27%7C%7C%27qkqkq%27--%20kDsO&quot;)" computerName="V020705" duration="00:00:00.0001370" startTime="2025-04-30T09:15:17.7066930+02:00" endTime="2025-04-30T09:15:17.7068301+02:00" testType="13cdc9d9-ddb5-4fa4-a97d-d965ccfc6d4b" outcome="Passed" testListId="8c84fa94-04c1-424b-9868-57a2d4851a1d" relativeResultsDirectory="61a7e116-5492-46ee-b7b5-890e9e09cde6" />
    <UnitTestResult executionId="95e2ed04-bd52-4c71-93ff-35532ca18678" testId="fb445222-bdd6-560a-35fc-528236a75eb3" testName="Should_Return_Bad_Request(&quot;/Account/Login?ReturnUrl=-9320%20UNION%20ALL%20SELECT%2063%2C63%2C63%2C63%2C63%2C63%2C63%23&quot;)" computerName="V020705" duration="00:00:00.0001180" startTime="2025-04-30T09:15:17.6865908+02:00" endTime="2025-04-30T09:15:17.6867084+02:00" testType="13cdc9d9-ddb5-4fa4-a97d-d965ccfc6d4b" outcome="Passed" testListId="8c84fa94-04c1-424b-9868-57a2d4851a1d" relativeResultsDirectory="95e2ed04-bd52-4c71-93ff-35532ca18678" />
    <UnitTestResult executionId="32e7716a-164d-4bb3-ad4a-b6181eabe8f3" testId="473feee2-6634-1b7c-58da-ae579e737838" testName="Returns_Valid_View" computerName="V020705" duration="00:00:00.0674510" startTime="2025-04-30T09:13:59.8119321+02:00" endTime="2025-04-30T09:13:59.8793807+02:00" testType="13cdc9d9-ddb5-4fa4-a97d-d965ccfc6d4b" outcome="Passed" testListId="8c84fa94-04c1-424b-9868-57a2d4851a1d" relativeResultsDirectory="32e7716a-164d-4bb3-ad4a-b6181eabe8f3" />
    <UnitTestResult executionId="29b09d8a-ad19-4708-8878-880ffea29a9f" testId="e8aaab42-0bea-237a-5e22-458fa32cc9b0" testName="Should_Return_Bad_Request_For_Posts(&quot;/Account/Login?ReturnUrl=-6070%27%29%20UNION%20ALL%20SELECT%20%27qqqjq%27%7C%7C%27HNyzojVPZh%27%7C%7C%27qkqkq%27%2CNULL%2CNULL%2CNULL%2CNULL%2CNULL%2CNULL%2CNULL--%20GyGw&quot;)" computerName="V020705" duration="00:00:00.0001270" startTime="2025-04-30T09:15:17.7033128+02:00" endTime="2025-04-30T09:15:17.7034396+02:00" testType="13cdc9d9-ddb5-4fa4-a97d-d965ccfc6d4b" outcome="Passed" testListId="8c84fa94-04c1-424b-9868-57a2d4851a1d" relativeResultsDirectory="29b09d8a-ad19-4708-8878-880ffea29a9f" />
    <UnitTestResult executionId="4c4be177-bd87-4c20-9c91-4acd6a4343a4" testId="a116e619-7648-754f-f407-32b958247704" testName="External_User_Can_Login_Successfully_With_Azure" computerName="V020705" duration="00:00:00.1016500" startTime="2025-04-30T09:14:47.5692720+02:00" endTime="2025-04-30T09:14:47.6709191+02:00" testType="13cdc9d9-ddb5-4fa4-a97d-d965ccfc6d4b" outcome="Passed" testListId="8c84fa94-04c1-424b-9868-57a2d4851a1d" relativeResultsDirectory="4c4be177-bd87-4c20-9c91-4acd6a4343a4" />
    <UnitTestResult executionId="13e5512b-3aa1-4fd5-a69f-b3cbd3c588d0" testId="0f1a973f-5c73-215e-4d52-5cd1899691c6" testName="Should_Return_Bad_Request_For_Posts(&quot;/Account/Login?ReturnUrl=-7896%20UNION%20ALL%20SELECT%2063%2C63%2C63%23&quot;)" computerName="V020705" duration="00:00:00.0001450" startTime="2025-04-30T09:15:17.7207241+02:00" endTime="2025-04-30T09:15:17.7208692+02:00" testType="13cdc9d9-ddb5-4fa4-a97d-d965ccfc6d4b" outcome="Passed" testListId="8c84fa94-04c1-424b-9868-57a2d4851a1d" relativeResultsDirectory="13e5512b-3aa1-4fd5-a69f-b3cbd3c588d0" />
    <UnitTestResult executionId="7a2443b8-39c5-4502-8abf-6ee1eb55a32e" testId="90fe66ae-0614-e16e-dd90-d71d9cf4420a" testName="Should_Return_Bad_Request(&quot;/Account/Login?ReturnUrl=-1630%25%27%20UNION%20ALL%20SELECT%20NULL%2CNULL%2CNULL%2CNULL%2CNULL%2CNULL%2CNULL%2C%27qqqjq%27%7C%7C%27GnrWvrRvKAcUuqNbMWwZQMsSkkHYuGjHZpFrWKRU%27%7C%7C%27qkqkq%27%2CNULL%2CNULL--%20eYMm&quot;)" computerName="V020705" duration="00:00:00.0001970" startTime="2025-04-30T09:15:17.6791546+02:00" endTime="2025-04-30T09:15:17.6793516+02:00" testType="13cdc9d9-ddb5-4fa4-a97d-d965ccfc6d4b" outcome="Passed" testListId="8c84fa94-04c1-424b-9868-57a2d4851a1d" relativeResultsDirectory="7a2443b8-39c5-4502-8abf-6ee1eb55a32e" />
    <UnitTestResult executionId="f1e01950-63f5-477d-a8c9-4bf72ba6087a" testId="83e45a16-f635-f150-6c17-563fe2c73a1e" testName="Accepts_Json_That_Is_Also_Used_For_Initialization_Of_Docker_Containers_For_ProtectedResource" computerName="V020705" duration="00:00:05.5204050" startTime="2025-04-30T09:12:45.1611454+02:00" endTime="2025-04-30T09:12:50.6814243+02:00" testType="13cdc9d9-ddb5-4fa4-a97d-d965ccfc6d4b" outcome="Passed" testListId="8c84fa94-04c1-424b-9868-57a2d4851a1d" relativeResultsDirectory="f1e01950-63f5-477d-a8c9-4bf72ba6087a" />
    <UnitTestResult executionId="de7a5646-d6af-4bf3-b024-44a0a416a4d3" testId="05d90b63-1386-d522-40f1-f2643ab40cf2" testName="Returns_BadRequest_If_UserName_Already_Exists" computerName="V020705" duration="00:00:00.0357700" startTime="2025-04-30T09:13:51.8476150+02:00" endTime="2025-04-30T09:13:51.8833844+02:00" testType="13cdc9d9-ddb5-4fa4-a97d-d965ccfc6d4b" outcome="Passed" testListId="8c84fa94-04c1-424b-9868-57a2d4851a1d" relativeResultsDirectory="de7a5646-d6af-4bf3-b024-44a0a416a4d3" />
    <UnitTestResult executionId="09556594-0f0e-4e68-8246-1ee0bf293f55" testId="59241aae-f425-c839-244f-7de0dbc28132" testName="Returns_LoginRequest_When_Not_Logged_In" computerName="V020705" duration="00:00:00.0038420" startTime="2025-04-30T09:14:18.6015934+02:00" endTime="2025-04-30T09:14:18.6054351+02:00" testType="13cdc9d9-ddb5-4fa4-a97d-d965ccfc6d4b" outcome="Passed" testListId="8c84fa94-04c1-424b-9868-57a2d4851a1d" relativeResultsDirectory="09556594-0f0e-4e68-8246-1ee0bf293f55" />
    <UnitTestResult executionId="5cd26097-c2e7-42f7-8e26-7f9ae1211955" testId="379e7fb0-fbca-9174-e7b1-dae3e999eb11" testName="Should_Return_Bad_Request_For_Posts(&quot;/Account/Login?ReturnUrl=-3316%25%27%20UNION%20ALL%20SELECT%20NULL%2CNULL%2CNULL%2CNULL%2CNULL%2CNULL%2CNULL%2CNULL%2C%27qqqjq%27%7C%7C%27kHqVdbPUigmFOqphGtASbRzsNrhdroorbVtzEyjq%27%7C%7C%27qkqkq%27%2CNULL--%20Ppiv&quot;)" computerName="V020705" duration="00:00:00.0001250" startTime="2025-04-30T09:15:17.7070891+02:00" endTime="2025-04-30T09:15:17.7072140+02:00" testType="13cdc9d9-ddb5-4fa4-a97d-d965ccfc6d4b" outcome="Passed" testListId="8c84fa94-04c1-424b-9868-57a2d4851a1d" relativeResultsDirectory="5cd26097-c2e7-42f7-8e26-7f9ae1211955" />
    <UnitTestResult executionId="439827b0-cf91-4e7c-8aac-41b64e35edb1" testId="fe5bbc6e-217a-72d7-4dc2-06ca8f448582" testName="External_User_Can_Logout_Successfully" computerName="V020705" duration="00:00:05.5776610" startTime="2025-04-30T09:14:47.7738192+02:00" endTime="2025-04-30T09:14:53.3513555+02:00" testType="13cdc9d9-ddb5-4fa4-a97d-d965ccfc6d4b" outcome="Passed" testListId="8c84fa94-04c1-424b-9868-57a2d4851a1d" relativeResultsDirectory="439827b0-cf91-4e7c-8aac-41b64e35edb1" />
    <UnitTestResult executionId="8a4625c1-6ae3-4aa9-9c84-43cbbb58e64c" testId="19019f78-31e0-9903-3bc1-26540e1e1d8f" testName="Should_Return_Bad_Request(&quot;/Account/Login?ReturnUrl=%28SELECT%20CHAR%28113%29%2BCHAR%28113%29%2BCHAR%28113%29%2BCHAR%28106%29%2BCHAR%28113%29%2B%28SELECT%20%28CASE%20WHEN%20%282804%3D2804%29%20THEN%20CHAR%2849%29%20ELSE%20CHAR%2848%29%20END%29%29%2BCHAR%28113%29%2BCHAR%28107%29%2BCHAR%28113%29%2BCHAR%28107%29%2BCHAR%28113%29%&quot;)" computerName="V020705" duration="00:00:00.0004010" startTime="2025-04-30T09:15:17.6664506+02:00" endTime="2025-04-30T09:15:17.6668518+02:00" testType="13cdc9d9-ddb5-4fa4-a97d-d965ccfc6d4b" outcome="Passed" testListId="8c84fa94-04c1-424b-9868-57a2d4851a1d" relativeResultsDirectory="8a4625c1-6ae3-4aa9-9c84-43cbbb58e64c" />
    <UnitTestResult executionId="84af22e1-d23b-45f1-9270-42af477d1a82" testId="ba00db06-87b1-e8de-ac25-4a95e7b556da" testName="Allows_Cors_For_Configured_Domains(&quot;https://integrationtest2.com&quot;,&quot;/connect/token&quot;)" computerName="V020705" duration="00:00:00.0023560" startTime="2025-04-30T09:15:17.1910186+02:00" endTime="2025-04-30T09:15:17.1933747+02:00" testType="13cdc9d9-ddb5-4fa4-a97d-d965ccfc6d4b" outcome="Passed" testListId="8c84fa94-04c1-424b-9868-57a2d4851a1d" relativeResultsDirectory="84af22e1-d23b-45f1-9270-42af477d1a82" />
    <UnitTestResult executionId="62552cd4-7f51-4e46-a130-8672b1f44872" testId="e79acf17-3359-a11b-1a80-e6f5db86549c" testName="Returns_Unauthorized_When_Not_Logged_In(&quot;/api/v1.0/import/client&quot;)" computerName="V020705" duration="00:00:00.0085159" startTime="2025-04-30T09:12:45.1516685+02:00" endTime="2025-04-30T09:12:45.1601840+02:00" testType="13cdc9d9-ddb5-4fa4-a97d-d965ccfc6d4b" outcome="Passed" testListId="8c84fa94-04c1-424b-9868-57a2d4851a1d" relativeResultsDirectory="62552cd4-7f51-4e46-a130-8672b1f44872" />
    <UnitTestResult executionId="2c789871-bde9-4747-9a01-203140f8da8a" testId="af1a2b29-a331-d591-e302-488b732af050" testName="Updates_An_Existing_User_Via_Patch" computerName="V020705" duration="00:00:00.0155410" startTime="2025-04-30T09:15:39.9600016+02:00" endTime="2025-04-30T09:15:39.9755418+02:00" testType="13cdc9d9-ddb5-4fa4-a97d-d965ccfc6d4b" outcome="Passed" testListId="8c84fa94-04c1-424b-9868-57a2d4851a1d" relativeResultsDirectory="2c789871-bde9-4747-9a01-203140f8da8a" />
    <UnitTestResult executionId="43a104d5-5d21-4e25-9a16-be75cad7039a" testId="27445f14-8b5f-a165-c493-b7da2f5a36b6" testName="Should_Return_Bad_Request_For_Posts(&quot;/Account/Login?ReturnUrl=-8373%27%29%20UNION%20ALL%20SELECT%20NULL%2C%27qqqjq%27%7C%7C%27pWBBOrbAbA%27%7C%7C%27qkqkq%27%2CNULL%2CNULL%2CNULL%2CNULL%2CNULL%2CNULL--%20SlPH&quot;)" computerName="V020705" duration="00:00:00.0001310" startTime="2025-04-30T09:15:17.7036952+02:00" endTime="2025-04-30T09:15:17.7038262+02:00" testType="13cdc9d9-ddb5-4fa4-a97d-d965ccfc6d4b" outcome="Passed" testListId="8c84fa94-04c1-424b-9868-57a2d4851a1d" relativeResultsDirectory="43a104d5-5d21-4e25-9a16-be75cad7039a" />
    <UnitTestResult executionId="3fe9c696-2e10-4f7e-851c-76bfbb15b95b" testId="75419b35-dc91-9671-fbf3-be8565de2714" testName="Returns_Updated_User" computerName="V020705" duration="00:00:00.0210430" startTime="2025-04-30T09:13:51.9057229+02:00" endTime="2025-04-30T09:13:51.9267648+02:00" testType="13cdc9d9-ddb5-4fa4-a97d-d965ccfc6d4b" outcome="Passed" testListId="8c84fa94-04c1-424b-9868-57a2d4851a1d" relativeResultsDirectory="3fe9c696-2e10-4f7e-851c-76bfbb15b95b" />
    <UnitTestResult executionId="84b4b71e-5aab-4be3-977a-298bc81a01df" testId="21b2066e-ba5a-adf8-4260-948c2c058cc6" testName="Should_Return_Bad_Request_For_Posts(&quot;/Account/Login?ReturnUrl=-7360%20UNION%20ALL%20SELECT%2063%2C63%2C63%2C63%23&quot;)" computerName="V020705" duration="00:00:00.0001280" startTime="2025-04-30T09:15:17.7208733+02:00" endTime="2025-04-30T09:15:17.7210013+02:00" testType="13cdc9d9-ddb5-4fa4-a97d-d965ccfc6d4b" outcome="Passed" testListId="8c84fa94-04c1-424b-9868-57a2d4851a1d" relativeResultsDirectory="84b4b71e-5aab-4be3-977a-298bc81a01df" />
    <UnitTestResult executionId="1c84d7fd-5bd5-4a00-86fd-d98c62e7f830" testId="8a04d347-559d-dbb1-aab2-93ff26985f69" testName="Returns_CSP_Headers" computerName="V020705" duration="00:00:00.2271940" startTime="2025-04-30T09:15:46.3833340+02:00" endTime="2025-04-30T09:15:46.6105218+02:00" testType="13cdc9d9-ddb5-4fa4-a97d-d965ccfc6d4b" outcome="Passed" testListId="8c84fa94-04c1-424b-9868-57a2d4851a1d" relativeResultsDirectory="1c84d7fd-5bd5-4a00-86fd-d98c62e7f830" />
    <UnitTestResult executionId="ec97ab85-3eba-44bb-ac2b-8f58e54e2515" testId="c64493c0-cebb-3162-1020-dc67b8c54e04" testName="Should_Return_Bad_Request(&quot;/Account/Login?ReturnUrl=-7936%25%27%20UNION%20ALL%20SELECT%2063%2C63%2C63%2C63%2C63%2C63%2C63%2C63%2C63%2C63%23&quot;)" computerName="V020705" duration="00:00:00.0002560" startTime="2025-04-30T09:15:17.6929264+02:00" endTime="2025-04-30T09:15:17.6931823+02:00" testType="13cdc9d9-ddb5-4fa4-a97d-d965ccfc6d4b" outcome="Passed" testListId="8c84fa94-04c1-424b-9868-57a2d4851a1d" relativeResultsDirectory="ec97ab85-3eba-44bb-ac2b-8f58e54e2515" />
    <UnitTestResult executionId="548fb566-c68f-48c8-9676-f1bbca0f5af2" testId="d8f70ef9-920b-5c8f-06be-6980bce81dfb" testName="Should_Return_Bad_Request(&quot;/Account/Login?ReturnUrl=-3039%27%20UNION%20ALL%20SELECT%2063%2C63%2C63%2C63%23&quot;)" computerName="V020705" duration="00:00:00.0001670" startTime="2025-04-30T09:15:17.6900394+02:00" endTime="2025-04-30T09:15:17.6902062+02:00" testType="13cdc9d9-ddb5-4fa4-a97d-d965ccfc6d4b" outcome="Passed" testListId="8c84fa94-04c1-424b-9868-57a2d4851a1d" relativeResultsDirectory="548fb566-c68f-48c8-9676-f1bbca0f5af2" />
    <UnitTestResult executionId="165c3db5-21bc-489b-8513-a280448a5e31" testId="e631db54-a4d9-ebe5-0623-54192d39abba" testName="Should_Return_Bad_Request(&quot;/Account/Login?ReturnUrl=-2662%25%27%20UNION%20ALL%20SELECT%2063%2C63%2C63%2C63%2C63%23&quot;)" computerName="V020705" duration="00:00:00.0001180" startTime="2025-04-30T09:15:17.6918400+02:00" endTime="2025-04-30T09:15:17.6919581+02:00" testType="13cdc9d9-ddb5-4fa4-a97d-d965ccfc6d4b" outcome="Passed" testListId="8c84fa94-04c1-424b-9868-57a2d4851a1d" relativeResultsDirectory="165c3db5-21bc-489b-8513-a280448a5e31" />
    <UnitTestResult executionId="6441fbdc-d1ed-4426-a436-1706114ae750" testId="967b1eaf-7981-cfd5-a513-e7c8c68292c7" testName="Can_Login" computerName="V020705" duration="00:00:00.3680069" startTime="2025-04-30T09:14:24.2829723+02:00" endTime="2025-04-30T09:14:24.6509707+02:00" testType="13cdc9d9-ddb5-4fa4-a97d-d965ccfc6d4b" outcome="Passed" testListId="8c84fa94-04c1-424b-9868-57a2d4851a1d" relativeResultsDirectory="6441fbdc-d1ed-4426-a436-1706114ae750" />
    <UnitTestResult executionId="1d76a4ac-8018-4f6b-8902-4c2b2c131bca" testId="6a2ad398-163f-5780-74bc-df4eb9dc1499" testName="ANDROID_S9" computerName="V020705" duration="00:00:00.1184420" startTime="2025-04-30T09:14:21.7403950+02:00" endTime="2025-04-30T09:14:21.8588340+02:00" testType="13cdc9d9-ddb5-4fa4-a97d-d965ccfc6d4b" outcome="Passed" testListId="8c84fa94-04c1-424b-9868-57a2d4851a1d" relativeResultsDirectory="1d76a4ac-8018-4f6b-8902-4c2b2c131bca" />
    <UnitTestResult executionId="97ab9299-6fc1-4d9e-a4c4-e766037fe46f" testId="0cb1a4ee-873b-32d2-1b2d-73480a78836f" testName="Returned_Html_Form_Contains_Correct_Input_Length_Constraints" computerName="V020705" duration="00:00:00.0244410" startTime="2025-04-30T09:13:53.6153889+02:00" endTime="2025-04-30T09:13:53.6398287+02:00" testType="13cdc9d9-ddb5-4fa4-a97d-d965ccfc6d4b" outcome="Passed" testListId="8c84fa94-04c1-424b-9868-57a2d4851a1d" relativeResultsDirectory="97ab9299-6fc1-4d9e-a4c4-e766037fe46f" />
    <UnitTestResult executionId="03038862-c668-4688-9b77-435dc77c59c0" testId="4f772c6d-6e64-15de-49c3-9864cd8591e0" testName="Can_Import_Users_With_Roles" computerName="V020705" duration="00:00:00.0372090" startTime="2025-04-30T09:14:22.8296605+02:00" endTime="2025-04-30T09:14:22.8668688+02:00" testType="13cdc9d9-ddb5-4fa4-a97d-d965ccfc6d4b" outcome="Passed" testListId="8c84fa94-04c1-424b-9868-57a2d4851a1d" relativeResultsDirectory="03038862-c668-4688-9b77-435dc77c59c0" />
    <UnitTestResult executionId="e22b7745-6c3f-4b12-91d6-317ee82e1388" testId="0a4f67ec-ed90-1820-cde8-d03a96637005" testName="Should_Return_Bad_Request_For_Posts(&quot;/Account/Login?ReturnUrl=-3174%27%20UNION%20ALL%20SELECT%2063%2C63%2C63%2C63%2C63%2C63%2C63%2C63%23&quot;)" computerName="V020705" duration="00:00:00.0001200" startTime="2025-04-30T09:15:17.7160121+02:00" endTime="2025-04-30T09:15:17.7161316+02:00" testType="13cdc9d9-ddb5-4fa4-a97d-d965ccfc6d4b" outcome="Passed" testListId="8c84fa94-04c1-424b-9868-57a2d4851a1d" relativeResultsDirectory="e22b7745-6c3f-4b12-91d6-317ee82e1388" />
    <UnitTestResult executionId="8a5cf2ac-7295-4a72-8777-79b7c5666999" testId="97550b44-752a-1dc1-7b88-beab746a35f6" testName="Should_Return_Bad_Request(&quot;/Account/Login?ReturnUrl=-2876%20UNION%20ALL%20SELECT%2063%2C63%2C63%2C63%2C63%2C63%23&quot;)" computerName="V020705" duration="00:00:00.0001689" startTime="2025-04-30T09:15:17.6864185+02:00" endTime="2025-04-30T09:15:17.6865875+02:00" testType="13cdc9d9-ddb5-4fa4-a97d-d965ccfc6d4b" outcome="Passed" testListId="8c84fa94-04c1-424b-9868-57a2d4851a1d" relativeResultsDirectory="8a5cf2ac-7295-4a72-8777-79b7c5666999" />
    <UnitTestResult executionId="770dd068-78e3-42df-ad45-b4c227b7e253" testId="65e94095-42ff-bd8f-4ed8-f88b435f2de9" testName="Should_Return_Bad_Request_For_Posts(&quot;/Account/Login?ReturnUrl=-2065%25%27%20UNION%20ALL%20SELECT%2063%2C63%2C63%2C63%2C63%2C63%2C63%23&quot;)" computerName="V020705" duration="00:00:00.0003420" startTime="2025-04-30T09:15:17.7173272+02:00" endTime="2025-04-30T09:15:17.7176689+02:00" testType="13cdc9d9-ddb5-4fa4-a97d-d965ccfc6d4b" outcome="Passed" testListId="8c84fa94-04c1-424b-9868-57a2d4851a1d" relativeResultsDirectory="770dd068-78e3-42df-ad45-b4c227b7e253" />
    <UnitTestResult executionId="105caad1-ff17-4429-bbc4-fa1d78894687" testId="05257a4e-071c-1ebe-57b4-bc8f7523f670" testName="Should_Return_Bad_Request(&quot;/Account/Login?ReturnUrl=-1012%25%27%20UNION%20ALL%20SELECT%20NULL%2CNULL%2C%27qqqjq%27%7C%7C%27yoOovMdGGhUgDWxKuXkrgjUYOFBBaofZxLKcnAKl%27%7C%7C%27qkqkq%27%2CNULL%2CNULL%2CNULL%2CNULL%2CNULL%2CNULL%2CNULL--%20cScx&quot;)" computerName="V020705" duration="00:00:00.0001990" startTime="2025-04-30T09:15:17.6795562+02:00" endTime="2025-04-30T09:15:17.6797548+02:00" testType="13cdc9d9-ddb5-4fa4-a97d-d965ccfc6d4b" outcome="Passed" testListId="8c84fa94-04c1-424b-9868-57a2d4851a1d" relativeResultsDirectory="105caad1-ff17-4429-bbc4-fa1d78894687" />
    <UnitTestResult executionId="eb7b9ec6-3d4f-4689-8ae9-2e1c6f8aa9f7" testId="10d5437c-7580-b5e5-ef15-7099161ebbb9" testName="Should_Return_Bad_Request(&quot;/Account/Login?ReturnUrl=-8373%27%29%20UNION%20ALL%20SELECT%20NULL%2C%27qqqjq%27%7C%7C%27pWBBOrbAbA%27%7C%7C%27qkqkq%27%2CNULL%2CNULL%2CNULL%2CNULL%2CNULL%2CNULL--%20SlPH&quot;)" computerName="V020705" duration="00:00:00.0003379" startTime="2025-04-30T09:15:17.6722001+02:00" endTime="2025-04-30T09:15:17.6725378+02:00" testType="13cdc9d9-ddb5-4fa4-a97d-d965ccfc6d4b" outcome="Passed" testListId="8c84fa94-04c1-424b-9868-57a2d4851a1d" relativeResultsDirectory="eb7b9ec6-3d4f-4689-8ae9-2e1c6f8aa9f7" />
    <UnitTestResult executionId="01eee2a1-f30a-4f33-96fe-f41b408a6887" testId="bd04fd98-3c3f-fb59-a5ef-f099e55f0503" testName="Can_Import_Clients" computerName="V020705" duration="00:00:00.1460060" startTime="2025-04-30T09:14:22.4282563+02:00" endTime="2025-04-30T09:14:22.5742592+02:00" testType="13cdc9d9-ddb5-4fa4-a97d-d965ccfc6d4b" outcome="Passed" testListId="8c84fa94-04c1-424b-9868-57a2d4851a1d" relativeResultsDirectory="01eee2a1-f30a-4f33-96fe-f41b408a6887" />
    <UnitTestResult executionId="f779aae6-5536-4943-9d96-967a30b3d83f" testId="83f8e9a6-049e-58fc-b73e-87995d2e4000" testName="CHROME_80_WIN" computerName="V020705" duration="00:00:00.1224070" startTime="2025-04-30T09:14:20.2049783+02:00" endTime="2025-04-30T09:14:20.3273825+02:00" testType="13cdc9d9-ddb5-4fa4-a97d-d965ccfc6d4b" outcome="Passed" testListId="8c84fa94-04c1-424b-9868-57a2d4851a1d" relativeResultsDirectory="f779aae6-5536-4943-9d96-967a30b3d83f" />
    <UnitTestResult executionId="8435e5b6-128b-4308-90d3-16d5bc8eee85" testId="62d129d7-40b6-7139-2fae-626b730d30c2" testName="Should_Return_Bad_Request(&quot;/Account/Login?ReturnUrl=-5944%20ORDER%20BY%201%23&quot;)" computerName="V020705" duration="00:00:00.0002000" startTime="2025-04-30T09:15:17.6931934+02:00" endTime="2025-04-30T09:15:17.6933934+02:00" testType="13cdc9d9-ddb5-4fa4-a97d-d965ccfc6d4b" outcome="Passed" testListId="8c84fa94-04c1-424b-9868-57a2d4851a1d" relativeResultsDirectory="8435e5b6-128b-4308-90d3-16d5bc8eee85" />
    <UnitTestResult executionId="6a3ed30a-13bb-4953-a998-822392cd3c3c" testId="38454601-a539-9b76-e916-edc5c5ed8b20" testName="Should_Return_Bad_Request_For_Posts(&quot;/Account/Login?ReturnUrl=-9462%27%29%20UNION%20ALL%20SELECT%20NULL%2CNULL%2CNULL%2CNULL%2CNULL%2CNULL%2C%27qqqjq%27%7C%7C%27QwMWtHeSVA%27%7C%7C%27qkqkq%27%2CNULL--%20SdwZ&quot;)" computerName="V020705" duration="00:00:00.0001240" startTime="2025-04-30T09:15:17.7038290+02:00" endTime="2025-04-30T09:15:17.7039527+02:00" testType="13cdc9d9-ddb5-4fa4-a97d-d965ccfc6d4b" outcome="Passed" testListId="8c84fa94-04c1-424b-9868-57a2d4851a1d" relativeResultsDirectory="6a3ed30a-13bb-4953-a998-822392cd3c3c" />
    <UnitTestResult executionId="8d8165f1-36d6-4020-b555-92e7c602d6c1" testId="1c9e1083-69b5-b80e-99c7-c42272e46056" testName="Returns_Access_Token_For_Valid_Login_Credentials" computerName="V020705" duration="00:00:00.0143460" startTime="2025-04-30T09:14:36.0972999+02:00" endTime="2025-04-30T09:14:36.1116454+02:00" testType="13cdc9d9-ddb5-4fa4-a97d-d965ccfc6d4b" outcome="Passed" testListId="8c84fa94-04c1-424b-9868-57a2d4851a1d" relativeResultsDirectory="8d8165f1-36d6-4020-b555-92e7c602d6c1" />
    <UnitTestResult executionId="f04e0cd2-fa44-4fe7-97cc-aa688193373e" testId="70a1ada2-4594-a63f-00bc-15d7c957c8b0" testName="Should_Return_Bad_Request_For_Posts(&quot;/Account/Login?ReturnUrl=-7936%25%27%20UNION%20ALL%20SELECT%2063%2C63%2C63%2C63%2C63%2C63%2C63%2C63%2C63%2C63%23&quot;)" computerName="V020705" duration="00:00:00.0001910" startTime="2025-04-30T09:15:17.7184792+02:00" endTime="2025-04-30T09:15:17.7186694+02:00" testType="13cdc9d9-ddb5-4fa4-a97d-d965ccfc6d4b" outcome="Passed" testListId="8c84fa94-04c1-424b-9868-57a2d4851a1d" relativeResultsDirectory="f04e0cd2-fa44-4fe7-97cc-aa688193373e" />
    <UnitTestResult executionId="b5ea3088-3856-4128-8575-0ea55a639408" testId="e165a62a-b148-67e6-aadd-2bf4e4703c76" testName="Should_Return_Bad_Request(&quot;/Account/Login?ReturnUrl=-4430%27%29%20UNION%20ALL%20SELECT%2063%2C63%2C63%2C63%23&quot;)" computerName="V020705" duration="00:00:00.0001660" startTime="2025-04-30T09:15:17.6881592+02:00" endTime="2025-04-30T09:15:17.6883251+02:00" testType="13cdc9d9-ddb5-4fa4-a97d-d965ccfc6d4b" outcome="Passed" testListId="8c84fa94-04c1-424b-9868-57a2d4851a1d" relativeResultsDirectory="b5ea3088-3856-4128-8575-0ea55a639408" />
    <UnitTestResult executionId="9efab64f-5410-4897-a87c-043c99ea92b8" testId="ebc34690-6b89-bd0a-ca8a-de1fafba8c5f" testName="Should_Return_Bad_Request(&quot;/Account/Login?ReturnUrl=%28SELECT%20%28CASE%20WHEN%20%287282%3D2714%29%20THEN%207282%20ELSE%207282%2A%28SELECT%207282%20FROM%20INFORMATION_SCHEMA.CHARACTER_SETS%29%20END%29%29&quot;)" computerName="V020705" duration="00:00:00.0027640" startTime="2025-04-30T09:15:17.6521512+02:00" endTime="2025-04-30T09:15:17.6549144+02:00" testType="13cdc9d9-ddb5-4fa4-a97d-d965ccfc6d4b" outcome="Passed" testListId="8c84fa94-04c1-424b-9868-57a2d4851a1d" relativeResultsDirectory="9efab64f-5410-4897-a87c-043c99ea92b8" />
    <UnitTestResult executionId="2dfe0c4e-8979-4b4b-b2c8-0fa1171588a3" testId="f2ab1f8c-e9c6-27d0-9605-d86693f361c2" testName="Returns_Not_Found_For_Invalid_Id" computerName="V020705" duration="00:00:00.3529480" startTime="2025-04-30T09:14:08.3590459+02:00" endTime="2025-04-30T09:14:08.7119861+02:00" testType="13cdc9d9-ddb5-4fa4-a97d-d965ccfc6d4b" outcome="Passed" testListId="8c84fa94-04c1-424b-9868-57a2d4851a1d" relativeResultsDirectory="2dfe0c4e-8979-4b4b-b2c8-0fa1171588a3" />
    <UnitTestResult executionId="e362ba2b-bc06-427e-8a76-ea2936383673" testId="0c4dc994-a73c-c21a-fc81-adcebb1b0411" testName="Should_Return_Bad_Request(&quot;/Account/Login?ReturnUrl=-6619%27%29%20UNION%20ALL%20SELECT%2063%23&quot;)" computerName="V020705" duration="00:00:00.0001660" startTime="2025-04-30T09:15:17.6874318+02:00" endTime="2025-04-30T09:15:17.6875977+02:00" testType="13cdc9d9-ddb5-4fa4-a97d-d965ccfc6d4b" outcome="Passed" testListId="8c84fa94-04c1-424b-9868-57a2d4851a1d" relativeResultsDirectory="e362ba2b-bc06-427e-8a76-ea2936383673" />
    <UnitTestResult executionId="3badc25d-6032-455e-9c05-a1284e6c1176" testId="b8c1a120-3aa9-a3c2-e055-aed3c5aea7f5" testName="Can_Login_With_IdpInitiated_SSO" computerName="V020705" duration="00:00:00.0806630" startTime="2025-04-30T09:14:25.4980567+02:00" endTime="2025-04-30T09:14:25.5787174+02:00" testType="13cdc9d9-ddb5-4fa4-a97d-d965ccfc6d4b" outcome="Passed" testListId="8c84fa94-04c1-424b-9868-57a2d4851a1d" relativeResultsDirectory="3badc25d-6032-455e-9c05-a1284e6c1176" />
    <UnitTestResult executionId="4b03b01c-806a-4177-9e3c-4af318847ad2" testId="71bf252f-3ae2-ae0d-e510-741f23bf3176" testName="Should_Return_Bad_Request_For_Posts(&quot;/Account/Login?ReturnUrl=-4002%25%27%20UNION%20ALL%20SELECT%20NULL%2CNULL%2CNULL%2C%27qqqjq%27%7C%7C%27frUklYEMDw%27%7C%7C%27qkqkq%27%2CNULL%2CNULL%2CNULL%2CNULL%2CNULL%2CNULL--%20wXIx&quot;)" computerName="V020705" duration="00:00:00.0001250" startTime="2025-04-30T09:15:17.7100890+02:00" endTime="2025-04-30T09:15:17.7102139+02:00" testType="13cdc9d9-ddb5-4fa4-a97d-d965ccfc6d4b" outcome="Passed" testListId="8c84fa94-04c1-424b-9868-57a2d4851a1d" relativeResultsDirectory="4b03b01c-806a-4177-9e3c-4af318847ad2" />
    <UnitTestResult executionId="ff320dee-ffb8-4036-b371-0bcf857ea40c" testId="d66b8402-bdec-b5de-61a9-d8a05f0a58fd" testName="Should_Return_Bad_Request(&quot;/Account/Login?ReturnUrl=-5757%27%20ORDER%20BY%201%23&quot;)" computerName="V020705" duration="00:00:00.0001680" startTime="2025-04-30T09:15:17.6893736+02:00" endTime="2025-04-30T09:15:17.6895413+02:00" testType="13cdc9d9-ddb5-4fa4-a97d-d965ccfc6d4b" outcome="Passed" testListId="8c84fa94-04c1-424b-9868-57a2d4851a1d" relativeResultsDirectory="ff320dee-ffb8-4036-b371-0bcf857ea40c" />
    <UnitTestResult executionId="42c6ba3a-cdd4-42be-9492-cc1d7f94df91" testId="1ced872c-663c-a148-310f-21ffa51a9375" testName="Should_Return_Bad_Request_For_Posts(&quot;/Account/Login?ReturnUrl=-3437%27%29%20UNION%20ALL%20SELECT%20NULL%2CNULL%2C%27qqqjq%27%7C%7C%27gVSxqlYeha%27%7C%7C%27qkqkq%27%2CNULL%2CNULL%2CNULL%2CNULL%2CNULL--%20nXgW&quot;)" computerName="V020705" duration="00:00:00.0001180" startTime="2025-04-30T09:15:17.7035737+02:00" endTime="2025-04-30T09:15:17.7036917+02:00" testType="13cdc9d9-ddb5-4fa4-a97d-d965ccfc6d4b" outcome="Passed" testListId="8c84fa94-04c1-424b-9868-57a2d4851a1d" relativeResultsDirectory="42c6ba3a-cdd4-42be-9492-cc1d7f94df91" />
    <UnitTestResult executionId="a2543109-746e-4285-9f55-8b5a65df1f28" testId="6436d100-eb11-d32a-7311-fd9c30ccdb5e" testName="Should_Return_Bad_Request_For_Posts(&quot;/Account/Login?ReturnUrl=-9381%27%29%20UNION%20ALL%20SELECT%20NULL%2CNULL%2C%27qqqjq%27%7C%7C%27FYQUzRskOFfLCecEWPcVKoSrNUMGkDJoQMejOfMK%27%7C%7C%27qkqkq%27%2CNULL%2CNULL%2CNULL%2CNULL%2CNULL--%20AEIo&quot;)" computerName="V020705" duration="00:00:00.0001240" startTime="2025-04-30T09:15:17.7025073+02:00" endTime="2025-04-30T09:15:17.7026316+02:00" testType="13cdc9d9-ddb5-4fa4-a97d-d965ccfc6d4b" outcome="Passed" testListId="8c84fa94-04c1-424b-9868-57a2d4851a1d" relativeResultsDirectory="a2543109-746e-4285-9f55-8b5a65df1f28" />
    <UnitTestResult executionId="0b8b2a2b-09a8-4825-a27c-86e0715f5a8b" testId="cb4ebe3e-897e-c640-b30b-e6a029b35ca9" testName="Should_Return_Bad_Request(&quot;/Account/Login?ReturnUrl=-1889%20ORDER%20BY%201%23&quot;)" computerName="V020705" duration="00:00:00.0002320" startTime="2025-04-30T09:15:17.6850269+02:00" endTime="2025-04-30T09:15:17.6852592+02:00" testType="13cdc9d9-ddb5-4fa4-a97d-d965ccfc6d4b" outcome="Passed" testListId="8c84fa94-04c1-424b-9868-57a2d4851a1d" relativeResultsDirectory="0b8b2a2b-09a8-4825-a27c-86e0715f5a8b" />
    <UnitTestResult executionId="3a62ad7b-6117-4765-8b6b-d3a159b39482" testId="d085e933-a541-da0b-b837-feac9b4adf4d" testName="Can_Import_Users" computerName="V020705" duration="00:00:00.1492860" startTime="2025-04-30T09:14:23.9776778+02:00" endTime="2025-04-30T09:14:24.1269602+02:00" testType="13cdc9d9-ddb5-4fa4-a97d-d965ccfc6d4b" outcome="Passed" testListId="8c84fa94-04c1-424b-9868-57a2d4851a1d" relativeResultsDirectory="3a62ad7b-6117-4765-8b6b-d3a159b39482" />
    <UnitTestResult executionId="0d5c9584-e297-476a-8bdc-9fa949a09c43" testId="57df8fa0-ec84-4765-b544-ed58391e58f3" testName="Should_Return_Bad_Request_For_Posts(&quot;/Account/Login?ReturnUrl=%28SELECT%20%28CASE%20WHEN%20%283850%3D3850%29%20THEN%203850%20ELSE%203850%2A%28SELECT%203850%20FROM%20INFORMATION_SCHEMA.CHARACTER_SETS%29%20END%29%29&quot;)" computerName="V020705" duration="00:00:00.0005820" startTime="2025-04-30T09:15:17.7008671+02:00" endTime="2025-04-30T09:15:17.7014485+02:00" testType="13cdc9d9-ddb5-4fa4-a97d-d965ccfc6d4b" outcome="Passed" testListId="8c84fa94-04c1-424b-9868-57a2d4851a1d" relativeResultsDirectory="0d5c9584-e297-476a-8bdc-9fa949a09c43" />
    <UnitTestResult executionId="cf0a2e26-b609-4acd-bbba-2e56fa374d91" testId="9428fba0-81b8-38dd-aa37-7663fff1c2d3" testName="Local_User_Can_Login_Successfully" computerName="V020705" duration="00:00:05.6062590" startTime="2025-04-30T09:14:53.3533949+02:00" endTime="2025-04-30T09:14:58.9595297+02:00" testType="13cdc9d9-ddb5-4fa4-a97d-d965ccfc6d4b" outcome="Passed" testListId="8c84fa94-04c1-424b-9868-57a2d4851a1d" relativeResultsDirectory="cf0a2e26-b609-4acd-bbba-2e56fa374d91" />
    <UnitTestResult executionId="55cd14b1-6b92-497e-b895-3bc7ae0a260d" testId="3e6c7faf-3b6f-fb12-a011-572f81f90464" testName="Cannot_Be_Called_From_Client_Without_Correct_Scope(&quot;/api/v1/users/unconfirmed@example.com/invite&quot;)" computerName="V020705" duration="00:00:00.0095620" startTime="2025-04-30T09:13:46.0801090+02:00" endTime="2025-04-30T09:13:46.0896705+02:00" testType="13cdc9d9-ddb5-4fa4-a97d-d965ccfc6d4b" outcome="Passed" testListId="8c84fa94-04c1-424b-9868-57a2d4851a1d" relativeResultsDirectory="55cd14b1-6b92-497e-b895-3bc7ae0a260d" />
    <UnitTestResult executionId="ac0cab35-05ff-4b6a-93dd-6b74d43c5766" testId="26869ea4-a77f-8a93-1c7e-4c8b16311843" testName="Can_Be_Called_From_User_With_CHGEmployee_Claim_And_Correct_Client_Scope(&quot;/api/v1.0/users/unconfirmed@example.com/invite&quot;)" computerName="V020705" duration="00:00:00.6225820" startTime="2025-04-30T09:13:45.4099993+02:00" endTime="2025-04-30T09:13:46.0325674+02:00" testType="13cdc9d9-ddb5-4fa4-a97d-d965ccfc6d4b" outcome="Passed" testListId="8c84fa94-04c1-424b-9868-57a2d4851a1d" relativeResultsDirectory="ac0cab35-05ff-4b6a-93dd-6b74d43c5766" />
    <UnitTestResult executionId="79344577-7c28-4ada-afca-0fda9191b620" testId="a1fcd694-35ea-a7a7-c400-3d59c2fc164a" testName="Can_Import_Data" computerName="V020705" duration="00:00:00.2928330" startTime="2025-04-30T09:14:23.3083657+02:00" endTime="2025-04-30T09:14:23.6011910+02:00" testType="13cdc9d9-ddb5-4fa4-a97d-d965ccfc6d4b" outcome="Passed" testListId="8c84fa94-04c1-424b-9868-57a2d4851a1d" relativeResultsDirectory="79344577-7c28-4ada-afca-0fda9191b620" />
    <UnitTestResult executionId="55618a3f-e050-4394-af56-f2d9022c4840" testId="3f3b38d9-bac7-3628-aae0-fc8419e7a10d" testName="Returns_Success_When_Using_DirectLink" computerName="V020705" duration="00:00:00.2338420" startTime="2025-04-30T09:14:41.8595377+02:00" endTime="2025-04-30T09:14:42.0933738+02:00" testType="13cdc9d9-ddb5-4fa4-a97d-d965ccfc6d4b" outcome="Passed" testListId="8c84fa94-04c1-424b-9868-57a2d4851a1d" relativeResultsDirectory="55618a3f-e050-4394-af56-f2d9022c4840" />
    <UnitTestResult executionId="558818c4-4d32-4aab-ba20-36129b62714a" testId="e52cfa49-de57-7394-adcf-bcc129248019" testName="Returns_Page_When_Logged_In_With_Correct_Permissions" computerName="V020705" duration="00:00:00.2201790" startTime="2025-04-30T09:14:08.1375431+02:00" endTime="2025-04-30T09:14:08.3577168+02:00" testType="13cdc9d9-ddb5-4fa4-a97d-d965ccfc6d4b" outcome="Passed" testListId="8c84fa94-04c1-424b-9868-57a2d4851a1d" relativeResultsDirectory="558818c4-4d32-4aab-ba20-36129b62714a" />
    <UnitTestResult executionId="8517442f-4985-44e9-b8e2-a956194ee758" testId="f90b3228-a455-35b9-3a15-708b7e746e0a" testName="Should_Return_Bad_Request(&quot;/Account/Login?ReturnUrl=-7987%27%29%20UNION%20ALL%20SELECT%20%27qqqjq%27%7C%7C%27GJBaPosNKe%27%7C%7C%27qkqkq%27%2C63%2C63%2C63%2C63%2C63%2C63%2C63--%20FQHO&quot;)" computerName="V020705" duration="00:00:00.0003220" startTime="2025-04-30T09:15:17.6769328+02:00" endTime="2025-04-30T09:15:17.6772547+02:00" testType="13cdc9d9-ddb5-4fa4-a97d-d965ccfc6d4b" outcome="Passed" testListId="8c84fa94-04c1-424b-9868-57a2d4851a1d" relativeResultsDirectory="8517442f-4985-44e9-b8e2-a956194ee758" />
    <UnitTestResult executionId="d1ab3a14-5a4b-46cf-b11b-c4e2ca2ea4e5" testId="415e02cc-8f56-b190-34a0-ec55f8a8417a" testName="Returns_Ok_When_User_Was_Found(&quot;/api/v1.0/users/&quot;,&quot;LocalTestUser&quot;)" computerName="V020705" duration="00:00:00.0266860" startTime="2025-04-30T09:13:34.5525858+02:00" endTime="2025-04-30T09:13:34.5792715+02:00" testType="13cdc9d9-ddb5-4fa4-a97d-d965ccfc6d4b" outcome="Passed" testListId="8c84fa94-04c1-424b-9868-57a2d4851a1d" relativeResultsDirectory="d1ab3a14-5a4b-46cf-b11b-c4e2ca2ea4e5" />
    <UnitTestResult executionId="fdb7255b-7596-4c2a-b0ec-b984ff09ae97" testId="67dd4fe0-48ac-c604-d130-0729ce141e05" testName="Returns_NotFound_When_User_Does_Not_Exists" computerName="V020705" duration="00:00:00.0198349" startTime="2025-04-30T09:13:29.0138709+02:00" endTime="2025-04-30T09:13:29.0337050+02:00" testType="13cdc9d9-ddb5-4fa4-a97d-d965ccfc6d4b" outcome="Passed" testListId="8c84fa94-04c1-424b-9868-57a2d4851a1d" relativeResultsDirectory="fdb7255b-7596-4c2a-b0ec-b984ff09ae97" />
    <UnitTestResult executionId="c134759e-bdc1-4aa7-8a4c-dc9617310b74" testId="8560ef75-2d51-ab57-4ae2-b49e28364590" testName="Should_Return_Bad_Request_For_Posts(&quot;/Account/Login?ReturnUrl=-9384%27%29%20UNION%20ALL%20SELECT%2063%2C63%2C63%2C63%2C63%2C%27qqqjq%27%7C%7C%27DvqgcuqaIWzJMGzIFKTmyLFUhvXPBKlDhzrFNKoX%27%7C%7C%27qkqkq%27%2C63%2C63--%20xtRv&quot;)" computerName="V020705" duration="00:00:00.0001240" startTime="2025-04-30T09:15:17.7049941+02:00" endTime="2025-04-30T09:15:17.7051184+02:00" testType="13cdc9d9-ddb5-4fa4-a97d-d965ccfc6d4b" outcome="Passed" testListId="8c84fa94-04c1-424b-9868-57a2d4851a1d" relativeResultsDirectory="c134759e-bdc1-4aa7-8a4c-dc9617310b74" />
    <UnitTestResult executionId="b20c8e92-6dac-4baf-8dc0-5c019c1def6d" testId="d1d0c140-c667-6a42-160a-d43b3568f072" testName="Should_Return_Bad_Request_For_Posts(&quot;/Account/Login?ReturnUrl=-5515%27%29%20UNION%20ALL%20SELECT%2063%2C63%2C63%2C63%2C63%2C%27qqqjq%27%7C%7C%27JLVkePqtfS%27%7C%7C%27qkqkq%27%2C63%2C63--%20XgQQ&quot;)" computerName="V020705" duration="00:00:00.0001299" startTime="2025-04-30T09:15:17.7060938+02:00" endTime="2025-04-30T09:15:17.7062233+02:00" testType="13cdc9d9-ddb5-4fa4-a97d-d965ccfc6d4b" outcome="Passed" testListId="8c84fa94-04c1-424b-9868-57a2d4851a1d" relativeResultsDirectory="b20c8e92-6dac-4baf-8dc0-5c019c1def6d" />
    <UnitTestResult executionId="4c1fa39a-8a84-4fe5-a0d4-ca83bd6bb454" testId="c67660c5-c463-4dae-b92a-42c6ca65f0c9" testName="Should_Return_Bad_Request(&quot;/Account/Login?ReturnUrl=-3800%29%20UNION%20ALL%20SELECT%2063%2C63%2C63%2C63%2C63%2C63%2C63%2C63%23&quot;)" computerName="V020705" duration="00:00:00.0001190" startTime="2025-04-30T09:15:17.6845550+02:00" endTime="2025-04-30T09:15:17.6846739+02:00" testType="13cdc9d9-ddb5-4fa4-a97d-d965ccfc6d4b" outcome="Passed" testListId="8c84fa94-04c1-424b-9868-57a2d4851a1d" relativeResultsDirectory="4c1fa39a-8a84-4fe5-a0d4-ca83bd6bb454" />
    <UnitTestResult executionId="72ee3ac7-f927-4575-9293-5c72d813fceb" testId="19fa721a-f600-3b1c-98cf-731686f7c62a" testName="Should_Return_Bad_Request_For_Posts(&quot;/Account/Login?ReturnUrl=-3150%25%27%20UNION%20ALL%20SELECT%20%27qqqjq%27%7C%7C%27GKsfNfFoNGruQXCbXtpuOQbGTWVXJaFdtCvKiiMR%27%7C%7C%27qkqkq%27%2CNULL%2CNULL%2CNULL%2CNULL%2CNULL%2CNULL%2CNULL%2CNULL%2CNULL--%20zdBR&quot;)" computerName="V020705" duration="00:00:00.0001270" startTime="2025-04-30T09:15:17.7068329+02:00" endTime="2025-04-30T09:15:17.7069594+02:00" testType="13cdc9d9-ddb5-4fa4-a97d-d965ccfc6d4b" outcome="Passed" testListId="8c84fa94-04c1-424b-9868-57a2d4851a1d" relativeResultsDirectory="72ee3ac7-f927-4575-9293-5c72d813fceb" />
    <UnitTestResult executionId="070a6013-d0c0-475d-8c5a-156a4304a475" testId="2b0ec349-a8cc-dc60-e79e-43d19248af77" testName="Should_Return_Bad_Request_For_Posts(&quot;/Account/Login?ReturnUrl=-7333%27%29%20UNION%20ALL%20SELECT%2063%2C%27qqqjq%27%7C%7C%27egmNOcNrzN%27%7C%7C%27qkqkq%27%2C63%2C63%2C63%2C63%2C63%2C63--%20bRLv&quot;)" computerName="V020705" duration="00:00:00.0001299" startTime="2025-04-30T09:15:17.7057012+02:00" endTime="2025-04-30T09:15:17.7058314+02:00" testType="13cdc9d9-ddb5-4fa4-a97d-d965ccfc6d4b" outcome="Passed" testListId="8c84fa94-04c1-424b-9868-57a2d4851a1d" relativeResultsDirectory="070a6013-d0c0-475d-8c5a-156a4304a475" />
    <UnitTestResult executionId="7c47f2ed-1011-4e76-88cf-f618e92c1bcf" testId="22d7df5f-2eaf-237e-4768-b2980ba364de" testName="Cannot_Be_Called_Without_Token(&quot;/api/v1/users/unconfirmed@example.com/invite&quot;)" computerName="V020705" duration="00:00:00.0025690" startTime="2025-04-30T09:13:46.4812193+02:00" endTime="2025-04-30T09:13:46.4837875+02:00" testType="13cdc9d9-ddb5-4fa4-a97d-d965ccfc6d4b" outcome="Passed" testListId="8c84fa94-04c1-424b-9868-57a2d4851a1d" relativeResultsDirectory="7c47f2ed-1011-4e76-88cf-f618e92c1bcf" />
    <UnitTestResult executionId="eec0b23e-2fcc-4fa7-8af9-fadb913b7989" testId="9c7a95c0-a91e-584f-6c6b-52ba3b46d165" testName="Returns_Success(&quot;&quot;)" computerName="V020705" duration="00:00:00.0982240" startTime="2025-04-30T09:14:05.5967827+02:00" endTime="2025-04-30T09:14:05.6950039+02:00" testType="13cdc9d9-ddb5-4fa4-a97d-d965ccfc6d4b" outcome="Passed" testListId="8c84fa94-04c1-424b-9868-57a2d4851a1d" relativeResultsDirectory="eec0b23e-2fcc-4fa7-8af9-fadb913b7989" />
    <UnitTestResult executionId="4c19890f-5641-4216-bc75-042cea7d2989" testId="904d6b74-9fc8-db51-4bf7-bbbd66cc8e9f" testName="Returns_Success(null)" computerName="V020705" duration="00:00:00.1012770" startTime="2025-04-30T09:14:05.6950499+02:00" endTime="2025-04-30T09:14:05.7963241+02:00" testType="13cdc9d9-ddb5-4fa4-a97d-d965ccfc6d4b" outcome="Passed" testListId="8c84fa94-04c1-424b-9868-57a2d4851a1d" relativeResultsDirectory="4c19890f-5641-4216-bc75-042cea7d2989" />
    <UnitTestResult executionId="ddefb294-d23e-49a8-a992-232b5fdf942d" testId="ed932f34-7cc2-44a0-3701-0c953933385d" testName="Should_Return_Bad_Request_For_Posts(&quot;/Account/Login?ReturnUrl=-7368%27%20UNION%20ALL%20SELECT%2063%2C63%23&quot;)" computerName="V020705" duration="00:00:00.0001230" startTime="2025-04-30T09:15:17.7152321+02:00" endTime="2025-04-30T09:15:17.7153546+02:00" testType="13cdc9d9-ddb5-4fa4-a97d-d965ccfc6d4b" outcome="Passed" testListId="8c84fa94-04c1-424b-9868-57a2d4851a1d" relativeResultsDirectory="ddefb294-d23e-49a8-a992-232b5fdf942d" />
    <UnitTestResult executionId="99493c43-2918-4cc2-b4c8-b9aa53d0a47d" testId="898dafeb-42e8-87f7-2062-914592675ee1" testName="Updates_Roles_On_Existing_User_Via_Patch_Does_Not_Throw_An_Exception" computerName="V020705" duration="00:00:00.0168380" startTime="2025-04-30T09:15:39.9756816+02:00" endTime="2025-04-30T09:15:39.9925187+02:00" testType="13cdc9d9-ddb5-4fa4-a97d-d965ccfc6d4b" outcome="Passed" testListId="8c84fa94-04c1-424b-9868-57a2d4851a1d" relativeResultsDirectory="99493c43-2918-4cc2-b4c8-b9aa53d0a47d" />
    <UnitTestResult executionId="2a32540f-1ed3-49ce-8762-c1a51f3e3cd3" testId="45769738-296e-a1d6-53bc-812ea6f358fe" testName="Denies_Cors_For_Non_Configured_Domains(&quot;https://integrationtest.com&quot;,&quot;/somethingOther&quot;)" computerName="V020705" duration="00:00:00.0076500" startTime="2025-04-30T09:15:17.2864723+02:00" endTime="2025-04-30T09:15:17.2941222+02:00" testType="13cdc9d9-ddb5-4fa4-a97d-d965ccfc6d4b" outcome="Passed" testListId="8c84fa94-04c1-424b-9868-57a2d4851a1d" relativeResultsDirectory="2a32540f-1ed3-49ce-8762-c1a51f3e3cd3" />
    <UnitTestResult executionId="829b08f6-2539-459c-87c4-2fe9493762ff" testId="5adffdff-ca3f-0fdf-d0d9-156760d84518" testName="Should_Return_Bad_Request_For_Posts(&quot;/Account/Login?ReturnUrl=-7606%25%27%20UNION%20ALL%20SELECT%20NULL%2CNULL%2CNULL%2CNULL%2C%27qqqjq%27%7C%7C%27gqFLhAKkqd%27%7C%7C%27qkqkq%27%2CNULL%2CNULL%2CNULL%2CNULL%2CNULL--%20OPLU&quot;)" computerName="V020705" duration="00:00:00.0001460" startTime="2025-04-30T09:15:17.7092609+02:00" endTime="2025-04-30T09:15:17.7094072+02:00" testType="13cdc9d9-ddb5-4fa4-a97d-d965ccfc6d4b" outcome="Passed" testListId="8c84fa94-04c1-424b-9868-57a2d4851a1d" relativeResultsDirectory="829b08f6-2539-459c-87c4-2fe9493762ff" />
    <UnitTestResult executionId="1b279c84-0a57-4ac1-92bc-c6e8e18491cf" testId="0a121ef9-b240-98a2-c871-a1ac3c122dd9" testName="Creates_No_User_If_Already_Exists_Via_AzureAD" computerName="V020705" duration="00:00:00.0258460" startTime="2025-04-30T09:13:54.1662025+02:00" endTime="2025-04-30T09:13:54.1920473+02:00" testType="13cdc9d9-ddb5-4fa4-a97d-d965ccfc6d4b" outcome="Passed" testListId="8c84fa94-04c1-424b-9868-57a2d4851a1d" relativeResultsDirectory="1b279c84-0a57-4ac1-92bc-c6e8e18491cf" />
    <UnitTestResult executionId="6263cb93-d197-4c24-b9e2-78d1cd54375f" testId="184bf1b0-c493-f7cd-dd1e-0f16602698e7" testName="Should_Return_Bad_Request_For_Posts(&quot;/Account/Login?ReturnUrl=-2316%20UNION%20ALL%20SELECT%2063%2C63%2C63%2C63%2C63%2C63%2C63%2C63%2C63%2C63%23&quot;)" computerName="V020705" duration="00:00:00.0001240" startTime="2025-04-30T09:15:17.7134224+02:00" endTime="2025-04-30T09:15:17.7135466+02:00" testType="13cdc9d9-ddb5-4fa4-a97d-d965ccfc6d4b" outcome="Passed" testListId="8c84fa94-04c1-424b-9868-57a2d4851a1d" relativeResultsDirectory="6263cb93-d197-4c24-b9e2-78d1cd54375f" />
    <UnitTestResult executionId="0834ac2b-28dd-493b-8ab0-8d373010bc77" testId="e507ce62-77e1-1ac0-fff3-87bd6af9ffce" testName="Contains_Groups_Claim_As_Single_String" computerName="V020705" duration="00:00:00.0601110" startTime="2025-04-30T09:15:10.5360577+02:00" endTime="2025-04-30T09:15:10.5961666+02:00" testType="13cdc9d9-ddb5-4fa4-a97d-d965ccfc6d4b" outcome="Passed" testListId="8c84fa94-04c1-424b-9868-57a2d4851a1d" relativeResultsDirectory="0834ac2b-28dd-493b-8ab0-8d373010bc77" />
    <UnitTestResult executionId="7b82e208-2649-4446-a264-686b3d28f0fc" testId="4fc671dc-3c3e-d9c7-48ae-0068943ed286" testName="Returns_Forbidden_For_User_Without_ApiReader_Claim" computerName="V020705" duration="00:00:00.1210030" startTime="2025-04-30T09:13:02.0012008+02:00" endTime="2025-04-30T09:13:02.1222003+02:00" testType="13cdc9d9-ddb5-4fa4-a97d-d965ccfc6d4b" outcome="Passed" testListId="8c84fa94-04c1-424b-9868-57a2d4851a1d" relativeResultsDirectory="7b82e208-2649-4446-a264-686b3d28f0fc" />
    <UnitTestResult executionId="1b40749c-35a5-4fba-97b1-53bc72601b80" testId="c31c7f6f-0b8a-3e2f-6398-4705170945d6" testName="Should_Return_Bad_Request(&quot;/Account/Login?ReturnUrl=-7346%25%27%20UNION%20ALL%20SELECT%20NULL%2CNULL%2CNULL%2CNULL%2CNULL%2CNULL%2CNULL%2CNULL%2CNULL%2C%27qqqjq%27%7C%7C%27yDNFyVzIOvOWAYHmTlQYhNNdIbkMyMbCJdsmnnyb%27%7C%7C%27qkqkq%27--%20kDsO&quot;)" computerName="V020705" duration="00:00:00.0001930" startTime="2025-04-30T09:15:17.6783162+02:00" endTime="2025-04-30T09:15:17.6785092+02:00" testType="13cdc9d9-ddb5-4fa4-a97d-d965ccfc6d4b" outcome="Passed" testListId="8c84fa94-04c1-424b-9868-57a2d4851a1d" relativeResultsDirectory="1b40749c-35a5-4fba-97b1-53bc72601b80" />
    <UnitTestResult executionId="5b189b6c-40e5-4f26-85e1-42f0719fe98b" testId="0b72a30f-79a2-037e-aca6-3b4486d6166c" testName="Should_Return_Bad_Request(&quot;/Account/Login?ReturnUrl=-9578%25%27%20UNION%20ALL%20SELECT%2063%2C63%23&quot;)" computerName="V020705" duration="00:00:00.0001180" startTime="2025-04-30T09:15:17.6914314+02:00" endTime="2025-04-30T09:15:17.6915492+02:00" testType="13cdc9d9-ddb5-4fa4-a97d-d965ccfc6d4b" outcome="Passed" testListId="8c84fa94-04c1-424b-9868-57a2d4851a1d" relativeResultsDirectory="5b189b6c-40e5-4f26-85e1-42f0719fe98b" />
    <UnitTestResult executionId="d30d6987-1dfa-4ef9-b1da-0c268983843a" testId="a549fcfb-0f45-8919-8920-d0e2b5caeadc" testName="Should_Return_Bad_Request_For_Posts(&quot;/Account/Login?ReturnUrl=-5460%27%29%20UNION%20ALL%20SELECT%2063%2C63%2C63%2C63%2C63%2C63%2C63%2C63%2C63%23&quot;)" computerName="V020705" duration="00:00:00.0001260" startTime="2025-04-30T09:15:17.7147297+02:00" endTime="2025-04-30T09:15:17.7148559+02:00" testType="13cdc9d9-ddb5-4fa4-a97d-d965ccfc6d4b" outcome="Passed" testListId="8c84fa94-04c1-424b-9868-57a2d4851a1d" relativeResultsDirectory="d30d6987-1dfa-4ef9-b1da-0c268983843a" />
    <UnitTestResult executionId="a94ebf9a-e433-4813-9041-19673bcc7409" testId="bbffe52d-0972-17ec-0a84-a00c4ce24dae" testName="Returns_Ok_When_User_Was_Found(&quot;ExistingUser1&quot;)" computerName="V020705" duration="00:00:00.0077540" startTime="2025-04-30T09:13:40.0629617+02:00" endTime="2025-04-30T09:13:40.0707149+02:00" testType="13cdc9d9-ddb5-4fa4-a97d-d965ccfc6d4b" outcome="Passed" testListId="8c84fa94-04c1-424b-9868-57a2d4851a1d" relativeResultsDirectory="a94ebf9a-e433-4813-9041-19673bcc7409" />
    <UnitTestResult executionId="f41a78da-3180-4d04-942a-5dfaf6aa2d0e" testId="c13023f4-e88a-1276-6662-7b1e337c240c" testName="Should_Return_Bad_Request(&quot;/Account/Login?ReturnUrl=-5883%27%29%20UNION%20ALL%20SELECT%20NULL%2CNULL%2CNULL%2CNULL%2C%27qqqjq%27%7C%7C%27qgjcDbToVnRIOWdAZEOFWsXjEfLYxXtgcRIwVshb%27%7C%7C%27qkqkq%27%2CNULL%2CNULL%2CNULL--%20AkXt&quot;)" computerName="V020705" duration="00:00:00.0003330" startTime="2025-04-30T09:15:17.6702401+02:00" endTime="2025-04-30T09:15:17.6705730+02:00" testType="13cdc9d9-ddb5-4fa4-a97d-d965ccfc6d4b" outcome="Passed" testListId="8c84fa94-04c1-424b-9868-57a2d4851a1d" relativeResultsDirectory="f41a78da-3180-4d04-942a-5dfaf6aa2d0e" />
    <UnitTestResult executionId="8c9ae680-3378-4481-aecf-021620fc3f9f" testId="ac862b27-af7f-d1ff-c19a-c6d1d0ab032c" testName="Returns_Updated_Resource" computerName="V020705" duration="00:00:00.0310860" startTime="2025-04-30T09:15:39.9288934+02:00" endTime="2025-04-30T09:15:39.9599787+02:00" testType="13cdc9d9-ddb5-4fa4-a97d-d965ccfc6d4b" outcome="Passed" testListId="8c84fa94-04c1-424b-9868-57a2d4851a1d" relativeResultsDirectory="8c9ae680-3378-4481-aecf-021620fc3f9f" />
    <UnitTestResult executionId="e1f7855f-ed9e-46c9-9977-d19bb93cee82" testId="b64a536a-d9ec-776b-4b26-b3b7c2cfc91b" testName="Should_Return_Bad_Request_For_Posts(&quot;/Account/Login?ReturnUrl=-1779%25%27%20UNION%20ALL%20SELECT%20NULL%2CNULL%2C%27qqqjq%27%7C%7C%27InctpQSKvx%27%7C%7C%27qkqkq%27%2CNULL%2CNULL%2CNULL%2CNULL%2CNULL%2CNULL%2CNULL--%20mtti&quot;)" computerName="V020705" duration="00:00:00.0001220" startTime="2025-04-30T09:15:17.7102207+02:00" endTime="2025-04-30T09:15:17.7103426+02:00" testType="13cdc9d9-ddb5-4fa4-a97d-d965ccfc6d4b" outcome="Passed" testListId="8c84fa94-04c1-424b-9868-57a2d4851a1d" relativeResultsDirectory="e1f7855f-ed9e-46c9-9977-d19bb93cee82" />
    <UnitTestResult executionId="566833d6-29a1-4449-a139-75ea081d0477" testId="28f4864e-fd74-e023-7c19-0827cba42197" testName="Should_Return_Bad_Request(&quot;/Account/Login?ReturnUrl=-6260%27%29%20UNION%20ALL%20SELECT%2063%2C63%2C63%23&quot;)" computerName="V020705" duration="00:00:00.0002460" startTime="2025-04-30T09:15:17.6879002+02:00" endTime="2025-04-30T09:15:17.6881458+02:00" testType="13cdc9d9-ddb5-4fa4-a97d-d965ccfc6d4b" outcome="Passed" testListId="8c84fa94-04c1-424b-9868-57a2d4851a1d" relativeResultsDirectory="566833d6-29a1-4449-a139-75ea081d0477" />
    <UnitTestResult executionId="45923107-4e9d-4ba5-b0e0-fba614cac4ed" testId="08e6c6dc-6907-ac5b-1881-3003e0e7d2af" testName="Should_Return_Bad_Request(&quot;/Account/Login?ReturnUrl=-9462%27%29%20UNION%20ALL%20SELECT%20NULL%2CNULL%2CNULL%2CNULL%2CNULL%2CNULL%2C%27qqqjq%27%7C%7C%27QwMWtHeSVA%27%7C%7C%27qkqkq%27%2CNULL--%20SdwZ&quot;)" computerName="V020705" duration="00:00:00.0003610" startTime="2025-04-30T09:15:17.6725838+02:00" endTime="2025-04-30T09:15:17.6729445+02:00" testType="13cdc9d9-ddb5-4fa4-a97d-d965ccfc6d4b" outcome="Passed" testListId="8c84fa94-04c1-424b-9868-57a2d4851a1d" relativeResultsDirectory="45923107-4e9d-4ba5-b0e0-fba614cac4ed" />
    <UnitTestResult executionId="b41f246a-1b67-4c10-90b6-04748ac8a5ac" testId="8d8bdb50-080c-398d-1a44-35a77b3ce319" testName="Creates_New_User_If_Not_Exists_Via_AzureAD" computerName="V020705" duration="00:00:00.2742589" startTime="2025-04-30T09:13:53.8228791+02:00" endTime="2025-04-30T09:13:54.0971322+02:00" testType="13cdc9d9-ddb5-4fa4-a97d-d965ccfc6d4b" outcome="Passed" testListId="8c84fa94-04c1-424b-9868-57a2d4851a1d" relativeResultsDirectory="b41f246a-1b67-4c10-90b6-04748ac8a5ac" />
    <UnitTestResult executionId="bc0adaff-5ea5-424b-9585-976805c565be" testId="f52585e8-a0b6-4014-1a43-12041aaac270" testName="Should_Return_Bad_Request(&quot;/Account/Login?ReturnUrl=-4263%20UNION%20ALL%20SELECT%2063%2C63%23&quot;)" computerName="V020705" duration="00:00:00.0001310" startTime="2025-04-30T09:15:17.6935401+02:00" endTime="2025-04-30T09:15:17.6936713+02:00" testType="13cdc9d9-ddb5-4fa4-a97d-d965ccfc6d4b" outcome="Passed" testListId="8c84fa94-04c1-424b-9868-57a2d4851a1d" relativeResultsDirectory="bc0adaff-5ea5-424b-9585-976805c565be" />
    <UnitTestResult executionId="a22c0b28-7594-495b-9724-b54a08cd8c15" testId="7ffeb03f-cab1-e8ce-0dda-fcfcc5897dbb" testName="Publish_UserNameChangedEvent_When_Username_Was_Changed" computerName="V020705" duration="00:00:00.0136130" startTime="2025-04-30T09:15:39.9152609+02:00" endTime="2025-04-30T09:15:39.9288738+02:00" testType="13cdc9d9-ddb5-4fa4-a97d-d965ccfc6d4b" outcome="Passed" testListId="8c84fa94-04c1-424b-9868-57a2d4851a1d" relativeResultsDirectory="a22c0b28-7594-495b-9724-b54a08cd8c15" />
    <UnitTestResult executionId="da21fa45-e510-4f36-8d11-0a5ec769472f" testId="a73bdaf5-eea7-a7b4-bd79-b442544e6350" testName="Should_Return_Bad_Request(&quot;/Account/Login?ReturnUrl=-4003%25%27%20UNION%20ALL%20SELECT%2063%23&quot;)" computerName="V020705" duration="00:00:00.0001630" startTime="2025-04-30T09:15:17.6912658+02:00" endTime="2025-04-30T09:15:17.6914288+02:00" testType="13cdc9d9-ddb5-4fa4-a97d-d965ccfc6d4b" outcome="Passed" testListId="8c84fa94-04c1-424b-9868-57a2d4851a1d" relativeResultsDirectory="da21fa45-e510-4f36-8d11-0a5ec769472f" />
    <UnitTestResult executionId="445469aa-d60c-42cd-8b6b-c922ce8c7172" testId="63938eb2-b1af-bc6e-9c2a-5e38a3f83e9a" testName="Should_Return_Bad_Request_For_Posts(&quot;/Account/Login?ReturnUrl=-4236%27%29%20UNION%20ALL%20SELECT%2063%2C63%2C63%2C63%2C63%2C63%2C63%2C63%2C63%2C63%23&quot;)" computerName="V020705" duration="00:00:00.0001250" startTime="2025-04-30T09:15:17.7148588+02:00" endTime="2025-04-30T09:15:17.7149833+02:00" testType="13cdc9d9-ddb5-4fa4-a97d-d965ccfc6d4b" outcome="Passed" testListId="8c84fa94-04c1-424b-9868-57a2d4851a1d" relativeResultsDirectory="445469aa-d60c-42cd-8b6b-c922ce8c7172" />
    <UnitTestResult executionId="9ea993d5-a1b7-4356-998d-afd6a2be1534" testId="3d6947c8-4001-d24d-17be-cd82424d1288" testName="Denies_Cors_For_Non_Configured_Domains(&quot;https://other.domain.de&quot;)" computerName="V020705" duration="00:00:00.0327520" startTime="2025-04-30T09:15:17.2536852+02:00" endTime="2025-04-30T09:15:17.2864360+02:00" testType="13cdc9d9-ddb5-4fa4-a97d-d965ccfc6d4b" outcome="Passed" testListId="8c84fa94-04c1-424b-9868-57a2d4851a1d" relativeResultsDirectory="9ea993d5-a1b7-4356-998d-afd6a2be1534" />
    <UnitTestResult executionId="defcb82f-a234-44cb-9fd6-16937316c968" testId="d8810dc6-eaad-3005-c08b-b3305c5462a6" testName="Should_Return_Bad_Request_For_Posts(&quot;/Account/Login?ReturnUrl=-3950%27%29%20UNION%20ALL%20SELECT%2063%2C63%2C63%2C63%2C63%2C63%2C63%2C%27qqqjq%27%7C%7C%27jXHIDOZgSNXsvmJIiACPVggCOtvlIeGWWYuXNJhR%27%7C%7C%27qkqkq%27--%20zfYh&quot;)" computerName="V020705" duration="00:00:00.0001360" startTime="2025-04-30T09:15:17.7043345+02:00" endTime="2025-04-30T09:15:17.7044700+02:00" testType="13cdc9d9-ddb5-4fa4-a97d-d965ccfc6d4b" outcome="Passed" testListId="8c84fa94-04c1-424b-9868-57a2d4851a1d" relativeResultsDirectory="defcb82f-a234-44cb-9fd6-16937316c968" />
    <UnitTestResult executionId="b9beb36a-e3d2-4747-ae57-bcb2d9a2546f" testId="a6b4762e-00db-a344-b501-3ae2e1e3fd44" testName="Should_Return_Bad_Request_For_Posts(&quot;/Account/Login?ReturnUrl=-7681%20UNION%20ALL%20SELECT%2063%23&quot;)" computerName="V020705" duration="00:00:00.0001240" startTime="2025-04-30T09:15:17.7119992+02:00" endTime="2025-04-30T09:15:17.7121228+02:00" testType="13cdc9d9-ddb5-4fa4-a97d-d965ccfc6d4b" outcome="Passed" testListId="8c84fa94-04c1-424b-9868-57a2d4851a1d" relativeResultsDirectory="b9beb36a-e3d2-4747-ae57-bcb2d9a2546f" />
    <UnitTestResult executionId="d8ed2860-acfa-4813-95a1-0229be742445" testId="54b04061-0118-4aa7-ee8b-4d9dc57a6e37" testName="Returns_Error_For_Invalid_User" computerName="V020705" duration="00:00:00.0415340" startTime="2025-04-30T09:13:59.7423114+02:00" endTime="2025-04-30T09:13:59.7838445+02:00" testType="13cdc9d9-ddb5-4fa4-a97d-d965ccfc6d4b" outcome="Passed" testListId="8c84fa94-04c1-424b-9868-57a2d4851a1d" relativeResultsDirectory="d8ed2860-acfa-4813-95a1-0229be742445" />
    <UnitTestResult executionId="a013d0bc-30c1-42ea-b83a-fe43f91b05f5" testId="91905b82-4046-b5d3-b15b-adb47e3e142b" testName="Should_Return_Bad_Request_For_Posts(&quot;/Account/Login?ReturnUrl=-1925%27%29%20UNION%20ALL%20SELECT%20%27qqqjq%27%7C%7C%27KIxHyOCneOPijrlcxDIpHjSLEBWCsnXHEtFbrGMs%27%7C%7C%27qkqkq%27%2CNULL%2CNULL%2CNULL%2CNULL%2CNULL%2CNULL%2CNULL--%20gkGc&quot;)" computerName="V020705" duration="00:00:00.0001330" startTime="2025-04-30T09:15:17.7022440+02:00" endTime="2025-04-30T09:15:17.7023768+02:00" testType="13cdc9d9-ddb5-4fa4-a97d-d965ccfc6d4b" outcome="Passed" testListId="8c84fa94-04c1-424b-9868-57a2d4851a1d" relativeResultsDirectory="a013d0bc-30c1-42ea-b83a-fe43f91b05f5" />
    <UnitTestResult executionId="c6084e1f-9139-4a8f-944b-c06d30333e28" testId="94a764a6-a4a1-c15f-6764-327bb8240cb2" testName="Should_Return_Bad_Request(&quot;/Account/Login?ReturnUrl=-4326%20UNION%20ALL%20SELECT%2063%2C63%2C63%2C63%2C63%23&quot;)" computerName="V020705" duration="00:00:00.0001190" startTime="2025-04-30T09:15:17.6939494+02:00" endTime="2025-04-30T09:15:17.6940686+02:00" testType="13cdc9d9-ddb5-4fa4-a97d-d965ccfc6d4b" outcome="Passed" testListId="8c84fa94-04c1-424b-9868-57a2d4851a1d" relativeResultsDirectory="c6084e1f-9139-4a8f-944b-c06d30333e28" />
    <UnitTestResult executionId="ed20814e-3ef9-4a63-90b4-c8fcedaec3a4" testId="1b5146a9-c536-7e66-c1af-bc569efa777f" testName="Should_Return_Bad_Request(&quot;/Account/Login?ReturnUrl=-8675%27%29%20UNION%20ALL%20SELECT%2063%2C63%2C63%2C63%2C63%2C63%2C%27qqqjq%27%7C%7C%27QzvegzrvlN%27%7C%7C%27qkqkq%27%2C63--%20blbd&quot;)" computerName="V020705" duration="00:00:00.0002400" startTime="2025-04-30T09:15:17.6776533+02:00" endTime="2025-04-30T09:15:17.6778928+02:00" testType="13cdc9d9-ddb5-4fa4-a97d-d965ccfc6d4b" outcome="Passed" testListId="8c84fa94-04c1-424b-9868-57a2d4851a1d" relativeResultsDirectory="ed20814e-3ef9-4a63-90b4-c8fcedaec3a4" />
    <UnitTestResult executionId="fd4dcb94-fd20-41cf-9df4-cc789ea62c3e" testId="4ec92037-0c64-1a7b-034c-bfecc9924ecc" testName="Should_Return_NotFound_Instead_Of_Crashing" computerName="V020705" duration="00:00:00.0080380" startTime="2025-04-30T09:15:17.7219108+02:00" endTime="2025-04-30T09:15:17.7299486+02:00" testType="13cdc9d9-ddb5-4fa4-a97d-d965ccfc6d4b" outcome="Passed" testListId="8c84fa94-04c1-424b-9868-57a2d4851a1d" relativeResultsDirectory="fd4dcb94-fd20-41cf-9df4-cc789ea62c3e" />
    <UnitTestResult executionId="03f5795e-4361-4948-ae9c-30b50a89bceb" testId="1c0c493c-ec1d-e0e4-801f-294554382941" testName="Returns_Unauthorized" computerName="V020705" duration="00:00:00.0021870" startTime="2025-04-30T09:13:02.1222453+02:00" endTime="2025-04-30T09:13:02.1244315+02:00" testType="13cdc9d9-ddb5-4fa4-a97d-d965ccfc6d4b" outcome="Passed" testListId="8c84fa94-04c1-424b-9868-57a2d4851a1d" relativeResultsDirectory="03f5795e-4361-4948-ae9c-30b50a89bceb" />
    <UnitTestResult executionId="edefd7db-24b2-4d37-9ada-c84d34438357" testId="c3716c7e-3d87-b028-34c4-8e1e184bd8c6" testName="Should_Return_Bad_Request(&quot;/Account/Login?ReturnUrl=-3182%20UNION%20ALL%20SELECT%2063%2C63%2C63%23&quot;)" computerName="V020705" duration="00:00:00.0001870" startTime="2025-04-30T09:15:17.6856348+02:00" endTime="2025-04-30T09:15:17.6858216+02:00" testType="13cdc9d9-ddb5-4fa4-a97d-d965ccfc6d4b" outcome="Passed" testListId="8c84fa94-04c1-424b-9868-57a2d4851a1d" relativeResultsDirectory="edefd7db-24b2-4d37-9ada-c84d34438357" />
    <UnitTestResult executionId="c46ea1e7-263c-4799-8874-8a94fd1d03b0" testId="f7a96a55-17c0-2607-537a-d96eca6b0619" testName="Should_Return_Bad_Request_For_Posts(&quot;/Account/Login?ReturnUrl=-4645%29%20ORDER%20BY%201%23&quot;)" computerName="V020705" duration="00:00:00.0001270" startTime="2025-04-30T09:15:17.7104706+02:00" endTime="2025-04-30T09:15:17.7105973+02:00" testType="13cdc9d9-ddb5-4fa4-a97d-d965ccfc6d4b" outcome="Passed" testListId="8c84fa94-04c1-424b-9868-57a2d4851a1d" relativeResultsDirectory="c46ea1e7-263c-4799-8874-8a94fd1d03b0" />
    <UnitTestResult executionId="dbfbeea3-625c-46cd-a28f-9f8ecc0d6e3f" testId="95d2478f-615f-4728-c162-3766c9fa4889" testName="CHROME_79_MAC" computerName="V020705" duration="00:00:00.1183790" startTime="2025-04-30T09:14:20.4430035+02:00" endTime="2025-04-30T09:14:20.5613793+02:00" testType="13cdc9d9-ddb5-4fa4-a97d-d965ccfc6d4b" outcome="Passed" testListId="8c84fa94-04c1-424b-9868-57a2d4851a1d" relativeResultsDirectory="dbfbeea3-625c-46cd-a28f-9f8ecc0d6e3f" />
    <UnitTestResult executionId="d51eb047-e163-42be-8257-53622f2f54ba" testId="183bc7e4-92b9-5996-c575-edf79a4bfee5" testName="External_User_Can_Login_Successfully_With_CustomerClaims" computerName="V020705" duration="00:00:00.0990120" startTime="2025-04-30T09:14:47.6709981+02:00" endTime="2025-04-30T09:14:47.7700077+02:00" testType="13cdc9d9-ddb5-4fa4-a97d-d965ccfc6d4b" outcome="Passed" testListId="8c84fa94-04c1-424b-9868-57a2d4851a1d" relativeResultsDirectory="d51eb047-e163-42be-8257-53622f2f54ba" />
    <UnitTestResult executionId="ed910977-bc32-4a48-b0bd-0ba170feba6d" testId="4d0a83fc-2ee3-8f42-2d8a-df59079fb170" testName="Should_Return_Bad_Request(&quot;/Account/Login?ReturnUrl=-5386%27%29%20UNION%20ALL%20SELECT%2063%2C63%2C63%2C63%2C63%2C63%2C63%23&quot;)" computerName="V020705" duration="00:00:00.0001900" startTime="2025-04-30T09:15:17.6886314+02:00" endTime="2025-04-30T09:15:17.6888208+02:00" testType="13cdc9d9-ddb5-4fa4-a97d-d965ccfc6d4b" outcome="Passed" testListId="8c84fa94-04c1-424b-9868-57a2d4851a1d" relativeResultsDirectory="ed910977-bc32-4a48-b0bd-0ba170feba6d" />
    <UnitTestResult executionId="42424148-92ba-470b-8d52-01bef0e19f1e" testId="40fd4848-1849-d986-7d4f-c1992abac1da" testName="Should_Return_Bad_Request(&quot;/Account/Login?ReturnUrl=%28SELECT%209951%20FROM%28SELECT%20COUNT%28%2A%29%2CCONCAT%280x7171716a71%2C%28SELECT%20%28ELT%289951%3D9951%2C1%29%29%29%&quot;)" computerName="V020705" duration="00:00:00.0002130" startTime="2025-04-30T09:15:17.6553621+02:00" endTime="2025-04-30T09:15:17.6555749+02:00" testType="13cdc9d9-ddb5-4fa4-a97d-d965ccfc6d4b" outcome="Passed" testListId="8c84fa94-04c1-424b-9868-57a2d4851a1d" relativeResultsDirectory="42424148-92ba-470b-8d52-01bef0e19f1e" />
    <UnitTestResult executionId="90418057-1b4f-47fb-9397-faeeca110210" testId="c2f16de4-6460-5c39-fe4f-9230aeb03e44" testName="Can_Import_ProtectedResources" computerName="V020705" duration="00:00:00.0248680" startTime="2025-04-30T09:14:22.6273107+02:00" endTime="2025-04-30T09:14:22.6521779+02:00" testType="13cdc9d9-ddb5-4fa4-a97d-d965ccfc6d4b" outcome="Passed" testListId="8c84fa94-04c1-424b-9868-57a2d4851a1d" relativeResultsDirectory="90418057-1b4f-47fb-9397-faeeca110210" />
    <UnitTestResult executionId="4181f544-984a-48a5-b754-02d6ab841ace" testId="22938d2a-d707-bc97-ad5f-67ba9b31b886" testName="Should_Return_Bad_Request(&quot;/Account/Login?ReturnUrl=%28SELECT%20%28CASE%20WHEN%20%283850%3D3850%29%20THEN%203850%20ELSE%203850%2A%28SELECT%203850%20FROM%20INFORMATION_SCHEMA.CHARACTER_SETS%29%20END%29%29&quot;)" computerName="V020705" duration="00:00:00.0004210" startTime="2025-04-30T09:15:17.6549357+02:00" endTime="2025-04-30T09:15:17.6553568+02:00" testType="13cdc9d9-ddb5-4fa4-a97d-d965ccfc6d4b" outcome="Passed" testListId="8c84fa94-04c1-424b-9868-57a2d4851a1d" relativeResultsDirectory="4181f544-984a-48a5-b754-02d6ab841ace" />
    <UnitTestResult executionId="2b5327ea-3c24-4f83-bda8-a70f5045b065" testId="dfcc42e0-0120-6fa9-b9a8-1efa9365612e" testName="Returns_BadRequest_If_Email_Is_Missing" computerName="V020705" duration="00:00:00.0073480" startTime="2025-04-30T09:13:07.6175229+02:00" endTime="2025-04-30T09:13:07.6248703+02:00" testType="13cdc9d9-ddb5-4fa4-a97d-d965ccfc6d4b" outcome="Passed" testListId="8c84fa94-04c1-424b-9868-57a2d4851a1d" relativeResultsDirectory="2b5327ea-3c24-4f83-bda8-a70f5045b065" />
    <UnitTestResult executionId="7086e7a6-16ba-403e-997f-703a81e99d5d" testId="c339663a-f66a-5e77-faa9-17bb002caa5c" testName="Reset_Confirmation_Mail_Is_Sent_After_Password_Was_Changed" computerName="V020705" duration="00:00:00.1421080" startTime="2025-04-30T09:13:53.4732460+02:00" endTime="2025-04-30T09:13:53.6153501+02:00" testType="13cdc9d9-ddb5-4fa4-a97d-d965ccfc6d4b" outcome="Passed" testListId="8c84fa94-04c1-424b-9868-57a2d4851a1d" relativeResultsDirectory="7086e7a6-16ba-403e-997f-703a81e99d5d" />
    <UnitTestResult executionId="9ca4bd96-3a37-455d-b337-3f1a7006124e" testId="0b7048e1-b525-a463-fe78-93d61d4140cb" testName="Should_Return_Bad_Request_For_Posts(&quot;/Account/Login?ReturnUrl=-2289%27%29%20UNION%20ALL%20SELECT%20NULL%2CNULL%2CNULL%2CNULL%2CNULL%2C%27qqqjq%27%7C%7C%27mhHqNlZNMFWqToraFpPVyCPkYuXgWIprXYbPvWyz%27%7C%7C%27qkqkq%27%2CNULL%2CNULL--%20HamU&quot;)" computerName="V020705" duration="00:00:00.0001310" startTime="2025-04-30T09:15:17.7021092+02:00" endTime="2025-04-30T09:15:17.7022405+02:00" testType="13cdc9d9-ddb5-4fa4-a97d-d965ccfc6d4b" outcome="Passed" testListId="8c84fa94-04c1-424b-9868-57a2d4851a1d" relativeResultsDirectory="9ca4bd96-3a37-455d-b337-3f1a7006124e" />
    <UnitTestResult executionId="19307f22-4959-4565-a82f-584e23e7aea9" testId="14c1f215-4e58-e8c0-ffc7-ab5d09c4f3b3" testName="Should_Return_Bad_Request(&quot;/Account/Login?ReturnUrl=-6880%25%27%20UNION%20ALL%20SELECT%20NULL%2CNULL%2CNULL%2CNULL%2CNULL%2CNULL%2C%27qqqjq%27%7C%7C%27fMuFZvsddRGvIcsTosuezWFwTLYdIwjGWSnLNClZ%27%7C%7C%27qkqkq%27%2CNULL%2CNULL%2CNULL--%20fBcw&quot;)" computerName="V020705" duration="00:00:00.0003470" startTime="2025-04-30T09:15:17.6797583+02:00" endTime="2025-04-30T09:15:17.6801049+02:00" testType="13cdc9d9-ddb5-4fa4-a97d-d965ccfc6d4b" outcome="Passed" testListId="8c84fa94-04c1-424b-9868-57a2d4851a1d" relativeResultsDirectory="19307f22-4959-4565-a82f-584e23e7aea9" />
    <UnitTestResult executionId="47a03564-f884-443f-8e29-dace82e12f8c" testId="9ead51c3-c2b9-2587-dcde-78331816bacd" testName="Can_Logout(&quot;/remote-signout-TestAzureAD&quot;)" computerName="V020705" duration="00:00:00.0624470" startTime="2025-04-30T09:14:24.9537988+02:00" endTime="2025-04-30T09:14:25.0162442+02:00" testType="13cdc9d9-ddb5-4fa4-a97d-d965ccfc6d4b" outcome="Passed" testListId="8c84fa94-04c1-424b-9868-57a2d4851a1d" relativeResultsDirectory="47a03564-f884-443f-8e29-dace82e12f8c" />
    <UnitTestResult executionId="7ec407a9-d466-4959-a605-cdecf037bbd0" testId="734443cc-fe4b-20d9-e3f2-d96ed1a73d09" testName="Should_Return_Bad_Request(&quot;/Account/Login?ReturnUrl=-3950%27%29%20UNION%20ALL%20SELECT%2063%2C63%2C63%2C63%2C63%2C63%2C63%2C%27qqqjq%27%7C%7C%27jXHIDOZgSNXsvmJIiACPVggCOtvlIeGWWYuXNJhR%27%7C%7C%27qkqkq%27--%20zfYh&quot;)" computerName="V020705" duration="00:00:00.0001640" startTime="2025-04-30T09:15:17.6736117+02:00" endTime="2025-04-30T09:15:17.6737753+02:00" testType="13cdc9d9-ddb5-4fa4-a97d-d965ccfc6d4b" outcome="Passed" testListId="8c84fa94-04c1-424b-9868-57a2d4851a1d" relativeResultsDirectory="7ec407a9-d466-4959-a605-cdecf037bbd0" />
    <UnitTestResult executionId="6d49b8b4-0390-4dd4-be11-c9b4602398c2" testId="a82cfec9-414d-4b9c-d89f-eab11c636084" testName="Should_Return_Bad_Request(&quot;/Account/Login?ReturnUrl=-4911%27%29%20UNION%20ALL%20SELECT%20%27qqqjq%27%7C%7C%27yilzurgwNfkykbHOunjohWlpsxpPqKBGdzbQyJml%27%7C%7C%27qkqkq%27%2C63%2C63%2C63%2C63%2C63%2C63%2C63--%20seOS&quot;)" computerName="V020705" duration="00:00:00.0001689" startTime="2025-04-30T09:15:17.6741631+02:00" endTime="2025-04-30T09:15:17.6743317+02:00" testType="13cdc9d9-ddb5-4fa4-a97d-d965ccfc6d4b" outcome="Passed" testListId="8c84fa94-04c1-424b-9868-57a2d4851a1d" relativeResultsDirectory="6d49b8b4-0390-4dd4-be11-c9b4602398c2" />
    <UnitTestResult executionId="bce35ef2-ffc4-4375-9de9-a3de7b7b80c9" testId="09291de5-fa2d-aec6-8ccd-187e9c2e738c" testName="Should_Return_Bad_Request(&quot;/Account/Login?ReturnUrl=-7634%25%27%20UNION%20ALL%20SELECT%2063%2C63%2C63%23&quot;)" computerName="V020705" duration="00:00:00.0001620" startTime="2025-04-30T09:15:17.6915522+02:00" endTime="2025-04-30T09:15:17.6917144+02:00" testType="13cdc9d9-ddb5-4fa4-a97d-d965ccfc6d4b" outcome="Passed" testListId="8c84fa94-04c1-424b-9868-57a2d4851a1d" relativeResultsDirectory="bce35ef2-ffc4-4375-9de9-a3de7b7b80c9" />
    <UnitTestResult executionId="bfdef6ac-89cb-4461-a08d-988b401f58ad" testId="778eddd1-5f40-1b5e-6137-a17c4ca55f28" testName="Persists_Only_Primary_PhoneNumber" computerName="V020705" duration="00:00:00.0172000" startTime="2025-04-30T09:15:23.4344296+02:00" endTime="2025-04-30T09:15:23.4516287+02:00" testType="13cdc9d9-ddb5-4fa4-a97d-d965ccfc6d4b" outcome="Passed" testListId="8c84fa94-04c1-424b-9868-57a2d4851a1d" relativeResultsDirectory="bfdef6ac-89cb-4461-a08d-988b401f58ad" />
    <UnitTestResult executionId="13b454f3-9c96-49da-be1d-54c6900e8ca8" testId="f00a1dc2-6d87-d290-273d-dcd5e6842f53" testName="Returns_View" computerName="V020705" duration="00:00:00.2044240" startTime="2025-04-30T09:14:08.7120324+02:00" endTime="2025-04-30T09:14:08.9164509+02:00" testType="13cdc9d9-ddb5-4fa4-a97d-d965ccfc6d4b" outcome="Passed" testListId="8c84fa94-04c1-424b-9868-57a2d4851a1d" relativeResultsDirectory="13b454f3-9c96-49da-be1d-54c6900e8ca8" />
    <UnitTestResult executionId="04e85636-c4ea-4f31-b0fc-dd8165ef2401" testId="6a23f1b9-06b9-4efe-f540-d10442fc7f65" testName="Can_Import_IdentityResources" computerName="V020705" duration="00:00:00.0529510" startTime="2025-04-30T09:14:22.5743136+02:00" endTime="2025-04-30T09:14:22.6272636+02:00" testType="13cdc9d9-ddb5-4fa4-a97d-d965ccfc6d4b" outcome="Passed" testListId="8c84fa94-04c1-424b-9868-57a2d4851a1d" relativeResultsDirectory="04e85636-c4ea-4f31-b0fc-dd8165ef2401" />
    <UnitTestResult executionId="036d4ed0-97d1-4751-aaef-92cc3f4cc5e2" testId="9ab117d3-dd51-01d8-14e9-f3f4d6e6832b" testName="Should_Not_Return_Bad_Request(&quot;/Account/Login?ReturnUrl=%2Fsaml%2Fsso%2Flogin%3FrequestId%3DdUgeXzy9f2L4OkOhP2o-XcViARR8oFuIRA&quot;)" computerName="V020705" duration="00:00:00.0156500" startTime="2025-04-30T09:15:17.6351977+02:00" endTime="2025-04-30T09:15:17.6508469+02:00" testType="13cdc9d9-ddb5-4fa4-a97d-d965ccfc6d4b" outcome="Passed" testListId="8c84fa94-04c1-424b-9868-57a2d4851a1d" relativeResultsDirectory="036d4ed0-97d1-4751-aaef-92cc3f4cc5e2" />
    <UnitTestResult executionId="46e11d4b-711e-4481-9f94-7e7f83d1ca57" testId="4a41963f-48b5-1af5-918b-2a9b72dbe27d" testName="Should_Return_Bad_Request(&quot;/Account/Login?ReturnUrl=-1969%25%27%20UNION%20ALL%20SELECT%20NULL%2C%27qqqjq%27%7C%7C%27rHPLLbFQNC%27%7C%7C%27qkqkq%27%2CNULL%2CNULL%2CNULL%2CNULL%2CNULL%2CNULL%2CNULL%2CNULL--%20IyWo&quot;)" computerName="V020705" duration="00:00:00.0001720" startTime="2025-04-30T09:15:17.6811535+02:00" endTime="2025-04-30T09:15:17.6813251+02:00" testType="13cdc9d9-ddb5-4fa4-a97d-d965ccfc6d4b" outcome="Passed" testListId="8c84fa94-04c1-424b-9868-57a2d4851a1d" relativeResultsDirectory="46e11d4b-711e-4481-9f94-7e7f83d1ca57" />
    <UnitTestResult executionId="f1237f91-4a49-4523-bbbd-b02506bcacee" testId="e6f0fbdc-89d7-c256-6e4a-ab71c4a24421" testName="EDGE_81_WIN" computerName="V020705" duration="00:00:00.1300610" startTime="2025-04-30T09:14:20.6796299+02:00" endTime="2025-04-30T09:14:20.8096881+02:00" testType="13cdc9d9-ddb5-4fa4-a97d-d965ccfc6d4b" outcome="Passed" testListId="8c84fa94-04c1-424b-9868-57a2d4851a1d" relativeResultsDirectory="f1237f91-4a49-4523-bbbd-b02506bcacee" />
    <UnitTestResult executionId="b6583607-97c1-47fe-ac25-b2c5dae9ae0d" testId="5ea77635-2124-4d2b-cb4c-592a30023fc2" testName="Should_Return_Bad_Request(&quot;/Account/Login?ReturnUrl=-1561%27%29%20UNION%20ALL%20SELECT%20NULL%2CNULL%2CNULL%2C%27qqqjq%27%7C%7C%27gixApvCcroetDHpwNBKKzPquepYgdiIFBGIGecgN%27%7C%7C%27qkqkq%27%2CNULL%2CNULL%2CNULL%2CNULL--%20wUOZ&quot;)" computerName="V020705" duration="00:00:00.0004730" startTime="2025-04-30T09:15:17.6675875+02:00" endTime="2025-04-30T09:15:17.6680597+02:00" testType="13cdc9d9-ddb5-4fa4-a97d-d965ccfc6d4b" outcome="Passed" testListId="8c84fa94-04c1-424b-9868-57a2d4851a1d" relativeResultsDirectory="b6583607-97c1-47fe-ac25-b2c5dae9ae0d" />
    <UnitTestResult executionId="d7080810-8fff-4550-ae7e-226f50c87d94" testId="bcb08573-2035-7da5-beca-b3704537136d" testName="Returns_CSP_Headers" computerName="V020705" duration="00:00:00.0285020" startTime="2025-04-30T09:13:53.0120075+02:00" endTime="2025-04-30T09:13:53.0405081+02:00" testType="13cdc9d9-ddb5-4fa4-a97d-d965ccfc6d4b" outcome="Passed" testListId="8c84fa94-04c1-424b-9868-57a2d4851a1d" relativeResultsDirectory="d7080810-8fff-4550-ae7e-226f50c87d94" />
    <UnitTestResult executionId="a1436ddb-d960-423f-af52-19407a91a58d" testId="cf160c9d-8c33-774e-8bf5-9abbeafe9a6c" testName="Returns_Error_For_Missing_Antiforgery" computerName="V020705" duration="00:00:00.0032380" startTime="2025-04-30T09:14:05.4042173+02:00" endTime="2025-04-30T09:14:05.4074550+02:00" testType="13cdc9d9-ddb5-4fa4-a97d-d965ccfc6d4b" outcome="Passed" testListId="8c84fa94-04c1-424b-9868-57a2d4851a1d" relativeResultsDirectory="a1436ddb-d960-423f-af52-19407a91a58d" />
    <UnitTestResult executionId="89680df1-1407-4f63-b957-5563a1438f17" testId="6ddb5b9b-4fae-4bff-a95e-82a68b35fc4c" testName="Should_Return_Bad_Request(&quot;/Account/Login?ReturnUrl=-6921%25%27%20UNION%20ALL%20SELECT%20NULL%2CNULL%2CNULL%2CNULL%2C%27qqqjq%27%7C%7C%27satEBgyUIvrhNLWErOCQzAtgcvFXCHmNbqPOPoSF%27%7C%7C%27qkqkq%27%2CNULL%2CNULL%2CNULL%2CNULL%2CNULL--%20kCMn&quot;)" computerName="V020705" duration="00:00:00.0002130" startTime="2025-04-30T09:15:17.6781000+02:00" endTime="2025-04-30T09:15:17.6783128+02:00" testType="13cdc9d9-ddb5-4fa4-a97d-d965ccfc6d4b" outcome="Passed" testListId="8c84fa94-04c1-424b-9868-57a2d4851a1d" relativeResultsDirectory="89680df1-1407-4f63-b957-5563a1438f17" />
    <UnitTestResult executionId="28e0c57f-7682-4d50-a4a2-d25cf786ca71" testId="0ef7f403-c758-0626-5495-f873bcba95d1" testName="Should_Return_Bad_Request_For_Posts(&quot;/Account/Login?ReturnUrl=-8683%29%20UNION%20ALL%20SELECT%2063%2C63%2C63%2C63%2C63%23&quot;)" computerName="V020705" duration="00:00:00.0001250" startTime="2025-04-30T09:15:17.7111148+02:00" endTime="2025-04-30T09:15:17.7112395+02:00" testType="13cdc9d9-ddb5-4fa4-a97d-d965ccfc6d4b" outcome="Passed" testListId="8c84fa94-04c1-424b-9868-57a2d4851a1d" relativeResultsDirectory="28e0c57f-7682-4d50-a4a2-d25cf786ca71" />
    <UnitTestResult executionId="0cfcfe0c-4115-45f5-a24c-3e5a7ced57bf" testId="dd8973fa-6be0-389d-82a6-b1b6b5069686" testName="Should_Return_Bad_Request_For_Posts(&quot;/Account/Login?ReturnUrl=-4721%27%20UNION%20ALL%20SELECT%2063%2C63%2C63%23&quot;)" computerName="V020705" duration="00:00:00.0001250" startTime="2025-04-30T09:15:17.7153572+02:00" endTime="2025-04-30T09:15:17.7154821+02:00" testType="13cdc9d9-ddb5-4fa4-a97d-d965ccfc6d4b" outcome="Passed" testListId="8c84fa94-04c1-424b-9868-57a2d4851a1d" relativeResultsDirectory="0cfcfe0c-4115-45f5-a24c-3e5a7ced57bf" />
    <UnitTestResult executionId="4a63569a-7f96-4c54-b2e5-95cebf46c485" testId="4d3e3b39-70c3-ead5-5dca-cc60fe95324a" testName="Returns_Ok_When_User_Was_Deleted" computerName="V020705" duration="00:00:00.0672280" startTime="2025-04-30T09:13:29.0337675+02:00" endTime="2025-04-30T09:13:29.1009938+02:00" testType="13cdc9d9-ddb5-4fa4-a97d-d965ccfc6d4b" outcome="Passed" testListId="8c84fa94-04c1-424b-9868-57a2d4851a1d" relativeResultsDirectory="4a63569a-7f96-4c54-b2e5-95cebf46c485" />
    <UnitTestResult executionId="b949bc17-06cb-4236-b596-dea57667dc8d" testId="ea9d0c0a-e4b4-9ddd-d885-1688ca05820e" testName="Returns_Success" computerName="V020705" duration="00:00:00.1614080" startTime="2025-04-30T09:15:11.0472003+02:00" endTime="2025-04-30T09:15:11.2086044+02:00" testType="13cdc9d9-ddb5-4fa4-a97d-d965ccfc6d4b" outcome="Passed" testListId="8c84fa94-04c1-424b-9868-57a2d4851a1d" relativeResultsDirectory="b949bc17-06cb-4236-b596-dea57667dc8d" />
    <UnitTestResult executionId="9710b127-e4d5-4494-aca3-2d029d481fcc" testId="4023dd35-63f3-1ab2-3bec-c080b279346d" testName="FIREFOX_72_WIN" computerName="V020705" duration="00:00:00.1100730" startTime="2025-04-30T09:14:21.8588705+02:00" endTime="2025-04-30T09:14:21.9689405+02:00" testType="13cdc9d9-ddb5-4fa4-a97d-d965ccfc6d4b" outcome="Passed" testListId="8c84fa94-04c1-424b-9868-57a2d4851a1d" relativeResultsDirectory="9710b127-e4d5-4494-aca3-2d029d481fcc" />
    <UnitTestResult executionId="17146274-84bd-471d-95ad-090080c13812" testId="af12e411-a69d-71b5-5cfa-7ba5473fa343" testName="TestProcess" computerName="V020705" duration="00:00:05.6409779" startTime="2025-04-30T09:15:39.9945192+02:00" endTime="2025-04-30T09:15:45.6353724+02:00" testType="13cdc9d9-ddb5-4fa4-a97d-d965ccfc6d4b" outcome="Passed" testListId="8c84fa94-04c1-424b-9868-57a2d4851a1d" relativeResultsDirectory="17146274-84bd-471d-95ad-090080c13812" />
    <UnitTestResult executionId="8aa8d15e-7298-4cec-878c-733fbbd52643" testId="11d10453-7be0-e245-eb86-1d480d741b0b" testName="Should_Return_Bad_Request(&quot;/Account/Login?ReturnUrl=-7896%20UNION%20ALL%20SELECT%2063%2C63%2C63%23&quot;)" computerName="V020705" duration="00:00:00.0001480" startTime="2025-04-30T09:15:17.6936743+02:00" endTime="2025-04-30T09:15:17.6938220+02:00" testType="13cdc9d9-ddb5-4fa4-a97d-d965ccfc6d4b" outcome="Passed" testListId="8c84fa94-04c1-424b-9868-57a2d4851a1d" relativeResultsDirectory="8aa8d15e-7298-4cec-878c-733fbbd52643" />
    <UnitTestResult executionId="1893dda4-7234-474b-a891-d77b557edfa7" testId="9c02bb0a-12e9-659a-1b8b-b6e06658d050" testName="Should_Return_Bad_Request_For_Posts(&quot;/Account/Login?ReturnUrl=-1630%25%27%20UNION%20ALL%20SELECT%20NULL%2CNULL%2CNULL%2CNULL%2CNULL%2CNULL%2CNULL%2C%27qqqjq%27%7C%7C%27GnrWvrRvKAcUuqNbMWwZQMsSkkHYuGjHZpFrWKRU%27%7C%7C%27qkqkq%27%2CNULL%2CNULL--%20eYMm&quot;)" computerName="V020705" duration="00:00:00.0001280" startTime="2025-04-30T09:15:17.7072168+02:00" endTime="2025-04-30T09:15:17.7073444+02:00" testType="13cdc9d9-ddb5-4fa4-a97d-d965ccfc6d4b" outcome="Passed" testListId="8c84fa94-04c1-424b-9868-57a2d4851a1d" relativeResultsDirectory="1893dda4-7234-474b-a891-d77b557edfa7" />
    <UnitTestResult executionId="6c419f10-2b7e-4634-b1bf-2cffb9cbef17" testId="de25731f-4d3b-a33b-1d53-c95a1b7ccb95" testName="Publish_UserDeletedEvent" computerName="V020705" duration="00:00:00.0484950" startTime="2025-04-30T09:15:28.9239431+02:00" endTime="2025-04-30T09:15:28.9724365+02:00" testType="13cdc9d9-ddb5-4fa4-a97d-d965ccfc6d4b" outcome="Passed" testListId="8c84fa94-04c1-424b-9868-57a2d4851a1d" relativeResultsDirectory="6c419f10-2b7e-4634-b1bf-2cffb9cbef17" />
    <UnitTestResult executionId="695db021-b246-4ae6-bec6-9b52b6c67266" testId="3b9f6991-fc39-3fbd-2c98-79a0beed8b59" testName="Does_Not_Update_Non_CHG_User" computerName="V020705" duration="00:00:00.0248660" startTime="2025-04-30T09:15:39.7613412+02:00" endTime="2025-04-30T09:15:39.7862058+02:00" testType="13cdc9d9-ddb5-4fa4-a97d-d965ccfc6d4b" outcome="Passed" testListId="8c84fa94-04c1-424b-9868-57a2d4851a1d" relativeResultsDirectory="695db021-b246-4ae6-bec6-9b52b6c67266" />
    <UnitTestResult executionId="39ebf20d-ac91-4d29-8890-9736f24d9f08" testId="eea5c286-f17b-fc29-5579-88984fc2fc64" testName="Can_Not_Login_With_Wrong_User" computerName="V020705" duration="00:00:00.0549410" startTime="2025-04-30T09:13:52.9373665+02:00" endTime="2025-04-30T09:13:52.9923058+02:00" testType="13cdc9d9-ddb5-4fa4-a97d-d965ccfc6d4b" outcome="Passed" testListId="8c84fa94-04c1-424b-9868-57a2d4851a1d" relativeResultsDirectory="39ebf20d-ac91-4d29-8890-9736f24d9f08" />
    <UnitTestResult executionId="4da5eea4-63cd-4764-a80d-722dcda93eeb" testId="b9b6c803-81cc-bb25-49ed-9059776b3dc1" testName="Returns_Success_When_Enter_Correct_Code" computerName="V020705" duration="00:00:05.7327630" startTime="2025-04-30T09:14:36.1267570+02:00" endTime="2025-04-30T09:14:41.8593920+02:00" testType="13cdc9d9-ddb5-4fa4-a97d-d965ccfc6d4b" outcome="Passed" testListId="8c84fa94-04c1-424b-9868-57a2d4851a1d" relativeResultsDirectory="4da5eea4-63cd-4764-a80d-722dcda93eeb" />
    <UnitTestResult executionId="a4b40651-f27b-4f6f-86e2-1cfb6c1d5699" testId="b3f6d608-4789-ce34-ce43-bdca0ab93c08" testName="Contains_Idp_Claim" computerName="V020705" duration="00:00:00.1554210" startTime="2025-04-30T09:15:10.5961966+02:00" endTime="2025-04-30T09:15:10.7516137+02:00" testType="13cdc9d9-ddb5-4fa4-a97d-d965ccfc6d4b" outcome="Passed" testListId="8c84fa94-04c1-424b-9868-57a2d4851a1d" relativeResultsDirectory="a4b40651-f27b-4f6f-86e2-1cfb6c1d5699" />
    <UnitTestResult executionId="2a4443b8-2d98-4e96-95c3-187a7bea316a" testId="0a5fe888-b57a-ec47-f88b-2c01f4587026" testName="Should_Return_Bad_Request_For_Posts(&quot;/Account/Login?ReturnUrl=-2439%25%27%20UNION%20ALL%20SELECT%2063%2C63%2C63%2C63%2C63%2C63%2C63%2C63%23&quot;)" computerName="V020705" duration="00:00:00.0004850" startTime="2025-04-30T09:15:17.7176841+02:00" endTime="2025-04-30T09:15:17.7181688+02:00" testType="13cdc9d9-ddb5-4fa4-a97d-d965ccfc6d4b" outcome="Passed" testListId="8c84fa94-04c1-424b-9868-57a2d4851a1d" relativeResultsDirectory="2a4443b8-2d98-4e96-95c3-187a7bea316a" />
    <UnitTestResult executionId="33c6026b-b599-469f-8c70-0bf1a00d61b9" testId="5e28a4ca-d6cc-7493-067f-d26e02ff0cbc" testName="Should_Return_Bad_Request(&quot;/Account/Login?ReturnUrl=-6070%27%29%20UNION%20ALL%20SELECT%20%27qqqjq%27%7C%7C%27HNyzojVPZh%27%7C%7C%27qkqkq%27%2CNULL%2CNULL%2CNULL%2CNULL%2CNULL%2CNULL%2CNULL--%20GyGw&quot;)" computerName="V020705" duration="00:00:00.0003300" startTime="2025-04-30T09:15:17.6710368+02:00" endTime="2025-04-30T09:15:17.6713664+02:00" testType="13cdc9d9-ddb5-4fa4-a97d-d965ccfc6d4b" outcome="Passed" testListId="8c84fa94-04c1-424b-9868-57a2d4851a1d" relativeResultsDirectory="33c6026b-b599-469f-8c70-0bf1a00d61b9" />
    <UnitTestResult executionId="d81db16b-c4d4-49ec-a2bc-7abc77e0d068" testId="a9b0c1f1-bcd5-428f-014b-147652ec89d4" testName="Returns_AccessDenied_When_Insufficent_Permissions" computerName="V020705" duration="00:00:00.3401300" startTime="2025-04-30T09:14:07.7939191+02:00" endTime="2025-04-30T09:14:08.1340412+02:00" testType="13cdc9d9-ddb5-4fa4-a97d-d965ccfc6d4b" outcome="Passed" testListId="8c84fa94-04c1-424b-9868-57a2d4851a1d" relativeResultsDirectory="d81db16b-c4d4-49ec-a2bc-7abc77e0d068" />
    <UnitTestResult executionId="1288052f-6e8c-49d0-9e1c-8e8e5788ab20" testId="7cd4ca35-51f4-2947-7ecb-88baca9086cc" testName="Should_Return_Bad_Request_For_Posts(&quot;/Account/Login?ReturnUrl=-3182%20UNION%20ALL%20SELECT%2063%2C63%2C63%23&quot;)" computerName="V020705" duration="00:00:00.0002460" startTime="2025-04-30T09:15:17.7122958+02:00" endTime="2025-04-30T09:15:17.7125419+02:00" testType="13cdc9d9-ddb5-4fa4-a97d-d965ccfc6d4b" outcome="Passed" testListId="8c84fa94-04c1-424b-9868-57a2d4851a1d" relativeResultsDirectory="1288052f-6e8c-49d0-9e1c-8e8e5788ab20" />
    <UnitTestResult executionId="c9f27ffb-0873-458e-ae2f-0436d9b75bd7" testId="44bfd2c1-617b-b579-b432-0f2a9014280c" testName="Returns_Error_For_Invalid_Permissions" computerName="V020705" duration="00:00:00.4188880" startTime="2025-04-30T09:14:16.7418810+02:00" endTime="2025-04-30T09:14:17.1607586+02:00" testType="13cdc9d9-ddb5-4fa4-a97d-d965ccfc6d4b" outcome="Passed" testListId="8c84fa94-04c1-424b-9868-57a2d4851a1d" relativeResultsDirectory="c9f27ffb-0873-458e-ae2f-0436d9b75bd7" />
    <UnitTestResult executionId="97e06478-143d-45f9-b151-d7a2b8f14c78" testId="bace813d-2d3f-3b48-c79d-9632fe87ed52" testName="Should_Return_Bad_Request(&quot;/Account/Login?ReturnUrl=-5014%25%27%20UNION%20ALL%20SELECT%20NULL%2CNULL%2CNULL%2C%27qqqjq%27%7C%7C%27kUFcmXNEkeOpKSyUKjpILAGxPlyyxMdmYckCDLnT%27%7C%7C%27qkqkq%27%2CNULL%2CNULL%2CNULL%2CNULL%2CNULL%2CNULL--%20IFmi&quot;)" computerName="V020705" duration="00:00:00.0001970" startTime="2025-04-30T09:15:17.6793552+02:00" endTime="2025-04-30T09:15:17.6795517+02:00" testType="13cdc9d9-ddb5-4fa4-a97d-d965ccfc6d4b" outcome="Passed" testListId="8c84fa94-04c1-424b-9868-57a2d4851a1d" relativeResultsDirectory="97e06478-143d-45f9-b151-d7a2b8f14c78" />
    <UnitTestResult executionId="b763458f-ff83-4a04-ad4c-106dd8ef38e3" testId="87c3ae1e-c3c0-3eb1-8ca6-4df95598ff30" testName="Should_Return_Bad_Request_For_Posts(&quot;/Account/Login?ReturnUrl=-7538%27%29%20UNION%20ALL%20SELECT%2063%2C63%2C63%2C63%2C63%2C63%2C63%2C%27qqqjq%27%7C%7C%27cOwDntpefj%27%7C%7C%27qkqkq%27--%20NGHx&quot;)" computerName="V020705" duration="00:00:00.0001280" startTime="2025-04-30T09:15:17.7054384+02:00" endTime="2025-04-30T09:15:17.7055660+02:00" testType="13cdc9d9-ddb5-4fa4-a97d-d965ccfc6d4b" outcome="Passed" testListId="8c84fa94-04c1-424b-9868-57a2d4851a1d" relativeResultsDirectory="b763458f-ff83-4a04-ad4c-106dd8ef38e3" />
    <UnitTestResult executionId="7556f5f0-ea8f-43a2-b60b-18add0324a80" testId="e7911634-aa70-745b-66dc-d0d5867b1efc" testName="External_User_Can_Login_Successfully" computerName="V020705" duration="00:00:05.4722930" startTime="2025-04-30T09:14:42.0970618+02:00" endTime="2025-04-30T09:14:47.5692334+02:00" testType="13cdc9d9-ddb5-4fa4-a97d-d965ccfc6d4b" outcome="Passed" testListId="8c84fa94-04c1-424b-9868-57a2d4851a1d" relativeResultsDirectory="7556f5f0-ea8f-43a2-b60b-18add0324a80" />
    <UnitTestResult executionId="8845d702-ad13-481c-9bcf-67c3306f8e56" testId="fa80dd76-1258-d1e4-32a9-f7e7cdcac54d" testName="CHROME_55_WIN" computerName="V020705" duration="00:00:00.1621850" startTime="2025-04-30T09:14:19.9161523+02:00" endTime="2025-04-30T09:14:20.0783326+02:00" testType="13cdc9d9-ddb5-4fa4-a97d-d965ccfc6d4b" outcome="Passed" testListId="8c84fa94-04c1-424b-9868-57a2d4851a1d" relativeResultsDirectory="8845d702-ad13-481c-9bcf-67c3306f8e56" />
    <UnitTestResult executionId="357baaec-5756-48df-bc65-845ed47f2ae3" testId="0f50a59a-e1c8-953a-57f2-f661829ed2bc" testName="Returns_LoginRequest_When_Not_Logged_In" computerName="V020705" duration="00:00:00.1572940" startTime="2025-04-30T09:14:16.2949833+02:00" endTime="2025-04-30T09:14:16.4522729+02:00" testType="13cdc9d9-ddb5-4fa4-a97d-d965ccfc6d4b" outcome="Passed" testListId="8c84fa94-04c1-424b-9868-57a2d4851a1d" relativeResultsDirectory="357baaec-5756-48df-bc65-845ed47f2ae3" />
    <UnitTestResult executionId="d6ea4f89-7b89-4c27-ad43-e786ab6f0df7" testId="b452a35d-4209-f2e9-c2f2-beeeadbeea73" testName="Should_Return_Bad_Request(&quot;/Account/Login?ReturnUrl=-8683%29%20UNION%20ALL%20SELECT%2063%2C63%2C63%2C63%2C63%23&quot;)" computerName="V020705" duration="00:00:00.0001210" startTime="2025-04-30T09:15:17.6841730+02:00" endTime="2025-04-30T09:15:17.6842942+02:00" testType="13cdc9d9-ddb5-4fa4-a97d-d965ccfc6d4b" outcome="Passed" testListId="8c84fa94-04c1-424b-9868-57a2d4851a1d" relativeResultsDirectory="d6ea4f89-7b89-4c27-ad43-e786ab6f0df7" />
    <UnitTestResult executionId="969c9108-1f44-4d9c-b86b-87050e5437b9" testId="09989d87-3bfc-7583-a521-521873b34e23" testName="Should_Return_Bad_Request_For_Posts(&quot;/Account/Login?ReturnUrl=-9578%25%27%20UNION%20ALL%20SELECT%2063%2C63%23&quot;)" computerName="V020705" duration="00:00:00.0001210" startTime="2025-04-30T09:15:17.7166326+02:00" endTime="2025-04-30T09:15:17.7167531+02:00" testType="13cdc9d9-ddb5-4fa4-a97d-d965ccfc6d4b" outcome="Passed" testListId="8c84fa94-04c1-424b-9868-57a2d4851a1d" relativeResultsDirectory="969c9108-1f44-4d9c-b86b-87050e5437b9" />
    <UnitTestResult executionId="ba16c6bc-2bda-4d62-8b41-c9f61c8c5f64" testId="94b6e7bc-9826-a0e2-3997-caebe16602e1" testName="Should_Return_Bad_Request_For_Posts(&quot;/Account/Login?ReturnUrl=-4253%27%29%20UNION%20ALL%20SELECT%2063%2C63%2C%27qqqjq%27%7C%7C%27iSEoivMCWmmUyjlfRyrKahdXgnlVfPRqcmwYNrnq%27%7C%7C%27qkqkq%27%2C63%2C63%2C63%2C63%2C63--%20IMhI&quot;)" computerName="V020705" duration="00:00:00.0001280" startTime="2025-04-30T09:15:17.7044737+02:00" endTime="2025-04-30T09:15:17.7046015+02:00" testType="13cdc9d9-ddb5-4fa4-a97d-d965ccfc6d4b" outcome="Passed" testListId="8c84fa94-04c1-424b-9868-57a2d4851a1d" relativeResultsDirectory="ba16c6bc-2bda-4d62-8b41-c9f61c8c5f64" />
    <UnitTestResult executionId="bb032aca-45ae-4fe5-8188-902f90060625" testId="d6623eb5-9df6-31aa-84c5-c2f48c44b7c9" testName="Should_Return_Bad_Request(&quot;/Account/Login?ReturnUrl=-5281%20UNION%20ALL%20SELECT%2063%2C63%2C63%2C63%2C63%2C63%2C63%2C63%2C63%2C63%23&quot;)" computerName="V020705" duration="00:00:00.0001340" startTime="2025-04-30T09:15:17.6945558+02:00" endTime="2025-04-30T09:15:17.6946893+02:00" testType="13cdc9d9-ddb5-4fa4-a97d-d965ccfc6d4b" outcome="Passed" testListId="8c84fa94-04c1-424b-9868-57a2d4851a1d" relativeResultsDirectory="bb032aca-45ae-4fe5-8188-902f90060625" />
    <UnitTestResult executionId="c937559d-1e22-4a13-902d-1a165babe3a7" testId="c0dcf77f-ead3-be26-10c5-4d6172c94f16" testName="Can_Overwrite_Values" computerName="V020705" duration="00:00:00.1520940" startTime="2025-04-30T09:14:24.1269991+02:00" endTime="2025-04-30T09:14:24.2790885+02:00" testType="13cdc9d9-ddb5-4fa4-a97d-d965ccfc6d4b" outcome="Passed" testListId="8c84fa94-04c1-424b-9868-57a2d4851a1d" relativeResultsDirectory="c937559d-1e22-4a13-902d-1a165babe3a7" />
    <UnitTestResult executionId="cb5d4d01-b60b-4c51-b0bf-832538ddeff8" testId="a422f52a-1a2e-833e-36b3-c87ed6311f88" testName="Can_Logout(&quot;/signout-callback-TestSAML&quot;)" computerName="V020705" duration="00:00:00.0764180" startTime="2025-04-30T09:14:25.5788021+02:00" endTime="2025-04-30T09:14:25.6552182+02:00" testType="13cdc9d9-ddb5-4fa4-a97d-d965ccfc6d4b" outcome="Passed" testListId="8c84fa94-04c1-424b-9868-57a2d4851a1d" relativeResultsDirectory="cb5d4d01-b60b-4c51-b0bf-832538ddeff8" />
    <UnitTestResult executionId="5b9cc67d-0e0d-4697-ab16-3fca532f4397" testId="208efa82-d99a-efb6-d0cd-eae37babef63" testName="Returns_Empty_List_For_Non_Federated_User(&quot;test.employee&quot;)" computerName="V020705" duration="00:00:05.3320040" startTime="2025-04-30T09:13:34.6186936+02:00" endTime="2025-04-30T09:13:39.9505791+02:00" testType="13cdc9d9-ddb5-4fa4-a97d-d965ccfc6d4b" outcome="Passed" testListId="8c84fa94-04c1-424b-9868-57a2d4851a1d" relativeResultsDirectory="5b9cc67d-0e0d-4697-ab16-3fca532f4397" />
    <UnitTestResult executionId="6973200d-9191-4924-9e96-88ca756bedc9" testId="d1ae0028-393b-0792-4f1d-c600476a28ad" testName="Allows_Cors_For_Configured_Domains(&quot;https://integrationtest.com&quot;,&quot;/connect/token&quot;)" computerName="V020705" duration="00:00:00.0080270" startTime="2025-04-30T09:15:17.1829626+02:00" endTime="2025-04-30T09:15:17.1909895+02:00" testType="13cdc9d9-ddb5-4fa4-a97d-d965ccfc6d4b" outcome="Passed" testListId="8c84fa94-04c1-424b-9868-57a2d4851a1d" relativeResultsDirectory="6973200d-9191-4924-9e96-88ca756bedc9" />
    <UnitTestResult executionId="f19be062-0242-49b3-b588-e688b898bb07" testId="9d82869e-08db-c6fe-9534-e4d53bf2f481" testName="Returns_Success(&quot;mvc&quot;)" computerName="V020705" duration="00:00:00.1121020" startTime="2025-04-30T09:14:05.4846408+02:00" endTime="2025-04-30T09:14:05.5967395+02:00" testType="13cdc9d9-ddb5-4fa4-a97d-d965ccfc6d4b" outcome="Passed" testListId="8c84fa94-04c1-424b-9868-57a2d4851a1d" relativeResultsDirectory="f19be062-0242-49b3-b588-e688b898bb07" />
    <UnitTestResult executionId="48ce4ec6-9bfd-4eb6-a7e3-02889e8e69a5" testId="e83e1c1b-19f6-6117-8fca-0c52a2f0db26" testName="Should_Return_Bad_Request_For_Posts(&quot;/Account/Login?ReturnUrl=-5042%25%27%20UNION%20ALL%20SELECT%2063%2C63%2C63%2C63%2C63%2C63%2C63%2C63%2C63%23&quot;)" computerName="V020705" duration="00:00:00.0002880" startTime="2025-04-30T09:15:17.7181840+02:00" endTime="2025-04-30T09:15:17.7184715+02:00" testType="13cdc9d9-ddb5-4fa4-a97d-d965ccfc6d4b" outcome="Passed" testListId="8c84fa94-04c1-424b-9868-57a2d4851a1d" relativeResultsDirectory="48ce4ec6-9bfd-4eb6-a7e3-02889e8e69a5" />
    <UnitTestResult executionId="6a76ba91-c33f-4d7d-a136-dd5e5690eba3" testId="388aab8e-c807-fd29-d175-d6d6b1799de5" testName="Should_Return_Bad_Request_For_Posts(&quot;/Account/Login?ReturnUrl=%28SELECT%20CHAR%28113%29%2BCHAR%28113%29%2BCHAR%28113%29%2BCHAR%28106%29%2BCHAR%28113%29%2B%28SELECT%20%28CASE%20WHEN%20%282804%3D2804%29%20THEN%20CHAR%2849%29%20ELSE%20CHAR%2848%29%20END%29%29%2BCHAR%28113%29%2BCHAR%28107%29%2BCHAR%28113%29%2BCHAR%28107%29%2BCHAR%28113%29%&quot;)" computerName="V020705" duration="00:00:00.0001350" startTime="2025-04-30T09:15:17.7019705+02:00" endTime="2025-04-30T09:15:17.7021050+02:00" testType="13cdc9d9-ddb5-4fa4-a97d-d965ccfc6d4b" outcome="Passed" testListId="8c84fa94-04c1-424b-9868-57a2d4851a1d" relativeResultsDirectory="6a76ba91-c33f-4d7d-a136-dd5e5690eba3" />
    <UnitTestResult executionId="0005e163-758e-4e18-9ce2-051493d6b5b4" testId="126363b0-4378-e199-c836-fb802b39e421" testName="Can_Logout(&quot;/federation/TestAzureAD/signout&quot;)" computerName="V020705" duration="00:00:00.0317530" startTime="2025-04-30T09:14:25.0493585+02:00" endTime="2025-04-30T09:14:25.0811107+02:00" testType="13cdc9d9-ddb5-4fa4-a97d-d965ccfc6d4b" outcome="Passed" testListId="8c84fa94-04c1-424b-9868-57a2d4851a1d" relativeResultsDirectory="0005e163-758e-4e18-9ce2-051493d6b5b4" />
    <UnitTestResult executionId="70815509-8060-4b1e-b68f-6318aa8e0e5f" testId="ceae852b-3f93-c8b4-8085-cd1d152f61f0" testName="Returns_Error_For_Missing_Parameters" computerName="V020705" duration="00:00:00.0279760" startTime="2025-04-30T09:13:59.7839128+02:00" endTime="2025-04-30T09:13:59.8118876+02:00" testType="13cdc9d9-ddb5-4fa4-a97d-d965ccfc6d4b" outcome="Passed" testListId="8c84fa94-04c1-424b-9868-57a2d4851a1d" relativeResultsDirectory="70815509-8060-4b1e-b68f-6318aa8e0e5f" />
    <UnitTestResult executionId="97e05b4f-8474-4559-9e70-c6de1e8c9146" testId="8f90776b-f34c-793e-1f7d-6fc8734a73a7" testName="Should_Return_Bad_Request(&quot;/Account/Login?ReturnUrl=%28SELECT%20%28CHR%28113%29%7C%7CCHR%28113%29%7C%7CCHR%28113%29%7C%7CCHR%28106%29%7C%7CCHR%28113%29%29%7C%7C%28SELECT%20%28CASE%20WHEN%20%287230%3D7230%29%20THEN%201%20ELSE%200%20END%29%29%3A%3Atext%7C%7C%28CHR%28113%29%7C%7CCHR%28107%29%7C%7CCHR%28113%29%7C%7CCHR%28107%29%7C%7CCHR%28113%29%29%29&quot;)" computerName="V020705" duration="00:00:00.0106890" startTime="2025-04-30T09:15:17.6557222+02:00" endTime="2025-04-30T09:15:17.6664109+02:00" testType="13cdc9d9-ddb5-4fa4-a97d-d965ccfc6d4b" outcome="Passed" testListId="8c84fa94-04c1-424b-9868-57a2d4851a1d" relativeResultsDirectory="97e05b4f-8474-4559-9e70-c6de1e8c9146" />
    <UnitTestResult executionId="72b32b31-2080-4275-946a-ddc0046bd401" testId="0fa3ee2d-5029-b353-98b7-ff071ff1883a" testName="Returns_An_IsError_TokenResult_For_Invalid_Client_Id" computerName="V020705" duration="00:00:00.0077980" startTime="2025-04-30T09:14:36.1116756+02:00" endTime="2025-04-30T09:14:36.1194735+02:00" testType="13cdc9d9-ddb5-4fa4-a97d-d965ccfc6d4b" outcome="Passed" testListId="8c84fa94-04c1-424b-9868-57a2d4851a1d" relativeResultsDirectory="72b32b31-2080-4275-946a-ddc0046bd401" />
    <UnitTestResult executionId="a309736a-5ace-47a1-9e83-29d66332e86e" testId="ac0f6d6d-15e0-abde-7dd7-1bd567d0debe" testName="Should_Return_Bad_Request(&quot;/Account/Login?ReturnUrl=-9926%25%27%20UNION%20ALL%20SELECT%20%27qqqjq%27%7C%7C%27zMFMfGpdyq%27%7C%7C%27qkqkq%27%2CNULL%2CNULL%2CNULL%2CNULL%2CNULL%2CNULL%2CNULL%2CNULL%2CNULL--%20AraL&quot;)" computerName="V020705" duration="00:00:00.0001870" startTime="2025-04-30T09:15:17.6809631+02:00" endTime="2025-04-30T09:15:17.6811495+02:00" testType="13cdc9d9-ddb5-4fa4-a97d-d965ccfc6d4b" outcome="Passed" testListId="8c84fa94-04c1-424b-9868-57a2d4851a1d" relativeResultsDirectory="a309736a-5ace-47a1-9e83-29d66332e86e" />
    <UnitTestResult executionId="c2d3354b-6901-42ef-81dc-75404913dcb9" testId="8a0b6c1c-b150-8892-9b9f-98a1d8ac2ebb" testName="Should_Return_Bad_Request_For_Posts(&quot;/Account/Login?ReturnUrl=-5386%27%29%20UNION%20ALL%20SELECT%2063%2C63%2C63%2C63%2C63%2C63%2C63%23&quot;)" computerName="V020705" duration="00:00:00.0001190" startTime="2025-04-30T09:15:17.7144809+02:00" endTime="2025-04-30T09:15:17.7145999+02:00" testType="13cdc9d9-ddb5-4fa4-a97d-d965ccfc6d4b" outcome="Passed" testListId="8c84fa94-04c1-424b-9868-57a2d4851a1d" relativeResultsDirectory="c2d3354b-6901-42ef-81dc-75404913dcb9" />
    <UnitTestResult executionId="df4631fc-5514-4cc9-a7a4-83bdc28f8123" testId="e0cbf2db-49d3-ce05-7a3e-06cef1c7f6be" testName="IE_10_WIN" computerName="V020705" duration="00:00:00.1145140" startTime="2025-04-30T09:14:22.1984663+02:00" endTime="2025-04-30T09:14:22.3129770+02:00" testType="13cdc9d9-ddb5-4fa4-a97d-d965ccfc6d4b" outcome="Passed" testListId="8c84fa94-04c1-424b-9868-57a2d4851a1d" relativeResultsDirectory="df4631fc-5514-4cc9-a7a4-83bdc28f8123" />
    <UnitTestResult executionId="aceede3b-cb2c-40c2-9491-e996fcf3603a" testId="0502f17e-09dc-3853-dbe5-2345eae14297" testName="Returns_LoginRequest_When_Not_Logged_In_For_Post" computerName="V020705" duration="00:00:00.0034290" startTime="2025-04-30T09:14:06.3252762+02:00" endTime="2025-04-30T09:14:06.3287045+02:00" testType="13cdc9d9-ddb5-4fa4-a97d-d965ccfc6d4b" outcome="Passed" testListId="8c84fa94-04c1-424b-9868-57a2d4851a1d" relativeResultsDirectory="aceede3b-cb2c-40c2-9491-e996fcf3603a" />
    <UnitTestResult executionId="83e51021-dfee-40a7-a485-f54764363446" testId="d4b3e3e5-aca1-24e9-bcb4-5ae19feec331" testName="Should_Return_Bad_Request(&quot;/Account/Login?ReturnUrl=-2049%27%29%20UNION%20ALL%20SELECT%2063%2C63%2C63%2C63%2C63%2C63%2C63%2C63%23&quot;)" computerName="V020705" duration="00:00:00.0001689" startTime="2025-04-30T09:15:17.6888332+02:00" endTime="2025-04-30T09:15:17.6890017+02:00" testType="13cdc9d9-ddb5-4fa4-a97d-d965ccfc6d4b" outcome="Passed" testListId="8c84fa94-04c1-424b-9868-57a2d4851a1d" relativeResultsDirectory="83e51021-dfee-40a7-a485-f54764363446" />
    <UnitTestResult executionId="8481408c-95c7-4d39-93cc-d37122820fef" testId="cdd35713-60f1-fdcd-9b7a-11d9a1ada782" testName="Should_Return_Bad_Request_For_Posts(&quot;/Account/Login?ReturnUrl=-4911%27%29%20UNION%20ALL%20SELECT%20%27qqqjq%27%7C%7C%27yilzurgwNfkykbHOunjohWlpsxpPqKBGdzbQyJml%27%7C%7C%27qkqkq%27%2C63%2C63%2C63%2C63%2C63%2C63%2C63--%20seOS&quot;)" computerName="V020705" duration="00:00:00.0001299" startTime="2025-04-30T09:15:17.7047308+02:00" endTime="2025-04-30T09:15:17.7048611+02:00" testType="13cdc9d9-ddb5-4fa4-a97d-d965ccfc6d4b" outcome="Passed" testListId="8c84fa94-04c1-424b-9868-57a2d4851a1d" relativeResultsDirectory="8481408c-95c7-4d39-93cc-d37122820fef" />
    <UnitTestResult executionId="45a4d821-b490-4d04-8270-cd8dd7450221" testId="8a1c11a2-399d-c16f-4ed3-7a77ab81ff7e" testName="Should_Return_Bad_Request(&quot;/Account/Login?ReturnUrl=-5460%27%29%20UNION%20ALL%20SELECT%2063%2C63%2C63%2C63%2C63%2C63%2C63%2C63%2C63%23&quot;)" computerName="V020705" duration="00:00:00.0001660" startTime="2025-04-30T09:15:17.6890150+02:00" endTime="2025-04-30T09:15:17.6891813+02:00" testType="13cdc9d9-ddb5-4fa4-a97d-d965ccfc6d4b" outcome="Passed" testListId="8c84fa94-04c1-424b-9868-57a2d4851a1d" relativeResultsDirectory="45a4d821-b490-4d04-8270-cd8dd7450221" />
    <UnitTestResult executionId="c8eb216c-5265-4a58-ba7d-d172701fd32b" testId="b7d06ab3-b861-f971-c742-54ebcff66b8b" testName="Should_Return_Bad_Request(&quot;/Account/Login?ReturnUrl=-7483%25%27%20UNION%20ALL%20SELECT%20NULL%2CNULL%2CNULL%2CNULL%2CNULL%2CNULL%2CNULL%2CNULL%2CNULL%2C%27qqqjq%27%7C%7C%27zMRZcaxOpo%27%7C%7C%27qkqkq%27--%20vRgC&quot;)" computerName="V020705" duration="00:00:00.0002110" startTime="2025-04-30T09:15:17.6807498+02:00" endTime="2025-04-30T09:15:17.6809604+02:00" testType="13cdc9d9-ddb5-4fa4-a97d-d965ccfc6d4b" outcome="Passed" testListId="8c84fa94-04c1-424b-9868-57a2d4851a1d" relativeResultsDirectory="c8eb216c-5265-4a58-ba7d-d172701fd32b" />
    <UnitTestResult executionId="5e7ad504-b068-41bf-b607-120403f88462" testId="cbb28fe5-0089-2dcf-f6b1-19038a5963c9" testName="Should_Return_Bad_Request(&quot;/Account/Login?ReturnUrl=-2903%25%27%20UNION%20ALL%20SELECT%20NULL%2C%27qqqjq%27%7C%7C%27lcFYJQoTZjaThtRkvtzLZsVoMWugesivHBaafWwE%27%7C%7C%27qkqkq%27%2CNULL%2CNULL%2CNULL%2CNULL%2CNULL%2CNULL%2CNULL%2CNULL--%20ZWip&quot;)" computerName="V020705" duration="00:00:00.0002190" startTime="2025-04-30T09:15:17.6787415+02:00" endTime="2025-04-30T09:15:17.6789602+02:00" testType="13cdc9d9-ddb5-4fa4-a97d-d965ccfc6d4b" outcome="Passed" testListId="8c84fa94-04c1-424b-9868-57a2d4851a1d" relativeResultsDirectory="5e7ad504-b068-41bf-b607-120403f88462" />
    <UnitTestResult executionId="ad3c9b16-95ae-4c0b-8638-c35ac8842b98" testId="36ce325d-9de5-2150-845b-10ebaa977947" testName="Should_Return_Bad_Request(&quot;/Account/Login?ReturnUrl=-6060%27%20UNION%20ALL%20SELECT%2063%2C63%2C63%2C63%2C63%2C63%2C63%2C63%2C63%2C63%23&quot;)" computerName="V020705" duration="00:00:00.0001660" startTime="2025-04-30T09:15:17.6909767+02:00" endTime="2025-04-30T09:15:17.6911421+02:00" testType="13cdc9d9-ddb5-4fa4-a97d-d965ccfc6d4b" outcome="Passed" testListId="8c84fa94-04c1-424b-9868-57a2d4851a1d" relativeResultsDirectory="ad3c9b16-95ae-4c0b-8638-c35ac8842b98" />
    <UnitTestResult executionId="b5ebb99a-2037-4c18-b1b5-a50769bb00d1" testId="a99ff206-6ca4-02d7-b791-1adb34a88fe8" testName="Should_Return_Bad_Request(&quot;/Account/Login?ReturnUrl=-7333%27%29%20UNION%20ALL%20SELECT%2063%2C%27qqqjq%27%7C%7C%27egmNOcNrzN%27%7C%7C%27qkqkq%27%2C63%2C63%2C63%2C63%2C63%2C63--%20bRLv&quot;)" computerName="V020705" duration="00:00:00.0003860" startTime="2025-04-30T09:15:17.6765164+02:00" endTime="2025-04-30T09:15:17.6769019+02:00" testType="13cdc9d9-ddb5-4fa4-a97d-d965ccfc6d4b" outcome="Passed" testListId="8c84fa94-04c1-424b-9868-57a2d4851a1d" relativeResultsDirectory="b5ebb99a-2037-4c18-b1b5-a50769bb00d1" />
    <UnitTestResult executionId="e05d71e4-9efb-4d5e-8834-21d5c1ffdfd1" testId="b26628ef-5c54-fe28-3240-54343b42882e" testName="Publish_UserEmailChangedEvent_When_Email_Was_Replaced" computerName="V020705" duration="00:00:00.0401460" startTime="2025-04-30T09:15:39.8356608+02:00" endTime="2025-04-30T09:15:39.8758057+02:00" testType="13cdc9d9-ddb5-4fa4-a97d-d965ccfc6d4b" outcome="Passed" testListId="8c84fa94-04c1-424b-9868-57a2d4851a1d" relativeResultsDirectory="e05d71e4-9efb-4d5e-8834-21d5c1ffdfd1" />
    <UnitTestResult executionId="bc090fdc-3de8-46e7-9736-581837a0a291" testId="7037e5c4-d2b2-97da-6467-ccb03b4cc1a4" testName="Should_Return_Bad_Request(&quot;/Account/Login?ReturnUrl=-7862%27%29%20UNION%20ALL%20SELECT%2063%2C%27qqqjq%27%7C%7C%27GfCRoVVXlKiUImPpwyIyZaEicDkbsMuhYKxlyPjT%27%7C%7C%27qkqkq%27%2C63%2C63%2C63%2C63%2C63%2C63--%20srQM&quot;)" computerName="V020705" duration="00:00:00.0001680" startTime="2025-04-30T09:15:17.6739834+02:00" endTime="2025-04-30T09:15:17.6741513+02:00" testType="13cdc9d9-ddb5-4fa4-a97d-d965ccfc6d4b" outcome="Passed" testListId="8c84fa94-04c1-424b-9868-57a2d4851a1d" relativeResultsDirectory="bc090fdc-3de8-46e7-9736-581837a0a291" />
    <UnitTestResult executionId="d7c3b96e-8ea1-4e6b-a1b5-270569c6204a" testId="7f318a64-8491-e324-84e2-9ddf955bdd37" testName="Should_Return_Bad_Request(&quot;/Account/Login?ReturnUrl=-7908%27%29%20UNION%20ALL%20SELECT%2063%2C63%2C%27qqqjq%27%7C%7C%27OVMEBMXifs%27%7C%7C%27qkqkq%27%2C63%2C63%2C63%2C63%2C63--%20wcpo&quot;)" computerName="V020705" duration="00:00:00.0003540" startTime="2025-04-30T09:15:17.6760945+02:00" endTime="2025-04-30T09:15:17.6764479+02:00" testType="13cdc9d9-ddb5-4fa4-a97d-d965ccfc6d4b" outcome="Passed" testListId="8c84fa94-04c1-424b-9868-57a2d4851a1d" relativeResultsDirectory="d7c3b96e-8ea1-4e6b-a1b5-270569c6204a" />
    <UnitTestResult executionId="8954ebb9-b12c-4ce4-ab9b-2bc247c9ef7a" testId="bd94373d-3343-a891-e19a-dd7d0dba020b" testName="Returns_Page_When_Logged_In_With_Correct_Permissions" computerName="V020705" duration="00:00:00.2103750" startTime="2025-04-30T09:14:09.2809523+02:00" endTime="2025-04-30T09:14:09.4913223+02:00" testType="13cdc9d9-ddb5-4fa4-a97d-d965ccfc6d4b" outcome="Passed" testListId="8c84fa94-04c1-424b-9868-57a2d4851a1d" relativeResultsDirectory="8954ebb9-b12c-4ce4-ab9b-2bc247c9ef7a" />
    <UnitTestResult executionId="44da76d9-e55f-4acb-86d2-aea0a515b342" testId="07a71ced-ccd7-57e6-8813-2f8b8f27e32f" testName="Returns_LoginRequest_When_Not_Logged_In" computerName="V020705" duration="00:00:00.0034360" startTime="2025-04-30T09:14:08.1340786+02:00" endTime="2025-04-30T09:14:08.1375139+02:00" testType="13cdc9d9-ddb5-4fa4-a97d-d965ccfc6d4b" outcome="Passed" testListId="8c84fa94-04c1-424b-9868-57a2d4851a1d" relativeResultsDirectory="44da76d9-e55f-4acb-86d2-aea0a515b342" />
    <UnitTestResult executionId="0019458b-effb-4e20-82ce-666b066d3fe7" testId="3b493fde-48ba-be7c-9415-ff372b7e7beb" testName="Can_Authenticate_By_Saml_Provider" computerName="V020705" duration="00:00:00.4161700" startTime="2025-04-30T09:14:25.0818442+02:00" endTime="2025-04-30T09:14:25.4980047+02:00" testType="13cdc9d9-ddb5-4fa4-a97d-d965ccfc6d4b" outcome="Passed" testListId="8c84fa94-04c1-424b-9868-57a2d4851a1d" relativeResultsDirectory="0019458b-effb-4e20-82ce-666b066d3fe7" />
    <UnitTestResult executionId="86b20a39-834e-4ddb-888c-78031a460eb2" testId="71ad2690-7e65-b4ed-8021-f909a9d778a9" testName="Contains_UserId_Claim_As_Attribute" computerName="V020705" duration="00:00:00.1498150" startTime="2025-04-30T09:15:10.7516603+02:00" endTime="2025-04-30T09:15:10.9014714+02:00" testType="13cdc9d9-ddb5-4fa4-a97d-d965ccfc6d4b" outcome="Passed" testListId="8c84fa94-04c1-424b-9868-57a2d4851a1d" relativeResultsDirectory="86b20a39-834e-4ddb-888c-78031a460eb2" />
    <UnitTestResult executionId="199c1f3b-7f9d-4fc6-af50-c68c6b9d1260" testId="b2fe835a-a122-f684-859f-2786027d1faf" testName="Returns_Not_Found_For_Invalid_Id" computerName="V020705" duration="00:00:00.1248230" startTime="2025-04-30T09:14:18.1146803+02:00" endTime="2025-04-30T09:14:18.2395007+02:00" testType="13cdc9d9-ddb5-4fa4-a97d-d965ccfc6d4b" outcome="Passed" testListId="8c84fa94-04c1-424b-9868-57a2d4851a1d" relativeResultsDirectory="199c1f3b-7f9d-4fc6-af50-c68c6b9d1260" />
    <UnitTestResult executionId="7d383081-2ea3-4308-92e4-911bcd6201d8" testId="5d7d10f8-e76e-3584-1e9a-fb99c5400a4f" testName="Returns_NotFound_When_User_Does_Not_Exists(&quot;/api/v1.0/users/&quot;)" computerName="V020705" duration="00:00:00.0579020" startTime="2025-04-30T09:13:34.4453031+02:00" endTime="2025-04-30T09:13:34.5032024+02:00" testType="13cdc9d9-ddb5-4fa4-a97d-d965ccfc6d4b" outcome="Passed" testListId="8c84fa94-04c1-424b-9868-57a2d4851a1d" relativeResultsDirectory="7d383081-2ea3-4308-92e4-911bcd6201d8" />
    <UnitTestResult executionId="73f9f79e-e47c-49d6-be9b-803b1495b7e0" testId="474ffd14-dc32-0896-9d6b-4ffb3544fc21" testName="Should_Return_Bad_Request_For_Posts(&quot;/Account/Login?ReturnUrl=-2942%20UNION%20ALL%20SELECT%2063%2C63%2C63%2C63%2C63%2C63%2C63%2C63%23&quot;)" computerName="V020705" duration="00:00:00.0001240" startTime="2025-04-30T09:15:17.7131709+02:00" endTime="2025-04-30T09:15:17.7132946+02:00" testType="13cdc9d9-ddb5-4fa4-a97d-d965ccfc6d4b" outcome="Passed" testListId="8c84fa94-04c1-424b-9868-57a2d4851a1d" relativeResultsDirectory="73f9f79e-e47c-49d6-be9b-803b1495b7e0" />
    <UnitTestResult executionId="beb28e49-0ead-430e-820a-8147fd308ebf" testId="0908a74a-d504-2e72-babd-db63c892f583" testName="Returns_Bad_Request_For_Malformed_Email(&quot;test@&quot;)" computerName="V020705" duration="00:00:00.0099399" startTime="2025-04-30T09:12:55.9997027+02:00" endTime="2025-04-30T09:12:56.0096420+02:00" testType="13cdc9d9-ddb5-4fa4-a97d-d965ccfc6d4b" outcome="Passed" testListId="8c84fa94-04c1-424b-9868-57a2d4851a1d" relativeResultsDirectory="beb28e49-0ead-430e-820a-8147fd308ebf" />
    <UnitTestResult executionId="be1158e1-99fb-4f0c-967d-e298691566a9" testId="d55096a8-89e2-570a-7d43-0b19e59a7cd7" testName="Creates_New_User_If_Not_Exists_Via_Oidc_With_Different_Username_Than_Email" computerName="V020705" duration="00:00:00.0094400" startTime="2025-04-30T09:13:54.1474558+02:00" endTime="2025-04-30T09:13:54.1568958+02:00" testType="13cdc9d9-ddb5-4fa4-a97d-d965ccfc6d4b" outcome="Passed" testListId="8c84fa94-04c1-424b-9868-57a2d4851a1d" relativeResultsDirectory="be1158e1-99fb-4f0c-967d-e298691566a9" />
    <UnitTestResult executionId="75963607-1fd2-4364-ba05-ea97f9eb3428" testId="7683ca34-edde-fc0f-e960-86ad4b8bbe9a" testName="Should_Return_Bad_Request_For_Posts(&quot;/Account/Login?ReturnUrl=-4326%20UNION%20ALL%20SELECT%2063%2C63%2C63%2C63%2C63%23&quot;)" computerName="V020705" duration="00:00:00.0001250" startTime="2025-04-30T09:15:17.7210042+02:00" endTime="2025-04-30T09:15:17.7211293+02:00" testType="13cdc9d9-ddb5-4fa4-a97d-d965ccfc6d4b" outcome="Passed" testListId="8c84fa94-04c1-424b-9868-57a2d4851a1d" relativeResultsDirectory="75963607-1fd2-4364-ba05-ea97f9eb3428" />
    <UnitTestResult executionId="303c7da8-f692-4dc5-8748-aaa955687197" testId="cdc32844-6fb2-087f-7396-426d51e671ab" testName="Should_Return_Bad_Request_For_Posts(&quot;/Account/Login?ReturnUrl=-1889%20ORDER%20BY%201%23&quot;)" computerName="V020705" duration="00:00:00.0001180" startTime="2025-04-30T09:15:17.7118783+02:00" endTime="2025-04-30T09:15:17.7119967+02:00" testType="13cdc9d9-ddb5-4fa4-a97d-d965ccfc6d4b" outcome="Passed" testListId="8c84fa94-04c1-424b-9868-57a2d4851a1d" relativeResultsDirectory="303c7da8-f692-4dc5-8748-aaa955687197" />
    <UnitTestResult executionId="dc11f4a1-a6b8-4fae-a0f3-24534fae88a4" testId="528651cb-7ddb-0df0-f0c3-5e4eb622da0b" testName="TestEndpointSecurity" computerName="V020705" duration="00:00:01.0855860" startTime="2025-04-30T09:12:38.3054427+02:00" endTime="2025-04-30T09:12:39.3910038+02:00" testType="13cdc9d9-ddb5-4fa4-a97d-d965ccfc6d4b" outcome="Passed" testListId="8c84fa94-04c1-424b-9868-57a2d4851a1d" relativeResultsDirectory="dc11f4a1-a6b8-4fae-a0f3-24534fae88a4" />
    <UnitTestResult executionId="fc668159-7a83-425b-b579-f6bb168bd802" testId="a0fe6349-a2ed-c997-0382-2187e49b5963" testName="Returns_NotFound_When_User_Does_Not_Exists" computerName="V020705" duration="00:00:00.0157440" startTime="2025-04-30T09:13:40.0212060+02:00" endTime="2025-04-30T09:13:40.0369488+02:00" testType="13cdc9d9-ddb5-4fa4-a97d-d965ccfc6d4b" outcome="Passed" testListId="8c84fa94-04c1-424b-9868-57a2d4851a1d" relativeResultsDirectory="fc668159-7a83-425b-b579-f6bb168bd802" />
    <UnitTestResult executionId="3e6b1a60-3708-43fd-b05a-1206fc2e0727" testId="7a6f03c8-8318-f2b5-14b5-f18bf31d4755" testName="Should_Return_Bad_Request(&quot;/Account/Login?ReturnUrl=-1779%25%27%20UNION%20ALL%20SELECT%20NULL%2CNULL%2C%27qqqjq%27%7C%7C%27InctpQSKvx%27%7C%7C%27qkqkq%27%2CNULL%2CNULL%2CNULL%2CNULL%2CNULL%2CNULL%2CNULL--%20mtti&quot;)" computerName="V020705" duration="00:00:00.0001670" startTime="2025-04-30T09:15:17.6831111+02:00" endTime="2025-04-30T09:15:17.6832779+02:00" testType="13cdc9d9-ddb5-4fa4-a97d-d965ccfc6d4b" outcome="Passed" testListId="8c84fa94-04c1-424b-9868-57a2d4851a1d" relativeResultsDirectory="3e6b1a60-3708-43fd-b05a-1206fc2e0727" />
    <UnitTestResult executionId="475bc145-5b79-4224-a7c9-6931a00db311" testId="791175b9-578c-664a-519b-76cebd1e87b4" testName="Should_Return_Bad_Request_For_Posts(&quot;/Account/Login?ReturnUrl=-5896%29%20UNION%20ALL%20SELECT%2063%2C63%2C63%2C63%2C63%2C63%2C63%23&quot;)" computerName="V020705" duration="00:00:00.0001200" startTime="2025-04-30T09:15:17.7113662+02:00" endTime="2025-04-30T09:15:17.7114857+02:00" testType="13cdc9d9-ddb5-4fa4-a97d-d965ccfc6d4b" outcome="Passed" testListId="8c84fa94-04c1-424b-9868-57a2d4851a1d" relativeResultsDirectory="475bc145-5b79-4224-a7c9-6931a00db311" />
    <UnitTestResult executionId="6efaef57-3fea-4d87-9410-309d2f33148c" testId="ae5ae797-5b03-560e-5d5b-3381df3838d4" testName="Should_Return_Bad_Request(&quot;/Account/Login?ReturnUrl=-2316%20UNION%20ALL%20SELECT%2063%2C63%2C63%2C63%2C63%2C63%2C63%2C63%2C63%2C63%23&quot;)" computerName="V020705" duration="00:00:00.0001660" startTime="2025-04-30T09:15:17.6870802+02:00" endTime="2025-04-30T09:15:17.6872462+02:00" testType="13cdc9d9-ddb5-4fa4-a97d-d965ccfc6d4b" outcome="Passed" testListId="8c84fa94-04c1-424b-9868-57a2d4851a1d" relativeResultsDirectory="6efaef57-3fea-4d87-9410-309d2f33148c" />
    <UnitTestResult executionId="02eb2259-8fa0-48fb-acc2-9f7a6498aadc" testId="e0b2310c-aef4-04e1-56b8-58cb1d0b54fd" testName="Should_Return_Bad_Request(&quot;/Account/Login?ReturnUrl=-5433%20UNION%20ALL%20SELECT%2063%23&quot;)" computerName="V020705" duration="00:00:00.0001350" startTime="2025-04-30T09:15:17.6934013+02:00" endTime="2025-04-30T09:15:17.6935361+02:00" testType="13cdc9d9-ddb5-4fa4-a97d-d965ccfc6d4b" outcome="Passed" testListId="8c84fa94-04c1-424b-9868-57a2d4851a1d" relativeResultsDirectory="02eb2259-8fa0-48fb-acc2-9f7a6498aadc" />
    <UnitTestResult executionId="caa394ce-b997-40cb-862a-385acb98f914" testId="beb5746b-ba80-c1ea-5336-30d7dc11f88f" testName="Should_Return_Bad_Request(&quot;/Account/Login?ReturnUrl=-9538%27%29%20UNION%20ALL%20SELECT%20NULL%2CNULL%2CNULL%2C%27qqqjq%27%7C%7C%27MxswbGTGBA%27%7C%7C%27qkqkq%27%2CNULL%2CNULL%2CNULL%2CNULL--%20oJRg&quot;)" computerName="V020705" duration="00:00:00.0003320" startTime="2025-04-30T09:15:17.6713967+02:00" endTime="2025-04-30T09:15:17.6717282+02:00" testType="13cdc9d9-ddb5-4fa4-a97d-d965ccfc6d4b" outcome="Passed" testListId="8c84fa94-04c1-424b-9868-57a2d4851a1d" relativeResultsDirectory="caa394ce-b997-40cb-862a-385acb98f914" />
    <UnitTestResult executionId="670c978a-ed0b-47b0-ae4f-71c0b5b11697" testId="ef655dbb-a6ca-745d-6990-e50e80c81c20" testName="Should_Return_Bad_Request(&quot;/Account/Login?ReturnUrl=-7606%25%27%20UNION%20ALL%20SELECT%20NULL%2CNULL%2CNULL%2CNULL%2C%27qqqjq%27%7C%7C%27gqFLhAKkqd%27%7C%7C%27qkqkq%27%2CNULL%2CNULL%2CNULL%2CNULL%2CNULL--%20OPLU&quot;)" computerName="V020705" duration="00:00:00.0001950" startTime="2025-04-30T09:15:17.6805516+02:00" endTime="2025-04-30T09:15:17.6807467+02:00" testType="13cdc9d9-ddb5-4fa4-a97d-d965ccfc6d4b" outcome="Passed" testListId="8c84fa94-04c1-424b-9868-57a2d4851a1d" relativeResultsDirectory="670c978a-ed0b-47b0-ae4f-71c0b5b11697" />
    <UnitTestResult executionId="b821e2f8-6dd3-4fc2-ab3e-ef4d15fc0706" testId="0ff4d244-fe93-c766-69ed-4a8e6fdc037a" testName="Should_Return_Bad_Request_For_Posts(&quot;/Account/Login?ReturnUrl=-2715%27%29%20UNION%20ALL%20SELECT%2063%2C63%2C63%2C%27qqqjq%27%7C%7C%27sxCwzivhFQ%27%7C%7C%27qkqkq%27%2C63%2C63%2C63%2C63--%20bupN&quot;)" computerName="V020705" duration="00:00:00.0001270" startTime="2025-04-30T09:15:17.7059631+02:00" endTime="2025-04-30T09:15:17.7060898+02:00" testType="13cdc9d9-ddb5-4fa4-a97d-d965ccfc6d4b" outcome="Passed" testListId="8c84fa94-04c1-424b-9868-57a2d4851a1d" relativeResultsDirectory="b821e2f8-6dd3-4fc2-ab3e-ef4d15fc0706" />
    <UnitTestResult executionId="71eeb230-c3d8-48ac-8a1c-1fc428a7335a" testId="5e94708d-cdd8-5c37-ce4b-a5a834c3f00f" testName="Should_Return_Bad_Request_For_Posts(&quot;/Account/Login?ReturnUrl=-2340%27%29%20UNION%20ALL%20SELECT%2063%2C63%2C63%2C%27qqqjq%27%7C%7C%27LhPBkUKuvPfRFTlOqWHwlNItTKsDYbgUStmOBGfY%27%7C%7C%27qkqkq%27%2C63%2C63%2C63%2C63--%20aMQT&quot;)" computerName="V020705" duration="00:00:00.0001270" startTime="2025-04-30T09:15:17.7048647+02:00" endTime="2025-04-30T09:15:17.7049912+02:00" testType="13cdc9d9-ddb5-4fa4-a97d-d965ccfc6d4b" outcome="Passed" testListId="8c84fa94-04c1-424b-9868-57a2d4851a1d" relativeResultsDirectory="71eeb230-c3d8-48ac-8a1c-1fc428a7335a" />
    <UnitTestResult executionId="726ac30a-88c6-4fb6-8122-addf52006a3b" testId="22d56b6b-2e67-b651-a590-9048dfd0655e" testName="Should_Return_Bad_Request(&quot;/Account/Login?ReturnUrl=-7681%20UNION%20ALL%20SELECT%2063%23&quot;)" computerName="V020705" duration="00:00:00.0001710" startTime="2025-04-30T09:15:17.6852742+02:00" endTime="2025-04-30T09:15:17.6854449+02:00" testType="13cdc9d9-ddb5-4fa4-a97d-d965ccfc6d4b" outcome="Passed" testListId="8c84fa94-04c1-424b-9868-57a2d4851a1d" relativeResultsDirectory="726ac30a-88c6-4fb6-8122-addf52006a3b" />
    <UnitTestResult executionId="ae451a62-b09a-4d49-a729-0d51d152c39e" testId="a47a0479-f1a5-c6ab-0f2a-cd5777413f67" testName="Should_Return_Bad_Request_For_Posts(&quot;/Account/Login?ReturnUrl=-9899%27%29%20UNION%20ALL%20SELECT%2063%2C63%2C63%2C63%2C63%2C63%23&quot;)" computerName="V020705" duration="00:00:00.0001250" startTime="2025-04-30T09:15:17.7143512+02:00" endTime="2025-04-30T09:15:17.7144757+02:00" testType="13cdc9d9-ddb5-4fa4-a97d-d965ccfc6d4b" outcome="Passed" testListId="8c84fa94-04c1-424b-9868-57a2d4851a1d" relativeResultsDirectory="ae451a62-b09a-4d49-a729-0d51d152c39e" />
    <UnitTestResult executionId="6c24b8d1-33af-4203-a939-54170b52241b" testId="9a152260-ea6f-99c2-6ddd-08afb0a5e9d1" testName="Should_Return_Bad_Request_For_Posts(&quot;/Account/Login?ReturnUrl=-5433%20UNION%20ALL%20SELECT%2063%23&quot;)" computerName="V020705" duration="00:00:00.0001620" startTime="2025-04-30T09:15:17.7189808+02:00" endTime="2025-04-30T09:15:17.7191426+02:00" testType="13cdc9d9-ddb5-4fa4-a97d-d965ccfc6d4b" outcome="Passed" testListId="8c84fa94-04c1-424b-9868-57a2d4851a1d" relativeResultsDirectory="6c24b8d1-33af-4203-a939-54170b52241b" />
    <UnitTestResult executionId="a5cd9aca-1f97-4089-977e-f8badef7f332" testId="74a48b7e-559e-3413-6fc9-e373bb54a894" testName="Should_Return_Bad_Request_For_Posts(&quot;/Account/Login?ReturnUrl=-5281%20UNION%20ALL%20SELECT%2063%2C63%2C63%2C63%2C63%2C63%2C63%2C63%2C63%2C63%23&quot;)" computerName="V020705" duration="00:00:00.0001360" startTime="2025-04-30T09:15:17.7217437+02:00" endTime="2025-04-30T09:15:17.7218799+02:00" testType="13cdc9d9-ddb5-4fa4-a97d-d965ccfc6d4b" outcome="Passed" testListId="8c84fa94-04c1-424b-9868-57a2d4851a1d" relativeResultsDirectory="a5cd9aca-1f97-4089-977e-f8badef7f332" />
    <UnitTestResult executionId="7ca9a348-436b-4c8c-8b64-5d26f5c067fb" testId="4024892b-22df-176b-92ea-68977611c48e" testName="Should_Return_Bad_Request_For_Posts(&quot;/Account/Login?ReturnUrl=-8118%27%20UNION%20ALL%20SELECT%2063%2C63%2C63%2C63%2C63%23&quot;)" computerName="V020705" duration="00:00:00.0001240" startTime="2025-04-30T09:15:17.7156156+02:00" endTime="2025-04-30T09:15:17.7157395+02:00" testType="13cdc9d9-ddb5-4fa4-a97d-d965ccfc6d4b" outcome="Passed" testListId="8c84fa94-04c1-424b-9868-57a2d4851a1d" relativeResultsDirectory="7ca9a348-436b-4c8c-8b64-5d26f5c067fb" />
    <UnitTestResult executionId="0be2f1d8-fe72-416f-b18f-9ee704b7a60c" testId="da161ad2-cfc5-865b-5afd-14c638a4a34e" testName="Should_Return_Bad_Request_For_Posts(&quot;/Account/Login?ReturnUrl=-5430%27%29%20ORDER%20BY%201%23&quot;)" computerName="V020705" duration="00:00:00.0001240" startTime="2025-04-30T09:15:17.7135495+02:00" endTime="2025-04-30T09:15:17.7136733+02:00" testType="13cdc9d9-ddb5-4fa4-a97d-d965ccfc6d4b" outcome="Passed" testListId="8c84fa94-04c1-424b-9868-57a2d4851a1d" relativeResultsDirectory="0be2f1d8-fe72-416f-b18f-9ee704b7a60c" />
    <UnitTestResult executionId="9d64993c-d5df-4b24-9ff2-14efc19a83da" testId="21cdd7ab-a515-1e1e-8758-76a665ab5b6a" testName="Should_Return_Bad_Request_For_Posts(&quot;/Account/Login?ReturnUrl=-7319%27%20UNION%20ALL%20SELECT%2063%2C63%2C63%2C63%2C63%2C63%2C63%23&quot;)" computerName="V020705" duration="00:00:00.0001230" startTime="2025-04-30T09:15:17.7158852+02:00" endTime="2025-04-30T09:15:17.7160085+02:00" testType="13cdc9d9-ddb5-4fa4-a97d-d965ccfc6d4b" outcome="Passed" testListId="8c84fa94-04c1-424b-9868-57a2d4851a1d" relativeResultsDirectory="9d64993c-d5df-4b24-9ff2-14efc19a83da" />
    <UnitTestResult executionId="99a370d2-822f-487b-bea5-9733bfd135d1" testId="61acfac7-5a74-4be6-08a7-2509fd7247c7" testName="Should_Return_Bad_Request(&quot;/Account/Login?ReturnUrl=-9381%27%29%20UNION%20ALL%20SELECT%20NULL%2CNULL%2C%27qqqjq%27%7C%7C%27FYQUzRskOFfLCecEWPcVKoSrNUMGkDJoQMejOfMK%27%7C%7C%27qkqkq%27%2CNULL%2CNULL%2CNULL%2CNULL%2CNULL--%20AEIo&quot;)" computerName="V020705" duration="00:00:00.0005990" startTime="2025-04-30T09:15:17.6681096+02:00" endTime="2025-04-30T09:15:17.6687080+02:00" testType="13cdc9d9-ddb5-4fa4-a97d-d965ccfc6d4b" outcome="Passed" testListId="8c84fa94-04c1-424b-9868-57a2d4851a1d" relativeResultsDirectory="99a370d2-822f-487b-bea5-9733bfd135d1" />
    <UnitTestResult executionId="b428da8e-9659-4f91-bf3d-a4dacb0e1f13" testId="f3a310bd-b9e3-7d91-3941-86ceba486fd9" testName="Returns_Ok" computerName="V020705" duration="00:00:09.0806330" startTime="2025-04-30T09:12:29.1576201+02:00" endTime="2025-04-30T09:12:38.2378103+02:00" testType="13cdc9d9-ddb5-4fa4-a97d-d965ccfc6d4b" outcome="Passed" testListId="8c84fa94-04c1-424b-9868-57a2d4851a1d" relativeResultsDirectory="b428da8e-9659-4f91-bf3d-a4dacb0e1f13" />
    <UnitTestResult executionId="df9ff50e-b1fc-4ad7-8966-635268070537" testId="3573ab4f-a136-c958-aada-a07bf1b7606a" testName="AntiforgeryToken_Is_Different_On_EveryRequest" computerName="V020705" duration="00:00:00.4156470" startTime="2025-04-30T09:13:51.9412179+02:00" endTime="2025-04-30T09:13:52.3568554+02:00" testType="13cdc9d9-ddb5-4fa4-a97d-d965ccfc6d4b" outcome="Passed" testListId="8c84fa94-04c1-424b-9868-57a2d4851a1d" relativeResultsDirectory="df9ff50e-b1fc-4ad7-8966-635268070537" />
    <UnitTestResult executionId="a0f22dd9-8d76-405e-b7d7-8dd594fd9084" testId="0ed98db2-f131-60fd-8902-ed01faf2b6bd" testName="Should_Return_Bad_Request_For_Posts(&quot;/Account/Login?ReturnUrl=-3943%27%20UNION%20ALL%20SELECT%2063%2C63%2C63%2C63%2C63%2C63%2C63%2C63%2C63%23&quot;)" computerName="V020705" duration="00:00:00.0001210" startTime="2025-04-30T09:15:17.7161343+02:00" endTime="2025-04-30T09:15:17.7162554+02:00" testType="13cdc9d9-ddb5-4fa4-a97d-d965ccfc6d4b" outcome="Passed" testListId="8c84fa94-04c1-424b-9868-57a2d4851a1d" relativeResultsDirectory="a0f22dd9-8d76-405e-b7d7-8dd594fd9084" />
    <UnitTestResult executionId="68ce4e93-ec02-4ed0-8c1c-938b2e26672b" testId="c7568a28-9d84-a356-78a0-3ff25411ff6a" testName="Should_Return_Bad_Request_For_Posts(&quot;/Account/Login?ReturnUrl=-6060%27%20UNION%20ALL%20SELECT%2063%2C63%2C63%2C63%2C63%2C63%2C63%2C63%2C63%2C63%23&quot;)" computerName="V020705" duration="00:00:00.0001240" startTime="2025-04-30T09:15:17.7162581+02:00" endTime="2025-04-30T09:15:17.7163825+02:00" testType="13cdc9d9-ddb5-4fa4-a97d-d965ccfc6d4b" outcome="Passed" testListId="8c84fa94-04c1-424b-9868-57a2d4851a1d" relativeResultsDirectory="68ce4e93-ec02-4ed0-8c1c-938b2e26672b" />
    <UnitTestResult executionId="1fef12fb-dab1-4b22-80b1-8d166829c9a5" testId="7f520b50-ba98-6f5d-894f-79d2bb3bf03c" testName="SAFARI_IOS_12_IPAD" computerName="V020705" duration="00:00:00.1100990" startTime="2025-04-30T09:14:21.4011079+02:00" endTime="2025-04-30T09:14:21.5112038+02:00" testType="13cdc9d9-ddb5-4fa4-a97d-d965ccfc6d4b" outcome="Passed" testListId="8c84fa94-04c1-424b-9868-57a2d4851a1d" relativeResultsDirectory="1fef12fb-dab1-4b22-80b1-8d166829c9a5" />
    <UnitTestResult executionId="c5dfc03f-154a-45a0-acfc-85fa7152644f" testId="5f16176b-9212-6564-d538-1dba5c1379cb" testName="Should_Return_Bad_Request_For_Posts(&quot;/Account/Login?ReturnUrl=-4176%20UNION%20ALL%20SELECT%2063%2C63%2C63%2C63%2C63%23&quot;)" computerName="V020705" duration="00:00:00.0001410" startTime="2025-04-30T09:15:17.7127461+02:00" endTime="2025-04-30T09:15:17.7128870+02:00" testType="13cdc9d9-ddb5-4fa4-a97d-d965ccfc6d4b" outcome="Passed" testListId="8c84fa94-04c1-424b-9868-57a2d4851a1d" relativeResultsDirectory="c5dfc03f-154a-45a0-acfc-85fa7152644f" />
    <UnitTestResult executionId="de4eab4e-550d-408a-96ce-2726987d7b29" testId="363b286d-08ea-5b23-7626-0b7a806ac10e" testName="Should_Return_Bad_Request_For_Posts(&quot;/Account/Login?ReturnUrl=-5883%27%29%20UNION%20ALL%20SELECT%20NULL%2CNULL%2CNULL%2CNULL%2C%27qqqjq%27%7C%7C%27qgjcDbToVnRIOWdAZEOFWsXjEfLYxXtgcRIwVshb%27%7C%7C%27qkqkq%27%2CNULL%2CNULL%2CNULL--%20AkXt&quot;)" computerName="V020705" duration="00:00:00.0001230" startTime="2025-04-30T09:15:17.7030555+02:00" endTime="2025-04-30T09:15:17.7031781+02:00" testType="13cdc9d9-ddb5-4fa4-a97d-d965ccfc6d4b" outcome="Passed" testListId="8c84fa94-04c1-424b-9868-57a2d4851a1d" relativeResultsDirectory="de4eab4e-550d-408a-96ce-2726987d7b29" />
    <UnitTestResult executionId="ce268c5c-5785-4962-8233-00ea0dd2f1e2" testId="0798a21d-fb5b-f922-c16f-b5ba96e08c00" testName="Creates_New_User_If_Not_Exists_Via_Oidc_With_Only_NameIdentifier_Claim" computerName="V020705" duration="00:00:00.0092170" startTime="2025-04-30T09:13:54.1569403+02:00" endTime="2025-04-30T09:13:54.1661570+02:00" testType="13cdc9d9-ddb5-4fa4-a97d-d965ccfc6d4b" outcome="Passed" testListId="8c84fa94-04c1-424b-9868-57a2d4851a1d" relativeResultsDirectory="ce268c5c-5785-4962-8233-00ea0dd2f1e2" />
    <UnitTestResult executionId="32400659-b142-4473-9bd1-3625db629c9d" testId="b73c1149-4fb9-a212-21ff-cf2655f656a5" testName="Should_Return_Bad_Request(&quot;/Account/Login?ReturnUrl=-7754%27%29%20UNION%20ALL%20SELECT%20NULL%2CNULL%2CNULL%2CNULL%2CNULL%2CNULL%2CNULL%2C%27qqqjq%27%7C%7C%27kXUMmZablX%27%7C%7C%27qkqkq%27--%20dlpS&quot;)" computerName="V020705" duration="00:00:00.0002670" startTime="2025-04-30T09:15:17.6729805+02:00" endTime="2025-04-30T09:15:17.6732471+02:00" testType="13cdc9d9-ddb5-4fa4-a97d-d965ccfc6d4b" outcome="Passed" testListId="8c84fa94-04c1-424b-9868-57a2d4851a1d" relativeResultsDirectory="32400659-b142-4473-9bd1-3625db629c9d" />
    <UnitTestResult executionId="28b91fa3-1867-4e24-8ece-1331ea7d178c" testId="48795230-f0cf-a9dc-16d9-1177305aa296" testName="SAFARI_MAC_MOJAVE" computerName="V020705" duration="00:00:00.1223810" startTime="2025-04-30T09:14:20.9264233+02:00" endTime="2025-04-30T09:14:21.0488015+02:00" testType="13cdc9d9-ddb5-4fa4-a97d-d965ccfc6d4b" outcome="Passed" testListId="8c84fa94-04c1-424b-9868-57a2d4851a1d" relativeResultsDirectory="28b91fa3-1867-4e24-8ece-1331ea7d178c" />
    <UnitTestResult executionId="129ab5de-6af5-4cb6-a4bb-accf008325d8" testId="43610459-096b-ce53-3f6d-fef98f82caa4" testName="Publish_UserFullNameChangedEvent_When_FirstName_Was_Replaced" computerName="V020705" duration="00:00:00.0234090" startTime="2025-04-30T09:15:39.8761042+02:00" endTime="2025-04-30T09:15:39.8995121+02:00" testType="13cdc9d9-ddb5-4fa4-a97d-d965ccfc6d4b" outcome="Passed" testListId="8c84fa94-04c1-424b-9868-57a2d4851a1d" relativeResultsDirectory="129ab5de-6af5-4cb6-a4bb-accf008325d8" />
    <UnitTestResult executionId="1ab429fb-8876-4894-bc30-158431a40f99" testId="5ef6a36c-03c5-210d-ef32-244462eb091c" testName="Should_Return_Bad_Request(&quot;/Account/Login?ReturnUrl=-9839%25%27%20UNION%20ALL%20SELECT%2063%2C63%2C63%2C63%23&quot;)" computerName="V020705" duration="00:00:00.0001190" startTime="2025-04-30T09:15:17.6917172+02:00" endTime="2025-04-30T09:15:17.6918359+02:00" testType="13cdc9d9-ddb5-4fa4-a97d-d965ccfc6d4b" outcome="Passed" testListId="8c84fa94-04c1-424b-9868-57a2d4851a1d" relativeResultsDirectory="1ab429fb-8876-4894-bc30-158431a40f99" />
    <UnitTestResult executionId="44386d6f-59b6-4201-b836-211a1815ffb1" testId="679f1f6d-e845-c52f-cb49-9934fba0620b" testName="Returns_BadRequest_When_Login_Without_AntiForgeryToken" computerName="V020705" duration="00:00:00.0196080" startTime="2025-04-30T09:13:52.9923550+02:00" endTime="2025-04-30T09:13:53.0119619+02:00" testType="13cdc9d9-ddb5-4fa4-a97d-d965ccfc6d4b" outcome="Passed" testListId="8c84fa94-04c1-424b-9868-57a2d4851a1d" relativeResultsDirectory="44386d6f-59b6-4201-b836-211a1815ffb1" />
    <UnitTestResult executionId="602d38ad-1ab8-4db6-8480-ab342d48f066" testId="a6743fb6-0911-5b40-d8f3-8472ae59de38" testName="Returns_BadRequest_If_Email_Already_Exists" computerName="V020705" duration="00:00:05.3157130" startTime="2025-04-30T09:13:46.4845307+02:00" endTime="2025-04-30T09:13:51.8001257+02:00" testType="13cdc9d9-ddb5-4fa4-a97d-d965ccfc6d4b" outcome="Passed" testListId="8c84fa94-04c1-424b-9868-57a2d4851a1d" relativeResultsDirectory="602d38ad-1ab8-4db6-8480-ab342d48f066" />
    <UnitTestResult executionId="739d3a46-c415-472d-9f24-1719725d916b" testId="015d9d62-65dd-354a-1979-48ab15d55d13" testName="Should_Return_Bad_Request_For_Posts(&quot;/Account/Login?ReturnUrl=-4261%27%20UNION%20ALL%20SELECT%2063%23&quot;)" computerName="V020705" duration="00:00:00.0001190" startTime="2025-04-30T09:15:17.7151091+02:00" endTime="2025-04-30T09:15:17.7152285+02:00" testType="13cdc9d9-ddb5-4fa4-a97d-d965ccfc6d4b" outcome="Passed" testListId="8c84fa94-04c1-424b-9868-57a2d4851a1d" relativeResultsDirectory="739d3a46-c415-472d-9f24-1719725d916b" />
    <UnitTestResult executionId="11265435-6dd7-4eb2-914b-4905c06ed0e1" testId="5408f0c2-1d27-6b8d-1a4d-ae02cb5781cf" testName="Should_Return_Bad_Request_For_Posts(&quot;/Account/Login?ReturnUrl=%28SELECT%20%28CHR%28113%29%7C%7CCHR%28113%29%7C%7CCHR%28113%29%7C%7CCHR%28106%29%7C%7CCHR%28113%29%29%7C%7C%28SELECT%20%28CASE%20WHEN%20%287230%3D7230%29%20THEN%201%20ELSE%200%20END%29%29%3A%3Atext%7C%7C%28CHR%28113%29%7C%7CCHR%28107%29%7C%7CCHR%28113%29%7C%7CCHR%28107%29%7C%7CCHR%28113%29%29%29&quot;)" computerName="V020705" duration="00:00:00.0001340" startTime="2025-04-30T09:15:17.7018326+02:00" endTime="2025-04-30T09:15:17.7019669+02:00" testType="13cdc9d9-ddb5-4fa4-a97d-d965ccfc6d4b" outcome="Passed" testListId="8c84fa94-04c1-424b-9868-57a2d4851a1d" relativeResultsDirectory="11265435-6dd7-4eb2-914b-4905c06ed0e1" />
    <UnitTestResult executionId="1546dd74-2ce2-4092-bd18-9d8d4b1ae20a" testId="68742d40-9113-e248-23c0-7b4694693b3e" testName="Should_Return_Bad_Request(&quot;/Account/Login?ReturnUrl=-2340%27%29%20UNION%20ALL%20SELECT%2063%2C63%2C63%2C%27qqqjq%27%7C%7C%27LhPBkUKuvPfRFTlOqWHwlNItTKsDYbgUStmOBGfY%27%7C%7C%27qkqkq%27%2C63%2C63%2C63%2C63--%20aMQT&quot;)" computerName="V020705" duration="00:00:00.0001710" startTime="2025-04-30T09:15:17.6743431+02:00" endTime="2025-04-30T09:15:17.6745139+02:00" testType="13cdc9d9-ddb5-4fa4-a97d-d965ccfc6d4b" outcome="Passed" testListId="8c84fa94-04c1-424b-9868-57a2d4851a1d" relativeResultsDirectory="1546dd74-2ce2-4092-bd18-9d8d4b1ae20a" />
    <UnitTestResult executionId="df3e6b29-ff74-4bed-9983-b96434737ee5" testId="013f70d4-7032-9ad2-ab1d-fea4cb60a355" testName="Should_Return_Bad_Request(&quot;/Account/Login?ReturnUrl=-3694%29%20UNION%20ALL%20SELECT%2063%23&quot;)" computerName="V020705" duration="00:00:00.0002380" startTime="2025-04-30T09:15:17.6835582+02:00" endTime="2025-04-30T09:15:17.6837961+02:00" testType="13cdc9d9-ddb5-4fa4-a97d-d965ccfc6d4b" outcome="Passed" testListId="8c84fa94-04c1-424b-9868-57a2d4851a1d" relativeResultsDirectory="df3e6b29-ff74-4bed-9983-b96434737ee5" />
    <UnitTestResult executionId="a5e2296d-f963-4f9d-9d55-a607a9b528f1" testId="46385140-250e-c403-85e6-f728194295bd" testName="FIREFOX_15_LINUX" computerName="V020705" duration="00:00:00.1148240" startTime="2025-04-30T09:14:21.9689914+02:00" endTime="2025-04-30T09:14:22.0838127+02:00" testType="13cdc9d9-ddb5-4fa4-a97d-d965ccfc6d4b" outcome="Passed" testListId="8c84fa94-04c1-424b-9868-57a2d4851a1d" relativeResultsDirectory="a5e2296d-f963-4f9d-9d55-a607a9b528f1" />
    <UnitTestResult executionId="8ce294d9-1ab1-4500-a16e-936e925083cf" testId="dee58bae-fa23-f248-5ecc-6b23adc0cbfe" testName="SAFARI_IOS_13_IPAD" computerName="V020705" duration="00:00:00.1186140" startTime="2025-04-30T09:14:21.6217481+02:00" endTime="2025-04-30T09:14:21.7403587+02:00" testType="13cdc9d9-ddb5-4fa4-a97d-d965ccfc6d4b" outcome="Passed" testListId="8c84fa94-04c1-424b-9868-57a2d4851a1d" relativeResultsDirectory="8ce294d9-1ab1-4500-a16e-936e925083cf" />
    <UnitTestResult executionId="b5363cb3-8714-4a16-b401-eb13f86cb544" testId="0ff7ed8e-e9c7-970a-af44-0abccdb2e72c" testName="Creates_New_User_If_Not_Exists_Via_Oidc" computerName="V020705" duration="00:00:00.0291060" startTime="2025-04-30T09:13:54.1183090+02:00" endTime="2025-04-30T09:13:54.1474141+02:00" testType="13cdc9d9-ddb5-4fa4-a97d-d965ccfc6d4b" outcome="Passed" testListId="8c84fa94-04c1-424b-9868-57a2d4851a1d" relativeResultsDirectory="b5363cb3-8714-4a16-b401-eb13f86cb544" />
    <UnitTestResult executionId="b52ec4f3-7cf9-4994-b95a-8fdda7e19813" testId="a731b426-037f-d409-775a-15bbf748b4d0" testName="Should_Return_Bad_Request_For_Posts(&quot;/Account/Login?ReturnUrl=-9535%20UNION%20ALL%20SELECT%2063%2C63%2C63%2C63%2C63%2C63%2C63%2C63%2C63%23&quot;)" computerName="V020705" duration="00:00:00.0001360" startTime="2025-04-30T09:15:17.7216035+02:00" endTime="2025-04-30T09:15:17.7217400+02:00" testType="13cdc9d9-ddb5-4fa4-a97d-d965ccfc6d4b" outcome="Passed" testListId="8c84fa94-04c1-424b-9868-57a2d4851a1d" relativeResultsDirectory="b52ec4f3-7cf9-4994-b95a-8fdda7e19813" />
    <UnitTestResult executionId="dbaf099b-f862-434f-a22c-18eaeeb51b24" testId="d1690164-0bba-0725-6063-7b8fb553e86a" testName="Returns_Forbidden_When_Scope_Is_Not_Valid(&quot;/api/v1.0/import/protected-resource&quot;)" computerName="V020705" duration="00:00:00.0159459" startTime="2025-04-30T09:12:50.6816316+02:00" endTime="2025-04-30T09:12:50.6975769+02:00" testType="13cdc9d9-ddb5-4fa4-a97d-d965ccfc6d4b" outcome="Passed" testListId="8c84fa94-04c1-424b-9868-57a2d4851a1d" relativeResultsDirectory="dbaf099b-f862-434f-a22c-18eaeeb51b24" />
    <UnitTestResult executionId="20ae927d-0cbf-4cc1-8547-938bb950d7e9" testId="aa2311c8-8d16-e903-c802-f6602bbe6a53" testName="Should_Return_Bad_Request_For_Posts(&quot;/Account/Login?ReturnUrl=-5757%27%20ORDER%20BY%201%23&quot;)" computerName="V020705" duration="00:00:00.0001190" startTime="2025-04-30T09:15:17.7149861+02:00" endTime="2025-04-30T09:15:17.7151051+02:00" testType="13cdc9d9-ddb5-4fa4-a97d-d965ccfc6d4b" outcome="Passed" testListId="8c84fa94-04c1-424b-9868-57a2d4851a1d" relativeResultsDirectory="20ae927d-0cbf-4cc1-8547-938bb950d7e9" />
    <UnitTestResult executionId="f63c6a2d-64f1-4ae4-885d-fa56e065f758" testId="530eb305-a178-58d7-3b0a-50b71b6cdb1d" testName="Should_Return_Bad_Request_For_Posts(&quot;/Account/Login?ReturnUrl=-7890%25%27%20UNION%20ALL%20SELECT%2063%2C63%2C63%2C63%2C63%2C63%23&quot;)" computerName="V020705" duration="00:00:00.0001240" startTime="2025-04-30T09:15:17.7172008+02:00" endTime="2025-04-30T09:15:17.7173245+02:00" testType="13cdc9d9-ddb5-4fa4-a97d-d965ccfc6d4b" outcome="Passed" testListId="8c84fa94-04c1-424b-9868-57a2d4851a1d" relativeResultsDirectory="f63c6a2d-64f1-4ae4-885d-fa56e065f758" />
    <UnitTestResult executionId="46e7f081-5cd0-4856-bbf4-af0170ac2a1d" testId="f09b9a56-5944-f9fc-dfff-e80205356f47" testName="Should_Return_Bad_Request(&quot;/Account/Login?ReturnUrl=-5042%25%27%20UNION%20ALL%20SELECT%2063%2C63%2C63%2C63%2C63%2C63%2C63%2C63%2C63%23&quot;)" computerName="V020705" duration="00:00:00.0004630" startTime="2025-04-30T09:15:17.6924337+02:00" endTime="2025-04-30T09:15:17.6928956+02:00" testType="13cdc9d9-ddb5-4fa4-a97d-d965ccfc6d4b" outcome="Passed" testListId="8c84fa94-04c1-424b-9868-57a2d4851a1d" relativeResultsDirectory="46e7f081-5cd0-4856-bbf4-af0170ac2a1d" />
    <UnitTestResult executionId="9b99ecd3-bf7d-4d3e-b7f9-c3c25d7e9fe5" testId="fd9f759e-135b-8201-8682-fa83bbc69a6a" testName="Should_Return_Bad_Request(&quot;/Account/Login?ReturnUrl=%28SELECT%20CONCAT%280x7171716a71%2C%28SELECT%20%28ELT%289906%3D9906%2C1%29%29%29%2C0x716b716b71%29%29&quot;)" computerName="V020705" duration="00:00:00.0001410" startTime="2025-04-30T09:15:17.6555790+02:00" endTime="2025-04-30T09:15:17.6557197+02:00" testType="13cdc9d9-ddb5-4fa4-a97d-d965ccfc6d4b" outcome="Passed" testListId="8c84fa94-04c1-424b-9868-57a2d4851a1d" relativeResultsDirectory="9b99ecd3-bf7d-4d3e-b7f9-c3c25d7e9fe5" />
    <UnitTestResult executionId="3f61d045-1873-4bc6-b010-712d9b999165" testId="1b995002-d5de-f840-482d-76215e20f41f" testName="CreateAndEditSamlProvider" computerName="V020705" duration="00:00:00.3252360" startTime="2025-04-30T09:14:07.4656561+02:00" endTime="2025-04-30T09:14:07.7908844+02:00" testType="13cdc9d9-ddb5-4fa4-a97d-d965ccfc6d4b" outcome="Passed" testListId="8c84fa94-04c1-424b-9868-57a2d4851a1d" relativeResultsDirectory="3f61d045-1873-4bc6-b010-712d9b999165" />
    <UnitTestResult executionId="ccdbda50-aa27-48b8-9a29-543fceaa0a5a" testId="026bda92-165f-598c-44e1-4c54ada309ac" testName="Returns_New_CHG_User_With_AzureObjectId(&quot;@chg-MERIDIAN.COM&quot;)" computerName="V020705" duration="00:00:05.3807820" startTime="2025-04-30T09:13:18.2711402+02:00" endTime="2025-04-30T09:13:23.6518020+02:00" testType="13cdc9d9-ddb5-4fa4-a97d-d965ccfc6d4b" outcome="Passed" testListId="8c84fa94-04c1-424b-9868-57a2d4851a1d" relativeResultsDirectory="ccdbda50-aa27-48b8-9a29-543fceaa0a5a" />
    <UnitTestResult executionId="abe663b8-f204-49ca-90ac-a1e98d8c86e5" testId="5540b8b1-c7c3-c882-5ca6-04cae969cf3d" testName="Should_Return_Bad_Request(&quot;/Account/Login?ReturnUrl=-2280%25%27%20UNION%20ALL%20SELECT%20NULL%2CNULL%2CNULL%2CNULL%2CNULL%2C%27qqqjq%27%7C%7C%27fupHoDYKPxVMNLpPgYUKNPxXWpwBluQFHVjuuvqp%27%7C%7C%27qkqkq%27%2CNULL%2CNULL%2CNULL%2CNULL--%20anug&quot;)" computerName="V020705" duration="00:00:00.0002000" startTime="2025-04-30T09:15:17.6778968+02:00" endTime="2025-04-30T09:15:17.6780964+02:00" testType="13cdc9d9-ddb5-4fa4-a97d-d965ccfc6d4b" outcome="Passed" testListId="8c84fa94-04c1-424b-9868-57a2d4851a1d" relativeResultsDirectory="abe663b8-f204-49ca-90ac-a1e98d8c86e5" />
    <UnitTestResult executionId="a293a16b-1ff0-475e-880d-d8e1d27e5e61" testId="3a666b42-1344-4188-8afb-1371b8512069" testName="Should_Return_Bad_Request_For_Posts(&quot;/Account/Login?ReturnUrl=-6921%25%27%20UNION%20ALL%20SELECT%20NULL%2CNULL%2CNULL%2CNULL%2C%27qqqjq%27%7C%7C%27satEBgyUIvrhNLWErOCQzAtgcvFXCHmNbqPOPoSF%27%7C%7C%27qkqkq%27%2CNULL%2CNULL%2CNULL%2CNULL%2CNULL--%20kCMn&quot;)" computerName="V020705" duration="00:00:00.0001320" startTime="2025-04-30T09:15:17.7065580+02:00" endTime="2025-04-30T09:15:17.7066901+02:00" testType="13cdc9d9-ddb5-4fa4-a97d-d965ccfc6d4b" outcome="Passed" testListId="8c84fa94-04c1-424b-9868-57a2d4851a1d" relativeResultsDirectory="a293a16b-1ff0-475e-880d-d8e1d27e5e61" />
    <UnitTestResult executionId="5c462411-8497-4705-ae42-4659a519e158" testId="ffb90e7f-e0b6-4e57-9933-57d310afc418" testName="Returns_Unauthorized_When_Not_Logged_In(&quot;/api/v1.0/import/protected-resource&quot;)" computerName="V020705" duration="00:00:00.0122490" startTime="2025-04-30T09:12:50.6976760+02:00" endTime="2025-04-30T09:12:50.7099248+02:00" testType="13cdc9d9-ddb5-4fa4-a97d-d965ccfc6d4b" outcome="Passed" testListId="8c84fa94-04c1-424b-9868-57a2d4851a1d" relativeResultsDirectory="5c462411-8497-4705-ae42-4659a519e158" />
    <UnitTestResult executionId="0ce30cc0-6849-455f-9616-de623dac4c5d" testId="462450ae-4798-5098-6a52-7e20b4989b9b" testName="Should_Return_Bad_Request_For_Posts(&quot;/Account/Login?ReturnUrl=%28SELECT%20CONCAT%280x7171716a71%2C%28SELECT%20%28ELT%289906%3D9906%2C1%29%29%29%2C0x716b716b71%29%29&quot;)" computerName="V020705" duration="00:00:00.0001750" startTime="2025-04-30T09:15:17.7016547+02:00" endTime="2025-04-30T09:15:17.7018298+02:00" testType="13cdc9d9-ddb5-4fa4-a97d-d965ccfc6d4b" outcome="Passed" testListId="8c84fa94-04c1-424b-9868-57a2d4851a1d" relativeResultsDirectory="0ce30cc0-6849-455f-9616-de623dac4c5d" />
    <UnitTestResult executionId="58023a2d-926f-4cb0-b41f-81bcbaca6144" testId="438f6572-dad9-ce33-9f33-84bb87bf6221" testName="Returns_Forbidden_When_Scope_Is_Not_Valid(&quot;/api/v1.0/import/client&quot;)" computerName="V020705" duration="00:00:00.0284770" startTime="2025-04-30T09:12:45.1227967+02:00" endTime="2025-04-30T09:12:45.1512721+02:00" testType="13cdc9d9-ddb5-4fa4-a97d-d965ccfc6d4b" outcome="Passed" testListId="8c84fa94-04c1-424b-9868-57a2d4851a1d" relativeResultsDirectory="58023a2d-926f-4cb0-b41f-81bcbaca6144" />
    <UnitTestResult executionId="b387ed7d-0838-4dd9-8a5e-37c09510e31e" testId="28ce3401-59d1-f01f-85f9-9ab731dc5d17" testName="Should_Return_Bad_Request(&quot;/Account/Login?ReturnUrl=-5430%27%29%20ORDER%20BY%201%23&quot;)" computerName="V020705" duration="00:00:00.0001620" startTime="2025-04-30T09:15:17.6872579+02:00" endTime="2025-04-30T09:15:17.6874195+02:00" testType="13cdc9d9-ddb5-4fa4-a97d-d965ccfc6d4b" outcome="Passed" testListId="8c84fa94-04c1-424b-9868-57a2d4851a1d" relativeResultsDirectory="b387ed7d-0838-4dd9-8a5e-37c09510e31e" />
    <UnitTestResult executionId="a76f5a60-3ccb-4406-8bb2-807b0a6a1a53" testId="a9b3259d-aca3-18fb-c2c1-d3b4ebf259eb" testName="Should_Return_Bad_Request_For_Posts(&quot;/Account/Login?ReturnUrl=-4655%25%27%20UNION%20ALL%20SELECT%20NULL%2CNULL%2CNULL%2CNULL%2CNULL%2CNULL%2C%27qqqjq%27%7C%7C%27GTKACOtgXj%27%7C%7C%27qkqkq%27%2CNULL%2CNULL%2CNULL--%20awTl&quot;)" computerName="V020705" duration="00:00:00.0001230" startTime="2025-04-30T09:15:17.7103452+02:00" endTime="2025-04-30T09:15:17.7104678+02:00" testType="13cdc9d9-ddb5-4fa4-a97d-d965ccfc6d4b" outcome="Passed" testListId="8c84fa94-04c1-424b-9868-57a2d4851a1d" relativeResultsDirectory="a76f5a60-3ccb-4406-8bb2-807b0a6a1a53" />
    <UnitTestResult executionId="c87d5fea-63ad-452a-a75c-4dd09aff4338" testId="dfaa438e-c60c-b3dd-b86d-73089c2090aa" testName="Returns_Site_StyleSheet" computerName="V020705" duration="00:00:00.1801170" startTime="2025-04-30T09:15:45.6370422+02:00" endTime="2025-04-30T09:15:45.8171548+02:00" testType="13cdc9d9-ddb5-4fa4-a97d-d965ccfc6d4b" outcome="Passed" testListId="8c84fa94-04c1-424b-9868-57a2d4851a1d" relativeResultsDirectory="c87d5fea-63ad-452a-a75c-4dd09aff4338" />
    <UnitTestResult executionId="15dd97e3-e6b6-43d9-99c9-31986493ab76" testId="f256037f-7652-5711-f7c8-b9b9bdf5b0f8" testName="Returns_Login_Page" computerName="V020705" duration="00:00:00.0273850" startTime="2025-04-30T09:13:53.0406055+02:00" endTime="2025-04-30T09:13:53.0679894+02:00" testType="13cdc9d9-ddb5-4fa4-a97d-d965ccfc6d4b" outcome="Passed" testListId="8c84fa94-04c1-424b-9868-57a2d4851a1d" relativeResultsDirectory="15dd97e3-e6b6-43d9-99c9-31986493ab76" />
    <UnitTestResult executionId="43b0aa61-8653-4131-ac97-4f1491fda971" testId="e9093979-acc6-0916-1e2b-dc8f86769062" testName="Should_Return_Bad_Request_For_Posts(&quot;/Account/Login?ReturnUrl=-4430%27%29%20UNION%20ALL%20SELECT%2063%2C63%2C63%2C63%23&quot;)" computerName="V020705" duration="00:00:00.0001230" startTime="2025-04-30T09:15:17.7140998+02:00" endTime="2025-04-30T09:15:17.7142223+02:00" testType="13cdc9d9-ddb5-4fa4-a97d-d965ccfc6d4b" outcome="Passed" testListId="8c84fa94-04c1-424b-9868-57a2d4851a1d" relativeResultsDirectory="43b0aa61-8653-4131-ac97-4f1491fda971" />
    <UnitTestResult executionId="758babb9-137b-4a16-bcc4-48d785940cb2" testId="ff11437b-29fd-d6e3-33a0-05677820dec0" testName="Returns_Error_For_Invalid_User" computerName="V020705" duration="00:00:00.0715170" startTime="2025-04-30T09:14:05.3326660+02:00" endTime="2025-04-30T09:14:05.4041816+02:00" testType="13cdc9d9-ddb5-4fa4-a97d-d965ccfc6d4b" outcome="Passed" testListId="8c84fa94-04c1-424b-9868-57a2d4851a1d" relativeResultsDirectory="758babb9-137b-4a16-bcc4-48d785940cb2" />
    <UnitTestResult executionId="11aaf7ff-f180-41e3-b5f9-b6c783631064" testId="6e3de479-3bc7-4f7b-40ff-001e8fd46832" testName="Should_Return_Bad_Request_For_Posts(&quot;/Account/Login?ReturnUrl=-2049%27%29%20UNION%20ALL%20SELECT%2063%2C63%2C63%2C63%2C63%2C63%2C63%2C63%23&quot;)" computerName="V020705" duration="00:00:00.0001240" startTime="2025-04-30T09:15:17.7146027+02:00" endTime="2025-04-30T09:15:17.7147265+02:00" testType="13cdc9d9-ddb5-4fa4-a97d-d965ccfc6d4b" outcome="Passed" testListId="8c84fa94-04c1-424b-9868-57a2d4851a1d" relativeResultsDirectory="11aaf7ff-f180-41e3-b5f9-b6c783631064" />
    <UnitTestResult executionId="f151abd8-5eb4-4e24-8ab2-3877deae5458" testId="559fd61d-f928-0495-43bf-341e8cda4645" testName="Should_Return_Bad_Request(&quot;/Account/Login?ReturnUrl=-6657%29%20UNION%20ALL%20SELECT%2063%2C63%2C63%2C63%2C63%2C63%2C63%2C63%2C63%2C63%23&quot;)" computerName="V020705" duration="00:00:00.0001870" startTime="2025-04-30T09:15:17.6848261+02:00" endTime="2025-04-30T09:15:17.6850123+02:00" testType="13cdc9d9-ddb5-4fa4-a97d-d965ccfc6d4b" outcome="Passed" testListId="8c84fa94-04c1-424b-9868-57a2d4851a1d" relativeResultsDirectory="f151abd8-5eb4-4e24-8ab2-3877deae5458" />
    <UnitTestResult executionId="904bdf75-9249-4824-b9e5-1da23605eaa2" testId="203da25a-10d4-871e-4a7a-6affa4f663ec" testName="Should_Return_Bad_Request_For_Posts(&quot;/Account/Login?ReturnUrl=-9839%25%27%20UNION%20ALL%20SELECT%2063%2C63%2C63%2C63%23&quot;)" computerName="V020705" duration="00:00:00.0001590" startTime="2025-04-30T09:15:17.7168953+02:00" endTime="2025-04-30T09:15:17.7170542+02:00" testType="13cdc9d9-ddb5-4fa4-a97d-d965ccfc6d4b" outcome="Passed" testListId="8c84fa94-04c1-424b-9868-57a2d4851a1d" relativeResultsDirectory="904bdf75-9249-4824-b9e5-1da23605eaa2" />
    <UnitTestResult executionId="488d02e8-e9fd-4657-af2e-fc1d9d6c036e" testId="f91ada7d-179e-7b67-6f2d-c61e6435343e" testName="Returns_Ok_When_User_Was_Found(&quot;mike.employee@chg-meridian.com&quot;)" computerName="V020705" duration="00:00:00.0257980" startTime="2025-04-30T09:13:40.0371023+02:00" endTime="2025-04-30T09:13:40.0628985+02:00" testType="13cdc9d9-ddb5-4fa4-a97d-d965ccfc6d4b" outcome="Passed" testListId="8c84fa94-04c1-424b-9868-57a2d4851a1d" relativeResultsDirectory="488d02e8-e9fd-4657-af2e-fc1d9d6c036e" />
    <UnitTestResult executionId="f4671418-3238-49d2-9c65-e7965aec943e" testId="27d78a98-b272-24c3-c407-4efcb9302805" testName="Should_Return_Bad_Request_For_Posts(&quot;/Account/Login?ReturnUrl=-7862%27%29%20UNION%20ALL%20SELECT%2063%2C%27qqqjq%27%7C%7C%27GfCRoVVXlKiUImPpwyIyZaEicDkbsMuhYKxlyPjT%27%7C%7C%27qkqkq%27%2C63%2C63%2C63%2C63%2C63%2C63--%20srQM&quot;)" computerName="V020705" duration="00:00:00.0001230" startTime="2025-04-30T09:15:17.7046052+02:00" endTime="2025-04-30T09:15:17.7047278+02:00" testType="13cdc9d9-ddb5-4fa4-a97d-d965ccfc6d4b" outcome="Passed" testListId="8c84fa94-04c1-424b-9868-57a2d4851a1d" relativeResultsDirectory="f4671418-3238-49d2-9c65-e7965aec943e" />
    <UnitTestResult executionId="4c93701d-a267-45fd-8751-5301939e873b" testId="0d378018-51ab-cc50-f525-b066c3e18e53" testName="Should_Return_Bad_Request_For_Posts(&quot;/Account/Login?ReturnUrl=-7754%27%29%20UNION%20ALL%20SELECT%20NULL%2CNULL%2CNULL%2CNULL%2CNULL%2CNULL%2CNULL%2C%27qqqjq%27%7C%7C%27kXUMmZablX%27%7C%7C%27qkqkq%27--%20dlpS&quot;)" computerName="V020705" duration="00:00:00.0001260" startTime="2025-04-30T09:15:17.7039555+02:00" endTime="2025-04-30T09:15:17.7040808+02:00" testType="13cdc9d9-ddb5-4fa4-a97d-d965ccfc6d4b" outcome="Passed" testListId="8c84fa94-04c1-424b-9868-57a2d4851a1d" relativeResultsDirectory="4c93701d-a267-45fd-8751-5301939e873b" />
    <UnitTestResult executionId="1901ec8e-1dbc-4fd6-bc1d-11c7f3f5a0f0" testId="8e42e514-7af6-d800-e6b6-c27506151b01" testName="Returns_Ok(&quot;/status&quot;)" computerName="V020705" duration="00:00:00.1442209" startTime="2025-04-30T09:12:56.2366533+02:00" endTime="2025-04-30T09:12:56.3808703+02:00" testType="13cdc9d9-ddb5-4fa4-a97d-d965ccfc6d4b" outcome="Passed" testListId="8c84fa94-04c1-424b-9868-57a2d4851a1d" relativeResultsDirectory="1901ec8e-1dbc-4fd6-bc1d-11c7f3f5a0f0" />
    <UnitTestResult executionId="b1ff7ac6-f109-462d-a0e4-010d00168e0f" testId="b9a30a24-35bd-d80f-6fed-e7ffa0b4a370" testName="Returns_Data_For_Reader" computerName="V020705" duration="00:00:00.1710029" startTime="2025-04-30T09:14:15.9971192+02:00" endTime="2025-04-30T09:14:16.1681181+02:00" testType="13cdc9d9-ddb5-4fa4-a97d-d965ccfc6d4b" outcome="Passed" testListId="8c84fa94-04c1-424b-9868-57a2d4851a1d" relativeResultsDirectory="b1ff7ac6-f109-462d-a0e4-010d00168e0f" />
    <UnitTestResult executionId="1e1143a3-9af3-4dc3-8b5a-91ab8c407581" testId="18125ed0-d986-9637-bbdb-af2866252b3c" testName="Applies_The_Scim_Filter_Expression" computerName="V020705" duration="00:00:05.3345860" startTime="2025-04-30T09:15:28.9730560+02:00" endTime="2025-04-30T09:15:34.3075228+02:00" testType="13cdc9d9-ddb5-4fa4-a97d-d965ccfc6d4b" outcome="Passed" testListId="8c84fa94-04c1-424b-9868-57a2d4851a1d" relativeResultsDirectory="1e1143a3-9af3-4dc3-8b5a-91ab8c407581" />
    <UnitTestResult executionId="67c16ac0-5684-476e-acc0-d29673eacbdb" testId="2539ab32-25fb-f0cd-0f6f-f881c23ca75a" testName="Should_Return_Bad_Request(&quot;/Account/Login?ReturnUrl=-8917%20UNION%20ALL%20SELECT%2063%2C63%2C63%2C63%2C63%2C63%23&quot;)" computerName="V020705" duration="00:00:00.0001190" startTime="2025-04-30T09:15:17.6940712+02:00" endTime="2025-04-30T09:15:17.6941903+02:00" testType="13cdc9d9-ddb5-4fa4-a97d-d965ccfc6d4b" outcome="Passed" testListId="8c84fa94-04c1-424b-9868-57a2d4851a1d" relativeResultsDirectory="67c16ac0-5684-476e-acc0-d29673eacbdb" />
    <UnitTestResult executionId="e7443567-45e4-4f52-9681-062c47b387cb" testId="d5c3830d-5895-dcdf-e3d2-f3e1ee4ecad5" testName="Should_Return_Bad_Request_For_Posts(&quot;/Account/Login?ReturnUrl=-7634%25%27%20UNION%20ALL%20SELECT%2063%2C63%2C63%23&quot;)" computerName="V020705" duration="00:00:00.0001340" startTime="2025-04-30T09:15:17.7167559+02:00" endTime="2025-04-30T09:15:17.7168898+02:00" testType="13cdc9d9-ddb5-4fa4-a97d-d965ccfc6d4b" outcome="Passed" testListId="8c84fa94-04c1-424b-9868-57a2d4851a1d" relativeResultsDirectory="e7443567-45e4-4f52-9681-062c47b387cb" />
    <UnitTestResult executionId="f5150f23-0e7b-4a8b-a2ca-666fb640f0ed" testId="e7d30c63-641c-a337-93f7-d07e53ab7db2" testName="Updates_Existing_Users_UserName_Via_AzureAD" computerName="V020705" duration="00:00:00.0282010" startTime="2025-04-30T09:13:54.2750967+02:00" endTime="2025-04-30T09:13:54.3032967+02:00" testType="13cdc9d9-ddb5-4fa4-a97d-d965ccfc6d4b" outcome="Passed" testListId="8c84fa94-04c1-424b-9868-57a2d4851a1d" relativeResultsDirectory="f5150f23-0e7b-4a8b-a2ca-666fb640f0ed" />
    <UnitTestResult executionId="5fd69381-3a36-4ec2-a0b3-27f7838e1e8c" testId="816e3788-abee-3c05-191b-d6dcf1748555" testName="Should_Return_Bad_Request_For_Posts(&quot;/Account/Login?ReturnUrl=-9320%20UNION%20ALL%20SELECT%2063%2C63%2C63%2C63%2C63%2C63%2C63%23&quot;)" computerName="V020705" duration="00:00:00.0001220" startTime="2025-04-30T09:15:17.7130458+02:00" endTime="2025-04-30T09:15:17.7131679+02:00" testType="13cdc9d9-ddb5-4fa4-a97d-d965ccfc6d4b" outcome="Passed" testListId="8c84fa94-04c1-424b-9868-57a2d4851a1d" relativeResultsDirectory="5fd69381-3a36-4ec2-a0b3-27f7838e1e8c" />
    <UnitTestResult executionId="06dfea4c-6fd1-4c83-b142-311bf5a84ed5" testId="9d968e4f-1aee-1b0d-c5e0-b23790a60880" testName="Returns_Forbidden_When_Scope_Is_Not_Valid(&quot;/api/v1.0/users/&quot;)" computerName="V020705" duration="00:00:05.3434609" startTime="2025-04-30T09:13:29.1016657+02:00" endTime="2025-04-30T09:13:34.4450062+02:00" testType="13cdc9d9-ddb5-4fa4-a97d-d965ccfc6d4b" outcome="Passed" testListId="8c84fa94-04c1-424b-9868-57a2d4851a1d" relativeResultsDirectory="06dfea4c-6fd1-4c83-b142-311bf5a84ed5" />
    <UnitTestResult executionId="dadefff5-e416-4c39-9ec6-6492a999f3e9" testId="17b84003-454d-4800-8fc6-4866540da352" testName="Should_Return_Bad_Request(&quot;/Account/Login?ReturnUrl=-4963%27%29%20UNION%20ALL%20SELECT%20NULL%2C%27qqqjq%27%7C%7C%27EgxvZACSTRhenboNBEGBKvLzvaeCJCZRPaoHjmIC%27%7C%7C%27qkqkq%27%2CNULL%2CNULL%2CNULL%2CNULL%2CNULL%2CNULL--%20Yhfy&quot;)" computerName="V020705" duration="00:00:00.0005360" startTime="2025-04-30T09:15:17.6687959+02:00" endTime="2025-04-30T09:15:17.6693316+02:00" testType="13cdc9d9-ddb5-4fa4-a97d-d965ccfc6d4b" outcome="Passed" testListId="8c84fa94-04c1-424b-9868-57a2d4851a1d" relativeResultsDirectory="dadefff5-e416-4c39-9ec6-6492a999f3e9" />
    <UnitTestResult executionId="c9e3e497-8f66-4443-9b0c-73860019043b" testId="d21c70f2-4c99-b98e-4b30-7555a3494b2c" testName="Returns_BadRequest_If_Email_Is_Invalid" computerName="V020705" duration="00:00:00.0143230" startTime="2025-04-30T09:13:51.8001726+02:00" endTime="2025-04-30T09:13:51.8144948+02:00" testType="13cdc9d9-ddb5-4fa4-a97d-d965ccfc6d4b" outcome="Passed" testListId="8c84fa94-04c1-424b-9868-57a2d4851a1d" relativeResultsDirectory="c9e3e497-8f66-4443-9b0c-73860019043b" />
    <UnitTestResult executionId="17436287-c832-484d-a8e9-494fccb3e577" testId="008a0636-fc57-2104-25e9-8283ed09b56e" testName="Should_Return_Bad_Request(&quot;/Account/Login?ReturnUrl=-4261%27%20UNION%20ALL%20SELECT%2063%23&quot;)" computerName="V020705" duration="00:00:00.0001640" startTime="2025-04-30T09:15:17.6895545+02:00" endTime="2025-04-30T09:15:17.6897182+02:00" testType="13cdc9d9-ddb5-4fa4-a97d-d965ccfc6d4b" outcome="Passed" testListId="8c84fa94-04c1-424b-9868-57a2d4851a1d" relativeResultsDirectory="17436287-c832-484d-a8e9-494fccb3e577" />
    <UnitTestResult executionId="3b55a889-acb2-4567-bdc6-03e5754e2581" testId="f24a5745-f697-f781-56b4-ccc13d6bd151" testName="Should_Return_Bad_Request_For_Posts(&quot;/Account/Login?ReturnUrl=%28SELECT%209951%20FROM%28SELECT%20COUNT%28%2A%29%2CCONCAT%280x7171716a71%2C%28SELECT%20%28ELT%289951%3D9951%2C1%29%29%29%&quot;)" computerName="V020705" duration="00:00:00.0001970" startTime="2025-04-30T09:15:17.7014547+02:00" endTime="2025-04-30T09:15:17.7016518+02:00" testType="13cdc9d9-ddb5-4fa4-a97d-d965ccfc6d4b" outcome="Passed" testListId="8c84fa94-04c1-424b-9868-57a2d4851a1d" relativeResultsDirectory="3b55a889-acb2-4567-bdc6-03e5754e2581" />
    <UnitTestResult executionId="500c0fa2-e3eb-4816-ab71-c68cd4eea3c6" testId="7f39d04b-167b-71f4-69a0-00ff8dd10ec6" testName="Returns_BadRequest_If_Email_Is_Missing" computerName="V020705" duration="00:00:00.0330400" startTime="2025-04-30T09:13:51.8145340+02:00" endTime="2025-04-30T09:13:51.8475733+02:00" testType="13cdc9d9-ddb5-4fa4-a97d-d965ccfc6d4b" outcome="Passed" testListId="8c84fa94-04c1-424b-9868-57a2d4851a1d" relativeResultsDirectory="500c0fa2-e3eb-4816-ab71-c68cd4eea3c6" />
    <UnitTestResult executionId="dbe50267-3136-4241-91aa-542921fadc63" testId="3677a157-696f-f759-7421-f9c5a0b22627" testName="Should_Return_Bad_Request_For_Posts(&quot;/Account/Login?ReturnUrl=-8885%29%20UNION%20ALL%20SELECT%2063%2C63%23&quot;)" computerName="V020705" duration="00:00:00.0001310" startTime="2025-04-30T09:15:17.7107257+02:00" endTime="2025-04-30T09:15:17.7108565+02:00" testType="13cdc9d9-ddb5-4fa4-a97d-d965ccfc6d4b" outcome="Passed" testListId="8c84fa94-04c1-424b-9868-57a2d4851a1d" relativeResultsDirectory="dbe50267-3136-4241-91aa-542921fadc63" />
    <UnitTestResult executionId="417c5c65-227c-4da7-a32f-f181e4acd8d9" testId="d443cdf9-ad6a-9327-5d7a-c37c94acc6b7" testName="Returns_False_For_Weak_Password(&quot;newpassword&quot;)" computerName="V020705" duration="00:00:00.0070620" startTime="2025-04-30T09:12:56.2172285+02:00" endTime="2025-04-30T09:12:56.2242901+02:00" testType="13cdc9d9-ddb5-4fa4-a97d-d965ccfc6d4b" outcome="Passed" testListId="8c84fa94-04c1-424b-9868-57a2d4851a1d" relativeResultsDirectory="417c5c65-227c-4da7-a32f-f181e4acd8d9" />
    <UnitTestResult executionId="5c13d51e-a233-452e-ae10-cfe0acac8fb4" testId="b29f2a3e-a6e8-3eb9-9a93-770859da5ed4" testName="App_Gets_Notified" computerName="V020705" duration="00:00:05.7729660" startTime="2025-04-30T09:14:58.9608830+02:00" endTime="2025-04-30T09:15:04.7337204+02:00" testType="13cdc9d9-ddb5-4fa4-a97d-d965ccfc6d4b" outcome="Passed" testListId="8c84fa94-04c1-424b-9868-57a2d4851a1d" relativeResultsDirectory="5c13d51e-a233-452e-ae10-cfe0acac8fb4" />
    <UnitTestResult executionId="607ff71b-ae58-4f08-a750-562755112d1f" testId="7b0bc669-b274-da7d-cf92-28eb411e2616" testName="Should_Return_Bad_Request(&quot;/Account/Login?ReturnUrl=-7360%20UNION%20ALL%20SELECT%2063%2C63%2C63%2C63%23&quot;)" computerName="V020705" duration="00:00:00.0001220" startTime="2025-04-30T09:15:17.6938246+02:00" endTime="2025-04-30T09:15:17.6939467+02:00" testType="13cdc9d9-ddb5-4fa4-a97d-d965ccfc6d4b" outcome="Passed" testListId="8c84fa94-04c1-424b-9868-57a2d4851a1d" relativeResultsDirectory="607ff71b-ae58-4f08-a750-562755112d1f" />
    <UnitTestResult executionId="4b49542a-4e2b-4bfa-99e8-35771f20b3c6" testId="f0a1cc59-e050-aed2-9e8f-66ff16357e55" testName="Returns_Direct" computerName="V020705" duration="00:00:00.1463460" startTime="2025-04-30T09:15:17.7312175+02:00" endTime="2025-04-30T09:15:17.8775600+02:00" testType="13cdc9d9-ddb5-4fa4-a97d-d965ccfc6d4b" outcome="Passed" testListId="8c84fa94-04c1-424b-9868-57a2d4851a1d" relativeResultsDirectory="4b49542a-4e2b-4bfa-99e8-35771f20b3c6" />
    <UnitTestResult executionId="1bc07d3c-4c53-4d10-993e-b1c6ab76d8a8" testId="63f94360-01c5-b02d-362e-492de62ebe0b" testName="Should_Return_Bad_Request_For_Posts(&quot;/Account/Login?ReturnUrl=-7085%29%20UNION%20ALL%20SELECT%2063%2C63%2C63%2C63%23&quot;)" computerName="V020705" duration="00:00:00.0001250" startTime="2025-04-30T09:15:17.7109829+02:00" endTime="2025-04-30T09:15:17.7111080+02:00" testType="13cdc9d9-ddb5-4fa4-a97d-d965ccfc6d4b" outcome="Passed" testListId="8c84fa94-04c1-424b-9868-57a2d4851a1d" relativeResultsDirectory="1bc07d3c-4c53-4d10-993e-b1c6ab76d8a8" />
    <UnitTestResult executionId="89b76948-f731-4aca-b41e-34418cec5dab" testId="07843080-ae58-b9a9-9f22-6ecdbc40d793" testName="Returns_Bad_Request_For_Malformed_Email(&quot;notamail&quot;)" computerName="V020705" duration="00:00:00.0272360" startTime="2025-04-30T09:12:56.0096830+02:00" endTime="2025-04-30T09:12:56.0369181+02:00" testType="13cdc9d9-ddb5-4fa4-a97d-d965ccfc6d4b" outcome="Passed" testListId="8c84fa94-04c1-424b-9868-57a2d4851a1d" relativeResultsDirectory="89b76948-f731-4aca-b41e-34418cec5dab" />
    <UnitTestResult executionId="ac6f91f5-2ee3-49ad-a868-683d4ac4262e" testId="8836bb6e-9db8-6d85-f6c2-ff5e6575dbf7" testName="Can_Not_Login_With_Wrong_Password" computerName="V020705" duration="00:00:00.1402780" startTime="2025-04-30T09:13:52.7970398+02:00" endTime="2025-04-30T09:13:52.9373140+02:00" testType="13cdc9d9-ddb5-4fa4-a97d-d965ccfc6d4b" outcome="Passed" testListId="8c84fa94-04c1-424b-9868-57a2d4851a1d" relativeResultsDirectory="ac6f91f5-2ee3-49ad-a868-683d4ac4262e" />
    <UnitTestResult executionId="1060341a-9000-43ef-a98a-cb89e2fc1d3d" testId="75e747c2-fe86-f8e5-213c-3c3ac7669a21" testName="Returns_Error_For_Missing_Parameters" computerName="V020705" duration="00:00:00.0770630" startTime="2025-04-30T09:14:05.4074922+02:00" endTime="2025-04-30T09:14:05.4845529+02:00" testType="13cdc9d9-ddb5-4fa4-a97d-d965ccfc6d4b" outcome="Passed" testListId="8c84fa94-04c1-424b-9868-57a2d4851a1d" relativeResultsDirectory="1060341a-9000-43ef-a98a-cb89e2fc1d3d" />
    <UnitTestResult executionId="3bb2e330-97f7-4100-95f9-68a89ccaefa8" testId="a2508e13-7da8-1312-bb13-5898999d21e7" testName="Should_Return_Bad_Request_For_Posts(&quot;/Account/Login?ReturnUrl=-9538%27%29%20UNION%20ALL%20SELECT%20NULL%2CNULL%2CNULL%2C%27qqqjq%27%7C%7C%27MxswbGTGBA%27%7C%7C%27qkqkq%27%2CNULL%2CNULL%2CNULL%2CNULL--%20oJRg&quot;)" computerName="V020705" duration="00:00:00.0001270" startTime="2025-04-30T09:15:17.7034427+02:00" endTime="2025-04-30T09:15:17.7035701+02:00" testType="13cdc9d9-ddb5-4fa4-a97d-d965ccfc6d4b" outcome="Passed" testListId="8c84fa94-04c1-424b-9868-57a2d4851a1d" relativeResultsDirectory="3bb2e330-97f7-4100-95f9-68a89ccaefa8" />
    <UnitTestResult executionId="9779d299-e6c8-4e5b-a1e5-035f75024ed8" testId="f8fc18a6-c061-aee2-5a52-869f287d5389" testName="Should_Not_Return_Bad_Request(&quot;/Account/Login?ReturnUrl=%2Fconnect%2Fauthorize%2Fcallback%3Fclient_id%3Dchg.localization%26redirect_uri%3Dhttps%253A%252F%252Fchgmeridianlocalizationqamajor.azurewebsites.net%252Fsignin-oidc%26response_type%3Dcode%2520id_token%26scope%3Dopenid%2520profile%2520localizationservice_api%26response_mode%3Dform_post%26nonce%3D637619503997399103.MDI5MmI3ZWUtZTJjMy00NjkzLTkxMWEtMjBjOTQxMzM2NWNhMTAxZmEyMDctMGJkZC00MTZmLWE3NDItZTY5YmU4NGM3NjM4%26state%3DCfDJ8PmoGg8ZG85Ju6ZjYxmD3aB-of8y0MBItqZ_VzFrzQJPMlWBhcdij2tW-jeKp4aYDRkHOvjv8pL5Q2h53uVX1IIJrSjAF4tCG8H5sZhbptmoONxzPtftOxf0gnWdQNJI8IqNzsorUA6uh1CrtueSbaE7vAlEWiyV46BTBAd2S0KYqE1E9xpCB89IsYUBVKMGlpGrLhdHgvE17oVatABJ-msCdYsjovbYovC5UfDV0jC9srp6jDAoqFKWgrrgXZuiC4xFghIeRraUfTg7LO8SUldMREepbamtWtXMtBco05szk5AaIQa3mJFH_r4-cOtRQm0L7l4BJwecSNTK4uYRHLmnNjN2G6ubCaki7hj7YmGbNeb0RzF4zxeDcGzycoJ3cddIFkykmfxp5fwwy5KyeoYbdJGYj6VyJMGmvkZMCALa%26x-client-SKU%3DID_NETSTANDARD2_0%26x-client-ver%3D5.6.0.0&quot;)" computerName="V020705" duration="00:00:00.0562630" startTime="2025-04-30T09:15:17.5788922+02:00" endTime="2025-04-30T09:15:17.6351539+02:00" testType="13cdc9d9-ddb5-4fa4-a97d-d965ccfc6d4b" outcome="Passed" testListId="8c84fa94-04c1-424b-9868-57a2d4851a1d" relativeResultsDirectory="9779d299-e6c8-4e5b-a1e5-035f75024ed8" />
    <UnitTestResult executionId="42059ee5-f5eb-4cd8-bf90-0cfd788189fb" testId="e64d2c5e-99de-6674-937d-4308e9e23a93" testName="Returns_LoginRequest_When_Not_Logged_In" computerName="V020705" duration="00:00:00.1541930" startTime="2025-04-30T09:14:06.4812486+02:00" endTime="2025-04-30T09:14:06.6354376+02:00" testType="13cdc9d9-ddb5-4fa4-a97d-d965ccfc6d4b" outcome="Passed" testListId="8c84fa94-04c1-424b-9868-57a2d4851a1d" relativeResultsDirectory="42059ee5-f5eb-4cd8-bf90-0cfd788189fb" />
    <UnitTestResult executionId="15a516e5-4977-4701-b9af-9aab596850e3" testId="fb688509-abeb-98ca-1e16-3fb572efbd0e" testName="Should_Return_Bad_Request(&quot;/Account/Login?ReturnUrl=-3943%27%20UNION%20ALL%20SELECT%2063%2C63%2C63%2C63%2C63%2C63%2C63%2C63%2C63%23&quot;)" computerName="V020705" duration="00:00:00.0001190" startTime="2025-04-30T09:15:17.6908545+02:00" endTime="2025-04-30T09:15:17.6909737+02:00" testType="13cdc9d9-ddb5-4fa4-a97d-d965ccfc6d4b" outcome="Passed" testListId="8c84fa94-04c1-424b-9868-57a2d4851a1d" relativeResultsDirectory="15a516e5-4977-4701-b9af-9aab596850e3" />
    <UnitTestResult executionId="01094f6d-7bd7-4750-876e-f23637ba0505" testId="41a890aa-18d7-3f04-390f-6a24e560df6a" testName="Should_Return_Bad_Request(&quot;/Account/Login?ReturnUrl=-6628%20UNION%20ALL%20SELECT%2063%2C63%23&quot;)" computerName="V020705" duration="00:00:00.0001670" startTime="2025-04-30T09:15:17.6854565+02:00" endTime="2025-04-30T09:15:17.6856233+02:00" testType="13cdc9d9-ddb5-4fa4-a97d-d965ccfc6d4b" outcome="Passed" testListId="8c84fa94-04c1-424b-9868-57a2d4851a1d" relativeResultsDirectory="01094f6d-7bd7-4750-876e-f23637ba0505" />
    <UnitTestResult executionId="f3404c67-9a95-4bba-82a1-a1b187018a71" testId="58233bfc-0f04-5bab-fe65-43a04dd13a5e" testName="Should_Return_Bad_Request(&quot;/Account/Login?ReturnUrl=-3454%29%20UNION%20ALL%20SELECT%2063%2C63%2C63%23&quot;)" computerName="V020705" duration="00:00:00.0001290" startTime="2025-04-30T09:15:17.6839234+02:00" endTime="2025-04-30T09:15:17.6840518+02:00" testType="13cdc9d9-ddb5-4fa4-a97d-d965ccfc6d4b" outcome="Passed" testListId="8c84fa94-04c1-424b-9868-57a2d4851a1d" relativeResultsDirectory="f3404c67-9a95-4bba-82a1-a1b187018a71" />
    <UnitTestResult executionId="251eb5f1-c59a-48d8-8c96-3b25ef388ac6" testId="faf74f6a-093e-493d-11ce-924804876b9c" testName="Should_Return_Bad_Request(&quot;/Account/Login?ReturnUrl=-2942%20UNION%20ALL%20SELECT%2063%2C63%2C63%2C63%2C63%2C63%2C63%2C63%23&quot;)" computerName="V020705" duration="00:00:00.0001870" startTime="2025-04-30T09:15:17.6867116+02:00" endTime="2025-04-30T09:15:17.6868982+02:00" testType="13cdc9d9-ddb5-4fa4-a97d-d965ccfc6d4b" outcome="Passed" testListId="8c84fa94-04c1-424b-9868-57a2d4851a1d" relativeResultsDirectory="251eb5f1-c59a-48d8-8c96-3b25ef388ac6" />
    <UnitTestResult executionId="af31225e-56d7-41bd-b81f-751627b21813" testId="e4cd1592-0972-ce84-8878-d0b9d777d9b4" testName="IE_EDGE_WIN" computerName="V020705" duration="00:00:00.1137460" startTime="2025-04-30T09:14:22.3130214+02:00" endTime="2025-04-30T09:14:22.4267643+02:00" testType="13cdc9d9-ddb5-4fa4-a97d-d965ccfc6d4b" outcome="Passed" testListId="8c84fa94-04c1-424b-9868-57a2d4851a1d" relativeResultsDirectory="af31225e-56d7-41bd-b81f-751627b21813" />
    <UnitTestResult executionId="c97f6517-3cf7-4982-8722-d61517c773d4" testId="adcefaf7-ab45-f9c6-3cdf-a5f6b20e1b5f" testName="Creates_A_New_IdentityExpressUser" computerName="V020705" duration="00:00:05.4673770" startTime="2025-04-30T09:15:17.8792511+02:00" endTime="2025-04-30T09:15:23.3465066+02:00" testType="13cdc9d9-ddb5-4fa4-a97d-d965ccfc6d4b" outcome="Passed" testListId="8c84fa94-04c1-424b-9868-57a2d4851a1d" relativeResultsDirectory="c97f6517-3cf7-4982-8722-d61517c773d4" />
    <UnitTestResult executionId="696cc79f-0c3c-4938-98ac-22c56650a042" testId="57a68603-21d4-3541-a953-2b4363f4861b" testName="Should_Return_Bad_Request(&quot;/Account/Login?ReturnUrl=-6020%27%29%20UNION%20ALL%20SELECT%2063%2C63%2C63%2C63%2C63%23&quot;)" computerName="V020705" duration="00:00:00.0001230" startTime="2025-04-30T09:15:17.6883300+02:00" endTime="2025-04-30T09:15:17.6884529+02:00" testType="13cdc9d9-ddb5-4fa4-a97d-d965ccfc6d4b" outcome="Passed" testListId="8c84fa94-04c1-424b-9868-57a2d4851a1d" relativeResultsDirectory="696cc79f-0c3c-4938-98ac-22c56650a042" />
    <UnitTestResult executionId="8edeb355-35c4-4661-9805-fac5b7a84ffe" testId="db033ebe-1bb6-3b1b-97c3-2b0571c5eb5f" testName="Returns_Data" computerName="V020705" duration="00:00:05.4829549" startTime="2025-04-30T09:14:09.4919532+02:00" endTime="2025-04-30T09:14:14.9747860+02:00" testType="13cdc9d9-ddb5-4fa4-a97d-d965ccfc6d4b" outcome="Passed" testListId="8c84fa94-04c1-424b-9868-57a2d4851a1d" relativeResultsDirectory="8edeb355-35c4-4661-9805-fac5b7a84ffe" />
    <UnitTestResult executionId="7acfc27d-7625-455e-b0d2-c8270023645c" testId="8eecc25f-5179-2e41-48f6-db431cd61baf" testName="Should_Return_Bad_Request_For_Posts(&quot;/Account/Login?ReturnUrl=-8675%27%29%20UNION%20ALL%20SELECT%2063%2C63%2C63%2C63%2C63%2C63%2C%27qqqjq%27%7C%7C%27QzvegzrvlN%27%7C%7C%27qkqkq%27%2C63--%20blbd&quot;)" computerName="V020705" duration="00:00:00.0001710" startTime="2025-04-30T09:15:17.7062327+02:00" endTime="2025-04-30T09:15:17.7064030+02:00" testType="13cdc9d9-ddb5-4fa4-a97d-d965ccfc6d4b" outcome="Passed" testListId="8c84fa94-04c1-424b-9868-57a2d4851a1d" relativeResultsDirectory="7acfc27d-7625-455e-b0d2-c8270023645c" />
    <UnitTestResult executionId="df89244f-b010-47ca-8dcc-bb9a5dd20ea6" testId="d06720ee-86fe-234d-dbce-df0203b846ac" testName="Returns_AccessDenied_When_Insufficent_Permissions" computerName="V020705" duration="00:00:00.3607330" startTime="2025-04-30T09:14:18.2408183+02:00" endTime="2025-04-30T09:14:18.6015427+02:00" testType="13cdc9d9-ddb5-4fa4-a97d-d965ccfc6d4b" outcome="Passed" testListId="8c84fa94-04c1-424b-9868-57a2d4851a1d" relativeResultsDirectory="df89244f-b010-47ca-8dcc-bb9a5dd20ea6" />
    <UnitTestResult executionId="16f8f831-efe8-41e0-b830-a549d4e3a2fb" testId="bd7f3c81-03c6-8257-cd86-9e384cd8d973" testName="Returns_Success" computerName="V020705" duration="00:00:00.1563640" startTime="2025-04-30T09:15:16.8656456+02:00" endTime="2025-04-30T09:15:17.0220059+02:00" testType="13cdc9d9-ddb5-4fa4-a97d-d965ccfc6d4b" outcome="Passed" testListId="8c84fa94-04c1-424b-9868-57a2d4851a1d" relativeResultsDirectory="16f8f831-efe8-41e0-b830-a549d4e3a2fb" />
    <UnitTestResult executionId="a74de248-e4df-4637-b0d0-17152534e59f" testId="dc8b7cd5-f031-c58d-e8a3-c8af59278ef5" testName="Returns_BadRequest_Because_Password_Is_Leaked" computerName="V020705" duration="00:00:00.0521850" startTime="2025-04-30T09:13:53.6398663+02:00" endTime="2025-04-30T09:13:53.6920494+02:00" testType="13cdc9d9-ddb5-4fa4-a97d-d965ccfc6d4b" outcome="Passed" testListId="8c84fa94-04c1-424b-9868-57a2d4851a1d" relativeResultsDirectory="a74de248-e4df-4637-b0d0-17152534e59f" />
    <UnitTestResult executionId="0745e8d0-2d6f-4e6b-bdd2-8110b8feac2a" testId="9d34c968-85a6-0d5a-a878-0f27f33ada64" testName="Should_Return_Bad_Request_For_Posts(&quot;/Account/Login?ReturnUrl=-5523%25%27%20UNION%20ALL%20SELECT%20NULL%2CNULL%2CNULL%2CNULL%2CNULL%2CNULL%2CNULL%2CNULL%2C%27qqqjq%27%7C%7C%27EfgGxmKWNm%27%7C%7C%27qkqkq%27%2CNULL--%20GcCj&quot;)" computerName="V020705" duration="00:00:00.0001240" startTime="2025-04-30T09:15:17.7098332+02:00" endTime="2025-04-30T09:15:17.7099568+02:00" testType="13cdc9d9-ddb5-4fa4-a97d-d965ccfc6d4b" outcome="Passed" testListId="8c84fa94-04c1-424b-9868-57a2d4851a1d" relativeResultsDirectory="0745e8d0-2d6f-4e6b-bdd2-8110b8feac2a" />
    <UnitTestResult executionId="b7f5fae5-d04b-4f8e-a1b3-d533daef72b1" testId="211f692d-1762-76f8-16fe-308a70e899a3" testName="Creates_New_User_If_Not_Exists_Via_AzureAD_With_Different_Username_Than_Email" computerName="V020705" duration="00:00:00.0210640" startTime="2025-04-30T09:13:54.0971807+02:00" endTime="2025-04-30T09:13:54.1182440+02:00" testType="13cdc9d9-ddb5-4fa4-a97d-d965ccfc6d4b" outcome="Passed" testListId="8c84fa94-04c1-424b-9868-57a2d4851a1d" relativeResultsDirectory="b7f5fae5-d04b-4f8e-a1b3-d533daef72b1" />
    <UnitTestResult executionId="45020984-9b20-4964-a8bb-ce87f7208f9d" testId="17cb7256-7e0b-239c-3cc7-b37dfdef587f" testName="Should_Return_Bad_Request_For_Posts(&quot;/Account/Login?ReturnUrl=-7483%25%27%20UNION%20ALL%20SELECT%20NULL%2CNULL%2CNULL%2CNULL%2CNULL%2CNULL%2CNULL%2CNULL%2CNULL%2C%27qqqjq%27%7C%7C%27zMRZcaxOpo%27%7C%7C%27qkqkq%27--%20vRgC&quot;)" computerName="V020705" duration="00:00:00.0001340" startTime="2025-04-30T09:15:17.7094115+02:00" endTime="2025-04-30T09:15:17.7095456+02:00" testType="13cdc9d9-ddb5-4fa4-a97d-d965ccfc6d4b" outcome="Passed" testListId="8c84fa94-04c1-424b-9868-57a2d4851a1d" relativeResultsDirectory="45020984-9b20-4964-a8bb-ce87f7208f9d" />
    <UnitTestResult executionId="d7903512-a430-4a34-b683-c2549e697cd8" testId="d6952eb3-89c9-eb6c-b910-f1640022412d" testName="Can_Logout(&quot;/federation/TestAzureAD/signout-callback&quot;)" computerName="V020705" duration="00:00:00.0329870" startTime="2025-04-30T09:14:25.0163291+02:00" endTime="2025-04-30T09:14:25.0493149+02:00" testType="13cdc9d9-ddb5-4fa4-a97d-d965ccfc6d4b" outcome="Passed" testListId="8c84fa94-04c1-424b-9868-57a2d4851a1d" relativeResultsDirectory="d7903512-a430-4a34-b683-c2549e697cd8" />
    <UnitTestResult executionId="2adba262-0358-4d0a-b321-a1c60670cb78" testId="3f34ef50-bb79-4495-1a81-f48ae0d622ae" testName="Returns_Page_When_Logged_In_With_Reader_Permissions" computerName="V020705" duration="00:00:00.1403970" startTime="2025-04-30T09:14:18.8203542+02:00" endTime="2025-04-30T09:14:18.9607477+02:00" testType="13cdc9d9-ddb5-4fa4-a97d-d965ccfc6d4b" outcome="Passed" testListId="8c84fa94-04c1-424b-9868-57a2d4851a1d" relativeResultsDirectory="2adba262-0358-4d0a-b321-a1c60670cb78" />
    <UnitTestResult executionId="f63aec69-a35b-4a73-85cc-cb7feea5bbbf" testId="13d96743-d877-4fb5-6a98-7443840a93d9" testName="Should_Return_Bad_Request_For_Posts(&quot;/Account/Login?ReturnUrl=-3800%29%20UNION%20ALL%20SELECT%2063%2C63%2C63%2C63%2C63%2C63%2C63%2C63%23&quot;)" computerName="V020705" duration="00:00:00.0001230" startTime="2025-04-30T09:15:17.7114885+02:00" endTime="2025-04-30T09:15:17.7116119+02:00" testType="13cdc9d9-ddb5-4fa4-a97d-d965ccfc6d4b" outcome="Passed" testListId="8c84fa94-04c1-424b-9868-57a2d4851a1d" relativeResultsDirectory="f63aec69-a35b-4a73-85cc-cb7feea5bbbf" />
    <UnitTestResult executionId="395f27c1-0f9b-45d4-a586-912a8797b76b" testId="85c8e351-f097-acc5-999b-468a744cfd2d" testName="Returns_Error_For_Blocked_User" computerName="V020705" duration="00:00:05.3715330" startTime="2025-04-30T09:13:54.3178331+02:00" endTime="2025-04-30T09:13:59.6892461+02:00" testType="13cdc9d9-ddb5-4fa4-a97d-d965ccfc6d4b" outcome="Passed" testListId="8c84fa94-04c1-424b-9868-57a2d4851a1d" relativeResultsDirectory="395f27c1-0f9b-45d4-a586-912a8797b76b" />
    <UnitTestResult executionId="dcafd3f8-e041-4971-a1cc-47898ed5df0e" testId="b14ae126-29a8-02ef-8bb6-f4b983b7eab6" testName="CHROME_40_WIN" computerName="V020705" duration="00:00:00.3911259" startTime="2025-04-30T09:14:19.5249927+02:00" endTime="2025-04-30T09:14:19.9161097+02:00" testType="13cdc9d9-ddb5-4fa4-a97d-d965ccfc6d4b" outcome="Passed" testListId="8c84fa94-04c1-424b-9868-57a2d4851a1d" relativeResultsDirectory="dcafd3f8-e041-4971-a1cc-47898ed5df0e" />
    <UnitTestResult executionId="fbe66acf-8e02-4810-be1a-5b5309476ab8" testId="11f546b1-5357-ac08-fd5b-86d7a15313da" testName="Publish_UserEmailChangedEvent_When_Email_Was_Changed" computerName="V020705" duration="00:00:00.0492110" startTime="2025-04-30T09:15:39.7863598+02:00" endTime="2025-04-30T09:15:39.8355693+02:00" testType="13cdc9d9-ddb5-4fa4-a97d-d965ccfc6d4b" outcome="Passed" testListId="8c84fa94-04c1-424b-9868-57a2d4851a1d" relativeResultsDirectory="fbe66acf-8e02-4810-be1a-5b5309476ab8" />
    <UnitTestResult executionId="c1ef9c07-b0e2-4fb6-861b-9eb9aaef2a03" testId="80e00623-bc5c-89a2-001f-17a9b982fd05" testName="Should_Return_Bad_Request_For_Posts(&quot;/Account/Login?ReturnUrl=-8917%20UNION%20ALL%20SELECT%2063%2C63%2C63%2C63%2C63%2C63%23&quot;)" computerName="V020705" duration="00:00:00.0001370" startTime="2025-04-30T09:15:17.7211335+02:00" endTime="2025-04-30T09:15:17.7212707+02:00" testType="13cdc9d9-ddb5-4fa4-a97d-d965ccfc6d4b" outcome="Passed" testListId="8c84fa94-04c1-424b-9868-57a2d4851a1d" relativeResultsDirectory="c1ef9c07-b0e2-4fb6-861b-9eb9aaef2a03" />
    <UnitTestResult executionId="ebb5f3cd-0ed5-4c41-b986-393b3c68f025" testId="d79c60ff-d826-deed-b612-483e32a40d96" testName="Should_Return_Bad_Request(&quot;/Account/Login?ReturnUrl=-2859%27%29%20UNION%20ALL%20SELECT%2063%2C63%2C63%2C63%2C%27qqqjq%27%7C%7C%27MpRFKCeSXK%27%7C%7C%27qkqkq%27%2C63%2C63%2C63--%20bQGG&quot;)" computerName="V020705" duration="00:00:00.0003770" startTime="2025-04-30T09:15:17.6752364+02:00" endTime="2025-04-30T09:15:17.6756135+02:00" testType="13cdc9d9-ddb5-4fa4-a97d-d965ccfc6d4b" outcome="Passed" testListId="8c84fa94-04c1-424b-9868-57a2d4851a1d" relativeResultsDirectory="ebb5f3cd-0ed5-4c41-b986-393b3c68f025" />
    <UnitTestResult executionId="5371ac5a-1c10-47db-b3d9-b9295650fa01" testId="d318b7da-e3a9-9507-61bb-af6c32ee447f" testName="Accepts_Json_That_Is_Also_Used_For_Initialization_Of_Docker_Containers_For_Clients" computerName="V020705" duration="00:00:05.7303640" startTime="2025-04-30T09:12:39.3923090+02:00" endTime="2025-04-30T09:12:45.1225418+02:00" testType="13cdc9d9-ddb5-4fa4-a97d-d965ccfc6d4b" outcome="Passed" testListId="8c84fa94-04c1-424b-9868-57a2d4851a1d" relativeResultsDirectory="5371ac5a-1c10-47db-b3d9-b9295650fa01" />
    <UnitTestResult executionId="3fa86e14-7a53-4eb0-a1a9-7e46b2a34779" testId="24379f02-7b26-3fc1-bee8-ae6b0b649dce" testName="Returns_LoginRequest_When_Not_Logged_In" computerName="V020705" duration="00:00:00.1508010" startTime="2025-04-30T09:14:06.3296949+02:00" endTime="2025-04-30T09:14:06.4804922+02:00" testType="13cdc9d9-ddb5-4fa4-a97d-d965ccfc6d4b" outcome="Passed" testListId="8c84fa94-04c1-424b-9868-57a2d4851a1d" relativeResultsDirectory="3fa86e14-7a53-4eb0-a1a9-7e46b2a34779" />
    <UnitTestResult executionId="16b24e8a-a733-40ef-a385-42fc3fcfae16" testId="b9d60111-e4f5-a33f-0081-8202ab2cdb4a" testName="Returns_Ok_When_User_Was_Found(&quot;/api/v1.0/users/&quot;,&quot;test.employee@test.com&quot;)" computerName="V020705" duration="00:00:00.0112150" startTime="2025-04-30T09:13:34.5793959+02:00" endTime="2025-04-30T09:13:34.5906096+02:00" testType="13cdc9d9-ddb5-4fa4-a97d-d965ccfc6d4b" outcome="Passed" testListId="8c84fa94-04c1-424b-9868-57a2d4851a1d" relativeResultsDirectory="16b24e8a-a733-40ef-a385-42fc3fcfae16" />
    <UnitTestResult executionId="c9a7d164-4e86-4808-93ac-eb63570008d8" testId="b9c30e59-4e90-8fa1-9a4d-5ca917bdd58b" testName="Should_Return_Bad_Request_For_Posts(&quot;/Account/Login?ReturnUrl=-6880%25%27%20UNION%20ALL%20SELECT%20NULL%2CNULL%2CNULL%2CNULL%2CNULL%2CNULL%2C%27qqqjq%27%7C%7C%27fMuFZvsddRGvIcsTosuezWFwTLYdIwjGWSnLNClZ%27%7C%7C%27qkqkq%27%2CNULL%2CNULL%2CNULL--%20fBcw&quot;)" computerName="V020705" duration="00:00:00.0001330" startTime="2025-04-30T09:15:17.7075984+02:00" endTime="2025-04-30T09:15:17.7077314+02:00" testType="13cdc9d9-ddb5-4fa4-a97d-d965ccfc6d4b" outcome="Passed" testListId="8c84fa94-04c1-424b-9868-57a2d4851a1d" relativeResultsDirectory="c9a7d164-4e86-4808-93ac-eb63570008d8" />
    <UnitTestResult executionId="837efce5-c4d8-464f-8d02-d30451bce3a4" testId="77dc6503-66c3-712f-08b6-82492a74514e" testName="Does_Not_Delete_Non_CHG_User" computerName="V020705" duration="00:00:00.0341890" startTime="2025-04-30T09:15:28.8897103+02:00" endTime="2025-04-30T09:15:28.9238982+02:00" testType="13cdc9d9-ddb5-4fa4-a97d-d965ccfc6d4b" outcome="Passed" testListId="8c84fa94-04c1-424b-9868-57a2d4851a1d" relativeResultsDirectory="837efce5-c4d8-464f-8d02-d30451bce3a4" />
    <UnitTestResult executionId="7175f98e-f224-4f99-9109-db3c50711547" testId="c89fdd40-8ead-a981-fa92-71573ed4ba93" testName="Should_Not_Return_Bad_Request(&quot;/account/login?returnUrl=www.tesma.net&quot;)" computerName="V020705" duration="00:00:00.0716960" startTime="2025-04-30T09:15:17.5071471+02:00" endTime="2025-04-30T09:15:17.5788413+02:00" testType="13cdc9d9-ddb5-4fa4-a97d-d965ccfc6d4b" outcome="Passed" testListId="8c84fa94-04c1-424b-9868-57a2d4851a1d" relativeResultsDirectory="7175f98e-f224-4f99-9109-db3c50711547" />
    <UnitTestResult executionId="f384ea68-b198-44ee-97c2-5ec624fc71a6" testId="513d6124-5dfd-7948-49b8-ffbed6a63cf8" testName="Should_Return_Bad_Request_For_Posts(&quot;/Account/Login?ReturnUrl=-7987%27%29%20UNION%20ALL%20SELECT%20%27qqqjq%27%7C%7C%27GJBaPosNKe%27%7C%7C%27qkqkq%27%2C63%2C63%2C63%2C63%2C63%2C63%2C63--%20FQHO&quot;)" computerName="V020705" duration="00:00:00.0001240" startTime="2025-04-30T09:15:17.7058361+02:00" endTime="2025-04-30T09:15:17.7059601+02:00" testType="13cdc9d9-ddb5-4fa4-a97d-d965ccfc6d4b" outcome="Passed" testListId="8c84fa94-04c1-424b-9868-57a2d4851a1d" relativeResultsDirectory="f384ea68-b198-44ee-97c2-5ec624fc71a6" />
    <UnitTestResult executionId="631e8209-61a3-4436-a03c-aa68f19a1381" testId="c39ca1f2-25d5-d73e-b395-020f79f76ceb" testName="Should_Return_Bad_Request_For_Posts(&quot;/Account/Login?ReturnUrl=-3035%20UNION%20ALL%20SELECT%2063%2C63%2C63%2C63%2C63%2C63%2C63%23&quot;)" computerName="V020705" duration="00:00:00.0001499" startTime="2025-04-30T09:15:17.7212734+02:00" endTime="2025-04-30T09:15:17.7214237+02:00" testType="13cdc9d9-ddb5-4fa4-a97d-d965ccfc6d4b" outcome="Passed" testListId="8c84fa94-04c1-424b-9868-57a2d4851a1d" relativeResultsDirectory="631e8209-61a3-4436-a03c-aa68f19a1381" />
    <UnitTestResult executionId="e99e186f-058a-409d-ad2c-9b157f564c50" testId="487cc9b8-40a7-34b3-63e9-762951e9ba9a" testName="Should_Return_Bad_Request_For_Posts(&quot;/Account/Login?ReturnUrl=-2876%20UNION%20ALL%20SELECT%2063%2C63%2C63%2C63%2C63%2C63%23&quot;)" computerName="V020705" duration="00:00:00.0001470" startTime="2025-04-30T09:15:17.7128936+02:00" endTime="2025-04-30T09:15:17.7130408+02:00" testType="13cdc9d9-ddb5-4fa4-a97d-d965ccfc6d4b" outcome="Passed" testListId="8c84fa94-04c1-424b-9868-57a2d4851a1d" relativeResultsDirectory="e99e186f-058a-409d-ad2c-9b157f564c50" />
    <UnitTestResult executionId="79942d2b-3d9a-43b5-8b7a-a97b2aa98c21" testId="40fd44ee-0dc8-5563-51cb-2ab50086d81e" testName="Returns_BadRequest_Because_Password_Is_Too_Long" computerName="V020705" duration="00:00:00.0736510" startTime="2025-04-30T09:13:53.6921815+02:00" endTime="2025-04-30T09:13:53.7658304+02:00" testType="13cdc9d9-ddb5-4fa4-a97d-d965ccfc6d4b" outcome="Passed" testListId="8c84fa94-04c1-424b-9868-57a2d4851a1d" relativeResultsDirectory="79942d2b-3d9a-43b5-8b7a-a97b2aa98c21" />
    <UnitTestResult executionId="6d6a6014-26ab-4a4c-9ea2-bcbd26dfb33d" testId="f92abef5-2802-4e6b-3a13-f9b7d6a3263a" testName="Returns_A_Newly_Created_Resource_For_AzureAD" computerName="V020705" duration="00:00:00.0177920" startTime="2025-04-30T09:15:23.4516661+02:00" endTime="2025-04-30T09:15:23.4694578+02:00" testType="13cdc9d9-ddb5-4fa4-a97d-d965ccfc6d4b" outcome="Passed" testListId="8c84fa94-04c1-424b-9868-57a2d4851a1d" relativeResultsDirectory="6d6a6014-26ab-4a4c-9ea2-bcbd26dfb33d" />
    <UnitTestResult executionId="8e50fe7e-afb6-46fa-89b1-3656eb97b806" testId="b6e6f5b5-6d2b-b877-928d-b15112c99fbc" testName="CreateAndEditAzureProvider" computerName="V020705" duration="00:00:00.6487760" startTime="2025-04-30T09:14:06.8168476+02:00" endTime="2025-04-30T09:14:07.4656089+02:00" testType="13cdc9d9-ddb5-4fa4-a97d-d965ccfc6d4b" outcome="Passed" testListId="8c84fa94-04c1-424b-9868-57a2d4851a1d" relativeResultsDirectory="8e50fe7e-afb6-46fa-89b1-3656eb97b806" />
    <UnitTestResult executionId="f0099920-3983-410b-bea4-0a78cb13b560" testId="bbe68399-45ae-5927-4adb-9ba6498279ae" testName="Returns_Data" computerName="V020705" duration="00:00:00.2439030" startTime="2025-04-30T09:14:15.7531737+02:00" endTime="2025-04-30T09:14:15.9970708+02:00" testType="13cdc9d9-ddb5-4fa4-a97d-d965ccfc6d4b" outcome="Passed" testListId="8c84fa94-04c1-424b-9868-57a2d4851a1d" relativeResultsDirectory="f0099920-3983-410b-bea4-0a78cb13b560" />
    <UnitTestResult executionId="4982bbd5-8320-4b70-943b-c1b0a05fefc1" testId="6c5e0585-be2a-b081-026c-5b40f4bf4c50" testName="Should_Return_Bad_Request(&quot;/Account/Login?ReturnUrl=-4655%25%27%20UNION%20ALL%20SELECT%20NULL%2CNULL%2CNULL%2CNULL%2CNULL%2CNULL%2C%27qqqjq%27%7C%7C%27GTKACOtgXj%27%7C%7C%27qkqkq%27%2CNULL%2CNULL%2CNULL--%20awTl&quot;)" computerName="V020705" duration="00:00:00.0001440" startTime="2025-04-30T09:15:17.6832809+02:00" endTime="2025-04-30T09:15:17.6834253+02:00" testType="13cdc9d9-ddb5-4fa4-a97d-d965ccfc6d4b" outcome="Passed" testListId="8c84fa94-04c1-424b-9868-57a2d4851a1d" relativeResultsDirectory="4982bbd5-8320-4b70-943b-c1b0a05fefc1" />
    <UnitTestResult executionId="443b71ff-3bde-4e4e-8222-5e4170106f61" testId="00e0c05b-bb8e-d0db-3acd-860d8100b340" testName="Returns_Forbidden_When_Scope_Is_Not_Valid" computerName="V020705" duration="00:00:05.3302850" startTime="2025-04-30T09:13:23.6836264+02:00" endTime="2025-04-30T09:13:29.0137924+02:00" testType="13cdc9d9-ddb5-4fa4-a97d-d965ccfc6d4b" outcome="Passed" testListId="8c84fa94-04c1-424b-9868-57a2d4851a1d" relativeResultsDirectory="443b71ff-3bde-4e4e-8222-5e4170106f61" />
    <UnitTestResult executionId="15525edc-c2c8-427b-b726-7ca96ae7bb63" testId="d5d0b4b2-3cce-474a-62bb-e03b1282d25e" testName="Returns_NotFound_When_User_Was_Deleted(&quot;/api/v1.0/users/&quot;,&quot;LocalTestUserDeleted&quot;)" computerName="V020705" duration="00:00:00.0487640" startTime="2025-04-30T09:13:34.5034820+02:00" endTime="2025-04-30T09:13:34.5522431+02:00" testType="13cdc9d9-ddb5-4fa4-a97d-d965ccfc6d4b" outcome="Passed" testListId="8c84fa94-04c1-424b-9868-57a2d4851a1d" relativeResultsDirectory="15525edc-c2c8-427b-b726-7ca96ae7bb63" />
    <UnitTestResult executionId="d1e25d3f-157d-494a-9faa-d4b6f7b36bed" testId="dfc99b2c-e1e8-1c66-421a-61eb2e04fedc" testName="Returns_LoginRequest_When_Not_Logged_In_For_Post" computerName="V020705" duration="00:00:00.0193880" startTime="2025-04-30T09:14:06.6354745+02:00" endTime="2025-04-30T09:14:06.6548618+02:00" testType="13cdc9d9-ddb5-4fa4-a97d-d965ccfc6d4b" outcome="Passed" testListId="8c84fa94-04c1-424b-9868-57a2d4851a1d" relativeResultsDirectory="d1e25d3f-157d-494a-9faa-d4b6f7b36bed" />
    <UnitTestResult executionId="4534b47f-8905-463b-ab21-1b620815c7d3" testId="94375359-bdca-70e5-67b3-2c58255bb652" testName="Allows_Cors_For_Configured_Domains(&quot;http://publicclientintegration.com&quot;,&quot;/connect/token&quot;)" computerName="V020705" duration="00:00:00.0086870" startTime="2025-04-30T09:15:17.1742478+02:00" endTime="2025-04-30T09:15:17.1829345+02:00" testType="13cdc9d9-ddb5-4fa4-a97d-d965ccfc6d4b" outcome="Passed" testListId="8c84fa94-04c1-424b-9868-57a2d4851a1d" relativeResultsDirectory="4534b47f-8905-463b-ab21-1b620815c7d3" />
    <UnitTestResult executionId="82c9d926-e0f2-4572-99f1-a983f7e7fa88" testId="e87596c4-7129-65b7-9c7f-02902f571f29" testName="Should_Return_Bad_Request(&quot;/Account/Login?ReturnUrl=-8248%27%29%20UNION%20ALL%20SELECT%20NULL%2CNULL%2CNULL%2CNULL%2CNULL%2CNULL%2C%27qqqjq%27%7C%7C%27zctwFYNirpADLrTiCkvdNvBzocrmMfjItHDhYkSF%27%7C%7C%27qkqkq%27%2CNULL--%20tBIC&quot;)" computerName="V020705" duration="00:00:00.0004440" startTime="2025-04-30T09:15:17.6693932+02:00" endTime="2025-04-30T09:15:17.6698371+02:00" testType="13cdc9d9-ddb5-4fa4-a97d-d965ccfc6d4b" outcome="Passed" testListId="8c84fa94-04c1-424b-9868-57a2d4851a1d" relativeResultsDirectory="82c9d926-e0f2-4572-99f1-a983f7e7fa88" />
    <UnitTestResult executionId="4b2b5ed8-0305-4304-96e9-ef769a896258" testId="bd52ef11-6126-1a7c-a9f6-440378777b2a" testName="Should_Return_Bad_Request(&quot;/Account/Login?ReturnUrl=-2734%20UNION%20ALL%20SELECT%2063%2C63%2C63%2C63%2C63%2C63%2C63%2C63%2C63%23&quot;)" computerName="V020705" duration="00:00:00.0001660" startTime="2025-04-30T09:15:17.6869027+02:00" endTime="2025-04-30T09:15:17.6870682+02:00" testType="13cdc9d9-ddb5-4fa4-a97d-d965ccfc6d4b" outcome="Passed" testListId="8c84fa94-04c1-424b-9868-57a2d4851a1d" relativeResultsDirectory="4b2b5ed8-0305-4304-96e9-ef769a896258" />
    <UnitTestResult executionId="131f39b1-b21c-4c1a-9b90-b5ca4c31db13" testId="036ad9e1-e2ba-8ada-5796-ca87d2251a21" testName="Returns_Forbidden_For_Token_Without_Access_To_Maintenance_Api" computerName="V020705" duration="00:00:00.0098500" startTime="2025-04-30T09:12:56.0369871+02:00" endTime="2025-04-30T09:12:56.0468362+02:00" testType="13cdc9d9-ddb5-4fa4-a97d-d965ccfc6d4b" outcome="Passed" testListId="8c84fa94-04c1-424b-9868-57a2d4851a1d" relativeResultsDirectory="131f39b1-b21c-4c1a-9b90-b5ca4c31db13" />
    <UnitTestResult executionId="11bdaa8e-3df7-4c2e-a687-28dd9bb17cf2" testId="1fa88c29-9dad-a828-9a8e-85175475dcd1" testName="Should_Return_Bad_Request(&quot;/Account/Login?ReturnUrl=-7096%29%20UNION%20ALL%20SELECT%2063%2C63%2C63%2C63%2C63%2C63%23&quot;)" computerName="V020705" duration="00:00:00.0001310" startTime="2025-04-30T09:15:17.6842972+02:00" endTime="2025-04-30T09:15:17.6844279+02:00" testType="13cdc9d9-ddb5-4fa4-a97d-d965ccfc6d4b" outcome="Passed" testListId="8c84fa94-04c1-424b-9868-57a2d4851a1d" relativeResultsDirectory="11bdaa8e-3df7-4c2e-a687-28dd9bb17cf2" />
    <UnitTestResult executionId="1198e739-089f-4ce9-937b-df76626a54e5" testId="c5f46999-f13f-af61-3234-499026d62f3d" testName="Returns_Error_For_Invalid_Token" computerName="V020705" duration="00:00:05.4489270" startTime="2025-04-30T09:13:59.8838145+02:00" endTime="2025-04-30T09:14:05.3326203+02:00" testType="13cdc9d9-ddb5-4fa4-a97d-d965ccfc6d4b" outcome="Passed" testListId="8c84fa94-04c1-424b-9868-57a2d4851a1d" relativeResultsDirectory="1198e739-089f-4ce9-937b-df76626a54e5" />
    <UnitTestResult executionId="0c57cdd7-c3ab-40c1-b91e-a97fb5c72000" testId="e34b5303-106d-fcf5-8d38-a3b10082c162" testName="Should_Return_Bad_Request(&quot;/Account/Login?ReturnUrl=-4645%29%20ORDER%20BY%201%23&quot;)" computerName="V020705" duration="00:00:00.0001260" startTime="2025-04-30T09:15:17.6834282+02:00" endTime="2025-04-30T09:15:17.6835546+02:00" testType="13cdc9d9-ddb5-4fa4-a97d-d965ccfc6d4b" outcome="Passed" testListId="8c84fa94-04c1-424b-9868-57a2d4851a1d" relativeResultsDirectory="0c57cdd7-c3ab-40c1-b91e-a97fb5c72000" />
    <UnitTestResult executionId="25280dd9-899c-4873-b6b1-53c2ba1436fd" testId="f4b56e5d-1dde-feba-8349-9700c8de3346" testName="Publish_UserFullNameChangedEvent_When_LastName_Was_Replaced" computerName="V020705" duration="00:00:00.0155450" startTime="2025-04-30T09:15:39.8996313+02:00" endTime="2025-04-30T09:15:39.9151755+02:00" testType="13cdc9d9-ddb5-4fa4-a97d-d965ccfc6d4b" outcome="Passed" testListId="8c84fa94-04c1-424b-9868-57a2d4851a1d" relativeResultsDirectory="25280dd9-899c-4873-b6b1-53c2ba1436fd" />
    <UnitTestResult executionId="2e0bd179-949d-4319-b7d0-46e7b363e0a8" testId="ce222fbf-671f-d186-1e02-afb998328605" testName="SAFARI_MAC_CATALINA" computerName="V020705" duration="00:00:00.1162490" startTime="2025-04-30T09:14:21.0488504+02:00" endTime="2025-04-30T09:14:21.1650967+02:00" testType="13cdc9d9-ddb5-4fa4-a97d-d965ccfc6d4b" outcome="Passed" testListId="8c84fa94-04c1-424b-9868-57a2d4851a1d" relativeResultsDirectory="2e0bd179-949d-4319-b7d0-46e7b363e0a8" />
    <UnitTestResult executionId="3b16db89-8ad5-4358-a311-51440d6aa018" testId="ca0715ca-0b4b-facb-c705-f14143277c6d" testName="Should_Return_Bad_Request_For_Posts(&quot;/Account/Login?ReturnUrl=-1012%25%27%20UNION%20ALL%20SELECT%20NULL%2CNULL%2C%27qqqjq%27%7C%7C%27yoOovMdGGhUgDWxKuXkrgjUYOFBBaofZxLKcnAKl%27%7C%7C%27qkqkq%27%2CNULL%2CNULL%2CNULL%2CNULL%2CNULL%2CNULL%2CNULL--%20cScx&quot;)" computerName="V020705" duration="00:00:00.0001220" startTime="2025-04-30T09:15:17.7074721+02:00" endTime="2025-04-30T09:15:17.7075944+02:00" testType="13cdc9d9-ddb5-4fa4-a97d-d965ccfc6d4b" outcome="Passed" testListId="8c84fa94-04c1-424b-9868-57a2d4851a1d" relativeResultsDirectory="3b16db89-8ad5-4358-a311-51440d6aa018" />
    <UnitTestResult executionId="4cea5f98-320f-426d-9970-b40038d13d03" testId="c4d7bc74-582e-61e3-e249-ae3019ee221b" testName="Should_Return_Bad_Request_For_Posts(&quot;/Account/Login?ReturnUrl=-5944%20ORDER%20BY%201%23&quot;)" computerName="V020705" duration="00:00:00.0002990" startTime="2025-04-30T09:15:17.7186773+02:00" endTime="2025-04-30T09:15:17.7189758+02:00" testType="13cdc9d9-ddb5-4fa4-a97d-d965ccfc6d4b" outcome="Passed" testListId="8c84fa94-04c1-424b-9868-57a2d4851a1d" relativeResultsDirectory="4cea5f98-320f-426d-9970-b40038d13d03" />
    <UnitTestResult executionId="6224bbdc-b965-470e-a711-7918e8140f8f" testId="2e816ab0-5d7b-6f41-e4ad-db9154e4e8fe" testName="Should_Return_Bad_Request(&quot;/Account/Login?ReturnUrl=-9535%20UNION%20ALL%20SELECT%2063%2C63%2C63%2C63%2C63%2C63%2C63%2C63%2C63%23&quot;)" computerName="V020705" duration="00:00:00.0001170" startTime="2025-04-30T09:15:17.6944357+02:00" endTime="2025-04-30T09:15:17.6945529+02:00" testType="13cdc9d9-ddb5-4fa4-a97d-d965ccfc6d4b" outcome="Passed" testListId="8c84fa94-04c1-424b-9868-57a2d4851a1d" relativeResultsDirectory="6224bbdc-b965-470e-a711-7918e8140f8f" />
    <UnitTestResult executionId="feb60723-2774-413f-9877-e39b639bed57" testId="0df2bc86-f3da-63a8-0b5b-62c9869ddd28" testName="Should_Return_Bad_Request_For_Posts(&quot;/Account/Login?ReturnUrl=-1429%27%29%20UNION%20ALL%20SELECT%20NULL%2CNULL%2CNULL%2CNULL%2C%27qqqjq%27%7C%7C%27iJoriKMNFr%27%7C%7C%27qkqkq%27%2CNULL%2CNULL%2CNULL--%20wfGh&quot;)" computerName="V020705" duration="00:00:00.0001210" startTime="2025-04-30T09:15:17.7040851+02:00" endTime="2025-04-30T09:15:17.7042062+02:00" testType="13cdc9d9-ddb5-4fa4-a97d-d965ccfc6d4b" outcome="Passed" testListId="8c84fa94-04c1-424b-9868-57a2d4851a1d" relativeResultsDirectory="feb60723-2774-413f-9877-e39b639bed57" />
    <UnitTestResult executionId="4adc5d80-9833-4b80-a213-f2414355eee1" testId="2cea4ec0-f2c6-ce2f-3bef-c7211b8f0f5b" testName="Should_Return_Bad_Request(&quot;/Account/Login?ReturnUrl=-3437%27%29%20UNION%20ALL%20SELECT%20NULL%2CNULL%2C%27qqqjq%27%7C%7C%27gVSxqlYeha%27%7C%7C%27qkqkq%27%2CNULL%2CNULL%2CNULL%2CNULL%2CNULL--%20nXgW&quot;)" computerName="V020705" duration="00:00:00.0003720" startTime="2025-04-30T09:15:17.6717744+02:00" endTime="2025-04-30T09:15:17.6721457+02:00" testType="13cdc9d9-ddb5-4fa4-a97d-d965ccfc6d4b" outcome="Passed" testListId="8c84fa94-04c1-424b-9868-57a2d4851a1d" relativeResultsDirectory="4adc5d80-9833-4b80-a213-f2414355eee1" />
    <UnitTestResult executionId="443bd4c1-3390-4e13-8534-c99914ad13cc" testId="5c5b95c3-774a-3163-6bfc-ad309efd850c" testName="SAFARI_MAC_ELCAPITAN" computerName="V020705" duration="00:00:00.1166490" startTime="2025-04-30T09:14:20.8097269+02:00" endTime="2025-04-30T09:14:20.9263731+02:00" testType="13cdc9d9-ddb5-4fa4-a97d-d965ccfc6d4b" outcome="Passed" testListId="8c84fa94-04c1-424b-9868-57a2d4851a1d" relativeResultsDirectory="443bd4c1-3390-4e13-8534-c99914ad13cc" />
    <UnitTestResult executionId="d1644bda-7e83-4efc-87cf-ac14152311a3" testId="bc470a7e-b4db-f453-706f-3568058b9b9b" testName="Should_Return_Bad_Request(&quot;/Account/Login?ReturnUrl=-7538%27%29%20UNION%20ALL%20SELECT%2063%2C63%2C63%2C63%2C63%2C63%2C63%2C%27qqqjq%27%7C%7C%27cOwDntpefj%27%7C%7C%27qkqkq%27--%20NGHx&quot;)" computerName="V020705" duration="00:00:00.0003900" startTime="2025-04-30T09:15:17.6756589+02:00" endTime="2025-04-30T09:15:17.6760486+02:00" testType="13cdc9d9-ddb5-4fa4-a97d-d965ccfc6d4b" outcome="Passed" testListId="8c84fa94-04c1-424b-9868-57a2d4851a1d" relativeResultsDirectory="d1644bda-7e83-4efc-87cf-ac14152311a3" />
    <UnitTestResult executionId="e4a6b77e-0588-49a9-b7e7-89cea62769ee" testId="0e84acca-1c9e-bbf9-29a5-797affaf10e5" testName="Can_Be_Called_With_UserId_V3" computerName="V020705" duration="00:00:00.0316230" startTime="2025-04-30T09:13:46.0326583+02:00" endTime="2025-04-30T09:13:46.0642805+02:00" testType="13cdc9d9-ddb5-4fa4-a97d-d965ccfc6d4b" outcome="Passed" testListId="8c84fa94-04c1-424b-9868-57a2d4851a1d" relativeResultsDirectory="e4a6b77e-0588-49a9-b7e7-89cea62769ee" />
    <UnitTestResult executionId="780d6438-f361-4fa6-aa4b-366ddffa4172" testId="faff4a80-d1cf-8290-f4b8-f56558e80956" testName="Contains_Idp_Claim" computerName="V020705" duration="00:00:00.1909940" startTime="2025-04-30T09:15:16.6746073+02:00" endTime="2025-04-30T09:15:16.8655968+02:00" testType="13cdc9d9-ddb5-4fa4-a97d-d965ccfc6d4b" outcome="Passed" testListId="8c84fa94-04c1-424b-9868-57a2d4851a1d" relativeResultsDirectory="780d6438-f361-4fa6-aa4b-366ddffa4172" />
    <UnitTestResult executionId="c0295f6a-3e05-46b3-9d5a-41bb234aba64" testId="e6c15663-ce7a-eba0-e744-f302a41e88e2" testName="Denies_Cors_For_Non_Configured_Domains(&quot;http://something.com&quot;)" computerName="V020705" duration="00:00:00.0587600" startTime="2025-04-30T09:15:17.1948846+02:00" endTime="2025-04-30T09:15:17.2536429+02:00" testType="13cdc9d9-ddb5-4fa4-a97d-d965ccfc6d4b" outcome="Passed" testListId="8c84fa94-04c1-424b-9868-57a2d4851a1d" relativeResultsDirectory="c0295f6a-3e05-46b3-9d5a-41bb234aba64" />
    <UnitTestResult executionId="8297a536-eea6-4aa3-9cc0-9ba318452474" testId="a797a648-1996-2ab5-efa9-ed0ddcf73ab7" testName="Returns_Unauthorized_When_Not_Logged_In" computerName="V020705" duration="00:00:00.0167860" startTime="2025-04-30T09:12:38.2418818+02:00" endTime="2025-04-30T09:12:38.2586673+02:00" testType="13cdc9d9-ddb5-4fa4-a97d-d965ccfc6d4b" outcome="Passed" testListId="8c84fa94-04c1-424b-9868-57a2d4851a1d" relativeResultsDirectory="8297a536-eea6-4aa3-9cc0-9ba318452474" />
    <UnitTestResult executionId="d989da3f-5967-44c2-963d-da0ec48eea48" testId="895cd94b-1f5c-823e-fff9-e3625a25b241" testName="Should_Return_Bad_Request(&quot;/Account/Login?ReturnUrl=-9914%27%29%20UNION%20ALL%20SELECT%2063%2C63%2C63%2C63%2C63%2C63%2C%27qqqjq%27%7C%7C%27wdBTUrgKlsnkJWOAABARVUCUMoBcdHHWMGessaIS%27%7C%7C%27qkqkq%27%2C63--%20AucU&quot;)" computerName="V020705" duration="00:00:00.0003810" startTime="2025-04-30T09:15:17.6747951+02:00" endTime="2025-04-30T09:15:17.6751753+02:00" testType="13cdc9d9-ddb5-4fa4-a97d-d965ccfc6d4b" outcome="Passed" testListId="8c84fa94-04c1-424b-9868-57a2d4851a1d" relativeResultsDirectory="d989da3f-5967-44c2-963d-da0ec48eea48" />
    <UnitTestResult executionId="ff3c123c-0590-4ba7-95f1-df9d3c20427e" testId="7de5355c-37f9-a12a-081b-666031a710d9" testName="Should_Return_Bad_Request_For_Posts(&quot;/Account/Login?ReturnUrl=-7908%27%29%20UNION%20ALL%20SELECT%2063%2C63%2C%27qqqjq%27%7C%7C%27OVMEBMXifs%27%7C%7C%27qkqkq%27%2C63%2C63%2C63%2C63%2C63--%20wcpo&quot;)" computerName="V020705" duration="00:00:00.0001250" startTime="2025-04-30T09:15:17.7055690+02:00" endTime="2025-04-30T09:15:17.7056942+02:00" testType="13cdc9d9-ddb5-4fa4-a97d-d965ccfc6d4b" outcome="Passed" testListId="8c84fa94-04c1-424b-9868-57a2d4851a1d" relativeResultsDirectory="ff3c123c-0590-4ba7-95f1-df9d3c20427e" />
    <UnitTestResult executionId="e60c72f8-97b9-47d8-8cd3-05292e0e1982" testId="296e1af6-c944-9534-4a65-54bebaf5b21d" testName="Unblock_User" computerName="V020705" duration="00:00:00.1479060" startTime="2025-04-30T09:14:17.3527827+02:00" endTime="2025-04-30T09:14:17.5006853+02:00" testType="13cdc9d9-ddb5-4fa4-a97d-d965ccfc6d4b" outcome="Passed" testListId="8c84fa94-04c1-424b-9868-57a2d4851a1d" relativeResultsDirectory="e60c72f8-97b9-47d8-8cd3-05292e0e1982" />
    <UnitTestResult executionId="e6abb2b2-be78-45fd-a2c1-9cb5f4bf003b" testId="9df01e1b-c00a-f338-f3ba-d123a6845a92" testName="Returns_BadRequest_If_Email_Is_Invalid" computerName="V020705" duration="00:00:00.1196810" startTime="2025-04-30T09:13:07.4978073+02:00" endTime="2025-04-30T09:13:07.6174859+02:00" testType="13cdc9d9-ddb5-4fa4-a97d-d965ccfc6d4b" outcome="Passed" testListId="8c84fa94-04c1-424b-9868-57a2d4851a1d" relativeResultsDirectory="e6abb2b2-be78-45fd-a2c1-9cb5f4bf003b" />
    <UnitTestResult executionId="be798621-262b-4f71-a7f9-c91f2bc6f81c" testId="88540a27-f110-fc06-6f36-dab1a3b682ef" testName="Should_Return_Bad_Request(&quot;/Account/Login?ReturnUrl=-7890%25%27%20UNION%20ALL%20SELECT%2063%2C63%2C63%2C63%2C63%2C63%23&quot;)" computerName="V020705" duration="00:00:00.0001670" startTime="2025-04-30T09:15:17.6919609+02:00" endTime="2025-04-30T09:15:17.6921280+02:00" testType="13cdc9d9-ddb5-4fa4-a97d-d965ccfc6d4b" outcome="Passed" testListId="8c84fa94-04c1-424b-9868-57a2d4851a1d" relativeResultsDirectory="be798621-262b-4f71-a7f9-c91f2bc6f81c" />
    <UnitTestResult executionId="412f15c6-c471-43af-9d7e-7e143b48ea7a" testId="79d1ad11-4317-9cb9-d53a-56580459b1f3" testName="Returns_An_IsError_TokenResult_For_Non_Client_Credentials_Client" computerName="V020705" duration="00:00:00.0028490" startTime="2025-04-30T09:14:36.1227713+02:00" endTime="2025-04-30T09:14:36.1256204+02:00" testType="13cdc9d9-ddb5-4fa4-a97d-d965ccfc6d4b" outcome="Passed" testListId="8c84fa94-04c1-424b-9868-57a2d4851a1d" relativeResultsDirectory="412f15c6-c471-43af-9d7e-7e143b48ea7a" />
    <UnitTestResult executionId="ba5321df-ac5b-4916-92e6-9b2b0d30cdab" testId="eb2e0656-e3bf-e7b3-f8be-a9265f5a6733" testName="Not_Contains_EmailAddress_Claim" computerName="V020705" duration="00:00:00.1455430" startTime="2025-04-30T09:15:10.9016151+02:00" endTime="2025-04-30T09:15:11.0471546+02:00" testType="13cdc9d9-ddb5-4fa4-a97d-d965ccfc6d4b" outcome="Passed" testListId="8c84fa94-04c1-424b-9868-57a2d4851a1d" relativeResultsDirectory="ba5321df-ac5b-4916-92e6-9b2b0d30cdab" />
    <UnitTestResult executionId="559a05b9-c4b8-4520-be5b-80048748e3b8" testId="cd94254d-288e-e3f0-d9d5-96a0732bd483" testName="Should_Return_Bad_Request(&quot;/Account/Login?ReturnUrl=-3150%25%27%20UNION%20ALL%20SELECT%20%27qqqjq%27%7C%7C%27GKsfNfFoNGruQXCbXtpuOQbGTWVXJaFdtCvKiiMR%27%7C%7C%27qkqkq%27%2CNULL%2CNULL%2CNULL%2CNULL%2CNULL%2CNULL%2CNULL%2CNULL%2CNULL--%20zdBR&quot;)" computerName="V020705" duration="00:00:00.0002270" startTime="2025-04-30T09:15:17.6785123+02:00" endTime="2025-04-30T09:15:17.6787389+02:00" testType="13cdc9d9-ddb5-4fa4-a97d-d965ccfc6d4b" outcome="Passed" testListId="8c84fa94-04c1-424b-9868-57a2d4851a1d" relativeResultsDirectory="559a05b9-c4b8-4520-be5b-80048748e3b8" />
    <UnitTestResult executionId="933a17af-bf38-47e9-902b-45ac11f952b4" testId="3fc9aa15-2866-4123-71ea-90d12d718c82" testName="Returns_OnlyBlocked_Data" computerName="V020705" duration="00:00:00.1261420" startTime="2025-04-30T09:14:16.1681659+02:00" endTime="2025-04-30T09:14:16.2943047+02:00" testType="13cdc9d9-ddb5-4fa4-a97d-d965ccfc6d4b" outcome="Passed" testListId="8c84fa94-04c1-424b-9868-57a2d4851a1d" relativeResultsDirectory="933a17af-bf38-47e9-902b-45ac11f952b4" />
    <UnitTestResult executionId="1978d12c-aa5d-4127-bf85-35fa3836bf18" testId="7afce9cd-6177-35cc-c86f-2e3d4ef6767a" testName="Can_Set_Password" computerName="V020705" duration="00:00:00.4019840" startTime="2025-04-30T09:13:53.0711249+02:00" endTime="2025-04-30T09:13:53.4730990+02:00" testType="13cdc9d9-ddb5-4fa4-a97d-d965ccfc6d4b" outcome="Passed" testListId="8c84fa94-04c1-424b-9868-57a2d4851a1d" relativeResultsDirectory="1978d12c-aa5d-4127-bf85-35fa3836bf18" />
    <UnitTestResult executionId="ee7b6325-ec03-4a77-877c-6a8937d9aff9" testId="2e3ced9c-b80f-be6a-0f49-81324069ecda" testName="Creates_No_User_If_Already_Exists_Via_Oidc" computerName="V020705" duration="00:00:00.0117330" startTime="2025-04-30T09:13:54.1920964+02:00" endTime="2025-04-30T09:13:54.2038289+02:00" testType="13cdc9d9-ddb5-4fa4-a97d-d965ccfc6d4b" outcome="Passed" testListId="8c84fa94-04c1-424b-9868-57a2d4851a1d" relativeResultsDirectory="ee7b6325-ec03-4a77-877c-6a8937d9aff9" />
    <UnitTestResult executionId="79bc2402-6805-4e24-accb-efed2ddfe388" testId="b38c32db-987b-3be2-c384-4b3e6698026e" testName="Should_Return_Bad_Request(&quot;/Account/Login?ReturnUrl=-4253%27%29%20UNION%20ALL%20SELECT%2063%2C63%2C%27qqqjq%27%7C%7C%27iSEoivMCWmmUyjlfRyrKahdXgnlVfPRqcmwYNrnq%27%7C%7C%27qkqkq%27%2C63%2C63%2C63%2C63%2C63--%20IMhI&quot;)" computerName="V020705" duration="00:00:00.0002010" startTime="2025-04-30T09:15:17.6737786+02:00" endTime="2025-04-30T09:15:17.6739796+02:00" testType="13cdc9d9-ddb5-4fa4-a97d-d965ccfc6d4b" outcome="Passed" testListId="8c84fa94-04c1-424b-9868-57a2d4851a1d" relativeResultsDirectory="79bc2402-6805-4e24-accb-efed2ddfe388" />
    <UnitTestResult executionId="4dc29c9f-ccae-4e9b-be27-f5cf103d209f" testId="e1908f5b-d9d9-b345-5d9e-86bd001be3a7" testName="Should_Return_Bad_Request(&quot;/Account/Login?ReturnUrl=-1429%27%29%20UNION%20ALL%20SELECT%20NULL%2CNULL%2CNULL%2CNULL%2C%27qqqjq%27%7C%7C%27iJoriKMNFr%27%7C%7C%27qkqkq%27%2CNULL%2CNULL%2CNULL--%20wfGh&quot;)" computerName="V020705" duration="00:00:00.0001730" startTime="2025-04-30T09:15:17.6732586+02:00" endTime="2025-04-30T09:15:17.6734316+02:00" testType="13cdc9d9-ddb5-4fa4-a97d-d965ccfc6d4b" outcome="Passed" testListId="8c84fa94-04c1-424b-9868-57a2d4851a1d" relativeResultsDirectory="4dc29c9f-ccae-4e9b-be27-f5cf103d209f" />
    <UnitTestResult executionId="d2dc689c-5a5a-4ef5-b10f-8abe8842653d" testId="9f154f18-5c1b-3a1f-9db5-e1fa29d8b4a4" testName="Should_Return_Bad_Request_For_Posts(&quot;/Account/Login?ReturnUrl=-7096%29%20UNION%20ALL%20SELECT%2063%2C63%2C63%2C63%2C63%2C63%23&quot;)" computerName="V020705" duration="00:00:00.0001200" startTime="2025-04-30T09:15:17.7112423+02:00" endTime="2025-04-30T09:15:17.7113619+02:00" testType="13cdc9d9-ddb5-4fa4-a97d-d965ccfc6d4b" outcome="Passed" testListId="8c84fa94-04c1-424b-9868-57a2d4851a1d" relativeResultsDirectory="d2dc689c-5a5a-4ef5-b10f-8abe8842653d" />
    <UnitTestResult executionId="c5de10d8-98d4-442c-8824-9db3e5ef8ea6" testId="cbf97faf-404a-d8ff-bd39-0f817c65e2af" testName="Can_Return_ServiceProvider_Metadata" computerName="V020705" duration="00:00:05.1092680" startTime="2025-04-30T09:14:25.6818074+02:00" endTime="2025-04-30T09:14:30.7909616+02:00" testType="13cdc9d9-ddb5-4fa4-a97d-d965ccfc6d4b" outcome="Passed" testListId="8c84fa94-04c1-424b-9868-57a2d4851a1d" relativeResultsDirectory="c5de10d8-98d4-442c-8824-9db3e5ef8ea6" />
    <UnitTestResult executionId="2366ecb5-f467-422d-93c7-d9617ed6408b" testId="def66ac5-b226-61e4-567d-9d7e30af43c2" testName="Returns_NotFound_When_User_Does_Not_Exists" computerName="V020705" duration="00:00:00.0124580" startTime="2025-04-30T09:13:51.8932242+02:00" endTime="2025-04-30T09:13:51.9056814+02:00" testType="13cdc9d9-ddb5-4fa4-a97d-d965ccfc6d4b" outcome="Passed" testListId="8c84fa94-04c1-424b-9868-57a2d4851a1d" relativeResultsDirectory="2366ecb5-f467-422d-93c7-d9617ed6408b" />
    <UnitTestResult executionId="3300a205-92ef-4f37-b442-1e74081021e2" testId="f5638ed7-e44d-2099-e554-60a73c569fe1" testName="Cannot_Be_Called_From_User_With_CHGEmployee_Claim_But_Without_Correct_Client_Scope(&quot;/api/v1/users/unconfirmed@example.com/invite&quot;)" computerName="V020705" duration="00:00:00.1882369" startTime="2025-04-30T09:13:46.0897670+02:00" endTime="2025-04-30T09:13:46.2779998+02:00" testType="13cdc9d9-ddb5-4fa4-a97d-d965ccfc6d4b" outcome="Passed" testListId="8c84fa94-04c1-424b-9868-57a2d4851a1d" relativeResultsDirectory="3300a205-92ef-4f37-b442-1e74081021e2" />
    <UnitTestResult executionId="8ac3471f-2b85-472f-8a27-97091bcabf8a" testId="c912bcb3-42cc-9f1c-27e9-076685f63c50" testName="Should_Return_Bad_Request(&quot;/Account/Login?ReturnUrl=-2289%27%29%20UNION%20ALL%20SELECT%20NULL%2CNULL%2CNULL%2CNULL%2CNULL%2C%27qqqjq%27%7C%7C%27mhHqNlZNMFWqToraFpPVyCPkYuXgWIprXYbPvWyz%27%7C%7C%27qkqkq%27%2CNULL%2CNULL--%20HamU&quot;)" computerName="V020705" duration="00:00:00.0002900" startTime="2025-04-30T09:15:17.6668679+02:00" endTime="2025-04-30T09:15:17.6671582+02:00" testType="13cdc9d9-ddb5-4fa4-a97d-d965ccfc6d4b" outcome="Passed" testListId="8c84fa94-04c1-424b-9868-57a2d4851a1d" relativeResultsDirectory="8ac3471f-2b85-472f-8a27-97091bcabf8a" />
    <UnitTestResult executionId="7d1a9ac6-d443-4744-9128-835a0c7b9247" testId="6de7da96-699f-13be-0292-54aa3333e122" testName="Returns_LoginRequest_When_Not_Logged_In" computerName="V020705" duration="00:00:00.1607180" startTime="2025-04-30T09:14:06.6554688+02:00" endTime="2025-04-30T09:14:06.8161826+02:00" testType="13cdc9d9-ddb5-4fa4-a97d-d965ccfc6d4b" outcome="Passed" testListId="8c84fa94-04c1-424b-9868-57a2d4851a1d" relativeResultsDirectory="7d1a9ac6-d443-4744-9128-835a0c7b9247" />
    <UnitTestResult executionId="7efaaa62-4136-47b8-ab0e-9f388690c015" testId="654fc1f8-1f97-ee1e-b7a3-664a0c15a635" testName="Returns_New_CHG_User_With_AzureObjectId(&quot;@chg-MERIDIAN.com&quot;)" computerName="V020705" duration="00:00:05.2762700" startTime="2025-04-30T09:13:12.9949279+02:00" endTime="2025-04-30T09:13:18.2710804+02:00" testType="13cdc9d9-ddb5-4fa4-a97d-d965ccfc6d4b" outcome="Passed" testListId="8c84fa94-04c1-424b-9868-57a2d4851a1d" relativeResultsDirectory="7efaaa62-4136-47b8-ab0e-9f388690c015" />
    <UnitTestResult executionId="d15840a7-49a6-417a-8994-e0c80b7c194a" testId="73a034fe-8a09-7e62-9686-a06bbe0a7620" testName="Should_Return_Bad_Request(&quot;/Account/Login?ReturnUrl=-5744%25%27%20UNION%20ALL%20SELECT%20NULL%2CNULL%2CNULL%2CNULL%2CNULL%2C%27qqqjq%27%7C%7C%27vQysMEwtfb%27%7C%7C%27qkqkq%27%2CNULL%2CNULL%2CNULL%2CNULL--%20dKeu&quot;)" computerName="V020705" duration="00:00:00.0004180" startTime="2025-04-30T09:15:17.6801272+02:00" endTime="2025-04-30T09:15:17.6805449+02:00" testType="13cdc9d9-ddb5-4fa4-a97d-d965ccfc6d4b" outcome="Passed" testListId="8c84fa94-04c1-424b-9868-57a2d4851a1d" relativeResultsDirectory="d15840a7-49a6-417a-8994-e0c80b7c194a" />
    <UnitTestResult executionId="efca4c3a-ca05-47f6-bbc7-e7c028e46bca" testId="c3be62ab-c1c7-7136-55b3-ff95665b9d21" testName="Should_Return_Bad_Request_For_Posts(&quot;/Account/Login?ReturnUrl=-9914%27%29%20UNION%20ALL%20SELECT%2063%2C63%2C63%2C63%2C63%2C63%2C%27qqqjq%27%7C%7C%27wdBTUrgKlsnkJWOAABARVUCUMoBcdHHWMGessaIS%27%7C%7C%27qkqkq%27%2C63--%20AucU&quot;)" computerName="V020705" duration="00:00:00.0001230" startTime="2025-04-30T09:15:17.7051216+02:00" endTime="2025-04-30T09:15:17.7052447+02:00" testType="13cdc9d9-ddb5-4fa4-a97d-d965ccfc6d4b" outcome="Passed" testListId="8c84fa94-04c1-424b-9868-57a2d4851a1d" relativeResultsDirectory="efca4c3a-ca05-47f6-bbc7-e7c028e46bca" />
    <UnitTestResult executionId="6ce26d3b-9815-475c-9442-75ca7afd3cc3" testId="ed257f29-cc3b-8b26-caf9-47e956a6c319" testName="Should_Return_Bad_Request(&quot;/Account/Login?ReturnUrl=-3316%25%27%20UNION%20ALL%20SELECT%20NULL%2CNULL%2CNULL%2CNULL%2CNULL%2CNULL%2CNULL%2CNULL%2C%27qqqjq%27%7C%7C%27kHqVdbPUigmFOqphGtASbRzsNrhdroorbVtzEyjq%27%7C%7C%27qkqkq%27%2CNULL--%20Ppiv&quot;)" computerName="V020705" duration="00:00:00.0001810" startTime="2025-04-30T09:15:17.6789647+02:00" endTime="2025-04-30T09:15:17.6791452+02:00" testType="13cdc9d9-ddb5-4fa4-a97d-d965ccfc6d4b" outcome="Passed" testListId="8c84fa94-04c1-424b-9868-57a2d4851a1d" relativeResultsDirectory="6ce26d3b-9815-475c-9442-75ca7afd3cc3" />
    <UnitTestResult executionId="1019ba00-fc79-48a4-8c19-08b0bfd6ce3e" testId="6b2e59b5-97a9-a5ea-d009-7f41ae26f100" testName="Should_Return_Bad_Request_For_Posts(&quot;/Account/Login?ReturnUrl=-8216%20UNION%20ALL%20SELECT%2063%2C63%2C63%2C63%2C63%2C63%2C63%2C63%23&quot;)" computerName="V020705" duration="00:00:00.0001650" startTime="2025-04-30T09:15:17.7214339+02:00" endTime="2025-04-30T09:15:17.7215993+02:00" testType="13cdc9d9-ddb5-4fa4-a97d-d965ccfc6d4b" outcome="Passed" testListId="8c84fa94-04c1-424b-9868-57a2d4851a1d" relativeResultsDirectory="1019ba00-fc79-48a4-8c19-08b0bfd6ce3e" />
    <UnitTestResult executionId="98d7690d-2242-4d98-b65d-e9d0b2ffb1c5" testId="28b76b0e-a91b-b613-581f-64e7ac01e365" testName="SAFARI_IOS_12" computerName="V020705" duration="00:00:00.1179090" startTime="2025-04-30T09:14:21.2831565+02:00" endTime="2025-04-30T09:14:21.4010628+02:00" testType="13cdc9d9-ddb5-4fa4-a97d-d965ccfc6d4b" outcome="Passed" testListId="8c84fa94-04c1-424b-9868-57a2d4851a1d" relativeResultsDirectory="98d7690d-2242-4d98-b65d-e9d0b2ffb1c5" />
    <UnitTestResult executionId="488891b3-d95e-4bab-8a8c-631174686c36" testId="dbb82413-0ecb-7fc4-d324-f9d302be4d88" testName="Allows_Cors_For_Configured_Domains(&quot;http://publicclientintegration.com&quot;,&quot;/.well-known/openid-configuration&quot;)" computerName="V020705" duration="00:00:00.1505630" startTime="2025-04-30T09:15:17.0236407+02:00" endTime="2025-04-30T09:15:17.1741997+02:00" testType="13cdc9d9-ddb5-4fa4-a97d-d965ccfc6d4b" outcome="Passed" testListId="8c84fa94-04c1-424b-9868-57a2d4851a1d" relativeResultsDirectory="488891b3-d95e-4bab-8a8c-631174686c36" />
    <UnitTestResult executionId="4f1cd23f-37aa-4b9f-86ff-d1cddef0000d" testId="ce0e132c-7b2a-ad6d-3317-915962bdb3ec" testName="Should_Return_Bad_Request_For_Posts(&quot;/Account/Login?ReturnUrl=-6657%29%20UNION%20ALL%20SELECT%2063%2C63%2C63%2C63%2C63%2C63%2C63%2C63%2C63%2C63%23&quot;)" computerName="V020705" duration="00:00:00.0001340" startTime="2025-04-30T09:15:17.7117416+02:00" endTime="2025-04-30T09:15:17.7118752+02:00" testType="13cdc9d9-ddb5-4fa4-a97d-d965ccfc6d4b" outcome="Passed" testListId="8c84fa94-04c1-424b-9868-57a2d4851a1d" relativeResultsDirectory="4f1cd23f-37aa-4b9f-86ff-d1cddef0000d" />
    <UnitTestResult executionId="40162817-dde0-49b6-810a-be00a414d7c3" testId="41900e25-9a83-0436-0736-8b0a88f3056e" testName="Returns_BadRequest_Because_Password_Is_Too_Short" computerName="V020705" duration="00:00:00.0553030" startTime="2025-04-30T09:13:53.7658834+02:00" endTime="2025-04-30T09:13:53.8211843+02:00" testType="13cdc9d9-ddb5-4fa4-a97d-d965ccfc6d4b" outcome="Passed" testListId="8c84fa94-04c1-424b-9868-57a2d4851a1d" relativeResultsDirectory="40162817-dde0-49b6-810a-be00a414d7c3" />
    <UnitTestResult executionId="3fba5f78-921d-4e64-ab39-7c35b38e6e38" testId="035a98dc-b85e-8adc-35bc-deae1bc1af73" testName="Creates_A_New_User_If_UserName_Already_Exists_But_Was_Deleted" computerName="V020705" duration="00:00:05.3604030" startTime="2025-04-30T09:13:02.1256310+02:00" endTime="2025-04-30T09:13:07.4859142+02:00" testType="13cdc9d9-ddb5-4fa4-a97d-d965ccfc6d4b" outcome="Passed" testListId="8c84fa94-04c1-424b-9868-57a2d4851a1d" relativeResultsDirectory="3fba5f78-921d-4e64-ab39-7c35b38e6e38" />
    <UnitTestResult executionId="851418a9-bc6c-4c0e-84d2-0ed8bfe09cc7" testId="7fded9d1-d50e-4e0a-c3e6-145642123e11" testName="Should_Not_Return_Bad_Request(&quot;/diagnostics&quot;)" computerName="V020705" duration="00:00:00.0011810" startTime="2025-04-30T09:15:17.6509174+02:00" endTime="2025-04-30T09:15:17.6520978+02:00" testType="13cdc9d9-ddb5-4fa4-a97d-d965ccfc6d4b" outcome="Passed" testListId="8c84fa94-04c1-424b-9868-57a2d4851a1d" relativeResultsDirectory="851418a9-bc6c-4c0e-84d2-0ed8bfe09cc7" />
    <UnitTestResult executionId="053fc741-2fea-496c-8e14-70b7edb9e67d" testId="73bfc82f-a853-07f1-8414-1f9db0fa53ae" testName="Updates_Existing_Users_Email_Via_Oidc" computerName="V020705" duration="00:00:00.0097350" startTime="2025-04-30T09:13:54.2653144+02:00" endTime="2025-04-30T09:13:54.2750496+02:00" testType="13cdc9d9-ddb5-4fa4-a97d-d965ccfc6d4b" outcome="Passed" testListId="8c84fa94-04c1-424b-9868-57a2d4851a1d" relativeResultsDirectory="053fc741-2fea-496c-8e14-70b7edb9e67d" />
    <UnitTestResult executionId="e9df0a72-b5f2-4af2-8185-16c69d7556d4" testId="c199284e-1ebf-e01f-8ce6-280e6ae7e75d" testName="Should_Return_Bad_Request(&quot;/Account/Login?ReturnUrl=-4282%27%29%20UNION%20ALL%20SELECT%2063%2C63%2C63%2C63%2C%27qqqjq%27%7C%7C%27tWthAVNcFTOjfWQKjjktkkHXPqQDBbRoFeOZtJfC%27%7C%7C%27qkqkq%27%2C63%2C63%2C63--%20mRIh&quot;)" computerName="V020705" duration="00:00:00.0001710" startTime="2025-04-30T09:15:17.6734364+02:00" endTime="2025-04-30T09:15:17.6736070+02:00" testType="13cdc9d9-ddb5-4fa4-a97d-d965ccfc6d4b" outcome="Passed" testListId="8c84fa94-04c1-424b-9868-57a2d4851a1d" relativeResultsDirectory="e9df0a72-b5f2-4af2-8185-16c69d7556d4" />
    <UnitTestResult executionId="f671276d-d79e-4cb4-b08b-59cdccd07838" testId="a783ed32-8674-fbdb-e1db-6b1465d7ab58" testName="Should_Return_Bad_Request(&quot;/Account/Login?ReturnUrl=-5466%20UNION%20ALL%20SELECT%2063%2C63%2C63%2C63%23&quot;)" computerName="V020705" duration="00:00:00.0002440" startTime="2025-04-30T09:15:17.6858338+02:00" endTime="2025-04-30T09:15:17.6860768+02:00" testType="13cdc9d9-ddb5-4fa4-a97d-d965ccfc6d4b" outcome="Passed" testListId="8c84fa94-04c1-424b-9868-57a2d4851a1d" relativeResultsDirectory="f671276d-d79e-4cb4-b08b-59cdccd07838" />
    <UnitTestResult executionId="0978f78c-727a-4231-8f85-e6451ba0c062" testId="7f1be293-0553-f725-941c-750ef63b7bb1" testName="Run_Flow_With_ReturnUrl" computerName="V020705" duration="00:00:00.5619300" startTime="2025-04-30T09:14:18.9616799+02:00" endTime="2025-04-30T09:14:19.5235974+02:00" testType="13cdc9d9-ddb5-4fa4-a97d-d965ccfc6d4b" outcome="Passed" testListId="8c84fa94-04c1-424b-9868-57a2d4851a1d" relativeResultsDirectory="0978f78c-727a-4231-8f85-e6451ba0c062" />
    <UnitTestResult executionId="47ff80f5-0295-4f22-b63a-349f713bca61" testId="e8cac3a7-01ce-8799-dc38-148c30fb3212" testName="Should_Return_Bad_Request(&quot;/Account/Login?ReturnUrl=-8216%20UNION%20ALL%20SELECT%2063%2C63%2C63%2C63%2C63%2C63%2C63%2C63%23&quot;)" computerName="V020705" duration="00:00:00.0001180" startTime="2025-04-30T09:15:17.6943144+02:00" endTime="2025-04-30T09:15:17.6944327+02:00" testType="13cdc9d9-ddb5-4fa4-a97d-d965ccfc6d4b" outcome="Passed" testListId="8c84fa94-04c1-424b-9868-57a2d4851a1d" relativeResultsDirectory="47ff80f5-0295-4f22-b63a-349f713bca61" />
    <UnitTestResult executionId="a61360dd-a080-41b1-a21f-7082f82c14d3" testId="6808f9fa-035e-fc92-6291-eee962ccf183" testName="Can_Be_Called_From_User_With_ApiReader_Group_Claim" computerName="V020705" duration="00:00:00.1617820" startTime="2025-04-30T09:13:01.6854202+02:00" endTime="2025-04-30T09:13:01.8471984+02:00" testType="13cdc9d9-ddb5-4fa4-a97d-d965ccfc6d4b" outcome="Passed" testListId="8c84fa94-04c1-424b-9868-57a2d4851a1d" relativeResultsDirectory="a61360dd-a080-41b1-a21f-7082f82c14d3" />
    <UnitTestResult executionId="10890268-c627-4131-9055-e754acc850de" testId="39f86884-a27e-1b42-a160-2baa84820898" testName="Can_Be_Called_From_Client_With_ApiReader_Claim" computerName="V020705" duration="00:00:05.3035430" startTime="2025-04-30T09:12:56.3819407+02:00" endTime="2025-04-30T09:13:01.6853651+02:00" testType="13cdc9d9-ddb5-4fa4-a97d-d965ccfc6d4b" outcome="Passed" testListId="8c84fa94-04c1-424b-9868-57a2d4851a1d" relativeResultsDirectory="10890268-c627-4131-9055-e754acc850de" />
    <UnitTestResult executionId="d14df1b5-8312-4abb-ba81-0ea521823cca" testId="8f5a0cc4-da4f-2de2-5124-c6fc7364ff61" testName="Returns_Forbidden_When_Scope_Is_Not_Valid" computerName="V020705" duration="00:00:00.0054690" startTime="2025-04-30T09:13:07.6311767+02:00" endTime="2025-04-30T09:13:07.6366450+02:00" testType="13cdc9d9-ddb5-4fa4-a97d-d965ccfc6d4b" outcome="Passed" testListId="8c84fa94-04c1-424b-9868-57a2d4851a1d" relativeResultsDirectory="d14df1b5-8312-4abb-ba81-0ea521823cca" />
    <UnitTestResult executionId="97baaba9-7ac0-4c8b-80dd-d338a981a401" testId="cdc0688f-8f21-7c2f-55c3-87e234ef1ab5" testName="Should_Return_Bad_Request(&quot;/Account/Login?ReturnUrl=-8844%27%20UNION%20ALL%20SELECT%2063%2C63%2C63%2C63%2C63%2C63%23&quot;)" computerName="V020705" duration="00:00:00.0001640" startTime="2025-04-30T09:15:17.6903855+02:00" endTime="2025-04-30T09:15:17.6905493+02:00" testType="13cdc9d9-ddb5-4fa4-a97d-d965ccfc6d4b" outcome="Passed" testListId="8c84fa94-04c1-424b-9868-57a2d4851a1d" relativeResultsDirectory="97baaba9-7ac0-4c8b-80dd-d338a981a401" />
    <UnitTestResult executionId="bb54b0b4-08ff-407e-a77b-92bf2bae4744" testId="f499663d-6b55-4421-c8b1-dea64056f777" testName="Returns_Security_Headers" computerName="V020705" duration="00:00:00.5602400" startTime="2025-04-30T09:15:45.8216487+02:00" endTime="2025-04-30T09:15:46.3818760+02:00" testType="13cdc9d9-ddb5-4fa4-a97d-d965ccfc6d4b" outcome="Passed" testListId="8c84fa94-04c1-424b-9868-57a2d4851a1d" relativeResultsDirectory="bb54b0b4-08ff-407e-a77b-92bf2bae4744" />
    <UnitTestResult executionId="079d09d8-490b-422e-aea8-f782fe7202d4" testId="d25ea8e5-c4f3-6614-b89c-b9ae76687618" testName="Should_Return_Bad_Request_For_Posts(&quot;/Account/Login?ReturnUrl=-6628%20UNION%20ALL%20SELECT%2063%2C63%23&quot;)" computerName="V020705" duration="00:00:00.0001570" startTime="2025-04-30T09:15:17.7121262+02:00" endTime="2025-04-30T09:15:17.7122830+02:00" testType="13cdc9d9-ddb5-4fa4-a97d-d965ccfc6d4b" outcome="Passed" testListId="8c84fa94-04c1-424b-9868-57a2d4851a1d" relativeResultsDirectory="079d09d8-490b-422e-aea8-f782fe7202d4" />
    <UnitTestResult executionId="c38bfadd-7b9b-4561-9657-e17c40387336" testId="18c6618e-f64a-777a-05d8-a2afa5e24885" testName="Returns_LoginRequest_When_Not_Logged_In" computerName="V020705" duration="00:00:00.0037070" startTime="2025-04-30T09:14:09.2771991+02:00" endTime="2025-04-30T09:14:09.2809059+02:00" testType="13cdc9d9-ddb5-4fa4-a97d-d965ccfc6d4b" outcome="Passed" testListId="8c84fa94-04c1-424b-9868-57a2d4851a1d" relativeResultsDirectory="c38bfadd-7b9b-4561-9657-e17c40387336" />
    <UnitTestResult executionId="cf6b2df8-0cec-4ca4-b307-24a39efebd8a" testId="0eaba773-c39a-a95c-695c-3867c543129c" testName="Returns_Details" computerName="V020705" duration="00:00:00.4344600" startTime="2025-04-30T09:14:17.5035963+02:00" endTime="2025-04-30T09:14:17.9380468+02:00" testType="13cdc9d9-ddb5-4fa4-a97d-d965ccfc6d4b" outcome="Passed" testListId="8c84fa94-04c1-424b-9868-57a2d4851a1d" relativeResultsDirectory="cf6b2df8-0cec-4ca4-b307-24a39efebd8a" />
    <UnitTestResult executionId="685dc130-f872-4f3d-a5d5-65e69b12a344" testId="853bfc1a-a298-777c-a2ad-f6de66842305" testName="Returns_Not_Found_For_Invalid_Id" computerName="V020705" duration="00:00:00.1917410" startTime="2025-04-30T09:14:17.1609470+02:00" endTime="2025-04-30T09:14:17.3526832+02:00" testType="13cdc9d9-ddb5-4fa4-a97d-d965ccfc6d4b" outcome="Passed" testListId="8c84fa94-04c1-424b-9868-57a2d4851a1d" relativeResultsDirectory="685dc130-f872-4f3d-a5d5-65e69b12a344" />
    <UnitTestResult executionId="4104bda1-40d5-45a2-9ad8-195d7a4af0b0" testId="b5a8738b-c6cd-e065-7ca4-e5b601b70141" testName="Should_Not_Return_Bad_Request(&quot;/account/login?returnUrl=~/&quot;)" computerName="V020705" duration="00:00:00.2113360" startTime="2025-04-30T09:15:17.2957475+02:00" endTime="2025-04-30T09:15:17.5070783+02:00" testType="13cdc9d9-ddb5-4fa4-a97d-d965ccfc6d4b" outcome="Passed" testListId="8c84fa94-04c1-424b-9868-57a2d4851a1d" relativeResultsDirectory="4104bda1-40d5-45a2-9ad8-195d7a4af0b0" />
    <UnitTestResult executionId="5355f0cd-a8fb-4e36-8472-47bb76cb23b3" testId="87903446-906c-c8d1-a570-d959b064087a" testName="Should_Return_Bad_Request_For_Posts(&quot;/Account/Login?ReturnUrl=-4003%25%27%20UNION%20ALL%20SELECT%2063%23&quot;)" computerName="V020705" duration="00:00:00.0001210" startTime="2025-04-30T09:15:17.7165092+02:00" endTime="2025-04-30T09:15:17.7166298+02:00" testType="13cdc9d9-ddb5-4fa4-a97d-d965ccfc6d4b" outcome="Passed" testListId="8c84fa94-04c1-424b-9868-57a2d4851a1d" relativeResultsDirectory="5355f0cd-a8fb-4e36-8472-47bb76cb23b3" />
    <UnitTestResult executionId="1eda4079-c6aa-49ca-85aa-1915fca3b75a" testId="d3661bb8-3cfa-2283-e55e-a756bf528a36" testName="IE_11_WIN" computerName="V020705" duration="00:00:00.1145590" startTime="2025-04-30T09:14:22.0838583+02:00" endTime="2025-04-30T09:14:22.1984147+02:00" testType="13cdc9d9-ddb5-4fa4-a97d-d965ccfc6d4b" outcome="Passed" testListId="8c84fa94-04c1-424b-9868-57a2d4851a1d" relativeResultsDirectory="1eda4079-c6aa-49ca-85aa-1915fca3b75a" />
    <UnitTestResult executionId="14d75526-cf8a-4991-843f-42391a7cce19" testId="497aeab1-8164-268d-f87b-5c277e7193fc" testName="Disables_An_Existing_User_Via_Patch" computerName="V020705" duration="00:00:05.3705630" startTime="2025-04-30T09:15:34.3908549+02:00" endTime="2025-04-30T09:15:39.7612982+02:00" testType="13cdc9d9-ddb5-4fa4-a97d-d965ccfc6d4b" outcome="Passed" testListId="8c84fa94-04c1-424b-9868-57a2d4851a1d" relativeResultsDirectory="14d75526-cf8a-4991-843f-42391a7cce19" />
    <UnitTestResult executionId="1b7a2f13-9091-4d3d-a464-01b6a76d96b0" testId="4d685ef3-38e0-5352-8084-3a3d46d7cf83" testName="Should_Return_Bad_Request_For_Posts(&quot;/Account/Login?ReturnUrl=-2859%27%29%20UNION%20ALL%20SELECT%2063%2C63%2C63%2C63%2C%27qqqjq%27%7C%7C%27MpRFKCeSXK%27%7C%7C%27qkqkq%27%2C63%2C63%2C63--%20bQGG&quot;)" computerName="V020705" duration="00:00:00.0001860" startTime="2025-04-30T09:15:17.7052486+02:00" endTime="2025-04-30T09:15:17.7054349+02:00" testType="13cdc9d9-ddb5-4fa4-a97d-d965ccfc6d4b" outcome="Passed" testListId="8c84fa94-04c1-424b-9868-57a2d4851a1d" relativeResultsDirectory="1b7a2f13-9091-4d3d-a464-01b6a76d96b0" />
    <UnitTestResult executionId="1a75420d-8363-47cd-a5aa-7aec3a93fa71" testId="d828facc-df87-039c-0093-77e4b904b325" testName="Should_Return_Bad_Request(&quot;/Account/Login?ReturnUrl=-7319%27%20UNION%20ALL%20SELECT%2063%2C63%2C63%2C63%2C63%2C63%2C63%23&quot;)" computerName="V020705" duration="00:00:00.0001140" startTime="2025-04-30T09:15:17.6905522+02:00" endTime="2025-04-30T09:15:17.6906659+02:00" testType="13cdc9d9-ddb5-4fa4-a97d-d965ccfc6d4b" outcome="Passed" testListId="8c84fa94-04c1-424b-9868-57a2d4851a1d" relativeResultsDirectory="1a75420d-8363-47cd-a5aa-7aec3a93fa71" />
    <UnitTestResult executionId="eb29d6a0-5335-48c6-b746-e6ac84323af5" testId="83b4c1ce-5f84-6efc-d19f-a2254e14c370" testName="Returns_Error_When_Creating_New_Provider_With_Existing_Key" computerName="V020705" duration="00:00:00.5244620" startTime="2025-04-30T09:14:05.7973543+02:00" endTime="2025-04-30T09:14:06.3218047+02:00" testType="13cdc9d9-ddb5-4fa4-a97d-d965ccfc6d4b" outcome="Passed" testListId="8c84fa94-04c1-424b-9868-57a2d4851a1d" relativeResultsDirectory="eb29d6a0-5335-48c6-b746-e6ac84323af5" />
    <UnitTestResult executionId="9400a2d2-0749-443b-af80-5f273c8cc731" testId="f85f6a2c-4dee-b835-2e11-c6ecd821c404" testName="Should_Return_Bad_Request(&quot;/Account/Login?ReturnUrl=-7085%29%20UNION%20ALL%20SELECT%2063%2C63%2C63%2C63%23&quot;)" computerName="V020705" duration="00:00:00.0001160" startTime="2025-04-30T09:15:17.6840545+02:00" endTime="2025-04-30T09:15:17.6841700+02:00" testType="13cdc9d9-ddb5-4fa4-a97d-d965ccfc6d4b" outcome="Passed" testListId="8c84fa94-04c1-424b-9868-57a2d4851a1d" relativeResultsDirectory="9400a2d2-0749-443b-af80-5f273c8cc731" />
    <UnitTestResult executionId="366d5279-e34e-4c7f-a102-af3916290e9c" testId="926302fc-dbb4-4217-1377-69decae88826" testName="Returns_Ok_When_Cache_Was_Reset" computerName="V020705" duration="00:00:00.2887830" startTime="2025-04-30T09:14:16.4523216+02:00" endTime="2025-04-30T09:14:16.7410984+02:00" testType="13cdc9d9-ddb5-4fa4-a97d-d965ccfc6d4b" outcome="Passed" testListId="8c84fa94-04c1-424b-9868-57a2d4851a1d" relativeResultsDirectory="366d5279-e34e-4c7f-a102-af3916290e9c" />
    <UnitTestResult executionId="6ea07be2-3590-4fe6-a3f5-5d1b6918f689" testId="a49ffbdc-3e06-a1f6-0a57-713b0b85fb09" testName="Returns_A_Token_That_Can_Be_Used_For_Calling_An_Idp_Api_Endpoint" computerName="V020705" duration="00:00:05.2862020" startTime="2025-04-30T09:14:30.7922658+02:00" endTime="2025-04-30T09:14:36.0783500+02:00" testType="13cdc9d9-ddb5-4fa4-a97d-d965ccfc6d4b" outcome="Passed" testListId="8c84fa94-04c1-424b-9868-57a2d4851a1d" relativeResultsDirectory="6ea07be2-3590-4fe6-a3f5-5d1b6918f689" />
  </Results>
  <TestDefinitions>
    <UnitTest name="Should_Return_Bad_Request(&quot;/Account/Login?ReturnUrl=-8844%27%20UNION%20ALL%20SELECT%2063%2C63%2C63%2C63%2C63%2C63%23&quot;)" storage="d:\agents\smith05.01\_work\257\s\tests\chg.identityprovider.integrationtests\bin\release\net9.0\chg.identityprovider.integrationtests.dll" id="cdc0688f-8f21-7c2f-55c3-87e234ef1ab5">
      <Execution id="97baaba9-7ac0-4c8b-80dd-d338a981a401" />
      <TestMethod codeBase="D:\Agents\smith05.01\_work\257\s\tests\CHG.IdentityProvider.IntegrationTests\bin\Release\net9.0\CHG.IdentityProvider.IntegrationTests.dll" adapterTypeName="executor://nunit3testexecutor/" className="CHG.IdentityProvider.IntegrationTests.Middleware.MaliciousRequestsDetectionMiddlewareTests" name="Should_Return_Bad_Request(&quot;/Account/Login?ReturnUrl=-8844%27%20UNION%20ALL%20SELECT%2063%2C63%2C63%2C63%2C63%2C63%23&quot;)" />
    </UnitTest>
    <UnitTest name="Should_Return_Bad_Request(&quot;/Account/Login?ReturnUrl=-6619%27%29%20UNION%20ALL%20SELECT%2063%23&quot;)" storage="d:\agents\smith05.01\_work\257\s\tests\chg.identityprovider.integrationtests\bin\release\net9.0\chg.identityprovider.integrationtests.dll" id="0c4dc994-a73c-c21a-fc81-adcebb1b0411">
      <Execution id="e362ba2b-bc06-427e-8a76-ea2936383673" />
      <TestMethod codeBase="D:\Agents\smith05.01\_work\257\s\tests\CHG.IdentityProvider.IntegrationTests\bin\Release\net9.0\CHG.IdentityProvider.IntegrationTests.dll" adapterTypeName="executor://nunit3testexecutor/" className="CHG.IdentityProvider.IntegrationTests.Middleware.MaliciousRequestsDetectionMiddlewareTests" name="Should_Return_Bad_Request(&quot;/Account/Login?ReturnUrl=-6619%27%29%20UNION%20ALL%20SELECT%2063%23&quot;)" />
    </UnitTest>
    <UnitTest name="Should_Return_Bad_Request(&quot;/Account/Login?ReturnUrl=-5430%27%29%20ORDER%20BY%201%23&quot;)" storage="d:\agents\smith05.01\_work\257\s\tests\chg.identityprovider.integrationtests\bin\release\net9.0\chg.identityprovider.integrationtests.dll" id="28ce3401-59d1-f01f-85f9-9ab731dc5d17">
      <Execution id="b387ed7d-0838-4dd9-8a5e-37c09510e31e" />
      <TestMethod codeBase="D:\Agents\smith05.01\_work\257\s\tests\CHG.IdentityProvider.IntegrationTests\bin\Release\net9.0\CHG.IdentityProvider.IntegrationTests.dll" adapterTypeName="executor://nunit3testexecutor/" className="CHG.IdentityProvider.IntegrationTests.Middleware.MaliciousRequestsDetectionMiddlewareTests" name="Should_Return_Bad_Request(&quot;/Account/Login?ReturnUrl=-5430%27%29%20ORDER%20BY%201%23&quot;)" />
    </UnitTest>
    <UnitTest name="Not_Contains_EmailAddress_Claim" storage="d:\agents\smith05.01\_work\257\s\tests\chg.identityprovider.integrationtests\bin\release\net9.0\chg.identityprovider.integrationtests.dll" id="eb2e0656-e3bf-e7b3-f8be-a9265f5a6733">
      <Execution id="ba5321df-ac5b-4916-92e6-9b2b0d30cdab" />
      <TestMethod codeBase="D:\Agents\smith05.01\_work\257\s\tests\CHG.IdentityProvider.IntegrationTests\bin\Release\net9.0\CHG.IdentityProvider.IntegrationTests.dll" adapterTypeName="executor://nunit3testexecutor/" className="CHG.IdentityProvider.IntegrationTests.Login.SamlTests+Login" name="Not_Contains_EmailAddress_Claim" />
    </UnitTest>
    <UnitTest name="Should_Return_Bad_Request(&quot;/Account/Login?ReturnUrl=%28SELECT%20CHAR%28113%29%2BCHAR%28113%29%2BCHAR%28113%29%2BCHAR%28106%29%2BCHAR%28113%29%2B%28SELECT%20%28CASE%20WHEN%20%282804%3D2804%29%20THEN%20CHAR%2849%29%20ELSE%20CHAR%2848%29%20END%29%29%2BCHAR%28113%29%2BCHAR%28107%29%2BCHAR%28113%29%2BCHAR%28107%29%2BCHAR%28113%29%&quot;)" storage="d:\agents\smith05.01\_work\257\s\tests\chg.identityprovider.integrationtests\bin\release\net9.0\chg.identityprovider.integrationtests.dll" id="19019f78-31e0-9903-3bc1-26540e1e1d8f">
      <Execution id="8a4625c1-6ae3-4aa9-9c84-43cbbb58e64c" />
      <TestMethod codeBase="D:\Agents\smith05.01\_work\257\s\tests\CHG.IdentityProvider.IntegrationTests\bin\Release\net9.0\CHG.IdentityProvider.IntegrationTests.dll" adapterTypeName="executor://nunit3testexecutor/" className="CHG.IdentityProvider.IntegrationTests.Middleware.MaliciousRequestsDetectionMiddlewareTests" name="Should_Return_Bad_Request(&quot;/Account/Login?ReturnUrl=%28SELECT%20CHAR%28113%29%2BCHAR%28113%29%2BCHAR%28113%29%2BCHAR%28106%29%2BCHAR%28113%29%2B%28SELECT%20%28CASE%20WHEN%20%282804%3D2804%29%20THEN%20CHAR%2849%29%20ELSE%20CHAR%2848%29%20END%29%29%2BCHAR%28113%29%2BCHAR%28107%29%2BCHAR%28113%29%2BCHAR%28107%29%2BCHAR%28113%29%&quot;)" />
    </UnitTest>
    <UnitTest name="Should_Return_Bad_Request_For_Posts(&quot;/Account/Login?ReturnUrl=-5281%20UNION%20ALL%20SELECT%2063%2C63%2C63%2C63%2C63%2C63%2C63%2C63%2C63%2C63%23&quot;)" storage="d:\agents\smith05.01\_work\257\s\tests\chg.identityprovider.integrationtests\bin\release\net9.0\chg.identityprovider.integrationtests.dll" id="74a48b7e-559e-3413-6fc9-e373bb54a894">
      <Execution id="a5cd9aca-1f97-4089-977e-f8badef7f332" />
      <TestMethod codeBase="D:\Agents\smith05.01\_work\257\s\tests\CHG.IdentityProvider.IntegrationTests\bin\Release\net9.0\CHG.IdentityProvider.IntegrationTests.dll" adapterTypeName="executor://nunit3testexecutor/" className="CHG.IdentityProvider.IntegrationTests.Middleware.MaliciousRequestsDetectionMiddlewareTests" name="Should_Return_Bad_Request_For_Posts(&quot;/Account/Login?ReturnUrl=-5281%20UNION%20ALL%20SELECT%2063%2C63%2C63%2C63%2C63%2C63%2C63%2C63%2C63%2C63%23&quot;)" />
    </UnitTest>
    <UnitTest name="Should_Return_Bad_Request_For_Posts(&quot;/Account/Login?ReturnUrl=-2065%25%27%20UNION%20ALL%20SELECT%2063%2C63%2C63%2C63%2C63%2C63%2C63%23&quot;)" storage="d:\agents\smith05.01\_work\257\s\tests\chg.identityprovider.integrationtests\bin\release\net9.0\chg.identityprovider.integrationtests.dll" id="65e94095-42ff-bd8f-4ed8-f88b435f2de9">
      <Execution id="770dd068-78e3-42df-ad45-b4c227b7e253" />
      <TestMethod codeBase="D:\Agents\smith05.01\_work\257\s\tests\CHG.IdentityProvider.IntegrationTests\bin\Release\net9.0\CHG.IdentityProvider.IntegrationTests.dll" adapterTypeName="executor://nunit3testexecutor/" className="CHG.IdentityProvider.IntegrationTests.Middleware.MaliciousRequestsDetectionMiddlewareTests" name="Should_Return_Bad_Request_For_Posts(&quot;/Account/Login?ReturnUrl=-2065%25%27%20UNION%20ALL%20SELECT%2063%2C63%2C63%2C63%2C63%2C63%2C63%23&quot;)" />
    </UnitTest>
    <UnitTest name="Can_Start_Hosted_Service" storage="d:\agents\smith05.01\_work\257\s\tests\chg.identityprovider.integrationtests\bin\release\net9.0\chg.identityprovider.integrationtests.dll" id="bfb46e4c-01cb-d8bd-0cb8-c2f49bb88693">
      <Execution id="e0a1a854-82df-4c62-8caa-fb2f7a4deeb6" />
      <TestMethod codeBase="D:\Agents\smith05.01\_work\257\s\tests\CHG.IdentityProvider.IntegrationTests\bin\Release\net9.0\CHG.IdentityProvider.IntegrationTests.dll" adapterTypeName="executor://nunit3testexecutor/" className="CHG.IdentityProvider.IntegrationTests.DataInitializerHostedServiceInMemoryTests" name="Can_Start_Hosted_Service" />
    </UnitTest>
    <UnitTest name="Returns_New_CHG_User_With_AzureObjectId(&quot;@chg-MERIDIAN.COM&quot;)" storage="d:\agents\smith05.01\_work\257\s\tests\chg.identityprovider.integrationtests\bin\release\net9.0\chg.identityprovider.integrationtests.dll" id="026bda92-165f-598c-44e1-4c54ada309ac">
      <Execution id="ccdbda50-aa27-48b8-9a29-543fceaa0a5a" />
      <TestMethod codeBase="D:\Agents\smith05.01\_work\257\s\tests\CHG.IdentityProvider.IntegrationTests\bin\Release\net9.0\CHG.IdentityProvider.IntegrationTests.dll" adapterTypeName="executor://nunit3testexecutor/" className="CHG.IdentityProvider.IntegrationTests.Api.UserApiTests+CreateMethod" name="Returns_New_CHG_User_With_AzureObjectId(&quot;@chg-MERIDIAN.COM&quot;)" />
    </UnitTest>
    <UnitTest name="Creates_A_New_IdentityExpressUser" storage="d:\agents\smith05.01\_work\257\s\tests\chg.identityprovider.integrationtests\bin\release\net9.0\chg.identityprovider.integrationtests.dll" id="adcefaf7-ab45-f9c6-3cdf-a5f6b20e1b5f">
      <Execution id="c97f6517-3cf7-4982-8722-d61517c773d4" />
      <TestMethod codeBase="D:\Agents\smith05.01\_work\257\s\tests\CHG.IdentityProvider.IntegrationTests\bin\Release\net9.0\CHG.IdentityProvider.IntegrationTests.dll" adapterTypeName="executor://nunit3testexecutor/" className="CHG.IdentityProvider.IntegrationTests.Middleware.ScimUserSyncMiddlewareTests+CreatingANewUserViaScim" name="Creates_A_New_IdentityExpressUser" />
    </UnitTest>
    <UnitTest name="Returns_Forbidden_For_Token_Without_Access_To_Maintenance_Api" storage="d:\agents\smith05.01\_work\257\s\tests\chg.identityprovider.integrationtests\bin\release\net9.0\chg.identityprovider.integrationtests.dll" id="036ad9e1-e2ba-8ada-5796-ca87d2251a21">
      <Execution id="131f39b1-b21c-4c1a-9b90-b5ca4c31db13" />
      <TestMethod codeBase="D:\Agents\smith05.01\_work\257\s\tests\CHG.IdentityProvider.IntegrationTests\bin\Release\net9.0\CHG.IdentityProvider.IntegrationTests.dll" adapterTypeName="executor://nunit3testexecutor/" className="CHG.IdentityProvider.IntegrationTests.Api.LoginProvidersApiControllerTests+InformAboutExpiringLoginProviderSecretsAction" name="Returns_Forbidden_For_Token_Without_Access_To_Maintenance_Api" />
    </UnitTest>
    <UnitTest name="Should_Return_Bad_Request(&quot;/Account/Login?ReturnUrl=-6921%25%27%20UNION%20ALL%20SELECT%20NULL%2CNULL%2CNULL%2CNULL%2C%27qqqjq%27%7C%7C%27satEBgyUIvrhNLWErOCQzAtgcvFXCHmNbqPOPoSF%27%7C%7C%27qkqkq%27%2CNULL%2CNULL%2CNULL%2CNULL%2CNULL--%20kCMn&quot;)" storage="d:\agents\smith05.01\_work\257\s\tests\chg.identityprovider.integrationtests\bin\release\net9.0\chg.identityprovider.integrationtests.dll" id="6ddb5b9b-4fae-4bff-a95e-82a68b35fc4c">
      <Execution id="89680df1-1407-4f63-b957-5563a1438f17" />
      <TestMethod codeBase="D:\Agents\smith05.01\_work\257\s\tests\CHG.IdentityProvider.IntegrationTests\bin\Release\net9.0\CHG.IdentityProvider.IntegrationTests.dll" adapterTypeName="executor://nunit3testexecutor/" className="CHG.IdentityProvider.IntegrationTests.Middleware.MaliciousRequestsDetectionMiddlewareTests" name="Should_Return_Bad_Request(&quot;/Account/Login?ReturnUrl=-6921%25%27%20UNION%20ALL%20SELECT%20NULL%2CNULL%2CNULL%2CNULL%2C%27qqqjq%27%7C%7C%27satEBgyUIvrhNLWErOCQzAtgcvFXCHmNbqPOPoSF%27%7C%7C%27qkqkq%27%2CNULL%2CNULL%2CNULL%2CNULL%2CNULL--%20kCMn&quot;)" />
    </UnitTest>
    <UnitTest name="Should_Return_Bad_Request(&quot;/Account/Login?ReturnUrl=-6870%27%29%20UNION%20ALL%20SELECT%20NULL%2CNULL%2CNULL%2CNULL%2CNULL%2C%27qqqjq%27%7C%7C%27ZwoQylpQOz%27%7C%7C%27qkqkq%27%2CNULL%2CNULL--%20nPgu&quot;)" storage="d:\agents\smith05.01\_work\257\s\tests\chg.identityprovider.integrationtests\bin\release\net9.0\chg.identityprovider.integrationtests.dll" id="9a87d413-c6b3-9ad7-7032-29cd0562cb72">
      <Execution id="425ae0fb-e0a4-4a03-a382-7d2ed0a55f64" />
      <TestMethod codeBase="D:\Agents\smith05.01\_work\257\s\tests\CHG.IdentityProvider.IntegrationTests\bin\Release\net9.0\CHG.IdentityProvider.IntegrationTests.dll" adapterTypeName="executor://nunit3testexecutor/" className="CHG.IdentityProvider.IntegrationTests.Middleware.MaliciousRequestsDetectionMiddlewareTests" name="Should_Return_Bad_Request(&quot;/Account/Login?ReturnUrl=-6870%27%29%20UNION%20ALL%20SELECT%20NULL%2CNULL%2CNULL%2CNULL%2CNULL%2C%27qqqjq%27%7C%7C%27ZwoQylpQOz%27%7C%7C%27qkqkq%27%2CNULL%2CNULL--%20nPgu&quot;)" />
    </UnitTest>
    <UnitTest name="Updates_Existing_Users_Email_Via_Oidc" storage="d:\agents\smith05.01\_work\257\s\tests\chg.identityprovider.integrationtests\bin\release\net9.0\chg.identityprovider.integrationtests.dll" id="73bfc82f-a853-07f1-8414-1f9db0fa53ae">
      <Execution id="053fc741-2fea-496c-8e14-70b7edb9e67d" />
      <TestMethod codeBase="D:\Agents\smith05.01\_work\257\s\tests\CHG.IdentityProvider.IntegrationTests\bin\Release\net9.0\CHG.IdentityProvider.IntegrationTests.dll" adapterTypeName="executor://nunit3testexecutor/" className="CHG.IdentityProvider.IntegrationTests.Controllers.ExternalControllerTests+CallbackMethod" name="Updates_Existing_Users_Email_Via_Oidc" />
    </UnitTest>
    <UnitTest name="Should_Return_Bad_Request_For_Posts(&quot;/Account/Login?ReturnUrl=-6657%29%20UNION%20ALL%20SELECT%2063%2C63%2C63%2C63%2C63%2C63%2C63%2C63%2C63%2C63%23&quot;)" storage="d:\agents\smith05.01\_work\257\s\tests\chg.identityprovider.integrationtests\bin\release\net9.0\chg.identityprovider.integrationtests.dll" id="ce0e132c-7b2a-ad6d-3317-915962bdb3ec">
      <Execution id="4f1cd23f-37aa-4b9f-86ff-d1cddef0000d" />
      <TestMethod codeBase="D:\Agents\smith05.01\_work\257\s\tests\CHG.IdentityProvider.IntegrationTests\bin\Release\net9.0\CHG.IdentityProvider.IntegrationTests.dll" adapterTypeName="executor://nunit3testexecutor/" className="CHG.IdentityProvider.IntegrationTests.Middleware.MaliciousRequestsDetectionMiddlewareTests" name="Should_Return_Bad_Request_For_Posts(&quot;/Account/Login?ReturnUrl=-6657%29%20UNION%20ALL%20SELECT%2063%2C63%2C63%2C63%2C63%2C63%2C63%2C63%2C63%2C63%23&quot;)" />
    </UnitTest>
    <UnitTest name="SAFARI_MAC_ELCAPITAN" storage="d:\agents\smith05.01\_work\257\s\tests\chg.identityprovider.integrationtests\bin\release\net9.0\chg.identityprovider.integrationtests.dll" id="5c5b95c3-774a-3163-6bfc-ad309efd850c">
      <Execution id="443bd4c1-3390-4e13-8534-c99914ad13cc" />
      <TestMethod codeBase="D:\Agents\smith05.01\_work\257\s\tests\CHG.IdentityProvider.IntegrationTests\bin\Release\net9.0\CHG.IdentityProvider.IntegrationTests.dll" adapterTypeName="executor://nunit3testexecutor/" className="CHG.IdentityProvider.IntegrationTests.CookiesTests+SameSitePolicyTests" name="SAFARI_MAC_ELCAPITAN" />
    </UnitTest>
    <UnitTest name="Should_Return_Bad_Request_For_Posts(&quot;/Account/Login?ReturnUrl=-4003%25%27%20UNION%20ALL%20SELECT%2063%23&quot;)" storage="d:\agents\smith05.01\_work\257\s\tests\chg.identityprovider.integrationtests\bin\release\net9.0\chg.identityprovider.integrationtests.dll" id="87903446-906c-c8d1-a570-d959b064087a">
      <Execution id="5355f0cd-a8fb-4e36-8472-47bb76cb23b3" />
      <TestMethod codeBase="D:\Agents\smith05.01\_work\257\s\tests\CHG.IdentityProvider.IntegrationTests\bin\Release\net9.0\CHG.IdentityProvider.IntegrationTests.dll" adapterTypeName="executor://nunit3testexecutor/" className="CHG.IdentityProvider.IntegrationTests.Middleware.MaliciousRequestsDetectionMiddlewareTests" name="Should_Return_Bad_Request_For_Posts(&quot;/Account/Login?ReturnUrl=-4003%25%27%20UNION%20ALL%20SELECT%2063%23&quot;)" />
    </UnitTest>
    <UnitTest name="Returns_BadRequest_If_UserName_Already_Exists" storage="d:\agents\smith05.01\_work\257\s\tests\chg.identityprovider.integrationtests\bin\release\net9.0\chg.identityprovider.integrationtests.dll" id="05d90b63-1386-d522-40f1-f2643ab40cf2">
      <Execution id="de7a5646-d6af-4bf3-b024-44a0a416a4d3" />
      <TestMethod codeBase="D:\Agents\smith05.01\_work\257\s\tests\CHG.IdentityProvider.IntegrationTests\bin\Release\net9.0\CHG.IdentityProvider.IntegrationTests.dll" adapterTypeName="executor://nunit3testexecutor/" className="CHG.IdentityProvider.IntegrationTests.Api.UserApiTests+UpdateMethod" name="Returns_BadRequest_If_UserName_Already_Exists" />
    </UnitTest>
    <UnitTest name="Returns_Ok_When_User_Was_Found(&quot;/api/v1.0/users/&quot;,&quot;test.employee@test.com&quot;)" storage="d:\agents\smith05.01\_work\257\s\tests\chg.identityprovider.integrationtests\bin\release\net9.0\chg.identityprovider.integrationtests.dll" id="b9d60111-e4f5-a33f-0081-8202ab2cdb4a">
      <Execution id="16b24e8a-a733-40ef-a385-42fc3fcfae16" />
      <TestMethod codeBase="D:\Agents\smith05.01\_work\257\s\tests\CHG.IdentityProvider.IntegrationTests\bin\Release\net9.0\CHG.IdentityProvider.IntegrationTests.dll" adapterTypeName="executor://nunit3testexecutor/" className="CHG.IdentityProvider.IntegrationTests.Api.UserApiTests+GetByIdMethod" name="Returns_Ok_When_User_Was_Found(&quot;/api/v1.0/users/&quot;,&quot;test.employee@test.com&quot;)" />
    </UnitTest>
    <UnitTest name="Should_Return_Bad_Request(&quot;/Account/Login?ReturnUrl=-2439%25%27%20UNION%20ALL%20SELECT%2063%2C63%2C63%2C63%2C63%2C63%2C63%2C63%23&quot;)" storage="d:\agents\smith05.01\_work\257\s\tests\chg.identityprovider.integrationtests\bin\release\net9.0\chg.identityprovider.integrationtests.dll" id="ddb863e9-1052-3080-904d-858a38c17d4d">
      <Execution id="d063ff20-a992-4326-b9ab-b019c50cac38" />
      <TestMethod codeBase="D:\Agents\smith05.01\_work\257\s\tests\CHG.IdentityProvider.IntegrationTests\bin\Release\net9.0\CHG.IdentityProvider.IntegrationTests.dll" adapterTypeName="executor://nunit3testexecutor/" className="CHG.IdentityProvider.IntegrationTests.Middleware.MaliciousRequestsDetectionMiddlewareTests" name="Should_Return_Bad_Request(&quot;/Account/Login?ReturnUrl=-2439%25%27%20UNION%20ALL%20SELECT%2063%2C63%2C63%2C63%2C63%2C63%2C63%2C63%23&quot;)" />
    </UnitTest>
    <UnitTest name="Should_Return_Bad_Request(&quot;/Account/Login?ReturnUrl=-2715%27%29%20UNION%20ALL%20SELECT%2063%2C63%2C63%2C%27qqqjq%27%7C%7C%27sxCwzivhFQ%27%7C%7C%27qkqkq%27%2C63%2C63%2C63%2C63--%20bupN&quot;)" storage="d:\agents\smith05.01\_work\257\s\tests\chg.identityprovider.integrationtests\bin\release\net9.0\chg.identityprovider.integrationtests.dll" id="cd6d9da2-2622-489b-3451-1acb6bdf37bb">
      <Execution id="df1598fd-6985-444f-b8a8-daa01f35a00c" />
      <TestMethod codeBase="D:\Agents\smith05.01\_work\257\s\tests\CHG.IdentityProvider.IntegrationTests\bin\Release\net9.0\CHG.IdentityProvider.IntegrationTests.dll" adapterTypeName="executor://nunit3testexecutor/" className="CHG.IdentityProvider.IntegrationTests.Middleware.MaliciousRequestsDetectionMiddlewareTests" name="Should_Return_Bad_Request(&quot;/Account/Login?ReturnUrl=-2715%27%29%20UNION%20ALL%20SELECT%2063%2C63%2C63%2C%27qqqjq%27%7C%7C%27sxCwzivhFQ%27%7C%7C%27qkqkq%27%2C63%2C63%2C63%2C63--%20bupN&quot;)" />
    </UnitTest>
    <UnitTest name="Returns_BadRequest_If_Email_Is_Missing" storage="d:\agents\smith05.01\_work\257\s\tests\chg.identityprovider.integrationtests\bin\release\net9.0\chg.identityprovider.integrationtests.dll" id="7f39d04b-167b-71f4-69a0-00ff8dd10ec6">
      <Execution id="500c0fa2-e3eb-4816-ab71-c68cd4eea3c6" />
      <TestMethod codeBase="D:\Agents\smith05.01\_work\257\s\tests\CHG.IdentityProvider.IntegrationTests\bin\Release\net9.0\CHG.IdentityProvider.IntegrationTests.dll" adapterTypeName="executor://nunit3testexecutor/" className="CHG.IdentityProvider.IntegrationTests.Api.UserApiTests+UpdateMethod" name="Returns_BadRequest_If_Email_Is_Missing" />
    </UnitTest>
    <UnitTest name="Should_Return_Bad_Request_For_Posts(&quot;/Account/Login?ReturnUrl=-9926%25%27%20UNION%20ALL%20SELECT%20%27qqqjq%27%7C%7C%27zMFMfGpdyq%27%7C%7C%27qkqkq%27%2CNULL%2CNULL%2CNULL%2CNULL%2CNULL%2CNULL%2CNULL%2CNULL%2CNULL--%20AraL&quot;)" storage="d:\agents\smith05.01\_work\257\s\tests\chg.identityprovider.integrationtests\bin\release\net9.0\chg.identityprovider.integrationtests.dll" id="ed455bfc-c11d-1302-39a1-efbf1d3eb764">
      <Execution id="fceb923c-fe16-4a2f-b182-d3f09a901f35" />
      <TestMethod codeBase="D:\Agents\smith05.01\_work\257\s\tests\CHG.IdentityProvider.IntegrationTests\bin\Release\net9.0\CHG.IdentityProvider.IntegrationTests.dll" adapterTypeName="executor://nunit3testexecutor/" className="CHG.IdentityProvider.IntegrationTests.Middleware.MaliciousRequestsDetectionMiddlewareTests" name="Should_Return_Bad_Request_For_Posts(&quot;/Account/Login?ReturnUrl=-9926%25%27%20UNION%20ALL%20SELECT%20%27qqqjq%27%7C%7C%27zMFMfGpdyq%27%7C%7C%27qkqkq%27%2CNULL%2CNULL%2CNULL%2CNULL%2CNULL%2CNULL%2CNULL%2CNULL%2CNULL--%20AraL&quot;)" />
    </UnitTest>
    <UnitTest name="Returns_Unauthorized_When_Not_Logged_In(&quot;/api/v1.0/users/&quot;)" storage="d:\agents\smith05.01\_work\257\s\tests\chg.identityprovider.integrationtests\bin\release\net9.0\chg.identityprovider.integrationtests.dll" id="35021be4-47b1-a92a-78a3-82013b3208f7">
      <Execution id="0cde4f7b-429d-4d27-be85-28a2102343bb" />
      <TestMethod codeBase="D:\Agents\smith05.01\_work\257\s\tests\CHG.IdentityProvider.IntegrationTests\bin\Release\net9.0\CHG.IdentityProvider.IntegrationTests.dll" adapterTypeName="executor://nunit3testexecutor/" className="CHG.IdentityProvider.IntegrationTests.Api.UserApiTests+GetByIdMethod" name="Returns_Unauthorized_When_Not_Logged_In(&quot;/api/v1.0/users/&quot;)" />
    </UnitTest>
    <UnitTest name="Should_Return_Bad_Request_For_Posts(&quot;/Account/Login?ReturnUrl=-1925%27%29%20UNION%20ALL%20SELECT%20%27qqqjq%27%7C%7C%27KIxHyOCneOPijrlcxDIpHjSLEBWCsnXHEtFbrGMs%27%7C%7C%27qkqkq%27%2CNULL%2CNULL%2CNULL%2CNULL%2CNULL%2CNULL%2CNULL--%20gkGc&quot;)" storage="d:\agents\smith05.01\_work\257\s\tests\chg.identityprovider.integrationtests\bin\release\net9.0\chg.identityprovider.integrationtests.dll" id="91905b82-4046-b5d3-b15b-adb47e3e142b">
      <Execution id="a013d0bc-30c1-42ea-b83a-fe43f91b05f5" />
      <TestMethod codeBase="D:\Agents\smith05.01\_work\257\s\tests\CHG.IdentityProvider.IntegrationTests\bin\Release\net9.0\CHG.IdentityProvider.IntegrationTests.dll" adapterTypeName="executor://nunit3testexecutor/" className="CHG.IdentityProvider.IntegrationTests.Middleware.MaliciousRequestsDetectionMiddlewareTests" name="Should_Return_Bad_Request_For_Posts(&quot;/Account/Login?ReturnUrl=-1925%27%29%20UNION%20ALL%20SELECT%20%27qqqjq%27%7C%7C%27KIxHyOCneOPijrlcxDIpHjSLEBWCsnXHEtFbrGMs%27%7C%7C%27qkqkq%27%2CNULL%2CNULL%2CNULL%2CNULL%2CNULL%2CNULL%2CNULL--%20gkGc&quot;)" />
    </UnitTest>
    <UnitTest name="Should_Return_Bad_Request(&quot;/Account/Login?ReturnUrl=-7096%29%20UNION%20ALL%20SELECT%2063%2C63%2C63%2C63%2C63%2C63%23&quot;)" storage="d:\agents\smith05.01\_work\257\s\tests\chg.identityprovider.integrationtests\bin\release\net9.0\chg.identityprovider.integrationtests.dll" id="1fa88c29-9dad-a828-9a8e-85175475dcd1">
      <Execution id="11bdaa8e-3df7-4c2e-a687-28dd9bb17cf2" />
      <TestMethod codeBase="D:\Agents\smith05.01\_work\257\s\tests\CHG.IdentityProvider.IntegrationTests\bin\Release\net9.0\CHG.IdentityProvider.IntegrationTests.dll" adapterTypeName="executor://nunit3testexecutor/" className="CHG.IdentityProvider.IntegrationTests.Middleware.MaliciousRequestsDetectionMiddlewareTests" name="Should_Return_Bad_Request(&quot;/Account/Login?ReturnUrl=-7096%29%20UNION%20ALL%20SELECT%2063%2C63%2C63%2C63%2C63%2C63%23&quot;)" />
    </UnitTest>
    <UnitTest name="Returns_A_Newly_Created_Resource_For_AzureAD" storage="d:\agents\smith05.01\_work\257\s\tests\chg.identityprovider.integrationtests\bin\release\net9.0\chg.identityprovider.integrationtests.dll" id="f92abef5-2802-4e6b-3a13-f9b7d6a3263a">
      <Execution id="6d6a6014-26ab-4a4c-9ea2-bcbd26dfb33d" />
      <TestMethod codeBase="D:\Agents\smith05.01\_work\257\s\tests\CHG.IdentityProvider.IntegrationTests\bin\Release\net9.0\CHG.IdentityProvider.IntegrationTests.dll" adapterTypeName="executor://nunit3testexecutor/" className="CHG.IdentityProvider.IntegrationTests.Middleware.ScimUserSyncMiddlewareTests+CreatingANewUserViaScim" name="Returns_A_Newly_Created_Resource_For_AzureAD" />
    </UnitTest>
    <UnitTest name="Should_Return_Bad_Request(&quot;/Account/Login?ReturnUrl=-4430%27%29%20UNION%20ALL%20SELECT%2063%2C63%2C63%2C63%23&quot;)" storage="d:\agents\smith05.01\_work\257\s\tests\chg.identityprovider.integrationtests\bin\release\net9.0\chg.identityprovider.integrationtests.dll" id="e165a62a-b148-67e6-aadd-2bf4e4703c76">
      <Execution id="b5ea3088-3856-4128-8575-0ea55a639408" />
      <TestMethod codeBase="D:\Agents\smith05.01\_work\257\s\tests\CHG.IdentityProvider.IntegrationTests\bin\Release\net9.0\CHG.IdentityProvider.IntegrationTests.dll" adapterTypeName="executor://nunit3testexecutor/" className="CHG.IdentityProvider.IntegrationTests.Middleware.MaliciousRequestsDetectionMiddlewareTests" name="Should_Return_Bad_Request(&quot;/Account/Login?ReturnUrl=-4430%27%29%20UNION%20ALL%20SELECT%2063%2C63%2C63%2C63%23&quot;)" />
    </UnitTest>
    <UnitTest name="Returns_BadRequest_Because_Password_Is_Leaked" storage="d:\agents\smith05.01\_work\257\s\tests\chg.identityprovider.integrationtests\bin\release\net9.0\chg.identityprovider.integrationtests.dll" id="dc8b7cd5-f031-c58d-e8a3-c8af59278ef5">
      <Execution id="a74de248-e4df-4637-b0d0-17152534e59f" />
      <TestMethod codeBase="D:\Agents\smith05.01\_work\257\s\tests\CHG.IdentityProvider.IntegrationTests\bin\Release\net9.0\CHG.IdentityProvider.IntegrationTests.dll" adapterTypeName="executor://nunit3testexecutor/" className="CHG.IdentityProvider.IntegrationTests.Controllers.AccountControllerTests+ResetPasswordTests" name="Returns_BadRequest_Because_Password_Is_Leaked" />
    </UnitTest>
    <UnitTest name="Returns_Login_Page" storage="d:\agents\smith05.01\_work\257\s\tests\chg.identityprovider.integrationtests\bin\release\net9.0\chg.identityprovider.integrationtests.dll" id="f256037f-7652-5711-f7c8-b9b9bdf5b0f8">
      <Execution id="15dd97e3-e6b6-43d9-99c9-31986493ab76" />
      <TestMethod codeBase="D:\Agents\smith05.01\_work\257\s\tests\CHG.IdentityProvider.IntegrationTests\bin\Release\net9.0\CHG.IdentityProvider.IntegrationTests.dll" adapterTypeName="executor://nunit3testexecutor/" className="CHG.IdentityProvider.IntegrationTests.Controllers.AccountControllerTests+Login" name="Returns_Login_Page" />
    </UnitTest>
    <UnitTest name="Should_Return_Bad_Request_For_Posts(&quot;/Account/Login?ReturnUrl=-5042%25%27%20UNION%20ALL%20SELECT%2063%2C63%2C63%2C63%2C63%2C63%2C63%2C63%2C63%23&quot;)" storage="d:\agents\smith05.01\_work\257\s\tests\chg.identityprovider.integrationtests\bin\release\net9.0\chg.identityprovider.integrationtests.dll" id="e83e1c1b-19f6-6117-8fca-0c52a2f0db26">
      <Execution id="48ce4ec6-9bfd-4eb6-a7e3-02889e8e69a5" />
      <TestMethod codeBase="D:\Agents\smith05.01\_work\257\s\tests\CHG.IdentityProvider.IntegrationTests\bin\Release\net9.0\CHG.IdentityProvider.IntegrationTests.dll" adapterTypeName="executor://nunit3testexecutor/" className="CHG.IdentityProvider.IntegrationTests.Middleware.MaliciousRequestsDetectionMiddlewareTests" name="Should_Return_Bad_Request_For_Posts(&quot;/Account/Login?ReturnUrl=-5042%25%27%20UNION%20ALL%20SELECT%2063%2C63%2C63%2C63%2C63%2C63%2C63%2C63%2C63%23&quot;)" />
    </UnitTest>
    <UnitTest name="Returns_AccessDenied_When_Insufficent_Permissions" storage="d:\agents\smith05.01\_work\257\s\tests\chg.identityprovider.integrationtests\bin\release\net9.0\chg.identityprovider.integrationtests.dll" id="a9b0c1f1-bcd5-428f-014b-147652ec89d4">
      <Execution id="d81db16b-c4d4-49ec-a2bc-7abc77e0d068" />
      <TestMethod codeBase="D:\Agents\smith05.01\_work\257\s\tests\CHG.IdentityProvider.IntegrationTests\bin\Release\net9.0\CHG.IdentityProvider.IntegrationTests.dll" adapterTypeName="executor://nunit3testexecutor/" className="CHG.IdentityProvider.IntegrationTests.Controllers.MaintenanceControllerTests+CachingMethod" name="Returns_AccessDenied_When_Insufficent_Permissions" />
    </UnitTest>
    <UnitTest name="Returns_BadRequest_Because_Password_Is_Too_Short" storage="d:\agents\smith05.01\_work\257\s\tests\chg.identityprovider.integrationtests\bin\release\net9.0\chg.identityprovider.integrationtests.dll" id="41900e25-9a83-0436-0736-8b0a88f3056e">
      <Execution id="40162817-dde0-49b6-810a-be00a414d7c3" />
      <TestMethod codeBase="D:\Agents\smith05.01\_work\257\s\tests\CHG.IdentityProvider.IntegrationTests\bin\Release\net9.0\CHG.IdentityProvider.IntegrationTests.dll" adapterTypeName="executor://nunit3testexecutor/" className="CHG.IdentityProvider.IntegrationTests.Controllers.AccountControllerTests+ResetPasswordTests" name="Returns_BadRequest_Because_Password_Is_Too_Short" />
    </UnitTest>
    <UnitTest name="Should_Return_Bad_Request(&quot;/Account/Login?ReturnUrl=%28SELECT%209951%20FROM%28SELECT%20COUNT%28%2A%29%2CCONCAT%280x7171716a71%2C%28SELECT%20%28ELT%289951%3D9951%2C1%29%29%29%&quot;)" storage="d:\agents\smith05.01\_work\257\s\tests\chg.identityprovider.integrationtests\bin\release\net9.0\chg.identityprovider.integrationtests.dll" id="40fd4848-1849-d986-7d4f-c1992abac1da">
      <Execution id="42424148-92ba-470b-8d52-01bef0e19f1e" />
      <TestMethod codeBase="D:\Agents\smith05.01\_work\257\s\tests\CHG.IdentityProvider.IntegrationTests\bin\Release\net9.0\CHG.IdentityProvider.IntegrationTests.dll" adapterTypeName="executor://nunit3testexecutor/" className="CHG.IdentityProvider.IntegrationTests.Middleware.MaliciousRequestsDetectionMiddlewareTests" name="Should_Return_Bad_Request(&quot;/Account/Login?ReturnUrl=%28SELECT%209951%20FROM%28SELECT%20COUNT%28%2A%29%2CCONCAT%280x7171716a71%2C%28SELECT%20%28ELT%289951%3D9951%2C1%29%29%29%&quot;)" />
    </UnitTest>
    <UnitTest name="Returns_Ok_When_User_Was_Found(&quot;/api/v1.0/users/&quot;,&quot;LocalTestUser&quot;)" storage="d:\agents\smith05.01\_work\257\s\tests\chg.identityprovider.integrationtests\bin\release\net9.0\chg.identityprovider.integrationtests.dll" id="415e02cc-8f56-b190-34a0-ec55f8a8417a">
      <Execution id="d1ab3a14-5a4b-46cf-b11b-c4e2ca2ea4e5" />
      <TestMethod codeBase="D:\Agents\smith05.01\_work\257\s\tests\CHG.IdentityProvider.IntegrationTests\bin\Release\net9.0\CHG.IdentityProvider.IntegrationTests.dll" adapterTypeName="executor://nunit3testexecutor/" className="CHG.IdentityProvider.IntegrationTests.Api.UserApiTests+GetByIdMethod" name="Returns_Ok_When_User_Was_Found(&quot;/api/v1.0/users/&quot;,&quot;LocalTestUser&quot;)" />
    </UnitTest>
    <UnitTest name="Returns_Page_When_Logged_In_With_Reader_Permissions" storage="d:\agents\smith05.01\_work\257\s\tests\chg.identityprovider.integrationtests\bin\release\net9.0\chg.identityprovider.integrationtests.dll" id="3f34ef50-bb79-4495-1a81-f48ae0d622ae">
      <Execution id="2adba262-0358-4d0a-b321-a1c60670cb78" />
      <TestMethod codeBase="D:\Agents\smith05.01\_work\257\s\tests\CHG.IdentityProvider.IntegrationTests\bin\Release\net9.0\CHG.IdentityProvider.IntegrationTests.dll" adapterTypeName="executor://nunit3testexecutor/" className="CHG.IdentityProvider.IntegrationTests.Controllers.MaintenanceControllerTests+UsersMethod" name="Returns_Page_When_Logged_In_With_Reader_Permissions" />
    </UnitTest>
    <UnitTest name="Should_Return_Bad_Request_For_Posts(&quot;/Account/Login?ReturnUrl=-3694%29%20UNION%20ALL%20SELECT%2063%23&quot;)" storage="d:\agents\smith05.01\_work\257\s\tests\chg.identityprovider.integrationtests\bin\release\net9.0\chg.identityprovider.integrationtests.dll" id="8c27b7d7-c913-f61d-0289-9b1e147267f2">
      <Execution id="234f2990-825b-42cf-8dd2-8ebc7bc5b9e4" />
      <TestMethod codeBase="D:\Agents\smith05.01\_work\257\s\tests\CHG.IdentityProvider.IntegrationTests\bin\Release\net9.0\CHG.IdentityProvider.IntegrationTests.dll" adapterTypeName="executor://nunit3testexecutor/" className="CHG.IdentityProvider.IntegrationTests.Middleware.MaliciousRequestsDetectionMiddlewareTests" name="Should_Return_Bad_Request_For_Posts(&quot;/Account/Login?ReturnUrl=-3694%29%20UNION%20ALL%20SELECT%2063%23&quot;)" />
    </UnitTest>
    <UnitTest name="Returns_CSP_Headers" storage="d:\agents\smith05.01\_work\257\s\tests\chg.identityprovider.integrationtests\bin\release\net9.0\chg.identityprovider.integrationtests.dll" id="bcb08573-2035-7da5-beca-b3704537136d">
      <Execution id="d7080810-8fff-4550-ae7e-226f50c87d94" />
      <TestMethod codeBase="D:\Agents\smith05.01\_work\257\s\tests\CHG.IdentityProvider.IntegrationTests\bin\Release\net9.0\CHG.IdentityProvider.IntegrationTests.dll" adapterTypeName="executor://nunit3testexecutor/" className="CHG.IdentityProvider.IntegrationTests.Controllers.AccountControllerTests+Login" name="Returns_CSP_Headers" />
    </UnitTest>
    <UnitTest name="Should_Return_Bad_Request_For_Posts(&quot;/Account/Login?ReturnUrl=-4282%27%29%20UNION%20ALL%20SELECT%2063%2C63%2C63%2C63%2C%27qqqjq%27%7C%7C%27tWthAVNcFTOjfWQKjjktkkHXPqQDBbRoFeOZtJfC%27%7C%7C%27qkqkq%27%2C63%2C63%2C63--%20mRIh&quot;)" storage="d:\agents\smith05.01\_work\257\s\tests\chg.identityprovider.integrationtests\bin\release\net9.0\chg.identityprovider.integrationtests.dll" id="35eaae9e-31f2-5ecf-a9f0-52de7cc606b2">
      <Execution id="6a2c80a8-341b-4c44-bbbe-e55d5d8f4b14" />
      <TestMethod codeBase="D:\Agents\smith05.01\_work\257\s\tests\CHG.IdentityProvider.IntegrationTests\bin\Release\net9.0\CHG.IdentityProvider.IntegrationTests.dll" adapterTypeName="executor://nunit3testexecutor/" className="CHG.IdentityProvider.IntegrationTests.Middleware.MaliciousRequestsDetectionMiddlewareTests" name="Should_Return_Bad_Request_For_Posts(&quot;/Account/Login?ReturnUrl=-4282%27%29%20UNION%20ALL%20SELECT%2063%2C63%2C63%2C63%2C%27qqqjq%27%7C%7C%27tWthAVNcFTOjfWQKjjktkkHXPqQDBbRoFeOZtJfC%27%7C%7C%27qkqkq%27%2C63%2C63%2C63--%20mRIh&quot;)" />
    </UnitTest>
    <UnitTest name="Should_Return_Bad_Request(&quot;/Account/Login?ReturnUrl=-2859%27%29%20UNION%20ALL%20SELECT%2063%2C63%2C63%2C63%2C%27qqqjq%27%7C%7C%27MpRFKCeSXK%27%7C%7C%27qkqkq%27%2C63%2C63%2C63--%20bQGG&quot;)" storage="d:\agents\smith05.01\_work\257\s\tests\chg.identityprovider.integrationtests\bin\release\net9.0\chg.identityprovider.integrationtests.dll" id="d79c60ff-d826-deed-b612-483e32a40d96">
      <Execution id="ebb5f3cd-0ed5-4c41-b986-393b3c68f025" />
      <TestMethod codeBase="D:\Agents\smith05.01\_work\257\s\tests\CHG.IdentityProvider.IntegrationTests\bin\Release\net9.0\CHG.IdentityProvider.IntegrationTests.dll" adapterTypeName="executor://nunit3testexecutor/" className="CHG.IdentityProvider.IntegrationTests.Middleware.MaliciousRequestsDetectionMiddlewareTests" name="Should_Return_Bad_Request(&quot;/Account/Login?ReturnUrl=-2859%27%29%20UNION%20ALL%20SELECT%2063%2C63%2C63%2C63%2C%27qqqjq%27%7C%7C%27MpRFKCeSXK%27%7C%7C%27qkqkq%27%2C63%2C63%2C63--%20bQGG&quot;)" />
    </UnitTest>
    <UnitTest name="Persists_Only_Primary_Email" storage="d:\agents\smith05.01\_work\257\s\tests\chg.identityprovider.integrationtests\bin\release\net9.0\chg.identityprovider.integrationtests.dll" id="fd45f5d7-4b14-0736-4967-a810833cafd8">
      <Execution id="35134417-054d-4b3e-a216-da423b2dacc7" />
      <TestMethod codeBase="D:\Agents\smith05.01\_work\257\s\tests\CHG.IdentityProvider.IntegrationTests\bin\Release\net9.0\CHG.IdentityProvider.IntegrationTests.dll" adapterTypeName="executor://nunit3testexecutor/" className="CHG.IdentityProvider.IntegrationTests.Middleware.ScimUserSyncMiddlewareTests+CreatingANewUserViaScim" name="Persists_Only_Primary_Email" />
    </UnitTest>
    <UnitTest name="Should_Return_Bad_Request_For_Posts(&quot;/Account/Login?ReturnUrl=-4002%25%27%20UNION%20ALL%20SELECT%20NULL%2CNULL%2CNULL%2C%27qqqjq%27%7C%7C%27frUklYEMDw%27%7C%7C%27qkqkq%27%2CNULL%2CNULL%2CNULL%2CNULL%2CNULL%2CNULL--%20wXIx&quot;)" storage="d:\agents\smith05.01\_work\257\s\tests\chg.identityprovider.integrationtests\bin\release\net9.0\chg.identityprovider.integrationtests.dll" id="71bf252f-3ae2-ae0d-e510-741f23bf3176">
      <Execution id="4b03b01c-806a-4177-9e3c-4af318847ad2" />
      <TestMethod codeBase="D:\Agents\smith05.01\_work\257\s\tests\CHG.IdentityProvider.IntegrationTests\bin\Release\net9.0\CHG.IdentityProvider.IntegrationTests.dll" adapterTypeName="executor://nunit3testexecutor/" className="CHG.IdentityProvider.IntegrationTests.Middleware.MaliciousRequestsDetectionMiddlewareTests" name="Should_Return_Bad_Request_For_Posts(&quot;/Account/Login?ReturnUrl=-4002%25%27%20UNION%20ALL%20SELECT%20NULL%2CNULL%2CNULL%2C%27qqqjq%27%7C%7C%27frUklYEMDw%27%7C%7C%27qkqkq%27%2CNULL%2CNULL%2CNULL%2CNULL%2CNULL%2CNULL--%20wXIx&quot;)" />
    </UnitTest>
    <UnitTest name="Returns_BadRequest_If_Email_Is_Invalid" storage="d:\agents\smith05.01\_work\257\s\tests\chg.identityprovider.integrationtests\bin\release\net9.0\chg.identityprovider.integrationtests.dll" id="9df01e1b-c00a-f338-f3ba-d123a6845a92">
      <Execution id="e6abb2b2-be78-45fd-a2c1-9cb5f4bf003b" />
      <TestMethod codeBase="D:\Agents\smith05.01\_work\257\s\tests\CHG.IdentityProvider.IntegrationTests\bin\Release\net9.0\CHG.IdentityProvider.IntegrationTests.dll" adapterTypeName="executor://nunit3testexecutor/" className="CHG.IdentityProvider.IntegrationTests.Api.UserApiTests+CreateMethod" name="Returns_BadRequest_If_Email_Is_Invalid" />
    </UnitTest>
    <UnitTest name="Returns_Empty_List_For_Non_Federated_User(&quot;LocalTestUser&quot;)" storage="d:\agents\smith05.01\_work\257\s\tests\chg.identityprovider.integrationtests\bin\release\net9.0\chg.identityprovider.integrationtests.dll" id="dc12e2a6-ee3b-57a9-5b3f-25a0125884f7">
      <Execution id="37e73ba2-e738-4779-9c0d-0908fef3f558" />
      <TestMethod codeBase="D:\Agents\smith05.01\_work\257\s\tests\CHG.IdentityProvider.IntegrationTests\bin\Release\net9.0\CHG.IdentityProvider.IntegrationTests.dll" adapterTypeName="executor://nunit3testexecutor/" className="CHG.IdentityProvider.IntegrationTests.Api.UserApiTests+GetLoginsMethod" name="Returns_Empty_List_For_Non_Federated_User(&quot;LocalTestUser&quot;)" />
    </UnitTest>
    <UnitTest name="Should_Return_Bad_Request_For_Posts(&quot;/Account/Login?ReturnUrl=-4430%27%29%20UNION%20ALL%20SELECT%2063%2C63%2C63%2C63%23&quot;)" storage="d:\agents\smith05.01\_work\257\s\tests\chg.identityprovider.integrationtests\bin\release\net9.0\chg.identityprovider.integrationtests.dll" id="e9093979-acc6-0916-1e2b-dc8f86769062">
      <Execution id="43b0aa61-8653-4131-ac97-4f1491fda971" />
      <TestMethod codeBase="D:\Agents\smith05.01\_work\257\s\tests\CHG.IdentityProvider.IntegrationTests\bin\Release\net9.0\CHG.IdentityProvider.IntegrationTests.dll" adapterTypeName="executor://nunit3testexecutor/" className="CHG.IdentityProvider.IntegrationTests.Middleware.MaliciousRequestsDetectionMiddlewareTests" name="Should_Return_Bad_Request_For_Posts(&quot;/Account/Login?ReturnUrl=-4430%27%29%20UNION%20ALL%20SELECT%2063%2C63%2C63%2C63%23&quot;)" />
    </UnitTest>
    <UnitTest name="Returns_Item_When_User_Has_No_Assigned_LoginProvider_But_Email_Matches_LoginProvider_Domain" storage="d:\agents\smith05.01\_work\257\s\tests\chg.identityprovider.integrationtests\bin\release\net9.0\chg.identityprovider.integrationtests.dll" id="eb9dbdee-1743-5726-b3c1-77834b948ca7">
      <Execution id="3a5f1e89-9726-441d-bb17-8ba7bcff6467" />
      <TestMethod codeBase="D:\Agents\smith05.01\_work\257\s\tests\CHG.IdentityProvider.IntegrationTests\bin\Release\net9.0\CHG.IdentityProvider.IntegrationTests.dll" adapterTypeName="executor://nunit3testexecutor/" className="CHG.IdentityProvider.IntegrationTests.Api.UserApiTests+GetLoginsMethod" name="Returns_Item_When_User_Has_No_Assigned_LoginProvider_But_Email_Matches_LoginProvider_Domain" />
    </UnitTest>
    <UnitTest name="Should_Return_Bad_Request_For_Posts(&quot;/Account/Login?ReturnUrl=-7333%27%29%20UNION%20ALL%20SELECT%2063%2C%27qqqjq%27%7C%7C%27egmNOcNrzN%27%7C%7C%27qkqkq%27%2C63%2C63%2C63%2C63%2C63%2C63--%20bRLv&quot;)" storage="d:\agents\smith05.01\_work\257\s\tests\chg.identityprovider.integrationtests\bin\release\net9.0\chg.identityprovider.integrationtests.dll" id="2b0ec349-a8cc-dc60-e79e-43d19248af77">
      <Execution id="070a6013-d0c0-475d-8c5a-156a4304a475" />
      <TestMethod codeBase="D:\Agents\smith05.01\_work\257\s\tests\CHG.IdentityProvider.IntegrationTests\bin\Release\net9.0\CHG.IdentityProvider.IntegrationTests.dll" adapterTypeName="executor://nunit3testexecutor/" className="CHG.IdentityProvider.IntegrationTests.Middleware.MaliciousRequestsDetectionMiddlewareTests" name="Should_Return_Bad_Request_For_Posts(&quot;/Account/Login?ReturnUrl=-7333%27%29%20UNION%20ALL%20SELECT%2063%2C%27qqqjq%27%7C%7C%27egmNOcNrzN%27%7C%7C%27qkqkq%27%2C63%2C63%2C63%2C63%2C63%2C63--%20bRLv&quot;)" />
    </UnitTest>
    <UnitTest name="Returns_False_For_Weak_Password(&quot;password&quot;)" storage="d:\agents\smith05.01\_work\257\s\tests\chg.identityprovider.integrationtests\bin\release\net9.0\chg.identityprovider.integrationtests.dll" id="f68d4791-0915-e353-4209-2a4498755aee">
      <Execution id="71296b6f-fa11-4868-bad4-5d9a477dec49" />
      <TestMethod codeBase="D:\Agents\smith05.01\_work\257\s\tests\CHG.IdentityProvider.IntegrationTests\bin\Release\net9.0\CHG.IdentityProvider.IntegrationTests.dll" adapterTypeName="executor://nunit3testexecutor/" className="CHG.IdentityProvider.IntegrationTests.Api.PasswordStrengthApiTests+PostMethod" name="Returns_False_For_Weak_Password(&quot;password&quot;)" />
    </UnitTest>
    <UnitTest name="Should_Return_Bad_Request_For_Posts(&quot;/Account/Login?ReturnUrl=-6020%27%29%20UNION%20ALL%20SELECT%2063%2C63%2C63%2C63%2C63%23&quot;)" storage="d:\agents\smith05.01\_work\257\s\tests\chg.identityprovider.integrationtests\bin\release\net9.0\chg.identityprovider.integrationtests.dll" id="f3ed5cd4-b6c3-de4a-5155-a0fc6aca811e">
      <Execution id="fb953ab8-bdb1-40c7-ad39-af877e3a7e1f" />
      <TestMethod codeBase="D:\Agents\smith05.01\_work\257\s\tests\CHG.IdentityProvider.IntegrationTests\bin\Release\net9.0\CHG.IdentityProvider.IntegrationTests.dll" adapterTypeName="executor://nunit3testexecutor/" className="CHG.IdentityProvider.IntegrationTests.Middleware.MaliciousRequestsDetectionMiddlewareTests" name="Should_Return_Bad_Request_For_Posts(&quot;/Account/Login?ReturnUrl=-6020%27%29%20UNION%20ALL%20SELECT%2063%2C63%2C63%2C63%2C63%23&quot;)" />
    </UnitTest>
    <UnitTest name="Does_Not_Delete_Non_CHG_User" storage="d:\agents\smith05.01\_work\257\s\tests\chg.identityprovider.integrationtests\bin\release\net9.0\chg.identityprovider.integrationtests.dll" id="77dc6503-66c3-712f-08b6-82492a74514e">
      <Execution id="837efce5-c4d8-464f-8d02-d30451bce3a4" />
      <TestMethod codeBase="D:\Agents\smith05.01\_work\257\s\tests\CHG.IdentityProvider.IntegrationTests\bin\Release\net9.0\CHG.IdentityProvider.IntegrationTests.dll" adapterTypeName="executor://nunit3testexecutor/" className="CHG.IdentityProvider.IntegrationTests.Middleware.ScimUserSyncMiddlewareTests+DeletingAUserViaScim" name="Does_Not_Delete_Non_CHG_User" />
    </UnitTest>
    <UnitTest name="Should_Return_Bad_Request_For_Posts(&quot;/Account/Login?ReturnUrl=-2662%25%27%20UNION%20ALL%20SELECT%2063%2C63%2C63%2C63%2C63%23&quot;)" storage="d:\agents\smith05.01\_work\257\s\tests\chg.identityprovider.integrationtests\bin\release\net9.0\chg.identityprovider.integrationtests.dll" id="21f8e87c-7a0d-6c18-28f2-6d1debb066c7">
      <Execution id="00f83888-07af-4113-b648-38d7243bde02" />
      <TestMethod codeBase="D:\Agents\smith05.01\_work\257\s\tests\CHG.IdentityProvider.IntegrationTests\bin\Release\net9.0\CHG.IdentityProvider.IntegrationTests.dll" adapterTypeName="executor://nunit3testexecutor/" className="CHG.IdentityProvider.IntegrationTests.Middleware.MaliciousRequestsDetectionMiddlewareTests" name="Should_Return_Bad_Request_For_Posts(&quot;/Account/Login?ReturnUrl=-2662%25%27%20UNION%20ALL%20SELECT%2063%2C63%2C63%2C63%2C63%23&quot;)" />
    </UnitTest>
    <UnitTest name="Should_Return_Bad_Request_For_Posts(&quot;/Account/Login?ReturnUrl=-9899%27%29%20UNION%20ALL%20SELECT%2063%2C63%2C63%2C63%2C63%2C63%23&quot;)" storage="d:\agents\smith05.01\_work\257\s\tests\chg.identityprovider.integrationtests\bin\release\net9.0\chg.identityprovider.integrationtests.dll" id="a47a0479-f1a5-c6ab-0f2a-cd5777413f67">
      <Execution id="ae451a62-b09a-4d49-a729-0d51d152c39e" />
      <TestMethod codeBase="D:\Agents\smith05.01\_work\257\s\tests\CHG.IdentityProvider.IntegrationTests\bin\Release\net9.0\CHG.IdentityProvider.IntegrationTests.dll" adapterTypeName="executor://nunit3testexecutor/" className="CHG.IdentityProvider.IntegrationTests.Middleware.MaliciousRequestsDetectionMiddlewareTests" name="Should_Return_Bad_Request_For_Posts(&quot;/Account/Login?ReturnUrl=-9899%27%29%20UNION%20ALL%20SELECT%2063%2C63%2C63%2C63%2C63%2C63%23&quot;)" />
    </UnitTest>
    <UnitTest name="Should_Return_Bad_Request(&quot;/Account/Login?ReturnUrl=-4263%20UNION%20ALL%20SELECT%2063%2C63%23&quot;)" storage="d:\agents\smith05.01\_work\257\s\tests\chg.identityprovider.integrationtests\bin\release\net9.0\chg.identityprovider.integrationtests.dll" id="f52585e8-a0b6-4014-1a43-12041aaac270">
      <Execution id="bc0adaff-5ea5-424b-9585-976805c565be" />
      <TestMethod codeBase="D:\Agents\smith05.01\_work\257\s\tests\CHG.IdentityProvider.IntegrationTests\bin\Release\net9.0\CHG.IdentityProvider.IntegrationTests.dll" adapterTypeName="executor://nunit3testexecutor/" className="CHG.IdentityProvider.IntegrationTests.Middleware.MaliciousRequestsDetectionMiddlewareTests" name="Should_Return_Bad_Request(&quot;/Account/Login?ReturnUrl=-4263%20UNION%20ALL%20SELECT%2063%2C63%23&quot;)" />
    </UnitTest>
    <UnitTest name="Should_Return_Bad_Request(&quot;/Account/Login?ReturnUrl=-7368%27%20UNION%20ALL%20SELECT%2063%2C63%23&quot;)" storage="d:\agents\smith05.01\_work\257\s\tests\chg.identityprovider.integrationtests\bin\release\net9.0\chg.identityprovider.integrationtests.dll" id="71d42e87-053d-3ee2-4208-31e7d798b59b">
      <Execution id="e0760d55-5c83-4da1-83ec-631161260574" />
      <TestMethod codeBase="D:\Agents\smith05.01\_work\257\s\tests\CHG.IdentityProvider.IntegrationTests\bin\Release\net9.0\CHG.IdentityProvider.IntegrationTests.dll" adapterTypeName="executor://nunit3testexecutor/" className="CHG.IdentityProvider.IntegrationTests.Middleware.MaliciousRequestsDetectionMiddlewareTests" name="Should_Return_Bad_Request(&quot;/Account/Login?ReturnUrl=-7368%27%20UNION%20ALL%20SELECT%2063%2C63%23&quot;)" />
    </UnitTest>
    <UnitTest name="Can_Not_Login_With_Wrong_Password" storage="d:\agents\smith05.01\_work\257\s\tests\chg.identityprovider.integrationtests\bin\release\net9.0\chg.identityprovider.integrationtests.dll" id="8836bb6e-9db8-6d85-f6c2-ff5e6575dbf7">
      <Execution id="ac6f91f5-2ee3-49ad-a868-683d4ac4262e" />
      <TestMethod codeBase="D:\Agents\smith05.01\_work\257\s\tests\CHG.IdentityProvider.IntegrationTests\bin\Release\net9.0\CHG.IdentityProvider.IntegrationTests.dll" adapterTypeName="executor://nunit3testexecutor/" className="CHG.IdentityProvider.IntegrationTests.Controllers.AccountControllerTests+Login" name="Can_Not_Login_With_Wrong_Password" />
    </UnitTest>
    <UnitTest name="Returns_BadRequest_If_Email_Is_Invalid" storage="d:\agents\smith05.01\_work\257\s\tests\chg.identityprovider.integrationtests\bin\release\net9.0\chg.identityprovider.integrationtests.dll" id="d21c70f2-4c99-b98e-4b30-7555a3494b2c">
      <Execution id="c9e3e497-8f66-4443-9b0c-73860019043b" />
      <TestMethod codeBase="D:\Agents\smith05.01\_work\257\s\tests\CHG.IdentityProvider.IntegrationTests\bin\Release\net9.0\CHG.IdentityProvider.IntegrationTests.dll" adapterTypeName="executor://nunit3testexecutor/" className="CHG.IdentityProvider.IntegrationTests.Api.UserApiTests+UpdateMethod" name="Returns_BadRequest_If_Email_Is_Invalid" />
    </UnitTest>
    <UnitTest name="Creates_No_User_If_Already_Exists_Via_AzureAD" storage="d:\agents\smith05.01\_work\257\s\tests\chg.identityprovider.integrationtests\bin\release\net9.0\chg.identityprovider.integrationtests.dll" id="0a121ef9-b240-98a2-c871-a1ac3c122dd9">
      <Execution id="1b279c84-0a57-4ac1-92bc-c6e8e18491cf" />
      <TestMethod codeBase="D:\Agents\smith05.01\_work\257\s\tests\CHG.IdentityProvider.IntegrationTests\bin\Release\net9.0\CHG.IdentityProvider.IntegrationTests.dll" adapterTypeName="executor://nunit3testexecutor/" className="CHG.IdentityProvider.IntegrationTests.Controllers.ExternalControllerTests+CallbackMethod" name="Creates_No_User_If_Already_Exists_Via_AzureAD" />
    </UnitTest>
    <UnitTest name="SAFARI_IOS_12" storage="d:\agents\smith05.01\_work\257\s\tests\chg.identityprovider.integrationtests\bin\release\net9.0\chg.identityprovider.integrationtests.dll" id="28b76b0e-a91b-b613-581f-64e7ac01e365">
      <Execution id="98d7690d-2242-4d98-b65d-e9d0b2ffb1c5" />
      <TestMethod codeBase="D:\Agents\smith05.01\_work\257\s\tests\CHG.IdentityProvider.IntegrationTests\bin\Release\net9.0\CHG.IdentityProvider.IntegrationTests.dll" adapterTypeName="executor://nunit3testexecutor/" className="CHG.IdentityProvider.IntegrationTests.CookiesTests+SameSitePolicyTests" name="SAFARI_IOS_12" />
    </UnitTest>
    <UnitTest name="Should_Return_Bad_Request_For_Posts(&quot;/Account/Login?ReturnUrl=-7368%27%20UNION%20ALL%20SELECT%2063%2C63%23&quot;)" storage="d:\agents\smith05.01\_work\257\s\tests\chg.identityprovider.integrationtests\bin\release\net9.0\chg.identityprovider.integrationtests.dll" id="ed932f34-7cc2-44a0-3701-0c953933385d">
      <Execution id="ddefb294-d23e-49a8-a992-232b5fdf942d" />
      <TestMethod codeBase="D:\Agents\smith05.01\_work\257\s\tests\CHG.IdentityProvider.IntegrationTests\bin\Release\net9.0\CHG.IdentityProvider.IntegrationTests.dll" adapterTypeName="executor://nunit3testexecutor/" className="CHG.IdentityProvider.IntegrationTests.Middleware.MaliciousRequestsDetectionMiddlewareTests" name="Should_Return_Bad_Request_For_Posts(&quot;/Account/Login?ReturnUrl=-7368%27%20UNION%20ALL%20SELECT%2063%2C63%23&quot;)" />
    </UnitTest>
    <UnitTest name="Should_Return_Bad_Request_For_Posts(&quot;/Account/Login?ReturnUrl=-6060%27%20UNION%20ALL%20SELECT%2063%2C63%2C63%2C63%2C63%2C63%2C63%2C63%2C63%2C63%23&quot;)" storage="d:\agents\smith05.01\_work\257\s\tests\chg.identityprovider.integrationtests\bin\release\net9.0\chg.identityprovider.integrationtests.dll" id="c7568a28-9d84-a356-78a0-3ff25411ff6a">
      <Execution id="68ce4e93-ec02-4ed0-8c1c-938b2e26672b" />
      <TestMethod codeBase="D:\Agents\smith05.01\_work\257\s\tests\CHG.IdentityProvider.IntegrationTests\bin\Release\net9.0\CHG.IdentityProvider.IntegrationTests.dll" adapterTypeName="executor://nunit3testexecutor/" className="CHG.IdentityProvider.IntegrationTests.Middleware.MaliciousRequestsDetectionMiddlewareTests" name="Should_Return_Bad_Request_For_Posts(&quot;/Account/Login?ReturnUrl=-6060%27%20UNION%20ALL%20SELECT%2063%2C63%2C63%2C63%2C63%2C63%2C63%2C63%2C63%2C63%23&quot;)" />
    </UnitTest>
    <UnitTest name="Returns_False_For_Weak_Password(&quot;newpassword&quot;)" storage="d:\agents\smith05.01\_work\257\s\tests\chg.identityprovider.integrationtests\bin\release\net9.0\chg.identityprovider.integrationtests.dll" id="d443cdf9-ad6a-9327-5d7a-c37c94acc6b7">
      <Execution id="417c5c65-227c-4da7-a32f-f181e4acd8d9" />
      <TestMethod codeBase="D:\Agents\smith05.01\_work\257\s\tests\CHG.IdentityProvider.IntegrationTests\bin\Release\net9.0\CHG.IdentityProvider.IntegrationTests.dll" adapterTypeName="executor://nunit3testexecutor/" className="CHG.IdentityProvider.IntegrationTests.Api.PasswordStrengthApiTests+PostMethod" name="Returns_False_For_Weak_Password(&quot;newpassword&quot;)" />
    </UnitTest>
    <UnitTest name="Returns_Bad_Request_For_Malformed_Email(&quot;test@&quot;)" storage="d:\agents\smith05.01\_work\257\s\tests\chg.identityprovider.integrationtests\bin\release\net9.0\chg.identityprovider.integrationtests.dll" id="0908a74a-d504-2e72-babd-db63c892f583">
      <Execution id="beb28e49-0ead-430e-820a-8147fd308ebf" />
      <TestMethod codeBase="D:\Agents\smith05.01\_work\257\s\tests\CHG.IdentityProvider.IntegrationTests\bin\Release\net9.0\CHG.IdentityProvider.IntegrationTests.dll" adapterTypeName="executor://nunit3testexecutor/" className="CHG.IdentityProvider.IntegrationTests.Api.LoginProvidersApiControllerTests+InformAboutExpiringLoginProviderSecretsAction" name="Returns_Bad_Request_For_Malformed_Email(&quot;test@&quot;)" />
    </UnitTest>
    <UnitTest name="Should_Return_Bad_Request_For_Posts(&quot;/Account/Login?ReturnUrl=-3800%29%20UNION%20ALL%20SELECT%2063%2C63%2C63%2C63%2C63%2C63%2C63%2C63%23&quot;)" storage="d:\agents\smith05.01\_work\257\s\tests\chg.identityprovider.integrationtests\bin\release\net9.0\chg.identityprovider.integrationtests.dll" id="13d96743-d877-4fb5-6a98-7443840a93d9">
      <Execution id="f63aec69-a35b-4a73-85cc-cb7feea5bbbf" />
      <TestMethod codeBase="D:\Agents\smith05.01\_work\257\s\tests\CHG.IdentityProvider.IntegrationTests\bin\Release\net9.0\CHG.IdentityProvider.IntegrationTests.dll" adapterTypeName="executor://nunit3testexecutor/" className="CHG.IdentityProvider.IntegrationTests.Middleware.MaliciousRequestsDetectionMiddlewareTests" name="Should_Return_Bad_Request_For_Posts(&quot;/Account/Login?ReturnUrl=-3800%29%20UNION%20ALL%20SELECT%2063%2C63%2C63%2C63%2C63%2C63%2C63%2C63%23&quot;)" />
    </UnitTest>
    <UnitTest name="Should_Return_Bad_Request_For_Posts(&quot;/Account/Login?ReturnUrl=-6880%25%27%20UNION%20ALL%20SELECT%20NULL%2CNULL%2CNULL%2CNULL%2CNULL%2CNULL%2C%27qqqjq%27%7C%7C%27fMuFZvsddRGvIcsTosuezWFwTLYdIwjGWSnLNClZ%27%7C%7C%27qkqkq%27%2CNULL%2CNULL%2CNULL--%20fBcw&quot;)" storage="d:\agents\smith05.01\_work\257\s\tests\chg.identityprovider.integrationtests\bin\release\net9.0\chg.identityprovider.integrationtests.dll" id="b9c30e59-4e90-8fa1-9a4d-5ca917bdd58b">
      <Execution id="c9a7d164-4e86-4808-93ac-eb63570008d8" />
      <TestMethod codeBase="D:\Agents\smith05.01\_work\257\s\tests\CHG.IdentityProvider.IntegrationTests\bin\Release\net9.0\CHG.IdentityProvider.IntegrationTests.dll" adapterTypeName="executor://nunit3testexecutor/" className="CHG.IdentityProvider.IntegrationTests.Middleware.MaliciousRequestsDetectionMiddlewareTests" name="Should_Return_Bad_Request_For_Posts(&quot;/Account/Login?ReturnUrl=-6880%25%27%20UNION%20ALL%20SELECT%20NULL%2CNULL%2CNULL%2CNULL%2CNULL%2CNULL%2C%27qqqjq%27%7C%7C%27fMuFZvsddRGvIcsTosuezWFwTLYdIwjGWSnLNClZ%27%7C%7C%27qkqkq%27%2CNULL%2CNULL%2CNULL--%20fBcw&quot;)" />
    </UnitTest>
    <UnitTest name="Should_Return_Bad_Request(&quot;/Account/Login?ReturnUrl=-7681%20UNION%20ALL%20SELECT%2063%23&quot;)" storage="d:\agents\smith05.01\_work\257\s\tests\chg.identityprovider.integrationtests\bin\release\net9.0\chg.identityprovider.integrationtests.dll" id="22d56b6b-2e67-b651-a590-9048dfd0655e">
      <Execution id="726ac30a-88c6-4fb6-8122-addf52006a3b" />
      <TestMethod codeBase="D:\Agents\smith05.01\_work\257\s\tests\CHG.IdentityProvider.IntegrationTests\bin\Release\net9.0\CHG.IdentityProvider.IntegrationTests.dll" adapterTypeName="executor://nunit3testexecutor/" className="CHG.IdentityProvider.IntegrationTests.Middleware.MaliciousRequestsDetectionMiddlewareTests" name="Should_Return_Bad_Request(&quot;/Account/Login?ReturnUrl=-7681%20UNION%20ALL%20SELECT%2063%23&quot;)" />
    </UnitTest>
    <UnitTest name="Should_Return_Bad_Request(&quot;/Account/Login?ReturnUrl=-8373%27%29%20UNION%20ALL%20SELECT%20NULL%2C%27qqqjq%27%7C%7C%27pWBBOrbAbA%27%7C%7C%27qkqkq%27%2CNULL%2CNULL%2CNULL%2CNULL%2CNULL%2CNULL--%20SlPH&quot;)" storage="d:\agents\smith05.01\_work\257\s\tests\chg.identityprovider.integrationtests\bin\release\net9.0\chg.identityprovider.integrationtests.dll" id="10d5437c-7580-b5e5-ef15-7099161ebbb9">
      <Execution id="eb7b9ec6-3d4f-4689-8ae9-2e1c6f8aa9f7" />
      <TestMethod codeBase="D:\Agents\smith05.01\_work\257\s\tests\CHG.IdentityProvider.IntegrationTests\bin\Release\net9.0\CHG.IdentityProvider.IntegrationTests.dll" adapterTypeName="executor://nunit3testexecutor/" className="CHG.IdentityProvider.IntegrationTests.Middleware.MaliciousRequestsDetectionMiddlewareTests" name="Should_Return_Bad_Request(&quot;/Account/Login?ReturnUrl=-8373%27%29%20UNION%20ALL%20SELECT%20NULL%2C%27qqqjq%27%7C%7C%27pWBBOrbAbA%27%7C%7C%27qkqkq%27%2CNULL%2CNULL%2CNULL%2CNULL%2CNULL%2CNULL--%20SlPH&quot;)" />
    </UnitTest>
    <UnitTest name="Deletes_An_Existing_User" storage="d:\agents\smith05.01\_work\257\s\tests\chg.identityprovider.integrationtests\bin\release\net9.0\chg.identityprovider.integrationtests.dll" id="d44b8bc3-81b2-9401-4d4d-47ec24e62a4d">
      <Execution id="9be9e3ea-f050-412f-b59b-d2d3d7119899" />
      <TestMethod codeBase="D:\Agents\smith05.01\_work\257\s\tests\CHG.IdentityProvider.IntegrationTests\bin\Release\net9.0\CHG.IdentityProvider.IntegrationTests.dll" adapterTypeName="executor://nunit3testexecutor/" className="CHG.IdentityProvider.IntegrationTests.Middleware.ScimUserSyncMiddlewareTests+DeletingAUserViaScim" name="Deletes_An_Existing_User" />
    </UnitTest>
    <UnitTest name="Contains_Customer_Claims" storage="d:\agents\smith05.01\_work\257\s\tests\chg.identityprovider.integrationtests\bin\release\net9.0\chg.identityprovider.integrationtests.dll" id="f0bbb240-4e41-6069-2795-02cd803ac9ae">
      <Execution id="061eaf71-e39f-4f28-b720-61ebc0986633" />
      <TestMethod codeBase="D:\Agents\smith05.01\_work\257\s\tests\CHG.IdentityProvider.IntegrationTests\bin\Release\net9.0\CHG.IdentityProvider.IntegrationTests.dll" adapterTypeName="executor://nunit3testexecutor/" className="CHG.IdentityProvider.IntegrationTests.Login.SamlTests+Login" name="Contains_Customer_Claims" />
    </UnitTest>
    <UnitTest name="Should_Return_Bad_Request(&quot;/Account/Login?ReturnUrl=-7319%27%20UNION%20ALL%20SELECT%2063%2C63%2C63%2C63%2C63%2C63%2C63%23&quot;)" storage="d:\agents\smith05.01\_work\257\s\tests\chg.identityprovider.integrationtests\bin\release\net9.0\chg.identityprovider.integrationtests.dll" id="d828facc-df87-039c-0093-77e4b904b325">
      <Execution id="1a75420d-8363-47cd-a5aa-7aec3a93fa71" />
      <TestMethod codeBase="D:\Agents\smith05.01\_work\257\s\tests\CHG.IdentityProvider.IntegrationTests\bin\Release\net9.0\CHG.IdentityProvider.IntegrationTests.dll" adapterTypeName="executor://nunit3testexecutor/" className="CHG.IdentityProvider.IntegrationTests.Middleware.MaliciousRequestsDetectionMiddlewareTests" name="Should_Return_Bad_Request(&quot;/Account/Login?ReturnUrl=-7319%27%20UNION%20ALL%20SELECT%2063%2C63%2C63%2C63%2C63%2C63%2C63%23&quot;)" />
    </UnitTest>
    <UnitTest name="SAFARI_MAC_MOJAVE" storage="d:\agents\smith05.01\_work\257\s\tests\chg.identityprovider.integrationtests\bin\release\net9.0\chg.identityprovider.integrationtests.dll" id="48795230-f0cf-a9dc-16d9-1177305aa296">
      <Execution id="28b91fa3-1867-4e24-8ece-1331ea7d178c" />
      <TestMethod codeBase="D:\Agents\smith05.01\_work\257\s\tests\CHG.IdentityProvider.IntegrationTests\bin\Release\net9.0\CHG.IdentityProvider.IntegrationTests.dll" adapterTypeName="executor://nunit3testexecutor/" className="CHG.IdentityProvider.IntegrationTests.CookiesTests+SameSitePolicyTests" name="SAFARI_MAC_MOJAVE" />
    </UnitTest>
    <UnitTest name="Applies_The_Scim_Filter_Expression" storage="d:\agents\smith05.01\_work\257\s\tests\chg.identityprovider.integrationtests\bin\release\net9.0\chg.identityprovider.integrationtests.dll" id="18125ed0-d986-9637-bbdb-af2866252b3c">
      <Execution id="1e1143a3-9af3-4dc3-8b5a-91ab8c407581" />
      <TestMethod codeBase="D:\Agents\smith05.01\_work\257\s\tests\CHG.IdentityProvider.IntegrationTests\bin\Release\net9.0\CHG.IdentityProvider.IntegrationTests.dll" adapterTypeName="executor://nunit3testexecutor/" className="CHG.IdentityProvider.IntegrationTests.Middleware.ScimUserSyncMiddlewareTests+QueryingAUserViaScim" name="Applies_The_Scim_Filter_Expression" />
    </UnitTest>
    <UnitTest name="Should_Return_Bad_Request(&quot;/Account/Login?ReturnUrl=-1969%25%27%20UNION%20ALL%20SELECT%20NULL%2C%27qqqjq%27%7C%7C%27rHPLLbFQNC%27%7C%7C%27qkqkq%27%2CNULL%2CNULL%2CNULL%2CNULL%2CNULL%2CNULL%2CNULL%2CNULL--%20IyWo&quot;)" storage="d:\agents\smith05.01\_work\257\s\tests\chg.identityprovider.integrationtests\bin\release\net9.0\chg.identityprovider.integrationtests.dll" id="4a41963f-48b5-1af5-918b-2a9b72dbe27d">
      <Execution id="46e11d4b-711e-4481-9f94-7e7f83d1ca57" />
      <TestMethod codeBase="D:\Agents\smith05.01\_work\257\s\tests\CHG.IdentityProvider.IntegrationTests\bin\Release\net9.0\CHG.IdentityProvider.IntegrationTests.dll" adapterTypeName="executor://nunit3testexecutor/" className="CHG.IdentityProvider.IntegrationTests.Middleware.MaliciousRequestsDetectionMiddlewareTests" name="Should_Return_Bad_Request(&quot;/Account/Login?ReturnUrl=-1969%25%27%20UNION%20ALL%20SELECT%20NULL%2C%27qqqjq%27%7C%7C%27rHPLLbFQNC%27%7C%7C%27qkqkq%27%2CNULL%2CNULL%2CNULL%2CNULL%2CNULL%2CNULL%2CNULL%2CNULL--%20IyWo&quot;)" />
    </UnitTest>
    <UnitTest name="External_User_Can_Login_Successfully_With_CustomerClaims" storage="d:\agents\smith05.01\_work\257\s\tests\chg.identityprovider.integrationtests\bin\release\net9.0\chg.identityprovider.integrationtests.dll" id="183bc7e4-92b9-5996-c575-edf79a4bfee5">
      <Execution id="d51eb047-e163-42be-8257-53622f2f54ba" />
      <TestMethod codeBase="D:\Agents\smith05.01\_work\257\s\tests\CHG.IdentityProvider.IntegrationTests\bin\Release\net9.0\CHG.IdentityProvider.IntegrationTests.dll" adapterTypeName="executor://nunit3testexecutor/" className="CHG.IdentityProvider.IntegrationTests.Login.ExternalLoginTests+Login" name="External_User_Can_Login_Successfully_With_CustomerClaims" />
    </UnitTest>
    <UnitTest name="Should_Return_Bad_Request(&quot;/Account/Login?ReturnUrl=-8675%27%29%20UNION%20ALL%20SELECT%2063%2C63%2C63%2C63%2C63%2C63%2C%27qqqjq%27%7C%7C%27QzvegzrvlN%27%7C%7C%27qkqkq%27%2C63--%20blbd&quot;)" storage="d:\agents\smith05.01\_work\257\s\tests\chg.identityprovider.integrationtests\bin\release\net9.0\chg.identityprovider.integrationtests.dll" id="1b5146a9-c536-7e66-c1af-bc569efa777f">
      <Execution id="ed20814e-3ef9-4a63-90b4-c8fcedaec3a4" />
      <TestMethod codeBase="D:\Agents\smith05.01\_work\257\s\tests\CHG.IdentityProvider.IntegrationTests\bin\Release\net9.0\CHG.IdentityProvider.IntegrationTests.dll" adapterTypeName="executor://nunit3testexecutor/" className="CHG.IdentityProvider.IntegrationTests.Middleware.MaliciousRequestsDetectionMiddlewareTests" name="Should_Return_Bad_Request(&quot;/Account/Login?ReturnUrl=-8675%27%29%20UNION%20ALL%20SELECT%2063%2C63%2C63%2C63%2C63%2C63%2C%27qqqjq%27%7C%7C%27QzvegzrvlN%27%7C%7C%27qkqkq%27%2C63--%20blbd&quot;)" />
    </UnitTest>
    <UnitTest name="Returns_Updated_Resource" storage="d:\agents\smith05.01\_work\257\s\tests\chg.identityprovider.integrationtests\bin\release\net9.0\chg.identityprovider.integrationtests.dll" id="ac862b27-af7f-d1ff-c19a-c6d1d0ab032c">
      <Execution id="8c9ae680-3378-4481-aecf-021620fc3f9f" />
      <TestMethod codeBase="D:\Agents\smith05.01\_work\257\s\tests\CHG.IdentityProvider.IntegrationTests\bin\Release\net9.0\CHG.IdentityProvider.IntegrationTests.dll" adapterTypeName="executor://nunit3testexecutor/" className="CHG.IdentityProvider.IntegrationTests.Middleware.ScimUserSyncMiddlewareTests+UpdatingAUserViaScim" name="Returns_Updated_Resource" />
    </UnitTest>
    <UnitTest name="Should_Return_Bad_Request_For_Posts(&quot;/Account/Login?ReturnUrl=-1561%27%29%20UNION%20ALL%20SELECT%20NULL%2CNULL%2CNULL%2C%27qqqjq%27%7C%7C%27gixApvCcroetDHpwNBKKzPquepYgdiIFBGIGecgN%27%7C%7C%27qkqkq%27%2CNULL%2CNULL%2CNULL%2CNULL--%20wUOZ&quot;)" storage="d:\agents\smith05.01\_work\257\s\tests\chg.identityprovider.integrationtests\bin\release\net9.0\chg.identityprovider.integrationtests.dll" id="166aeced-6bf8-8795-e3aa-c9379e93dabb">
      <Execution id="17c2fd91-db18-422b-b5db-70b80b8dfee7" />
      <TestMethod codeBase="D:\Agents\smith05.01\_work\257\s\tests\CHG.IdentityProvider.IntegrationTests\bin\Release\net9.0\CHG.IdentityProvider.IntegrationTests.dll" adapterTypeName="executor://nunit3testexecutor/" className="CHG.IdentityProvider.IntegrationTests.Middleware.MaliciousRequestsDetectionMiddlewareTests" name="Should_Return_Bad_Request_For_Posts(&quot;/Account/Login?ReturnUrl=-1561%27%29%20UNION%20ALL%20SELECT%20NULL%2CNULL%2CNULL%2C%27qqqjq%27%7C%7C%27gixApvCcroetDHpwNBKKzPquepYgdiIFBGIGecgN%27%7C%7C%27qkqkq%27%2CNULL%2CNULL%2CNULL%2CNULL--%20wUOZ&quot;)" />
    </UnitTest>
    <UnitTest name="IE_11_WIN" storage="d:\agents\smith05.01\_work\257\s\tests\chg.identityprovider.integrationtests\bin\release\net9.0\chg.identityprovider.integrationtests.dll" id="d3661bb8-3cfa-2283-e55e-a756bf528a36">
      <Execution id="1eda4079-c6aa-49ca-85aa-1915fca3b75a" />
      <TestMethod codeBase="D:\Agents\smith05.01\_work\257\s\tests\CHG.IdentityProvider.IntegrationTests\bin\Release\net9.0\CHG.IdentityProvider.IntegrationTests.dll" adapterTypeName="executor://nunit3testexecutor/" className="CHG.IdentityProvider.IntegrationTests.CookiesTests+SameSitePolicyTests" name="IE_11_WIN" />
    </UnitTest>
    <UnitTest name="Should_Return_Bad_Request(&quot;/Account/Login?ReturnUrl=-8871%25%27%20ORDER%20BY%201%23&quot;)" storage="d:\agents\smith05.01\_work\257\s\tests\chg.identityprovider.integrationtests\bin\release\net9.0\chg.identityprovider.integrationtests.dll" id="7a6429b5-bc6b-18ab-0cf2-05c5b08e51d2">
      <Execution id="d3731884-4ecb-483a-8705-f3b56d64363c" />
      <TestMethod codeBase="D:\Agents\smith05.01\_work\257\s\tests\CHG.IdentityProvider.IntegrationTests\bin\Release\net9.0\CHG.IdentityProvider.IntegrationTests.dll" adapterTypeName="executor://nunit3testexecutor/" className="CHG.IdentityProvider.IntegrationTests.Middleware.MaliciousRequestsDetectionMiddlewareTests" name="Should_Return_Bad_Request(&quot;/Account/Login?ReturnUrl=-8871%25%27%20ORDER%20BY%201%23&quot;)" />
    </UnitTest>
    <UnitTest name="Does_Not_Update_Non_CHG_User" storage="d:\agents\smith05.01\_work\257\s\tests\chg.identityprovider.integrationtests\bin\release\net9.0\chg.identityprovider.integrationtests.dll" id="3b9f6991-fc39-3fbd-2c98-79a0beed8b59">
      <Execution id="695db021-b246-4ae6-bec6-9b52b6c67266" />
      <TestMethod codeBase="D:\Agents\smith05.01\_work\257\s\tests\CHG.IdentityProvider.IntegrationTests\bin\Release\net9.0\CHG.IdentityProvider.IntegrationTests.dll" adapterTypeName="executor://nunit3testexecutor/" className="CHG.IdentityProvider.IntegrationTests.Middleware.ScimUserSyncMiddlewareTests+UpdatingAUserViaScim" name="Does_Not_Update_Non_CHG_User" />
    </UnitTest>
    <UnitTest name="Should_Return_Bad_Request(&quot;/Account/Login?ReturnUrl=-6020%27%29%20UNION%20ALL%20SELECT%2063%2C63%2C63%2C63%2C63%23&quot;)" storage="d:\agents\smith05.01\_work\257\s\tests\chg.identityprovider.integrationtests\bin\release\net9.0\chg.identityprovider.integrationtests.dll" id="57a68603-21d4-3541-a953-2b4363f4861b">
      <Execution id="696cc79f-0c3c-4938-98ac-22c56650a042" />
      <TestMethod codeBase="D:\Agents\smith05.01\_work\257\s\tests\CHG.IdentityProvider.IntegrationTests\bin\Release\net9.0\CHG.IdentityProvider.IntegrationTests.dll" adapterTypeName="executor://nunit3testexecutor/" className="CHG.IdentityProvider.IntegrationTests.Middleware.MaliciousRequestsDetectionMiddlewareTests" name="Should_Return_Bad_Request(&quot;/Account/Login?ReturnUrl=-6020%27%29%20UNION%20ALL%20SELECT%2063%2C63%2C63%2C63%2C63%23&quot;)" />
    </UnitTest>
    <UnitTest name="Returns_An_IsError_TokenResult_For_Invalid_Client_Secret" storage="d:\agents\smith05.01\_work\257\s\tests\chg.identityprovider.integrationtests\bin\release\net9.0\chg.identityprovider.integrationtests.dll" id="4fa6929e-1f20-12f7-92d3-ae61d5ba1aab">
      <Execution id="da89d47e-1ef5-482b-8624-8fb2a21d09fe" />
      <TestMethod codeBase="D:\Agents\smith05.01\_work\257\s\tests\CHG.IdentityProvider.IntegrationTests\bin\Release\net9.0\CHG.IdentityProvider.IntegrationTests.dll" adapterTypeName="executor://nunit3testexecutor/" className="CHG.IdentityProvider.IntegrationTests.Login.ClientCredentialsFlowTests+Login" name="Returns_An_IsError_TokenResult_For_Invalid_Client_Secret" />
    </UnitTest>
    <UnitTest name="TestProcess" storage="d:\agents\smith05.01\_work\257\s\tests\chg.identityprovider.integrationtests\bin\release\net9.0\chg.identityprovider.integrationtests.dll" id="af12e411-a69d-71b5-5cfa-7ba5473fa343">
      <Execution id="17146274-84bd-471d-95ad-090080c13812" />
      <TestMethod codeBase="D:\Agents\smith05.01\_work\257\s\tests\CHG.IdentityProvider.IntegrationTests\bin\Release\net9.0\CHG.IdentityProvider.IntegrationTests.dll" adapterTypeName="executor://nunit3testexecutor/" className="CHG.IdentityProvider.IntegrationTests.Processes.UserCreationProcessTest" name="TestProcess" />
    </UnitTest>
    <UnitTest name="Should_Return_Bad_Request(&quot;/Account/Login?ReturnUrl=-5466%20UNION%20ALL%20SELECT%2063%2C63%2C63%2C63%23&quot;)" storage="d:\agents\smith05.01\_work\257\s\tests\chg.identityprovider.integrationtests\bin\release\net9.0\chg.identityprovider.integrationtests.dll" id="a783ed32-8674-fbdb-e1db-6b1465d7ab58">
      <Execution id="f671276d-d79e-4cb4-b08b-59cdccd07838" />
      <TestMethod codeBase="D:\Agents\smith05.01\_work\257\s\tests\CHG.IdentityProvider.IntegrationTests\bin\Release\net9.0\CHG.IdentityProvider.IntegrationTests.dll" adapterTypeName="executor://nunit3testexecutor/" className="CHG.IdentityProvider.IntegrationTests.Middleware.MaliciousRequestsDetectionMiddlewareTests" name="Should_Return_Bad_Request(&quot;/Account/Login?ReturnUrl=-5466%20UNION%20ALL%20SELECT%2063%2C63%2C63%2C63%23&quot;)" />
    </UnitTest>
    <UnitTest name="Denies_Cors_For_Non_Configured_Domains(&quot;https://integrationtest.com&quot;,&quot;/somethingOther&quot;)" storage="d:\agents\smith05.01\_work\257\s\tests\chg.identityprovider.integrationtests\bin\release\net9.0\chg.identityprovider.integrationtests.dll" id="45769738-296e-a1d6-53bc-812ea6f358fe">
      <Execution id="2a32540f-1ed3-49ce-8762-c1a51f3e3cd3" />
      <TestMethod codeBase="D:\Agents\smith05.01\_work\257\s\tests\CHG.IdentityProvider.IntegrationTests\bin\Release\net9.0\CHG.IdentityProvider.IntegrationTests.dll" adapterTypeName="executor://nunit3testexecutor/" className="CHG.IdentityProvider.IntegrationTests.Middleware.CorsTests" name="Denies_Cors_For_Non_Configured_Domains(&quot;https://integrationtest.com&quot;,&quot;/somethingOther&quot;)" />
    </UnitTest>
    <UnitTest name="Should_Return_Bad_Request(&quot;/Account/Login?ReturnUrl=-6657%29%20UNION%20ALL%20SELECT%2063%2C63%2C63%2C63%2C63%2C63%2C63%2C63%2C63%2C63%23&quot;)" storage="d:\agents\smith05.01\_work\257\s\tests\chg.identityprovider.integrationtests\bin\release\net9.0\chg.identityprovider.integrationtests.dll" id="559fd61d-f928-0495-43bf-341e8cda4645">
      <Execution id="f151abd8-5eb4-4e24-8ab2-3877deae5458" />
      <TestMethod codeBase="D:\Agents\smith05.01\_work\257\s\tests\CHG.IdentityProvider.IntegrationTests\bin\Release\net9.0\CHG.IdentityProvider.IntegrationTests.dll" adapterTypeName="executor://nunit3testexecutor/" className="CHG.IdentityProvider.IntegrationTests.Middleware.MaliciousRequestsDetectionMiddlewareTests" name="Should_Return_Bad_Request(&quot;/Account/Login?ReturnUrl=-6657%29%20UNION%20ALL%20SELECT%2063%2C63%2C63%2C63%2C63%2C63%2C63%2C63%2C63%2C63%23&quot;)" />
    </UnitTest>
    <UnitTest name="Should_Return_Bad_Request(&quot;/Account/Login?ReturnUrl=-9926%25%27%20UNION%20ALL%20SELECT%20%27qqqjq%27%7C%7C%27zMFMfGpdyq%27%7C%7C%27qkqkq%27%2CNULL%2CNULL%2CNULL%2CNULL%2CNULL%2CNULL%2CNULL%2CNULL%2CNULL--%20AraL&quot;)" storage="d:\agents\smith05.01\_work\257\s\tests\chg.identityprovider.integrationtests\bin\release\net9.0\chg.identityprovider.integrationtests.dll" id="ac0f6d6d-15e0-abde-7dd7-1bd567d0debe">
      <Execution id="a309736a-5ace-47a1-9e83-29d66332e86e" />
      <TestMethod codeBase="D:\Agents\smith05.01\_work\257\s\tests\CHG.IdentityProvider.IntegrationTests\bin\Release\net9.0\CHG.IdentityProvider.IntegrationTests.dll" adapterTypeName="executor://nunit3testexecutor/" className="CHG.IdentityProvider.IntegrationTests.Middleware.MaliciousRequestsDetectionMiddlewareTests" name="Should_Return_Bad_Request(&quot;/Account/Login?ReturnUrl=-9926%25%27%20UNION%20ALL%20SELECT%20%27qqqjq%27%7C%7C%27zMFMfGpdyq%27%7C%7C%27qkqkq%27%2CNULL%2CNULL%2CNULL%2CNULL%2CNULL%2CNULL%2CNULL%2CNULL%2CNULL--%20AraL&quot;)" />
    </UnitTest>
    <UnitTest name="Should_Return_Bad_Request_For_Posts(&quot;/Account/Login?ReturnUrl=-7862%27%29%20UNION%20ALL%20SELECT%2063%2C%27qqqjq%27%7C%7C%27GfCRoVVXlKiUImPpwyIyZaEicDkbsMuhYKxlyPjT%27%7C%7C%27qkqkq%27%2C63%2C63%2C63%2C63%2C63%2C63--%20srQM&quot;)" storage="d:\agents\smith05.01\_work\257\s\tests\chg.identityprovider.integrationtests\bin\release\net9.0\chg.identityprovider.integrationtests.dll" id="27d78a98-b272-24c3-c407-4efcb9302805">
      <Execution id="f4671418-3238-49d2-9c65-e7965aec943e" />
      <TestMethod codeBase="D:\Agents\smith05.01\_work\257\s\tests\CHG.IdentityProvider.IntegrationTests\bin\Release\net9.0\CHG.IdentityProvider.IntegrationTests.dll" adapterTypeName="executor://nunit3testexecutor/" className="CHG.IdentityProvider.IntegrationTests.Middleware.MaliciousRequestsDetectionMiddlewareTests" name="Should_Return_Bad_Request_For_Posts(&quot;/Account/Login?ReturnUrl=-7862%27%29%20UNION%20ALL%20SELECT%2063%2C%27qqqjq%27%7C%7C%27GfCRoVVXlKiUImPpwyIyZaEicDkbsMuhYKxlyPjT%27%7C%7C%27qkqkq%27%2C63%2C63%2C63%2C63%2C63%2C63--%20srQM&quot;)" />
    </UnitTest>
    <UnitTest name="Should_Return_Bad_Request(&quot;/Account/Login?ReturnUrl=-7736%29%20UNION%20ALL%20SELECT%2063%2C63%2C63%2C63%2C63%2C63%2C63%2C63%2C63%23&quot;)" storage="d:\agents\smith05.01\_work\257\s\tests\chg.identityprovider.integrationtests\bin\release\net9.0\chg.identityprovider.integrationtests.dll" id="8b7b6156-6d70-5955-1cd7-95ee0a86ce4f">
      <Execution id="c25e5562-3a83-4490-abdc-3b6fd3c5234d" />
      <TestMethod codeBase="D:\Agents\smith05.01\_work\257\s\tests\CHG.IdentityProvider.IntegrationTests\bin\Release\net9.0\CHG.IdentityProvider.IntegrationTests.dll" adapterTypeName="executor://nunit3testexecutor/" className="CHG.IdentityProvider.IntegrationTests.Middleware.MaliciousRequestsDetectionMiddlewareTests" name="Should_Return_Bad_Request(&quot;/Account/Login?ReturnUrl=-7736%29%20UNION%20ALL%20SELECT%2063%2C63%2C63%2C63%2C63%2C63%2C63%2C63%2C63%23&quot;)" />
    </UnitTest>
    <UnitTest name="Contains_Idp_Claim" storage="d:\agents\smith05.01\_work\257\s\tests\chg.identityprovider.integrationtests\bin\release\net9.0\chg.identityprovider.integrationtests.dll" id="b3f6d608-4789-ce34-ce43-bdca0ab93c08">
      <Execution id="a4b40651-f27b-4f6f-86e2-1cfb6c1d5699" />
      <TestMethod codeBase="D:\Agents\smith05.01\_work\257\s\tests\CHG.IdentityProvider.IntegrationTests\bin\Release\net9.0\CHG.IdentityProvider.IntegrationTests.dll" adapterTypeName="executor://nunit3testexecutor/" className="CHG.IdentityProvider.IntegrationTests.Login.SamlTests+Login" name="Contains_Idp_Claim" />
    </UnitTest>
    <UnitTest name="Should_Return_Bad_Request_For_Posts(&quot;/Account/Login?ReturnUrl=-7538%27%29%20UNION%20ALL%20SELECT%2063%2C63%2C63%2C63%2C63%2C63%2C63%2C%27qqqjq%27%7C%7C%27cOwDntpefj%27%7C%7C%27qkqkq%27--%20NGHx&quot;)" storage="d:\agents\smith05.01\_work\257\s\tests\chg.identityprovider.integrationtests\bin\release\net9.0\chg.identityprovider.integrationtests.dll" id="87c3ae1e-c3c0-3eb1-8ca6-4df95598ff30">
      <Execution id="b763458f-ff83-4a04-ad4c-106dd8ef38e3" />
      <TestMethod codeBase="D:\Agents\smith05.01\_work\257\s\tests\CHG.IdentityProvider.IntegrationTests\bin\Release\net9.0\CHG.IdentityProvider.IntegrationTests.dll" adapterTypeName="executor://nunit3testexecutor/" className="CHG.IdentityProvider.IntegrationTests.Middleware.MaliciousRequestsDetectionMiddlewareTests" name="Should_Return_Bad_Request_For_Posts(&quot;/Account/Login?ReturnUrl=-7538%27%29%20UNION%20ALL%20SELECT%2063%2C63%2C63%2C63%2C63%2C63%2C63%2C%27qqqjq%27%7C%7C%27cOwDntpefj%27%7C%7C%27qkqkq%27--%20NGHx&quot;)" />
    </UnitTest>
    <UnitTest name="Returns_Data_For_Reader" storage="d:\agents\smith05.01\_work\257\s\tests\chg.identityprovider.integrationtests\bin\release\net9.0\chg.identityprovider.integrationtests.dll" id="b9a30a24-35bd-d80f-6fed-e7ffa0b4a370">
      <Execution id="b1ff7ac6-f109-462d-a0e4-010d00168e0f" />
      <TestMethod codeBase="D:\Agents\smith05.01\_work\257\s\tests\CHG.IdentityProvider.IntegrationTests\bin\Release\net9.0\CHG.IdentityProvider.IntegrationTests.dll" adapterTypeName="executor://nunit3testexecutor/" className="CHG.IdentityProvider.IntegrationTests.Controllers.MaintenanceControllerTests+GetUsersDataMethod" name="Returns_Data_For_Reader" />
    </UnitTest>
    <UnitTest name="Returns_NotFound_When_User_Does_Not_Exists" storage="d:\agents\smith05.01\_work\257\s\tests\chg.identityprovider.integrationtests\bin\release\net9.0\chg.identityprovider.integrationtests.dll" id="67dd4fe0-48ac-c604-d130-0729ce141e05">
      <Execution id="fdb7255b-7596-4c2a-b0ec-b984ff09ae97" />
      <TestMethod codeBase="D:\Agents\smith05.01\_work\257\s\tests\CHG.IdentityProvider.IntegrationTests\bin\Release\net9.0\CHG.IdentityProvider.IntegrationTests.dll" adapterTypeName="executor://nunit3testexecutor/" className="CHG.IdentityProvider.IntegrationTests.Api.UserApiTests+DeleteMethod" name="Returns_NotFound_When_User_Does_Not_Exists" />
    </UnitTest>
    <UnitTest name="Should_Return_Bad_Request_For_Posts(&quot;/Account/Login?ReturnUrl=-9535%20UNION%20ALL%20SELECT%2063%2C63%2C63%2C63%2C63%2C63%2C63%2C63%2C63%23&quot;)" storage="d:\agents\smith05.01\_work\257\s\tests\chg.identityprovider.integrationtests\bin\release\net9.0\chg.identityprovider.integrationtests.dll" id="a731b426-037f-d409-775a-15bbf748b4d0">
      <Execution id="b52ec4f3-7cf9-4994-b95a-8fdda7e19813" />
      <TestMethod codeBase="D:\Agents\smith05.01\_work\257\s\tests\CHG.IdentityProvider.IntegrationTests\bin\Release\net9.0\CHG.IdentityProvider.IntegrationTests.dll" adapterTypeName="executor://nunit3testexecutor/" className="CHG.IdentityProvider.IntegrationTests.Middleware.MaliciousRequestsDetectionMiddlewareTests" name="Should_Return_Bad_Request_For_Posts(&quot;/Account/Login?ReturnUrl=-9535%20UNION%20ALL%20SELECT%2063%2C63%2C63%2C63%2C63%2C63%2C63%2C63%2C63%23&quot;)" />
    </UnitTest>
    <UnitTest name="Should_Return_Bad_Request_For_Posts(&quot;/Account/Login?ReturnUrl=-4721%27%20UNION%20ALL%20SELECT%2063%2C63%2C63%23&quot;)" storage="d:\agents\smith05.01\_work\257\s\tests\chg.identityprovider.integrationtests\bin\release\net9.0\chg.identityprovider.integrationtests.dll" id="dd8973fa-6be0-389d-82a6-b1b6b5069686">
      <Execution id="0cfcfe0c-4115-45f5-a24c-3e5a7ced57bf" />
      <TestMethod codeBase="D:\Agents\smith05.01\_work\257\s\tests\CHG.IdentityProvider.IntegrationTests\bin\Release\net9.0\CHG.IdentityProvider.IntegrationTests.dll" adapterTypeName="executor://nunit3testexecutor/" className="CHG.IdentityProvider.IntegrationTests.Middleware.MaliciousRequestsDetectionMiddlewareTests" name="Should_Return_Bad_Request_For_Posts(&quot;/Account/Login?ReturnUrl=-4721%27%20UNION%20ALL%20SELECT%2063%2C63%2C63%23&quot;)" />
    </UnitTest>
    <UnitTest name="Returns_Forbidden_For_User_Without_ApiReader_Claim" storage="d:\agents\smith05.01\_work\257\s\tests\chg.identityprovider.integrationtests\bin\release\net9.0\chg.identityprovider.integrationtests.dll" id="4fc671dc-3c3e-d9c7-48ae-0068943ed286">
      <Execution id="7b82e208-2649-4446-a264-686b3d28f0fc" />
      <TestMethod codeBase="D:\Agents\smith05.01\_work\257\s\tests\CHG.IdentityProvider.IntegrationTests\bin\Release\net9.0\CHG.IdentityProvider.IntegrationTests.dll" adapterTypeName="executor://nunit3testexecutor/" className="CHG.IdentityProvider.IntegrationTests.Api.SwaggerApiTests+GetMethod" name="Returns_Forbidden_For_User_Without_ApiReader_Claim" />
    </UnitTest>
    <UnitTest name="Returns_Bad_Request_For_Malformed_Email(&quot;@test&quot;)" storage="d:\agents\smith05.01\_work\257\s\tests\chg.identityprovider.integrationtests\bin\release\net9.0\chg.identityprovider.integrationtests.dll" id="6f7e521f-b402-afc4-d149-adf0d9073d5c">
      <Execution id="8527b703-9044-4137-ac1b-2e9df1fd47f2" />
      <TestMethod codeBase="D:\Agents\smith05.01\_work\257\s\tests\CHG.IdentityProvider.IntegrationTests\bin\Release\net9.0\CHG.IdentityProvider.IntegrationTests.dll" adapterTypeName="executor://nunit3testexecutor/" className="CHG.IdentityProvider.IntegrationTests.Api.LoginProvidersApiControllerTests+InformAboutExpiringLoginProviderSecretsAction" name="Returns_Bad_Request_For_Malformed_Email(&quot;@test&quot;)" />
    </UnitTest>
    <UnitTest name="Run_Flow_With_ReturnUrl" storage="d:\agents\smith05.01\_work\257\s\tests\chg.identityprovider.integrationtests\bin\release\net9.0\chg.identityprovider.integrationtests.dll" id="7f1be293-0553-f725-941c-750ef63b7bb1">
      <Execution id="0978f78c-727a-4231-8f85-e6451ba0c062" />
      <TestMethod codeBase="D:\Agents\smith05.01\_work\257\s\tests\CHG.IdentityProvider.IntegrationTests\bin\Release\net9.0\CHG.IdentityProvider.IntegrationTests.dll" adapterTypeName="executor://nunit3testexecutor/" className="CHG.IdentityProvider.IntegrationTests.Controllers.ManageControllerTests+ChangePassword" name="Run_Flow_With_ReturnUrl" />
    </UnitTest>
    <UnitTest name="Should_Return_Bad_Request_For_Posts(&quot;/Account/Login?ReturnUrl=-7319%27%20UNION%20ALL%20SELECT%2063%2C63%2C63%2C63%2C63%2C63%2C63%23&quot;)" storage="d:\agents\smith05.01\_work\257\s\tests\chg.identityprovider.integrationtests\bin\release\net9.0\chg.identityprovider.integrationtests.dll" id="21cdd7ab-a515-1e1e-8758-76a665ab5b6a">
      <Execution id="9d64993c-d5df-4b24-9ff2-14efc19a83da" />
      <TestMethod codeBase="D:\Agents\smith05.01\_work\257\s\tests\CHG.IdentityProvider.IntegrationTests\bin\Release\net9.0\CHG.IdentityProvider.IntegrationTests.dll" adapterTypeName="executor://nunit3testexecutor/" className="CHG.IdentityProvider.IntegrationTests.Middleware.MaliciousRequestsDetectionMiddlewareTests" name="Should_Return_Bad_Request_For_Posts(&quot;/Account/Login?ReturnUrl=-7319%27%20UNION%20ALL%20SELECT%2063%2C63%2C63%2C63%2C63%2C63%2C63%23&quot;)" />
    </UnitTest>
    <UnitTest name="Should_Return_Bad_Request_For_Posts(&quot;/Account/Login?ReturnUrl=-8675%27%29%20UNION%20ALL%20SELECT%2063%2C63%2C63%2C63%2C63%2C63%2C%27qqqjq%27%7C%7C%27QzvegzrvlN%27%7C%7C%27qkqkq%27%2C63--%20blbd&quot;)" storage="d:\agents\smith05.01\_work\257\s\tests\chg.identityprovider.integrationtests\bin\release\net9.0\chg.identityprovider.integrationtests.dll" id="8eecc25f-5179-2e41-48f6-db431cd61baf">
      <Execution id="7acfc27d-7625-455e-b0d2-c8270023645c" />
      <TestMethod codeBase="D:\Agents\smith05.01\_work\257\s\tests\CHG.IdentityProvider.IntegrationTests\bin\Release\net9.0\CHG.IdentityProvider.IntegrationTests.dll" adapterTypeName="executor://nunit3testexecutor/" className="CHG.IdentityProvider.IntegrationTests.Middleware.MaliciousRequestsDetectionMiddlewareTests" name="Should_Return_Bad_Request_For_Posts(&quot;/Account/Login?ReturnUrl=-8675%27%29%20UNION%20ALL%20SELECT%2063%2C63%2C63%2C63%2C63%2C63%2C%27qqqjq%27%7C%7C%27QzvegzrvlN%27%7C%7C%27qkqkq%27%2C63--%20blbd&quot;)" />
    </UnitTest>
    <UnitTest name="Returns_NotFound_When_User_Was_Deleted(&quot;/api/v1.0/users/&quot;,&quot;LocalTestUserDeleted&quot;)" storage="d:\agents\smith05.01\_work\257\s\tests\chg.identityprovider.integrationtests\bin\release\net9.0\chg.identityprovider.integrationtests.dll" id="d5d0b4b2-3cce-474a-62bb-e03b1282d25e">
      <Execution id="15525edc-c2c8-427b-b726-7ca96ae7bb63" />
      <TestMethod codeBase="D:\Agents\smith05.01\_work\257\s\tests\CHG.IdentityProvider.IntegrationTests\bin\Release\net9.0\CHG.IdentityProvider.IntegrationTests.dll" adapterTypeName="executor://nunit3testexecutor/" className="CHG.IdentityProvider.IntegrationTests.Api.UserApiTests+GetByIdMethod" name="Returns_NotFound_When_User_Was_Deleted(&quot;/api/v1.0/users/&quot;,&quot;LocalTestUserDeleted&quot;)" />
    </UnitTest>
    <UnitTest name="Returns_NotFound_When_User_Does_Not_Exists(&quot;/api/v1.0/users/&quot;)" storage="d:\agents\smith05.01\_work\257\s\tests\chg.identityprovider.integrationtests\bin\release\net9.0\chg.identityprovider.integrationtests.dll" id="5d7d10f8-e76e-3584-1e9a-fb99c5400a4f">
      <Execution id="7d383081-2ea3-4308-92e4-911bcd6201d8" />
      <TestMethod codeBase="D:\Agents\smith05.01\_work\257\s\tests\CHG.IdentityProvider.IntegrationTests\bin\Release\net9.0\CHG.IdentityProvider.IntegrationTests.dll" adapterTypeName="executor://nunit3testexecutor/" className="CHG.IdentityProvider.IntegrationTests.Api.UserApiTests+GetByIdMethod" name="Returns_NotFound_When_User_Does_Not_Exists(&quot;/api/v1.0/users/&quot;)" />
    </UnitTest>
    <UnitTest name="Returns_Error_For_Invalid_User" storage="d:\agents\smith05.01\_work\257\s\tests\chg.identityprovider.integrationtests\bin\release\net9.0\chg.identityprovider.integrationtests.dll" id="ff11437b-29fd-d6e3-33a0-05677820dec0">
      <Execution id="758babb9-137b-4a16-bcc4-48d785940cb2" />
      <TestMethod codeBase="D:\Agents\smith05.01\_work\257\s\tests\CHG.IdentityProvider.IntegrationTests\bin\Release\net9.0\CHG.IdentityProvider.IntegrationTests.dll" adapterTypeName="executor://nunit3testexecutor/" className="CHG.IdentityProvider.IntegrationTests.Controllers.InviteUserControllerTests+PostMethod" name="Returns_Error_For_Invalid_User" />
    </UnitTest>
    <UnitTest name="Returns_Security_Headers" storage="d:\agents\smith05.01\_work\257\s\tests\chg.identityprovider.integrationtests\bin\release\net9.0\chg.identityprovider.integrationtests.dll" id="7f12a5f1-d05d-d1a1-ea17-2a34de042cb6">
      <Execution id="2fa70bf9-861a-4e20-bed4-59c6a4705043" />
      <TestMethod codeBase="D:\Agents\smith05.01\_work\257\s\tests\CHG.IdentityProvider.IntegrationTests\bin\Release\net9.0\CHG.IdentityProvider.IntegrationTests.dll" adapterTypeName="executor://nunit3testexecutor/" className="CHG.IdentityProvider.IntegrationTests.SecurityHeaderTests+ControllerTests" name="Returns_Security_Headers" />
    </UnitTest>
    <UnitTest name="Should_Return_Bad_Request(&quot;/Account/Login?ReturnUrl=-5896%29%20UNION%20ALL%20SELECT%2063%2C63%2C63%2C63%2C63%2C63%2C63%23&quot;)" storage="d:\agents\smith05.01\_work\257\s\tests\chg.identityprovider.integrationtests\bin\release\net9.0\chg.identityprovider.integrationtests.dll" id="e3a80709-e80b-932b-3d48-b01751eff7e9">
      <Execution id="3be78610-d1d3-4dd8-b808-3e44320b651f" />
      <TestMethod codeBase="D:\Agents\smith05.01\_work\257\s\tests\CHG.IdentityProvider.IntegrationTests\bin\Release\net9.0\CHG.IdentityProvider.IntegrationTests.dll" adapterTypeName="executor://nunit3testexecutor/" className="CHG.IdentityProvider.IntegrationTests.Middleware.MaliciousRequestsDetectionMiddlewareTests" name="Should_Return_Bad_Request(&quot;/Account/Login?ReturnUrl=-5896%29%20UNION%20ALL%20SELECT%2063%2C63%2C63%2C63%2C63%2C63%2C63%23&quot;)" />
    </UnitTest>
    <UnitTest name="Can_Import_Clients" storage="d:\agents\smith05.01\_work\257\s\tests\chg.identityprovider.integrationtests\bin\release\net9.0\chg.identityprovider.integrationtests.dll" id="bd04fd98-3c3f-fb59-a5ef-f099e55f0503">
      <Execution id="01eee2a1-f30a-4f33-96fe-f41b408a6887" />
      <TestMethod codeBase="D:\Agents\smith05.01\_work\257\s\tests\CHG.IdentityProvider.IntegrationTests\bin\Release\net9.0\CHG.IdentityProvider.IntegrationTests.dll" adapterTypeName="executor://nunit3testexecutor/" className="CHG.IdentityProvider.IntegrationTests.Data.DefaultIdentityObjectImporterTests+ImportDataInitializationSetAsyncMethod" name="Can_Import_Clients" />
    </UnitTest>
    <UnitTest name="Should_Return_Bad_Request_For_Posts(&quot;/Account/Login?ReturnUrl=-1429%27%29%20UNION%20ALL%20SELECT%20NULL%2CNULL%2CNULL%2CNULL%2C%27qqqjq%27%7C%7C%27iJoriKMNFr%27%7C%7C%27qkqkq%27%2CNULL%2CNULL%2CNULL--%20wfGh&quot;)" storage="d:\agents\smith05.01\_work\257\s\tests\chg.identityprovider.integrationtests\bin\release\net9.0\chg.identityprovider.integrationtests.dll" id="0df2bc86-f3da-63a8-0b5b-62c9869ddd28">
      <Execution id="feb60723-2774-413f-9877-e39b639bed57" />
      <TestMethod codeBase="D:\Agents\smith05.01\_work\257\s\tests\CHG.IdentityProvider.IntegrationTests\bin\Release\net9.0\CHG.IdentityProvider.IntegrationTests.dll" adapterTypeName="executor://nunit3testexecutor/" className="CHG.IdentityProvider.IntegrationTests.Middleware.MaliciousRequestsDetectionMiddlewareTests" name="Should_Return_Bad_Request_For_Posts(&quot;/Account/Login?ReturnUrl=-1429%27%29%20UNION%20ALL%20SELECT%20NULL%2CNULL%2CNULL%2CNULL%2C%27qqqjq%27%7C%7C%27iJoriKMNFr%27%7C%7C%27qkqkq%27%2CNULL%2CNULL%2CNULL--%20wfGh&quot;)" />
    </UnitTest>
    <UnitTest name="Should_Return_Bad_Request_For_Posts(&quot;/Account/Login?ReturnUrl=-2049%27%29%20UNION%20ALL%20SELECT%2063%2C63%2C63%2C63%2C63%2C63%2C63%2C63%23&quot;)" storage="d:\agents\smith05.01\_work\257\s\tests\chg.identityprovider.integrationtests\bin\release\net9.0\chg.identityprovider.integrationtests.dll" id="6e3de479-3bc7-4f7b-40ff-001e8fd46832">
      <Execution id="11aaf7ff-f180-41e3-b5f9-b6c783631064" />
      <TestMethod codeBase="D:\Agents\smith05.01\_work\257\s\tests\CHG.IdentityProvider.IntegrationTests\bin\Release\net9.0\CHG.IdentityProvider.IntegrationTests.dll" adapterTypeName="executor://nunit3testexecutor/" className="CHG.IdentityProvider.IntegrationTests.Middleware.MaliciousRequestsDetectionMiddlewareTests" name="Should_Return_Bad_Request_For_Posts(&quot;/Account/Login?ReturnUrl=-2049%27%29%20UNION%20ALL%20SELECT%2063%2C63%2C63%2C63%2C63%2C63%2C63%2C63%23&quot;)" />
    </UnitTest>
    <UnitTest name="Should_Return_Bad_Request(&quot;/Account/Login?ReturnUrl=-7936%25%27%20UNION%20ALL%20SELECT%2063%2C63%2C63%2C63%2C63%2C63%2C63%2C63%2C63%2C63%23&quot;)" storage="d:\agents\smith05.01\_work\257\s\tests\chg.identityprovider.integrationtests\bin\release\net9.0\chg.identityprovider.integrationtests.dll" id="c64493c0-cebb-3162-1020-dc67b8c54e04">
      <Execution id="ec97ab85-3eba-44bb-ac2b-8f58e54e2515" />
      <TestMethod codeBase="D:\Agents\smith05.01\_work\257\s\tests\CHG.IdentityProvider.IntegrationTests\bin\Release\net9.0\CHG.IdentityProvider.IntegrationTests.dll" adapterTypeName="executor://nunit3testexecutor/" className="CHG.IdentityProvider.IntegrationTests.Middleware.MaliciousRequestsDetectionMiddlewareTests" name="Should_Return_Bad_Request(&quot;/Account/Login?ReturnUrl=-7936%25%27%20UNION%20ALL%20SELECT%2063%2C63%2C63%2C63%2C63%2C63%2C63%2C63%2C63%2C63%23&quot;)" />
    </UnitTest>
    <UnitTest name="Should_Not_Return_Bad_Request(&quot;/Account/Login?ReturnUrl=%2Fconnect%2Fauthorize%2Fcallback%3Fclient_id%3Dchg.localization%26redirect_uri%3Dhttps%253A%252F%252Fchgmeridianlocalizationqamajor.azurewebsites.net%252Fsignin-oidc%26response_type%3Dcode%2520id_token%26scope%3Dopenid%2520profile%2520localizationservice_api%26response_mode%3Dform_post%26nonce%3D637619503997399103.MDI5MmI3ZWUtZTJjMy00NjkzLTkxMWEtMjBjOTQxMzM2NWNhMTAxZmEyMDctMGJkZC00MTZmLWE3NDItZTY5YmU4NGM3NjM4%26state%3DCfDJ8PmoGg8ZG85Ju6ZjYxmD3aB-of8y0MBItqZ_VzFrzQJPMlWBhcdij2tW-jeKp4aYDRkHOvjv8pL5Q2h53uVX1IIJrSjAF4tCG8H5sZhbptmoONxzPtftOxf0gnWdQNJI8IqNzsorUA6uh1CrtueSbaE7vAlEWiyV46BTBAd2S0KYqE1E9xpCB89IsYUBVKMGlpGrLhdHgvE17oVatABJ-msCdYsjovbYovC5UfDV0jC9srp6jDAoqFKWgrrgXZuiC4xFghIeRraUfTg7LO8SUldMREepbamtWtXMtBco05szk5AaIQa3mJFH_r4-cOtRQm0L7l4BJwecSNTK4uYRHLmnNjN2G6ubCaki7hj7YmGbNeb0RzF4zxeDcGzycoJ3cddIFkykmfxp5fwwy5KyeoYbdJGYj6VyJMGmvkZMCALa%26x-client-SKU%3DID_NETSTANDARD2_0%26x-client-ver%3D5.6.0.0&quot;)" storage="d:\agents\smith05.01\_work\257\s\tests\chg.identityprovider.integrationtests\bin\release\net9.0\chg.identityprovider.integrationtests.dll" id="f8fc18a6-c061-aee2-5a52-869f287d5389">
      <Execution id="9779d299-e6c8-4e5b-a1e5-035f75024ed8" />
      <TestMethod codeBase="D:\Agents\smith05.01\_work\257\s\tests\CHG.IdentityProvider.IntegrationTests\bin\Release\net9.0\CHG.IdentityProvider.IntegrationTests.dll" adapterTypeName="executor://nunit3testexecutor/" className="CHG.IdentityProvider.IntegrationTests.Middleware.MaliciousRequestsDetectionMiddlewareTests" name="Should_Not_Return_Bad_Request(&quot;/Account/Login?ReturnUrl=%2Fconnect%2Fauthorize%2Fcallback%3Fclient_id%3Dchg.localization%26redirect_uri%3Dhttps%253A%252F%252Fchgmeridianlocalizationqamajor.azurewebsites.net%252Fsignin-oidc%26response_type%3Dcode%2520id_token%26scope%3Dopenid%2520profile%2520localizationservice_api%26response_mode%3Dform_post%26nonce%3D637619503997399103.MDI5MmI3ZWUtZTJjMy00NjkzLTkxMWEtMjBjOTQxMzM2NWNhMTAxZmEyMDctMGJkZC00MTZmLWE3NDItZTY5YmU4NGM3NjM4%26state%3DCfDJ8PmoGg8ZG85Ju6ZjYxmD3aB-of8y0MBItqZ_VzFrzQJPMlWBhcdij2tW-jeKp4aYDRkHOvjv8pL5Q2h53uVX1IIJrSjAF4tCG8H5sZhbptmoONxzPtftOxf0gnWdQNJI8IqNzsorUA6uh1CrtueSbaE7vAlEWiyV46BTBAd2S0KYqE1E9xpCB89IsYUBVKMGlpGrLhdHgvE17oVatABJ-msCdYsjovbYovC5UfDV0jC9srp6jDAoqFKWgrrgXZuiC4xFghIeRraUfTg7LO8SUldMREepbamtWtXMtBco05szk5AaIQa3mJFH_r4-cOtRQm0L7l4BJwecSNTK4uYRHLmnNjN2G6ubCaki7hj7YmGbNeb0RzF4zxeDcGzycoJ3cddIFkykmfxp5fwwy5KyeoYbdJGYj6VyJMGmvkZMCALa%26x-client-SKU%3DID_NETSTANDARD2_0%26x-client-ver%3D5.6.0.0&quot;)" />
    </UnitTest>
    <UnitTest name="Returns_Forbidden_When_Scope_Is_Not_Valid(&quot;/api/v1.0/import/protected-resource&quot;)" storage="d:\agents\smith05.01\_work\257\s\tests\chg.identityprovider.integrationtests\bin\release\net9.0\chg.identityprovider.integrationtests.dll" id="d1690164-0bba-0725-6063-7b8fb553e86a">
      <Execution id="dbaf099b-f862-434f-a22c-18eaeeb51b24" />
      <TestMethod codeBase="D:\Agents\smith05.01\_work\257\s\tests\CHG.IdentityProvider.IntegrationTests\bin\Release\net9.0\CHG.IdentityProvider.IntegrationTests.dll" adapterTypeName="executor://nunit3testexecutor/" className="CHG.IdentityProvider.IntegrationTests.Api.ImportApiTests+ImportProtectedResourceAction" name="Returns_Forbidden_When_Scope_Is_Not_Valid(&quot;/api/v1.0/import/protected-resource&quot;)" />
    </UnitTest>
    <UnitTest name="Should_Return_Bad_Request_For_Posts(&quot;/Account/Login?ReturnUrl=-5386%27%29%20UNION%20ALL%20SELECT%2063%2C63%2C63%2C63%2C63%2C63%2C63%23&quot;)" storage="d:\agents\smith05.01\_work\257\s\tests\chg.identityprovider.integrationtests\bin\release\net9.0\chg.identityprovider.integrationtests.dll" id="8a0b6c1c-b150-8892-9b9f-98a1d8ac2ebb">
      <Execution id="c2d3354b-6901-42ef-81dc-75404913dcb9" />
      <TestMethod codeBase="D:\Agents\smith05.01\_work\257\s\tests\CHG.IdentityProvider.IntegrationTests\bin\Release\net9.0\CHG.IdentityProvider.IntegrationTests.dll" adapterTypeName="executor://nunit3testexecutor/" className="CHG.IdentityProvider.IntegrationTests.Middleware.MaliciousRequestsDetectionMiddlewareTests" name="Should_Return_Bad_Request_For_Posts(&quot;/Account/Login?ReturnUrl=-5386%27%29%20UNION%20ALL%20SELECT%2063%2C63%2C63%2C63%2C63%2C63%2C63%23&quot;)" />
    </UnitTest>
    <UnitTest name="Should_Return_Bad_Request(&quot;/Account/Login?ReturnUrl=%28SELECT%20%28CASE%20WHEN%20%283850%3D3850%29%20THEN%203850%20ELSE%203850%2A%28SELECT%203850%20FROM%20INFORMATION_SCHEMA.CHARACTER_SETS%29%20END%29%29&quot;)" storage="d:\agents\smith05.01\_work\257\s\tests\chg.identityprovider.integrationtests\bin\release\net9.0\chg.identityprovider.integrationtests.dll" id="22938d2a-d707-bc97-ad5f-67ba9b31b886">
      <Execution id="4181f544-984a-48a5-b754-02d6ab841ace" />
      <TestMethod codeBase="D:\Agents\smith05.01\_work\257\s\tests\CHG.IdentityProvider.IntegrationTests\bin\Release\net9.0\CHG.IdentityProvider.IntegrationTests.dll" adapterTypeName="executor://nunit3testexecutor/" className="CHG.IdentityProvider.IntegrationTests.Middleware.MaliciousRequestsDetectionMiddlewareTests" name="Should_Return_Bad_Request(&quot;/Account/Login?ReturnUrl=%28SELECT%20%28CASE%20WHEN%20%283850%3D3850%29%20THEN%203850%20ELSE%203850%2A%28SELECT%203850%20FROM%20INFORMATION_SCHEMA.CHARACTER_SETS%29%20END%29%29&quot;)" />
    </UnitTest>
    <UnitTest name="Returns_Ok_When_User_Was_Found(&quot;/api/v1.0/users/&quot;,&quot;test.employee&quot;)" storage="d:\agents\smith05.01\_work\257\s\tests\chg.identityprovider.integrationtests\bin\release\net9.0\chg.identityprovider.integrationtests.dll" id="40359d04-9b96-78cf-58c6-e161486a91a3">
      <Execution id="f82f8842-d334-461c-a69b-de18dc9d5265" />
      <TestMethod codeBase="D:\Agents\smith05.01\_work\257\s\tests\CHG.IdentityProvider.IntegrationTests\bin\Release\net9.0\CHG.IdentityProvider.IntegrationTests.dll" adapterTypeName="executor://nunit3testexecutor/" className="CHG.IdentityProvider.IntegrationTests.Api.UserApiTests+GetByIdMethod" name="Returns_Ok_When_User_Was_Found(&quot;/api/v1.0/users/&quot;,&quot;test.employee&quot;)" />
    </UnitTest>
    <UnitTest name="Returns_Page_When_Logged_In_With_Correct_Permissions" storage="d:\agents\smith05.01\_work\257\s\tests\chg.identityprovider.integrationtests\bin\release\net9.0\chg.identityprovider.integrationtests.dll" id="e52cfa49-de57-7394-adcf-bcc129248019">
      <Execution id="558818c4-4d32-4aab-ba20-36129b62714a" />
      <TestMethod codeBase="D:\Agents\smith05.01\_work\257\s\tests\CHG.IdentityProvider.IntegrationTests\bin\Release\net9.0\CHG.IdentityProvider.IntegrationTests.dll" adapterTypeName="executor://nunit3testexecutor/" className="CHG.IdentityProvider.IntegrationTests.Controllers.MaintenanceControllerTests+CachingMethod" name="Returns_Page_When_Logged_In_With_Correct_Permissions" />
    </UnitTest>
    <UnitTest name="Should_Return_Bad_Request_For_Posts(&quot;/Account/Login?ReturnUrl=-7736%29%20UNION%20ALL%20SELECT%2063%2C63%2C63%2C63%2C63%2C63%2C63%2C63%2C63%23&quot;)" storage="d:\agents\smith05.01\_work\257\s\tests\chg.identityprovider.integrationtests\bin\release\net9.0\chg.identityprovider.integrationtests.dll" id="178e8b2c-230e-b1bc-47ed-f7919f9f9198">
      <Execution id="a09aba56-0c78-41dc-b177-f85407ea142a" />
      <TestMethod codeBase="D:\Agents\smith05.01\_work\257\s\tests\CHG.IdentityProvider.IntegrationTests\bin\Release\net9.0\CHG.IdentityProvider.IntegrationTests.dll" adapterTypeName="executor://nunit3testexecutor/" className="CHG.IdentityProvider.IntegrationTests.Middleware.MaliciousRequestsDetectionMiddlewareTests" name="Should_Return_Bad_Request_For_Posts(&quot;/Account/Login?ReturnUrl=-7736%29%20UNION%20ALL%20SELECT%2063%2C63%2C63%2C63%2C63%2C63%2C63%2C63%2C63%23&quot;)" />
    </UnitTest>
    <UnitTest name="CHROME_80_WIN" storage="d:\agents\smith05.01\_work\257\s\tests\chg.identityprovider.integrationtests\bin\release\net9.0\chg.identityprovider.integrationtests.dll" id="83f8e9a6-049e-58fc-b73e-87995d2e4000">
      <Execution id="f779aae6-5536-4943-9d96-967a30b3d83f" />
      <TestMethod codeBase="D:\Agents\smith05.01\_work\257\s\tests\CHG.IdentityProvider.IntegrationTests\bin\Release\net9.0\CHG.IdentityProvider.IntegrationTests.dll" adapterTypeName="executor://nunit3testexecutor/" className="CHG.IdentityProvider.IntegrationTests.CookiesTests+SameSitePolicyTests" name="CHROME_80_WIN" />
    </UnitTest>
    <UnitTest name="Should_Return_Bad_Request_For_Posts(&quot;/Account/Login?ReturnUrl=-3950%27%29%20UNION%20ALL%20SELECT%2063%2C63%2C63%2C63%2C63%2C63%2C63%2C%27qqqjq%27%7C%7C%27jXHIDOZgSNXsvmJIiACPVggCOtvlIeGWWYuXNJhR%27%7C%7C%27qkqkq%27--%20zfYh&quot;)" storage="d:\agents\smith05.01\_work\257\s\tests\chg.identityprovider.integrationtests\bin\release\net9.0\chg.identityprovider.integrationtests.dll" id="d8810dc6-eaad-3005-c08b-b3305c5462a6">
      <Execution id="defcb82f-a234-44cb-9fd6-16937316c968" />
      <TestMethod codeBase="D:\Agents\smith05.01\_work\257\s\tests\CHG.IdentityProvider.IntegrationTests\bin\Release\net9.0\CHG.IdentityProvider.IntegrationTests.dll" adapterTypeName="executor://nunit3testexecutor/" className="CHG.IdentityProvider.IntegrationTests.Middleware.MaliciousRequestsDetectionMiddlewareTests" name="Should_Return_Bad_Request_For_Posts(&quot;/Account/Login?ReturnUrl=-3950%27%29%20UNION%20ALL%20SELECT%2063%2C63%2C63%2C63%2C63%2C63%2C63%2C%27qqqjq%27%7C%7C%27jXHIDOZgSNXsvmJIiACPVggCOtvlIeGWWYuXNJhR%27%7C%7C%27qkqkq%27--%20zfYh&quot;)" />
    </UnitTest>
    <UnitTest name="Should_Return_Bad_Request_For_Posts(&quot;/Account/Login?ReturnUrl=-4263%20UNION%20ALL%20SELECT%2063%2C63%23&quot;)" storage="d:\agents\smith05.01\_work\257\s\tests\chg.identityprovider.integrationtests\bin\release\net9.0\chg.identityprovider.integrationtests.dll" id="dfa1f390-cef9-2aa5-4518-c78b8336ab29">
      <Execution id="385ca9f4-525f-43f0-83aa-a063203b267f" />
      <TestMethod codeBase="D:\Agents\smith05.01\_work\257\s\tests\CHG.IdentityProvider.IntegrationTests\bin\Release\net9.0\CHG.IdentityProvider.IntegrationTests.dll" adapterTypeName="executor://nunit3testexecutor/" className="CHG.IdentityProvider.IntegrationTests.Middleware.MaliciousRequestsDetectionMiddlewareTests" name="Should_Return_Bad_Request_For_Posts(&quot;/Account/Login?ReturnUrl=-4263%20UNION%20ALL%20SELECT%2063%2C63%23&quot;)" />
    </UnitTest>
    <UnitTest name="Should_Not_Return_Bad_Request(&quot;/account/login?returnUrl=~/&quot;)" storage="d:\agents\smith05.01\_work\257\s\tests\chg.identityprovider.integrationtests\bin\release\net9.0\chg.identityprovider.integrationtests.dll" id="b5a8738b-c6cd-e065-7ca4-e5b601b70141">
      <Execution id="4104bda1-40d5-45a2-9ad8-195d7a4af0b0" />
      <TestMethod codeBase="D:\Agents\smith05.01\_work\257\s\tests\CHG.IdentityProvider.IntegrationTests\bin\Release\net9.0\CHG.IdentityProvider.IntegrationTests.dll" adapterTypeName="executor://nunit3testexecutor/" className="CHG.IdentityProvider.IntegrationTests.Middleware.MaliciousRequestsDetectionMiddlewareTests" name="Should_Not_Return_Bad_Request(&quot;/account/login?returnUrl=~/&quot;)" />
    </UnitTest>
    <UnitTest name="Creates_A_New_User_If_UserName_Already_Exists_But_Was_Deleted" storage="d:\agents\smith05.01\_work\257\s\tests\chg.identityprovider.integrationtests\bin\release\net9.0\chg.identityprovider.integrationtests.dll" id="035a98dc-b85e-8adc-35bc-deae1bc1af73">
      <Execution id="3fba5f78-921d-4e64-ab39-7c35b38e6e38" />
      <TestMethod codeBase="D:\Agents\smith05.01\_work\257\s\tests\CHG.IdentityProvider.IntegrationTests\bin\Release\net9.0\CHG.IdentityProvider.IntegrationTests.dll" adapterTypeName="executor://nunit3testexecutor/" className="CHG.IdentityProvider.IntegrationTests.Api.UserApiTests+CreateMethod" name="Creates_A_New_User_If_UserName_Already_Exists_But_Was_Deleted" />
    </UnitTest>
    <UnitTest name="Should_Return_Bad_Request_For_Posts(&quot;/Account/Login?ReturnUrl=-9384%27%29%20UNION%20ALL%20SELECT%2063%2C63%2C63%2C63%2C63%2C%27qqqjq%27%7C%7C%27DvqgcuqaIWzJMGzIFKTmyLFUhvXPBKlDhzrFNKoX%27%7C%7C%27qkqkq%27%2C63%2C63--%20xtRv&quot;)" storage="d:\agents\smith05.01\_work\257\s\tests\chg.identityprovider.integrationtests\bin\release\net9.0\chg.identityprovider.integrationtests.dll" id="8560ef75-2d51-ab57-4ae2-b49e28364590">
      <Execution id="c134759e-bdc1-4aa7-8a4c-dc9617310b74" />
      <TestMethod codeBase="D:\Agents\smith05.01\_work\257\s\tests\CHG.IdentityProvider.IntegrationTests\bin\Release\net9.0\CHG.IdentityProvider.IntegrationTests.dll" adapterTypeName="executor://nunit3testexecutor/" className="CHG.IdentityProvider.IntegrationTests.Middleware.MaliciousRequestsDetectionMiddlewareTests" name="Should_Return_Bad_Request_For_Posts(&quot;/Account/Login?ReturnUrl=-9384%27%29%20UNION%20ALL%20SELECT%2063%2C63%2C63%2C63%2C63%2C%27qqqjq%27%7C%7C%27DvqgcuqaIWzJMGzIFKTmyLFUhvXPBKlDhzrFNKoX%27%7C%7C%27qkqkq%27%2C63%2C63--%20xtRv&quot;)" />
    </UnitTest>
    <UnitTest name="Returns_AccessDenied_When_Insufficent_Permissions" storage="d:\agents\smith05.01\_work\257\s\tests\chg.identityprovider.integrationtests\bin\release\net9.0\chg.identityprovider.integrationtests.dll" id="434e44d2-111a-5d30-908d-0b8fd5a5c57b">
      <Execution id="2d21864f-8762-45a6-9133-982021b91862" />
      <TestMethod codeBase="D:\Agents\smith05.01\_work\257\s\tests\CHG.IdentityProvider.IntegrationTests\bin\Release\net9.0\CHG.IdentityProvider.IntegrationTests.dll" adapterTypeName="executor://nunit3testexecutor/" className="CHG.IdentityProvider.IntegrationTests.Controllers.MaintenanceControllerTests+ClientsMethod" name="Returns_AccessDenied_When_Insufficent_Permissions" />
    </UnitTest>
    <UnitTest name="Returns_Forbidden_When_Scope_Is_Not_Valid" storage="d:\agents\smith05.01\_work\257\s\tests\chg.identityprovider.integrationtests\bin\release\net9.0\chg.identityprovider.integrationtests.dll" id="00e0c05b-bb8e-d0db-3acd-860d8100b340">
      <Execution id="443b71ff-3bde-4e4e-8222-5e4170106f61" />
      <TestMethod codeBase="D:\Agents\smith05.01\_work\257\s\tests\CHG.IdentityProvider.IntegrationTests\bin\Release\net9.0\CHG.IdentityProvider.IntegrationTests.dll" adapterTypeName="executor://nunit3testexecutor/" className="CHG.IdentityProvider.IntegrationTests.Api.UserApiTests+DeleteMethod" name="Returns_Forbidden_When_Scope_Is_Not_Valid" />
    </UnitTest>
    <UnitTest name="Returns_BadRequest_If_Email_Already_Exists" storage="d:\agents\smith05.01\_work\257\s\tests\chg.identityprovider.integrationtests\bin\release\net9.0\chg.identityprovider.integrationtests.dll" id="a6743fb6-0911-5b40-d8f3-8472ae59de38">
      <Execution id="602d38ad-1ab8-4db6-8480-ab342d48f066" />
      <TestMethod codeBase="D:\Agents\smith05.01\_work\257\s\tests\CHG.IdentityProvider.IntegrationTests\bin\Release\net9.0\CHG.IdentityProvider.IntegrationTests.dll" adapterTypeName="executor://nunit3testexecutor/" className="CHG.IdentityProvider.IntegrationTests.Api.UserApiTests+UpdateMethod" name="Returns_BadRequest_If_Email_Already_Exists" />
    </UnitTest>
    <UnitTest name="CHROME_40_WIN" storage="d:\agents\smith05.01\_work\257\s\tests\chg.identityprovider.integrationtests\bin\release\net9.0\chg.identityprovider.integrationtests.dll" id="b14ae126-29a8-02ef-8bb6-f4b983b7eab6">
      <Execution id="dcafd3f8-e041-4971-a1cc-47898ed5df0e" />
      <TestMethod codeBase="D:\Agents\smith05.01\_work\257\s\tests\CHG.IdentityProvider.IntegrationTests\bin\Release\net9.0\CHG.IdentityProvider.IntegrationTests.dll" adapterTypeName="executor://nunit3testexecutor/" className="CHG.IdentityProvider.IntegrationTests.CookiesTests+SameSitePolicyTests" name="CHROME_40_WIN" />
    </UnitTest>
    <UnitTest name="Should_Return_Bad_Request(&quot;/Account/Login?ReturnUrl=-6070%27%29%20UNION%20ALL%20SELECT%20%27qqqjq%27%7C%7C%27HNyzojVPZh%27%7C%7C%27qkqkq%27%2CNULL%2CNULL%2CNULL%2CNULL%2CNULL%2CNULL%2CNULL--%20GyGw&quot;)" storage="d:\agents\smith05.01\_work\257\s\tests\chg.identityprovider.integrationtests\bin\release\net9.0\chg.identityprovider.integrationtests.dll" id="5e28a4ca-d6cc-7493-067f-d26e02ff0cbc">
      <Execution id="33c6026b-b599-469f-8c70-0bf1a00d61b9" />
      <TestMethod codeBase="D:\Agents\smith05.01\_work\257\s\tests\CHG.IdentityProvider.IntegrationTests\bin\Release\net9.0\CHG.IdentityProvider.IntegrationTests.dll" adapterTypeName="executor://nunit3testexecutor/" className="CHG.IdentityProvider.IntegrationTests.Middleware.MaliciousRequestsDetectionMiddlewareTests" name="Should_Return_Bad_Request(&quot;/Account/Login?ReturnUrl=-6070%27%29%20UNION%20ALL%20SELECT%20%27qqqjq%27%7C%7C%27HNyzojVPZh%27%7C%7C%27qkqkq%27%2CNULL%2CNULL%2CNULL%2CNULL%2CNULL%2CNULL%2CNULL--%20GyGw&quot;)" />
    </UnitTest>
    <UnitTest name="Should_Return_Bad_Request(&quot;/Account/Login?ReturnUrl=%28SELECT%20%28CASE%20WHEN%20%287282%3D2714%29%20THEN%207282%20ELSE%207282%2A%28SELECT%207282%20FROM%20INFORMATION_SCHEMA.CHARACTER_SETS%29%20END%29%29&quot;)" storage="d:\agents\smith05.01\_work\257\s\tests\chg.identityprovider.integrationtests\bin\release\net9.0\chg.identityprovider.integrationtests.dll" id="ebc34690-6b89-bd0a-ca8a-de1fafba8c5f">
      <Execution id="9efab64f-5410-4897-a87c-043c99ea92b8" />
      <TestMethod codeBase="D:\Agents\smith05.01\_work\257\s\tests\CHG.IdentityProvider.IntegrationTests\bin\Release\net9.0\CHG.IdentityProvider.IntegrationTests.dll" adapterTypeName="executor://nunit3testexecutor/" className="CHG.IdentityProvider.IntegrationTests.Middleware.MaliciousRequestsDetectionMiddlewareTests" name="Should_Return_Bad_Request(&quot;/Account/Login?ReturnUrl=%28SELECT%20%28CASE%20WHEN%20%287282%3D2714%29%20THEN%207282%20ELSE%207282%2A%28SELECT%207282%20FROM%20INFORMATION_SCHEMA.CHARACTER_SETS%29%20END%29%29&quot;)" />
    </UnitTest>
    <UnitTest name="Should_Return_Bad_Request(&quot;/Account/Login?ReturnUrl=-6628%20UNION%20ALL%20SELECT%2063%2C63%23&quot;)" storage="d:\agents\smith05.01\_work\257\s\tests\chg.identityprovider.integrationtests\bin\release\net9.0\chg.identityprovider.integrationtests.dll" id="41a890aa-18d7-3f04-390f-6a24e560df6a">
      <Execution id="01094f6d-7bd7-4750-876e-f23637ba0505" />
      <TestMethod codeBase="D:\Agents\smith05.01\_work\257\s\tests\CHG.IdentityProvider.IntegrationTests\bin\Release\net9.0\CHG.IdentityProvider.IntegrationTests.dll" adapterTypeName="executor://nunit3testexecutor/" className="CHG.IdentityProvider.IntegrationTests.Middleware.MaliciousRequestsDetectionMiddlewareTests" name="Should_Return_Bad_Request(&quot;/Account/Login?ReturnUrl=-6628%20UNION%20ALL%20SELECT%2063%2C63%23&quot;)" />
    </UnitTest>
    <UnitTest name="Should_Return_Bad_Request(&quot;/Account/Login?ReturnUrl=-1925%27%29%20UNION%20ALL%20SELECT%20%27qqqjq%27%7C%7C%27KIxHyOCneOPijrlcxDIpHjSLEBWCsnXHEtFbrGMs%27%7C%7C%27qkqkq%27%2CNULL%2CNULL%2CNULL%2CNULL%2CNULL%2CNULL%2CNULL--%20gkGc&quot;)" storage="d:\agents\smith05.01\_work\257\s\tests\chg.identityprovider.integrationtests\bin\release\net9.0\chg.identityprovider.integrationtests.dll" id="8072a877-4ce2-a367-8767-fb309ad6db36">
      <Execution id="4948763c-4488-440c-8d48-19d6f932a4f4" />
      <TestMethod codeBase="D:\Agents\smith05.01\_work\257\s\tests\CHG.IdentityProvider.IntegrationTests\bin\Release\net9.0\CHG.IdentityProvider.IntegrationTests.dll" adapterTypeName="executor://nunit3testexecutor/" className="CHG.IdentityProvider.IntegrationTests.Middleware.MaliciousRequestsDetectionMiddlewareTests" name="Should_Return_Bad_Request(&quot;/Account/Login?ReturnUrl=-1925%27%29%20UNION%20ALL%20SELECT%20%27qqqjq%27%7C%7C%27KIxHyOCneOPijrlcxDIpHjSLEBWCsnXHEtFbrGMs%27%7C%7C%27qkqkq%27%2CNULL%2CNULL%2CNULL%2CNULL%2CNULL%2CNULL%2CNULL--%20gkGc&quot;)" />
    </UnitTest>
    <UnitTest name="Should_Return_Bad_Request_For_Posts(&quot;/Account/Login?ReturnUrl=-4963%27%29%20UNION%20ALL%20SELECT%20NULL%2C%27qqqjq%27%7C%7C%27EgxvZACSTRhenboNBEGBKvLzvaeCJCZRPaoHjmIC%27%7C%7C%27qkqkq%27%2CNULL%2CNULL%2CNULL%2CNULL%2CNULL%2CNULL--%20Yhfy&quot;)" storage="d:\agents\smith05.01\_work\257\s\tests\chg.identityprovider.integrationtests\bin\release\net9.0\chg.identityprovider.integrationtests.dll" id="168bdac7-ed76-0c99-ba1a-1ee5b2fb09eb">
      <Execution id="f9e67758-611d-448a-829e-9d430e169854" />
      <TestMethod codeBase="D:\Agents\smith05.01\_work\257\s\tests\CHG.IdentityProvider.IntegrationTests\bin\Release\net9.0\CHG.IdentityProvider.IntegrationTests.dll" adapterTypeName="executor://nunit3testexecutor/" className="CHG.IdentityProvider.IntegrationTests.Middleware.MaliciousRequestsDetectionMiddlewareTests" name="Should_Return_Bad_Request_For_Posts(&quot;/Account/Login?ReturnUrl=-4963%27%29%20UNION%20ALL%20SELECT%20NULL%2C%27qqqjq%27%7C%7C%27EgxvZACSTRhenboNBEGBKvLzvaeCJCZRPaoHjmIC%27%7C%7C%27qkqkq%27%2CNULL%2CNULL%2CNULL%2CNULL%2CNULL%2CNULL--%20Yhfy&quot;)" />
    </UnitTest>
    <UnitTest name="Should_Return_Bad_Request_For_Posts(&quot;/Account/Login?ReturnUrl=-7606%25%27%20UNION%20ALL%20SELECT%20NULL%2CNULL%2CNULL%2CNULL%2C%27qqqjq%27%7C%7C%27gqFLhAKkqd%27%7C%7C%27qkqkq%27%2CNULL%2CNULL%2CNULL%2CNULL%2CNULL--%20OPLU&quot;)" storage="d:\agents\smith05.01\_work\257\s\tests\chg.identityprovider.integrationtests\bin\release\net9.0\chg.identityprovider.integrationtests.dll" id="5adffdff-ca3f-0fdf-d0d9-156760d84518">
      <Execution id="829b08f6-2539-459c-87c4-2fe9493762ff" />
      <TestMethod codeBase="D:\Agents\smith05.01\_work\257\s\tests\CHG.IdentityProvider.IntegrationTests\bin\Release\net9.0\CHG.IdentityProvider.IntegrationTests.dll" adapterTypeName="executor://nunit3testexecutor/" className="CHG.IdentityProvider.IntegrationTests.Middleware.MaliciousRequestsDetectionMiddlewareTests" name="Should_Return_Bad_Request_For_Posts(&quot;/Account/Login?ReturnUrl=-7606%25%27%20UNION%20ALL%20SELECT%20NULL%2CNULL%2CNULL%2CNULL%2C%27qqqjq%27%7C%7C%27gqFLhAKkqd%27%7C%7C%27qkqkq%27%2CNULL%2CNULL%2CNULL%2CNULL%2CNULL--%20OPLU&quot;)" />
    </UnitTest>
    <UnitTest name="Publish_UserEmailChangedEvent_When_Email_Was_Changed" storage="d:\agents\smith05.01\_work\257\s\tests\chg.identityprovider.integrationtests\bin\release\net9.0\chg.identityprovider.integrationtests.dll" id="11f546b1-5357-ac08-fd5b-86d7a15313da">
      <Execution id="fbe66acf-8e02-4810-be1a-5b5309476ab8" />
      <TestMethod codeBase="D:\Agents\smith05.01\_work\257\s\tests\CHG.IdentityProvider.IntegrationTests\bin\Release\net9.0\CHG.IdentityProvider.IntegrationTests.dll" adapterTypeName="executor://nunit3testexecutor/" className="CHG.IdentityProvider.IntegrationTests.Middleware.ScimUserSyncMiddlewareTests+UpdatingAUserViaScim" name="Publish_UserEmailChangedEvent_When_Email_Was_Changed" />
    </UnitTest>
    <UnitTest name="Should_Return_Bad_Request(&quot;/Account/Login?ReturnUrl=-4655%25%27%20UNION%20ALL%20SELECT%20NULL%2CNULL%2CNULL%2CNULL%2CNULL%2CNULL%2C%27qqqjq%27%7C%7C%27GTKACOtgXj%27%7C%7C%27qkqkq%27%2CNULL%2CNULL%2CNULL--%20awTl&quot;)" storage="d:\agents\smith05.01\_work\257\s\tests\chg.identityprovider.integrationtests\bin\release\net9.0\chg.identityprovider.integrationtests.dll" id="6c5e0585-be2a-b081-026c-5b40f4bf4c50">
      <Execution id="4982bbd5-8320-4b70-943b-c1b0a05fefc1" />
      <TestMethod codeBase="D:\Agents\smith05.01\_work\257\s\tests\CHG.IdentityProvider.IntegrationTests\bin\Release\net9.0\CHG.IdentityProvider.IntegrationTests.dll" adapterTypeName="executor://nunit3testexecutor/" className="CHG.IdentityProvider.IntegrationTests.Middleware.MaliciousRequestsDetectionMiddlewareTests" name="Should_Return_Bad_Request(&quot;/Account/Login?ReturnUrl=-4655%25%27%20UNION%20ALL%20SELECT%20NULL%2CNULL%2CNULL%2CNULL%2CNULL%2CNULL%2C%27qqqjq%27%7C%7C%27GTKACOtgXj%27%7C%7C%27qkqkq%27%2CNULL%2CNULL%2CNULL--%20awTl&quot;)" />
    </UnitTest>
    <UnitTest name="Should_Return_Bad_Request_For_Posts(&quot;/Account/Login?ReturnUrl=-2903%25%27%20UNION%20ALL%20SELECT%20NULL%2C%27qqqjq%27%7C%7C%27lcFYJQoTZjaThtRkvtzLZsVoMWugesivHBaafWwE%27%7C%7C%27qkqkq%27%2CNULL%2CNULL%2CNULL%2CNULL%2CNULL%2CNULL%2CNULL%2CNULL--%20ZWip&quot;)" storage="d:\agents\smith05.01\_work\257\s\tests\chg.identityprovider.integrationtests\bin\release\net9.0\chg.identityprovider.integrationtests.dll" id="f165e555-b11e-d70e-83cc-9c4f6dc249bc">
      <Execution id="26f7c602-1c4b-480a-8229-3c0242982412" />
      <TestMethod codeBase="D:\Agents\smith05.01\_work\257\s\tests\CHG.IdentityProvider.IntegrationTests\bin\Release\net9.0\CHG.IdentityProvider.IntegrationTests.dll" adapterTypeName="executor://nunit3testexecutor/" className="CHG.IdentityProvider.IntegrationTests.Middleware.MaliciousRequestsDetectionMiddlewareTests" name="Should_Return_Bad_Request_For_Posts(&quot;/Account/Login?ReturnUrl=-2903%25%27%20UNION%20ALL%20SELECT%20NULL%2C%27qqqjq%27%7C%7C%27lcFYJQoTZjaThtRkvtzLZsVoMWugesivHBaafWwE%27%7C%7C%27qkqkq%27%2CNULL%2CNULL%2CNULL%2CNULL%2CNULL%2CNULL%2CNULL%2CNULL--%20ZWip&quot;)" />
    </UnitTest>
    <UnitTest name="Should_Return_Bad_Request(&quot;/Account/Login?ReturnUrl=-7538%27%29%20UNION%20ALL%20SELECT%2063%2C63%2C63%2C63%2C63%2C63%2C63%2C%27qqqjq%27%7C%7C%27cOwDntpefj%27%7C%7C%27qkqkq%27--%20NGHx&quot;)" storage="d:\agents\smith05.01\_work\257\s\tests\chg.identityprovider.integrationtests\bin\release\net9.0\chg.identityprovider.integrationtests.dll" id="bc470a7e-b4db-f453-706f-3568058b9b9b">
      <Execution id="d1644bda-7e83-4efc-87cf-ac14152311a3" />
      <TestMethod codeBase="D:\Agents\smith05.01\_work\257\s\tests\CHG.IdentityProvider.IntegrationTests\bin\Release\net9.0\CHG.IdentityProvider.IntegrationTests.dll" adapterTypeName="executor://nunit3testexecutor/" className="CHG.IdentityProvider.IntegrationTests.Middleware.MaliciousRequestsDetectionMiddlewareTests" name="Should_Return_Bad_Request(&quot;/Account/Login?ReturnUrl=-7538%27%29%20UNION%20ALL%20SELECT%2063%2C63%2C63%2C63%2C63%2C63%2C63%2C%27qqqjq%27%7C%7C%27cOwDntpefj%27%7C%7C%27qkqkq%27--%20NGHx&quot;)" />
    </UnitTest>
    <UnitTest name="Allows_Cors_For_Configured_Domains(&quot;http://publicclientintegration.com&quot;,&quot;/connect/token&quot;)" storage="d:\agents\smith05.01\_work\257\s\tests\chg.identityprovider.integrationtests\bin\release\net9.0\chg.identityprovider.integrationtests.dll" id="94375359-bdca-70e5-67b3-2c58255bb652">
      <Execution id="4534b47f-8905-463b-ab21-1b620815c7d3" />
      <TestMethod codeBase="D:\Agents\smith05.01\_work\257\s\tests\CHG.IdentityProvider.IntegrationTests\bin\Release\net9.0\CHG.IdentityProvider.IntegrationTests.dll" adapterTypeName="executor://nunit3testexecutor/" className="CHG.IdentityProvider.IntegrationTests.Middleware.CorsTests" name="Allows_Cors_For_Configured_Domains(&quot;http://publicclientintegration.com&quot;,&quot;/connect/token&quot;)" />
    </UnitTest>
    <UnitTest name="Returns_Bad_Request_For_Malformed_Email(&quot;notamail&quot;)" storage="d:\agents\smith05.01\_work\257\s\tests\chg.identityprovider.integrationtests\bin\release\net9.0\chg.identityprovider.integrationtests.dll" id="07843080-ae58-b9a9-9f22-6ecdbc40d793">
      <Execution id="89b76948-f731-4aca-b41e-34418cec5dab" />
      <TestMethod codeBase="D:\Agents\smith05.01\_work\257\s\tests\CHG.IdentityProvider.IntegrationTests\bin\Release\net9.0\CHG.IdentityProvider.IntegrationTests.dll" adapterTypeName="executor://nunit3testexecutor/" className="CHG.IdentityProvider.IntegrationTests.Api.LoginProvidersApiControllerTests+InformAboutExpiringLoginProviderSecretsAction" name="Returns_Bad_Request_For_Malformed_Email(&quot;notamail&quot;)" />
    </UnitTest>
    <UnitTest name="Should_Return_Bad_Request_For_Posts(&quot;/Account/Login?ReturnUrl=%28SELECT%20CHAR%28113%29%2BCHAR%28113%29%2BCHAR%28113%29%2BCHAR%28106%29%2BCHAR%28113%29%2B%28SELECT%20%28CASE%20WHEN%20%282804%3D2804%29%20THEN%20CHAR%2849%29%20ELSE%20CHAR%2848%29%20END%29%29%2BCHAR%28113%29%2BCHAR%28107%29%2BCHAR%28113%29%2BCHAR%28107%29%2BCHAR%28113%29%&quot;)" storage="d:\agents\smith05.01\_work\257\s\tests\chg.identityprovider.integrationtests\bin\release\net9.0\chg.identityprovider.integrationtests.dll" id="388aab8e-c807-fd29-d175-d6d6b1799de5">
      <Execution id="6a76ba91-c33f-4d7d-a136-dd5e5690eba3" />
      <TestMethod codeBase="D:\Agents\smith05.01\_work\257\s\tests\CHG.IdentityProvider.IntegrationTests\bin\Release\net9.0\CHG.IdentityProvider.IntegrationTests.dll" adapterTypeName="executor://nunit3testexecutor/" className="CHG.IdentityProvider.IntegrationTests.Middleware.MaliciousRequestsDetectionMiddlewareTests" name="Should_Return_Bad_Request_For_Posts(&quot;/Account/Login?ReturnUrl=%28SELECT%20CHAR%28113%29%2BCHAR%28113%29%2BCHAR%28113%29%2BCHAR%28106%29%2BCHAR%28113%29%2B%28SELECT%20%28CASE%20WHEN%20%282804%3D2804%29%20THEN%20CHAR%2849%29%20ELSE%20CHAR%2848%29%20END%29%29%2BCHAR%28113%29%2BCHAR%28107%29%2BCHAR%28113%29%2BCHAR%28107%29%2BCHAR%28113%29%&quot;)" />
    </UnitTest>
    <UnitTest name="Returns_LoginRequest_When_Not_Logged_In" storage="d:\agents\smith05.01\_work\257\s\tests\chg.identityprovider.integrationtests\bin\release\net9.0\chg.identityprovider.integrationtests.dll" id="59241aae-f425-c839-244f-7de0dbc28132">
      <Execution id="09556594-0f0e-4e68-8246-1ee0bf293f55" />
      <TestMethod codeBase="D:\Agents\smith05.01\_work\257\s\tests\CHG.IdentityProvider.IntegrationTests\bin\Release\net9.0\CHG.IdentityProvider.IntegrationTests.dll" adapterTypeName="executor://nunit3testexecutor/" className="CHG.IdentityProvider.IntegrationTests.Controllers.MaintenanceControllerTests+UsersMethod" name="Returns_LoginRequest_When_Not_Logged_In" />
    </UnitTest>
    <UnitTest name="Should_Return_Bad_Request_For_Posts(&quot;/Account/Login?ReturnUrl=-8216%20UNION%20ALL%20SELECT%2063%2C63%2C63%2C63%2C63%2C63%2C63%2C63%23&quot;)" storage="d:\agents\smith05.01\_work\257\s\tests\chg.identityprovider.integrationtests\bin\release\net9.0\chg.identityprovider.integrationtests.dll" id="6b2e59b5-97a9-a5ea-d009-7f41ae26f100">
      <Execution id="1019ba00-fc79-48a4-8c19-08b0bfd6ce3e" />
      <TestMethod codeBase="D:\Agents\smith05.01\_work\257\s\tests\CHG.IdentityProvider.IntegrationTests\bin\Release\net9.0\CHG.IdentityProvider.IntegrationTests.dll" adapterTypeName="executor://nunit3testexecutor/" className="CHG.IdentityProvider.IntegrationTests.Middleware.MaliciousRequestsDetectionMiddlewareTests" name="Should_Return_Bad_Request_For_Posts(&quot;/Account/Login?ReturnUrl=-8216%20UNION%20ALL%20SELECT%2063%2C63%2C63%2C63%2C63%2C63%2C63%2C63%23&quot;)" />
    </UnitTest>
    <UnitTest name="Should_Return_Bad_Request(&quot;/Account/Login?ReturnUrl=-9535%20UNION%20ALL%20SELECT%2063%2C63%2C63%2C63%2C63%2C63%2C63%2C63%2C63%23&quot;)" storage="d:\agents\smith05.01\_work\257\s\tests\chg.identityprovider.integrationtests\bin\release\net9.0\chg.identityprovider.integrationtests.dll" id="2e816ab0-5d7b-6f41-e4ad-db9154e4e8fe">
      <Execution id="6224bbdc-b965-470e-a711-7918e8140f8f" />
      <TestMethod codeBase="D:\Agents\smith05.01\_work\257\s\tests\CHG.IdentityProvider.IntegrationTests\bin\Release\net9.0\CHG.IdentityProvider.IntegrationTests.dll" adapterTypeName="executor://nunit3testexecutor/" className="CHG.IdentityProvider.IntegrationTests.Middleware.MaliciousRequestsDetectionMiddlewareTests" name="Should_Return_Bad_Request(&quot;/Account/Login?ReturnUrl=-9535%20UNION%20ALL%20SELECT%2063%2C63%2C63%2C63%2C63%2C63%2C63%2C63%2C63%23&quot;)" />
    </UnitTest>
    <UnitTest name="Should_Return_Bad_Request_For_Posts(&quot;/Account/Login?ReturnUrl=-6619%27%29%20UNION%20ALL%20SELECT%2063%23&quot;)" storage="d:\agents\smith05.01\_work\257\s\tests\chg.identityprovider.integrationtests\bin\release\net9.0\chg.identityprovider.integrationtests.dll" id="77ea25d0-31b3-63d9-26d2-44be4092b680">
      <Execution id="14dab831-7630-4c07-8c24-963c0e53761b" />
      <TestMethod codeBase="D:\Agents\smith05.01\_work\257\s\tests\CHG.IdentityProvider.IntegrationTests\bin\Release\net9.0\CHG.IdentityProvider.IntegrationTests.dll" adapterTypeName="executor://nunit3testexecutor/" className="CHG.IdentityProvider.IntegrationTests.Middleware.MaliciousRequestsDetectionMiddlewareTests" name="Should_Return_Bad_Request_For_Posts(&quot;/Account/Login?ReturnUrl=-6619%27%29%20UNION%20ALL%20SELECT%2063%23&quot;)" />
    </UnitTest>
    <UnitTest name="Should_Return_Bad_Request(&quot;/Account/Login?ReturnUrl=-6979%27%29%20UNION%20ALL%20SELECT%2063%2C63%23&quot;)" storage="d:\agents\smith05.01\_work\257\s\tests\chg.identityprovider.integrationtests\bin\release\net9.0\chg.identityprovider.integrationtests.dll" id="93656714-6626-fb72-b7b8-0ddb5a424c60">
      <Execution id="a3b2978e-4506-4850-aee9-50674ddc1437" />
      <TestMethod codeBase="D:\Agents\smith05.01\_work\257\s\tests\CHG.IdentityProvider.IntegrationTests\bin\Release\net9.0\CHG.IdentityProvider.IntegrationTests.dll" adapterTypeName="executor://nunit3testexecutor/" className="CHG.IdentityProvider.IntegrationTests.Middleware.MaliciousRequestsDetectionMiddlewareTests" name="Should_Return_Bad_Request(&quot;/Account/Login?ReturnUrl=-6979%27%29%20UNION%20ALL%20SELECT%2063%2C63%23&quot;)" />
    </UnitTest>
    <UnitTest name="CreateAndEditSamlProvider" storage="d:\agents\smith05.01\_work\257\s\tests\chg.identityprovider.integrationtests\bin\release\net9.0\chg.identityprovider.integrationtests.dll" id="1b995002-d5de-f840-482d-76215e20f41f">
      <Execution id="3f61d045-1873-4bc6-b010-712d9b999165" />
      <TestMethod codeBase="D:\Agents\smith05.01\_work\257\s\tests\CHG.IdentityProvider.IntegrationTests\bin\Release\net9.0\CHG.IdentityProvider.IntegrationTests.dll" adapterTypeName="executor://nunit3testexecutor/" className="CHG.IdentityProvider.IntegrationTests.Controllers.LoginProvidersControllerTests+WorkFlowTests" name="CreateAndEditSamlProvider" />
    </UnitTest>
    <UnitTest name="Should_Return_Bad_Request_For_Posts(&quot;/Account/Login?ReturnUrl=-5944%20ORDER%20BY%201%23&quot;)" storage="d:\agents\smith05.01\_work\257\s\tests\chg.identityprovider.integrationtests\bin\release\net9.0\chg.identityprovider.integrationtests.dll" id="c4d7bc74-582e-61e3-e249-ae3019ee221b">
      <Execution id="4cea5f98-320f-426d-9970-b40038d13d03" />
      <TestMethod codeBase="D:\Agents\smith05.01\_work\257\s\tests\CHG.IdentityProvider.IntegrationTests\bin\Release\net9.0\CHG.IdentityProvider.IntegrationTests.dll" adapterTypeName="executor://nunit3testexecutor/" className="CHG.IdentityProvider.IntegrationTests.Middleware.MaliciousRequestsDetectionMiddlewareTests" name="Should_Return_Bad_Request_For_Posts(&quot;/Account/Login?ReturnUrl=-5944%20ORDER%20BY%201%23&quot;)" />
    </UnitTest>
    <UnitTest name="Returns_LoginRequest_When_Not_Logged_In" storage="d:\agents\smith05.01\_work\257\s\tests\chg.identityprovider.integrationtests\bin\release\net9.0\chg.identityprovider.integrationtests.dll" id="18c6618e-f64a-777a-05d8-a2afa5e24885">
      <Execution id="c38bfadd-7b9b-4561-9657-e17c40387336" />
      <TestMethod codeBase="D:\Agents\smith05.01\_work\257\s\tests\CHG.IdentityProvider.IntegrationTests\bin\Release\net9.0\CHG.IdentityProvider.IntegrationTests.dll" adapterTypeName="executor://nunit3testexecutor/" className="CHG.IdentityProvider.IntegrationTests.Controllers.MaintenanceControllerTests+ClientsMethod" name="Returns_LoginRequest_When_Not_Logged_In" />
    </UnitTest>
    <UnitTest name="Should_Return_Bad_Request_For_Posts(&quot;/Account/Login?ReturnUrl=-5460%27%29%20UNION%20ALL%20SELECT%2063%2C63%2C63%2C63%2C63%2C63%2C63%2C63%2C63%23&quot;)" storage="d:\agents\smith05.01\_work\257\s\tests\chg.identityprovider.integrationtests\bin\release\net9.0\chg.identityprovider.integrationtests.dll" id="a549fcfb-0f45-8919-8920-d0e2b5caeadc">
      <Execution id="d30d6987-1dfa-4ef9-b1da-0c268983843a" />
      <TestMethod codeBase="D:\Agents\smith05.01\_work\257\s\tests\CHG.IdentityProvider.IntegrationTests\bin\Release\net9.0\CHG.IdentityProvider.IntegrationTests.dll" adapterTypeName="executor://nunit3testexecutor/" className="CHG.IdentityProvider.IntegrationTests.Middleware.MaliciousRequestsDetectionMiddlewareTests" name="Should_Return_Bad_Request_For_Posts(&quot;/Account/Login?ReturnUrl=-5460%27%29%20UNION%20ALL%20SELECT%2063%2C63%2C63%2C63%2C63%2C63%2C63%2C63%2C63%23&quot;)" />
    </UnitTest>
    <UnitTest name="Returns_Error_For_Invalid_Token" storage="d:\agents\smith05.01\_work\257\s\tests\chg.identityprovider.integrationtests\bin\release\net9.0\chg.identityprovider.integrationtests.dll" id="c5f46999-f13f-af61-3234-499026d62f3d">
      <Execution id="1198e739-089f-4ce9-937b-df76626a54e5" />
      <TestMethod codeBase="D:\Agents\smith05.01\_work\257\s\tests\CHG.IdentityProvider.IntegrationTests\bin\Release\net9.0\CHG.IdentityProvider.IntegrationTests.dll" adapterTypeName="executor://nunit3testexecutor/" className="CHG.IdentityProvider.IntegrationTests.Controllers.InviteUserControllerTests+PostMethod" name="Returns_Error_For_Invalid_Token" />
    </UnitTest>
    <UnitTest name="Cannot_Be_Called_Without_Token(&quot;/api/v1/users/unconfirmed@example.com/invite&quot;)" storage="d:\agents\smith05.01\_work\257\s\tests\chg.identityprovider.integrationtests\bin\release\net9.0\chg.identityprovider.integrationtests.dll" id="22d7df5f-2eaf-237e-4768-b2980ba364de">
      <Execution id="7c47f2ed-1011-4e76-88cf-f618e92c1bcf" />
      <TestMethod codeBase="D:\Agents\smith05.01\_work\257\s\tests\CHG.IdentityProvider.IntegrationTests\bin\Release\net9.0\CHG.IdentityProvider.IntegrationTests.dll" adapterTypeName="executor://nunit3testexecutor/" className="CHG.IdentityProvider.IntegrationTests.Api.UserApiTests+InviteMethod" name="Cannot_Be_Called_Without_Token(&quot;/api/v1/users/unconfirmed@example.com/invite&quot;)" />
    </UnitTest>
    <UnitTest name="Should_Return_Bad_Request(&quot;/Account/Login?ReturnUrl=-2049%27%29%20UNION%20ALL%20SELECT%2063%2C63%2C63%2C63%2C63%2C63%2C63%2C63%23&quot;)" storage="d:\agents\smith05.01\_work\257\s\tests\chg.identityprovider.integrationtests\bin\release\net9.0\chg.identityprovider.integrationtests.dll" id="d4b3e3e5-aca1-24e9-bcb4-5ae19feec331">
      <Execution id="83e51021-dfee-40a7-a485-f54764363446" />
      <TestMethod codeBase="D:\Agents\smith05.01\_work\257\s\tests\CHG.IdentityProvider.IntegrationTests\bin\Release\net9.0\CHG.IdentityProvider.IntegrationTests.dll" adapterTypeName="executor://nunit3testexecutor/" className="CHG.IdentityProvider.IntegrationTests.Middleware.MaliciousRequestsDetectionMiddlewareTests" name="Should_Return_Bad_Request(&quot;/Account/Login?ReturnUrl=-2049%27%29%20UNION%20ALL%20SELECT%2063%2C63%2C63%2C63%2C63%2C63%2C63%2C63%23&quot;)" />
    </UnitTest>
    <UnitTest name="Returns_Bad_Request_If_Non_Parameter_Was_Provided" storage="d:\agents\smith05.01\_work\257\s\tests\chg.identityprovider.integrationtests\bin\release\net9.0\chg.identityprovider.integrationtests.dll" id="97529acb-120e-205c-2943-663dd1375543">
      <Execution id="b43233da-6523-4edf-b121-f56e63665edd" />
      <TestMethod codeBase="D:\Agents\smith05.01\_work\257\s\tests\CHG.IdentityProvider.IntegrationTests\bin\Release\net9.0\CHG.IdentityProvider.IntegrationTests.dll" adapterTypeName="executor://nunit3testexecutor/" className="CHG.IdentityProvider.IntegrationTests.Api.PasswordStrengthApiTests+PostMethod" name="Returns_Bad_Request_If_Non_Parameter_Was_Provided" />
    </UnitTest>
    <UnitTest name="Returns_Error_For_Invalid_User" storage="d:\agents\smith05.01\_work\257\s\tests\chg.identityprovider.integrationtests\bin\release\net9.0\chg.identityprovider.integrationtests.dll" id="54b04061-0118-4aa7-ee8b-4d9dc57a6e37">
      <Execution id="d8ed2860-acfa-4813-95a1-0229be742445" />
      <TestMethod codeBase="D:\Agents\smith05.01\_work\257\s\tests\CHG.IdentityProvider.IntegrationTests\bin\Release\net9.0\CHG.IdentityProvider.IntegrationTests.dll" adapterTypeName="executor://nunit3testexecutor/" className="CHG.IdentityProvider.IntegrationTests.Controllers.InviteUserControllerTests+GetMethod" name="Returns_Error_For_Invalid_User" />
    </UnitTest>
    <UnitTest name="Should_Return_Bad_Request(&quot;/Account/Login?ReturnUrl=-9381%27%29%20UNION%20ALL%20SELECT%20NULL%2CNULL%2C%27qqqjq%27%7C%7C%27FYQUzRskOFfLCecEWPcVKoSrNUMGkDJoQMejOfMK%27%7C%7C%27qkqkq%27%2CNULL%2CNULL%2CNULL%2CNULL%2CNULL--%20AEIo&quot;)" storage="d:\agents\smith05.01\_work\257\s\tests\chg.identityprovider.integrationtests\bin\release\net9.0\chg.identityprovider.integrationtests.dll" id="61acfac7-5a74-4be6-08a7-2509fd7247c7">
      <Execution id="99a370d2-822f-487b-bea5-9733bfd135d1" />
      <TestMethod codeBase="D:\Agents\smith05.01\_work\257\s\tests\CHG.IdentityProvider.IntegrationTests\bin\Release\net9.0\CHG.IdentityProvider.IntegrationTests.dll" adapterTypeName="executor://nunit3testexecutor/" className="CHG.IdentityProvider.IntegrationTests.Middleware.MaliciousRequestsDetectionMiddlewareTests" name="Should_Return_Bad_Request(&quot;/Account/Login?ReturnUrl=-9381%27%29%20UNION%20ALL%20SELECT%20NULL%2CNULL%2C%27qqqjq%27%7C%7C%27FYQUzRskOFfLCecEWPcVKoSrNUMGkDJoQMejOfMK%27%7C%7C%27qkqkq%27%2CNULL%2CNULL%2CNULL%2CNULL%2CNULL--%20AEIo&quot;)" />
    </UnitTest>
    <UnitTest name="Returns_Ok_When_User_Was_Found(&quot;mike.employee@chg-meridian.com&quot;)" storage="d:\agents\smith05.01\_work\257\s\tests\chg.identityprovider.integrationtests\bin\release\net9.0\chg.identityprovider.integrationtests.dll" id="f91ada7d-179e-7b67-6f2d-c61e6435343e">
      <Execution id="488d02e8-e9fd-4657-af2e-fc1d9d6c036e" />
      <TestMethod codeBase="D:\Agents\smith05.01\_work\257\s\tests\CHG.IdentityProvider.IntegrationTests\bin\Release\net9.0\CHG.IdentityProvider.IntegrationTests.dll" adapterTypeName="executor://nunit3testexecutor/" className="CHG.IdentityProvider.IntegrationTests.Api.UserApiTests+GetLoginsMethod" name="Returns_Ok_When_User_Was_Found(&quot;mike.employee@chg-meridian.com&quot;)" />
    </UnitTest>
    <UnitTest name="Returns_OnlyBlocked_Data" storage="d:\agents\smith05.01\_work\257\s\tests\chg.identityprovider.integrationtests\bin\release\net9.0\chg.identityprovider.integrationtests.dll" id="3fc9aa15-2866-4123-71ea-90d12d718c82">
      <Execution id="933a17af-bf38-47e9-902b-45ac11f952b4" />
      <TestMethod codeBase="D:\Agents\smith05.01\_work\257\s\tests\CHG.IdentityProvider.IntegrationTests\bin\Release\net9.0\CHG.IdentityProvider.IntegrationTests.dll" adapterTypeName="executor://nunit3testexecutor/" className="CHG.IdentityProvider.IntegrationTests.Controllers.MaintenanceControllerTests+GetUsersDataMethod" name="Returns_OnlyBlocked_Data" />
    </UnitTest>
    <UnitTest name="Returns_Data" storage="d:\agents\smith05.01\_work\257\s\tests\chg.identityprovider.integrationtests\bin\release\net9.0\chg.identityprovider.integrationtests.dll" id="bbe68399-45ae-5927-4adb-9ba6498279ae">
      <Execution id="f0099920-3983-410b-bea4-0a78cb13b560" />
      <TestMethod codeBase="D:\Agents\smith05.01\_work\257\s\tests\CHG.IdentityProvider.IntegrationTests\bin\Release\net9.0\CHG.IdentityProvider.IntegrationTests.dll" adapterTypeName="executor://nunit3testexecutor/" className="CHG.IdentityProvider.IntegrationTests.Controllers.MaintenanceControllerTests+GetUsersDataMethod" name="Returns_Data" />
    </UnitTest>
    <UnitTest name="Returns_BadRequest_When_Login_Without_AntiForgeryToken" storage="d:\agents\smith05.01\_work\257\s\tests\chg.identityprovider.integrationtests\bin\release\net9.0\chg.identityprovider.integrationtests.dll" id="679f1f6d-e845-c52f-cb49-9934fba0620b">
      <Execution id="44386d6f-59b6-4201-b836-211a1815ffb1" />
      <TestMethod codeBase="D:\Agents\smith05.01\_work\257\s\tests\CHG.IdentityProvider.IntegrationTests\bin\Release\net9.0\CHG.IdentityProvider.IntegrationTests.dll" adapterTypeName="executor://nunit3testexecutor/" className="CHG.IdentityProvider.IntegrationTests.Controllers.AccountControllerTests+Login" name="Returns_BadRequest_When_Login_Without_AntiForgeryToken" />
    </UnitTest>
    <UnitTest name="Allows_Cors_For_Configured_Domains(&quot;https://integrationtest.com&quot;,&quot;/connect/token&quot;)" storage="d:\agents\smith05.01\_work\257\s\tests\chg.identityprovider.integrationtests\bin\release\net9.0\chg.identityprovider.integrationtests.dll" id="d1ae0028-393b-0792-4f1d-c600476a28ad">
      <Execution id="6973200d-9191-4924-9e96-88ca756bedc9" />
      <TestMethod codeBase="D:\Agents\smith05.01\_work\257\s\tests\CHG.IdentityProvider.IntegrationTests\bin\Release\net9.0\CHG.IdentityProvider.IntegrationTests.dll" adapterTypeName="executor://nunit3testexecutor/" className="CHG.IdentityProvider.IntegrationTests.Middleware.CorsTests" name="Allows_Cors_For_Configured_Domains(&quot;https://integrationtest.com&quot;,&quot;/connect/token&quot;)" />
    </UnitTest>
    <UnitTest name="Returns_LoginRequest_When_Not_Logged_In_For_Post" storage="d:\agents\smith05.01\_work\257\s\tests\chg.identityprovider.integrationtests\bin\release\net9.0\chg.identityprovider.integrationtests.dll" id="dfc99b2c-e1e8-1c66-421a-61eb2e04fedc">
      <Execution id="d1e25d3f-157d-494a-9faa-d4b6f7b36bed" />
      <TestMethod codeBase="D:\Agents\smith05.01\_work\257\s\tests\CHG.IdentityProvider.IntegrationTests\bin\Release\net9.0\CHG.IdentityProvider.IntegrationTests.dll" adapterTypeName="executor://nunit3testexecutor/" className="CHG.IdentityProvider.IntegrationTests.Controllers.LoginProvidersControllerTests+DetailsTests" name="Returns_LoginRequest_When_Not_Logged_In_For_Post" />
    </UnitTest>
    <UnitTest name="Should_Return_Bad_Request(&quot;/Account/Login?ReturnUrl=-4176%20UNION%20ALL%20SELECT%2063%2C63%2C63%2C63%2C63%23&quot;)" storage="d:\agents\smith05.01\_work\257\s\tests\chg.identityprovider.integrationtests\bin\release\net9.0\chg.identityprovider.integrationtests.dll" id="61d90264-3f39-2680-fa23-26f0c4d7c55e">
      <Execution id="92793168-af78-489f-93eb-da2573ff1737" />
      <TestMethod codeBase="D:\Agents\smith05.01\_work\257\s\tests\CHG.IdentityProvider.IntegrationTests\bin\Release\net9.0\CHG.IdentityProvider.IntegrationTests.dll" adapterTypeName="executor://nunit3testexecutor/" className="CHG.IdentityProvider.IntegrationTests.Middleware.MaliciousRequestsDetectionMiddlewareTests" name="Should_Return_Bad_Request(&quot;/Account/Login?ReturnUrl=-4176%20UNION%20ALL%20SELECT%2063%2C63%2C63%2C63%2C63%23&quot;)" />
    </UnitTest>
    <UnitTest name="Returns_Direct" storage="d:\agents\smith05.01\_work\257\s\tests\chg.identityprovider.integrationtests\bin\release\net9.0\chg.identityprovider.integrationtests.dll" id="f0a1cc59-e050-aed2-9e8f-66ff16357e55">
      <Execution id="4b49542a-4e2b-4bfa-99e8-35771f20b3c6" />
      <TestMethod codeBase="D:\Agents\smith05.01\_work\257\s\tests\CHG.IdentityProvider.IntegrationTests\bin\Release\net9.0\CHG.IdentityProvider.IntegrationTests.dll" adapterTypeName="executor://nunit3testexecutor/" className="CHG.IdentityProvider.IntegrationTests.Middleware.RedirectTests+WellKnownChangePassword" name="Returns_Direct" />
    </UnitTest>
    <UnitTest name="Should_Return_Bad_Request_For_Posts(&quot;/Account/Login?ReturnUrl=-7754%27%29%20UNION%20ALL%20SELECT%20NULL%2CNULL%2CNULL%2CNULL%2CNULL%2CNULL%2CNULL%2C%27qqqjq%27%7C%7C%27kXUMmZablX%27%7C%7C%27qkqkq%27--%20dlpS&quot;)" storage="d:\agents\smith05.01\_work\257\s\tests\chg.identityprovider.integrationtests\bin\release\net9.0\chg.identityprovider.integrationtests.dll" id="0d378018-51ab-cc50-f525-b066c3e18e53">
      <Execution id="4c93701d-a267-45fd-8751-5301939e873b" />
      <TestMethod codeBase="D:\Agents\smith05.01\_work\257\s\tests\CHG.IdentityProvider.IntegrationTests\bin\Release\net9.0\CHG.IdentityProvider.IntegrationTests.dll" adapterTypeName="executor://nunit3testexecutor/" className="CHG.IdentityProvider.IntegrationTests.Middleware.MaliciousRequestsDetectionMiddlewareTests" name="Should_Return_Bad_Request_For_Posts(&quot;/Account/Login?ReturnUrl=-7754%27%29%20UNION%20ALL%20SELECT%20NULL%2CNULL%2CNULL%2CNULL%2CNULL%2CNULL%2CNULL%2C%27qqqjq%27%7C%7C%27kXUMmZablX%27%7C%7C%27qkqkq%27--%20dlpS&quot;)" />
    </UnitTest>
    <UnitTest name="Should_Return_Bad_Request_For_Posts(&quot;/Account/Login?ReturnUrl=-7360%20UNION%20ALL%20SELECT%2063%2C63%2C63%2C63%23&quot;)" storage="d:\agents\smith05.01\_work\257\s\tests\chg.identityprovider.integrationtests\bin\release\net9.0\chg.identityprovider.integrationtests.dll" id="21b2066e-ba5a-adf8-4260-948c2c058cc6">
      <Execution id="84b4b71e-5aab-4be3-977a-298bc81a01df" />
      <TestMethod codeBase="D:\Agents\smith05.01\_work\257\s\tests\CHG.IdentityProvider.IntegrationTests\bin\Release\net9.0\CHG.IdentityProvider.IntegrationTests.dll" adapterTypeName="executor://nunit3testexecutor/" className="CHG.IdentityProvider.IntegrationTests.Middleware.MaliciousRequestsDetectionMiddlewareTests" name="Should_Return_Bad_Request_For_Posts(&quot;/Account/Login?ReturnUrl=-7360%20UNION%20ALL%20SELECT%2063%2C63%2C63%2C63%23&quot;)" />
    </UnitTest>
    <UnitTest name="Should_Return_Bad_Request_For_Posts(&quot;/Account/Login?ReturnUrl=%28SELECT%20%28CASE%20WHEN%20%283850%3D3850%29%20THEN%203850%20ELSE%203850%2A%28SELECT%203850%20FROM%20INFORMATION_SCHEMA.CHARACTER_SETS%29%20END%29%29&quot;)" storage="d:\agents\smith05.01\_work\257\s\tests\chg.identityprovider.integrationtests\bin\release\net9.0\chg.identityprovider.integrationtests.dll" id="57df8fa0-ec84-4765-b544-ed58391e58f3">
      <Execution id="0d5c9584-e297-476a-8bdc-9fa949a09c43" />
      <TestMethod codeBase="D:\Agents\smith05.01\_work\257\s\tests\CHG.IdentityProvider.IntegrationTests\bin\Release\net9.0\CHG.IdentityProvider.IntegrationTests.dll" adapterTypeName="executor://nunit3testexecutor/" className="CHG.IdentityProvider.IntegrationTests.Middleware.MaliciousRequestsDetectionMiddlewareTests" name="Should_Return_Bad_Request_For_Posts(&quot;/Account/Login?ReturnUrl=%28SELECT%20%28CASE%20WHEN%20%283850%3D3850%29%20THEN%203850%20ELSE%203850%2A%28SELECT%203850%20FROM%20INFORMATION_SCHEMA.CHARACTER_SETS%29%20END%29%29&quot;)" />
    </UnitTest>
    <UnitTest name="Returns_CSP_Headers" storage="d:\agents\smith05.01\_work\257\s\tests\chg.identityprovider.integrationtests\bin\release\net9.0\chg.identityprovider.integrationtests.dll" id="8a04d347-559d-dbb1-aab2-93ff26985f69">
      <Execution id="1c84d7fd-5bd5-4a00-86fd-d98c62e7f830" />
      <TestMethod codeBase="D:\Agents\smith05.01\_work\257\s\tests\CHG.IdentityProvider.IntegrationTests\bin\Release\net9.0\CHG.IdentityProvider.IntegrationTests.dll" adapterTypeName="executor://nunit3testexecutor/" className="CHG.IdentityProvider.IntegrationTests.SecurityHeaderTests+ControllerTests" name="Returns_CSP_Headers" />
    </UnitTest>
    <UnitTest name="Should_Return_Bad_Request_For_Posts(&quot;/Account/Login?ReturnUrl=-5466%20UNION%20ALL%20SELECT%2063%2C63%2C63%2C63%23&quot;)" storage="d:\agents\smith05.01\_work\257\s\tests\chg.identityprovider.integrationtests\bin\release\net9.0\chg.identityprovider.integrationtests.dll" id="5149c3f1-de3c-bdf1-8b7f-94fbc22f9aa0">
      <Execution id="94e60712-2e62-4617-b197-0f4f64940564" />
      <TestMethod codeBase="D:\Agents\smith05.01\_work\257\s\tests\CHG.IdentityProvider.IntegrationTests\bin\Release\net9.0\CHG.IdentityProvider.IntegrationTests.dll" adapterTypeName="executor://nunit3testexecutor/" className="CHG.IdentityProvider.IntegrationTests.Middleware.MaliciousRequestsDetectionMiddlewareTests" name="Should_Return_Bad_Request_For_Posts(&quot;/Account/Login?ReturnUrl=-5466%20UNION%20ALL%20SELECT%2063%2C63%2C63%2C63%23&quot;)" />
    </UnitTest>
    <UnitTest name="Updates_Roles_On_Existing_User_Via_Patch_Does_Not_Throw_An_Exception" storage="d:\agents\smith05.01\_work\257\s\tests\chg.identityprovider.integrationtests\bin\release\net9.0\chg.identityprovider.integrationtests.dll" id="898dafeb-42e8-87f7-2062-914592675ee1">
      <Execution id="99493c43-2918-4cc2-b4c8-b9aa53d0a47d" />
      <TestMethod codeBase="D:\Agents\smith05.01\_work\257\s\tests\CHG.IdentityProvider.IntegrationTests\bin\Release\net9.0\CHG.IdentityProvider.IntegrationTests.dll" adapterTypeName="executor://nunit3testexecutor/" className="CHG.IdentityProvider.IntegrationTests.Middleware.ScimUserSyncMiddlewareTests+UpdatingAUserViaScim" name="Updates_Roles_On_Existing_User_Via_Patch_Does_Not_Throw_An_Exception" />
    </UnitTest>
    <UnitTest name="Persists_Only_Primary_PhoneNumber" storage="d:\agents\smith05.01\_work\257\s\tests\chg.identityprovider.integrationtests\bin\release\net9.0\chg.identityprovider.integrationtests.dll" id="778eddd1-5f40-1b5e-6137-a17c4ca55f28">
      <Execution id="bfdef6ac-89cb-4461-a08d-988b401f58ad" />
      <TestMethod codeBase="D:\Agents\smith05.01\_work\257\s\tests\CHG.IdentityProvider.IntegrationTests\bin\Release\net9.0\CHG.IdentityProvider.IntegrationTests.dll" adapterTypeName="executor://nunit3testexecutor/" className="CHG.IdentityProvider.IntegrationTests.Middleware.ScimUserSyncMiddlewareTests+CreatingANewUserViaScim" name="Persists_Only_Primary_PhoneNumber" />
    </UnitTest>
    <UnitTest name="Should_Return_Bad_Request(&quot;/Account/Login?ReturnUrl=-4645%29%20ORDER%20BY%201%23&quot;)" storage="d:\agents\smith05.01\_work\257\s\tests\chg.identityprovider.integrationtests\bin\release\net9.0\chg.identityprovider.integrationtests.dll" id="e34b5303-106d-fcf5-8d38-a3b10082c162">
      <Execution id="0c57cdd7-c3ab-40c1-b91e-a97fb5c72000" />
      <TestMethod codeBase="D:\Agents\smith05.01\_work\257\s\tests\CHG.IdentityProvider.IntegrationTests\bin\Release\net9.0\CHG.IdentityProvider.IntegrationTests.dll" adapterTypeName="executor://nunit3testexecutor/" className="CHG.IdentityProvider.IntegrationTests.Middleware.MaliciousRequestsDetectionMiddlewareTests" name="Should_Return_Bad_Request(&quot;/Account/Login?ReturnUrl=-4645%29%20ORDER%20BY%201%23&quot;)" />
    </UnitTest>
    <UnitTest name="EDGE_81_WIN" storage="d:\agents\smith05.01\_work\257\s\tests\chg.identityprovider.integrationtests\bin\release\net9.0\chg.identityprovider.integrationtests.dll" id="e6f0fbdc-89d7-c256-6e4a-ab71c4a24421">
      <Execution id="f1237f91-4a49-4523-bbbd-b02506bcacee" />
      <TestMethod codeBase="D:\Agents\smith05.01\_work\257\s\tests\CHG.IdentityProvider.IntegrationTests\bin\Release\net9.0\CHG.IdentityProvider.IntegrationTests.dll" adapterTypeName="executor://nunit3testexecutor/" className="CHG.IdentityProvider.IntegrationTests.CookiesTests+SameSitePolicyTests" name="EDGE_81_WIN" />
    </UnitTest>
    <UnitTest name="Should_Return_Bad_Request(&quot;/Account/Login?ReturnUrl=-7483%25%27%20UNION%20ALL%20SELECT%20NULL%2CNULL%2CNULL%2CNULL%2CNULL%2CNULL%2CNULL%2CNULL%2CNULL%2C%27qqqjq%27%7C%7C%27zMRZcaxOpo%27%7C%7C%27qkqkq%27--%20vRgC&quot;)" storage="d:\agents\smith05.01\_work\257\s\tests\chg.identityprovider.integrationtests\bin\release\net9.0\chg.identityprovider.integrationtests.dll" id="b7d06ab3-b861-f971-c742-54ebcff66b8b">
      <Execution id="c8eb216c-5265-4a58-ba7d-d172701fd32b" />
      <TestMethod codeBase="D:\Agents\smith05.01\_work\257\s\tests\CHG.IdentityProvider.IntegrationTests\bin\Release\net9.0\CHG.IdentityProvider.IntegrationTests.dll" adapterTypeName="executor://nunit3testexecutor/" className="CHG.IdentityProvider.IntegrationTests.Middleware.MaliciousRequestsDetectionMiddlewareTests" name="Should_Return_Bad_Request(&quot;/Account/Login?ReturnUrl=-7483%25%27%20UNION%20ALL%20SELECT%20NULL%2CNULL%2CNULL%2CNULL%2CNULL%2CNULL%2CNULL%2CNULL%2CNULL%2C%27qqqjq%27%7C%7C%27zMRZcaxOpo%27%7C%7C%27qkqkq%27--%20vRgC&quot;)" />
    </UnitTest>
    <UnitTest name="Should_Return_Bad_Request(&quot;/Account/Login?ReturnUrl=-1779%25%27%20UNION%20ALL%20SELECT%20NULL%2CNULL%2C%27qqqjq%27%7C%7C%27InctpQSKvx%27%7C%7C%27qkqkq%27%2CNULL%2CNULL%2CNULL%2CNULL%2CNULL%2CNULL%2CNULL--%20mtti&quot;)" storage="d:\agents\smith05.01\_work\257\s\tests\chg.identityprovider.integrationtests\bin\release\net9.0\chg.identityprovider.integrationtests.dll" id="7a6f03c8-8318-f2b5-14b5-f18bf31d4755">
      <Execution id="3e6b1a60-3708-43fd-b05a-1206fc2e0727" />
      <TestMethod codeBase="D:\Agents\smith05.01\_work\257\s\tests\CHG.IdentityProvider.IntegrationTests\bin\Release\net9.0\CHG.IdentityProvider.IntegrationTests.dll" adapterTypeName="executor://nunit3testexecutor/" className="CHG.IdentityProvider.IntegrationTests.Middleware.MaliciousRequestsDetectionMiddlewareTests" name="Should_Return_Bad_Request(&quot;/Account/Login?ReturnUrl=-1779%25%27%20UNION%20ALL%20SELECT%20NULL%2CNULL%2C%27qqqjq%27%7C%7C%27InctpQSKvx%27%7C%7C%27qkqkq%27%2CNULL%2CNULL%2CNULL%2CNULL%2CNULL%2CNULL%2CNULL--%20mtti&quot;)" />
    </UnitTest>
    <UnitTest name="Returns_Updated_User" storage="d:\agents\smith05.01\_work\257\s\tests\chg.identityprovider.integrationtests\bin\release\net9.0\chg.identityprovider.integrationtests.dll" id="75419b35-dc91-9671-fbf3-be8565de2714">
      <Execution id="3fe9c696-2e10-4f7e-851c-76bfbb15b95b" />
      <TestMethod codeBase="D:\Agents\smith05.01\_work\257\s\tests\CHG.IdentityProvider.IntegrationTests\bin\Release\net9.0\CHG.IdentityProvider.IntegrationTests.dll" adapterTypeName="executor://nunit3testexecutor/" className="CHG.IdentityProvider.IntegrationTests.Api.UserApiTests+UpdateMethod" name="Returns_Updated_User" />
    </UnitTest>
    <UnitTest name="Contains_UserId_Claim_As_Attribute" storage="d:\agents\smith05.01\_work\257\s\tests\chg.identityprovider.integrationtests\bin\release\net9.0\chg.identityprovider.integrationtests.dll" id="71ad2690-7e65-b4ed-8021-f909a9d778a9">
      <Execution id="86b20a39-834e-4ddb-888c-78031a460eb2" />
      <TestMethod codeBase="D:\Agents\smith05.01\_work\257\s\tests\CHG.IdentityProvider.IntegrationTests\bin\Release\net9.0\CHG.IdentityProvider.IntegrationTests.dll" adapterTypeName="executor://nunit3testexecutor/" className="CHG.IdentityProvider.IntegrationTests.Login.SamlTests+Login" name="Contains_UserId_Claim_As_Attribute" />
    </UnitTest>
    <UnitTest name="ANDROID_S9" storage="d:\agents\smith05.01\_work\257\s\tests\chg.identityprovider.integrationtests\bin\release\net9.0\chg.identityprovider.integrationtests.dll" id="6a2ad398-163f-5780-74bc-df4eb9dc1499">
      <Execution id="1d76a4ac-8018-4f6b-8902-4c2b2c131bca" />
      <TestMethod codeBase="D:\Agents\smith05.01\_work\257\s\tests\CHG.IdentityProvider.IntegrationTests\bin\Release\net9.0\CHG.IdentityProvider.IntegrationTests.dll" adapterTypeName="executor://nunit3testexecutor/" className="CHG.IdentityProvider.IntegrationTests.CookiesTests+SameSitePolicyTests" name="ANDROID_S9" />
    </UnitTest>
    <UnitTest name="Should_Return_Bad_Request(&quot;/Account/Login?ReturnUrl=-5757%27%20ORDER%20BY%201%23&quot;)" storage="d:\agents\smith05.01\_work\257\s\tests\chg.identityprovider.integrationtests\bin\release\net9.0\chg.identityprovider.integrationtests.dll" id="d66b8402-bdec-b5de-61a9-d8a05f0a58fd">
      <Execution id="ff320dee-ffb8-4036-b371-0bcf857ea40c" />
      <TestMethod codeBase="D:\Agents\smith05.01\_work\257\s\tests\CHG.IdentityProvider.IntegrationTests\bin\Release\net9.0\CHG.IdentityProvider.IntegrationTests.dll" adapterTypeName="executor://nunit3testexecutor/" className="CHG.IdentityProvider.IntegrationTests.Middleware.MaliciousRequestsDetectionMiddlewareTests" name="Should_Return_Bad_Request(&quot;/Account/Login?ReturnUrl=-5757%27%20ORDER%20BY%201%23&quot;)" />
    </UnitTest>
    <UnitTest name="Should_Return_Bad_Request_For_Posts(&quot;/Account/Login?ReturnUrl=-4236%27%29%20UNION%20ALL%20SELECT%2063%2C63%2C63%2C63%2C63%2C63%2C63%2C63%2C63%2C63%23&quot;)" storage="d:\agents\smith05.01\_work\257\s\tests\chg.identityprovider.integrationtests\bin\release\net9.0\chg.identityprovider.integrationtests.dll" id="63938eb2-b1af-bc6e-9c2a-5e38a3f83e9a">
      <Execution id="445469aa-d60c-42cd-8b6b-c922ce8c7172" />
      <TestMethod codeBase="D:\Agents\smith05.01\_work\257\s\tests\CHG.IdentityProvider.IntegrationTests\bin\Release\net9.0\CHG.IdentityProvider.IntegrationTests.dll" adapterTypeName="executor://nunit3testexecutor/" className="CHG.IdentityProvider.IntegrationTests.Middleware.MaliciousRequestsDetectionMiddlewareTests" name="Should_Return_Bad_Request_For_Posts(&quot;/Account/Login?ReturnUrl=-4236%27%29%20UNION%20ALL%20SELECT%2063%2C63%2C63%2C63%2C63%2C63%2C63%2C63%2C63%2C63%23&quot;)" />
    </UnitTest>
    <UnitTest name="Should_Return_Bad_Request(&quot;/Account/Login?ReturnUrl=-7606%25%27%20UNION%20ALL%20SELECT%20NULL%2CNULL%2CNULL%2CNULL%2C%27qqqjq%27%7C%7C%27gqFLhAKkqd%27%7C%7C%27qkqkq%27%2CNULL%2CNULL%2CNULL%2CNULL%2CNULL--%20OPLU&quot;)" storage="d:\agents\smith05.01\_work\257\s\tests\chg.identityprovider.integrationtests\bin\release\net9.0\chg.identityprovider.integrationtests.dll" id="ef655dbb-a6ca-745d-6990-e50e80c81c20">
      <Execution id="670c978a-ed0b-47b0-ae4f-71c0b5b11697" />
      <TestMethod codeBase="D:\Agents\smith05.01\_work\257\s\tests\CHG.IdentityProvider.IntegrationTests\bin\Release\net9.0\CHG.IdentityProvider.IntegrationTests.dll" adapterTypeName="executor://nunit3testexecutor/" className="CHG.IdentityProvider.IntegrationTests.Middleware.MaliciousRequestsDetectionMiddlewareTests" name="Should_Return_Bad_Request(&quot;/Account/Login?ReturnUrl=-7606%25%27%20UNION%20ALL%20SELECT%20NULL%2CNULL%2CNULL%2CNULL%2C%27qqqjq%27%7C%7C%27gqFLhAKkqd%27%7C%7C%27qkqkq%27%2CNULL%2CNULL%2CNULL%2CNULL%2CNULL--%20OPLU&quot;)" />
    </UnitTest>
    <UnitTest name="SAFARI_MAC_CATALINA" storage="d:\agents\smith05.01\_work\257\s\tests\chg.identityprovider.integrationtests\bin\release\net9.0\chg.identityprovider.integrationtests.dll" id="ce222fbf-671f-d186-1e02-afb998328605">
      <Execution id="2e0bd179-949d-4319-b7d0-46e7b363e0a8" />
      <TestMethod codeBase="D:\Agents\smith05.01\_work\257\s\tests\CHG.IdentityProvider.IntegrationTests\bin\Release\net9.0\CHG.IdentityProvider.IntegrationTests.dll" adapterTypeName="executor://nunit3testexecutor/" className="CHG.IdentityProvider.IntegrationTests.CookiesTests+SameSitePolicyTests" name="SAFARI_MAC_CATALINA" />
    </UnitTest>
    <UnitTest name="CreateAndEditAzureProvider" storage="d:\agents\smith05.01\_work\257\s\tests\chg.identityprovider.integrationtests\bin\release\net9.0\chg.identityprovider.integrationtests.dll" id="b6e6f5b5-6d2b-b877-928d-b15112c99fbc">
      <Execution id="8e50fe7e-afb6-46fa-89b1-3656eb97b806" />
      <TestMethod codeBase="D:\Agents\smith05.01\_work\257\s\tests\CHG.IdentityProvider.IntegrationTests\bin\Release\net9.0\CHG.IdentityProvider.IntegrationTests.dll" adapterTypeName="executor://nunit3testexecutor/" className="CHG.IdentityProvider.IntegrationTests.Controllers.LoginProvidersControllerTests+WorkFlowTests" name="CreateAndEditAzureProvider" />
    </UnitTest>
    <UnitTest name="Returns_Not_Found_For_Invalid_Id" storage="d:\agents\smith05.01\_work\257\s\tests\chg.identityprovider.integrationtests\bin\release\net9.0\chg.identityprovider.integrationtests.dll" id="b2fe835a-a122-f684-859f-2786027d1faf">
      <Execution id="199c1f3b-7f9d-4fc6-af50-c68c6b9d1260" />
      <TestMethod codeBase="D:\Agents\smith05.01\_work\257\s\tests\CHG.IdentityProvider.IntegrationTests\bin\Release\net9.0\CHG.IdentityProvider.IntegrationTests.dll" adapterTypeName="executor://nunit3testexecutor/" className="CHG.IdentityProvider.IntegrationTests.Controllers.MaintenanceControllerTests+UsersDetailMethod" name="Returns_Not_Found_For_Invalid_Id" />
    </UnitTest>
    <UnitTest name="Should_Return_Bad_Request(&quot;/Account/Login?ReturnUrl=-8683%29%20UNION%20ALL%20SELECT%2063%2C63%2C63%2C63%2C63%23&quot;)" storage="d:\agents\smith05.01\_work\257\s\tests\chg.identityprovider.integrationtests\bin\release\net9.0\chg.identityprovider.integrationtests.dll" id="b452a35d-4209-f2e9-c2f2-beeeadbeea73">
      <Execution id="d6ea4f89-7b89-4c27-ad43-e786ab6f0df7" />
      <TestMethod codeBase="D:\Agents\smith05.01\_work\257\s\tests\CHG.IdentityProvider.IntegrationTests\bin\Release\net9.0\CHG.IdentityProvider.IntegrationTests.dll" adapterTypeName="executor://nunit3testexecutor/" className="CHG.IdentityProvider.IntegrationTests.Middleware.MaliciousRequestsDetectionMiddlewareTests" name="Should_Return_Bad_Request(&quot;/Account/Login?ReturnUrl=-8683%29%20UNION%20ALL%20SELECT%2063%2C63%2C63%2C63%2C63%23&quot;)" />
    </UnitTest>
    <UnitTest name="Should_Return_Bad_Request_For_Posts(&quot;/Account/Login?ReturnUrl=-3182%20UNION%20ALL%20SELECT%2063%2C63%2C63%23&quot;)" storage="d:\agents\smith05.01\_work\257\s\tests\chg.identityprovider.integrationtests\bin\release\net9.0\chg.identityprovider.integrationtests.dll" id="7cd4ca35-51f4-2947-7ecb-88baca9086cc">
      <Execution id="1288052f-6e8c-49d0-9e1c-8e8e5788ab20" />
      <TestMethod codeBase="D:\Agents\smith05.01\_work\257\s\tests\CHG.IdentityProvider.IntegrationTests\bin\Release\net9.0\CHG.IdentityProvider.IntegrationTests.dll" adapterTypeName="executor://nunit3testexecutor/" className="CHG.IdentityProvider.IntegrationTests.Middleware.MaliciousRequestsDetectionMiddlewareTests" name="Should_Return_Bad_Request_For_Posts(&quot;/Account/Login?ReturnUrl=-3182%20UNION%20ALL%20SELECT%2063%2C63%2C63%23&quot;)" />
    </UnitTest>
    <UnitTest name="Should_Return_Bad_Request(&quot;/Account/Login?ReturnUrl=-8248%27%29%20UNION%20ALL%20SELECT%20NULL%2CNULL%2CNULL%2CNULL%2CNULL%2CNULL%2C%27qqqjq%27%7C%7C%27zctwFYNirpADLrTiCkvdNvBzocrmMfjItHDhYkSF%27%7C%7C%27qkqkq%27%2CNULL--%20tBIC&quot;)" storage="d:\agents\smith05.01\_work\257\s\tests\chg.identityprovider.integrationtests\bin\release\net9.0\chg.identityprovider.integrationtests.dll" id="e87596c4-7129-65b7-9c7f-02902f571f29">
      <Execution id="82c9d926-e0f2-4572-99f1-a983f7e7fa88" />
      <TestMethod codeBase="D:\Agents\smith05.01\_work\257\s\tests\CHG.IdentityProvider.IntegrationTests\bin\Release\net9.0\CHG.IdentityProvider.IntegrationTests.dll" adapterTypeName="executor://nunit3testexecutor/" className="CHG.IdentityProvider.IntegrationTests.Middleware.MaliciousRequestsDetectionMiddlewareTests" name="Should_Return_Bad_Request(&quot;/Account/Login?ReturnUrl=-8248%27%29%20UNION%20ALL%20SELECT%20NULL%2CNULL%2CNULL%2CNULL%2CNULL%2CNULL%2C%27qqqjq%27%7C%7C%27zctwFYNirpADLrTiCkvdNvBzocrmMfjItHDhYkSF%27%7C%7C%27qkqkq%27%2CNULL--%20tBIC&quot;)" />
    </UnitTest>
    <UnitTest name="Should_Return_Bad_Request(&quot;/Account/Login?ReturnUrl=-6880%25%27%20UNION%20ALL%20SELECT%20NULL%2CNULL%2CNULL%2CNULL%2CNULL%2CNULL%2C%27qqqjq%27%7C%7C%27fMuFZvsddRGvIcsTosuezWFwTLYdIwjGWSnLNClZ%27%7C%7C%27qkqkq%27%2CNULL%2CNULL%2CNULL--%20fBcw&quot;)" storage="d:\agents\smith05.01\_work\257\s\tests\chg.identityprovider.integrationtests\bin\release\net9.0\chg.identityprovider.integrationtests.dll" id="14c1f215-4e58-e8c0-ffc7-ab5d09c4f3b3">
      <Execution id="19307f22-4959-4565-a82f-584e23e7aea9" />
      <TestMethod codeBase="D:\Agents\smith05.01\_work\257\s\tests\CHG.IdentityProvider.IntegrationTests\bin\Release\net9.0\CHG.IdentityProvider.IntegrationTests.dll" adapterTypeName="executor://nunit3testexecutor/" className="CHG.IdentityProvider.IntegrationTests.Middleware.MaliciousRequestsDetectionMiddlewareTests" name="Should_Return_Bad_Request(&quot;/Account/Login?ReturnUrl=-6880%25%27%20UNION%20ALL%20SELECT%20NULL%2CNULL%2CNULL%2CNULL%2CNULL%2CNULL%2C%27qqqjq%27%7C%7C%27fMuFZvsddRGvIcsTosuezWFwTLYdIwjGWSnLNClZ%27%7C%7C%27qkqkq%27%2CNULL%2CNULL%2CNULL--%20fBcw&quot;)" />
    </UnitTest>
    <UnitTest name="Should_Return_Bad_Request_For_Posts(&quot;/Account/Login?ReturnUrl=-9320%20UNION%20ALL%20SELECT%2063%2C63%2C63%2C63%2C63%2C63%2C63%23&quot;)" storage="d:\agents\smith05.01\_work\257\s\tests\chg.identityprovider.integrationtests\bin\release\net9.0\chg.identityprovider.integrationtests.dll" id="816e3788-abee-3c05-191b-d6dcf1748555">
      <Execution id="5fd69381-3a36-4ec2-a0b3-27f7838e1e8c" />
      <TestMethod codeBase="D:\Agents\smith05.01\_work\257\s\tests\CHG.IdentityProvider.IntegrationTests\bin\Release\net9.0\CHG.IdentityProvider.IntegrationTests.dll" adapterTypeName="executor://nunit3testexecutor/" className="CHG.IdentityProvider.IntegrationTests.Middleware.MaliciousRequestsDetectionMiddlewareTests" name="Should_Return_Bad_Request_For_Posts(&quot;/Account/Login?ReturnUrl=-9320%20UNION%20ALL%20SELECT%2063%2C63%2C63%2C63%2C63%2C63%2C63%23&quot;)" />
    </UnitTest>
    <UnitTest name="Should_Return_NotFound_Instead_Of_Crashing" storage="d:\agents\smith05.01\_work\257\s\tests\chg.identityprovider.integrationtests\bin\release\net9.0\chg.identityprovider.integrationtests.dll" id="4ec92037-0c64-1a7b-034c-bfecc9924ecc">
      <Execution id="fd4dcb94-fd20-41cf-9df4-cc789ea62c3e" />
      <TestMethod codeBase="D:\Agents\smith05.01\_work\257\s\tests\CHG.IdentityProvider.IntegrationTests\bin\Release\net9.0\CHG.IdentityProvider.IntegrationTests.dll" adapterTypeName="executor://nunit3testexecutor/" className="CHG.IdentityProvider.IntegrationTests.Middleware.MaliciousRequestsDetectionMiddlewareTests" name="Should_Return_NotFound_Instead_Of_Crashing" />
    </UnitTest>
    <UnitTest name="Should_Return_Bad_Request(&quot;/Account/Login?ReturnUrl=-7360%20UNION%20ALL%20SELECT%2063%2C63%2C63%2C63%23&quot;)" storage="d:\agents\smith05.01\_work\257\s\tests\chg.identityprovider.integrationtests\bin\release\net9.0\chg.identityprovider.integrationtests.dll" id="7b0bc669-b274-da7d-cf92-28eb411e2616">
      <Execution id="607ff71b-ae58-4f08-a750-562755112d1f" />
      <TestMethod codeBase="D:\Agents\smith05.01\_work\257\s\tests\CHG.IdentityProvider.IntegrationTests\bin\Release\net9.0\CHG.IdentityProvider.IntegrationTests.dll" adapterTypeName="executor://nunit3testexecutor/" className="CHG.IdentityProvider.IntegrationTests.Middleware.MaliciousRequestsDetectionMiddlewareTests" name="Should_Return_Bad_Request(&quot;/Account/Login?ReturnUrl=-7360%20UNION%20ALL%20SELECT%2063%2C63%2C63%2C63%23&quot;)" />
    </UnitTest>
    <UnitTest name="Returns_Details_For_Reader" storage="d:\agents\smith05.01\_work\257\s\tests\chg.identityprovider.integrationtests\bin\release\net9.0\chg.identityprovider.integrationtests.dll" id="2b9bc7f6-633c-7ae2-c3b9-8c7118fdb509">
      <Execution id="8ad3b5f9-26ed-444c-8108-7fb97576a4f4" />
      <TestMethod codeBase="D:\Agents\smith05.01\_work\257\s\tests\CHG.IdentityProvider.IntegrationTests\bin\Release\net9.0\CHG.IdentityProvider.IntegrationTests.dll" adapterTypeName="executor://nunit3testexecutor/" className="CHG.IdentityProvider.IntegrationTests.Controllers.MaintenanceControllerTests+UsersDetailMethod" name="Returns_Details_For_Reader" />
    </UnitTest>
    <UnitTest name="Should_Return_Bad_Request(&quot;/Account/Login?ReturnUrl=%28SELECT%20%28CHR%28113%29%7C%7CCHR%28113%29%7C%7CCHR%28113%29%7C%7CCHR%28106%29%7C%7CCHR%28113%29%29%7C%7C%28SELECT%20%28CASE%20WHEN%20%287230%3D7230%29%20THEN%201%20ELSE%200%20END%29%29%3A%3Atext%7C%7C%28CHR%28113%29%7C%7CCHR%28107%29%7C%7CCHR%28113%29%7C%7CCHR%28107%29%7C%7CCHR%28113%29%29%29&quot;)" storage="d:\agents\smith05.01\_work\257\s\tests\chg.identityprovider.integrationtests\bin\release\net9.0\chg.identityprovider.integrationtests.dll" id="8f90776b-f34c-793e-1f7d-6fc8734a73a7">
      <Execution id="97e05b4f-8474-4559-9e70-c6de1e8c9146" />
      <TestMethod codeBase="D:\Agents\smith05.01\_work\257\s\tests\CHG.IdentityProvider.IntegrationTests\bin\Release\net9.0\CHG.IdentityProvider.IntegrationTests.dll" adapterTypeName="executor://nunit3testexecutor/" className="CHG.IdentityProvider.IntegrationTests.Middleware.MaliciousRequestsDetectionMiddlewareTests" name="Should_Return_Bad_Request(&quot;/Account/Login?ReturnUrl=%28SELECT%20%28CHR%28113%29%7C%7CCHR%28113%29%7C%7CCHR%28113%29%7C%7CCHR%28106%29%7C%7CCHR%28113%29%29%7C%7C%28SELECT%20%28CASE%20WHEN%20%287230%3D7230%29%20THEN%201%20ELSE%200%20END%29%29%3A%3Atext%7C%7C%28CHR%28113%29%7C%7CCHR%28107%29%7C%7CCHR%28113%29%7C%7CCHR%28107%29%7C%7CCHR%28113%29%29%29&quot;)" />
    </UnitTest>
    <UnitTest name="Does_Not_Throw_On_Empty_Import_Directory" storage="d:\agents\smith05.01\_work\257\s\tests\chg.identityprovider.integrationtests\bin\release\net9.0\chg.identityprovider.integrationtests.dll" id="10822486-5613-712f-753d-b793e90e3e4e">
      <Execution id="f615dbc0-4d49-4549-9858-39ce4f317be5" />
      <TestMethod codeBase="D:\Agents\smith05.01\_work\257\s\tests\CHG.IdentityProvider.IntegrationTests\bin\Release\net9.0\CHG.IdentityProvider.IntegrationTests.dll" adapterTypeName="executor://nunit3testexecutor/" className="CHG.IdentityProvider.IntegrationTests.DataInitializerHostedServiceTests" name="Does_Not_Throw_On_Empty_Import_Directory" />
    </UnitTest>
    <UnitTest name="Returns_LoginRequest_When_Not_Logged_In" storage="d:\agents\smith05.01\_work\257\s\tests\chg.identityprovider.integrationtests\bin\release\net9.0\chg.identityprovider.integrationtests.dll" id="e64d2c5e-99de-6674-937d-4308e9e23a93">
      <Execution id="42059ee5-f5eb-4cd8-bf90-0cfd788189fb" />
      <TestMethod codeBase="D:\Agents\smith05.01\_work\257\s\tests\CHG.IdentityProvider.IntegrationTests\bin\Release\net9.0\CHG.IdentityProvider.IntegrationTests.dll" adapterTypeName="executor://nunit3testexecutor/" className="CHG.IdentityProvider.IntegrationTests.Controllers.LoginProvidersControllerTests+DetailsTests" name="Returns_LoginRequest_When_Not_Logged_In" />
    </UnitTest>
    <UnitTest name="Should_Return_Bad_Request_For_Posts(&quot;/Account/Login?ReturnUrl=-1779%25%27%20UNION%20ALL%20SELECT%20NULL%2CNULL%2C%27qqqjq%27%7C%7C%27InctpQSKvx%27%7C%7C%27qkqkq%27%2CNULL%2CNULL%2CNULL%2CNULL%2CNULL%2CNULL%2CNULL--%20mtti&quot;)" storage="d:\agents\smith05.01\_work\257\s\tests\chg.identityprovider.integrationtests\bin\release\net9.0\chg.identityprovider.integrationtests.dll" id="b64a536a-d9ec-776b-4b26-b3b7c2cfc91b">
      <Execution id="e1f7855f-ed9e-46c9-9977-d19bb93cee82" />
      <TestMethod codeBase="D:\Agents\smith05.01\_work\257\s\tests\CHG.IdentityProvider.IntegrationTests\bin\Release\net9.0\CHG.IdentityProvider.IntegrationTests.dll" adapterTypeName="executor://nunit3testexecutor/" className="CHG.IdentityProvider.IntegrationTests.Middleware.MaliciousRequestsDetectionMiddlewareTests" name="Should_Return_Bad_Request_For_Posts(&quot;/Account/Login?ReturnUrl=-1779%25%27%20UNION%20ALL%20SELECT%20NULL%2CNULL%2C%27qqqjq%27%7C%7C%27InctpQSKvx%27%7C%7C%27qkqkq%27%2CNULL%2CNULL%2CNULL%2CNULL%2CNULL%2CNULL%2CNULL--%20mtti&quot;)" />
    </UnitTest>
    <UnitTest name="Should_Return_Bad_Request_For_Posts(&quot;/Account/Login?ReturnUrl=-3316%25%27%20UNION%20ALL%20SELECT%20NULL%2CNULL%2CNULL%2CNULL%2CNULL%2CNULL%2CNULL%2CNULL%2C%27qqqjq%27%7C%7C%27kHqVdbPUigmFOqphGtASbRzsNrhdroorbVtzEyjq%27%7C%7C%27qkqkq%27%2CNULL--%20Ppiv&quot;)" storage="d:\agents\smith05.01\_work\257\s\tests\chg.identityprovider.integrationtests\bin\release\net9.0\chg.identityprovider.integrationtests.dll" id="379e7fb0-fbca-9174-e7b1-dae3e999eb11">
      <Execution id="5cd26097-c2e7-42f7-8e26-7f9ae1211955" />
      <TestMethod codeBase="D:\Agents\smith05.01\_work\257\s\tests\CHG.IdentityProvider.IntegrationTests\bin\Release\net9.0\CHG.IdentityProvider.IntegrationTests.dll" adapterTypeName="executor://nunit3testexecutor/" className="CHG.IdentityProvider.IntegrationTests.Middleware.MaliciousRequestsDetectionMiddlewareTests" name="Should_Return_Bad_Request_For_Posts(&quot;/Account/Login?ReturnUrl=-3316%25%27%20UNION%20ALL%20SELECT%20NULL%2CNULL%2CNULL%2CNULL%2CNULL%2CNULL%2CNULL%2CNULL%2C%27qqqjq%27%7C%7C%27kHqVdbPUigmFOqphGtASbRzsNrhdroorbVtzEyjq%27%7C%7C%27qkqkq%27%2CNULL--%20Ppiv&quot;)" />
    </UnitTest>
    <UnitTest name="Should_Return_Bad_Request(&quot;/Account/Login?ReturnUrl=-2316%20UNION%20ALL%20SELECT%2063%2C63%2C63%2C63%2C63%2C63%2C63%2C63%2C63%2C63%23&quot;)" storage="d:\agents\smith05.01\_work\257\s\tests\chg.identityprovider.integrationtests\bin\release\net9.0\chg.identityprovider.integrationtests.dll" id="ae5ae797-5b03-560e-5d5b-3381df3838d4">
      <Execution id="6efaef57-3fea-4d87-9410-309d2f33148c" />
      <TestMethod codeBase="D:\Agents\smith05.01\_work\257\s\tests\CHG.IdentityProvider.IntegrationTests\bin\Release\net9.0\CHG.IdentityProvider.IntegrationTests.dll" adapterTypeName="executor://nunit3testexecutor/" className="CHG.IdentityProvider.IntegrationTests.Middleware.MaliciousRequestsDetectionMiddlewareTests" name="Should_Return_Bad_Request(&quot;/Account/Login?ReturnUrl=-2316%20UNION%20ALL%20SELECT%2063%2C63%2C63%2C63%2C63%2C63%2C63%2C63%2C63%2C63%23&quot;)" />
    </UnitTest>
    <UnitTest name="Returns_Forbidden_When_Scope_Is_Not_Valid(&quot;/api/v1.0/users/&quot;)" storage="d:\agents\smith05.01\_work\257\s\tests\chg.identityprovider.integrationtests\bin\release\net9.0\chg.identityprovider.integrationtests.dll" id="9d968e4f-1aee-1b0d-c5e0-b23790a60880">
      <Execution id="06dfea4c-6fd1-4c83-b142-311bf5a84ed5" />
      <TestMethod codeBase="D:\Agents\smith05.01\_work\257\s\tests\CHG.IdentityProvider.IntegrationTests\bin\Release\net9.0\CHG.IdentityProvider.IntegrationTests.dll" adapterTypeName="executor://nunit3testexecutor/" className="CHG.IdentityProvider.IntegrationTests.Api.UserApiTests+GetByIdMethod" name="Returns_Forbidden_When_Scope_Is_Not_Valid(&quot;/api/v1.0/users/&quot;)" />
    </UnitTest>
    <UnitTest name="Can_Be_Called_From_User_With_CHGEmployee_Claim_And_Correct_Client_Scope(&quot;/api/v1.0/users/unconfirmed@example.com/invite&quot;)" storage="d:\agents\smith05.01\_work\257\s\tests\chg.identityprovider.integrationtests\bin\release\net9.0\chg.identityprovider.integrationtests.dll" id="26869ea4-a77f-8a93-1c7e-4c8b16311843">
      <Execution id="ac0cab35-05ff-4b6a-93dd-6b74d43c5766" />
      <TestMethod codeBase="D:\Agents\smith05.01\_work\257\s\tests\CHG.IdentityProvider.IntegrationTests\bin\Release\net9.0\CHG.IdentityProvider.IntegrationTests.dll" adapterTypeName="executor://nunit3testexecutor/" className="CHG.IdentityProvider.IntegrationTests.Api.UserApiTests+InviteMethod" name="Can_Be_Called_From_User_With_CHGEmployee_Claim_And_Correct_Client_Scope(&quot;/api/v1.0/users/unconfirmed@example.com/invite&quot;)" />
    </UnitTest>
    <UnitTest name="Returns_Success(&quot;mvc&quot;)" storage="d:\agents\smith05.01\_work\257\s\tests\chg.identityprovider.integrationtests\bin\release\net9.0\chg.identityprovider.integrationtests.dll" id="9d82869e-08db-c6fe-9534-e4d53bf2f481">
      <Execution id="f19be062-0242-49b3-b588-e688b898bb07" />
      <TestMethod codeBase="D:\Agents\smith05.01\_work\257\s\tests\CHG.IdentityProvider.IntegrationTests\bin\Release\net9.0\CHG.IdentityProvider.IntegrationTests.dll" adapterTypeName="executor://nunit3testexecutor/" className="CHG.IdentityProvider.IntegrationTests.Controllers.InviteUserControllerTests+PostMethod" name="Returns_Success(&quot;mvc&quot;)" />
    </UnitTest>
    <UnitTest name="Can_Overwrite_Values" storage="d:\agents\smith05.01\_work\257\s\tests\chg.identityprovider.integrationtests\bin\release\net9.0\chg.identityprovider.integrationtests.dll" id="c0dcf77f-ead3-be26-10c5-4d6172c94f16">
      <Execution id="c937559d-1e22-4a13-902d-1a165babe3a7" />
      <TestMethod codeBase="D:\Agents\smith05.01\_work\257\s\tests\CHG.IdentityProvider.IntegrationTests\bin\Release\net9.0\CHG.IdentityProvider.IntegrationTests.dll" adapterTypeName="executor://nunit3testexecutor/" className="CHG.IdentityProvider.IntegrationTests.DataInitializerHostedServiceTests" name="Can_Overwrite_Values" />
    </UnitTest>
    <UnitTest name="Should_Return_Bad_Request(&quot;/Account/Login?ReturnUrl=-2065%25%27%20UNION%20ALL%20SELECT%2063%2C63%2C63%2C63%2C63%2C63%2C63%23&quot;)" storage="d:\agents\smith05.01\_work\257\s\tests\chg.identityprovider.integrationtests\bin\release\net9.0\chg.identityprovider.integrationtests.dll" id="1f742154-6861-6578-9414-0e9a3eece60e">
      <Execution id="0a86d2e0-afda-4be6-b018-14256e70a5d5" />
      <TestMethod codeBase="D:\Agents\smith05.01\_work\257\s\tests\CHG.IdentityProvider.IntegrationTests\bin\Release\net9.0\CHG.IdentityProvider.IntegrationTests.dll" adapterTypeName="executor://nunit3testexecutor/" className="CHG.IdentityProvider.IntegrationTests.Middleware.MaliciousRequestsDetectionMiddlewareTests" name="Should_Return_Bad_Request(&quot;/Account/Login?ReturnUrl=-2065%25%27%20UNION%20ALL%20SELECT%2063%2C63%2C63%2C63%2C63%2C63%2C63%23&quot;)" />
    </UnitTest>
    <UnitTest name="Should_Return_Bad_Request_For_Posts(&quot;/Account/Login?ReturnUrl=-4253%27%29%20UNION%20ALL%20SELECT%2063%2C63%2C%27qqqjq%27%7C%7C%27iSEoivMCWmmUyjlfRyrKahdXgnlVfPRqcmwYNrnq%27%7C%7C%27qkqkq%27%2C63%2C63%2C63%2C63%2C63--%20IMhI&quot;)" storage="d:\agents\smith05.01\_work\257\s\tests\chg.identityprovider.integrationtests\bin\release\net9.0\chg.identityprovider.integrationtests.dll" id="94b6e7bc-9826-a0e2-3997-caebe16602e1">
      <Execution id="ba16c6bc-2bda-4d62-8b41-c9f61c8c5f64" />
      <TestMethod codeBase="D:\Agents\smith05.01\_work\257\s\tests\CHG.IdentityProvider.IntegrationTests\bin\Release\net9.0\CHG.IdentityProvider.IntegrationTests.dll" adapterTypeName="executor://nunit3testexecutor/" className="CHG.IdentityProvider.IntegrationTests.Middleware.MaliciousRequestsDetectionMiddlewareTests" name="Should_Return_Bad_Request_For_Posts(&quot;/Account/Login?ReturnUrl=-4253%27%29%20UNION%20ALL%20SELECT%2063%2C63%2C%27qqqjq%27%7C%7C%27iSEoivMCWmmUyjlfRyrKahdXgnlVfPRqcmwYNrnq%27%7C%7C%27qkqkq%27%2C63%2C63%2C63%2C63%2C63--%20IMhI&quot;)" />
    </UnitTest>
    <UnitTest name="Should_Return_Bad_Request_For_Posts(&quot;/Account/Login?ReturnUrl=-7681%20UNION%20ALL%20SELECT%2063%23&quot;)" storage="d:\agents\smith05.01\_work\257\s\tests\chg.identityprovider.integrationtests\bin\release\net9.0\chg.identityprovider.integrationtests.dll" id="a6b4762e-00db-a344-b501-3ae2e1e3fd44">
      <Execution id="b9beb36a-e3d2-4747-ae57-bcb2d9a2546f" />
      <TestMethod codeBase="D:\Agents\smith05.01\_work\257\s\tests\CHG.IdentityProvider.IntegrationTests\bin\Release\net9.0\CHG.IdentityProvider.IntegrationTests.dll" adapterTypeName="executor://nunit3testexecutor/" className="CHG.IdentityProvider.IntegrationTests.Middleware.MaliciousRequestsDetectionMiddlewareTests" name="Should_Return_Bad_Request_For_Posts(&quot;/Account/Login?ReturnUrl=-7681%20UNION%20ALL%20SELECT%2063%23&quot;)" />
    </UnitTest>
    <UnitTest name="Should_Return_Bad_Request_For_Posts(&quot;/Account/Login?ReturnUrl=-4326%20UNION%20ALL%20SELECT%2063%2C63%2C63%2C63%2C63%23&quot;)" storage="d:\agents\smith05.01\_work\257\s\tests\chg.identityprovider.integrationtests\bin\release\net9.0\chg.identityprovider.integrationtests.dll" id="7683ca34-edde-fc0f-e960-86ad4b8bbe9a">
      <Execution id="75963607-1fd2-4364-ba05-ea97f9eb3428" />
      <TestMethod codeBase="D:\Agents\smith05.01\_work\257\s\tests\CHG.IdentityProvider.IntegrationTests\bin\Release\net9.0\CHG.IdentityProvider.IntegrationTests.dll" adapterTypeName="executor://nunit3testexecutor/" className="CHG.IdentityProvider.IntegrationTests.Middleware.MaliciousRequestsDetectionMiddlewareTests" name="Should_Return_Bad_Request_For_Posts(&quot;/Account/Login?ReturnUrl=-4326%20UNION%20ALL%20SELECT%2063%2C63%2C63%2C63%2C63%23&quot;)" />
    </UnitTest>
    <UnitTest name="Should_Return_Bad_Request_For_Posts(&quot;/Account/Login?ReturnUrl=-5744%25%27%20UNION%20ALL%20SELECT%20NULL%2CNULL%2CNULL%2CNULL%2CNULL%2C%27qqqjq%27%7C%7C%27vQysMEwtfb%27%7C%7C%27qkqkq%27%2CNULL%2CNULL%2CNULL%2CNULL--%20dKeu&quot;)" storage="d:\agents\smith05.01\_work\257\s\tests\chg.identityprovider.integrationtests\bin\release\net9.0\chg.identityprovider.integrationtests.dll" id="09f7274b-0bfa-b7f5-3596-62286bbff54b">
      <Execution id="d0c72d5c-a585-4a25-9bd3-e9da8a6a1ad9" />
      <TestMethod codeBase="D:\Agents\smith05.01\_work\257\s\tests\CHG.IdentityProvider.IntegrationTests\bin\Release\net9.0\CHG.IdentityProvider.IntegrationTests.dll" adapterTypeName="executor://nunit3testexecutor/" className="CHG.IdentityProvider.IntegrationTests.Middleware.MaliciousRequestsDetectionMiddlewareTests" name="Should_Return_Bad_Request_For_Posts(&quot;/Account/Login?ReturnUrl=-5744%25%27%20UNION%20ALL%20SELECT%20NULL%2CNULL%2CNULL%2CNULL%2CNULL%2C%27qqqjq%27%7C%7C%27vQysMEwtfb%27%7C%7C%27qkqkq%27%2CNULL%2CNULL%2CNULL%2CNULL--%20dKeu&quot;)" />
    </UnitTest>
    <UnitTest name="Should_Return_Bad_Request_For_Posts(&quot;/Account/Login?ReturnUrl=-7096%29%20UNION%20ALL%20SELECT%2063%2C63%2C63%2C63%2C63%2C63%23&quot;)" storage="d:\agents\smith05.01\_work\257\s\tests\chg.identityprovider.integrationtests\bin\release\net9.0\chg.identityprovider.integrationtests.dll" id="9f154f18-5c1b-3a1f-9db5-e1fa29d8b4a4">
      <Execution id="d2dc689c-5a5a-4ef5-b10f-8abe8842653d" />
      <TestMethod codeBase="D:\Agents\smith05.01\_work\257\s\tests\CHG.IdentityProvider.IntegrationTests\bin\Release\net9.0\CHG.IdentityProvider.IntegrationTests.dll" adapterTypeName="executor://nunit3testexecutor/" className="CHG.IdentityProvider.IntegrationTests.Middleware.MaliciousRequestsDetectionMiddlewareTests" name="Should_Return_Bad_Request_For_Posts(&quot;/Account/Login?ReturnUrl=-7096%29%20UNION%20ALL%20SELECT%2063%2C63%2C63%2C63%2C63%2C63%23&quot;)" />
    </UnitTest>
    <UnitTest name="Should_Return_Bad_Request(&quot;/Account/Login?ReturnUrl=-3454%29%20UNION%20ALL%20SELECT%2063%2C63%2C63%23&quot;)" storage="d:\agents\smith05.01\_work\257\s\tests\chg.identityprovider.integrationtests\bin\release\net9.0\chg.identityprovider.integrationtests.dll" id="58233bfc-0f04-5bab-fe65-43a04dd13a5e">
      <Execution id="f3404c67-9a95-4bba-82a1-a1b187018a71" />
      <TestMethod codeBase="D:\Agents\smith05.01\_work\257\s\tests\CHG.IdentityProvider.IntegrationTests\bin\Release\net9.0\CHG.IdentityProvider.IntegrationTests.dll" adapterTypeName="executor://nunit3testexecutor/" className="CHG.IdentityProvider.IntegrationTests.Middleware.MaliciousRequestsDetectionMiddlewareTests" name="Should_Return_Bad_Request(&quot;/Account/Login?ReturnUrl=-3454%29%20UNION%20ALL%20SELECT%2063%2C63%2C63%23&quot;)" />
    </UnitTest>
    <UnitTest name="Returns_Success(null)" storage="d:\agents\smith05.01\_work\257\s\tests\chg.identityprovider.integrationtests\bin\release\net9.0\chg.identityprovider.integrationtests.dll" id="904d6b74-9fc8-db51-4bf7-bbbd66cc8e9f">
      <Execution id="4c19890f-5641-4216-bc75-042cea7d2989" />
      <TestMethod codeBase="D:\Agents\smith05.01\_work\257\s\tests\CHG.IdentityProvider.IntegrationTests\bin\Release\net9.0\CHG.IdentityProvider.IntegrationTests.dll" adapterTypeName="executor://nunit3testexecutor/" className="CHG.IdentityProvider.IntegrationTests.Controllers.InviteUserControllerTests+PostMethod" name="Returns_Success(null)" />
    </UnitTest>
    <UnitTest name="Cannot_Be_Called_From_User_Without_CHGEmployee_Claim_And_Correct_Client_Scope(&quot;/api/v1/users/unconfirmed@example.com/invite&quot;)" storage="d:\agents\smith05.01\_work\257\s\tests\chg.identityprovider.integrationtests\bin\release\net9.0\chg.identityprovider.integrationtests.dll" id="83bdc57a-9b90-a247-f1a3-900b5e99196b">
      <Execution id="558df4d5-a375-4a55-83c0-d1be1d8a578b" />
      <TestMethod codeBase="D:\Agents\smith05.01\_work\257\s\tests\CHG.IdentityProvider.IntegrationTests\bin\Release\net9.0\CHG.IdentityProvider.IntegrationTests.dll" adapterTypeName="executor://nunit3testexecutor/" className="CHG.IdentityProvider.IntegrationTests.Api.UserApiTests+InviteMethod" name="Cannot_Be_Called_From_User_Without_CHGEmployee_Claim_And_Correct_Client_Scope(&quot;/api/v1/users/unconfirmed@example.com/invite&quot;)" />
    </UnitTest>
    <UnitTest name="Should_Return_Bad_Request_For_Posts(&quot;/Account/Login?ReturnUrl=-6070%27%29%20UNION%20ALL%20SELECT%20%27qqqjq%27%7C%7C%27HNyzojVPZh%27%7C%7C%27qkqkq%27%2CNULL%2CNULL%2CNULL%2CNULL%2CNULL%2CNULL%2CNULL--%20GyGw&quot;)" storage="d:\agents\smith05.01\_work\257\s\tests\chg.identityprovider.integrationtests\bin\release\net9.0\chg.identityprovider.integrationtests.dll" id="e8aaab42-0bea-237a-5e22-458fa32cc9b0">
      <Execution id="29b09d8a-ad19-4708-8878-880ffea29a9f" />
      <TestMethod codeBase="D:\Agents\smith05.01\_work\257\s\tests\CHG.IdentityProvider.IntegrationTests\bin\Release\net9.0\CHG.IdentityProvider.IntegrationTests.dll" adapterTypeName="executor://nunit3testexecutor/" className="CHG.IdentityProvider.IntegrationTests.Middleware.MaliciousRequestsDetectionMiddlewareTests" name="Should_Return_Bad_Request_For_Posts(&quot;/Account/Login?ReturnUrl=-6070%27%29%20UNION%20ALL%20SELECT%20%27qqqjq%27%7C%7C%27HNyzojVPZh%27%7C%7C%27qkqkq%27%2CNULL%2CNULL%2CNULL%2CNULL%2CNULL%2CNULL%2CNULL--%20GyGw&quot;)" />
    </UnitTest>
    <UnitTest name="Should_Return_Bad_Request_For_Posts(&quot;/Account/Login?ReturnUrl=-3039%27%20UNION%20ALL%20SELECT%2063%2C63%2C63%2C63%23&quot;)" storage="d:\agents\smith05.01\_work\257\s\tests\chg.identityprovider.integrationtests\bin\release\net9.0\chg.identityprovider.integrationtests.dll" id="c4e73a4d-1f82-1beb-7097-92a4dae5b99f">
      <Execution id="4a239102-4c9d-4d13-9406-1068eb986e7c" />
      <TestMethod codeBase="D:\Agents\smith05.01\_work\257\s\tests\CHG.IdentityProvider.IntegrationTests\bin\Release\net9.0\CHG.IdentityProvider.IntegrationTests.dll" adapterTypeName="executor://nunit3testexecutor/" className="CHG.IdentityProvider.IntegrationTests.Middleware.MaliciousRequestsDetectionMiddlewareTests" name="Should_Return_Bad_Request_For_Posts(&quot;/Account/Login?ReturnUrl=-3039%27%20UNION%20ALL%20SELECT%2063%2C63%2C63%2C63%23&quot;)" />
    </UnitTest>
    <UnitTest name="Should_Return_Bad_Request(&quot;/Account/Login?ReturnUrl=-4963%27%29%20UNION%20ALL%20SELECT%20NULL%2C%27qqqjq%27%7C%7C%27EgxvZACSTRhenboNBEGBKvLzvaeCJCZRPaoHjmIC%27%7C%7C%27qkqkq%27%2CNULL%2CNULL%2CNULL%2CNULL%2CNULL%2CNULL--%20Yhfy&quot;)" storage="d:\agents\smith05.01\_work\257\s\tests\chg.identityprovider.integrationtests\bin\release\net9.0\chg.identityprovider.integrationtests.dll" id="17b84003-454d-4800-8fc6-4866540da352">
      <Execution id="dadefff5-e416-4c39-9ec6-6492a999f3e9" />
      <TestMethod codeBase="D:\Agents\smith05.01\_work\257\s\tests\CHG.IdentityProvider.IntegrationTests\bin\Release\net9.0\CHG.IdentityProvider.IntegrationTests.dll" adapterTypeName="executor://nunit3testexecutor/" className="CHG.IdentityProvider.IntegrationTests.Middleware.MaliciousRequestsDetectionMiddlewareTests" name="Should_Return_Bad_Request(&quot;/Account/Login?ReturnUrl=-4963%27%29%20UNION%20ALL%20SELECT%20NULL%2C%27qqqjq%27%7C%7C%27EgxvZACSTRhenboNBEGBKvLzvaeCJCZRPaoHjmIC%27%7C%7C%27qkqkq%27%2CNULL%2CNULL%2CNULL%2CNULL%2CNULL%2CNULL--%20Yhfy&quot;)" />
    </UnitTest>
    <UnitTest name="CHROME_79_WIN" storage="d:\agents\smith05.01\_work\257\s\tests\chg.identityprovider.integrationtests\bin\release\net9.0\chg.identityprovider.integrationtests.dll" id="7ebf1b71-8347-7fe5-9526-8f659889d752">
      <Execution id="5039a631-81df-44b5-b99a-4afcf552b7a9" />
      <TestMethod codeBase="D:\Agents\smith05.01\_work\257\s\tests\CHG.IdentityProvider.IntegrationTests\bin\Release\net9.0\CHG.IdentityProvider.IntegrationTests.dll" adapterTypeName="executor://nunit3testexecutor/" className="CHG.IdentityProvider.IntegrationTests.CookiesTests+SameSitePolicyTests" name="CHROME_79_WIN" />
    </UnitTest>
    <UnitTest name="FIREFOX_15_LINUX" storage="d:\agents\smith05.01\_work\257\s\tests\chg.identityprovider.integrationtests\bin\release\net9.0\chg.identityprovider.integrationtests.dll" id="46385140-250e-c403-85e6-f728194295bd">
      <Execution id="a5e2296d-f963-4f9d-9d55-a607a9b528f1" />
      <TestMethod codeBase="D:\Agents\smith05.01\_work\257\s\tests\CHG.IdentityProvider.IntegrationTests\bin\Release\net9.0\CHG.IdentityProvider.IntegrationTests.dll" adapterTypeName="executor://nunit3testexecutor/" className="CHG.IdentityProvider.IntegrationTests.CookiesTests+SameSitePolicyTests" name="FIREFOX_15_LINUX" />
    </UnitTest>
    <UnitTest name="Should_Return_Bad_Request(&quot;/Account/Login?ReturnUrl=-2876%20UNION%20ALL%20SELECT%2063%2C63%2C63%2C63%2C63%2C63%23&quot;)" storage="d:\agents\smith05.01\_work\257\s\tests\chg.identityprovider.integrationtests\bin\release\net9.0\chg.identityprovider.integrationtests.dll" id="97550b44-752a-1dc1-7b88-beab746a35f6">
      <Execution id="8a5cf2ac-7295-4a72-8777-79b7c5666999" />
      <TestMethod codeBase="D:\Agents\smith05.01\_work\257\s\tests\CHG.IdentityProvider.IntegrationTests\bin\Release\net9.0\CHG.IdentityProvider.IntegrationTests.dll" adapterTypeName="executor://nunit3testexecutor/" className="CHG.IdentityProvider.IntegrationTests.Middleware.MaliciousRequestsDetectionMiddlewareTests" name="Should_Return_Bad_Request(&quot;/Account/Login?ReturnUrl=-2876%20UNION%20ALL%20SELECT%2063%2C63%2C63%2C63%2C63%2C63%23&quot;)" />
    </UnitTest>
    <UnitTest name="Should_Return_Bad_Request_For_Posts(&quot;/Account/Login?ReturnUrl=-9538%27%29%20UNION%20ALL%20SELECT%20NULL%2CNULL%2CNULL%2C%27qqqjq%27%7C%7C%27MxswbGTGBA%27%7C%7C%27qkqkq%27%2CNULL%2CNULL%2CNULL%2CNULL--%20oJRg&quot;)" storage="d:\agents\smith05.01\_work\257\s\tests\chg.identityprovider.integrationtests\bin\release\net9.0\chg.identityprovider.integrationtests.dll" id="a2508e13-7da8-1312-bb13-5898999d21e7">
      <Execution id="3bb2e330-97f7-4100-95f9-68a89ccaefa8" />
      <TestMethod codeBase="D:\Agents\smith05.01\_work\257\s\tests\CHG.IdentityProvider.IntegrationTests\bin\Release\net9.0\CHG.IdentityProvider.IntegrationTests.dll" adapterTypeName="executor://nunit3testexecutor/" className="CHG.IdentityProvider.IntegrationTests.Middleware.MaliciousRequestsDetectionMiddlewareTests" name="Should_Return_Bad_Request_For_Posts(&quot;/Account/Login?ReturnUrl=-9538%27%29%20UNION%20ALL%20SELECT%20NULL%2CNULL%2CNULL%2C%27qqqjq%27%7C%7C%27MxswbGTGBA%27%7C%7C%27qkqkq%27%2CNULL%2CNULL%2CNULL%2CNULL--%20oJRg&quot;)" />
    </UnitTest>
    <UnitTest name="Returns_Not_Found_For_Invalid_Id" storage="d:\agents\smith05.01\_work\257\s\tests\chg.identityprovider.integrationtests\bin\release\net9.0\chg.identityprovider.integrationtests.dll" id="f2ab1f8c-e9c6-27d0-9605-d86693f361c2">
      <Execution id="2dfe0c4e-8979-4b4b-b2c8-0fa1171588a3" />
      <TestMethod codeBase="D:\Agents\smith05.01\_work\257\s\tests\CHG.IdentityProvider.IntegrationTests\bin\Release\net9.0\CHG.IdentityProvider.IntegrationTests.dll" adapterTypeName="executor://nunit3testexecutor/" className="CHG.IdentityProvider.IntegrationTests.Controllers.MaintenanceControllerTests+ClientsDetailMethod" name="Returns_Not_Found_For_Invalid_Id" />
    </UnitTest>
    <UnitTest name="Should_Not_Return_Bad_Request(&quot;/diagnostics&quot;)" storage="d:\agents\smith05.01\_work\257\s\tests\chg.identityprovider.integrationtests\bin\release\net9.0\chg.identityprovider.integrationtests.dll" id="7fded9d1-d50e-4e0a-c3e6-145642123e11">
      <Execution id="851418a9-bc6c-4c0e-84d2-0ed8bfe09cc7" />
      <TestMethod codeBase="D:\Agents\smith05.01\_work\257\s\tests\CHG.IdentityProvider.IntegrationTests\bin\Release\net9.0\CHG.IdentityProvider.IntegrationTests.dll" adapterTypeName="executor://nunit3testexecutor/" className="CHG.IdentityProvider.IntegrationTests.Middleware.MaliciousRequestsDetectionMiddlewareTests" name="Should_Not_Return_Bad_Request(&quot;/diagnostics&quot;)" />
    </UnitTest>
    <UnitTest name="Returns_Valid_View" storage="d:\agents\smith05.01\_work\257\s\tests\chg.identityprovider.integrationtests\bin\release\net9.0\chg.identityprovider.integrationtests.dll" id="473feee2-6634-1b7c-58da-ae579e737838">
      <Execution id="32e7716a-164d-4bb3-ad4a-b6181eabe8f3" />
      <TestMethod codeBase="D:\Agents\smith05.01\_work\257\s\tests\CHG.IdentityProvider.IntegrationTests\bin\Release\net9.0\CHG.IdentityProvider.IntegrationTests.dll" adapterTypeName="executor://nunit3testexecutor/" className="CHG.IdentityProvider.IntegrationTests.Controllers.InviteUserControllerTests+GetMethod" name="Returns_Valid_View" />
    </UnitTest>
    <UnitTest name="Should_Return_Bad_Request_For_Posts(&quot;/Account/Login?ReturnUrl=-5883%27%29%20UNION%20ALL%20SELECT%20NULL%2CNULL%2CNULL%2CNULL%2C%27qqqjq%27%7C%7C%27qgjcDbToVnRIOWdAZEOFWsXjEfLYxXtgcRIwVshb%27%7C%7C%27qkqkq%27%2CNULL%2CNULL%2CNULL--%20AkXt&quot;)" storage="d:\agents\smith05.01\_work\257\s\tests\chg.identityprovider.integrationtests\bin\release\net9.0\chg.identityprovider.integrationtests.dll" id="363b286d-08ea-5b23-7626-0b7a806ac10e">
      <Execution id="de4eab4e-550d-408a-96ce-2726987d7b29" />
      <TestMethod codeBase="D:\Agents\smith05.01\_work\257\s\tests\CHG.IdentityProvider.IntegrationTests\bin\Release\net9.0\CHG.IdentityProvider.IntegrationTests.dll" adapterTypeName="executor://nunit3testexecutor/" className="CHG.IdentityProvider.IntegrationTests.Middleware.MaliciousRequestsDetectionMiddlewareTests" name="Should_Return_Bad_Request_For_Posts(&quot;/Account/Login?ReturnUrl=-5883%27%29%20UNION%20ALL%20SELECT%20NULL%2CNULL%2CNULL%2CNULL%2C%27qqqjq%27%7C%7C%27qgjcDbToVnRIOWdAZEOFWsXjEfLYxXtgcRIwVshb%27%7C%7C%27qkqkq%27%2CNULL%2CNULL%2CNULL--%20AkXt&quot;)" />
    </UnitTest>
    <UnitTest name="Publish_UserEmailChangedEvent_When_Email_Was_Replaced" storage="d:\agents\smith05.01\_work\257\s\tests\chg.identityprovider.integrationtests\bin\release\net9.0\chg.identityprovider.integrationtests.dll" id="b26628ef-5c54-fe28-3240-54343b42882e">
      <Execution id="e05d71e4-9efb-4d5e-8834-21d5c1ffdfd1" />
      <TestMethod codeBase="D:\Agents\smith05.01\_work\257\s\tests\CHG.IdentityProvider.IntegrationTests\bin\Release\net9.0\CHG.IdentityProvider.IntegrationTests.dll" adapterTypeName="executor://nunit3testexecutor/" className="CHG.IdentityProvider.IntegrationTests.Middleware.ScimUserSyncMiddlewareTests+UpdatingAUserViaScim" name="Publish_UserEmailChangedEvent_When_Email_Was_Replaced" />
    </UnitTest>
    <UnitTest name="Should_Return_Bad_Request_For_Posts(&quot;/Account/Login?ReturnUrl=-2316%20UNION%20ALL%20SELECT%2063%2C63%2C63%2C63%2C63%2C63%2C63%2C63%2C63%2C63%23&quot;)" storage="d:\agents\smith05.01\_work\257\s\tests\chg.identityprovider.integrationtests\bin\release\net9.0\chg.identityprovider.integrationtests.dll" id="184bf1b0-c493-f7cd-dd1e-0f16602698e7">
      <Execution id="6263cb93-d197-4c24-b9e2-78d1cd54375f" />
      <TestMethod codeBase="D:\Agents\smith05.01\_work\257\s\tests\CHG.IdentityProvider.IntegrationTests\bin\Release\net9.0\CHG.IdentityProvider.IntegrationTests.dll" adapterTypeName="executor://nunit3testexecutor/" className="CHG.IdentityProvider.IntegrationTests.Middleware.MaliciousRequestsDetectionMiddlewareTests" name="Should_Return_Bad_Request_For_Posts(&quot;/Account/Login?ReturnUrl=-2316%20UNION%20ALL%20SELECT%2063%2C63%2C63%2C63%2C63%2C63%2C63%2C63%2C63%2C63%23&quot;)" />
    </UnitTest>
    <UnitTest name="Returns_New_CHG_User_With_AzureObjectId(&quot;@chg-meridian.com&quot;)" storage="d:\agents\smith05.01\_work\257\s\tests\chg.identityprovider.integrationtests\bin\release\net9.0\chg.identityprovider.integrationtests.dll" id="e3e69750-bbc9-7a2f-3b8b-8e2829ffd95b">
      <Execution id="0aa5a775-28f2-458a-9a68-5e5d9fd0a8c9" />
      <TestMethod codeBase="D:\Agents\smith05.01\_work\257\s\tests\CHG.IdentityProvider.IntegrationTests\bin\Release\net9.0\CHG.IdentityProvider.IntegrationTests.dll" adapterTypeName="executor://nunit3testexecutor/" className="CHG.IdentityProvider.IntegrationTests.Api.UserApiTests+CreateMethod" name="Returns_New_CHG_User_With_AzureObjectId(&quot;@chg-meridian.com&quot;)" />
    </UnitTest>
    <UnitTest name="Returns_Ok" storage="d:\agents\smith05.01\_work\257\s\tests\chg.identityprovider.integrationtests\bin\release\net9.0\chg.identityprovider.integrationtests.dll" id="f3a310bd-b9e3-7d91-3941-86ceba486fd9">
      <Execution id="b428da8e-9659-4f91-bf3d-a4dacb0e1f13" />
      <TestMethod codeBase="D:\Agents\smith05.01\_work\257\s\tests\CHG.IdentityProvider.IntegrationTests\bin\Release\net9.0\CHG.IdentityProvider.IntegrationTests.dll" adapterTypeName="executor://nunit3testexecutor/" className="CHG.IdentityProvider.IntegrationTests.Api.AdminUIHookApiTests+RegistrationConfirmationMethod" name="Returns_Ok" />
    </UnitTest>
    <UnitTest name="Should_Return_Bad_Request(&quot;/Account/Login?ReturnUrl=-4282%27%29%20UNION%20ALL%20SELECT%2063%2C63%2C63%2C63%2C%27qqqjq%27%7C%7C%27tWthAVNcFTOjfWQKjjktkkHXPqQDBbRoFeOZtJfC%27%7C%7C%27qkqkq%27%2C63%2C63%2C63--%20mRIh&quot;)" storage="d:\agents\smith05.01\_work\257\s\tests\chg.identityprovider.integrationtests\bin\release\net9.0\chg.identityprovider.integrationtests.dll" id="c199284e-1ebf-e01f-8ce6-280e6ae7e75d">
      <Execution id="e9df0a72-b5f2-4af2-8185-16c69d7556d4" />
      <TestMethod codeBase="D:\Agents\smith05.01\_work\257\s\tests\CHG.IdentityProvider.IntegrationTests\bin\Release\net9.0\CHG.IdentityProvider.IntegrationTests.dll" adapterTypeName="executor://nunit3testexecutor/" className="CHG.IdentityProvider.IntegrationTests.Middleware.MaliciousRequestsDetectionMiddlewareTests" name="Should_Return_Bad_Request(&quot;/Account/Login?ReturnUrl=-4282%27%29%20UNION%20ALL%20SELECT%2063%2C63%2C63%2C63%2C%27qqqjq%27%7C%7C%27tWthAVNcFTOjfWQKjjktkkHXPqQDBbRoFeOZtJfC%27%7C%7C%27qkqkq%27%2C63%2C63%2C63--%20mRIh&quot;)" />
    </UnitTest>
    <UnitTest name="Should_Return_Bad_Request(&quot;/Account/Login?ReturnUrl=-5744%25%27%20UNION%20ALL%20SELECT%20NULL%2CNULL%2CNULL%2CNULL%2CNULL%2C%27qqqjq%27%7C%7C%27vQysMEwtfb%27%7C%7C%27qkqkq%27%2CNULL%2CNULL%2CNULL%2CNULL--%20dKeu&quot;)" storage="d:\agents\smith05.01\_work\257\s\tests\chg.identityprovider.integrationtests\bin\release\net9.0\chg.identityprovider.integrationtests.dll" id="73a034fe-8a09-7e62-9686-a06bbe0a7620">
      <Execution id="d15840a7-49a6-417a-8994-e0c80b7c194a" />
      <TestMethod codeBase="D:\Agents\smith05.01\_work\257\s\tests\CHG.IdentityProvider.IntegrationTests\bin\Release\net9.0\CHG.IdentityProvider.IntegrationTests.dll" adapterTypeName="executor://nunit3testexecutor/" className="CHG.IdentityProvider.IntegrationTests.Middleware.MaliciousRequestsDetectionMiddlewareTests" name="Should_Return_Bad_Request(&quot;/Account/Login?ReturnUrl=-5744%25%27%20UNION%20ALL%20SELECT%20NULL%2CNULL%2CNULL%2CNULL%2CNULL%2C%27qqqjq%27%7C%7C%27vQysMEwtfb%27%7C%7C%27qkqkq%27%2CNULL%2CNULL%2CNULL%2CNULL--%20dKeu&quot;)" />
    </UnitTest>
    <UnitTest name="Can_Import_Data_Multiple_Times" storage="d:\agents\smith05.01\_work\257\s\tests\chg.identityprovider.integrationtests\bin\release\net9.0\chg.identityprovider.integrationtests.dll" id="49d28a81-d171-33e0-8558-cbd0c0dee1d7">
      <Execution id="ed9e1e06-3664-480e-ba59-161e4ca730ab" />
      <TestMethod codeBase="D:\Agents\smith05.01\_work\257\s\tests\CHG.IdentityProvider.IntegrationTests\bin\Release\net9.0\CHG.IdentityProvider.IntegrationTests.dll" adapterTypeName="executor://nunit3testexecutor/" className="CHG.IdentityProvider.IntegrationTests.DataInitializerHostedServiceTests" name="Can_Import_Data_Multiple_Times" />
    </UnitTest>
    <UnitTest name="Should_Return_Bad_Request(&quot;/Account/Login?ReturnUrl=-3174%27%20UNION%20ALL%20SELECT%2063%2C63%2C63%2C63%2C63%2C63%2C63%2C63%23&quot;)" storage="d:\agents\smith05.01\_work\257\s\tests\chg.identityprovider.integrationtests\bin\release\net9.0\chg.identityprovider.integrationtests.dll" id="4fd6fb4c-863d-f8cd-f812-225910ffdefc">
      <Execution id="fe03e9e6-a55d-4d57-a3df-86416eb00b98" />
      <TestMethod codeBase="D:\Agents\smith05.01\_work\257\s\tests\CHG.IdentityProvider.IntegrationTests\bin\Release\net9.0\CHG.IdentityProvider.IntegrationTests.dll" adapterTypeName="executor://nunit3testexecutor/" className="CHG.IdentityProvider.IntegrationTests.Middleware.MaliciousRequestsDetectionMiddlewareTests" name="Should_Return_Bad_Request(&quot;/Account/Login?ReturnUrl=-3174%27%20UNION%20ALL%20SELECT%2063%2C63%2C63%2C63%2C63%2C63%2C63%2C63%23&quot;)" />
    </UnitTest>
    <UnitTest name="Can_Be_Called_With_UserId_V3" storage="d:\agents\smith05.01\_work\257\s\tests\chg.identityprovider.integrationtests\bin\release\net9.0\chg.identityprovider.integrationtests.dll" id="0e84acca-1c9e-bbf9-29a5-797affaf10e5">
      <Execution id="e4a6b77e-0588-49a9-b7e7-89cea62769ee" />
      <TestMethod codeBase="D:\Agents\smith05.01\_work\257\s\tests\CHG.IdentityProvider.IntegrationTests\bin\Release\net9.0\CHG.IdentityProvider.IntegrationTests.dll" adapterTypeName="executor://nunit3testexecutor/" className="CHG.IdentityProvider.IntegrationTests.Api.UserApiTests+InviteMethod" name="Can_Be_Called_With_UserId_V3" />
    </UnitTest>
    <UnitTest name="Should_Return_Bad_Request_For_Posts(&quot;/Account/Login?ReturnUrl=-2734%20UNION%20ALL%20SELECT%2063%2C63%2C63%2C63%2C63%2C63%2C63%2C63%2C63%23&quot;)" storage="d:\agents\smith05.01\_work\257\s\tests\chg.identityprovider.integrationtests\bin\release\net9.0\chg.identityprovider.integrationtests.dll" id="06f9b2d7-c795-44a3-88e1-4b6321d1e920">
      <Execution id="6e72597f-649c-4f9b-9f97-bb5422b5189f" />
      <TestMethod codeBase="D:\Agents\smith05.01\_work\257\s\tests\CHG.IdentityProvider.IntegrationTests\bin\Release\net9.0\CHG.IdentityProvider.IntegrationTests.dll" adapterTypeName="executor://nunit3testexecutor/" className="CHG.IdentityProvider.IntegrationTests.Middleware.MaliciousRequestsDetectionMiddlewareTests" name="Should_Return_Bad_Request_For_Posts(&quot;/Account/Login?ReturnUrl=-2734%20UNION%20ALL%20SELECT%2063%2C63%2C63%2C63%2C63%2C63%2C63%2C63%2C63%23&quot;)" />
    </UnitTest>
    <UnitTest name="Unblock_User" storage="d:\agents\smith05.01\_work\257\s\tests\chg.identityprovider.integrationtests\bin\release\net9.0\chg.identityprovider.integrationtests.dll" id="296e1af6-c944-9534-4a65-54bebaf5b21d">
      <Execution id="e60c72f8-97b9-47d8-8cd3-05292e0e1982" />
      <TestMethod codeBase="D:\Agents\smith05.01\_work\257\s\tests\CHG.IdentityProvider.IntegrationTests\bin\Release\net9.0\CHG.IdentityProvider.IntegrationTests.dll" adapterTypeName="executor://nunit3testexecutor/" className="CHG.IdentityProvider.IntegrationTests.Controllers.MaintenanceControllerTests+UnblockuserMethod" name="Unblock_User" />
    </UnitTest>
    <UnitTest name="Returns_Found_User_With_All_Properties" storage="d:\agents\smith05.01\_work\257\s\tests\chg.identityprovider.integrationtests\bin\release\net9.0\chg.identityprovider.integrationtests.dll" id="fba1b6c6-e6e6-f4b5-e966-383bd13eb6bd">
      <Execution id="01cfc69a-3b86-41d2-a159-ab45fa9f8480" />
      <TestMethod codeBase="D:\Agents\smith05.01\_work\257\s\tests\CHG.IdentityProvider.IntegrationTests\bin\Release\net9.0\CHG.IdentityProvider.IntegrationTests.dll" adapterTypeName="executor://nunit3testexecutor/" className="CHG.IdentityProvider.IntegrationTests.Middleware.ScimUserSyncMiddlewareTests+QueryingAUserViaScim" name="Returns_Found_User_With_All_Properties" />
    </UnitTest>
    <UnitTest name="Can_Logout(&quot;/federation/TestAzureAD/signout&quot;)" storage="d:\agents\smith05.01\_work\257\s\tests\chg.identityprovider.integrationtests\bin\release\net9.0\chg.identityprovider.integrationtests.dll" id="126363b0-4378-e199-c836-fb802b39e421">
      <Execution id="0005e163-758e-4e18-9ce2-051493d6b5b4" />
      <TestMethod codeBase="D:\Agents\smith05.01\_work\257\s\tests\CHG.IdentityProvider.IntegrationTests\bin\Release\net9.0\CHG.IdentityProvider.IntegrationTests.dll" adapterTypeName="executor://nunit3testexecutor/" className="CHG.IdentityProvider.IntegrationTests.FederatedAuthentication.AzureTests+Logout" name="Can_Logout(&quot;/federation/TestAzureAD/signout&quot;)" />
    </UnitTest>
    <UnitTest name="Returns_New_User_When_Only_Email_Was_Given" storage="d:\agents\smith05.01\_work\257\s\tests\chg.identityprovider.integrationtests\bin\release\net9.0\chg.identityprovider.integrationtests.dll" id="833dcbe4-f0ff-88ae-b9c0-db6198a833b2">
      <Execution id="ed10da8f-e85e-4b58-b7c3-8793f8b58bae" />
      <TestMethod codeBase="D:\Agents\smith05.01\_work\257\s\tests\CHG.IdentityProvider.IntegrationTests\bin\Release\net9.0\CHG.IdentityProvider.IntegrationTests.dll" adapterTypeName="executor://nunit3testexecutor/" className="CHG.IdentityProvider.IntegrationTests.Api.UserApiTests+CreateMethod" name="Returns_New_User_When_Only_Email_Was_Given" />
    </UnitTest>
    <UnitTest name="Returns_Error_For_Blocked_User" storage="d:\agents\smith05.01\_work\257\s\tests\chg.identityprovider.integrationtests\bin\release\net9.0\chg.identityprovider.integrationtests.dll" id="85c8e351-f097-acc5-999b-468a744cfd2d">
      <Execution id="395f27c1-0f9b-45d4-a586-912a8797b76b" />
      <TestMethod codeBase="D:\Agents\smith05.01\_work\257\s\tests\CHG.IdentityProvider.IntegrationTests\bin\Release\net9.0\CHG.IdentityProvider.IntegrationTests.dll" adapterTypeName="executor://nunit3testexecutor/" className="CHG.IdentityProvider.IntegrationTests.Controllers.InviteUserControllerTests+GetMethod" name="Returns_Error_For_Blocked_User" />
    </UnitTest>
    <UnitTest name="Returns_Unauthorized_When_Scope_Is_Not_Valid" storage="d:\agents\smith05.01\_work\257\s\tests\chg.identityprovider.integrationtests\bin\release\net9.0\chg.identityprovider.integrationtests.dll" id="71336bed-fb0a-db5e-3496-fbe1146c6001">
      <Execution id="065c57e6-9ec4-46a4-95ae-8a5c4f6ef38d" />
      <TestMethod codeBase="D:\Agents\smith05.01\_work\257\s\tests\CHG.IdentityProvider.IntegrationTests\bin\Release\net9.0\CHG.IdentityProvider.IntegrationTests.dll" adapterTypeName="executor://nunit3testexecutor/" className="CHG.IdentityProvider.IntegrationTests.Api.AdminUIHookApiTests+RegistrationConfirmationMethod" name="Returns_Unauthorized_When_Scope_Is_Not_Valid" />
    </UnitTest>
    <UnitTest name="Reset_Confirmation_Mail_Is_Sent_After_Password_Was_Changed" storage="d:\agents\smith05.01\_work\257\s\tests\chg.identityprovider.integrationtests\bin\release\net9.0\chg.identityprovider.integrationtests.dll" id="c339663a-f66a-5e77-faa9-17bb002caa5c">
      <Execution id="7086e7a6-16ba-403e-997f-703a81e99d5d" />
      <TestMethod codeBase="D:\Agents\smith05.01\_work\257\s\tests\CHG.IdentityProvider.IntegrationTests\bin\Release\net9.0\CHG.IdentityProvider.IntegrationTests.dll" adapterTypeName="executor://nunit3testexecutor/" className="CHG.IdentityProvider.IntegrationTests.Controllers.AccountControllerTests+ResetPasswordTests" name="Reset_Confirmation_Mail_Is_Sent_After_Password_Was_Changed" />
    </UnitTest>
    <UnitTest name="Should_Return_Bad_Request_For_Posts(&quot;/Account/Login?ReturnUrl=-5515%27%29%20UNION%20ALL%20SELECT%2063%2C63%2C63%2C63%2C63%2C%27qqqjq%27%7C%7C%27JLVkePqtfS%27%7C%7C%27qkqkq%27%2C63%2C63--%20XgQQ&quot;)" storage="d:\agents\smith05.01\_work\257\s\tests\chg.identityprovider.integrationtests\bin\release\net9.0\chg.identityprovider.integrationtests.dll" id="d1d0c140-c667-6a42-160a-d43b3568f072">
      <Execution id="b20c8e92-6dac-4baf-8dc0-5c019c1def6d" />
      <TestMethod codeBase="D:\Agents\smith05.01\_work\257\s\tests\CHG.IdentityProvider.IntegrationTests\bin\Release\net9.0\CHG.IdentityProvider.IntegrationTests.dll" adapterTypeName="executor://nunit3testexecutor/" className="CHG.IdentityProvider.IntegrationTests.Middleware.MaliciousRequestsDetectionMiddlewareTests" name="Should_Return_Bad_Request_For_Posts(&quot;/Account/Login?ReturnUrl=-5515%27%29%20UNION%20ALL%20SELECT%2063%2C63%2C63%2C63%2C63%2C%27qqqjq%27%7C%7C%27JLVkePqtfS%27%7C%7C%27qkqkq%27%2C63%2C63--%20XgQQ&quot;)" />
    </UnitTest>
    <UnitTest name="Should_Return_Bad_Request_For_Posts(&quot;/Account/Login?ReturnUrl=-2859%27%29%20UNION%20ALL%20SELECT%2063%2C63%2C63%2C63%2C%27qqqjq%27%7C%7C%27MpRFKCeSXK%27%7C%7C%27qkqkq%27%2C63%2C63%2C63--%20bQGG&quot;)" storage="d:\agents\smith05.01\_work\257\s\tests\chg.identityprovider.integrationtests\bin\release\net9.0\chg.identityprovider.integrationtests.dll" id="4d685ef3-38e0-5352-8084-3a3d46d7cf83">
      <Execution id="1b7a2f13-9091-4d3d-a464-01b6a76d96b0" />
      <TestMethod codeBase="D:\Agents\smith05.01\_work\257\s\tests\CHG.IdentityProvider.IntegrationTests\bin\Release\net9.0\CHG.IdentityProvider.IntegrationTests.dll" adapterTypeName="executor://nunit3testexecutor/" className="CHG.IdentityProvider.IntegrationTests.Middleware.MaliciousRequestsDetectionMiddlewareTests" name="Should_Return_Bad_Request_For_Posts(&quot;/Account/Login?ReturnUrl=-2859%27%29%20UNION%20ALL%20SELECT%2063%2C63%2C63%2C63%2C%27qqqjq%27%7C%7C%27MpRFKCeSXK%27%7C%7C%27qkqkq%27%2C63%2C63%2C63--%20bQGG&quot;)" />
    </UnitTest>
    <UnitTest name="Returns_AccessDenied_When_Insufficent_Permissions" storage="d:\agents\smith05.01\_work\257\s\tests\chg.identityprovider.integrationtests\bin\release\net9.0\chg.identityprovider.integrationtests.dll" id="e0a04c8d-9b09-35cd-2c4a-640589ce90ab">
      <Execution id="5cfc109a-04ec-4077-8e7f-4c52ffd2e311" />
      <TestMethod codeBase="D:\Agents\smith05.01\_work\257\s\tests\CHG.IdentityProvider.IntegrationTests\bin\Release\net9.0\CHG.IdentityProvider.IntegrationTests.dll" adapterTypeName="executor://nunit3testexecutor/" className="CHG.IdentityProvider.IntegrationTests.Controllers.MaintenanceControllerTests+GetUsersDataMethod" name="Returns_AccessDenied_When_Insufficent_Permissions" />
    </UnitTest>
    <UnitTest name="Should_Return_Bad_Request(&quot;/Account/Login?ReturnUrl=-4721%27%20UNION%20ALL%20SELECT%2063%2C63%2C63%23&quot;)" storage="d:\agents\smith05.01\_work\257\s\tests\chg.identityprovider.integrationtests\bin\release\net9.0\chg.identityprovider.integrationtests.dll" id="4282eefe-6df0-0aa8-f48d-cbcc526368f0">
      <Execution id="0d834f27-08de-4f90-8eae-83e01def20f8" />
      <TestMethod codeBase="D:\Agents\smith05.01\_work\257\s\tests\CHG.IdentityProvider.IntegrationTests\bin\Release\net9.0\CHG.IdentityProvider.IntegrationTests.dll" adapterTypeName="executor://nunit3testexecutor/" className="CHG.IdentityProvider.IntegrationTests.Middleware.MaliciousRequestsDetectionMiddlewareTests" name="Should_Return_Bad_Request(&quot;/Account/Login?ReturnUrl=-4721%27%20UNION%20ALL%20SELECT%2063%2C63%2C63%23&quot;)" />
    </UnitTest>
    <UnitTest name="Should_Return_Bad_Request_For_Posts(&quot;/Account/Login?ReturnUrl=-7346%25%27%20UNION%20ALL%20SELECT%20NULL%2CNULL%2CNULL%2CNULL%2CNULL%2CNULL%2CNULL%2CNULL%2CNULL%2C%27qqqjq%27%7C%7C%27yDNFyVzIOvOWAYHmTlQYhNNdIbkMyMbCJdsmnnyb%27%7C%7C%27qkqkq%27--%20kDsO&quot;)" storage="d:\agents\smith05.01\_work\257\s\tests\chg.identityprovider.integrationtests\bin\release\net9.0\chg.identityprovider.integrationtests.dll" id="a605ccf7-a496-070e-2d7c-96a16cb211db">
      <Execution id="61a7e116-5492-46ee-b7b5-890e9e09cde6" />
      <TestMethod codeBase="D:\Agents\smith05.01\_work\257\s\tests\CHG.IdentityProvider.IntegrationTests\bin\Release\net9.0\CHG.IdentityProvider.IntegrationTests.dll" adapterTypeName="executor://nunit3testexecutor/" className="CHG.IdentityProvider.IntegrationTests.Middleware.MaliciousRequestsDetectionMiddlewareTests" name="Should_Return_Bad_Request_For_Posts(&quot;/Account/Login?ReturnUrl=-7346%25%27%20UNION%20ALL%20SELECT%20NULL%2CNULL%2CNULL%2CNULL%2CNULL%2CNULL%2CNULL%2CNULL%2CNULL%2C%27qqqjq%27%7C%7C%27yDNFyVzIOvOWAYHmTlQYhNNdIbkMyMbCJdsmnnyb%27%7C%7C%27qkqkq%27--%20kDsO&quot;)" />
    </UnitTest>
    <UnitTest name="Should_Return_Bad_Request(&quot;/Account/Login?ReturnUrl=-1889%20ORDER%20BY%201%23&quot;)" storage="d:\agents\smith05.01\_work\257\s\tests\chg.identityprovider.integrationtests\bin\release\net9.0\chg.identityprovider.integrationtests.dll" id="cb4ebe3e-897e-c640-b30b-e6a029b35ca9">
      <Execution id="0b8b2a2b-09a8-4825-a27c-86e0715f5a8b" />
      <TestMethod codeBase="D:\Agents\smith05.01\_work\257\s\tests\CHG.IdentityProvider.IntegrationTests\bin\Release\net9.0\CHG.IdentityProvider.IntegrationTests.dll" adapterTypeName="executor://nunit3testexecutor/" className="CHG.IdentityProvider.IntegrationTests.Middleware.MaliciousRequestsDetectionMiddlewareTests" name="Should_Return_Bad_Request(&quot;/Account/Login?ReturnUrl=-1889%20ORDER%20BY%201%23&quot;)" />
    </UnitTest>
    <UnitTest name="Should_Return_Bad_Request(&quot;/Account/Login?ReturnUrl=-5883%27%29%20UNION%20ALL%20SELECT%20NULL%2CNULL%2CNULL%2CNULL%2C%27qqqjq%27%7C%7C%27qgjcDbToVnRIOWdAZEOFWsXjEfLYxXtgcRIwVshb%27%7C%7C%27qkqkq%27%2CNULL%2CNULL%2CNULL--%20AkXt&quot;)" storage="d:\agents\smith05.01\_work\257\s\tests\chg.identityprovider.integrationtests\bin\release\net9.0\chg.identityprovider.integrationtests.dll" id="c13023f4-e88a-1276-6662-7b1e337c240c">
      <Execution id="f41a78da-3180-4d04-942a-5dfaf6aa2d0e" />
      <TestMethod codeBase="D:\Agents\smith05.01\_work\257\s\tests\CHG.IdentityProvider.IntegrationTests\bin\Release\net9.0\CHG.IdentityProvider.IntegrationTests.dll" adapterTypeName="executor://nunit3testexecutor/" className="CHG.IdentityProvider.IntegrationTests.Middleware.MaliciousRequestsDetectionMiddlewareTests" name="Should_Return_Bad_Request(&quot;/Account/Login?ReturnUrl=-5883%27%29%20UNION%20ALL%20SELECT%20NULL%2CNULL%2CNULL%2CNULL%2C%27qqqjq%27%7C%7C%27qgjcDbToVnRIOWdAZEOFWsXjEfLYxXtgcRIwVshb%27%7C%7C%27qkqkq%27%2CNULL%2CNULL%2CNULL--%20AkXt&quot;)" />
    </UnitTest>
    <UnitTest name="Returns_Not_Found_For_Invalid_Id" storage="d:\agents\smith05.01\_work\257\s\tests\chg.identityprovider.integrationtests\bin\release\net9.0\chg.identityprovider.integrationtests.dll" id="853bfc1a-a298-777c-a2ad-f6de66842305">
      <Execution id="685dc130-f872-4f3d-a5d5-65e69b12a344" />
      <TestMethod codeBase="D:\Agents\smith05.01\_work\257\s\tests\CHG.IdentityProvider.IntegrationTests\bin\Release\net9.0\CHG.IdentityProvider.IntegrationTests.dll" adapterTypeName="executor://nunit3testexecutor/" className="CHG.IdentityProvider.IntegrationTests.Controllers.MaintenanceControllerTests+UnblockuserMethod" name="Returns_Not_Found_For_Invalid_Id" />
    </UnitTest>
    <UnitTest name="Should_Return_Bad_Request_For_Posts(&quot;/Account/Login?ReturnUrl=-7936%25%27%20UNION%20ALL%20SELECT%2063%2C63%2C63%2C63%2C63%2C63%2C63%2C63%2C63%2C63%23&quot;)" storage="d:\agents\smith05.01\_work\257\s\tests\chg.identityprovider.integrationtests\bin\release\net9.0\chg.identityprovider.integrationtests.dll" id="70a1ada2-4594-a63f-00bc-15d7c957c8b0">
      <Execution id="f04e0cd2-fa44-4fe7-97cc-aa688193373e" />
      <TestMethod codeBase="D:\Agents\smith05.01\_work\257\s\tests\CHG.IdentityProvider.IntegrationTests\bin\Release\net9.0\CHG.IdentityProvider.IntegrationTests.dll" adapterTypeName="executor://nunit3testexecutor/" className="CHG.IdentityProvider.IntegrationTests.Middleware.MaliciousRequestsDetectionMiddlewareTests" name="Should_Return_Bad_Request_For_Posts(&quot;/Account/Login?ReturnUrl=-7936%25%27%20UNION%20ALL%20SELECT%2063%2C63%2C63%2C63%2C63%2C63%2C63%2C63%2C63%2C63%23&quot;)" />
    </UnitTest>
    <UnitTest name="Returns_Ok_When_Cache_Was_Reset" storage="d:\agents\smith05.01\_work\257\s\tests\chg.identityprovider.integrationtests\bin\release\net9.0\chg.identityprovider.integrationtests.dll" id="926302fc-dbb4-4217-1377-69decae88826">
      <Execution id="366d5279-e34e-4c7f-a102-af3916290e9c" />
      <TestMethod codeBase="D:\Agents\smith05.01\_work\257\s\tests\CHG.IdentityProvider.IntegrationTests\bin\Release\net9.0\CHG.IdentityProvider.IntegrationTests.dll" adapterTypeName="executor://nunit3testexecutor/" className="CHG.IdentityProvider.IntegrationTests.Controllers.MaintenanceControllerTests+ResetCacheMethod" name="Returns_Ok_When_Cache_Was_Reset" />
    </UnitTest>
    <UnitTest name="Returns_Success" storage="d:\agents\smith05.01\_work\257\s\tests\chg.identityprovider.integrationtests\bin\release\net9.0\chg.identityprovider.integrationtests.dll" id="bd7f3c81-03c6-8257-cd86-9e384cd8d973">
      <Execution id="16f8f831-efe8-41e0-b830-a549d4e3a2fb" />
      <TestMethod codeBase="D:\Agents\smith05.01\_work\257\s\tests\CHG.IdentityProvider.IntegrationTests\bin\Release\net9.0\CHG.IdentityProvider.IntegrationTests.dll" adapterTypeName="executor://nunit3testexecutor/" className="CHG.IdentityProvider.IntegrationTests.Login.WsFederationTests+Login" name="Returns_Success" />
    </UnitTest>
    <UnitTest name="Should_Return_Bad_Request(&quot;/Account/Login?ReturnUrl=-7908%27%29%20UNION%20ALL%20SELECT%2063%2C63%2C%27qqqjq%27%7C%7C%27OVMEBMXifs%27%7C%7C%27qkqkq%27%2C63%2C63%2C63%2C63%2C63--%20wcpo&quot;)" storage="d:\agents\smith05.01\_work\257\s\tests\chg.identityprovider.integrationtests\bin\release\net9.0\chg.identityprovider.integrationtests.dll" id="7f318a64-8491-e324-84e2-9ddf955bdd37">
      <Execution id="d7c3b96e-8ea1-4e6b-a1b5-270569c6204a" />
      <TestMethod codeBase="D:\Agents\smith05.01\_work\257\s\tests\CHG.IdentityProvider.IntegrationTests\bin\Release\net9.0\CHG.IdentityProvider.IntegrationTests.dll" adapterTypeName="executor://nunit3testexecutor/" className="CHG.IdentityProvider.IntegrationTests.Middleware.MaliciousRequestsDetectionMiddlewareTests" name="Should_Return_Bad_Request(&quot;/Account/Login?ReturnUrl=-7908%27%29%20UNION%20ALL%20SELECT%2063%2C63%2C%27qqqjq%27%7C%7C%27OVMEBMXifs%27%7C%7C%27qkqkq%27%2C63%2C63%2C63%2C63%2C63--%20wcpo&quot;)" />
    </UnitTest>
    <UnitTest name="Can_Return_ServiceProvider_Metadata" storage="d:\agents\smith05.01\_work\257\s\tests\chg.identityprovider.integrationtests\bin\release\net9.0\chg.identityprovider.integrationtests.dll" id="cbf97faf-404a-d8ff-bd39-0f817c65e2af">
      <Execution id="c5de10d8-98d4-442c-8824-9db3e5ef8ea6" />
      <TestMethod codeBase="D:\Agents\smith05.01\_work\257\s\tests\CHG.IdentityProvider.IntegrationTests\bin\Release\net9.0\CHG.IdentityProvider.IntegrationTests.dll" adapterTypeName="executor://nunit3testexecutor/" className="CHG.IdentityProvider.IntegrationTests.FederatedAuthentication.SamlTests" name="Can_Return_ServiceProvider_Metadata" />
    </UnitTest>
    <UnitTest name="Returns_LoginRequest_When_Not_Logged_In" storage="d:\agents\smith05.01\_work\257\s\tests\chg.identityprovider.integrationtests\bin\release\net9.0\chg.identityprovider.integrationtests.dll" id="24379f02-7b26-3fc1-bee8-ae6b0b649dce">
      <Execution id="3fa86e14-7a53-4eb0-a1a9-7e46b2a34779" />
      <TestMethod codeBase="D:\Agents\smith05.01\_work\257\s\tests\CHG.IdentityProvider.IntegrationTests\bin\Release\net9.0\CHG.IdentityProvider.IntegrationTests.dll" adapterTypeName="executor://nunit3testexecutor/" className="CHG.IdentityProvider.IntegrationTests.Controllers.LoginProvidersControllerTests+DeleteTests" name="Returns_LoginRequest_When_Not_Logged_In" />
    </UnitTest>
    <UnitTest name="IE_10_WIN" storage="d:\agents\smith05.01\_work\257\s\tests\chg.identityprovider.integrationtests\bin\release\net9.0\chg.identityprovider.integrationtests.dll" id="e0cbf2db-49d3-ce05-7a3e-06cef1c7f6be">
      <Execution id="df4631fc-5514-4cc9-a7a4-83bdc28f8123" />
      <TestMethod codeBase="D:\Agents\smith05.01\_work\257\s\tests\CHG.IdentityProvider.IntegrationTests\bin\Release\net9.0\CHG.IdentityProvider.IntegrationTests.dll" adapterTypeName="executor://nunit3testexecutor/" className="CHG.IdentityProvider.IntegrationTests.CookiesTests+SameSitePolicyTests" name="IE_10_WIN" />
    </UnitTest>
    <UnitTest name="Can_Logout(&quot;/signout-callback-TestAzureAD&quot;)" storage="d:\agents\smith05.01\_work\257\s\tests\chg.identityprovider.integrationtests\bin\release\net9.0\chg.identityprovider.integrationtests.dll" id="ee261bac-7b50-2525-6983-e3d2fff941b1">
      <Execution id="be7ccb0d-a26c-4f84-8282-02e67610d737" />
      <TestMethod codeBase="D:\Agents\smith05.01\_work\257\s\tests\CHG.IdentityProvider.IntegrationTests\bin\Release\net9.0\CHG.IdentityProvider.IntegrationTests.dll" adapterTypeName="executor://nunit3testexecutor/" className="CHG.IdentityProvider.IntegrationTests.FederatedAuthentication.AzureTests+Logout" name="Can_Logout(&quot;/signout-callback-TestAzureAD&quot;)" />
    </UnitTest>
    <UnitTest name="Should_Return_Bad_Request_For_Posts(&quot;/Account/Login?ReturnUrl=-8373%27%29%20UNION%20ALL%20SELECT%20NULL%2C%27qqqjq%27%7C%7C%27pWBBOrbAbA%27%7C%7C%27qkqkq%27%2CNULL%2CNULL%2CNULL%2CNULL%2CNULL%2CNULL--%20SlPH&quot;)" storage="d:\agents\smith05.01\_work\257\s\tests\chg.identityprovider.integrationtests\bin\release\net9.0\chg.identityprovider.integrationtests.dll" id="27445f14-8b5f-a165-c493-b7da2f5a36b6">
      <Execution id="43a104d5-5d21-4e25-9a16-be75cad7039a" />
      <TestMethod codeBase="D:\Agents\smith05.01\_work\257\s\tests\CHG.IdentityProvider.IntegrationTests\bin\Release\net9.0\CHG.IdentityProvider.IntegrationTests.dll" adapterTypeName="executor://nunit3testexecutor/" className="CHG.IdentityProvider.IntegrationTests.Middleware.MaliciousRequestsDetectionMiddlewareTests" name="Should_Return_Bad_Request_For_Posts(&quot;/Account/Login?ReturnUrl=-8373%27%29%20UNION%20ALL%20SELECT%20NULL%2C%27qqqjq%27%7C%7C%27pWBBOrbAbA%27%7C%7C%27qkqkq%27%2CNULL%2CNULL%2CNULL%2CNULL%2CNULL%2CNULL--%20SlPH&quot;)" />
    </UnitTest>
    <UnitTest name="Should_Return_Bad_Request(&quot;/Account/Login?ReturnUrl=-7896%20UNION%20ALL%20SELECT%2063%2C63%2C63%23&quot;)" storage="d:\agents\smith05.01\_work\257\s\tests\chg.identityprovider.integrationtests\bin\release\net9.0\chg.identityprovider.integrationtests.dll" id="11d10453-7be0-e245-eb86-1d480d741b0b">
      <Execution id="8aa8d15e-7298-4cec-878c-733fbbd52643" />
      <TestMethod codeBase="D:\Agents\smith05.01\_work\257\s\tests\CHG.IdentityProvider.IntegrationTests\bin\Release\net9.0\CHG.IdentityProvider.IntegrationTests.dll" adapterTypeName="executor://nunit3testexecutor/" className="CHG.IdentityProvider.IntegrationTests.Middleware.MaliciousRequestsDetectionMiddlewareTests" name="Should_Return_Bad_Request(&quot;/Account/Login?ReturnUrl=-7896%20UNION%20ALL%20SELECT%2063%2C63%2C63%23&quot;)" />
    </UnitTest>
    <UnitTest name="Should_Return_Bad_Request_For_Posts(&quot;/Account/Login?ReturnUrl=-6641%25%27%20UNION%20ALL%20SELECT%20NULL%2CNULL%2CNULL%2CNULL%2CNULL%2CNULL%2CNULL%2C%27qqqjq%27%7C%7C%27EtkJOeuZwV%27%7C%7C%27qkqkq%27%2CNULL%2CNULL--%20rGps&quot;)" storage="d:\agents\smith05.01\_work\257\s\tests\chg.identityprovider.integrationtests\bin\release\net9.0\chg.identityprovider.integrationtests.dll" id="1c411039-f64f-7450-da37-583f0cf67ad2">
      <Execution id="3adc83b5-8d12-464c-bf2a-30011d88cdfc" />
      <TestMethod codeBase="D:\Agents\smith05.01\_work\257\s\tests\CHG.IdentityProvider.IntegrationTests\bin\Release\net9.0\CHG.IdentityProvider.IntegrationTests.dll" adapterTypeName="executor://nunit3testexecutor/" className="CHG.IdentityProvider.IntegrationTests.Middleware.MaliciousRequestsDetectionMiddlewareTests" name="Should_Return_Bad_Request_For_Posts(&quot;/Account/Login?ReturnUrl=-6641%25%27%20UNION%20ALL%20SELECT%20NULL%2CNULL%2CNULL%2CNULL%2CNULL%2CNULL%2CNULL%2C%27qqqjq%27%7C%7C%27EtkJOeuZwV%27%7C%7C%27qkqkq%27%2CNULL%2CNULL--%20rGps&quot;)" />
    </UnitTest>
    <UnitTest name="Accepts_Json_That_Is_Also_Used_For_Initialization_Of_Docker_Containers_For_Clients" storage="d:\agents\smith05.01\_work\257\s\tests\chg.identityprovider.integrationtests\bin\release\net9.0\chg.identityprovider.integrationtests.dll" id="d318b7da-e3a9-9507-61bb-af6c32ee447f">
      <Execution id="5371ac5a-1c10-47db-b3d9-b9295650fa01" />
      <TestMethod codeBase="D:\Agents\smith05.01\_work\257\s\tests\CHG.IdentityProvider.IntegrationTests\bin\Release\net9.0\CHG.IdentityProvider.IntegrationTests.dll" adapterTypeName="executor://nunit3testexecutor/" className="CHG.IdentityProvider.IntegrationTests.Api.ImportApiTests+ImportClientsAction" name="Accepts_Json_That_Is_Also_Used_For_Initialization_Of_Docker_Containers_For_Clients" />
    </UnitTest>
    <UnitTest name="Updates_An_Existing_User_Via_Patch" storage="d:\agents\smith05.01\_work\257\s\tests\chg.identityprovider.integrationtests\bin\release\net9.0\chg.identityprovider.integrationtests.dll" id="af1a2b29-a331-d591-e302-488b732af050">
      <Execution id="2c789871-bde9-4747-9a01-203140f8da8a" />
      <TestMethod codeBase="D:\Agents\smith05.01\_work\257\s\tests\CHG.IdentityProvider.IntegrationTests\bin\Release\net9.0\CHG.IdentityProvider.IntegrationTests.dll" adapterTypeName="executor://nunit3testexecutor/" className="CHG.IdentityProvider.IntegrationTests.Middleware.ScimUserSyncMiddlewareTests+UpdatingAUserViaScim" name="Updates_An_Existing_User_Via_Patch" />
    </UnitTest>
    <UnitTest name="Should_Return_Bad_Request(&quot;/Account/Login?ReturnUrl=-4003%25%27%20UNION%20ALL%20SELECT%2063%23&quot;)" storage="d:\agents\smith05.01\_work\257\s\tests\chg.identityprovider.integrationtests\bin\release\net9.0\chg.identityprovider.integrationtests.dll" id="a73bdaf5-eea7-a7b4-bd79-b442544e6350">
      <Execution id="da21fa45-e510-4f36-8d11-0a5ec769472f" />
      <TestMethod codeBase="D:\Agents\smith05.01\_work\257\s\tests\CHG.IdentityProvider.IntegrationTests\bin\Release\net9.0\CHG.IdentityProvider.IntegrationTests.dll" adapterTypeName="executor://nunit3testexecutor/" className="CHG.IdentityProvider.IntegrationTests.Middleware.MaliciousRequestsDetectionMiddlewareTests" name="Should_Return_Bad_Request(&quot;/Account/Login?ReturnUrl=-4003%25%27%20UNION%20ALL%20SELECT%2063%23&quot;)" />
    </UnitTest>
    <UnitTest name="Updates_Existing_Users_Claims_Via_AzureAD" storage="d:\agents\smith05.01\_work\257\s\tests\chg.identityprovider.integrationtests\bin\release\net9.0\chg.identityprovider.integrationtests.dll" id="034ef28a-f6a6-254f-c0a6-d63ab70a7f70">
      <Execution id="5bda2e5d-b2cd-4929-ae41-fc9b074d83be" />
      <TestMethod codeBase="D:\Agents\smith05.01\_work\257\s\tests\CHG.IdentityProvider.IntegrationTests\bin\Release\net9.0\CHG.IdentityProvider.IntegrationTests.dll" adapterTypeName="executor://nunit3testexecutor/" className="CHG.IdentityProvider.IntegrationTests.Controllers.ExternalControllerTests+CallbackMethod" name="Updates_Existing_Users_Claims_Via_AzureAD" />
    </UnitTest>
    <UnitTest name="Should_Return_Bad_Request_For_Posts(&quot;/Account/Login?ReturnUrl=-8118%27%20UNION%20ALL%20SELECT%2063%2C63%2C63%2C63%2C63%23&quot;)" storage="d:\agents\smith05.01\_work\257\s\tests\chg.identityprovider.integrationtests\bin\release\net9.0\chg.identityprovider.integrationtests.dll" id="4024892b-22df-176b-92ea-68977611c48e">
      <Execution id="7ca9a348-436b-4c8c-8b64-5d26f5c067fb" />
      <TestMethod codeBase="D:\Agents\smith05.01\_work\257\s\tests\CHG.IdentityProvider.IntegrationTests\bin\Release\net9.0\CHG.IdentityProvider.IntegrationTests.dll" adapterTypeName="executor://nunit3testexecutor/" className="CHG.IdentityProvider.IntegrationTests.Middleware.MaliciousRequestsDetectionMiddlewareTests" name="Should_Return_Bad_Request_For_Posts(&quot;/Account/Login?ReturnUrl=-8118%27%20UNION%20ALL%20SELECT%2063%2C63%2C63%2C63%2C63%23&quot;)" />
    </UnitTest>
    <UnitTest name="Should_Return_Bad_Request_For_Posts(&quot;/Account/Login?ReturnUrl=-3174%27%20UNION%20ALL%20SELECT%2063%2C63%2C63%2C63%2C63%2C63%2C63%2C63%23&quot;)" storage="d:\agents\smith05.01\_work\257\s\tests\chg.identityprovider.integrationtests\bin\release\net9.0\chg.identityprovider.integrationtests.dll" id="0a4f67ec-ed90-1820-cde8-d03a96637005">
      <Execution id="e22b7745-6c3f-4b12-91d6-317ee82e1388" />
      <TestMethod codeBase="D:\Agents\smith05.01\_work\257\s\tests\CHG.IdentityProvider.IntegrationTests\bin\Release\net9.0\CHG.IdentityProvider.IntegrationTests.dll" adapterTypeName="executor://nunit3testexecutor/" className="CHG.IdentityProvider.IntegrationTests.Middleware.MaliciousRequestsDetectionMiddlewareTests" name="Should_Return_Bad_Request_For_Posts(&quot;/Account/Login?ReturnUrl=-3174%27%20UNION%20ALL%20SELECT%2063%2C63%2C63%2C63%2C63%2C63%2C63%2C63%23&quot;)" />
    </UnitTest>
    <UnitTest name="Returns_Forbidden_When_Scope_Is_Not_Valid" storage="d:\agents\smith05.01\_work\257\s\tests\chg.identityprovider.integrationtests\bin\release\net9.0\chg.identityprovider.integrationtests.dll" id="8f5a0cc4-da4f-2de2-5124-c6fc7364ff61">
      <Execution id="d14df1b5-8312-4abb-ba81-0ea521823cca" />
      <TestMethod codeBase="D:\Agents\smith05.01\_work\257\s\tests\CHG.IdentityProvider.IntegrationTests\bin\Release\net9.0\CHG.IdentityProvider.IntegrationTests.dll" adapterTypeName="executor://nunit3testexecutor/" className="CHG.IdentityProvider.IntegrationTests.Api.UserApiTests+CreateMethod" name="Returns_Forbidden_When_Scope_Is_Not_Valid" />
    </UnitTest>
    <UnitTest name="Should_Return_Bad_Request_For_Posts(&quot;/Account/Login?ReturnUrl=-2942%20UNION%20ALL%20SELECT%2063%2C63%2C63%2C63%2C63%2C63%2C63%2C63%23&quot;)" storage="d:\agents\smith05.01\_work\257\s\tests\chg.identityprovider.integrationtests\bin\release\net9.0\chg.identityprovider.integrationtests.dll" id="474ffd14-dc32-0896-9d6b-4ffb3544fc21">
      <Execution id="73f9f79e-e47c-49d6-be9b-803b1495b7e0" />
      <TestMethod codeBase="D:\Agents\smith05.01\_work\257\s\tests\CHG.IdentityProvider.IntegrationTests\bin\Release\net9.0\CHG.IdentityProvider.IntegrationTests.dll" adapterTypeName="executor://nunit3testexecutor/" className="CHG.IdentityProvider.IntegrationTests.Middleware.MaliciousRequestsDetectionMiddlewareTests" name="Should_Return_Bad_Request_For_Posts(&quot;/Account/Login?ReturnUrl=-2942%20UNION%20ALL%20SELECT%2063%2C63%2C63%2C63%2C63%2C63%2C63%2C63%23&quot;)" />
    </UnitTest>
    <UnitTest name="Should_Return_Bad_Request(&quot;/Account/Login?ReturnUrl=-9320%20UNION%20ALL%20SELECT%2063%2C63%2C63%2C63%2C63%2C63%2C63%23&quot;)" storage="d:\agents\smith05.01\_work\257\s\tests\chg.identityprovider.integrationtests\bin\release\net9.0\chg.identityprovider.integrationtests.dll" id="fb445222-bdd6-560a-35fc-528236a75eb3">
      <Execution id="95e2ed04-bd52-4c71-93ff-35532ca18678" />
      <TestMethod codeBase="D:\Agents\smith05.01\_work\257\s\tests\CHG.IdentityProvider.IntegrationTests\bin\Release\net9.0\CHG.IdentityProvider.IntegrationTests.dll" adapterTypeName="executor://nunit3testexecutor/" className="CHG.IdentityProvider.IntegrationTests.Middleware.MaliciousRequestsDetectionMiddlewareTests" name="Should_Return_Bad_Request(&quot;/Account/Login?ReturnUrl=-9320%20UNION%20ALL%20SELECT%2063%2C63%2C63%2C63%2C63%2C63%2C63%23&quot;)" />
    </UnitTest>
    <UnitTest name="Should_Return_Bad_Request_For_Posts(&quot;/Account/Login?ReturnUrl=-3150%25%27%20UNION%20ALL%20SELECT%20%27qqqjq%27%7C%7C%27GKsfNfFoNGruQXCbXtpuOQbGTWVXJaFdtCvKiiMR%27%7C%7C%27qkqkq%27%2CNULL%2CNULL%2CNULL%2CNULL%2CNULL%2CNULL%2CNULL%2CNULL%2CNULL--%20zdBR&quot;)" storage="d:\agents\smith05.01\_work\257\s\tests\chg.identityprovider.integrationtests\bin\release\net9.0\chg.identityprovider.integrationtests.dll" id="19fa721a-f600-3b1c-98cf-731686f7c62a">
      <Execution id="72ee3ac7-f927-4575-9293-5c72d813fceb" />
      <TestMethod codeBase="D:\Agents\smith05.01\_work\257\s\tests\CHG.IdentityProvider.IntegrationTests\bin\Release\net9.0\CHG.IdentityProvider.IntegrationTests.dll" adapterTypeName="executor://nunit3testexecutor/" className="CHG.IdentityProvider.IntegrationTests.Middleware.MaliciousRequestsDetectionMiddlewareTests" name="Should_Return_Bad_Request_For_Posts(&quot;/Account/Login?ReturnUrl=-3150%25%27%20UNION%20ALL%20SELECT%20%27qqqjq%27%7C%7C%27GKsfNfFoNGruQXCbXtpuOQbGTWVXJaFdtCvKiiMR%27%7C%7C%27qkqkq%27%2CNULL%2CNULL%2CNULL%2CNULL%2CNULL%2CNULL%2CNULL%2CNULL%2CNULL--%20zdBR&quot;)" />
    </UnitTest>
    <UnitTest name="Should_Return_Bad_Request(&quot;/Account/Login?ReturnUrl=-1012%25%27%20UNION%20ALL%20SELECT%20NULL%2CNULL%2C%27qqqjq%27%7C%7C%27yoOovMdGGhUgDWxKuXkrgjUYOFBBaofZxLKcnAKl%27%7C%7C%27qkqkq%27%2CNULL%2CNULL%2CNULL%2CNULL%2CNULL%2CNULL%2CNULL--%20cScx&quot;)" storage="d:\agents\smith05.01\_work\257\s\tests\chg.identityprovider.integrationtests\bin\release\net9.0\chg.identityprovider.integrationtests.dll" id="05257a4e-071c-1ebe-57b4-bc8f7523f670">
      <Execution id="105caad1-ff17-4429-bbc4-fa1d78894687" />
      <TestMethod codeBase="D:\Agents\smith05.01\_work\257\s\tests\CHG.IdentityProvider.IntegrationTests\bin\Release\net9.0\CHG.IdentityProvider.IntegrationTests.dll" adapterTypeName="executor://nunit3testexecutor/" className="CHG.IdentityProvider.IntegrationTests.Middleware.MaliciousRequestsDetectionMiddlewareTests" name="Should_Return_Bad_Request(&quot;/Account/Login?ReturnUrl=-1012%25%27%20UNION%20ALL%20SELECT%20NULL%2CNULL%2C%27qqqjq%27%7C%7C%27yoOovMdGGhUgDWxKuXkrgjUYOFBBaofZxLKcnAKl%27%7C%7C%27qkqkq%27%2CNULL%2CNULL%2CNULL%2CNULL%2CNULL%2CNULL%2CNULL--%20cScx&quot;)" />
    </UnitTest>
    <UnitTest name="Returns_Unauthorized" storage="d:\agents\smith05.01\_work\257\s\tests\chg.identityprovider.integrationtests\bin\release\net9.0\chg.identityprovider.integrationtests.dll" id="1c0c493c-ec1d-e0e4-801f-294554382941">
      <Execution id="03f5795e-4361-4948-ae9c-30b50a89bceb" />
      <TestMethod codeBase="D:\Agents\smith05.01\_work\257\s\tests\CHG.IdentityProvider.IntegrationTests\bin\Release\net9.0\CHG.IdentityProvider.IntegrationTests.dll" adapterTypeName="executor://nunit3testexecutor/" className="CHG.IdentityProvider.IntegrationTests.Api.SwaggerApiTests+GetMethod" name="Returns_Unauthorized" />
    </UnitTest>
    <UnitTest name="Should_Return_Bad_Request(&quot;/Account/Login?ReturnUrl=-2340%27%29%20UNION%20ALL%20SELECT%2063%2C63%2C63%2C%27qqqjq%27%7C%7C%27LhPBkUKuvPfRFTlOqWHwlNItTKsDYbgUStmOBGfY%27%7C%7C%27qkqkq%27%2C63%2C63%2C63%2C63--%20aMQT&quot;)" storage="d:\agents\smith05.01\_work\257\s\tests\chg.identityprovider.integrationtests\bin\release\net9.0\chg.identityprovider.integrationtests.dll" id="68742d40-9113-e248-23c0-7b4694693b3e">
      <Execution id="1546dd74-2ce2-4092-bd18-9d8d4b1ae20a" />
      <TestMethod codeBase="D:\Agents\smith05.01\_work\257\s\tests\CHG.IdentityProvider.IntegrationTests\bin\Release\net9.0\CHG.IdentityProvider.IntegrationTests.dll" adapterTypeName="executor://nunit3testexecutor/" className="CHG.IdentityProvider.IntegrationTests.Middleware.MaliciousRequestsDetectionMiddlewareTests" name="Should_Return_Bad_Request(&quot;/Account/Login?ReturnUrl=-2340%27%29%20UNION%20ALL%20SELECT%2063%2C63%2C63%2C%27qqqjq%27%7C%7C%27LhPBkUKuvPfRFTlOqWHwlNItTKsDYbgUStmOBGfY%27%7C%7C%27qkqkq%27%2C63%2C63%2C63%2C63--%20aMQT&quot;)" />
    </UnitTest>
    <UnitTest name="Should_Return_Bad_Request(&quot;/Account/Login?ReturnUrl=-3437%27%29%20UNION%20ALL%20SELECT%20NULL%2CNULL%2C%27qqqjq%27%7C%7C%27gVSxqlYeha%27%7C%7C%27qkqkq%27%2CNULL%2CNULL%2CNULL%2CNULL%2CNULL--%20nXgW&quot;)" storage="d:\agents\smith05.01\_work\257\s\tests\chg.identityprovider.integrationtests\bin\release\net9.0\chg.identityprovider.integrationtests.dll" id="2cea4ec0-f2c6-ce2f-3bef-c7211b8f0f5b">
      <Execution id="4adc5d80-9833-4b80-a213-f2414355eee1" />
      <TestMethod codeBase="D:\Agents\smith05.01\_work\257\s\tests\CHG.IdentityProvider.IntegrationTests\bin\Release\net9.0\CHG.IdentityProvider.IntegrationTests.dll" adapterTypeName="executor://nunit3testexecutor/" className="CHG.IdentityProvider.IntegrationTests.Middleware.MaliciousRequestsDetectionMiddlewareTests" name="Should_Return_Bad_Request(&quot;/Account/Login?ReturnUrl=-3437%27%29%20UNION%20ALL%20SELECT%20NULL%2CNULL%2C%27qqqjq%27%7C%7C%27gVSxqlYeha%27%7C%7C%27qkqkq%27%2CNULL%2CNULL%2CNULL%2CNULL%2CNULL--%20nXgW&quot;)" />
    </UnitTest>
    <UnitTest name="Contains_Customer_Claims" storage="d:\agents\smith05.01\_work\257\s\tests\chg.identityprovider.integrationtests\bin\release\net9.0\chg.identityprovider.integrationtests.dll" id="43007c9c-0fbe-157f-920a-31d6cf45405c">
      <Execution id="1ce91a58-c768-4036-a103-d5d99df2d3ff" />
      <TestMethod codeBase="D:\Agents\smith05.01\_work\257\s\tests\CHG.IdentityProvider.IntegrationTests\bin\Release\net9.0\CHG.IdentityProvider.IntegrationTests.dll" adapterTypeName="executor://nunit3testexecutor/" className="CHG.IdentityProvider.IntegrationTests.Login.WsFederationTests+Login" name="Contains_Customer_Claims" />
    </UnitTest>
    <UnitTest name="Returns_Forbidden_When_Scope_Is_Not_Valid(&quot;/api/v1.0/import/client&quot;)" storage="d:\agents\smith05.01\_work\257\s\tests\chg.identityprovider.integrationtests\bin\release\net9.0\chg.identityprovider.integrationtests.dll" id="438f6572-dad9-ce33-9f33-84bb87bf6221">
      <Execution id="58023a2d-926f-4cb0-b41f-81bcbaca6144" />
      <TestMethod codeBase="D:\Agents\smith05.01\_work\257\s\tests\CHG.IdentityProvider.IntegrationTests\bin\Release\net9.0\CHG.IdentityProvider.IntegrationTests.dll" adapterTypeName="executor://nunit3testexecutor/" className="CHG.IdentityProvider.IntegrationTests.Api.ImportApiTests+ImportClientsAction" name="Returns_Forbidden_When_Scope_Is_Not_Valid(&quot;/api/v1.0/import/client&quot;)" />
    </UnitTest>
    <UnitTest name="Should_Return_Bad_Request(&quot;/Account/Login?ReturnUrl=-3182%20UNION%20ALL%20SELECT%2063%2C63%2C63%23&quot;)" storage="d:\agents\smith05.01\_work\257\s\tests\chg.identityprovider.integrationtests\bin\release\net9.0\chg.identityprovider.integrationtests.dll" id="c3716c7e-3d87-b028-34c4-8e1e184bd8c6">
      <Execution id="edefd7db-24b2-4d37-9ada-c84d34438357" />
      <TestMethod codeBase="D:\Agents\smith05.01\_work\257\s\tests\CHG.IdentityProvider.IntegrationTests\bin\Release\net9.0\CHG.IdentityProvider.IntegrationTests.dll" adapterTypeName="executor://nunit3testexecutor/" className="CHG.IdentityProvider.IntegrationTests.Middleware.MaliciousRequestsDetectionMiddlewareTests" name="Should_Return_Bad_Request(&quot;/Account/Login?ReturnUrl=-3182%20UNION%20ALL%20SELECT%2063%2C63%2C63%23&quot;)" />
    </UnitTest>
    <UnitTest name="Creates_New_User_If_Not_Exists_Via_AzureAD" storage="d:\agents\smith05.01\_work\257\s\tests\chg.identityprovider.integrationtests\bin\release\net9.0\chg.identityprovider.integrationtests.dll" id="8d8bdb50-080c-398d-1a44-35a77b3ce319">
      <Execution id="b41f246a-1b67-4c10-90b6-04748ac8a5ac" />
      <TestMethod codeBase="D:\Agents\smith05.01\_work\257\s\tests\CHG.IdentityProvider.IntegrationTests\bin\Release\net9.0\CHG.IdentityProvider.IntegrationTests.dll" adapterTypeName="executor://nunit3testexecutor/" className="CHG.IdentityProvider.IntegrationTests.Controllers.ExternalControllerTests+CallbackMethod" name="Creates_New_User_If_Not_Exists_Via_AzureAD" />
    </UnitTest>
    <UnitTest name="Should_Return_Bad_Request(&quot;/Account/Login?ReturnUrl=-3316%25%27%20UNION%20ALL%20SELECT%20NULL%2CNULL%2CNULL%2CNULL%2CNULL%2CNULL%2CNULL%2CNULL%2C%27qqqjq%27%7C%7C%27kHqVdbPUigmFOqphGtASbRzsNrhdroorbVtzEyjq%27%7C%7C%27qkqkq%27%2CNULL--%20Ppiv&quot;)" storage="d:\agents\smith05.01\_work\257\s\tests\chg.identityprovider.integrationtests\bin\release\net9.0\chg.identityprovider.integrationtests.dll" id="ed257f29-cc3b-8b26-caf9-47e956a6c319">
      <Execution id="6ce26d3b-9815-475c-9442-75ca7afd3cc3" />
      <TestMethod codeBase="D:\Agents\smith05.01\_work\257\s\tests\CHG.IdentityProvider.IntegrationTests\bin\Release\net9.0\CHG.IdentityProvider.IntegrationTests.dll" adapterTypeName="executor://nunit3testexecutor/" className="CHG.IdentityProvider.IntegrationTests.Middleware.MaliciousRequestsDetectionMiddlewareTests" name="Should_Return_Bad_Request(&quot;/Account/Login?ReturnUrl=-3316%25%27%20UNION%20ALL%20SELECT%20NULL%2CNULL%2CNULL%2CNULL%2CNULL%2CNULL%2CNULL%2CNULL%2C%27qqqjq%27%7C%7C%27kHqVdbPUigmFOqphGtASbRzsNrhdroorbVtzEyjq%27%7C%7C%27qkqkq%27%2CNULL--%20Ppiv&quot;)" />
    </UnitTest>
    <UnitTest name="SAFARI_IOS_12_IPAD" storage="d:\agents\smith05.01\_work\257\s\tests\chg.identityprovider.integrationtests\bin\release\net9.0\chg.identityprovider.integrationtests.dll" id="7f520b50-ba98-6f5d-894f-79d2bb3bf03c">
      <Execution id="1fef12fb-dab1-4b22-80b1-8d166829c9a5" />
      <TestMethod codeBase="D:\Agents\smith05.01\_work\257\s\tests\CHG.IdentityProvider.IntegrationTests\bin\Release\net9.0\CHG.IdentityProvider.IntegrationTests.dll" adapterTypeName="executor://nunit3testexecutor/" className="CHG.IdentityProvider.IntegrationTests.CookiesTests+SameSitePolicyTests" name="SAFARI_IOS_12_IPAD" />
    </UnitTest>
    <UnitTest name="Should_Return_Bad_Request(&quot;/Account/Login?ReturnUrl=-6260%27%29%20UNION%20ALL%20SELECT%2063%2C63%2C63%23&quot;)" storage="d:\agents\smith05.01\_work\257\s\tests\chg.identityprovider.integrationtests\bin\release\net9.0\chg.identityprovider.integrationtests.dll" id="28f4864e-fd74-e023-7c19-0827cba42197">
      <Execution id="566833d6-29a1-4449-a139-75ea081d0477" />
      <TestMethod codeBase="D:\Agents\smith05.01\_work\257\s\tests\CHG.IdentityProvider.IntegrationTests\bin\Release\net9.0\CHG.IdentityProvider.IntegrationTests.dll" adapterTypeName="executor://nunit3testexecutor/" className="CHG.IdentityProvider.IntegrationTests.Middleware.MaliciousRequestsDetectionMiddlewareTests" name="Should_Return_Bad_Request(&quot;/Account/Login?ReturnUrl=-6260%27%29%20UNION%20ALL%20SELECT%2063%2C63%2C63%23&quot;)" />
    </UnitTest>
    <UnitTest name="Should_Return_Bad_Request(&quot;/Account/Login?ReturnUrl=%28SELECT%20CONCAT%280x7171716a71%2C%28SELECT%20%28ELT%289906%3D9906%2C1%29%29%29%2C0x716b716b71%29%29&quot;)" storage="d:\agents\smith05.01\_work\257\s\tests\chg.identityprovider.integrationtests\bin\release\net9.0\chg.identityprovider.integrationtests.dll" id="fd9f759e-135b-8201-8682-fa83bbc69a6a">
      <Execution id="9b99ecd3-bf7d-4d3e-b7f9-c3c25d7e9fe5" />
      <TestMethod codeBase="D:\Agents\smith05.01\_work\257\s\tests\CHG.IdentityProvider.IntegrationTests\bin\Release\net9.0\CHG.IdentityProvider.IntegrationTests.dll" adapterTypeName="executor://nunit3testexecutor/" className="CHG.IdentityProvider.IntegrationTests.Middleware.MaliciousRequestsDetectionMiddlewareTests" name="Should_Return_Bad_Request(&quot;/Account/Login?ReturnUrl=%28SELECT%20CONCAT%280x7171716a71%2C%28SELECT%20%28ELT%289906%3D9906%2C1%29%29%29%2C0x716b716b71%29%29&quot;)" />
    </UnitTest>
    <UnitTest name="SAFARI_IOS_13" storage="d:\agents\smith05.01\_work\257\s\tests\chg.identityprovider.integrationtests\bin\release\net9.0\chg.identityprovider.integrationtests.dll" id="9e8d7ad7-30b2-103d-dcc6-b1384cb8fcb6">
      <Execution id="ea062824-c796-45eb-aec3-01dc35e8008d" />
      <TestMethod codeBase="D:\Agents\smith05.01\_work\257\s\tests\CHG.IdentityProvider.IntegrationTests\bin\Release\net9.0\CHG.IdentityProvider.IntegrationTests.dll" adapterTypeName="executor://nunit3testexecutor/" className="CHG.IdentityProvider.IntegrationTests.CookiesTests+SameSitePolicyTests" name="SAFARI_IOS_13" />
    </UnitTest>
    <UnitTest name="Returns_Success_When_Using_DirectLink" storage="d:\agents\smith05.01\_work\257\s\tests\chg.identityprovider.integrationtests\bin\release\net9.0\chg.identityprovider.integrationtests.dll" id="3f3b38d9-bac7-3628-aae0-fc8419e7a10d">
      <Execution id="55618a3f-e050-4394-af56-f2d9022c4840" />
      <TestMethod codeBase="D:\Agents\smith05.01\_work\257\s\tests\CHG.IdentityProvider.IntegrationTests\bin\Release\net9.0\CHG.IdentityProvider.IntegrationTests.dll" adapterTypeName="executor://nunit3testexecutor/" className="CHG.IdentityProvider.IntegrationTests.Login.DeviceFlowTests+Login" name="Returns_Success_When_Using_DirectLink" />
    </UnitTest>
    <UnitTest name="External_User_Can_Login_Successfully_With_Azure" storage="d:\agents\smith05.01\_work\257\s\tests\chg.identityprovider.integrationtests\bin\release\net9.0\chg.identityprovider.integrationtests.dll" id="a116e619-7648-754f-f407-32b958247704">
      <Execution id="4c4be177-bd87-4c20-9c91-4acd6a4343a4" />
      <TestMethod codeBase="D:\Agents\smith05.01\_work\257\s\tests\CHG.IdentityProvider.IntegrationTests\bin\Release\net9.0\CHG.IdentityProvider.IntegrationTests.dll" adapterTypeName="executor://nunit3testexecutor/" className="CHG.IdentityProvider.IntegrationTests.Login.ExternalLoginTests+Login" name="External_User_Can_Login_Successfully_With_Azure" />
    </UnitTest>
    <UnitTest name="Should_Return_Bad_Request_For_Posts(&quot;/Account/Login?ReturnUrl=-4645%29%20ORDER%20BY%201%23&quot;)" storage="d:\agents\smith05.01\_work\257\s\tests\chg.identityprovider.integrationtests\bin\release\net9.0\chg.identityprovider.integrationtests.dll" id="f7a96a55-17c0-2607-537a-d96eca6b0619">
      <Execution id="c46ea1e7-263c-4799-8874-8a94fd1d03b0" />
      <TestMethod codeBase="D:\Agents\smith05.01\_work\257\s\tests\CHG.IdentityProvider.IntegrationTests\bin\Release\net9.0\CHG.IdentityProvider.IntegrationTests.dll" adapterTypeName="executor://nunit3testexecutor/" className="CHG.IdentityProvider.IntegrationTests.Middleware.MaliciousRequestsDetectionMiddlewareTests" name="Should_Return_Bad_Request_For_Posts(&quot;/Account/Login?ReturnUrl=-4645%29%20ORDER%20BY%201%23&quot;)" />
    </UnitTest>
    <UnitTest name="Should_Return_Bad_Request(&quot;/Account/Login?ReturnUrl=-4326%20UNION%20ALL%20SELECT%2063%2C63%2C63%2C63%2C63%23&quot;)" storage="d:\agents\smith05.01\_work\257\s\tests\chg.identityprovider.integrationtests\bin\release\net9.0\chg.identityprovider.integrationtests.dll" id="94a764a6-a4a1-c15f-6764-327bb8240cb2">
      <Execution id="c6084e1f-9139-4a8f-944b-c06d30333e28" />
      <TestMethod codeBase="D:\Agents\smith05.01\_work\257\s\tests\CHG.IdentityProvider.IntegrationTests\bin\Release\net9.0\CHG.IdentityProvider.IntegrationTests.dll" adapterTypeName="executor://nunit3testexecutor/" className="CHG.IdentityProvider.IntegrationTests.Middleware.MaliciousRequestsDetectionMiddlewareTests" name="Should_Return_Bad_Request(&quot;/Account/Login?ReturnUrl=-4326%20UNION%20ALL%20SELECT%2063%2C63%2C63%2C63%2C63%23&quot;)" />
    </UnitTest>
    <UnitTest name="Should_Return_Bad_Request(&quot;/Account/Login?ReturnUrl=-1561%27%29%20UNION%20ALL%20SELECT%20NULL%2CNULL%2CNULL%2C%27qqqjq%27%7C%7C%27gixApvCcroetDHpwNBKKzPquepYgdiIFBGIGecgN%27%7C%7C%27qkqkq%27%2CNULL%2CNULL%2CNULL%2CNULL--%20wUOZ&quot;)" storage="d:\agents\smith05.01\_work\257\s\tests\chg.identityprovider.integrationtests\bin\release\net9.0\chg.identityprovider.integrationtests.dll" id="5ea77635-2124-4d2b-cb4c-592a30023fc2">
      <Execution id="b6583607-97c1-47fe-ac25-b2c5dae9ae0d" />
      <TestMethod codeBase="D:\Agents\smith05.01\_work\257\s\tests\CHG.IdentityProvider.IntegrationTests\bin\Release\net9.0\CHG.IdentityProvider.IntegrationTests.dll" adapterTypeName="executor://nunit3testexecutor/" className="CHG.IdentityProvider.IntegrationTests.Middleware.MaliciousRequestsDetectionMiddlewareTests" name="Should_Return_Bad_Request(&quot;/Account/Login?ReturnUrl=-1561%27%29%20UNION%20ALL%20SELECT%20NULL%2CNULL%2CNULL%2C%27qqqjq%27%7C%7C%27gixApvCcroetDHpwNBKKzPquepYgdiIFBGIGecgN%27%7C%7C%27qkqkq%27%2CNULL%2CNULL%2CNULL%2CNULL--%20wUOZ&quot;)" />
    </UnitTest>
    <UnitTest name="Should_Return_Bad_Request_For_Posts(&quot;/Account/Login?ReturnUrl=-2439%25%27%20UNION%20ALL%20SELECT%2063%2C63%2C63%2C63%2C63%2C63%2C63%2C63%23&quot;)" storage="d:\agents\smith05.01\_work\257\s\tests\chg.identityprovider.integrationtests\bin\release\net9.0\chg.identityprovider.integrationtests.dll" id="0a5fe888-b57a-ec47-f88b-2c01f4587026">
      <Execution id="2a4443b8-2d98-4e96-95c3-187a7bea316a" />
      <TestMethod codeBase="D:\Agents\smith05.01\_work\257\s\tests\CHG.IdentityProvider.IntegrationTests\bin\Release\net9.0\CHG.IdentityProvider.IntegrationTests.dll" adapterTypeName="executor://nunit3testexecutor/" className="CHG.IdentityProvider.IntegrationTests.Middleware.MaliciousRequestsDetectionMiddlewareTests" name="Should_Return_Bad_Request_For_Posts(&quot;/Account/Login?ReturnUrl=-2439%25%27%20UNION%20ALL%20SELECT%2063%2C63%2C63%2C63%2C63%2C63%2C63%2C63%23&quot;)" />
    </UnitTest>
    <UnitTest name="Should_Return_Bad_Request_For_Posts(&quot;/Account/Login?ReturnUrl=-2280%25%27%20UNION%20ALL%20SELECT%20NULL%2CNULL%2CNULL%2CNULL%2CNULL%2C%27qqqjq%27%7C%7C%27fupHoDYKPxVMNLpPgYUKNPxXWpwBluQFHVjuuvqp%27%7C%7C%27qkqkq%27%2CNULL%2CNULL%2CNULL%2CNULL--%20anug&quot;)" storage="d:\agents\smith05.01\_work\257\s\tests\chg.identityprovider.integrationtests\bin\release\net9.0\chg.identityprovider.integrationtests.dll" id="a1ea5e7c-7cb3-ac68-0314-7e52c4c19279">
      <Execution id="97006cc6-7c17-4166-bb64-3dc26425ae28" />
      <TestMethod codeBase="D:\Agents\smith05.01\_work\257\s\tests\CHG.IdentityProvider.IntegrationTests\bin\Release\net9.0\CHG.IdentityProvider.IntegrationTests.dll" adapterTypeName="executor://nunit3testexecutor/" className="CHG.IdentityProvider.IntegrationTests.Middleware.MaliciousRequestsDetectionMiddlewareTests" name="Should_Return_Bad_Request_For_Posts(&quot;/Account/Login?ReturnUrl=-2280%25%27%20UNION%20ALL%20SELECT%20NULL%2CNULL%2CNULL%2CNULL%2CNULL%2C%27qqqjq%27%7C%7C%27fupHoDYKPxVMNLpPgYUKNPxXWpwBluQFHVjuuvqp%27%7C%7C%27qkqkq%27%2CNULL%2CNULL%2CNULL%2CNULL--%20anug&quot;)" />
    </UnitTest>
    <UnitTest name="Should_Return_Bad_Request_For_Posts(&quot;/Account/Login?ReturnUrl=-4176%20UNION%20ALL%20SELECT%2063%2C63%2C63%2C63%2C63%23&quot;)" storage="d:\agents\smith05.01\_work\257\s\tests\chg.identityprovider.integrationtests\bin\release\net9.0\chg.identityprovider.integrationtests.dll" id="5f16176b-9212-6564-d538-1dba5c1379cb">
      <Execution id="c5dfc03f-154a-45a0-acfc-85fa7152644f" />
      <TestMethod codeBase="D:\Agents\smith05.01\_work\257\s\tests\CHG.IdentityProvider.IntegrationTests\bin\Release\net9.0\CHG.IdentityProvider.IntegrationTests.dll" adapterTypeName="executor://nunit3testexecutor/" className="CHG.IdentityProvider.IntegrationTests.Middleware.MaliciousRequestsDetectionMiddlewareTests" name="Should_Return_Bad_Request_For_Posts(&quot;/Account/Login?ReturnUrl=-4176%20UNION%20ALL%20SELECT%2063%2C63%2C63%2C63%2C63%23&quot;)" />
    </UnitTest>
    <UnitTest name="Can_Logout(&quot;/remote-signout-TestAzureAD&quot;)" storage="d:\agents\smith05.01\_work\257\s\tests\chg.identityprovider.integrationtests\bin\release\net9.0\chg.identityprovider.integrationtests.dll" id="9ead51c3-c2b9-2587-dcde-78331816bacd">
      <Execution id="47a03564-f884-443f-8e29-dace82e12f8c" />
      <TestMethod codeBase="D:\Agents\smith05.01\_work\257\s\tests\CHG.IdentityProvider.IntegrationTests\bin\Release\net9.0\CHG.IdentityProvider.IntegrationTests.dll" adapterTypeName="executor://nunit3testexecutor/" className="CHG.IdentityProvider.IntegrationTests.FederatedAuthentication.AzureTests+Logout" name="Can_Logout(&quot;/remote-signout-TestAzureAD&quot;)" />
    </UnitTest>
    <UnitTest name="Can_Import_Users" storage="d:\agents\smith05.01\_work\257\s\tests\chg.identityprovider.integrationtests\bin\release\net9.0\chg.identityprovider.integrationtests.dll" id="d085e933-a541-da0b-b837-feac9b4adf4d">
      <Execution id="3a62ad7b-6117-4765-8b6b-d3a159b39482" />
      <TestMethod codeBase="D:\Agents\smith05.01\_work\257\s\tests\CHG.IdentityProvider.IntegrationTests\bin\Release\net9.0\CHG.IdentityProvider.IntegrationTests.dll" adapterTypeName="executor://nunit3testexecutor/" className="CHG.IdentityProvider.IntegrationTests.DataInitializerHostedServiceTests" name="Can_Import_Users" />
    </UnitTest>
    <UnitTest name="Returns_Unauthorized_When_Not_Logged_In" storage="d:\agents\smith05.01\_work\257\s\tests\chg.identityprovider.integrationtests\bin\release\net9.0\chg.identityprovider.integrationtests.dll" id="a797a648-1996-2ab5-efa9-ed0ddcf73ab7">
      <Execution id="8297a536-eea6-4aa3-9cc0-9ba318452474" />
      <TestMethod codeBase="D:\Agents\smith05.01\_work\257\s\tests\CHG.IdentityProvider.IntegrationTests\bin\Release\net9.0\CHG.IdentityProvider.IntegrationTests.dll" adapterTypeName="executor://nunit3testexecutor/" className="CHG.IdentityProvider.IntegrationTests.Api.AdminUIHookApiTests+RegistrationConfirmationMethod" name="Returns_Unauthorized_When_Not_Logged_In" />
    </UnitTest>
    <UnitTest name="Returns_LoginRequest_When_Not_Logged_In" storage="d:\agents\smith05.01\_work\257\s\tests\chg.identityprovider.integrationtests\bin\release\net9.0\chg.identityprovider.integrationtests.dll" id="07a71ced-ccd7-57e6-8813-2f8b8f27e32f">
      <Execution id="44da76d9-e55f-4acb-86d2-aea0a515b342" />
      <TestMethod codeBase="D:\Agents\smith05.01\_work\257\s\tests\CHG.IdentityProvider.IntegrationTests\bin\Release\net9.0\CHG.IdentityProvider.IntegrationTests.dll" adapterTypeName="executor://nunit3testexecutor/" className="CHG.IdentityProvider.IntegrationTests.Controllers.MaintenanceControllerTests+CachingMethod" name="Returns_LoginRequest_When_Not_Logged_In" />
    </UnitTest>
    <UnitTest name="Should_Not_Return_Bad_Request(&quot;/account/login?returnUrl=www.tesma.net&quot;)" storage="d:\agents\smith05.01\_work\257\s\tests\chg.identityprovider.integrationtests\bin\release\net9.0\chg.identityprovider.integrationtests.dll" id="c89fdd40-8ead-a981-fa92-71573ed4ba93">
      <Execution id="7175f98e-f224-4f99-9109-db3c50711547" />
      <TestMethod codeBase="D:\Agents\smith05.01\_work\257\s\tests\CHG.IdentityProvider.IntegrationTests\bin\Release\net9.0\CHG.IdentityProvider.IntegrationTests.dll" adapterTypeName="executor://nunit3testexecutor/" className="CHG.IdentityProvider.IntegrationTests.Middleware.MaliciousRequestsDetectionMiddlewareTests" name="Should_Not_Return_Bad_Request(&quot;/account/login?returnUrl=www.tesma.net&quot;)" />
    </UnitTest>
    <UnitTest name="Should_Return_Bad_Request(&quot;/Account/Login?ReturnUrl=-7085%29%20UNION%20ALL%20SELECT%2063%2C63%2C63%2C63%23&quot;)" storage="d:\agents\smith05.01\_work\257\s\tests\chg.identityprovider.integrationtests\bin\release\net9.0\chg.identityprovider.integrationtests.dll" id="f85f6a2c-4dee-b835-2e11-c6ecd821c404">
      <Execution id="9400a2d2-0749-443b-af80-5f273c8cc731" />
      <TestMethod codeBase="D:\Agents\smith05.01\_work\257\s\tests\CHG.IdentityProvider.IntegrationTests\bin\Release\net9.0\CHG.IdentityProvider.IntegrationTests.dll" adapterTypeName="executor://nunit3testexecutor/" className="CHG.IdentityProvider.IntegrationTests.Middleware.MaliciousRequestsDetectionMiddlewareTests" name="Should_Return_Bad_Request(&quot;/Account/Login?ReturnUrl=-7085%29%20UNION%20ALL%20SELECT%2063%2C63%2C63%2C63%23&quot;)" />
    </UnitTest>
    <UnitTest name="Should_Return_Bad_Request(&quot;/Account/Login?ReturnUrl=-3150%25%27%20UNION%20ALL%20SELECT%20%27qqqjq%27%7C%7C%27GKsfNfFoNGruQXCbXtpuOQbGTWVXJaFdtCvKiiMR%27%7C%7C%27qkqkq%27%2CNULL%2CNULL%2CNULL%2CNULL%2CNULL%2CNULL%2CNULL%2CNULL%2CNULL--%20zdBR&quot;)" storage="d:\agents\smith05.01\_work\257\s\tests\chg.identityprovider.integrationtests\bin\release\net9.0\chg.identityprovider.integrationtests.dll" id="cd94254d-288e-e3f0-d9d5-96a0732bd483">
      <Execution id="559a05b9-c4b8-4520-be5b-80048748e3b8" />
      <TestMethod codeBase="D:\Agents\smith05.01\_work\257\s\tests\CHG.IdentityProvider.IntegrationTests\bin\Release\net9.0\CHG.IdentityProvider.IntegrationTests.dll" adapterTypeName="executor://nunit3testexecutor/" className="CHG.IdentityProvider.IntegrationTests.Middleware.MaliciousRequestsDetectionMiddlewareTests" name="Should_Return_Bad_Request(&quot;/Account/Login?ReturnUrl=-3150%25%27%20UNION%20ALL%20SELECT%20%27qqqjq%27%7C%7C%27GKsfNfFoNGruQXCbXtpuOQbGTWVXJaFdtCvKiiMR%27%7C%7C%27qkqkq%27%2CNULL%2CNULL%2CNULL%2CNULL%2CNULL%2CNULL%2CNULL%2CNULL%2CNULL--%20zdBR&quot;)" />
    </UnitTest>
    <UnitTest name="Should_Return_Bad_Request(&quot;/Account/Login?ReturnUrl=-3943%27%20UNION%20ALL%20SELECT%2063%2C63%2C63%2C63%2C63%2C63%2C63%2C63%2C63%23&quot;)" storage="d:\agents\smith05.01\_work\257\s\tests\chg.identityprovider.integrationtests\bin\release\net9.0\chg.identityprovider.integrationtests.dll" id="fb688509-abeb-98ca-1e16-3fb572efbd0e">
      <Execution id="15a516e5-4977-4701-b9af-9aab596850e3" />
      <TestMethod codeBase="D:\Agents\smith05.01\_work\257\s\tests\CHG.IdentityProvider.IntegrationTests\bin\Release\net9.0\CHG.IdentityProvider.IntegrationTests.dll" adapterTypeName="executor://nunit3testexecutor/" className="CHG.IdentityProvider.IntegrationTests.Middleware.MaliciousRequestsDetectionMiddlewareTests" name="Should_Return_Bad_Request(&quot;/Account/Login?ReturnUrl=-3943%27%20UNION%20ALL%20SELECT%2063%2C63%2C63%2C63%2C63%2C63%2C63%2C63%2C63%23&quot;)" />
    </UnitTest>
    <UnitTest name="Contains_EmailAddress_Claim" storage="d:\agents\smith05.01\_work\257\s\tests\chg.identityprovider.integrationtests\bin\release\net9.0\chg.identityprovider.integrationtests.dll" id="81238aa1-20d6-83d9-4b29-498ca02543bd">
      <Execution id="79f8601a-4a59-41da-82e0-ce6bf98bbe08" />
      <TestMethod codeBase="D:\Agents\smith05.01\_work\257\s\tests\CHG.IdentityProvider.IntegrationTests\bin\Release\net9.0\CHG.IdentityProvider.IntegrationTests.dll" adapterTypeName="executor://nunit3testexecutor/" className="CHG.IdentityProvider.IntegrationTests.Login.SamlTests+Login" name="Contains_EmailAddress_Claim" />
    </UnitTest>
    <UnitTest name="Can_Import_IdentityResources" storage="d:\agents\smith05.01\_work\257\s\tests\chg.identityprovider.integrationtests\bin\release\net9.0\chg.identityprovider.integrationtests.dll" id="6a23f1b9-06b9-4efe-f540-d10442fc7f65">
      <Execution id="04e85636-c4ea-4f31-b0fc-dd8165ef2401" />
      <TestMethod codeBase="D:\Agents\smith05.01\_work\257\s\tests\CHG.IdentityProvider.IntegrationTests\bin\Release\net9.0\CHG.IdentityProvider.IntegrationTests.dll" adapterTypeName="executor://nunit3testexecutor/" className="CHG.IdentityProvider.IntegrationTests.Data.DefaultIdentityObjectImporterTests+ImportDataInitializationSetAsyncMethod" name="Can_Import_IdentityResources" />
    </UnitTest>
    <UnitTest name="Allows_Cors_For_Configured_Domains(&quot;http://localhost:50155&quot;,&quot;/connect/token&quot;)" storage="d:\agents\smith05.01\_work\257\s\tests\chg.identityprovider.integrationtests\bin\release\net9.0\chg.identityprovider.integrationtests.dll" id="e985b10f-1ee5-2c5e-247d-238f976d5c35">
      <Execution id="e03c9643-7f6c-4be5-8bb5-6c4543ea2c59" />
      <TestMethod codeBase="D:\Agents\smith05.01\_work\257\s\tests\CHG.IdentityProvider.IntegrationTests\bin\Release\net9.0\CHG.IdentityProvider.IntegrationTests.dll" adapterTypeName="executor://nunit3testexecutor/" className="CHG.IdentityProvider.IntegrationTests.Middleware.CorsTests" name="Allows_Cors_For_Configured_Domains(&quot;http://localhost:50155&quot;,&quot;/connect/token&quot;)" />
    </UnitTest>
    <UnitTest name="Can_Be_Called_From_User_With_ApiReader_Group_Claim" storage="d:\agents\smith05.01\_work\257\s\tests\chg.identityprovider.integrationtests\bin\release\net9.0\chg.identityprovider.integrationtests.dll" id="6808f9fa-035e-fc92-6291-eee962ccf183">
      <Execution id="a61360dd-a080-41b1-a21f-7082f82c14d3" />
      <TestMethod codeBase="D:\Agents\smith05.01\_work\257\s\tests\CHG.IdentityProvider.IntegrationTests\bin\Release\net9.0\CHG.IdentityProvider.IntegrationTests.dll" adapterTypeName="executor://nunit3testexecutor/" className="CHG.IdentityProvider.IntegrationTests.Api.SwaggerApiTests+GetMethod" name="Can_Be_Called_From_User_With_ApiReader_Group_Claim" />
    </UnitTest>
    <UnitTest name="Returns_Ok(&quot;/status&quot;)" storage="d:\agents\smith05.01\_work\257\s\tests\chg.identityprovider.integrationtests\bin\release\net9.0\chg.identityprovider.integrationtests.dll" id="8e42e514-7af6-d800-e6b6-c27506151b01">
      <Execution id="1901ec8e-1dbc-4fd6-bc1d-11c7f3f5a0f0" />
      <TestMethod codeBase="D:\Agents\smith05.01\_work\257\s\tests\CHG.IdentityProvider.IntegrationTests\bin\Release\net9.0\CHG.IdentityProvider.IntegrationTests.dll" adapterTypeName="executor://nunit3testexecutor/" className="CHG.IdentityProvider.IntegrationTests.Api.StatusApiTests+GetMethod" name="Returns_Ok(&quot;/status&quot;)" />
    </UnitTest>
    <UnitTest name="Returns_Api_Operations" storage="d:\agents\smith05.01\_work\257\s\tests\chg.identityprovider.integrationtests\bin\release\net9.0\chg.identityprovider.integrationtests.dll" id="71d7e133-8ecf-861e-c62c-fb338ed22887">
      <Execution id="1d3c555e-2662-4187-a31a-bfd9e44c7213" />
      <TestMethod codeBase="D:\Agents\smith05.01\_work\257\s\tests\CHG.IdentityProvider.IntegrationTests\bin\Release\net9.0\CHG.IdentityProvider.IntegrationTests.dll" adapterTypeName="executor://nunit3testexecutor/" className="CHG.IdentityProvider.IntegrationTests.Api.SwaggerApiTests+GetMethod" name="Returns_Api_Operations" />
    </UnitTest>
    <UnitTest name="Returns_Error_For_Missing_Parameters" storage="d:\agents\smith05.01\_work\257\s\tests\chg.identityprovider.integrationtests\bin\release\net9.0\chg.identityprovider.integrationtests.dll" id="75e747c2-fe86-f8e5-213c-3c3ac7669a21">
      <Execution id="1060341a-9000-43ef-a98a-cb89e2fc1d3d" />
      <TestMethod codeBase="D:\Agents\smith05.01\_work\257\s\tests\CHG.IdentityProvider.IntegrationTests\bin\Release\net9.0\CHG.IdentityProvider.IntegrationTests.dll" adapterTypeName="executor://nunit3testexecutor/" className="CHG.IdentityProvider.IntegrationTests.Controllers.InviteUserControllerTests+PostMethod" name="Returns_Error_For_Missing_Parameters" />
    </UnitTest>
    <UnitTest name="Creates_New_User_If_Not_Exists_Via_Oidc_With_Only_NameIdentifier_Claim" storage="d:\agents\smith05.01\_work\257\s\tests\chg.identityprovider.integrationtests\bin\release\net9.0\chg.identityprovider.integrationtests.dll" id="0798a21d-fb5b-f922-c16f-b5ba96e08c00">
      <Execution id="ce268c5c-5785-4962-8233-00ea0dd2f1e2" />
      <TestMethod codeBase="D:\Agents\smith05.01\_work\257\s\tests\CHG.IdentityProvider.IntegrationTests\bin\Release\net9.0\CHG.IdentityProvider.IntegrationTests.dll" adapterTypeName="executor://nunit3testexecutor/" className="CHG.IdentityProvider.IntegrationTests.Controllers.ExternalControllerTests+CallbackMethod" name="Creates_New_User_If_Not_Exists_Via_Oidc_With_Only_NameIdentifier_Claim" />
    </UnitTest>
    <UnitTest name="IE_EDGE_WIN" storage="d:\agents\smith05.01\_work\257\s\tests\chg.identityprovider.integrationtests\bin\release\net9.0\chg.identityprovider.integrationtests.dll" id="e4cd1592-0972-ce84-8878-d0b9d777d9b4">
      <Execution id="af31225e-56d7-41bd-b81f-751627b21813" />
      <TestMethod codeBase="D:\Agents\smith05.01\_work\257\s\tests\CHG.IdentityProvider.IntegrationTests\bin\Release\net9.0\CHG.IdentityProvider.IntegrationTests.dll" adapterTypeName="executor://nunit3testexecutor/" className="CHG.IdentityProvider.IntegrationTests.CookiesTests+SameSitePolicyTests" name="IE_EDGE_WIN" />
    </UnitTest>
    <UnitTest name="Should_Return_Bad_Request_For_Posts(&quot;/Account/Login?ReturnUrl=-5014%25%27%20UNION%20ALL%20SELECT%20NULL%2CNULL%2CNULL%2C%27qqqjq%27%7C%7C%27kUFcmXNEkeOpKSyUKjpILAGxPlyyxMdmYckCDLnT%27%7C%7C%27qkqkq%27%2CNULL%2CNULL%2CNULL%2CNULL%2CNULL%2CNULL--%20IFmi&quot;)" storage="d:\agents\smith05.01\_work\257\s\tests\chg.identityprovider.integrationtests\bin\release\net9.0\chg.identityprovider.integrationtests.dll" id="40d08105-b5ba-a355-5271-fb7b67b6c196">
      <Execution id="213b9967-135e-4c1e-82d9-57392d4fb416" />
      <TestMethod codeBase="D:\Agents\smith05.01\_work\257\s\tests\CHG.IdentityProvider.IntegrationTests\bin\Release\net9.0\CHG.IdentityProvider.IntegrationTests.dll" adapterTypeName="executor://nunit3testexecutor/" className="CHG.IdentityProvider.IntegrationTests.Middleware.MaliciousRequestsDetectionMiddlewareTests" name="Should_Return_Bad_Request_For_Posts(&quot;/Account/Login?ReturnUrl=-5014%25%27%20UNION%20ALL%20SELECT%20NULL%2CNULL%2CNULL%2C%27qqqjq%27%7C%7C%27kUFcmXNEkeOpKSyUKjpILAGxPlyyxMdmYckCDLnT%27%7C%7C%27qkqkq%27%2CNULL%2CNULL%2CNULL%2CNULL%2CNULL%2CNULL--%20IFmi&quot;)" />
    </UnitTest>
    <UnitTest name="Should_Return_Bad_Request(&quot;/Account/Login?ReturnUrl=-2942%20UNION%20ALL%20SELECT%2063%2C63%2C63%2C63%2C63%2C63%2C63%2C63%23&quot;)" storage="d:\agents\smith05.01\_work\257\s\tests\chg.identityprovider.integrationtests\bin\release\net9.0\chg.identityprovider.integrationtests.dll" id="faf74f6a-093e-493d-11ce-924804876b9c">
      <Execution id="251eb5f1-c59a-48d8-8c96-3b25ef388ac6" />
      <TestMethod codeBase="D:\Agents\smith05.01\_work\257\s\tests\CHG.IdentityProvider.IntegrationTests\bin\Release\net9.0\CHG.IdentityProvider.IntegrationTests.dll" adapterTypeName="executor://nunit3testexecutor/" className="CHG.IdentityProvider.IntegrationTests.Middleware.MaliciousRequestsDetectionMiddlewareTests" name="Should_Return_Bad_Request(&quot;/Account/Login?ReturnUrl=-2942%20UNION%20ALL%20SELECT%2063%2C63%2C63%2C63%2C63%2C63%2C63%2C63%23&quot;)" />
    </UnitTest>
    <UnitTest name="Should_Return_Bad_Request_For_Posts(&quot;/Account/Login?ReturnUrl=-7483%25%27%20UNION%20ALL%20SELECT%20NULL%2CNULL%2CNULL%2CNULL%2CNULL%2CNULL%2CNULL%2CNULL%2CNULL%2C%27qqqjq%27%7C%7C%27zMRZcaxOpo%27%7C%7C%27qkqkq%27--%20vRgC&quot;)" storage="d:\agents\smith05.01\_work\257\s\tests\chg.identityprovider.integrationtests\bin\release\net9.0\chg.identityprovider.integrationtests.dll" id="17cb7256-7e0b-239c-3cc7-b37dfdef587f">
      <Execution id="45020984-9b20-4964-a8bb-ce87f7208f9d" />
      <TestMethod codeBase="D:\Agents\smith05.01\_work\257\s\tests\CHG.IdentityProvider.IntegrationTests\bin\Release\net9.0\CHG.IdentityProvider.IntegrationTests.dll" adapterTypeName="executor://nunit3testexecutor/" className="CHG.IdentityProvider.IntegrationTests.Middleware.MaliciousRequestsDetectionMiddlewareTests" name="Should_Return_Bad_Request_For_Posts(&quot;/Account/Login?ReturnUrl=-7483%25%27%20UNION%20ALL%20SELECT%20NULL%2CNULL%2CNULL%2CNULL%2CNULL%2CNULL%2CNULL%2CNULL%2CNULL%2C%27qqqjq%27%7C%7C%27zMRZcaxOpo%27%7C%7C%27qkqkq%27--%20vRgC&quot;)" />
    </UnitTest>
    <UnitTest name="Should_Return_Bad_Request_For_Posts(&quot;/Account/Login?ReturnUrl=-3437%27%29%20UNION%20ALL%20SELECT%20NULL%2CNULL%2C%27qqqjq%27%7C%7C%27gVSxqlYeha%27%7C%7C%27qkqkq%27%2CNULL%2CNULL%2CNULL%2CNULL%2CNULL--%20nXgW&quot;)" storage="d:\agents\smith05.01\_work\257\s\tests\chg.identityprovider.integrationtests\bin\release\net9.0\chg.identityprovider.integrationtests.dll" id="1ced872c-663c-a148-310f-21ffa51a9375">
      <Execution id="42c6ba3a-cdd4-42be-9492-cc1d7f94df91" />
      <TestMethod codeBase="D:\Agents\smith05.01\_work\257\s\tests\CHG.IdentityProvider.IntegrationTests\bin\Release\net9.0\CHG.IdentityProvider.IntegrationTests.dll" adapterTypeName="executor://nunit3testexecutor/" className="CHG.IdentityProvider.IntegrationTests.Middleware.MaliciousRequestsDetectionMiddlewareTests" name="Should_Return_Bad_Request_For_Posts(&quot;/Account/Login?ReturnUrl=-3437%27%29%20UNION%20ALL%20SELECT%20NULL%2CNULL%2C%27qqqjq%27%7C%7C%27gVSxqlYeha%27%7C%7C%27qkqkq%27%2CNULL%2CNULL%2CNULL%2CNULL%2CNULL--%20nXgW&quot;)" />
    </UnitTest>
    <UnitTest name="Should_Return_Bad_Request_For_Posts(&quot;/Account/Login?ReturnUrl=%28SELECT%20%28CHR%28113%29%7C%7CCHR%28113%29%7C%7CCHR%28113%29%7C%7CCHR%28106%29%7C%7CCHR%28113%29%29%7C%7C%28SELECT%20%28CASE%20WHEN%20%287230%3D7230%29%20THEN%201%20ELSE%200%20END%29%29%3A%3Atext%7C%7C%28CHR%28113%29%7C%7CCHR%28107%29%7C%7CCHR%28113%29%7C%7CCHR%28107%29%7C%7CCHR%28113%29%29%29&quot;)" storage="d:\agents\smith05.01\_work\257\s\tests\chg.identityprovider.integrationtests\bin\release\net9.0\chg.identityprovider.integrationtests.dll" id="5408f0c2-1d27-6b8d-1a4d-ae02cb5781cf">
      <Execution id="11265435-6dd7-4eb2-914b-4905c06ed0e1" />
      <TestMethod codeBase="D:\Agents\smith05.01\_work\257\s\tests\CHG.IdentityProvider.IntegrationTests\bin\Release\net9.0\CHG.IdentityProvider.IntegrationTests.dll" adapterTypeName="executor://nunit3testexecutor/" className="CHG.IdentityProvider.IntegrationTests.Middleware.MaliciousRequestsDetectionMiddlewareTests" name="Should_Return_Bad_Request_For_Posts(&quot;/Account/Login?ReturnUrl=%28SELECT%20%28CHR%28113%29%7C%7CCHR%28113%29%7C%7CCHR%28113%29%7C%7CCHR%28106%29%7C%7CCHR%28113%29%29%7C%7C%28SELECT%20%28CASE%20WHEN%20%287230%3D7230%29%20THEN%201%20ELSE%200%20END%29%29%3A%3Atext%7C%7C%28CHR%28113%29%7C%7CCHR%28107%29%7C%7CCHR%28113%29%7C%7CCHR%28107%29%7C%7CCHR%28113%29%29%29&quot;)" />
    </UnitTest>
    <UnitTest name="External_User_Can_Logout_Successfully" storage="d:\agents\smith05.01\_work\257\s\tests\chg.identityprovider.integrationtests\bin\release\net9.0\chg.identityprovider.integrationtests.dll" id="fe5bbc6e-217a-72d7-4dc2-06ca8f448582">
      <Execution id="439827b0-cf91-4e7c-8aac-41b64e35edb1" />
      <TestMethod codeBase="D:\Agents\smith05.01\_work\257\s\tests\CHG.IdentityProvider.IntegrationTests\bin\Release\net9.0\CHG.IdentityProvider.IntegrationTests.dll" adapterTypeName="executor://nunit3testexecutor/" className="CHG.IdentityProvider.IntegrationTests.Login.ExternalLoginTests+Logout" name="External_User_Can_Logout_Successfully" />
    </UnitTest>
    <UnitTest name="Should_Return_Bad_Request(&quot;/Account/Login?ReturnUrl=-9538%27%29%20UNION%20ALL%20SELECT%20NULL%2CNULL%2CNULL%2C%27qqqjq%27%7C%7C%27MxswbGTGBA%27%7C%7C%27qkqkq%27%2CNULL%2CNULL%2CNULL%2CNULL--%20oJRg&quot;)" storage="d:\agents\smith05.01\_work\257\s\tests\chg.identityprovider.integrationtests\bin\release\net9.0\chg.identityprovider.integrationtests.dll" id="beb5746b-ba80-c1ea-5336-30d7dc11f88f">
      <Execution id="caa394ce-b997-40cb-862a-385acb98f914" />
      <TestMethod codeBase="D:\Agents\smith05.01\_work\257\s\tests\CHG.IdentityProvider.IntegrationTests\bin\Release\net9.0\CHG.IdentityProvider.IntegrationTests.dll" adapterTypeName="executor://nunit3testexecutor/" className="CHG.IdentityProvider.IntegrationTests.Middleware.MaliciousRequestsDetectionMiddlewareTests" name="Should_Return_Bad_Request(&quot;/Account/Login?ReturnUrl=-9538%27%29%20UNION%20ALL%20SELECT%20NULL%2CNULL%2CNULL%2C%27qqqjq%27%7C%7C%27MxswbGTGBA%27%7C%7C%27qkqkq%27%2CNULL%2CNULL%2CNULL%2CNULL--%20oJRg&quot;)" />
    </UnitTest>
    <UnitTest name="Updates_Existing_Users_UserName_Via_Oidc" storage="d:\agents\smith05.01\_work\257\s\tests\chg.identityprovider.integrationtests\bin\release\net9.0\chg.identityprovider.integrationtests.dll" id="5873543a-cfa0-3fda-4df9-73faeb7c78cd">
      <Execution id="6dac9600-a118-48e9-80e9-6891fc04e0fc" />
      <TestMethod codeBase="D:\Agents\smith05.01\_work\257\s\tests\CHG.IdentityProvider.IntegrationTests\bin\Release\net9.0\CHG.IdentityProvider.IntegrationTests.dll" adapterTypeName="executor://nunit3testexecutor/" className="CHG.IdentityProvider.IntegrationTests.Controllers.ExternalControllerTests+CallbackMethod" name="Updates_Existing_Users_UserName_Via_Oidc" />
    </UnitTest>
    <UnitTest name="Disables_An_Existing_User_Via_Patch" storage="d:\agents\smith05.01\_work\257\s\tests\chg.identityprovider.integrationtests\bin\release\net9.0\chg.identityprovider.integrationtests.dll" id="497aeab1-8164-268d-f87b-5c277e7193fc">
      <Execution id="14d75526-cf8a-4991-843f-42391a7cce19" />
      <TestMethod codeBase="D:\Agents\smith05.01\_work\257\s\tests\CHG.IdentityProvider.IntegrationTests\bin\Release\net9.0\CHG.IdentityProvider.IntegrationTests.dll" adapterTypeName="executor://nunit3testexecutor/" className="CHG.IdentityProvider.IntegrationTests.Middleware.ScimUserSyncMiddlewareTests+UpdatingAUserViaScim" name="Disables_An_Existing_User_Via_Patch" />
    </UnitTest>
    <UnitTest name="Should_Return_Bad_Request_For_Posts(&quot;/Account/Login?ReturnUrl=-4655%25%27%20UNION%20ALL%20SELECT%20NULL%2CNULL%2CNULL%2CNULL%2CNULL%2CNULL%2C%27qqqjq%27%7C%7C%27GTKACOtgXj%27%7C%7C%27qkqkq%27%2CNULL%2CNULL%2CNULL--%20awTl&quot;)" storage="d:\agents\smith05.01\_work\257\s\tests\chg.identityprovider.integrationtests\bin\release\net9.0\chg.identityprovider.integrationtests.dll" id="a9b3259d-aca3-18fb-c2c1-d3b4ebf259eb">
      <Execution id="a76f5a60-3ccb-4406-8bb2-807b0a6a1a53" />
      <TestMethod codeBase="D:\Agents\smith05.01\_work\257\s\tests\CHG.IdentityProvider.IntegrationTests\bin\Release\net9.0\CHG.IdentityProvider.IntegrationTests.dll" adapterTypeName="executor://nunit3testexecutor/" className="CHG.IdentityProvider.IntegrationTests.Middleware.MaliciousRequestsDetectionMiddlewareTests" name="Should_Return_Bad_Request_For_Posts(&quot;/Account/Login?ReturnUrl=-4655%25%27%20UNION%20ALL%20SELECT%20NULL%2CNULL%2CNULL%2CNULL%2CNULL%2CNULL%2C%27qqqjq%27%7C%7C%27GTKACOtgXj%27%7C%7C%27qkqkq%27%2CNULL%2CNULL%2CNULL--%20awTl&quot;)" />
    </UnitTest>
    <UnitTest name="Should_Return_Bad_Request_For_Posts(&quot;/Account/Login?ReturnUrl=-7987%27%29%20UNION%20ALL%20SELECT%20%27qqqjq%27%7C%7C%27GJBaPosNKe%27%7C%7C%27qkqkq%27%2C63%2C63%2C63%2C63%2C63%2C63%2C63--%20FQHO&quot;)" storage="d:\agents\smith05.01\_work\257\s\tests\chg.identityprovider.integrationtests\bin\release\net9.0\chg.identityprovider.integrationtests.dll" id="513d6124-5dfd-7948-49b8-ffbed6a63cf8">
      <Execution id="f384ea68-b198-44ee-97c2-5ec624fc71a6" />
      <TestMethod codeBase="D:\Agents\smith05.01\_work\257\s\tests\CHG.IdentityProvider.IntegrationTests\bin\Release\net9.0\CHG.IdentityProvider.IntegrationTests.dll" adapterTypeName="executor://nunit3testexecutor/" className="CHG.IdentityProvider.IntegrationTests.Middleware.MaliciousRequestsDetectionMiddlewareTests" name="Should_Return_Bad_Request_For_Posts(&quot;/Account/Login?ReturnUrl=-7987%27%29%20UNION%20ALL%20SELECT%20%27qqqjq%27%7C%7C%27GJBaPosNKe%27%7C%7C%27qkqkq%27%2C63%2C63%2C63%2C63%2C63%2C63%2C63--%20FQHO&quot;)" />
    </UnitTest>
    <UnitTest name="Should_Return_Bad_Request(&quot;/Account/Login?ReturnUrl=-3035%20UNION%20ALL%20SELECT%2063%2C63%2C63%2C63%2C63%2C63%2C63%23&quot;)" storage="d:\agents\smith05.01\_work\257\s\tests\chg.identityprovider.integrationtests\bin\release\net9.0\chg.identityprovider.integrationtests.dll" id="3354a315-65e5-ca4b-e902-2908cac04506">
      <Execution id="aed102e5-e4a6-4ea8-9bef-05b409ecafaa" />
      <TestMethod codeBase="D:\Agents\smith05.01\_work\257\s\tests\CHG.IdentityProvider.IntegrationTests\bin\Release\net9.0\CHG.IdentityProvider.IntegrationTests.dll" adapterTypeName="executor://nunit3testexecutor/" className="CHG.IdentityProvider.IntegrationTests.Middleware.MaliciousRequestsDetectionMiddlewareTests" name="Should_Return_Bad_Request(&quot;/Account/Login?ReturnUrl=-3035%20UNION%20ALL%20SELECT%2063%2C63%2C63%2C63%2C63%2C63%2C63%23&quot;)" />
    </UnitTest>
    <UnitTest name="Returns_Details" storage="d:\agents\smith05.01\_work\257\s\tests\chg.identityprovider.integrationtests\bin\release\net9.0\chg.identityprovider.integrationtests.dll" id="0eaba773-c39a-a95c-695c-3867c543129c">
      <Execution id="cf6b2df8-0cec-4ca4-b307-24a39efebd8a" />
      <TestMethod codeBase="D:\Agents\smith05.01\_work\257\s\tests\CHG.IdentityProvider.IntegrationTests\bin\Release\net9.0\CHG.IdentityProvider.IntegrationTests.dll" adapterTypeName="executor://nunit3testexecutor/" className="CHG.IdentityProvider.IntegrationTests.Controllers.MaintenanceControllerTests+UsersDetailMethod" name="Returns_Details" />
    </UnitTest>
    <UnitTest name="CHROME_55_WIN" storage="d:\agents\smith05.01\_work\257\s\tests\chg.identityprovider.integrationtests\bin\release\net9.0\chg.identityprovider.integrationtests.dll" id="fa80dd76-1258-d1e4-32a9-f7e7cdcac54d">
      <Execution id="8845d702-ad13-481c-9bcf-67c3306f8e56" />
      <TestMethod codeBase="D:\Agents\smith05.01\_work\257\s\tests\CHG.IdentityProvider.IntegrationTests\bin\Release\net9.0\CHG.IdentityProvider.IntegrationTests.dll" adapterTypeName="executor://nunit3testexecutor/" className="CHG.IdentityProvider.IntegrationTests.CookiesTests+SameSitePolicyTests" name="CHROME_55_WIN" />
    </UnitTest>
    <UnitTest name="Should_Return_Bad_Request(&quot;/Account/Login?ReturnUrl=-4911%27%29%20UNION%20ALL%20SELECT%20%27qqqjq%27%7C%7C%27yilzurgwNfkykbHOunjohWlpsxpPqKBGdzbQyJml%27%7C%7C%27qkqkq%27%2C63%2C63%2C63%2C63%2C63%2C63%2C63--%20seOS&quot;)" storage="d:\agents\smith05.01\_work\257\s\tests\chg.identityprovider.integrationtests\bin\release\net9.0\chg.identityprovider.integrationtests.dll" id="a82cfec9-414d-4b9c-d89f-eab11c636084">
      <Execution id="6d49b8b4-0390-4dd4-be11-c9b4602398c2" />
      <TestMethod codeBase="D:\Agents\smith05.01\_work\257\s\tests\CHG.IdentityProvider.IntegrationTests\bin\Release\net9.0\CHG.IdentityProvider.IntegrationTests.dll" adapterTypeName="executor://nunit3testexecutor/" className="CHG.IdentityProvider.IntegrationTests.Middleware.MaliciousRequestsDetectionMiddlewareTests" name="Should_Return_Bad_Request(&quot;/Account/Login?ReturnUrl=-4911%27%29%20UNION%20ALL%20SELECT%20%27qqqjq%27%7C%7C%27yilzurgwNfkykbHOunjohWlpsxpPqKBGdzbQyJml%27%7C%7C%27qkqkq%27%2C63%2C63%2C63%2C63%2C63%2C63%2C63--%20seOS&quot;)" />
    </UnitTest>
    <UnitTest name="Should_Return_Bad_Request_For_Posts(&quot;/Account/Login?ReturnUrl=-8871%25%27%20ORDER%20BY%201%23&quot;)" storage="d:\agents\smith05.01\_work\257\s\tests\chg.identityprovider.integrationtests\bin\release\net9.0\chg.identityprovider.integrationtests.dll" id="8a89959c-cd2c-026a-6636-0f9202e2f21f">
      <Execution id="b9c4539a-ccaa-4604-a7c1-dce18d217d7e" />
      <TestMethod codeBase="D:\Agents\smith05.01\_work\257\s\tests\CHG.IdentityProvider.IntegrationTests\bin\Release\net9.0\CHG.IdentityProvider.IntegrationTests.dll" adapterTypeName="executor://nunit3testexecutor/" className="CHG.IdentityProvider.IntegrationTests.Middleware.MaliciousRequestsDetectionMiddlewareTests" name="Should_Return_Bad_Request_For_Posts(&quot;/Account/Login?ReturnUrl=-8871%25%27%20ORDER%20BY%201%23&quot;)" />
    </UnitTest>
    <UnitTest name="Denies_Cors_For_Non_Configured_Domains(&quot;http://something.com&quot;)" storage="d:\agents\smith05.01\_work\257\s\tests\chg.identityprovider.integrationtests\bin\release\net9.0\chg.identityprovider.integrationtests.dll" id="e6c15663-ce7a-eba0-e744-f302a41e88e2">
      <Execution id="c0295f6a-3e05-46b3-9d5a-41bb234aba64" />
      <TestMethod codeBase="D:\Agents\smith05.01\_work\257\s\tests\CHG.IdentityProvider.IntegrationTests\bin\Release\net9.0\CHG.IdentityProvider.IntegrationTests.dll" adapterTypeName="executor://nunit3testexecutor/" className="CHG.IdentityProvider.IntegrationTests.Middleware.CorsTests" name="Denies_Cors_For_Non_Configured_Domains(&quot;http://something.com&quot;)" />
    </UnitTest>
    <UnitTest name="Should_Return_Bad_Request_For_Posts(&quot;/Account/Login?ReturnUrl=%28SELECT%20CONCAT%280x7171716a71%2C%28SELECT%20%28ELT%289906%3D9906%2C1%29%29%29%2C0x716b716b71%29%29&quot;)" storage="d:\agents\smith05.01\_work\257\s\tests\chg.identityprovider.integrationtests\bin\release\net9.0\chg.identityprovider.integrationtests.dll" id="462450ae-4798-5098-6a52-7e20b4989b9b">
      <Execution id="0ce30cc0-6849-455f-9616-de623dac4c5d" />
      <TestMethod codeBase="D:\Agents\smith05.01\_work\257\s\tests\CHG.IdentityProvider.IntegrationTests\bin\Release\net9.0\CHG.IdentityProvider.IntegrationTests.dll" adapterTypeName="executor://nunit3testexecutor/" className="CHG.IdentityProvider.IntegrationTests.Middleware.MaliciousRequestsDetectionMiddlewareTests" name="Should_Return_Bad_Request_For_Posts(&quot;/Account/Login?ReturnUrl=%28SELECT%20CONCAT%280x7171716a71%2C%28SELECT%20%28ELT%289906%3D9906%2C1%29%29%29%2C0x716b716b71%29%29&quot;)" />
    </UnitTest>
    <UnitTest name="Should_Return_Bad_Request(&quot;/Account/Login?ReturnUrl=-7862%27%29%20UNION%20ALL%20SELECT%2063%2C%27qqqjq%27%7C%7C%27GfCRoVVXlKiUImPpwyIyZaEicDkbsMuhYKxlyPjT%27%7C%7C%27qkqkq%27%2C63%2C63%2C63%2C63%2C63%2C63--%20srQM&quot;)" storage="d:\agents\smith05.01\_work\257\s\tests\chg.identityprovider.integrationtests\bin\release\net9.0\chg.identityprovider.integrationtests.dll" id="7037e5c4-d2b2-97da-6467-ccb03b4cc1a4">
      <Execution id="bc090fdc-3de8-46e7-9736-581837a0a291" />
      <TestMethod codeBase="D:\Agents\smith05.01\_work\257\s\tests\CHG.IdentityProvider.IntegrationTests\bin\Release\net9.0\CHG.IdentityProvider.IntegrationTests.dll" adapterTypeName="executor://nunit3testexecutor/" className="CHG.IdentityProvider.IntegrationTests.Middleware.MaliciousRequestsDetectionMiddlewareTests" name="Should_Return_Bad_Request(&quot;/Account/Login?ReturnUrl=-7862%27%29%20UNION%20ALL%20SELECT%2063%2C%27qqqjq%27%7C%7C%27GfCRoVVXlKiUImPpwyIyZaEicDkbsMuhYKxlyPjT%27%7C%7C%27qkqkq%27%2C63%2C63%2C63%2C63%2C63%2C63--%20srQM&quot;)" />
    </UnitTest>
    <UnitTest name="Can_Logout(&quot;/signout-callback-TestSAML&quot;)" storage="d:\agents\smith05.01\_work\257\s\tests\chg.identityprovider.integrationtests\bin\release\net9.0\chg.identityprovider.integrationtests.dll" id="a422f52a-1a2e-833e-36b3-c87ed6311f88">
      <Execution id="cb5d4d01-b60b-4c51-b0bf-832538ddeff8" />
      <TestMethod codeBase="D:\Agents\smith05.01\_work\257\s\tests\CHG.IdentityProvider.IntegrationTests\bin\Release\net9.0\CHG.IdentityProvider.IntegrationTests.dll" adapterTypeName="executor://nunit3testexecutor/" className="CHG.IdentityProvider.IntegrationTests.FederatedAuthentication.SamlTests" name="Can_Logout(&quot;/signout-callback-TestSAML&quot;)" />
    </UnitTest>
    <UnitTest name="Should_Return_Bad_Request(&quot;/Account/Login?ReturnUrl=-4002%25%27%20UNION%20ALL%20SELECT%20NULL%2CNULL%2CNULL%2C%27qqqjq%27%7C%7C%27frUklYEMDw%27%7C%7C%27qkqkq%27%2CNULL%2CNULL%2CNULL%2CNULL%2CNULL%2CNULL--%20wXIx&quot;)" storage="d:\agents\smith05.01\_work\257\s\tests\chg.identityprovider.integrationtests\bin\release\net9.0\chg.identityprovider.integrationtests.dll" id="baf93a6c-301d-2e66-c971-d67ed7e2f83a">
      <Execution id="5214ad0e-42bb-42fd-9478-305cfb54e777" />
      <TestMethod codeBase="D:\Agents\smith05.01\_work\257\s\tests\CHG.IdentityProvider.IntegrationTests\bin\Release\net9.0\CHG.IdentityProvider.IntegrationTests.dll" adapterTypeName="executor://nunit3testexecutor/" className="CHG.IdentityProvider.IntegrationTests.Middleware.MaliciousRequestsDetectionMiddlewareTests" name="Should_Return_Bad_Request(&quot;/Account/Login?ReturnUrl=-4002%25%27%20UNION%20ALL%20SELECT%20NULL%2CNULL%2CNULL%2C%27qqqjq%27%7C%7C%27frUklYEMDw%27%7C%7C%27qkqkq%27%2CNULL%2CNULL%2CNULL%2CNULL%2CNULL%2CNULL--%20wXIx&quot;)" />
    </UnitTest>
    <UnitTest name="Should_Return_Bad_Request_For_Posts(&quot;/Account/Login?ReturnUrl=-6921%25%27%20UNION%20ALL%20SELECT%20NULL%2CNULL%2CNULL%2CNULL%2C%27qqqjq%27%7C%7C%27satEBgyUIvrhNLWErOCQzAtgcvFXCHmNbqPOPoSF%27%7C%7C%27qkqkq%27%2CNULL%2CNULL%2CNULL%2CNULL%2CNULL--%20kCMn&quot;)" storage="d:\agents\smith05.01\_work\257\s\tests\chg.identityprovider.integrationtests\bin\release\net9.0\chg.identityprovider.integrationtests.dll" id="3a666b42-1344-4188-8afb-1371b8512069">
      <Execution id="a293a16b-1ff0-475e-880d-d8e1d27e5e61" />
      <TestMethod codeBase="D:\Agents\smith05.01\_work\257\s\tests\CHG.IdentityProvider.IntegrationTests\bin\Release\net9.0\CHG.IdentityProvider.IntegrationTests.dll" adapterTypeName="executor://nunit3testexecutor/" className="CHG.IdentityProvider.IntegrationTests.Middleware.MaliciousRequestsDetectionMiddlewareTests" name="Should_Return_Bad_Request_For_Posts(&quot;/Account/Login?ReturnUrl=-6921%25%27%20UNION%20ALL%20SELECT%20NULL%2CNULL%2CNULL%2CNULL%2C%27qqqjq%27%7C%7C%27satEBgyUIvrhNLWErOCQzAtgcvFXCHmNbqPOPoSF%27%7C%7C%27qkqkq%27%2CNULL%2CNULL%2CNULL%2CNULL%2CNULL--%20kCMn&quot;)" />
    </UnitTest>
    <UnitTest name="Returns_LoginRequest_When_Not_Logged_In" storage="d:\agents\smith05.01\_work\257\s\tests\chg.identityprovider.integrationtests\bin\release\net9.0\chg.identityprovider.integrationtests.dll" id="6de7da96-699f-13be-0292-54aa3333e122">
      <Execution id="7d1a9ac6-d443-4744-9128-835a0c7b9247" />
      <TestMethod codeBase="D:\Agents\smith05.01\_work\257\s\tests\CHG.IdentityProvider.IntegrationTests\bin\Release\net9.0\CHG.IdentityProvider.IntegrationTests.dll" adapterTypeName="executor://nunit3testexecutor/" className="CHG.IdentityProvider.IntegrationTests.Controllers.LoginProvidersControllerTests+ExportTests" name="Returns_LoginRequest_When_Not_Logged_In" />
    </UnitTest>
    <UnitTest name="Returns_Success_When_Enter_Correct_Code" storage="d:\agents\smith05.01\_work\257\s\tests\chg.identityprovider.integrationtests\bin\release\net9.0\chg.identityprovider.integrationtests.dll" id="b9b6c803-81cc-bb25-49ed-9059776b3dc1">
      <Execution id="4da5eea4-63cd-4764-a80d-722dcda93eeb" />
      <TestMethod codeBase="D:\Agents\smith05.01\_work\257\s\tests\CHG.IdentityProvider.IntegrationTests\bin\Release\net9.0\CHG.IdentityProvider.IntegrationTests.dll" adapterTypeName="executor://nunit3testexecutor/" className="CHG.IdentityProvider.IntegrationTests.Login.DeviceFlowTests+Login" name="Returns_Success_When_Enter_Correct_Code" />
    </UnitTest>
    <UnitTest name="Returns_Ok_When_User_Was_Deleted" storage="d:\agents\smith05.01\_work\257\s\tests\chg.identityprovider.integrationtests\bin\release\net9.0\chg.identityprovider.integrationtests.dll" id="4d3e3b39-70c3-ead5-5dca-cc60fe95324a">
      <Execution id="4a63569a-7f96-4c54-b2e5-95cebf46c485" />
      <TestMethod codeBase="D:\Agents\smith05.01\_work\257\s\tests\CHG.IdentityProvider.IntegrationTests\bin\Release\net9.0\CHG.IdentityProvider.IntegrationTests.dll" adapterTypeName="executor://nunit3testexecutor/" className="CHG.IdentityProvider.IntegrationTests.Api.UserApiTests+DeleteMethod" name="Returns_Ok_When_User_Was_Deleted" />
    </UnitTest>
    <UnitTest name="Should_Return_Bad_Request(&quot;/Account/Login?ReturnUrl=-2280%25%27%20UNION%20ALL%20SELECT%20NULL%2CNULL%2CNULL%2CNULL%2CNULL%2C%27qqqjq%27%7C%7C%27fupHoDYKPxVMNLpPgYUKNPxXWpwBluQFHVjuuvqp%27%7C%7C%27qkqkq%27%2CNULL%2CNULL%2CNULL%2CNULL--%20anug&quot;)" storage="d:\agents\smith05.01\_work\257\s\tests\chg.identityprovider.integrationtests\bin\release\net9.0\chg.identityprovider.integrationtests.dll" id="5540b8b1-c7c3-c882-5ca6-04cae969cf3d">
      <Execution id="abe663b8-f204-49ca-90ac-a1e98d8c86e5" />
      <TestMethod codeBase="D:\Agents\smith05.01\_work\257\s\tests\CHG.IdentityProvider.IntegrationTests\bin\Release\net9.0\CHG.IdentityProvider.IntegrationTests.dll" adapterTypeName="executor://nunit3testexecutor/" className="CHG.IdentityProvider.IntegrationTests.Middleware.MaliciousRequestsDetectionMiddlewareTests" name="Should_Return_Bad_Request(&quot;/Account/Login?ReturnUrl=-2280%25%27%20UNION%20ALL%20SELECT%20NULL%2CNULL%2CNULL%2CNULL%2CNULL%2C%27qqqjq%27%7C%7C%27fupHoDYKPxVMNLpPgYUKNPxXWpwBluQFHVjuuvqp%27%7C%7C%27qkqkq%27%2CNULL%2CNULL%2CNULL%2CNULL--%20anug&quot;)" />
    </UnitTest>
    <UnitTest name="Should_Return_Bad_Request(&quot;/Account/Login?ReturnUrl=-3694%29%20UNION%20ALL%20SELECT%2063%23&quot;)" storage="d:\agents\smith05.01\_work\257\s\tests\chg.identityprovider.integrationtests\bin\release\net9.0\chg.identityprovider.integrationtests.dll" id="013f70d4-7032-9ad2-ab1d-fea4cb60a355">
      <Execution id="df3e6b29-ff74-4bed-9983-b96434737ee5" />
      <TestMethod codeBase="D:\Agents\smith05.01\_work\257\s\tests\CHG.IdentityProvider.IntegrationTests\bin\Release\net9.0\CHG.IdentityProvider.IntegrationTests.dll" adapterTypeName="executor://nunit3testexecutor/" className="CHG.IdentityProvider.IntegrationTests.Middleware.MaliciousRequestsDetectionMiddlewareTests" name="Should_Return_Bad_Request(&quot;/Account/Login?ReturnUrl=-3694%29%20UNION%20ALL%20SELECT%2063%23&quot;)" />
    </UnitTest>
    <UnitTest name="Allows_Cors_For_Configured_Domains(&quot;https://integrationtest2.com&quot;,&quot;/connect/token&quot;)" storage="d:\agents\smith05.01\_work\257\s\tests\chg.identityprovider.integrationtests\bin\release\net9.0\chg.identityprovider.integrationtests.dll" id="ba00db06-87b1-e8de-ac25-4a95e7b556da">
      <Execution id="84af22e1-d23b-45f1-9270-42af477d1a82" />
      <TestMethod codeBase="D:\Agents\smith05.01\_work\257\s\tests\CHG.IdentityProvider.IntegrationTests\bin\Release\net9.0\CHG.IdentityProvider.IntegrationTests.dll" adapterTypeName="executor://nunit3testexecutor/" className="CHG.IdentityProvider.IntegrationTests.Middleware.CorsTests" name="Allows_Cors_For_Configured_Domains(&quot;https://integrationtest2.com&quot;,&quot;/connect/token&quot;)" />
    </UnitTest>
    <UnitTest name="Returns_An_IsError_TokenResult_For_Invalid_Client_Id" storage="d:\agents\smith05.01\_work\257\s\tests\chg.identityprovider.integrationtests\bin\release\net9.0\chg.identityprovider.integrationtests.dll" id="0fa3ee2d-5029-b353-98b7-ff071ff1883a">
      <Execution id="72b32b31-2080-4275-946a-ddc0046bd401" />
      <TestMethod codeBase="D:\Agents\smith05.01\_work\257\s\tests\CHG.IdentityProvider.IntegrationTests\bin\Release\net9.0\CHG.IdentityProvider.IntegrationTests.dll" adapterTypeName="executor://nunit3testexecutor/" className="CHG.IdentityProvider.IntegrationTests.Login.ClientCredentialsFlowTests+Login" name="Returns_An_IsError_TokenResult_For_Invalid_Client_Id" />
    </UnitTest>
    <UnitTest name="Should_Return_Bad_Request_For_Posts(&quot;/Account/Login?ReturnUrl=-3035%20UNION%20ALL%20SELECT%2063%2C63%2C63%2C63%2C63%2C63%2C63%23&quot;)" storage="d:\agents\smith05.01\_work\257\s\tests\chg.identityprovider.integrationtests\bin\release\net9.0\chg.identityprovider.integrationtests.dll" id="c39ca1f2-25d5-d73e-b395-020f79f76ceb">
      <Execution id="631e8209-61a3-4436-a03c-aa68f19a1381" />
      <TestMethod codeBase="D:\Agents\smith05.01\_work\257\s\tests\CHG.IdentityProvider.IntegrationTests\bin\Release\net9.0\CHG.IdentityProvider.IntegrationTests.dll" adapterTypeName="executor://nunit3testexecutor/" className="CHG.IdentityProvider.IntegrationTests.Middleware.MaliciousRequestsDetectionMiddlewareTests" name="Should_Return_Bad_Request_For_Posts(&quot;/Account/Login?ReturnUrl=-3035%20UNION%20ALL%20SELECT%2063%2C63%2C63%2C63%2C63%2C63%2C63%23&quot;)" />
    </UnitTest>
    <UnitTest name="Returns_Empty_List_For_Non_Federated_User(&quot;test.employee&quot;)" storage="d:\agents\smith05.01\_work\257\s\tests\chg.identityprovider.integrationtests\bin\release\net9.0\chg.identityprovider.integrationtests.dll" id="208efa82-d99a-efb6-d0cd-eae37babef63">
      <Execution id="5b9cc67d-0e0d-4697-ab16-3fca532f4397" />
      <TestMethod codeBase="D:\Agents\smith05.01\_work\257\s\tests\CHG.IdentityProvider.IntegrationTests\bin\Release\net9.0\CHG.IdentityProvider.IntegrationTests.dll" adapterTypeName="executor://nunit3testexecutor/" className="CHG.IdentityProvider.IntegrationTests.Api.UserApiTests+GetLoginsMethod" name="Returns_Empty_List_For_Non_Federated_User(&quot;test.employee&quot;)" />
    </UnitTest>
    <UnitTest name="Should_Return_Bad_Request(&quot;/Account/Login?ReturnUrl=-2734%20UNION%20ALL%20SELECT%2063%2C63%2C63%2C63%2C63%2C63%2C63%2C63%2C63%23&quot;)" storage="d:\agents\smith05.01\_work\257\s\tests\chg.identityprovider.integrationtests\bin\release\net9.0\chg.identityprovider.integrationtests.dll" id="bd52ef11-6126-1a7c-a9f6-440378777b2a">
      <Execution id="4b2b5ed8-0305-4304-96e9-ef769a896258" />
      <TestMethod codeBase="D:\Agents\smith05.01\_work\257\s\tests\CHG.IdentityProvider.IntegrationTests\bin\Release\net9.0\CHG.IdentityProvider.IntegrationTests.dll" adapterTypeName="executor://nunit3testexecutor/" className="CHG.IdentityProvider.IntegrationTests.Middleware.MaliciousRequestsDetectionMiddlewareTests" name="Should_Return_Bad_Request(&quot;/Account/Login?ReturnUrl=-2734%20UNION%20ALL%20SELECT%2063%2C63%2C63%2C63%2C63%2C63%2C63%2C63%2C63%23&quot;)" />
    </UnitTest>
    <UnitTest name="Should_Return_Bad_Request_For_Posts(&quot;/Account/Login?ReturnUrl=-4911%27%29%20UNION%20ALL%20SELECT%20%27qqqjq%27%7C%7C%27yilzurgwNfkykbHOunjohWlpsxpPqKBGdzbQyJml%27%7C%7C%27qkqkq%27%2C63%2C63%2C63%2C63%2C63%2C63%2C63--%20seOS&quot;)" storage="d:\agents\smith05.01\_work\257\s\tests\chg.identityprovider.integrationtests\bin\release\net9.0\chg.identityprovider.integrationtests.dll" id="cdd35713-60f1-fdcd-9b7a-11d9a1ada782">
      <Execution id="8481408c-95c7-4d39-93cc-d37122820fef" />
      <TestMethod codeBase="D:\Agents\smith05.01\_work\257\s\tests\CHG.IdentityProvider.IntegrationTests\bin\Release\net9.0\CHG.IdentityProvider.IntegrationTests.dll" adapterTypeName="executor://nunit3testexecutor/" className="CHG.IdentityProvider.IntegrationTests.Middleware.MaliciousRequestsDetectionMiddlewareTests" name="Should_Return_Bad_Request_For_Posts(&quot;/Account/Login?ReturnUrl=-4911%27%29%20UNION%20ALL%20SELECT%20%27qqqjq%27%7C%7C%27yilzurgwNfkykbHOunjohWlpsxpPqKBGdzbQyJml%27%7C%7C%27qkqkq%27%2C63%2C63%2C63%2C63%2C63%2C63%2C63--%20seOS&quot;)" />
    </UnitTest>
    <UnitTest name="Should_Return_Bad_Request(&quot;/Account/Login?ReturnUrl=-5281%20UNION%20ALL%20SELECT%2063%2C63%2C63%2C63%2C63%2C63%2C63%2C63%2C63%2C63%23&quot;)" storage="d:\agents\smith05.01\_work\257\s\tests\chg.identityprovider.integrationtests\bin\release\net9.0\chg.identityprovider.integrationtests.dll" id="d6623eb5-9df6-31aa-84c5-c2f48c44b7c9">
      <Execution id="bb032aca-45ae-4fe5-8188-902f90060625" />
      <TestMethod codeBase="D:\Agents\smith05.01\_work\257\s\tests\CHG.IdentityProvider.IntegrationTests\bin\Release\net9.0\CHG.IdentityProvider.IntegrationTests.dll" adapterTypeName="executor://nunit3testexecutor/" className="CHG.IdentityProvider.IntegrationTests.Middleware.MaliciousRequestsDetectionMiddlewareTests" name="Should_Return_Bad_Request(&quot;/Account/Login?ReturnUrl=-5281%20UNION%20ALL%20SELECT%2063%2C63%2C63%2C63%2C63%2C63%2C63%2C63%2C63%2C63%23&quot;)" />
    </UnitTest>
    <UnitTest name="Returned_Html_Form_Contains_Correct_Input_Length_Constraints" storage="d:\agents\smith05.01\_work\257\s\tests\chg.identityprovider.integrationtests\bin\release\net9.0\chg.identityprovider.integrationtests.dll" id="0cb1a4ee-873b-32d2-1b2d-73480a78836f">
      <Execution id="97ab9299-6fc1-4d9e-a4c4-e766037fe46f" />
      <TestMethod codeBase="D:\Agents\smith05.01\_work\257\s\tests\CHG.IdentityProvider.IntegrationTests\bin\Release\net9.0\CHG.IdentityProvider.IntegrationTests.dll" adapterTypeName="executor://nunit3testexecutor/" className="CHG.IdentityProvider.IntegrationTests.Controllers.AccountControllerTests+ResetPasswordTests" name="Returned_Html_Form_Contains_Correct_Input_Length_Constraints" />
    </UnitTest>
    <UnitTest name="Returns_BadRequest_If_Email_Already_Exists" storage="d:\agents\smith05.01\_work\257\s\tests\chg.identityprovider.integrationtests\bin\release\net9.0\chg.identityprovider.integrationtests.dll" id="07908fd5-24b0-a6b7-021f-973ef5ea8c08">
      <Execution id="a19ac86c-2188-4596-a1f9-067c2529a6fa" />
      <TestMethod codeBase="D:\Agents\smith05.01\_work\257\s\tests\CHG.IdentityProvider.IntegrationTests\bin\Release\net9.0\CHG.IdentityProvider.IntegrationTests.dll" adapterTypeName="executor://nunit3testexecutor/" className="CHG.IdentityProvider.IntegrationTests.Api.UserApiTests+CreateMethod" name="Returns_BadRequest_If_Email_Already_Exists" />
    </UnitTest>
    <UnitTest name="Should_Return_Bad_Request(&quot;/Account/Login?ReturnUrl=-9914%27%29%20UNION%20ALL%20SELECT%2063%2C63%2C63%2C63%2C63%2C63%2C%27qqqjq%27%7C%7C%27wdBTUrgKlsnkJWOAABARVUCUMoBcdHHWMGessaIS%27%7C%7C%27qkqkq%27%2C63--%20AucU&quot;)" storage="d:\agents\smith05.01\_work\257\s\tests\chg.identityprovider.integrationtests\bin\release\net9.0\chg.identityprovider.integrationtests.dll" id="895cd94b-1f5c-823e-fff9-e3625a25b241">
      <Execution id="d989da3f-5967-44c2-963d-da0ec48eea48" />
      <TestMethod codeBase="D:\Agents\smith05.01\_work\257\s\tests\CHG.IdentityProvider.IntegrationTests\bin\Release\net9.0\CHG.IdentityProvider.IntegrationTests.dll" adapterTypeName="executor://nunit3testexecutor/" className="CHG.IdentityProvider.IntegrationTests.Middleware.MaliciousRequestsDetectionMiddlewareTests" name="Should_Return_Bad_Request(&quot;/Account/Login?ReturnUrl=-9914%27%29%20UNION%20ALL%20SELECT%2063%2C63%2C63%2C63%2C63%2C63%2C%27qqqjq%27%7C%7C%27wdBTUrgKlsnkJWOAABARVUCUMoBcdHHWMGessaIS%27%7C%7C%27qkqkq%27%2C63--%20AucU&quot;)" />
    </UnitTest>
    <UnitTest name="Returns_Ok_When_Using_UsersApi_Scope(&quot;/api/v1.0/users/&quot;,&quot;test.employee@test.com&quot;)" storage="d:\agents\smith05.01\_work\257\s\tests\chg.identityprovider.integrationtests\bin\release\net9.0\chg.identityprovider.integrationtests.dll" id="cc968c06-abd9-a3c7-ba17-62116c41d074">
      <Execution id="3fcbf5c6-9d47-4868-8fc4-d1950b139855" />
      <TestMethod codeBase="D:\Agents\smith05.01\_work\257\s\tests\CHG.IdentityProvider.IntegrationTests\bin\Release\net9.0\CHG.IdentityProvider.IntegrationTests.dll" adapterTypeName="executor://nunit3testexecutor/" className="CHG.IdentityProvider.IntegrationTests.Api.UserApiTests+GetByIdMethod" name="Returns_Ok_When_Using_UsersApi_Scope(&quot;/api/v1.0/users/&quot;,&quot;test.employee@test.com&quot;)" />
    </UnitTest>
    <UnitTest name="Should_Return_Bad_Request_For_Posts(&quot;/Account/Login?ReturnUrl=-5433%20UNION%20ALL%20SELECT%2063%23&quot;)" storage="d:\agents\smith05.01\_work\257\s\tests\chg.identityprovider.integrationtests\bin\release\net9.0\chg.identityprovider.integrationtests.dll" id="9a152260-ea6f-99c2-6ddd-08afb0a5e9d1">
      <Execution id="6c24b8d1-33af-4203-a939-54170b52241b" />
      <TestMethod codeBase="D:\Agents\smith05.01\_work\257\s\tests\CHG.IdentityProvider.IntegrationTests\bin\Release\net9.0\CHG.IdentityProvider.IntegrationTests.dll" adapterTypeName="executor://nunit3testexecutor/" className="CHG.IdentityProvider.IntegrationTests.Middleware.MaliciousRequestsDetectionMiddlewareTests" name="Should_Return_Bad_Request_For_Posts(&quot;/Account/Login?ReturnUrl=-5433%20UNION%20ALL%20SELECT%2063%23&quot;)" />
    </UnitTest>
    <UnitTest name="Returns_Access_Token_For_Many_Scopes" storage="d:\agents\smith05.01\_work\257\s\tests\chg.identityprovider.integrationtests\bin\release\net9.0\chg.identityprovider.integrationtests.dll" id="3ea53021-9442-8cf9-2ea0-768bf0335e05">
      <Execution id="26eed880-894c-415a-8b10-7073155ccd16" />
      <TestMethod codeBase="D:\Agents\smith05.01\_work\257\s\tests\CHG.IdentityProvider.IntegrationTests\bin\Release\net9.0\CHG.IdentityProvider.IntegrationTests.dll" adapterTypeName="executor://nunit3testexecutor/" className="CHG.IdentityProvider.IntegrationTests.Login.ClientCredentialsFlowTests+Login" name="Returns_Access_Token_For_Many_Scopes" />
    </UnitTest>
    <UnitTest name="Denies_Cors_For_Non_Configured_Domains(&quot;https://other.domain.de&quot;)" storage="d:\agents\smith05.01\_work\257\s\tests\chg.identityprovider.integrationtests\bin\release\net9.0\chg.identityprovider.integrationtests.dll" id="3d6947c8-4001-d24d-17be-cd82424d1288">
      <Execution id="9ea993d5-a1b7-4356-998d-afd6a2be1534" />
      <TestMethod codeBase="D:\Agents\smith05.01\_work\257\s\tests\CHG.IdentityProvider.IntegrationTests\bin\Release\net9.0\CHG.IdentityProvider.IntegrationTests.dll" adapterTypeName="executor://nunit3testexecutor/" className="CHG.IdentityProvider.IntegrationTests.Middleware.CorsTests" name="Denies_Cors_For_Non_Configured_Domains(&quot;https://other.domain.de&quot;)" />
    </UnitTest>
    <UnitTest name="Should_Return_Bad_Request_For_Posts(&quot;/Account/Login?ReturnUrl=-5523%25%27%20UNION%20ALL%20SELECT%20NULL%2CNULL%2CNULL%2CNULL%2CNULL%2CNULL%2CNULL%2CNULL%2C%27qqqjq%27%7C%7C%27EfgGxmKWNm%27%7C%7C%27qkqkq%27%2CNULL--%20GcCj&quot;)" storage="d:\agents\smith05.01\_work\257\s\tests\chg.identityprovider.integrationtests\bin\release\net9.0\chg.identityprovider.integrationtests.dll" id="9d34c968-85a6-0d5a-a878-0f27f33ada64">
      <Execution id="0745e8d0-2d6f-4e6b-bdd2-8110b8feac2a" />
      <TestMethod codeBase="D:\Agents\smith05.01\_work\257\s\tests\CHG.IdentityProvider.IntegrationTests\bin\Release\net9.0\CHG.IdentityProvider.IntegrationTests.dll" adapterTypeName="executor://nunit3testexecutor/" className="CHG.IdentityProvider.IntegrationTests.Middleware.MaliciousRequestsDetectionMiddlewareTests" name="Should_Return_Bad_Request_For_Posts(&quot;/Account/Login?ReturnUrl=-5523%25%27%20UNION%20ALL%20SELECT%20NULL%2CNULL%2CNULL%2CNULL%2CNULL%2CNULL%2CNULL%2CNULL%2C%27qqqjq%27%7C%7C%27EfgGxmKWNm%27%7C%7C%27qkqkq%27%2CNULL--%20GcCj&quot;)" />
    </UnitTest>
    <UnitTest name="Should_Return_Bad_Request(&quot;/Account/Login?ReturnUrl=-5042%25%27%20UNION%20ALL%20SELECT%2063%2C63%2C63%2C63%2C63%2C63%2C63%2C63%2C63%23&quot;)" storage="d:\agents\smith05.01\_work\257\s\tests\chg.identityprovider.integrationtests\bin\release\net9.0\chg.identityprovider.integrationtests.dll" id="f09b9a56-5944-f9fc-dfff-e80205356f47">
      <Execution id="46e7f081-5cd0-4856-bbf4-af0170ac2a1d" />
      <TestMethod codeBase="D:\Agents\smith05.01\_work\257\s\tests\CHG.IdentityProvider.IntegrationTests\bin\Release\net9.0\CHG.IdentityProvider.IntegrationTests.dll" adapterTypeName="executor://nunit3testexecutor/" className="CHG.IdentityProvider.IntegrationTests.Middleware.MaliciousRequestsDetectionMiddlewareTests" name="Should_Return_Bad_Request(&quot;/Account/Login?ReturnUrl=-5042%25%27%20UNION%20ALL%20SELECT%2063%2C63%2C63%2C63%2C63%2C63%2C63%2C63%2C63%23&quot;)" />
    </UnitTest>
    <UnitTest name="Creates_New_User_If_Not_Exists_Via_Oidc_With_Different_Username_Than_Email" storage="d:\agents\smith05.01\_work\257\s\tests\chg.identityprovider.integrationtests\bin\release\net9.0\chg.identityprovider.integrationtests.dll" id="d55096a8-89e2-570a-7d43-0b19e59a7cd7">
      <Execution id="be1158e1-99fb-4f0c-967d-e298691566a9" />
      <TestMethod codeBase="D:\Agents\smith05.01\_work\257\s\tests\CHG.IdentityProvider.IntegrationTests\bin\Release\net9.0\CHG.IdentityProvider.IntegrationTests.dll" adapterTypeName="executor://nunit3testexecutor/" className="CHG.IdentityProvider.IntegrationTests.Controllers.ExternalControllerTests+CallbackMethod" name="Creates_New_User_If_Not_Exists_Via_Oidc_With_Different_Username_Than_Email" />
    </UnitTest>
    <UnitTest name="Returns_BadRequest_Because_Password_Is_Too_Long" storage="d:\agents\smith05.01\_work\257\s\tests\chg.identityprovider.integrationtests\bin\release\net9.0\chg.identityprovider.integrationtests.dll" id="40fd44ee-0dc8-5563-51cb-2ab50086d81e">
      <Execution id="79942d2b-3d9a-43b5-8b7a-a97b2aa98c21" />
      <TestMethod codeBase="D:\Agents\smith05.01\_work\257\s\tests\CHG.IdentityProvider.IntegrationTests\bin\Release\net9.0\CHG.IdentityProvider.IntegrationTests.dll" adapterTypeName="executor://nunit3testexecutor/" className="CHG.IdentityProvider.IntegrationTests.Controllers.AccountControllerTests+ResetPasswordTests" name="Returns_BadRequest_Because_Password_Is_Too_Long" />
    </UnitTest>
    <UnitTest name="Returns_Error_For_Invalid_Permissions" storage="d:\agents\smith05.01\_work\257\s\tests\chg.identityprovider.integrationtests\bin\release\net9.0\chg.identityprovider.integrationtests.dll" id="44bfd2c1-617b-b579-b432-0f2a9014280c">
      <Execution id="c9f27ffb-0873-458e-ae2f-0436d9b75bd7" />
      <TestMethod codeBase="D:\Agents\smith05.01\_work\257\s\tests\CHG.IdentityProvider.IntegrationTests\bin\Release\net9.0\CHG.IdentityProvider.IntegrationTests.dll" adapterTypeName="executor://nunit3testexecutor/" className="CHG.IdentityProvider.IntegrationTests.Controllers.MaintenanceControllerTests+UnblockuserMethod" name="Returns_Error_For_Invalid_Permissions" />
    </UnitTest>
    <UnitTest name="Should_Return_Bad_Request_For_Posts(&quot;/Account/Login?ReturnUrl=-5757%27%20ORDER%20BY%201%23&quot;)" storage="d:\agents\smith05.01\_work\257\s\tests\chg.identityprovider.integrationtests\bin\release\net9.0\chg.identityprovider.integrationtests.dll" id="aa2311c8-8d16-e903-c802-f6602bbe6a53">
      <Execution id="20ae927d-0cbf-4cc1-8547-938bb950d7e9" />
      <TestMethod codeBase="D:\Agents\smith05.01\_work\257\s\tests\CHG.IdentityProvider.IntegrationTests\bin\Release\net9.0\CHG.IdentityProvider.IntegrationTests.dll" adapterTypeName="executor://nunit3testexecutor/" className="CHG.IdentityProvider.IntegrationTests.Middleware.MaliciousRequestsDetectionMiddlewareTests" name="Should_Return_Bad_Request_For_Posts(&quot;/Account/Login?ReturnUrl=-5757%27%20ORDER%20BY%201%23&quot;)" />
    </UnitTest>
    <UnitTest name="External_User_Can_Login_Successfully" storage="d:\agents\smith05.01\_work\257\s\tests\chg.identityprovider.integrationtests\bin\release\net9.0\chg.identityprovider.integrationtests.dll" id="e7911634-aa70-745b-66dc-d0d5867b1efc">
      <Execution id="7556f5f0-ea8f-43a2-b60b-18add0324a80" />
      <TestMethod codeBase="D:\Agents\smith05.01\_work\257\s\tests\CHG.IdentityProvider.IntegrationTests\bin\Release\net9.0\CHG.IdentityProvider.IntegrationTests.dll" adapterTypeName="executor://nunit3testexecutor/" className="CHG.IdentityProvider.IntegrationTests.Login.ExternalLoginTests+Login" name="External_User_Can_Login_Successfully" />
    </UnitTest>
    <UnitTest name="Should_Return_Bad_Request_For_Posts(&quot;/Account/Login?ReturnUrl=-1969%25%27%20UNION%20ALL%20SELECT%20NULL%2C%27qqqjq%27%7C%7C%27rHPLLbFQNC%27%7C%7C%27qkqkq%27%2CNULL%2CNULL%2CNULL%2CNULL%2CNULL%2CNULL%2CNULL%2CNULL--%20IyWo&quot;)" storage="d:\agents\smith05.01\_work\257\s\tests\chg.identityprovider.integrationtests\bin\release\net9.0\chg.identityprovider.integrationtests.dll" id="a9211efd-b228-c7ad-4b9d-f03b78ab078f">
      <Execution id="213ace56-bb13-4f5e-ae0f-ef8fe06ed2d4" />
      <TestMethod codeBase="D:\Agents\smith05.01\_work\257\s\tests\CHG.IdentityProvider.IntegrationTests\bin\Release\net9.0\CHG.IdentityProvider.IntegrationTests.dll" adapterTypeName="executor://nunit3testexecutor/" className="CHG.IdentityProvider.IntegrationTests.Middleware.MaliciousRequestsDetectionMiddlewareTests" name="Should_Return_Bad_Request_For_Posts(&quot;/Account/Login?ReturnUrl=-1969%25%27%20UNION%20ALL%20SELECT%20NULL%2C%27qqqjq%27%7C%7C%27rHPLLbFQNC%27%7C%7C%27qkqkq%27%2CNULL%2CNULL%2CNULL%2CNULL%2CNULL%2CNULL%2CNULL%2CNULL--%20IyWo&quot;)" />
    </UnitTest>
    <UnitTest name="Should_Return_Bad_Request_For_Posts(&quot;/Account/Login?ReturnUrl=-2289%27%29%20UNION%20ALL%20SELECT%20NULL%2CNULL%2CNULL%2CNULL%2CNULL%2C%27qqqjq%27%7C%7C%27mhHqNlZNMFWqToraFpPVyCPkYuXgWIprXYbPvWyz%27%7C%7C%27qkqkq%27%2CNULL%2CNULL--%20HamU&quot;)" storage="d:\agents\smith05.01\_work\257\s\tests\chg.identityprovider.integrationtests\bin\release\net9.0\chg.identityprovider.integrationtests.dll" id="0b7048e1-b525-a463-fe78-93d61d4140cb">
      <Execution id="9ca4bd96-3a37-455d-b337-3f1a7006124e" />
      <TestMethod codeBase="D:\Agents\smith05.01\_work\257\s\tests\CHG.IdentityProvider.IntegrationTests\bin\Release\net9.0\CHG.IdentityProvider.IntegrationTests.dll" adapterTypeName="executor://nunit3testexecutor/" className="CHG.IdentityProvider.IntegrationTests.Middleware.MaliciousRequestsDetectionMiddlewareTests" name="Should_Return_Bad_Request_For_Posts(&quot;/Account/Login?ReturnUrl=-2289%27%29%20UNION%20ALL%20SELECT%20NULL%2CNULL%2CNULL%2CNULL%2CNULL%2C%27qqqjq%27%7C%7C%27mhHqNlZNMFWqToraFpPVyCPkYuXgWIprXYbPvWyz%27%7C%7C%27qkqkq%27%2CNULL%2CNULL--%20HamU&quot;)" />
    </UnitTest>
    <UnitTest name="Returns_New_User_With_Location" storage="d:\agents\smith05.01\_work\257\s\tests\chg.identityprovider.integrationtests\bin\release\net9.0\chg.identityprovider.integrationtests.dll" id="16beffbc-41ed-cfe3-3e21-5aa951ca00a2">
      <Execution id="ec2b86fa-dab3-4bf1-b1a9-61f1a88e68a0" />
      <TestMethod codeBase="D:\Agents\smith05.01\_work\257\s\tests\CHG.IdentityProvider.IntegrationTests\bin\Release\net9.0\CHG.IdentityProvider.IntegrationTests.dll" adapterTypeName="executor://nunit3testexecutor/" className="CHG.IdentityProvider.IntegrationTests.Api.UserApiTests+CreateMethod" name="Returns_New_User_With_Location" />
    </UnitTest>
    <UnitTest name="Should_Return_Bad_Request(&quot;/Account/Login?ReturnUrl=-1630%25%27%20UNION%20ALL%20SELECT%20NULL%2CNULL%2CNULL%2CNULL%2CNULL%2CNULL%2CNULL%2C%27qqqjq%27%7C%7C%27GnrWvrRvKAcUuqNbMWwZQMsSkkHYuGjHZpFrWKRU%27%7C%7C%27qkqkq%27%2CNULL%2CNULL--%20eYMm&quot;)" storage="d:\agents\smith05.01\_work\257\s\tests\chg.identityprovider.integrationtests\bin\release\net9.0\chg.identityprovider.integrationtests.dll" id="90fe66ae-0614-e16e-dd90-d71d9cf4420a">
      <Execution id="7a2443b8-39c5-4502-8abf-6ee1eb55a32e" />
      <TestMethod codeBase="D:\Agents\smith05.01\_work\257\s\tests\CHG.IdentityProvider.IntegrationTests\bin\Release\net9.0\CHG.IdentityProvider.IntegrationTests.dll" adapterTypeName="executor://nunit3testexecutor/" className="CHG.IdentityProvider.IntegrationTests.Middleware.MaliciousRequestsDetectionMiddlewareTests" name="Should_Return_Bad_Request(&quot;/Account/Login?ReturnUrl=-1630%25%27%20UNION%20ALL%20SELECT%20NULL%2CNULL%2CNULL%2CNULL%2CNULL%2CNULL%2CNULL%2C%27qqqjq%27%7C%7C%27GnrWvrRvKAcUuqNbMWwZQMsSkkHYuGjHZpFrWKRU%27%7C%7C%27qkqkq%27%2CNULL%2CNULL--%20eYMm&quot;)" />
    </UnitTest>
    <UnitTest name="TestEndpointSecurity" storage="d:\agents\smith05.01\_work\257\s\tests\chg.identityprovider.integrationtests\bin\release\net9.0\chg.identityprovider.integrationtests.dll" id="528651cb-7ddb-0df0-f0c3-5e4eb622da0b">
      <Execution id="dc11f4a1-a6b8-4fae-a0f3-24534fae88a4" />
      <TestMethod codeBase="D:\Agents\smith05.01\_work\257\s\tests\CHG.IdentityProvider.IntegrationTests\bin\Release\net9.0\CHG.IdentityProvider.IntegrationTests.dll" adapterTypeName="executor://nunit3testexecutor/" className="CHG.IdentityProvider.IntegrationTests.Api.EndpointTests" name="TestEndpointSecurity" />
    </UnitTest>
    <UnitTest name="Should_Return_Bad_Request(&quot;/Account/Login?ReturnUrl=-7987%27%29%20UNION%20ALL%20SELECT%20%27qqqjq%27%7C%7C%27GJBaPosNKe%27%7C%7C%27qkqkq%27%2C63%2C63%2C63%2C63%2C63%2C63%2C63--%20FQHO&quot;)" storage="d:\agents\smith05.01\_work\257\s\tests\chg.identityprovider.integrationtests\bin\release\net9.0\chg.identityprovider.integrationtests.dll" id="f90b3228-a455-35b9-3a15-708b7e746e0a">
      <Execution id="8517442f-4985-44e9-b8e2-a956194ee758" />
      <TestMethod codeBase="D:\Agents\smith05.01\_work\257\s\tests\CHG.IdentityProvider.IntegrationTests\bin\Release\net9.0\CHG.IdentityProvider.IntegrationTests.dll" adapterTypeName="executor://nunit3testexecutor/" className="CHG.IdentityProvider.IntegrationTests.Middleware.MaliciousRequestsDetectionMiddlewareTests" name="Should_Return_Bad_Request(&quot;/Account/Login?ReturnUrl=-7987%27%29%20UNION%20ALL%20SELECT%20%27qqqjq%27%7C%7C%27GJBaPosNKe%27%7C%7C%27qkqkq%27%2C63%2C63%2C63%2C63%2C63%2C63%2C63--%20FQHO&quot;)" />
    </UnitTest>
    <UnitTest name="Returns_LoginRequest_When_Not_Logged_In_For_Post" storage="d:\agents\smith05.01\_work\257\s\tests\chg.identityprovider.integrationtests\bin\release\net9.0\chg.identityprovider.integrationtests.dll" id="0502f17e-09dc-3853-dbe5-2345eae14297">
      <Execution id="aceede3b-cb2c-40c2-9491-e996fcf3603a" />
      <TestMethod codeBase="D:\Agents\smith05.01\_work\257\s\tests\CHG.IdentityProvider.IntegrationTests\bin\Release\net9.0\CHG.IdentityProvider.IntegrationTests.dll" adapterTypeName="executor://nunit3testexecutor/" className="CHG.IdentityProvider.IntegrationTests.Controllers.LoginProvidersControllerTests+CreateTests" name="Returns_LoginRequest_When_Not_Logged_In_For_Post" />
    </UnitTest>
    <UnitTest name="Returns_Error_For_Missing_Antiforgery" storage="d:\agents\smith05.01\_work\257\s\tests\chg.identityprovider.integrationtests\bin\release\net9.0\chg.identityprovider.integrationtests.dll" id="cf160c9d-8c33-774e-8bf5-9abbeafe9a6c">
      <Execution id="a1436ddb-d960-423f-af52-19407a91a58d" />
      <TestMethod codeBase="D:\Agents\smith05.01\_work\257\s\tests\CHG.IdentityProvider.IntegrationTests\bin\Release\net9.0\CHG.IdentityProvider.IntegrationTests.dll" adapterTypeName="executor://nunit3testexecutor/" className="CHG.IdentityProvider.IntegrationTests.Controllers.InviteUserControllerTests+PostMethod" name="Returns_Error_For_Missing_Antiforgery" />
    </UnitTest>
    <UnitTest name="Should_Return_Bad_Request(&quot;/Account/Login?ReturnUrl=-4253%27%29%20UNION%20ALL%20SELECT%2063%2C63%2C%27qqqjq%27%7C%7C%27iSEoivMCWmmUyjlfRyrKahdXgnlVfPRqcmwYNrnq%27%7C%7C%27qkqkq%27%2C63%2C63%2C63%2C63%2C63--%20IMhI&quot;)" storage="d:\agents\smith05.01\_work\257\s\tests\chg.identityprovider.integrationtests\bin\release\net9.0\chg.identityprovider.integrationtests.dll" id="b38c32db-987b-3be2-c384-4b3e6698026e">
      <Execution id="79bc2402-6805-4e24-accb-efed2ddfe388" />
      <TestMethod codeBase="D:\Agents\smith05.01\_work\257\s\tests\CHG.IdentityProvider.IntegrationTests\bin\Release\net9.0\CHG.IdentityProvider.IntegrationTests.dll" adapterTypeName="executor://nunit3testexecutor/" className="CHG.IdentityProvider.IntegrationTests.Middleware.MaliciousRequestsDetectionMiddlewareTests" name="Should_Return_Bad_Request(&quot;/Account/Login?ReturnUrl=-4253%27%29%20UNION%20ALL%20SELECT%2063%2C63%2C%27qqqjq%27%7C%7C%27iSEoivMCWmmUyjlfRyrKahdXgnlVfPRqcmwYNrnq%27%7C%7C%27qkqkq%27%2C63%2C63%2C63%2C63%2C63--%20IMhI&quot;)" />
    </UnitTest>
    <UnitTest name="SAFARI_IOS_13_IPAD" storage="d:\agents\smith05.01\_work\257\s\tests\chg.identityprovider.integrationtests\bin\release\net9.0\chg.identityprovider.integrationtests.dll" id="dee58bae-fa23-f248-5ecc-6b23adc0cbfe">
      <Execution id="8ce294d9-1ab1-4500-a16e-936e925083cf" />
      <TestMethod codeBase="D:\Agents\smith05.01\_work\257\s\tests\CHG.IdentityProvider.IntegrationTests\bin\Release\net9.0\CHG.IdentityProvider.IntegrationTests.dll" adapterTypeName="executor://nunit3testexecutor/" className="CHG.IdentityProvider.IntegrationTests.CookiesTests+SameSitePolicyTests" name="SAFARI_IOS_13_IPAD" />
    </UnitTest>
    <UnitTest name="Should_Return_Bad_Request(&quot;/Account/Login?ReturnUrl=-9462%27%29%20UNION%20ALL%20SELECT%20NULL%2CNULL%2CNULL%2CNULL%2CNULL%2CNULL%2C%27qqqjq%27%7C%7C%27QwMWtHeSVA%27%7C%7C%27qkqkq%27%2CNULL--%20SdwZ&quot;)" storage="d:\agents\smith05.01\_work\257\s\tests\chg.identityprovider.integrationtests\bin\release\net9.0\chg.identityprovider.integrationtests.dll" id="08e6c6dc-6907-ac5b-1881-3003e0e7d2af">
      <Execution id="45923107-4e9d-4ba5-b0e0-fba614cac4ed" />
      <TestMethod codeBase="D:\Agents\smith05.01\_work\257\s\tests\CHG.IdentityProvider.IntegrationTests\bin\Release\net9.0\CHG.IdentityProvider.IntegrationTests.dll" adapterTypeName="executor://nunit3testexecutor/" className="CHG.IdentityProvider.IntegrationTests.Middleware.MaliciousRequestsDetectionMiddlewareTests" name="Should_Return_Bad_Request(&quot;/Account/Login?ReturnUrl=-9462%27%29%20UNION%20ALL%20SELECT%20NULL%2CNULL%2CNULL%2CNULL%2CNULL%2CNULL%2C%27qqqjq%27%7C%7C%27QwMWtHeSVA%27%7C%7C%27qkqkq%27%2CNULL--%20SdwZ&quot;)" />
    </UnitTest>
    <UnitTest name="Can_Be_Called_With_UserName_V3" storage="d:\agents\smith05.01\_work\257\s\tests\chg.identityprovider.integrationtests\bin\release\net9.0\chg.identityprovider.integrationtests.dll" id="80c5ed7a-1f86-279e-0d1c-89b2a2bd0493">
      <Execution id="8796ffc4-8ed7-4511-ba52-507b8b1d0d03" />
      <TestMethod codeBase="D:\Agents\smith05.01\_work\257\s\tests\CHG.IdentityProvider.IntegrationTests\bin\Release\net9.0\CHG.IdentityProvider.IntegrationTests.dll" adapterTypeName="executor://nunit3testexecutor/" className="CHG.IdentityProvider.IntegrationTests.Api.UserApiTests+InviteMethod" name="Can_Be_Called_With_UserName_V3" />
    </UnitTest>
    <UnitTest name="App_Gets_Notified" storage="d:\agents\smith05.01\_work\257\s\tests\chg.identityprovider.integrationtests\bin\release\net9.0\chg.identityprovider.integrationtests.dll" id="b29f2a3e-a6e8-3eb9-9a93-770859da5ed4">
      <Execution id="5c13d51e-a233-452e-ae10-cfe0acac8fb4" />
      <TestMethod codeBase="D:\Agents\smith05.01\_work\257\s\tests\CHG.IdentityProvider.IntegrationTests\bin\Release\net9.0\CHG.IdentityProvider.IntegrationTests.dll" adapterTypeName="executor://nunit3testexecutor/" className="CHG.IdentityProvider.IntegrationTests.Login.LogoutTests+BackChannelLogout" name="App_Gets_Notified" />
    </UnitTest>
    <UnitTest name="Should_Return_Bad_Request(&quot;/Account/Login?ReturnUrl=-5944%20ORDER%20BY%201%23&quot;)" storage="d:\agents\smith05.01\_work\257\s\tests\chg.identityprovider.integrationtests\bin\release\net9.0\chg.identityprovider.integrationtests.dll" id="62d129d7-40b6-7139-2fae-626b730d30c2">
      <Execution id="8435e5b6-128b-4308-90d3-16d5bc8eee85" />
      <TestMethod codeBase="D:\Agents\smith05.01\_work\257\s\tests\CHG.IdentityProvider.IntegrationTests\bin\Release\net9.0\CHG.IdentityProvider.IntegrationTests.dll" adapterTypeName="executor://nunit3testexecutor/" className="CHG.IdentityProvider.IntegrationTests.Middleware.MaliciousRequestsDetectionMiddlewareTests" name="Should_Return_Bad_Request(&quot;/Account/Login?ReturnUrl=-5944%20ORDER%20BY%201%23&quot;)" />
    </UnitTest>
    <UnitTest name="Can_Authenticate_By_Saml_Provider" storage="d:\agents\smith05.01\_work\257\s\tests\chg.identityprovider.integrationtests\bin\release\net9.0\chg.identityprovider.integrationtests.dll" id="3b493fde-48ba-be7c-9415-ff372b7e7beb">
      <Execution id="0019458b-effb-4e20-82ce-666b066d3fe7" />
      <TestMethod codeBase="D:\Agents\smith05.01\_work\257\s\tests\CHG.IdentityProvider.IntegrationTests\bin\Release\net9.0\CHG.IdentityProvider.IntegrationTests.dll" adapterTypeName="executor://nunit3testexecutor/" className="CHG.IdentityProvider.IntegrationTests.FederatedAuthentication.SamlTests" name="Can_Authenticate_By_Saml_Provider" />
    </UnitTest>
    <UnitTest name="CHROME_IOS_12" storage="d:\agents\smith05.01\_work\257\s\tests\chg.identityprovider.integrationtests\bin\release\net9.0\chg.identityprovider.integrationtests.dll" id="31bcad5d-2986-7497-fe75-6c6fa45ab7b5">
      <Execution id="ef0c820f-1b79-4935-978e-fd9e75e80e7a" />
      <TestMethod codeBase="D:\Agents\smith05.01\_work\257\s\tests\CHG.IdentityProvider.IntegrationTests\bin\Release\net9.0\CHG.IdentityProvider.IntegrationTests.dll" adapterTypeName="executor://nunit3testexecutor/" className="CHG.IdentityProvider.IntegrationTests.CookiesTests+SameSitePolicyTests" name="CHROME_IOS_12" />
    </UnitTest>
    <UnitTest name="Can_Logout(&quot;/federation/TestAzureAD/signout-callback&quot;)" storage="d:\agents\smith05.01\_work\257\s\tests\chg.identityprovider.integrationtests\bin\release\net9.0\chg.identityprovider.integrationtests.dll" id="d6952eb3-89c9-eb6c-b910-f1640022412d">
      <Execution id="d7903512-a430-4a34-b683-c2549e697cd8" />
      <TestMethod codeBase="D:\Agents\smith05.01\_work\257\s\tests\CHG.IdentityProvider.IntegrationTests\bin\Release\net9.0\CHG.IdentityProvider.IntegrationTests.dll" adapterTypeName="executor://nunit3testexecutor/" className="CHG.IdentityProvider.IntegrationTests.FederatedAuthentication.AzureTests+Logout" name="Can_Logout(&quot;/federation/TestAzureAD/signout-callback&quot;)" />
    </UnitTest>
    <UnitTest name="Should_Return_Bad_Request(&quot;/Account/Login?ReturnUrl=-5523%25%27%20UNION%20ALL%20SELECT%20NULL%2CNULL%2CNULL%2CNULL%2CNULL%2CNULL%2CNULL%2CNULL%2C%27qqqjq%27%7C%7C%27EfgGxmKWNm%27%7C%7C%27qkqkq%27%2CNULL--%20GcCj&quot;)" storage="d:\agents\smith05.01\_work\257\s\tests\chg.identityprovider.integrationtests\bin\release\net9.0\chg.identityprovider.integrationtests.dll" id="354b7c20-21d2-f72b-90e4-f6848bab1af5">
      <Execution id="ad325b6b-3367-4acf-b8b5-7d426041b03b" />
      <TestMethod codeBase="D:\Agents\smith05.01\_work\257\s\tests\CHG.IdentityProvider.IntegrationTests\bin\Release\net9.0\CHG.IdentityProvider.IntegrationTests.dll" adapterTypeName="executor://nunit3testexecutor/" className="CHG.IdentityProvider.IntegrationTests.Middleware.MaliciousRequestsDetectionMiddlewareTests" name="Should_Return_Bad_Request(&quot;/Account/Login?ReturnUrl=-5523%25%27%20UNION%20ALL%20SELECT%20NULL%2CNULL%2CNULL%2CNULL%2CNULL%2CNULL%2CNULL%2CNULL%2C%27qqqjq%27%7C%7C%27EfgGxmKWNm%27%7C%7C%27qkqkq%27%2CNULL--%20GcCj&quot;)" />
    </UnitTest>
    <UnitTest name="EDGE_80_WIN" storage="d:\agents\smith05.01\_work\257\s\tests\chg.identityprovider.integrationtests\bin\release\net9.0\chg.identityprovider.integrationtests.dll" id="c3d1cbe1-843e-8338-2b87-86070a2c1686">
      <Execution id="68e3aa6c-571e-40a7-8981-6b0ba53b1f0f" />
      <TestMethod codeBase="D:\Agents\smith05.01\_work\257\s\tests\CHG.IdentityProvider.IntegrationTests\bin\Release\net9.0\CHG.IdentityProvider.IntegrationTests.dll" adapterTypeName="executor://nunit3testexecutor/" className="CHG.IdentityProvider.IntegrationTests.CookiesTests+SameSitePolicyTests" name="EDGE_80_WIN" />
    </UnitTest>
    <UnitTest name="Should_Return_Bad_Request(&quot;/Account/Login?ReturnUrl=-8118%27%20UNION%20ALL%20SELECT%2063%2C63%2C63%2C63%2C63%23&quot;)" storage="d:\agents\smith05.01\_work\257\s\tests\chg.identityprovider.integrationtests\bin\release\net9.0\chg.identityprovider.integrationtests.dll" id="4ed60e03-01ea-6d16-8049-7c85b7fcfb38">
      <Execution id="169eeb93-6fd7-402f-963b-2b565b46a613" />
      <TestMethod codeBase="D:\Agents\smith05.01\_work\257\s\tests\CHG.IdentityProvider.IntegrationTests\bin\Release\net9.0\CHG.IdentityProvider.IntegrationTests.dll" adapterTypeName="executor://nunit3testexecutor/" className="CHG.IdentityProvider.IntegrationTests.Middleware.MaliciousRequestsDetectionMiddlewareTests" name="Should_Return_Bad_Request(&quot;/Account/Login?ReturnUrl=-8118%27%20UNION%20ALL%20SELECT%2063%2C63%2C63%2C63%2C63%23&quot;)" />
    </UnitTest>
    <UnitTest name="Returns_View" storage="d:\agents\smith05.01\_work\257\s\tests\chg.identityprovider.integrationtests\bin\release\net9.0\chg.identityprovider.integrationtests.dll" id="f00a1dc2-6d87-d290-273d-dcd5e6842f53">
      <Execution id="13b454f3-9c96-49da-be1d-54c6900e8ca8" />
      <TestMethod codeBase="D:\Agents\smith05.01\_work\257\s\tests\CHG.IdentityProvider.IntegrationTests\bin\Release\net9.0\CHG.IdentityProvider.IntegrationTests.dll" adapterTypeName="executor://nunit3testexecutor/" className="CHG.IdentityProvider.IntegrationTests.Controllers.MaintenanceControllerTests+ClientsDetailMethod" name="Returns_View" />
    </UnitTest>
    <UnitTest name="Should_Return_Bad_Request_For_Posts(&quot;/Account/Login?ReturnUrl=-1889%20ORDER%20BY%201%23&quot;)" storage="d:\agents\smith05.01\_work\257\s\tests\chg.identityprovider.integrationtests\bin\release\net9.0\chg.identityprovider.integrationtests.dll" id="cdc32844-6fb2-087f-7396-426d51e671ab">
      <Execution id="303c7da8-f692-4dc5-8748-aaa955687197" />
      <TestMethod codeBase="D:\Agents\smith05.01\_work\257\s\tests\CHG.IdentityProvider.IntegrationTests\bin\Release\net9.0\CHG.IdentityProvider.IntegrationTests.dll" adapterTypeName="executor://nunit3testexecutor/" className="CHG.IdentityProvider.IntegrationTests.Middleware.MaliciousRequestsDetectionMiddlewareTests" name="Should_Return_Bad_Request_For_Posts(&quot;/Account/Login?ReturnUrl=-1889%20ORDER%20BY%201%23&quot;)" />
    </UnitTest>
    <UnitTest name="Should_Return_Bad_Request(&quot;/Account/Login?ReturnUrl=-6060%27%20UNION%20ALL%20SELECT%2063%2C63%2C63%2C63%2C63%2C63%2C63%2C63%2C63%2C63%23&quot;)" storage="d:\agents\smith05.01\_work\257\s\tests\chg.identityprovider.integrationtests\bin\release\net9.0\chg.identityprovider.integrationtests.dll" id="36ce325d-9de5-2150-845b-10ebaa977947">
      <Execution id="ad3c9b16-95ae-4c0b-8638-c35ac8842b98" />
      <TestMethod codeBase="D:\Agents\smith05.01\_work\257\s\tests\CHG.IdentityProvider.IntegrationTests\bin\Release\net9.0\CHG.IdentityProvider.IntegrationTests.dll" adapterTypeName="executor://nunit3testexecutor/" className="CHG.IdentityProvider.IntegrationTests.Middleware.MaliciousRequestsDetectionMiddlewareTests" name="Should_Return_Bad_Request(&quot;/Account/Login?ReturnUrl=-6060%27%20UNION%20ALL%20SELECT%2063%2C63%2C63%2C63%2C63%2C63%2C63%2C63%2C63%2C63%23&quot;)" />
    </UnitTest>
    <UnitTest name="Should_Return_Bad_Request_For_Posts(&quot;/Account/Login?ReturnUrl=-1630%25%27%20UNION%20ALL%20SELECT%20NULL%2CNULL%2CNULL%2CNULL%2CNULL%2CNULL%2CNULL%2C%27qqqjq%27%7C%7C%27GnrWvrRvKAcUuqNbMWwZQMsSkkHYuGjHZpFrWKRU%27%7C%7C%27qkqkq%27%2CNULL%2CNULL--%20eYMm&quot;)" storage="d:\agents\smith05.01\_work\257\s\tests\chg.identityprovider.integrationtests\bin\release\net9.0\chg.identityprovider.integrationtests.dll" id="9c02bb0a-12e9-659a-1b8b-b6e06658d050">
      <Execution id="1893dda4-7234-474b-a891-d77b557edfa7" />
      <TestMethod codeBase="D:\Agents\smith05.01\_work\257\s\tests\CHG.IdentityProvider.IntegrationTests\bin\Release\net9.0\CHG.IdentityProvider.IntegrationTests.dll" adapterTypeName="executor://nunit3testexecutor/" className="CHG.IdentityProvider.IntegrationTests.Middleware.MaliciousRequestsDetectionMiddlewareTests" name="Should_Return_Bad_Request_For_Posts(&quot;/Account/Login?ReturnUrl=-1630%25%27%20UNION%20ALL%20SELECT%20NULL%2CNULL%2CNULL%2CNULL%2CNULL%2CNULL%2CNULL%2C%27qqqjq%27%7C%7C%27GnrWvrRvKAcUuqNbMWwZQMsSkkHYuGjHZpFrWKRU%27%7C%7C%27qkqkq%27%2CNULL%2CNULL--%20eYMm&quot;)" />
    </UnitTest>
    <UnitTest name="Should_Return_Bad_Request_For_Posts(&quot;/Account/Login?ReturnUrl=-3943%27%20UNION%20ALL%20SELECT%2063%2C63%2C63%2C63%2C63%2C63%2C63%2C63%2C63%23&quot;)" storage="d:\agents\smith05.01\_work\257\s\tests\chg.identityprovider.integrationtests\bin\release\net9.0\chg.identityprovider.integrationtests.dll" id="0ed98db2-f131-60fd-8902-ed01faf2b6bd">
      <Execution id="a0f22dd9-8d76-405e-b7d7-8dd594fd9084" />
      <TestMethod codeBase="D:\Agents\smith05.01\_work\257\s\tests\CHG.IdentityProvider.IntegrationTests\bin\Release\net9.0\CHG.IdentityProvider.IntegrationTests.dll" adapterTypeName="executor://nunit3testexecutor/" className="CHG.IdentityProvider.IntegrationTests.Middleware.MaliciousRequestsDetectionMiddlewareTests" name="Should_Return_Bad_Request_For_Posts(&quot;/Account/Login?ReturnUrl=-3943%27%20UNION%20ALL%20SELECT%2063%2C63%2C63%2C63%2C63%2C63%2C63%2C63%2C63%23&quot;)" />
    </UnitTest>
    <UnitTest name="Returns_Error_For_Missing_Parameters" storage="d:\agents\smith05.01\_work\257\s\tests\chg.identityprovider.integrationtests\bin\release\net9.0\chg.identityprovider.integrationtests.dll" id="ceae852b-3f93-c8b4-8085-cd1d152f61f0">
      <Execution id="70815509-8060-4b1e-b68f-6318aa8e0e5f" />
      <TestMethod codeBase="D:\Agents\smith05.01\_work\257\s\tests\CHG.IdentityProvider.IntegrationTests\bin\Release\net9.0\CHG.IdentityProvider.IntegrationTests.dll" adapterTypeName="executor://nunit3testexecutor/" className="CHG.IdentityProvider.IntegrationTests.Controllers.InviteUserControllerTests+GetMethod" name="Returns_Error_For_Missing_Parameters" />
    </UnitTest>
    <UnitTest name="AntiforgeryToken_Is_Different_On_EveryRequest" storage="d:\agents\smith05.01\_work\257\s\tests\chg.identityprovider.integrationtests\bin\release\net9.0\chg.identityprovider.integrationtests.dll" id="3573ab4f-a136-c958-aada-a07bf1b7606a">
      <Execution id="df9ff50e-b1fc-4ad7-8966-635268070537" />
      <TestMethod codeBase="D:\Agents\smith05.01\_work\257\s\tests\CHG.IdentityProvider.IntegrationTests\bin\Release\net9.0\CHG.IdentityProvider.IntegrationTests.dll" adapterTypeName="executor://nunit3testexecutor/" className="CHG.IdentityProvider.IntegrationTests.ClientCustomizationTemplateTests+CachingTests" name="AntiforgeryToken_Is_Different_On_EveryRequest" />
    </UnitTest>
    <UnitTest name="Can_Return_LoginProvider_Metadata" storage="d:\agents\smith05.01\_work\257\s\tests\chg.identityprovider.integrationtests\bin\release\net9.0\chg.identityprovider.integrationtests.dll" id="fb35d0bb-5a8d-096d-7b61-9fb390e2f9a5">
      <Execution id="9d902c38-fec1-452b-a950-f61c4e05d8f8" />
      <TestMethod codeBase="D:\Agents\smith05.01\_work\257\s\tests\CHG.IdentityProvider.IntegrationTests\bin\Release\net9.0\CHG.IdentityProvider.IntegrationTests.dll" adapterTypeName="executor://nunit3testexecutor/" className="CHG.IdentityProvider.IntegrationTests.FederatedAuthentication.SamlTests" name="Can_Return_LoginProvider_Metadata" />
    </UnitTest>
    <UnitTest name="Should_Return_Bad_Request_For_Posts(&quot;/Account/Login?ReturnUrl=-2876%20UNION%20ALL%20SELECT%2063%2C63%2C63%2C63%2C63%2C63%23&quot;)" storage="d:\agents\smith05.01\_work\257\s\tests\chg.identityprovider.integrationtests\bin\release\net9.0\chg.identityprovider.integrationtests.dll" id="487cc9b8-40a7-34b3-63e9-762951e9ba9a">
      <Execution id="e99e186f-058a-409d-ad2c-9b157f564c50" />
      <TestMethod codeBase="D:\Agents\smith05.01\_work\257\s\tests\CHG.IdentityProvider.IntegrationTests\bin\Release\net9.0\CHG.IdentityProvider.IntegrationTests.dll" adapterTypeName="executor://nunit3testexecutor/" className="CHG.IdentityProvider.IntegrationTests.Middleware.MaliciousRequestsDetectionMiddlewareTests" name="Should_Return_Bad_Request_For_Posts(&quot;/Account/Login?ReturnUrl=-2876%20UNION%20ALL%20SELECT%2063%2C63%2C63%2C63%2C63%2C63%23&quot;)" />
    </UnitTest>
    <UnitTest name="Should_Return_Bad_Request(&quot;/Account/Login?ReturnUrl=-4236%27%29%20UNION%20ALL%20SELECT%2063%2C63%2C63%2C63%2C63%2C63%2C63%2C63%2C63%2C63%23&quot;)" storage="d:\agents\smith05.01\_work\257\s\tests\chg.identityprovider.integrationtests\bin\release\net9.0\chg.identityprovider.integrationtests.dll" id="975b454a-5cb4-f3f1-bc18-17565ff8ff21">
      <Execution id="d35ac4a4-a6c4-4b87-9b21-73dfbc6010e9" />
      <TestMethod codeBase="D:\Agents\smith05.01\_work\257\s\tests\CHG.IdentityProvider.IntegrationTests\bin\Release\net9.0\CHG.IdentityProvider.IntegrationTests.dll" adapterTypeName="executor://nunit3testexecutor/" className="CHG.IdentityProvider.IntegrationTests.Middleware.MaliciousRequestsDetectionMiddlewareTests" name="Should_Return_Bad_Request(&quot;/Account/Login?ReturnUrl=-4236%27%29%20UNION%20ALL%20SELECT%2063%2C63%2C63%2C63%2C63%2C63%2C63%2C63%2C63%2C63%23&quot;)" />
    </UnitTest>
    <UnitTest name="Cannot_Be_Called_From_Client_Without_Correct_Scope(&quot;/api/v1/users/unconfirmed@example.com/invite&quot;)" storage="d:\agents\smith05.01\_work\257\s\tests\chg.identityprovider.integrationtests\bin\release\net9.0\chg.identityprovider.integrationtests.dll" id="3e6c7faf-3b6f-fb12-a011-572f81f90464">
      <Execution id="55cd14b1-6b92-497e-b895-3bc7ae0a260d" />
      <TestMethod codeBase="D:\Agents\smith05.01\_work\257\s\tests\CHG.IdentityProvider.IntegrationTests\bin\Release\net9.0\CHG.IdentityProvider.IntegrationTests.dll" adapterTypeName="executor://nunit3testexecutor/" className="CHG.IdentityProvider.IntegrationTests.Api.UserApiTests+InviteMethod" name="Cannot_Be_Called_From_Client_Without_Correct_Scope(&quot;/api/v1/users/unconfirmed@example.com/invite&quot;)" />
    </UnitTest>
    <UnitTest name="Publish_UserNameChangedEvent_When_Username_Was_Changed" storage="d:\agents\smith05.01\_work\257\s\tests\chg.identityprovider.integrationtests\bin\release\net9.0\chg.identityprovider.integrationtests.dll" id="7ffeb03f-cab1-e8ce-0dda-fcfcc5897dbb">
      <Execution id="a22c0b28-7594-495b-9724-b54a08cd8c15" />
      <TestMethod codeBase="D:\Agents\smith05.01\_work\257\s\tests\CHG.IdentityProvider.IntegrationTests\bin\Release\net9.0\CHG.IdentityProvider.IntegrationTests.dll" adapterTypeName="executor://nunit3testexecutor/" className="CHG.IdentityProvider.IntegrationTests.Middleware.ScimUserSyncMiddlewareTests+UpdatingAUserViaScim" name="Publish_UserNameChangedEvent_When_Username_Was_Changed" />
    </UnitTest>
    <UnitTest name="Returns_BadRequest_If_UserName_Already_Exists" storage="d:\agents\smith05.01\_work\257\s\tests\chg.identityprovider.integrationtests\bin\release\net9.0\chg.identityprovider.integrationtests.dll" id="8361fd58-5899-9f9f-4b79-df6ca9406d29">
      <Execution id="02012518-eba8-4548-ae13-c3e5804ea1ee" />
      <TestMethod codeBase="D:\Agents\smith05.01\_work\257\s\tests\CHG.IdentityProvider.IntegrationTests\bin\Release\net9.0\CHG.IdentityProvider.IntegrationTests.dll" adapterTypeName="executor://nunit3testexecutor/" className="CHG.IdentityProvider.IntegrationTests.Api.UserApiTests+CreateMethod" name="Returns_BadRequest_If_UserName_Already_Exists" />
    </UnitTest>
    <UnitTest name="Contains_Idp_Claim" storage="d:\agents\smith05.01\_work\257\s\tests\chg.identityprovider.integrationtests\bin\release\net9.0\chg.identityprovider.integrationtests.dll" id="faff4a80-d1cf-8290-f4b8-f56558e80956">
      <Execution id="780d6438-f361-4fa6-aa4b-366ddffa4172" />
      <TestMethod codeBase="D:\Agents\smith05.01\_work\257\s\tests\CHG.IdentityProvider.IntegrationTests\bin\Release\net9.0\CHG.IdentityProvider.IntegrationTests.dll" adapterTypeName="executor://nunit3testexecutor/" className="CHG.IdentityProvider.IntegrationTests.Login.WsFederationTests+Login" name="Contains_Idp_Claim" />
    </UnitTest>
    <UnitTest name="Should_Return_Bad_Request(&quot;/Account/Login?ReturnUrl=-5460%27%29%20UNION%20ALL%20SELECT%2063%2C63%2C63%2C63%2C63%2C63%2C63%2C63%2C63%23&quot;)" storage="d:\agents\smith05.01\_work\257\s\tests\chg.identityprovider.integrationtests\bin\release\net9.0\chg.identityprovider.integrationtests.dll" id="8a1c11a2-399d-c16f-4ed3-7a77ab81ff7e">
      <Execution id="45a4d821-b490-4d04-8270-cd8dd7450221" />
      <TestMethod codeBase="D:\Agents\smith05.01\_work\257\s\tests\CHG.IdentityProvider.IntegrationTests\bin\Release\net9.0\CHG.IdentityProvider.IntegrationTests.dll" adapterTypeName="executor://nunit3testexecutor/" className="CHG.IdentityProvider.IntegrationTests.Middleware.MaliciousRequestsDetectionMiddlewareTests" name="Should_Return_Bad_Request(&quot;/Account/Login?ReturnUrl=-5460%27%29%20UNION%20ALL%20SELECT%2063%2C63%2C63%2C63%2C63%2C63%2C63%2C63%2C63%23&quot;)" />
    </UnitTest>
    <UnitTest name="Can_Be_Called_From_Client_With_ApiReader_Claim" storage="d:\agents\smith05.01\_work\257\s\tests\chg.identityprovider.integrationtests\bin\release\net9.0\chg.identityprovider.integrationtests.dll" id="39f86884-a27e-1b42-a160-2baa84820898">
      <Execution id="10890268-c627-4131-9055-e754acc850de" />
      <TestMethod codeBase="D:\Agents\smith05.01\_work\257\s\tests\CHG.IdentityProvider.IntegrationTests\bin\Release\net9.0\CHG.IdentityProvider.IntegrationTests.dll" adapterTypeName="executor://nunit3testexecutor/" className="CHG.IdentityProvider.IntegrationTests.Api.SwaggerApiTests+GetMethod" name="Can_Be_Called_From_Client_With_ApiReader_Claim" />
    </UnitTest>
    <UnitTest name="Should_Return_Bad_Request(&quot;/Account/Login?ReturnUrl=-8885%29%20UNION%20ALL%20SELECT%2063%2C63%23&quot;)" storage="d:\agents\smith05.01\_work\257\s\tests\chg.identityprovider.integrationtests\bin\release\net9.0\chg.identityprovider.integrationtests.dll" id="c6101f66-ea3a-e55c-280c-8a59b45e7887">
      <Execution id="a7187ff3-2596-4e5e-9e1a-8fdacc6b8348" />
      <TestMethod codeBase="D:\Agents\smith05.01\_work\257\s\tests\CHG.IdentityProvider.IntegrationTests\bin\Release\net9.0\CHG.IdentityProvider.IntegrationTests.dll" adapterTypeName="executor://nunit3testexecutor/" className="CHG.IdentityProvider.IntegrationTests.Middleware.MaliciousRequestsDetectionMiddlewareTests" name="Should_Return_Bad_Request(&quot;/Account/Login?ReturnUrl=-8885%29%20UNION%20ALL%20SELECT%2063%2C63%23&quot;)" />
    </UnitTest>
    <UnitTest name="Publish_UserFullNameChangedEvent_When_FirstName_Was_Replaced" storage="d:\agents\smith05.01\_work\257\s\tests\chg.identityprovider.integrationtests\bin\release\net9.0\chg.identityprovider.integrationtests.dll" id="43610459-096b-ce53-3f6d-fef98f82caa4">
      <Execution id="129ab5de-6af5-4cb6-a4bb-accf008325d8" />
      <TestMethod codeBase="D:\Agents\smith05.01\_work\257\s\tests\CHG.IdentityProvider.IntegrationTests\bin\Release\net9.0\CHG.IdentityProvider.IntegrationTests.dll" adapterTypeName="executor://nunit3testexecutor/" className="CHG.IdentityProvider.IntegrationTests.Middleware.ScimUserSyncMiddlewareTests+UpdatingAUserViaScim" name="Publish_UserFullNameChangedEvent_When_FirstName_Was_Replaced" />
    </UnitTest>
    <UnitTest name="FIREFOX_72_WIN" storage="d:\agents\smith05.01\_work\257\s\tests\chg.identityprovider.integrationtests\bin\release\net9.0\chg.identityprovider.integrationtests.dll" id="4023dd35-63f3-1ab2-3bec-c080b279346d">
      <Execution id="9710b127-e4d5-4494-aca3-2d029d481fcc" />
      <TestMethod codeBase="D:\Agents\smith05.01\_work\257\s\tests\CHG.IdentityProvider.IntegrationTests\bin\Release\net9.0\CHG.IdentityProvider.IntegrationTests.dll" adapterTypeName="executor://nunit3testexecutor/" className="CHG.IdentityProvider.IntegrationTests.CookiesTests+SameSitePolicyTests" name="FIREFOX_72_WIN" />
    </UnitTest>
    <UnitTest name="Should_Return_Bad_Request_For_Posts(&quot;/Account/Login?ReturnUrl=-6260%27%29%20UNION%20ALL%20SELECT%2063%2C63%2C63%23&quot;)" storage="d:\agents\smith05.01\_work\257\s\tests\chg.identityprovider.integrationtests\bin\release\net9.0\chg.identityprovider.integrationtests.dll" id="b6ebe7ac-d7c0-196a-dca1-09ecb3cc0b7c">
      <Execution id="eced21e9-dfed-413a-8195-1149d4a89d36" />
      <TestMethod codeBase="D:\Agents\smith05.01\_work\257\s\tests\CHG.IdentityProvider.IntegrationTests\bin\Release\net9.0\CHG.IdentityProvider.IntegrationTests.dll" adapterTypeName="executor://nunit3testexecutor/" className="CHG.IdentityProvider.IntegrationTests.Middleware.MaliciousRequestsDetectionMiddlewareTests" name="Should_Return_Bad_Request_For_Posts(&quot;/Account/Login?ReturnUrl=-6260%27%29%20UNION%20ALL%20SELECT%2063%2C63%2C63%23&quot;)" />
    </UnitTest>
    <UnitTest name="Creates_No_User_If_Already_Exists_Via_Oidc" storage="d:\agents\smith05.01\_work\257\s\tests\chg.identityprovider.integrationtests\bin\release\net9.0\chg.identityprovider.integrationtests.dll" id="2e3ced9c-b80f-be6a-0f49-81324069ecda">
      <Execution id="ee7b6325-ec03-4a77-877c-6a8937d9aff9" />
      <TestMethod codeBase="D:\Agents\smith05.01\_work\257\s\tests\CHG.IdentityProvider.IntegrationTests\bin\Release\net9.0\CHG.IdentityProvider.IntegrationTests.dll" adapterTypeName="executor://nunit3testexecutor/" className="CHG.IdentityProvider.IntegrationTests.Controllers.ExternalControllerTests+CallbackMethod" name="Creates_No_User_If_Already_Exists_Via_Oidc" />
    </UnitTest>
    <UnitTest name="Returns_Ok_When_User_Was_Found(&quot;ExistingUser1&quot;)" storage="d:\agents\smith05.01\_work\257\s\tests\chg.identityprovider.integrationtests\bin\release\net9.0\chg.identityprovider.integrationtests.dll" id="bbffe52d-0972-17ec-0a84-a00c4ce24dae">
      <Execution id="a94ebf9a-e433-4813-9041-19673bcc7409" />
      <TestMethod codeBase="D:\Agents\smith05.01\_work\257\s\tests\CHG.IdentityProvider.IntegrationTests\bin\Release\net9.0\CHG.IdentityProvider.IntegrationTests.dll" adapterTypeName="executor://nunit3testexecutor/" className="CHG.IdentityProvider.IntegrationTests.Api.UserApiTests+GetLoginsMethod" name="Returns_Ok_When_User_Was_Found(&quot;ExistingUser1&quot;)" />
    </UnitTest>
    <UnitTest name="Should_Return_Bad_Request_For_Posts(&quot;/Account/Login?ReturnUrl=-7890%25%27%20UNION%20ALL%20SELECT%2063%2C63%2C63%2C63%2C63%2C63%23&quot;)" storage="d:\agents\smith05.01\_work\257\s\tests\chg.identityprovider.integrationtests\bin\release\net9.0\chg.identityprovider.integrationtests.dll" id="530eb305-a178-58d7-3b0a-50b71b6cdb1d">
      <Execution id="f63c6a2d-64f1-4ae4-885d-fa56e065f758" />
      <TestMethod codeBase="D:\Agents\smith05.01\_work\257\s\tests\CHG.IdentityProvider.IntegrationTests\bin\Release\net9.0\CHG.IdentityProvider.IntegrationTests.dll" adapterTypeName="executor://nunit3testexecutor/" className="CHG.IdentityProvider.IntegrationTests.Middleware.MaliciousRequestsDetectionMiddlewareTests" name="Should_Return_Bad_Request_For_Posts(&quot;/Account/Login?ReturnUrl=-7890%25%27%20UNION%20ALL%20SELECT%2063%2C63%2C63%2C63%2C63%2C63%23&quot;)" />
    </UnitTest>
    <UnitTest name="Can_Set_Password" storage="d:\agents\smith05.01\_work\257\s\tests\chg.identityprovider.integrationtests\bin\release\net9.0\chg.identityprovider.integrationtests.dll" id="7afce9cd-6177-35cc-c86f-2e3d4ef6767a">
      <Execution id="1978d12c-aa5d-4127-bf85-35fa3836bf18" />
      <TestMethod codeBase="D:\Agents\smith05.01\_work\257\s\tests\CHG.IdentityProvider.IntegrationTests\bin\Release\net9.0\CHG.IdentityProvider.IntegrationTests.dll" adapterTypeName="executor://nunit3testexecutor/" className="CHG.IdentityProvider.IntegrationTests.Controllers.AccountControllerTests+ResetPasswordTests" name="Can_Set_Password" />
    </UnitTest>
    <UnitTest name="Persists_Names" storage="d:\agents\smith05.01\_work\257\s\tests\chg.identityprovider.integrationtests\bin\release\net9.0\chg.identityprovider.integrationtests.dll" id="6a2f122c-ceea-7224-afb5-fd4d430b2848">
      <Execution id="e9b06fa5-6e32-4210-8e1b-b5929ef65ffc" />
      <TestMethod codeBase="D:\Agents\smith05.01\_work\257\s\tests\CHG.IdentityProvider.IntegrationTests\bin\Release\net9.0\CHG.IdentityProvider.IntegrationTests.dll" adapterTypeName="executor://nunit3testexecutor/" className="CHG.IdentityProvider.IntegrationTests.Middleware.ScimUserSyncMiddlewareTests+CreatingANewUserViaScim" name="Persists_Names" />
    </UnitTest>
    <UnitTest name="Should_Return_Bad_Request(&quot;/Account/Login?ReturnUrl=-5114%27%29%20UNION%20ALL%20SELECT%20NULL%2CNULL%2CNULL%2CNULL%2CNULL%2CNULL%2CNULL%2C%27qqqjq%27%7C%7C%27BwrPtfJSTApFRatYUAfYMlLJWfpyPyQIaFbZYFMb%27%7C%7C%27qkqkq%27--%20jell&quot;)" storage="d:\agents\smith05.01\_work\257\s\tests\chg.identityprovider.integrationtests\bin\release\net9.0\chg.identityprovider.integrationtests.dll" id="9d0e4201-de07-eff1-47da-c449d2775236">
      <Execution id="4a0914b9-8fbd-4b72-84ac-2b3e65b74942" />
      <TestMethod codeBase="D:\Agents\smith05.01\_work\257\s\tests\CHG.IdentityProvider.IntegrationTests\bin\Release\net9.0\CHG.IdentityProvider.IntegrationTests.dll" adapterTypeName="executor://nunit3testexecutor/" className="CHG.IdentityProvider.IntegrationTests.Middleware.MaliciousRequestsDetectionMiddlewareTests" name="Should_Return_Bad_Request(&quot;/Account/Login?ReturnUrl=-5114%27%29%20UNION%20ALL%20SELECT%20NULL%2CNULL%2CNULL%2CNULL%2CNULL%2CNULL%2CNULL%2C%27qqqjq%27%7C%7C%27BwrPtfJSTApFRatYUAfYMlLJWfpyPyQIaFbZYFMb%27%7C%7C%27qkqkq%27--%20jell&quot;)" />
    </UnitTest>
    <UnitTest name="Returns_Success" storage="d:\agents\smith05.01\_work\257\s\tests\chg.identityprovider.integrationtests\bin\release\net9.0\chg.identityprovider.integrationtests.dll" id="ea9d0c0a-e4b4-9ddd-d885-1688ca05820e">
      <Execution id="b949bc17-06cb-4236-b596-dea57667dc8d" />
      <TestMethod codeBase="D:\Agents\smith05.01\_work\257\s\tests\CHG.IdentityProvider.IntegrationTests\bin\Release\net9.0\CHG.IdentityProvider.IntegrationTests.dll" adapterTypeName="executor://nunit3testexecutor/" className="CHG.IdentityProvider.IntegrationTests.Login.SamlTests+Login" name="Returns_Success" />
    </UnitTest>
    <UnitTest name="Should_Return_Bad_Request(&quot;/Account/Login?ReturnUrl=-7890%25%27%20UNION%20ALL%20SELECT%2063%2C63%2C63%2C63%2C63%2C63%23&quot;)" storage="d:\agents\smith05.01\_work\257\s\tests\chg.identityprovider.integrationtests\bin\release\net9.0\chg.identityprovider.integrationtests.dll" id="88540a27-f110-fc06-6f36-dab1a3b682ef">
      <Execution id="be798621-262b-4f71-a7f9-c91f2bc6f81c" />
      <TestMethod codeBase="D:\Agents\smith05.01\_work\257\s\tests\CHG.IdentityProvider.IntegrationTests\bin\Release\net9.0\CHG.IdentityProvider.IntegrationTests.dll" adapterTypeName="executor://nunit3testexecutor/" className="CHG.IdentityProvider.IntegrationTests.Middleware.MaliciousRequestsDetectionMiddlewareTests" name="Should_Return_Bad_Request(&quot;/Account/Login?ReturnUrl=-7890%25%27%20UNION%20ALL%20SELECT%2063%2C63%2C63%2C63%2C63%2C63%23&quot;)" />
    </UnitTest>
    <UnitTest name="Can_Not_Login_With_Wrong_User" storage="d:\agents\smith05.01\_work\257\s\tests\chg.identityprovider.integrationtests\bin\release\net9.0\chg.identityprovider.integrationtests.dll" id="eea5c286-f17b-fc29-5579-88984fc2fc64">
      <Execution id="39ebf20d-ac91-4d29-8890-9736f24d9f08" />
      <TestMethod codeBase="D:\Agents\smith05.01\_work\257\s\tests\CHG.IdentityProvider.IntegrationTests\bin\Release\net9.0\CHG.IdentityProvider.IntegrationTests.dll" adapterTypeName="executor://nunit3testexecutor/" className="CHG.IdentityProvider.IntegrationTests.Controllers.AccountControllerTests+Login" name="Can_Not_Login_With_Wrong_User" />
    </UnitTest>
    <UnitTest name="Should_Return_Bad_Request(&quot;/Account/Login?ReturnUrl=-9899%27%29%20UNION%20ALL%20SELECT%2063%2C63%2C63%2C63%2C63%2C63%23&quot;)" storage="d:\agents\smith05.01\_work\257\s\tests\chg.identityprovider.integrationtests\bin\release\net9.0\chg.identityprovider.integrationtests.dll" id="6100920b-4350-9c16-4554-634b56f9a864">
      <Execution id="244872ca-6edf-483a-9a9d-a2ff7f9af234" />
      <TestMethod codeBase="D:\Agents\smith05.01\_work\257\s\tests\CHG.IdentityProvider.IntegrationTests\bin\Release\net9.0\CHG.IdentityProvider.IntegrationTests.dll" adapterTypeName="executor://nunit3testexecutor/" className="CHG.IdentityProvider.IntegrationTests.Middleware.MaliciousRequestsDetectionMiddlewareTests" name="Should_Return_Bad_Request(&quot;/Account/Login?ReturnUrl=-9899%27%29%20UNION%20ALL%20SELECT%2063%2C63%2C63%2C63%2C63%2C63%23&quot;)" />
    </UnitTest>
    <UnitTest name="Should_Return_Bad_Request_For_Posts(&quot;/Account/Login?ReturnUrl=-8917%20UNION%20ALL%20SELECT%2063%2C63%2C63%2C63%2C63%2C63%23&quot;)" storage="d:\agents\smith05.01\_work\257\s\tests\chg.identityprovider.integrationtests\bin\release\net9.0\chg.identityprovider.integrationtests.dll" id="80e00623-bc5c-89a2-001f-17a9b982fd05">
      <Execution id="c1ef9c07-b0e2-4fb6-861b-9eb9aaef2a03" />
      <TestMethod codeBase="D:\Agents\smith05.01\_work\257\s\tests\CHG.IdentityProvider.IntegrationTests\bin\Release\net9.0\CHG.IdentityProvider.IntegrationTests.dll" adapterTypeName="executor://nunit3testexecutor/" className="CHG.IdentityProvider.IntegrationTests.Middleware.MaliciousRequestsDetectionMiddlewareTests" name="Should_Return_Bad_Request_For_Posts(&quot;/Account/Login?ReturnUrl=-8917%20UNION%20ALL%20SELECT%2063%2C63%2C63%2C63%2C63%2C63%23&quot;)" />
    </UnitTest>
    <UnitTest name="Returns_Page_When_Logged_In_With_Correct_Permissions" storage="d:\agents\smith05.01\_work\257\s\tests\chg.identityprovider.integrationtests\bin\release\net9.0\chg.identityprovider.integrationtests.dll" id="bd94373d-3343-a891-e19a-dd7d0dba020b">
      <Execution id="8954ebb9-b12c-4ce4-ab9b-2bc247c9ef7a" />
      <TestMethod codeBase="D:\Agents\smith05.01\_work\257\s\tests\CHG.IdentityProvider.IntegrationTests\bin\Release\net9.0\CHG.IdentityProvider.IntegrationTests.dll" adapterTypeName="executor://nunit3testexecutor/" className="CHG.IdentityProvider.IntegrationTests.Controllers.MaintenanceControllerTests+ClientsMethod" name="Returns_Page_When_Logged_In_With_Correct_Permissions" />
    </UnitTest>
    <UnitTest name="Can_Be_Called_From_Client_With_Correct_Scope(&quot;/api/v1/users/unconfirmed@example.com/invite&quot;)" storage="d:\agents\smith05.01\_work\257\s\tests\chg.identityprovider.integrationtests\bin\release\net9.0\chg.identityprovider.integrationtests.dll" id="d109fc0a-d057-d084-98f0-720c9c477de2">
      <Execution id="f85236ae-21fd-440c-8e0a-c27d56b3c132" />
      <TestMethod codeBase="D:\Agents\smith05.01\_work\257\s\tests\CHG.IdentityProvider.IntegrationTests\bin\Release\net9.0\CHG.IdentityProvider.IntegrationTests.dll" adapterTypeName="executor://nunit3testexecutor/" className="CHG.IdentityProvider.IntegrationTests.Api.UserApiTests+InviteMethod" name="Can_Be_Called_From_Client_With_Correct_Scope(&quot;/api/v1/users/unconfirmed@example.com/invite&quot;)" />
    </UnitTest>
    <UnitTest name="Should_Return_Bad_Request_For_Posts(&quot;/Account/Login?ReturnUrl=-5114%27%29%20UNION%20ALL%20SELECT%20NULL%2CNULL%2CNULL%2CNULL%2CNULL%2CNULL%2CNULL%2C%27qqqjq%27%7C%7C%27BwrPtfJSTApFRatYUAfYMlLJWfpyPyQIaFbZYFMb%27%7C%7C%27qkqkq%27--%20jell&quot;)" storage="d:\agents\smith05.01\_work\257\s\tests\chg.identityprovider.integrationtests\bin\release\net9.0\chg.identityprovider.integrationtests.dll" id="e90eaac3-1d25-a3d0-b38a-7f0435685a6a">
      <Execution id="6677ec81-0f93-406d-8150-12f980a6f5b8" />
      <TestMethod codeBase="D:\Agents\smith05.01\_work\257\s\tests\CHG.IdentityProvider.IntegrationTests\bin\Release\net9.0\CHG.IdentityProvider.IntegrationTests.dll" adapterTypeName="executor://nunit3testexecutor/" className="CHG.IdentityProvider.IntegrationTests.Middleware.MaliciousRequestsDetectionMiddlewareTests" name="Should_Return_Bad_Request_For_Posts(&quot;/Account/Login?ReturnUrl=-5114%27%29%20UNION%20ALL%20SELECT%20NULL%2CNULL%2CNULL%2CNULL%2CNULL%2CNULL%2CNULL%2C%27qqqjq%27%7C%7C%27BwrPtfJSTApFRatYUAfYMlLJWfpyPyQIaFbZYFMb%27%7C%7C%27qkqkq%27--%20jell&quot;)" />
    </UnitTest>
    <UnitTest name="Should_Return_Bad_Request_For_Posts(&quot;/Account/Login?ReturnUrl=%28SELECT%20%28CASE%20WHEN%20%287282%3D2714%29%20THEN%207282%20ELSE%207282%2A%28SELECT%207282%20FROM%20INFORMATION_SCHEMA.CHARACTER_SETS%29%20END%29%29&quot;)" storage="d:\agents\smith05.01\_work\257\s\tests\chg.identityprovider.integrationtests\bin\release\net9.0\chg.identityprovider.integrationtests.dll" id="60d4882e-0eb1-2857-5dd3-8731209595a7">
      <Execution id="95c3e9a7-32c7-4345-9939-4078c3e06868" />
      <TestMethod codeBase="D:\Agents\smith05.01\_work\257\s\tests\CHG.IdentityProvider.IntegrationTests\bin\Release\net9.0\CHG.IdentityProvider.IntegrationTests.dll" adapterTypeName="executor://nunit3testexecutor/" className="CHG.IdentityProvider.IntegrationTests.Middleware.MaliciousRequestsDetectionMiddlewareTests" name="Should_Return_Bad_Request_For_Posts(&quot;/Account/Login?ReturnUrl=%28SELECT%20%28CASE%20WHEN%20%287282%3D2714%29%20THEN%207282%20ELSE%207282%2A%28SELECT%207282%20FROM%20INFORMATION_SCHEMA.CHARACTER_SETS%29%20END%29%29&quot;)" />
    </UnitTest>
    <UnitTest name="Should_Return_Bad_Request(&quot;/Account/Login?ReturnUrl=-7333%27%29%20UNION%20ALL%20SELECT%2063%2C%27qqqjq%27%7C%7C%27egmNOcNrzN%27%7C%7C%27qkqkq%27%2C63%2C63%2C63%2C63%2C63%2C63--%20bRLv&quot;)" storage="d:\agents\smith05.01\_work\257\s\tests\chg.identityprovider.integrationtests\bin\release\net9.0\chg.identityprovider.integrationtests.dll" id="a99ff206-6ca4-02d7-b791-1adb34a88fe8">
      <Execution id="b5ebb99a-2037-4c18-b1b5-a50769bb00d1" />
      <TestMethod codeBase="D:\Agents\smith05.01\_work\257\s\tests\CHG.IdentityProvider.IntegrationTests\bin\Release\net9.0\CHG.IdentityProvider.IntegrationTests.dll" adapterTypeName="executor://nunit3testexecutor/" className="CHG.IdentityProvider.IntegrationTests.Middleware.MaliciousRequestsDetectionMiddlewareTests" name="Should_Return_Bad_Request(&quot;/Account/Login?ReturnUrl=-7333%27%29%20UNION%20ALL%20SELECT%2063%2C%27qqqjq%27%7C%7C%27egmNOcNrzN%27%7C%7C%27qkqkq%27%2C63%2C63%2C63%2C63%2C63%2C63--%20bRLv&quot;)" />
    </UnitTest>
    <UnitTest name="Should_Return_Bad_Request_For_Posts(&quot;/Account/Login?ReturnUrl=-9381%27%29%20UNION%20ALL%20SELECT%20NULL%2CNULL%2C%27qqqjq%27%7C%7C%27FYQUzRskOFfLCecEWPcVKoSrNUMGkDJoQMejOfMK%27%7C%7C%27qkqkq%27%2CNULL%2CNULL%2CNULL%2CNULL%2CNULL--%20AEIo&quot;)" storage="d:\agents\smith05.01\_work\257\s\tests\chg.identityprovider.integrationtests\bin\release\net9.0\chg.identityprovider.integrationtests.dll" id="6436d100-eb11-d32a-7311-fd9c30ccdb5e">
      <Execution id="a2543109-746e-4285-9f55-8b5a65df1f28" />
      <TestMethod codeBase="D:\Agents\smith05.01\_work\257\s\tests\CHG.IdentityProvider.IntegrationTests\bin\Release\net9.0\CHG.IdentityProvider.IntegrationTests.dll" adapterTypeName="executor://nunit3testexecutor/" className="CHG.IdentityProvider.IntegrationTests.Middleware.MaliciousRequestsDetectionMiddlewareTests" name="Should_Return_Bad_Request_For_Posts(&quot;/Account/Login?ReturnUrl=-9381%27%29%20UNION%20ALL%20SELECT%20NULL%2CNULL%2C%27qqqjq%27%7C%7C%27FYQUzRskOFfLCecEWPcVKoSrNUMGkDJoQMejOfMK%27%7C%7C%27qkqkq%27%2CNULL%2CNULL%2CNULL%2CNULL%2CNULL--%20AEIo&quot;)" />
    </UnitTest>
    <UnitTest name="Can_Import_Data" storage="d:\agents\smith05.01\_work\257\s\tests\chg.identityprovider.integrationtests\bin\release\net9.0\chg.identityprovider.integrationtests.dll" id="a1fcd694-35ea-a7a7-c400-3d59c2fc164a">
      <Execution id="79344577-7c28-4ada-afca-0fda9191b620" />
      <TestMethod codeBase="D:\Agents\smith05.01\_work\257\s\tests\CHG.IdentityProvider.IntegrationTests\bin\Release\net9.0\CHG.IdentityProvider.IntegrationTests.dll" adapterTypeName="executor://nunit3testexecutor/" className="CHG.IdentityProvider.IntegrationTests.DataInitializerHostedServiceTests" name="Can_Import_Data" />
    </UnitTest>
    <UnitTest name="Should_Return_Bad_Request_For_Posts(&quot;/Account/Login?ReturnUrl=%28SELECT%209951%20FROM%28SELECT%20COUNT%28%2A%29%2CCONCAT%280x7171716a71%2C%28SELECT%20%28ELT%289951%3D9951%2C1%29%29%29%&quot;)" storage="d:\agents\smith05.01\_work\257\s\tests\chg.identityprovider.integrationtests\bin\release\net9.0\chg.identityprovider.integrationtests.dll" id="f24a5745-f697-f781-56b4-ccc13d6bd151">
      <Execution id="3b55a889-acb2-4567-bdc6-03e5754e2581" />
      <TestMethod codeBase="D:\Agents\smith05.01\_work\257\s\tests\CHG.IdentityProvider.IntegrationTests\bin\Release\net9.0\CHG.IdentityProvider.IntegrationTests.dll" adapterTypeName="executor://nunit3testexecutor/" className="CHG.IdentityProvider.IntegrationTests.Middleware.MaliciousRequestsDetectionMiddlewareTests" name="Should_Return_Bad_Request_For_Posts(&quot;/Account/Login?ReturnUrl=%28SELECT%209951%20FROM%28SELECT%20COUNT%28%2A%29%2CCONCAT%280x7171716a71%2C%28SELECT%20%28ELT%289951%3D9951%2C1%29%29%29%&quot;)" />
    </UnitTest>
    <UnitTest name="Returns_Error_For_Invalid_Token" storage="d:\agents\smith05.01\_work\257\s\tests\chg.identityprovider.integrationtests\bin\release\net9.0\chg.identityprovider.integrationtests.dll" id="e3f95bcf-a892-409f-be79-8e80f51ebdc9">
      <Execution id="cc294894-1348-449e-84a5-c62b3c5f2cac" />
      <TestMethod codeBase="D:\Agents\smith05.01\_work\257\s\tests\CHG.IdentityProvider.IntegrationTests\bin\Release\net9.0\CHG.IdentityProvider.IntegrationTests.dll" adapterTypeName="executor://nunit3testexecutor/" className="CHG.IdentityProvider.IntegrationTests.Controllers.InviteUserControllerTests+GetMethod" name="Returns_Error_For_Invalid_Token" />
    </UnitTest>
    <UnitTest name="Should_Return_Bad_Request(&quot;/Account/Login?ReturnUrl=-3800%29%20UNION%20ALL%20SELECT%2063%2C63%2C63%2C63%2C63%2C63%2C63%2C63%23&quot;)" storage="d:\agents\smith05.01\_work\257\s\tests\chg.identityprovider.integrationtests\bin\release\net9.0\chg.identityprovider.integrationtests.dll" id="c67660c5-c463-4dae-b92a-42c6ca65f0c9">
      <Execution id="4c1fa39a-8a84-4fe5-a0d4-ca83bd6bb454" />
      <TestMethod codeBase="D:\Agents\smith05.01\_work\257\s\tests\CHG.IdentityProvider.IntegrationTests\bin\Release\net9.0\CHG.IdentityProvider.IntegrationTests.dll" adapterTypeName="executor://nunit3testexecutor/" className="CHG.IdentityProvider.IntegrationTests.Middleware.MaliciousRequestsDetectionMiddlewareTests" name="Should_Return_Bad_Request(&quot;/Account/Login?ReturnUrl=-3800%29%20UNION%20ALL%20SELECT%2063%2C63%2C63%2C63%2C63%2C63%2C63%2C63%23&quot;)" />
    </UnitTest>
    <UnitTest name="Returns_Success(&quot;&quot;)" storage="d:\agents\smith05.01\_work\257\s\tests\chg.identityprovider.integrationtests\bin\release\net9.0\chg.identityprovider.integrationtests.dll" id="9c7a95c0-a91e-584f-6c6b-52ba3b46d165">
      <Execution id="eec0b23e-2fcc-4fa7-8af9-fadb913b7989" />
      <TestMethod codeBase="D:\Agents\smith05.01\_work\257\s\tests\CHG.IdentityProvider.IntegrationTests\bin\Release\net9.0\CHG.IdentityProvider.IntegrationTests.dll" adapterTypeName="executor://nunit3testexecutor/" className="CHG.IdentityProvider.IntegrationTests.Controllers.InviteUserControllerTests+PostMethod" name="Returns_Success(&quot;&quot;)" />
    </UnitTest>
    <UnitTest name="Should_Return_Bad_Request(&quot;/Account/Login?ReturnUrl=-9384%27%29%20UNION%20ALL%20SELECT%2063%2C63%2C63%2C63%2C63%2C%27qqqjq%27%7C%7C%27DvqgcuqaIWzJMGzIFKTmyLFUhvXPBKlDhzrFNKoX%27%7C%7C%27qkqkq%27%2C63%2C63--%20xtRv&quot;)" storage="d:\agents\smith05.01\_work\257\s\tests\chg.identityprovider.integrationtests\bin\release\net9.0\chg.identityprovider.integrationtests.dll" id="35402e38-fcfc-1263-256e-79d64ce0a974">
      <Execution id="41500352-3306-4d3b-aa41-d4d701e6924f" />
      <TestMethod codeBase="D:\Agents\smith05.01\_work\257\s\tests\CHG.IdentityProvider.IntegrationTests\bin\Release\net9.0\CHG.IdentityProvider.IntegrationTests.dll" adapterTypeName="executor://nunit3testexecutor/" className="CHG.IdentityProvider.IntegrationTests.Middleware.MaliciousRequestsDetectionMiddlewareTests" name="Should_Return_Bad_Request(&quot;/Account/Login?ReturnUrl=-9384%27%29%20UNION%20ALL%20SELECT%2063%2C63%2C63%2C63%2C63%2C%27qqqjq%27%7C%7C%27DvqgcuqaIWzJMGzIFKTmyLFUhvXPBKlDhzrFNKoX%27%7C%7C%27qkqkq%27%2C63%2C63--%20xtRv&quot;)" />
    </UnitTest>
    <UnitTest name="Returns_True_For_Strong_Password(&quot;newpassword&quot;)" storage="d:\agents\smith05.01\_work\257\s\tests\chg.identityprovider.integrationtests\bin\release\net9.0\chg.identityprovider.integrationtests.dll" id="b7b71104-90b6-39b6-2870-cb798a4583e5">
      <Execution id="aca1dc44-91df-4845-b834-9db7757d2c9c" />
      <TestMethod codeBase="D:\Agents\smith05.01\_work\257\s\tests\CHG.IdentityProvider.IntegrationTests\bin\Release\net9.0\CHG.IdentityProvider.IntegrationTests.dll" adapterTypeName="executor://nunit3testexecutor/" className="CHG.IdentityProvider.IntegrationTests.Api.PasswordStrengthApiTests+PostMethod" name="Returns_True_For_Strong_Password(&quot;newpassword&quot;)" />
    </UnitTest>
    <UnitTest name="Should_Return_Bad_Request(&quot;/Account/Login?ReturnUrl=-5386%27%29%20UNION%20ALL%20SELECT%2063%2C63%2C63%2C63%2C63%2C63%2C63%23&quot;)" storage="d:\agents\smith05.01\_work\257\s\tests\chg.identityprovider.integrationtests\bin\release\net9.0\chg.identityprovider.integrationtests.dll" id="4d0a83fc-2ee3-8f42-2d8a-df59079fb170">
      <Execution id="ed910977-bc32-4a48-b0bd-0ba170feba6d" />
      <TestMethod codeBase="D:\Agents\smith05.01\_work\257\s\tests\CHG.IdentityProvider.IntegrationTests\bin\Release\net9.0\CHG.IdentityProvider.IntegrationTests.dll" adapterTypeName="executor://nunit3testexecutor/" className="CHG.IdentityProvider.IntegrationTests.Middleware.MaliciousRequestsDetectionMiddlewareTests" name="Should_Return_Bad_Request(&quot;/Account/Login?ReturnUrl=-5386%27%29%20UNION%20ALL%20SELECT%2063%2C63%2C63%2C63%2C63%2C63%2C63%23&quot;)" />
    </UnitTest>
    <UnitTest name="Should_Return_Bad_Request(&quot;/Account/Login?ReturnUrl=-7346%25%27%20UNION%20ALL%20SELECT%20NULL%2CNULL%2CNULL%2CNULL%2CNULL%2CNULL%2CNULL%2CNULL%2CNULL%2C%27qqqjq%27%7C%7C%27yDNFyVzIOvOWAYHmTlQYhNNdIbkMyMbCJdsmnnyb%27%7C%7C%27qkqkq%27--%20kDsO&quot;)" storage="d:\agents\smith05.01\_work\257\s\tests\chg.identityprovider.integrationtests\bin\release\net9.0\chg.identityprovider.integrationtests.dll" id="c31c7f6f-0b8a-3e2f-6398-4705170945d6">
      <Execution id="1b40749c-35a5-4fba-97b1-53bc72601b80" />
      <TestMethod codeBase="D:\Agents\smith05.01\_work\257\s\tests\CHG.IdentityProvider.IntegrationTests\bin\Release\net9.0\CHG.IdentityProvider.IntegrationTests.dll" adapterTypeName="executor://nunit3testexecutor/" className="CHG.IdentityProvider.IntegrationTests.Middleware.MaliciousRequestsDetectionMiddlewareTests" name="Should_Return_Bad_Request(&quot;/Account/Login?ReturnUrl=-7346%25%27%20UNION%20ALL%20SELECT%20NULL%2CNULL%2CNULL%2CNULL%2CNULL%2CNULL%2CNULL%2CNULL%2CNULL%2C%27qqqjq%27%7C%7C%27yDNFyVzIOvOWAYHmTlQYhNNdIbkMyMbCJdsmnnyb%27%7C%7C%27qkqkq%27--%20kDsO&quot;)" />
    </UnitTest>
    <UnitTest name="Should_Return_Bad_Request_For_Posts(&quot;/Account/Login?ReturnUrl=-9914%27%29%20UNION%20ALL%20SELECT%2063%2C63%2C63%2C63%2C63%2C63%2C%27qqqjq%27%7C%7C%27wdBTUrgKlsnkJWOAABARVUCUMoBcdHHWMGessaIS%27%7C%7C%27qkqkq%27%2C63--%20AucU&quot;)" storage="d:\agents\smith05.01\_work\257\s\tests\chg.identityprovider.integrationtests\bin\release\net9.0\chg.identityprovider.integrationtests.dll" id="c3be62ab-c1c7-7136-55b3-ff95665b9d21">
      <Execution id="efca4c3a-ca05-47f6-bbc7-e7c028e46bca" />
      <TestMethod codeBase="D:\Agents\smith05.01\_work\257\s\tests\CHG.IdentityProvider.IntegrationTests\bin\Release\net9.0\CHG.IdentityProvider.IntegrationTests.dll" adapterTypeName="executor://nunit3testexecutor/" className="CHG.IdentityProvider.IntegrationTests.Middleware.MaliciousRequestsDetectionMiddlewareTests" name="Should_Return_Bad_Request_For_Posts(&quot;/Account/Login?ReturnUrl=-9914%27%29%20UNION%20ALL%20SELECT%2063%2C63%2C63%2C63%2C63%2C63%2C%27qqqjq%27%7C%7C%27wdBTUrgKlsnkJWOAABARVUCUMoBcdHHWMGessaIS%27%7C%7C%27qkqkq%27%2C63--%20AucU&quot;)" />
    </UnitTest>
    <UnitTest name="Returns_Forbidden_When_Scope_Is_Not_Valid" storage="d:\agents\smith05.01\_work\257\s\tests\chg.identityprovider.integrationtests\bin\release\net9.0\chg.identityprovider.integrationtests.dll" id="a2445d27-87a0-f54f-9806-d9478d50a912">
      <Execution id="3a401890-e3fa-4edb-8bff-59d0340ef574" />
      <TestMethod codeBase="D:\Agents\smith05.01\_work\257\s\tests\CHG.IdentityProvider.IntegrationTests\bin\Release\net9.0\CHG.IdentityProvider.IntegrationTests.dll" adapterTypeName="executor://nunit3testexecutor/" className="CHG.IdentityProvider.IntegrationTests.Api.UserApiTests+UpdateMethod" name="Returns_Forbidden_When_Scope_Is_Not_Valid" />
    </UnitTest>
    <UnitTest name="Returns_Data" storage="d:\agents\smith05.01\_work\257\s\tests\chg.identityprovider.integrationtests\bin\release\net9.0\chg.identityprovider.integrationtests.dll" id="db033ebe-1bb6-3b1b-97c3-2b0571c5eb5f">
      <Execution id="8edeb355-35c4-4661-9805-fac5b7a84ffe" />
      <TestMethod codeBase="D:\Agents\smith05.01\_work\257\s\tests\CHG.IdentityProvider.IntegrationTests\bin\Release\net9.0\CHG.IdentityProvider.IntegrationTests.dll" adapterTypeName="executor://nunit3testexecutor/" className="CHG.IdentityProvider.IntegrationTests.Controllers.MaintenanceControllerTests+GetCachingDataMethod" name="Returns_Data" />
    </UnitTest>
    <UnitTest name="Should_Return_Bad_Request_For_Posts(&quot;/Account/Login?ReturnUrl=-9839%25%27%20UNION%20ALL%20SELECT%2063%2C63%2C63%2C63%23&quot;)" storage="d:\agents\smith05.01\_work\257\s\tests\chg.identityprovider.integrationtests\bin\release\net9.0\chg.identityprovider.integrationtests.dll" id="203da25a-10d4-871e-4a7a-6affa4f663ec">
      <Execution id="904bdf75-9249-4824-b9e5-1da23605eaa2" />
      <TestMethod codeBase="D:\Agents\smith05.01\_work\257\s\tests\CHG.IdentityProvider.IntegrationTests\bin\Release\net9.0\CHG.IdentityProvider.IntegrationTests.dll" adapterTypeName="executor://nunit3testexecutor/" className="CHG.IdentityProvider.IntegrationTests.Middleware.MaliciousRequestsDetectionMiddlewareTests" name="Should_Return_Bad_Request_For_Posts(&quot;/Account/Login?ReturnUrl=-9839%25%27%20UNION%20ALL%20SELECT%2063%2C63%2C63%2C63%23&quot;)" />
    </UnitTest>
    <UnitTest name="Returns_Updated_User_When_Only_Email_Was_Given" storage="d:\agents\smith05.01\_work\257\s\tests\chg.identityprovider.integrationtests\bin\release\net9.0\chg.identityprovider.integrationtests.dll" id="68df9546-e6ab-22b9-f96a-fbda4ddc23c5">
      <Execution id="17e07b29-c253-41c1-8b0e-fd0f3a1caedb" />
      <TestMethod codeBase="D:\Agents\smith05.01\_work\257\s\tests\CHG.IdentityProvider.IntegrationTests\bin\Release\net9.0\CHG.IdentityProvider.IntegrationTests.dll" adapterTypeName="executor://nunit3testexecutor/" className="CHG.IdentityProvider.IntegrationTests.Api.UserApiTests+UpdateMethod" name="Returns_Updated_User_When_Only_Email_Was_Given" />
    </UnitTest>
    <UnitTest name="Returns_Security_Headers" storage="d:\agents\smith05.01\_work\257\s\tests\chg.identityprovider.integrationtests\bin\release\net9.0\chg.identityprovider.integrationtests.dll" id="f499663d-6b55-4421-c8b1-dea64056f777">
      <Execution id="bb54b0b4-08ff-407e-a77b-92bf2bae4744" />
      <TestMethod codeBase="D:\Agents\smith05.01\_work\257\s\tests\CHG.IdentityProvider.IntegrationTests\bin\Release\net9.0\CHG.IdentityProvider.IntegrationTests.dll" adapterTypeName="executor://nunit3testexecutor/" className="CHG.IdentityProvider.IntegrationTests.SecurityHeaderTests+ApiTests" name="Returns_Security_Headers" />
    </UnitTest>
    <UnitTest name="Should_Return_Bad_Request(&quot;/Account/Login?ReturnUrl=-8917%20UNION%20ALL%20SELECT%2063%2C63%2C63%2C63%2C63%2C63%23&quot;)" storage="d:\agents\smith05.01\_work\257\s\tests\chg.identityprovider.integrationtests\bin\release\net9.0\chg.identityprovider.integrationtests.dll" id="2539ab32-25fb-f0cd-0f6f-f881c23ca75a">
      <Execution id="67c16ac0-5684-476e-acc0-d29673eacbdb" />
      <TestMethod codeBase="D:\Agents\smith05.01\_work\257\s\tests\CHG.IdentityProvider.IntegrationTests\bin\Release\net9.0\CHG.IdentityProvider.IntegrationTests.dll" adapterTypeName="executor://nunit3testexecutor/" className="CHG.IdentityProvider.IntegrationTests.Middleware.MaliciousRequestsDetectionMiddlewareTests" name="Should_Return_Bad_Request(&quot;/Account/Login?ReturnUrl=-8917%20UNION%20ALL%20SELECT%2063%2C63%2C63%2C63%2C63%2C63%23&quot;)" />
    </UnitTest>
    <UnitTest name="Should_Return_Bad_Request(&quot;/Account/Login?ReturnUrl=-2662%25%27%20UNION%20ALL%20SELECT%2063%2C63%2C63%2C63%2C63%23&quot;)" storage="d:\agents\smith05.01\_work\257\s\tests\chg.identityprovider.integrationtests\bin\release\net9.0\chg.identityprovider.integrationtests.dll" id="e631db54-a4d9-ebe5-0623-54192d39abba">
      <Execution id="165c3db5-21bc-489b-8513-a280448a5e31" />
      <TestMethod codeBase="D:\Agents\smith05.01\_work\257\s\tests\CHG.IdentityProvider.IntegrationTests\bin\Release\net9.0\CHG.IdentityProvider.IntegrationTests.dll" adapterTypeName="executor://nunit3testexecutor/" className="CHG.IdentityProvider.IntegrationTests.Middleware.MaliciousRequestsDetectionMiddlewareTests" name="Should_Return_Bad_Request(&quot;/Account/Login?ReturnUrl=-2662%25%27%20UNION%20ALL%20SELECT%2063%2C63%2C63%2C63%2C63%23&quot;)" />
    </UnitTest>
    <UnitTest name="Should_Return_Bad_Request(&quot;/Account/Login?ReturnUrl=-6641%25%27%20UNION%20ALL%20SELECT%20NULL%2CNULL%2CNULL%2CNULL%2CNULL%2CNULL%2CNULL%2C%27qqqjq%27%7C%7C%27EtkJOeuZwV%27%7C%7C%27qkqkq%27%2CNULL%2CNULL--%20rGps&quot;)" storage="d:\agents\smith05.01\_work\257\s\tests\chg.identityprovider.integrationtests\bin\release\net9.0\chg.identityprovider.integrationtests.dll" id="99e17e04-7fb9-0a0a-b24a-5707d0fe8f9c">
      <Execution id="054590fc-a431-4cc9-b34c-d2a85586dc21" />
      <TestMethod codeBase="D:\Agents\smith05.01\_work\257\s\tests\CHG.IdentityProvider.IntegrationTests\bin\Release\net9.0\CHG.IdentityProvider.IntegrationTests.dll" adapterTypeName="executor://nunit3testexecutor/" className="CHG.IdentityProvider.IntegrationTests.Middleware.MaliciousRequestsDetectionMiddlewareTests" name="Should_Return_Bad_Request(&quot;/Account/Login?ReturnUrl=-6641%25%27%20UNION%20ALL%20SELECT%20NULL%2CNULL%2CNULL%2CNULL%2CNULL%2CNULL%2CNULL%2C%27qqqjq%27%7C%7C%27EtkJOeuZwV%27%7C%7C%27qkqkq%27%2CNULL%2CNULL--%20rGps&quot;)" />
    </UnitTest>
    <UnitTest name="Updates_Existing_Users_Email_Via_AzureAD" storage="d:\agents\smith05.01\_work\257\s\tests\chg.identityprovider.integrationtests\bin\release\net9.0\chg.identityprovider.integrationtests.dll" id="739f6c8b-ad3b-d469-bfcc-3451015441e9">
      <Execution id="50d38d81-15a2-417b-b320-67d98731c8f4" />
      <TestMethod codeBase="D:\Agents\smith05.01\_work\257\s\tests\CHG.IdentityProvider.IntegrationTests\bin\Release\net9.0\CHG.IdentityProvider.IntegrationTests.dll" adapterTypeName="executor://nunit3testexecutor/" className="CHG.IdentityProvider.IntegrationTests.Controllers.ExternalControllerTests+CallbackMethod" name="Updates_Existing_Users_Email_Via_AzureAD" />
    </UnitTest>
    <UnitTest name="Returns_Unauthorized_When_Not_Logged_In(&quot;/api/v1.0/import/client&quot;)" storage="d:\agents\smith05.01\_work\257\s\tests\chg.identityprovider.integrationtests\bin\release\net9.0\chg.identityprovider.integrationtests.dll" id="e79acf17-3359-a11b-1a80-e6f5db86549c">
      <Execution id="62552cd4-7f51-4e46-a130-8672b1f44872" />
      <TestMethod codeBase="D:\Agents\smith05.01\_work\257\s\tests\CHG.IdentityProvider.IntegrationTests\bin\Release\net9.0\CHG.IdentityProvider.IntegrationTests.dll" adapterTypeName="executor://nunit3testexecutor/" className="CHG.IdentityProvider.IntegrationTests.Api.ImportApiTests+ImportClientsAction" name="Returns_Unauthorized_When_Not_Logged_In(&quot;/api/v1.0/import/client&quot;)" />
    </UnitTest>
    <UnitTest name="Should_Return_Bad_Request_For_Posts(&quot;/Account/Login?ReturnUrl=-6628%20UNION%20ALL%20SELECT%2063%2C63%23&quot;)" storage="d:\agents\smith05.01\_work\257\s\tests\chg.identityprovider.integrationtests\bin\release\net9.0\chg.identityprovider.integrationtests.dll" id="d25ea8e5-c4f3-6614-b89c-b9ae76687618">
      <Execution id="079d09d8-490b-422e-aea8-f782fe7202d4" />
      <TestMethod codeBase="D:\Agents\smith05.01\_work\257\s\tests\CHG.IdentityProvider.IntegrationTests\bin\Release\net9.0\CHG.IdentityProvider.IntegrationTests.dll" adapterTypeName="executor://nunit3testexecutor/" className="CHG.IdentityProvider.IntegrationTests.Middleware.MaliciousRequestsDetectionMiddlewareTests" name="Should_Return_Bad_Request_For_Posts(&quot;/Account/Login?ReturnUrl=-6628%20UNION%20ALL%20SELECT%2063%2C63%23&quot;)" />
    </UnitTest>
    <UnitTest name="Should_Return_Bad_Request_For_Posts(&quot;/Account/Login?ReturnUrl=-5896%29%20UNION%20ALL%20SELECT%2063%2C63%2C63%2C63%2C63%2C63%2C63%23&quot;)" storage="d:\agents\smith05.01\_work\257\s\tests\chg.identityprovider.integrationtests\bin\release\net9.0\chg.identityprovider.integrationtests.dll" id="791175b9-578c-664a-519b-76cebd1e87b4">
      <Execution id="475bc145-5b79-4224-a7c9-6931a00db311" />
      <TestMethod codeBase="D:\Agents\smith05.01\_work\257\s\tests\CHG.IdentityProvider.IntegrationTests\bin\Release\net9.0\CHG.IdentityProvider.IntegrationTests.dll" adapterTypeName="executor://nunit3testexecutor/" className="CHG.IdentityProvider.IntegrationTests.Middleware.MaliciousRequestsDetectionMiddlewareTests" name="Should_Return_Bad_Request_For_Posts(&quot;/Account/Login?ReturnUrl=-5896%29%20UNION%20ALL%20SELECT%2063%2C63%2C63%2C63%2C63%2C63%2C63%23&quot;)" />
    </UnitTest>
    <UnitTest name="Should_Not_Return_Bad_Request(&quot;/Account/Login?ReturnUrl=%2Fsaml%2Fsso%2Flogin%3FrequestId%3DdUgeXzy9f2L4OkOhP2o-XcViARR8oFuIRA&quot;)" storage="d:\agents\smith05.01\_work\257\s\tests\chg.identityprovider.integrationtests\bin\release\net9.0\chg.identityprovider.integrationtests.dll" id="9ab117d3-dd51-01d8-14e9-f3f4d6e6832b">
      <Execution id="036d4ed0-97d1-4751-aaef-92cc3f4cc5e2" />
      <TestMethod codeBase="D:\Agents\smith05.01\_work\257\s\tests\CHG.IdentityProvider.IntegrationTests\bin\Release\net9.0\CHG.IdentityProvider.IntegrationTests.dll" adapterTypeName="executor://nunit3testexecutor/" className="CHG.IdentityProvider.IntegrationTests.Middleware.MaliciousRequestsDetectionMiddlewareTests" name="Should_Not_Return_Bad_Request(&quot;/Account/Login?ReturnUrl=%2Fsaml%2Fsso%2Flogin%3FrequestId%3DdUgeXzy9f2L4OkOhP2o-XcViARR8oFuIRA&quot;)" />
    </UnitTest>
    <UnitTest name="Should_Return_Bad_Request_For_Posts(&quot;/Account/Login?ReturnUrl=-9578%25%27%20UNION%20ALL%20SELECT%2063%2C63%23&quot;)" storage="d:\agents\smith05.01\_work\257\s\tests\chg.identityprovider.integrationtests\bin\release\net9.0\chg.identityprovider.integrationtests.dll" id="09989d87-3bfc-7583-a521-521873b34e23">
      <Execution id="969c9108-1f44-4d9c-b86b-87050e5437b9" />
      <TestMethod codeBase="D:\Agents\smith05.01\_work\257\s\tests\CHG.IdentityProvider.IntegrationTests\bin\Release\net9.0\CHG.IdentityProvider.IntegrationTests.dll" adapterTypeName="executor://nunit3testexecutor/" className="CHG.IdentityProvider.IntegrationTests.Middleware.MaliciousRequestsDetectionMiddlewareTests" name="Should_Return_Bad_Request_For_Posts(&quot;/Account/Login?ReturnUrl=-9578%25%27%20UNION%20ALL%20SELECT%2063%2C63%23&quot;)" />
    </UnitTest>
    <UnitTest name="Returns_An_IsError_TokenResult_For_Non_Client_Credentials_Client" storage="d:\agents\smith05.01\_work\257\s\tests\chg.identityprovider.integrationtests\bin\release\net9.0\chg.identityprovider.integrationtests.dll" id="79d1ad11-4317-9cb9-d53a-56580459b1f3">
      <Execution id="412f15c6-c471-43af-9d7e-7e143b48ea7a" />
      <TestMethod codeBase="D:\Agents\smith05.01\_work\257\s\tests\CHG.IdentityProvider.IntegrationTests\bin\Release\net9.0\CHG.IdentityProvider.IntegrationTests.dll" adapterTypeName="executor://nunit3testexecutor/" className="CHG.IdentityProvider.IntegrationTests.Login.ClientCredentialsFlowTests+Login" name="Returns_An_IsError_TokenResult_For_Non_Client_Credentials_Client" />
    </UnitTest>
    <UnitTest name="Should_Return_Bad_Request(&quot;/Account/Login?ReturnUrl=-7634%25%27%20UNION%20ALL%20SELECT%2063%2C63%2C63%23&quot;)" storage="d:\agents\smith05.01\_work\257\s\tests\chg.identityprovider.integrationtests\bin\release\net9.0\chg.identityprovider.integrationtests.dll" id="09291de5-fa2d-aec6-8ccd-187e9c2e738c">
      <Execution id="bce35ef2-ffc4-4375-9de9-a3de7b7b80c9" />
      <TestMethod codeBase="D:\Agents\smith05.01\_work\257\s\tests\CHG.IdentityProvider.IntegrationTests\bin\Release\net9.0\CHG.IdentityProvider.IntegrationTests.dll" adapterTypeName="executor://nunit3testexecutor/" className="CHG.IdentityProvider.IntegrationTests.Middleware.MaliciousRequestsDetectionMiddlewareTests" name="Should_Return_Bad_Request(&quot;/Account/Login?ReturnUrl=-7634%25%27%20UNION%20ALL%20SELECT%2063%2C63%2C63%23&quot;)" />
    </UnitTest>
    <UnitTest name="Should_Return_Bad_Request(&quot;/Account/Login?ReturnUrl=-7754%27%29%20UNION%20ALL%20SELECT%20NULL%2CNULL%2CNULL%2CNULL%2CNULL%2CNULL%2CNULL%2C%27qqqjq%27%7C%7C%27kXUMmZablX%27%7C%7C%27qkqkq%27--%20dlpS&quot;)" storage="d:\agents\smith05.01\_work\257\s\tests\chg.identityprovider.integrationtests\bin\release\net9.0\chg.identityprovider.integrationtests.dll" id="b73c1149-4fb9-a212-21ff-cf2655f656a5">
      <Execution id="32400659-b142-4473-9bd1-3625db629c9d" />
      <TestMethod codeBase="D:\Agents\smith05.01\_work\257\s\tests\CHG.IdentityProvider.IntegrationTests\bin\Release\net9.0\CHG.IdentityProvider.IntegrationTests.dll" adapterTypeName="executor://nunit3testexecutor/" className="CHG.IdentityProvider.IntegrationTests.Middleware.MaliciousRequestsDetectionMiddlewareTests" name="Should_Return_Bad_Request(&quot;/Account/Login?ReturnUrl=-7754%27%29%20UNION%20ALL%20SELECT%20NULL%2CNULL%2CNULL%2CNULL%2CNULL%2CNULL%2CNULL%2C%27qqqjq%27%7C%7C%27kXUMmZablX%27%7C%7C%27qkqkq%27--%20dlpS&quot;)" />
    </UnitTest>
    <UnitTest name="Should_Return_Bad_Request(&quot;/Account/Login?ReturnUrl=-5014%25%27%20UNION%20ALL%20SELECT%20NULL%2CNULL%2CNULL%2C%27qqqjq%27%7C%7C%27kUFcmXNEkeOpKSyUKjpILAGxPlyyxMdmYckCDLnT%27%7C%7C%27qkqkq%27%2CNULL%2CNULL%2CNULL%2CNULL%2CNULL%2CNULL--%20IFmi&quot;)" storage="d:\agents\smith05.01\_work\257\s\tests\chg.identityprovider.integrationtests\bin\release\net9.0\chg.identityprovider.integrationtests.dll" id="bace813d-2d3f-3b48-c79d-9632fe87ed52">
      <Execution id="97e06478-143d-45f9-b151-d7a2b8f14c78" />
      <TestMethod codeBase="D:\Agents\smith05.01\_work\257\s\tests\CHG.IdentityProvider.IntegrationTests\bin\Release\net9.0\CHG.IdentityProvider.IntegrationTests.dll" adapterTypeName="executor://nunit3testexecutor/" className="CHG.IdentityProvider.IntegrationTests.Middleware.MaliciousRequestsDetectionMiddlewareTests" name="Should_Return_Bad_Request(&quot;/Account/Login?ReturnUrl=-5014%25%27%20UNION%20ALL%20SELECT%20NULL%2CNULL%2CNULL%2C%27qqqjq%27%7C%7C%27kUFcmXNEkeOpKSyUKjpILAGxPlyyxMdmYckCDLnT%27%7C%7C%27qkqkq%27%2CNULL%2CNULL%2CNULL%2CNULL%2CNULL%2CNULL--%20IFmi&quot;)" />
    </UnitTest>
    <UnitTest name="Returns_NotFound_When_User_Does_Not_Exists" storage="d:\agents\smith05.01\_work\257\s\tests\chg.identityprovider.integrationtests\bin\release\net9.0\chg.identityprovider.integrationtests.dll" id="a0fe6349-a2ed-c997-0382-2187e49b5963">
      <Execution id="fc668159-7a83-425b-b579-f6bb168bd802" />
      <TestMethod codeBase="D:\Agents\smith05.01\_work\257\s\tests\CHG.IdentityProvider.IntegrationTests\bin\Release\net9.0\CHG.IdentityProvider.IntegrationTests.dll" adapterTypeName="executor://nunit3testexecutor/" className="CHG.IdentityProvider.IntegrationTests.Api.UserApiTests+GetLoginsMethod" name="Returns_NotFound_When_User_Does_Not_Exists" />
    </UnitTest>
    <UnitTest name="Returns_True_For_Strong_Password(&quot;password&quot;)" storage="d:\agents\smith05.01\_work\257\s\tests\chg.identityprovider.integrationtests\bin\release\net9.0\chg.identityprovider.integrationtests.dll" id="4d9b690c-bfdf-c4ed-f039-5aa1b5002887">
      <Execution id="3db84c16-d464-4a13-ad80-8dd3ec226109" />
      <TestMethod codeBase="D:\Agents\smith05.01\_work\257\s\tests\CHG.IdentityProvider.IntegrationTests\bin\Release\net9.0\CHG.IdentityProvider.IntegrationTests.dll" adapterTypeName="executor://nunit3testexecutor/" className="CHG.IdentityProvider.IntegrationTests.Api.PasswordStrengthApiTests+PostMethod" name="Returns_True_For_Strong_Password(&quot;password&quot;)" />
    </UnitTest>
    <UnitTest name="Returns_LoginRequest_When_Not_Logged_In" storage="d:\agents\smith05.01\_work\257\s\tests\chg.identityprovider.integrationtests\bin\release\net9.0\chg.identityprovider.integrationtests.dll" id="3cc2e714-cdf5-0a97-047f-3dd3a98c79d5">
      <Execution id="fb1d6c6a-e42d-4226-bb8e-dffb3aff55bb" />
      <TestMethod codeBase="D:\Agents\smith05.01\_work\257\s\tests\CHG.IdentityProvider.IntegrationTests\bin\Release\net9.0\CHG.IdentityProvider.IntegrationTests.dll" adapterTypeName="executor://nunit3testexecutor/" className="CHG.IdentityProvider.IntegrationTests.Controllers.LoginProvidersControllerTests+CreateTests" name="Returns_LoginRequest_When_Not_Logged_In" />
    </UnitTest>
    <UnitTest name="Should_Return_Bad_Request_For_Posts(&quot;/Account/Login?ReturnUrl=-2340%27%29%20UNION%20ALL%20SELECT%2063%2C63%2C63%2C%27qqqjq%27%7C%7C%27LhPBkUKuvPfRFTlOqWHwlNItTKsDYbgUStmOBGfY%27%7C%7C%27qkqkq%27%2C63%2C63%2C63%2C63--%20aMQT&quot;)" storage="d:\agents\smith05.01\_work\257\s\tests\chg.identityprovider.integrationtests\bin\release\net9.0\chg.identityprovider.integrationtests.dll" id="5e94708d-cdd8-5c37-ce4b-a5a834c3f00f">
      <Execution id="71eeb230-c3d8-48ac-8a1c-1fc428a7335a" />
      <TestMethod codeBase="D:\Agents\smith05.01\_work\257\s\tests\CHG.IdentityProvider.IntegrationTests\bin\Release\net9.0\CHG.IdentityProvider.IntegrationTests.dll" adapterTypeName="executor://nunit3testexecutor/" className="CHG.IdentityProvider.IntegrationTests.Middleware.MaliciousRequestsDetectionMiddlewareTests" name="Should_Return_Bad_Request_For_Posts(&quot;/Account/Login?ReturnUrl=-2340%27%29%20UNION%20ALL%20SELECT%2063%2C63%2C63%2C%27qqqjq%27%7C%7C%27LhPBkUKuvPfRFTlOqWHwlNItTKsDYbgUStmOBGfY%27%7C%7C%27qkqkq%27%2C63%2C63%2C63%2C63--%20aMQT&quot;)" />
    </UnitTest>
    <UnitTest name="Returns_AccessDenied_When_Insufficent_Permissions" storage="d:\agents\smith05.01\_work\257\s\tests\chg.identityprovider.integrationtests\bin\release\net9.0\chg.identityprovider.integrationtests.dll" id="d06720ee-86fe-234d-dbce-df0203b846ac">
      <Execution id="df89244f-b010-47ca-8dcc-bb9a5dd20ea6" />
      <TestMethod codeBase="D:\Agents\smith05.01\_work\257\s\tests\CHG.IdentityProvider.IntegrationTests\bin\Release\net9.0\CHG.IdentityProvider.IntegrationTests.dll" adapterTypeName="executor://nunit3testexecutor/" className="CHG.IdentityProvider.IntegrationTests.Controllers.MaintenanceControllerTests+UsersMethod" name="Returns_AccessDenied_When_Insufficent_Permissions" />
    </UnitTest>
    <UnitTest name="Should_Return_Bad_Request_For_Posts(&quot;/Account/Login?ReturnUrl=-5430%27%29%20ORDER%20BY%201%23&quot;)" storage="d:\agents\smith05.01\_work\257\s\tests\chg.identityprovider.integrationtests\bin\release\net9.0\chg.identityprovider.integrationtests.dll" id="da161ad2-cfc5-865b-5afd-14c638a4a34e">
      <Execution id="0be2f1d8-fe72-416f-b18f-9ee704b7a60c" />
      <TestMethod codeBase="D:\Agents\smith05.01\_work\257\s\tests\CHG.IdentityProvider.IntegrationTests\bin\Release\net9.0\CHG.IdentityProvider.IntegrationTests.dll" adapterTypeName="executor://nunit3testexecutor/" className="CHG.IdentityProvider.IntegrationTests.Middleware.MaliciousRequestsDetectionMiddlewareTests" name="Should_Return_Bad_Request_For_Posts(&quot;/Account/Login?ReturnUrl=-5430%27%29%20ORDER%20BY%201%23&quot;)" />
    </UnitTest>
    <UnitTest name="Should_Return_Bad_Request(&quot;/Account/Login?ReturnUrl=-9839%25%27%20UNION%20ALL%20SELECT%2063%2C63%2C63%2C63%23&quot;)" storage="d:\agents\smith05.01\_work\257\s\tests\chg.identityprovider.integrationtests\bin\release\net9.0\chg.identityprovider.integrationtests.dll" id="5ef6a36c-03c5-210d-ef32-244462eb091c">
      <Execution id="1ab429fb-8876-4894-bc30-158431a40f99" />
      <TestMethod codeBase="D:\Agents\smith05.01\_work\257\s\tests\CHG.IdentityProvider.IntegrationTests\bin\Release\net9.0\CHG.IdentityProvider.IntegrationTests.dll" adapterTypeName="executor://nunit3testexecutor/" className="CHG.IdentityProvider.IntegrationTests.Middleware.MaliciousRequestsDetectionMiddlewareTests" name="Should_Return_Bad_Request(&quot;/Account/Login?ReturnUrl=-9839%25%27%20UNION%20ALL%20SELECT%2063%2C63%2C63%2C63%23&quot;)" />
    </UnitTest>
    <UnitTest name="Should_Return_Bad_Request_For_Posts(&quot;/Account/Login?ReturnUrl=-8683%29%20UNION%20ALL%20SELECT%2063%2C63%2C63%2C63%2C63%23&quot;)" storage="d:\agents\smith05.01\_work\257\s\tests\chg.identityprovider.integrationtests\bin\release\net9.0\chg.identityprovider.integrationtests.dll" id="0ef7f403-c758-0626-5495-f873bcba95d1">
      <Execution id="28e0c57f-7682-4d50-a4a2-d25cf786ca71" />
      <TestMethod codeBase="D:\Agents\smith05.01\_work\257\s\tests\CHG.IdentityProvider.IntegrationTests\bin\Release\net9.0\CHG.IdentityProvider.IntegrationTests.dll" adapterTypeName="executor://nunit3testexecutor/" className="CHG.IdentityProvider.IntegrationTests.Middleware.MaliciousRequestsDetectionMiddlewareTests" name="Should_Return_Bad_Request_For_Posts(&quot;/Account/Login?ReturnUrl=-8683%29%20UNION%20ALL%20SELECT%2063%2C63%2C63%2C63%2C63%23&quot;)" />
    </UnitTest>
    <UnitTest name="Returns_A_Token_That_Can_Be_Used_For_Calling_An_Idp_Api_Endpoint" storage="d:\agents\smith05.01\_work\257\s\tests\chg.identityprovider.integrationtests\bin\release\net9.0\chg.identityprovider.integrationtests.dll" id="a49ffbdc-3e06-a1f6-0a57-713b0b85fb09">
      <Execution id="6ea07be2-3590-4fe6-a3f5-5d1b6918f689" />
      <TestMethod codeBase="D:\Agents\smith05.01\_work\257\s\tests\CHG.IdentityProvider.IntegrationTests\bin\Release\net9.0\CHG.IdentityProvider.IntegrationTests.dll" adapterTypeName="executor://nunit3testexecutor/" className="CHG.IdentityProvider.IntegrationTests.Login.ClientCredentialsFlowTests+Login" name="Returns_A_Token_That_Can_Be_Used_For_Calling_An_Idp_Api_Endpoint" />
    </UnitTest>
    <UnitTest name="Cannot_Be_Called_From_User_With_CHGEmployee_Claim_But_Without_Correct_Client_Scope(&quot;/api/v1/users/unconfirmed@example.com/invite&quot;)" storage="d:\agents\smith05.01\_work\257\s\tests\chg.identityprovider.integrationtests\bin\release\net9.0\chg.identityprovider.integrationtests.dll" id="f5638ed7-e44d-2099-e554-60a73c569fe1">
      <Execution id="3300a205-92ef-4f37-b442-1e74081021e2" />
      <TestMethod codeBase="D:\Agents\smith05.01\_work\257\s\tests\CHG.IdentityProvider.IntegrationTests\bin\Release\net9.0\CHG.IdentityProvider.IntegrationTests.dll" adapterTypeName="executor://nunit3testexecutor/" className="CHG.IdentityProvider.IntegrationTests.Api.UserApiTests+InviteMethod" name="Cannot_Be_Called_From_User_With_CHGEmployee_Claim_But_Without_Correct_Client_Scope(&quot;/api/v1/users/unconfirmed@example.com/invite&quot;)" />
    </UnitTest>
    <UnitTest name="Accepts_Json_That_Is_Also_Used_For_Initialization_Of_Docker_Containers_For_ProtectedResource" storage="d:\agents\smith05.01\_work\257\s\tests\chg.identityprovider.integrationtests\bin\release\net9.0\chg.identityprovider.integrationtests.dll" id="83e45a16-f635-f150-6c17-563fe2c73a1e">
      <Execution id="f1e01950-63f5-477d-a8c9-4bf72ba6087a" />
      <TestMethod codeBase="D:\Agents\smith05.01\_work\257\s\tests\CHG.IdentityProvider.IntegrationTests\bin\Release\net9.0\CHG.IdentityProvider.IntegrationTests.dll" adapterTypeName="executor://nunit3testexecutor/" className="CHG.IdentityProvider.IntegrationTests.Api.ImportApiTests+ImportProtectedResourceAction" name="Accepts_Json_That_Is_Also_Used_For_Initialization_Of_Docker_Containers_For_ProtectedResource" />
    </UnitTest>
    <UnitTest name="Returns_LoginRequest_When_Not_Logged_In" storage="d:\agents\smith05.01\_work\257\s\tests\chg.identityprovider.integrationtests\bin\release\net9.0\chg.identityprovider.integrationtests.dll" id="0f50a59a-e1c8-953a-57f2-f661829ed2bc">
      <Execution id="357baaec-5756-48df-bc65-845ed47f2ae3" />
      <TestMethod codeBase="D:\Agents\smith05.01\_work\257\s\tests\CHG.IdentityProvider.IntegrationTests\bin\Release\net9.0\CHG.IdentityProvider.IntegrationTests.dll" adapterTypeName="executor://nunit3testexecutor/" className="CHG.IdentityProvider.IntegrationTests.Controllers.MaintenanceControllerTests+ResetCacheMethod" name="Returns_LoginRequest_When_Not_Logged_In" />
    </UnitTest>
    <UnitTest name="Can_Import_Users" storage="d:\agents\smith05.01\_work\257\s\tests\chg.identityprovider.integrationtests\bin\release\net9.0\chg.identityprovider.integrationtests.dll" id="d986a0b2-d9bf-a79c-ea7e-8d219258a2ea">
      <Execution id="fe0368ac-8dec-4dd2-b759-82260e7cad35" />
      <TestMethod codeBase="D:\Agents\smith05.01\_work\257\s\tests\CHG.IdentityProvider.IntegrationTests\bin\Release\net9.0\CHG.IdentityProvider.IntegrationTests.dll" adapterTypeName="executor://nunit3testexecutor/" className="CHG.IdentityProvider.IntegrationTests.Data.UserImporterTests+ImportUsersAsyncMethod" name="Can_Import_Users" />
    </UnitTest>
    <UnitTest name="CHROME_79_MAC" storage="d:\agents\smith05.01\_work\257\s\tests\chg.identityprovider.integrationtests\bin\release\net9.0\chg.identityprovider.integrationtests.dll" id="95d2478f-615f-4728-c162-3766c9fa4889">
      <Execution id="dbfbeea3-625c-46cd-a28f-9f8ecc0d6e3f" />
      <TestMethod codeBase="D:\Agents\smith05.01\_work\257\s\tests\CHG.IdentityProvider.IntegrationTests\bin\Release\net9.0\CHG.IdentityProvider.IntegrationTests.dll" adapterTypeName="executor://nunit3testexecutor/" className="CHG.IdentityProvider.IntegrationTests.CookiesTests+SameSitePolicyTests" name="CHROME_79_MAC" />
    </UnitTest>
    <UnitTest name="Should_Return_Bad_Request(&quot;/Account/Login?ReturnUrl=-2289%27%29%20UNION%20ALL%20SELECT%20NULL%2CNULL%2CNULL%2CNULL%2CNULL%2C%27qqqjq%27%7C%7C%27mhHqNlZNMFWqToraFpPVyCPkYuXgWIprXYbPvWyz%27%7C%7C%27qkqkq%27%2CNULL%2CNULL--%20HamU&quot;)" storage="d:\agents\smith05.01\_work\257\s\tests\chg.identityprovider.integrationtests\bin\release\net9.0\chg.identityprovider.integrationtests.dll" id="c912bcb3-42cc-9f1c-27e9-076685f63c50">
      <Execution id="8ac3471f-2b85-472f-8a27-97091bcabf8a" />
      <TestMethod codeBase="D:\Agents\smith05.01\_work\257\s\tests\CHG.IdentityProvider.IntegrationTests\bin\Release\net9.0\CHG.IdentityProvider.IntegrationTests.dll" adapterTypeName="executor://nunit3testexecutor/" className="CHG.IdentityProvider.IntegrationTests.Middleware.MaliciousRequestsDetectionMiddlewareTests" name="Should_Return_Bad_Request(&quot;/Account/Login?ReturnUrl=-2289%27%29%20UNION%20ALL%20SELECT%20NULL%2CNULL%2CNULL%2CNULL%2CNULL%2C%27qqqjq%27%7C%7C%27mhHqNlZNMFWqToraFpPVyCPkYuXgWIprXYbPvWyz%27%7C%7C%27qkqkq%27%2CNULL%2CNULL--%20HamU&quot;)" />
    </UnitTest>
    <UnitTest name="Can_Login" storage="d:\agents\smith05.01\_work\257\s\tests\chg.identityprovider.integrationtests\bin\release\net9.0\chg.identityprovider.integrationtests.dll" id="967b1eaf-7981-cfd5-a513-e7c8c68292c7">
      <Execution id="6441fbdc-d1ed-4426-a436-1706114ae750" />
      <TestMethod codeBase="D:\Agents\smith05.01\_work\257\s\tests\CHG.IdentityProvider.IntegrationTests\bin\Release\net9.0\CHG.IdentityProvider.IntegrationTests.dll" adapterTypeName="executor://nunit3testexecutor/" className="CHG.IdentityProvider.IntegrationTests.FederatedAuthentication.AzureTests+Login" name="Can_Login" />
    </UnitTest>
    <UnitTest name="Should_Return_Bad_Request(&quot;/Account/Login?ReturnUrl=-2903%25%27%20UNION%20ALL%20SELECT%20NULL%2C%27qqqjq%27%7C%7C%27lcFYJQoTZjaThtRkvtzLZsVoMWugesivHBaafWwE%27%7C%7C%27qkqkq%27%2CNULL%2CNULL%2CNULL%2CNULL%2CNULL%2CNULL%2CNULL%2CNULL--%20ZWip&quot;)" storage="d:\agents\smith05.01\_work\257\s\tests\chg.identityprovider.integrationtests\bin\release\net9.0\chg.identityprovider.integrationtests.dll" id="cbb28fe5-0089-2dcf-f6b1-19038a5963c9">
      <Execution id="5e7ad504-b068-41bf-b607-120403f88462" />
      <TestMethod codeBase="D:\Agents\smith05.01\_work\257\s\tests\CHG.IdentityProvider.IntegrationTests\bin\Release\net9.0\CHG.IdentityProvider.IntegrationTests.dll" adapterTypeName="executor://nunit3testexecutor/" className="CHG.IdentityProvider.IntegrationTests.Middleware.MaliciousRequestsDetectionMiddlewareTests" name="Should_Return_Bad_Request(&quot;/Account/Login?ReturnUrl=-2903%25%27%20UNION%20ALL%20SELECT%20NULL%2C%27qqqjq%27%7C%7C%27lcFYJQoTZjaThtRkvtzLZsVoMWugesivHBaafWwE%27%7C%7C%27qkqkq%27%2CNULL%2CNULL%2CNULL%2CNULL%2CNULL%2CNULL%2CNULL%2CNULL--%20ZWip&quot;)" />
    </UnitTest>
    <UnitTest name="Should_Return_Bad_Request(&quot;/Account/Login?ReturnUrl=-4261%27%20UNION%20ALL%20SELECT%2063%23&quot;)" storage="d:\agents\smith05.01\_work\257\s\tests\chg.identityprovider.integrationtests\bin\release\net9.0\chg.identityprovider.integrationtests.dll" id="008a0636-fc57-2104-25e9-8283ed09b56e">
      <Execution id="17436287-c832-484d-a8e9-494fccb3e577" />
      <TestMethod codeBase="D:\Agents\smith05.01\_work\257\s\tests\CHG.IdentityProvider.IntegrationTests\bin\Release\net9.0\CHG.IdentityProvider.IntegrationTests.dll" adapterTypeName="executor://nunit3testexecutor/" className="CHG.IdentityProvider.IntegrationTests.Middleware.MaliciousRequestsDetectionMiddlewareTests" name="Should_Return_Bad_Request(&quot;/Account/Login?ReturnUrl=-4261%27%20UNION%20ALL%20SELECT%2063%23&quot;)" />
    </UnitTest>
    <UnitTest name="Should_Return_Bad_Request(&quot;/Account/Login?ReturnUrl=-5515%27%29%20UNION%20ALL%20SELECT%2063%2C63%2C63%2C63%2C63%2C%27qqqjq%27%7C%7C%27JLVkePqtfS%27%7C%7C%27qkqkq%27%2C63%2C63--%20XgQQ&quot;)" storage="d:\agents\smith05.01\_work\257\s\tests\chg.identityprovider.integrationtests\bin\release\net9.0\chg.identityprovider.integrationtests.dll" id="7591c074-9cd8-3c7d-e6a8-c2df4243fa16">
      <Execution id="4a216442-5dc7-4e89-b68d-5e286c2a4177" />
      <TestMethod codeBase="D:\Agents\smith05.01\_work\257\s\tests\CHG.IdentityProvider.IntegrationTests\bin\Release\net9.0\CHG.IdentityProvider.IntegrationTests.dll" adapterTypeName="executor://nunit3testexecutor/" className="CHG.IdentityProvider.IntegrationTests.Middleware.MaliciousRequestsDetectionMiddlewareTests" name="Should_Return_Bad_Request(&quot;/Account/Login?ReturnUrl=-5515%27%29%20UNION%20ALL%20SELECT%2063%2C63%2C63%2C63%2C63%2C%27qqqjq%27%7C%7C%27JLVkePqtfS%27%7C%7C%27qkqkq%27%2C63%2C63--%20XgQQ&quot;)" />
    </UnitTest>
    <UnitTest name="Should_Return_Bad_Request(&quot;/Account/Login?ReturnUrl=-8216%20UNION%20ALL%20SELECT%2063%2C63%2C63%2C63%2C63%2C63%2C63%2C63%23&quot;)" storage="d:\agents\smith05.01\_work\257\s\tests\chg.identityprovider.integrationtests\bin\release\net9.0\chg.identityprovider.integrationtests.dll" id="e8cac3a7-01ce-8799-dc38-148c30fb3212">
      <Execution id="47ff80f5-0295-4f22-b63a-349f713bca61" />
      <TestMethod codeBase="D:\Agents\smith05.01\_work\257\s\tests\CHG.IdentityProvider.IntegrationTests\bin\Release\net9.0\CHG.IdentityProvider.IntegrationTests.dll" adapterTypeName="executor://nunit3testexecutor/" className="CHG.IdentityProvider.IntegrationTests.Middleware.MaliciousRequestsDetectionMiddlewareTests" name="Should_Return_Bad_Request(&quot;/Account/Login?ReturnUrl=-8216%20UNION%20ALL%20SELECT%2063%2C63%2C63%2C63%2C63%2C63%2C63%2C63%23&quot;)" />
    </UnitTest>
    <UnitTest name="Can_Import_Users_With_Roles" storage="d:\agents\smith05.01\_work\257\s\tests\chg.identityprovider.integrationtests\bin\release\net9.0\chg.identityprovider.integrationtests.dll" id="4f772c6d-6e64-15de-49c3-9864cd8591e0">
      <Execution id="03038862-c668-4688-9b77-435dc77c59c0" />
      <TestMethod codeBase="D:\Agents\smith05.01\_work\257\s\tests\CHG.IdentityProvider.IntegrationTests\bin\Release\net9.0\CHG.IdentityProvider.IntegrationTests.dll" adapterTypeName="executor://nunit3testexecutor/" className="CHG.IdentityProvider.IntegrationTests.Data.UserImporterTests+ImportUsersAsyncMethod" name="Can_Import_Users_With_Roles" />
    </UnitTest>
    <UnitTest name="Should_Return_Bad_Request_For_Posts(&quot;/Account/Login?ReturnUrl=-8885%29%20UNION%20ALL%20SELECT%2063%2C63%23&quot;)" storage="d:\agents\smith05.01\_work\257\s\tests\chg.identityprovider.integrationtests\bin\release\net9.0\chg.identityprovider.integrationtests.dll" id="3677a157-696f-f759-7421-f9c5a0b22627">
      <Execution id="dbe50267-3136-4241-91aa-542921fadc63" />
      <TestMethod codeBase="D:\Agents\smith05.01\_work\257\s\tests\CHG.IdentityProvider.IntegrationTests\bin\Release\net9.0\CHG.IdentityProvider.IntegrationTests.dll" adapterTypeName="executor://nunit3testexecutor/" className="CHG.IdentityProvider.IntegrationTests.Middleware.MaliciousRequestsDetectionMiddlewareTests" name="Should_Return_Bad_Request_For_Posts(&quot;/Account/Login?ReturnUrl=-8885%29%20UNION%20ALL%20SELECT%2063%2C63%23&quot;)" />
    </UnitTest>
    <UnitTest name="Should_Return_Bad_Request_For_Posts(&quot;/Account/Login?ReturnUrl=-8844%27%20UNION%20ALL%20SELECT%2063%2C63%2C63%2C63%2C63%2C63%23&quot;)" storage="d:\agents\smith05.01\_work\257\s\tests\chg.identityprovider.integrationtests\bin\release\net9.0\chg.identityprovider.integrationtests.dll" id="24e128d8-9eeb-d311-385f-db57ebf62d5a">
      <Execution id="62660b53-e612-4661-932d-cfd70d16db37" />
      <TestMethod codeBase="D:\Agents\smith05.01\_work\257\s\tests\CHG.IdentityProvider.IntegrationTests\bin\Release\net9.0\CHG.IdentityProvider.IntegrationTests.dll" adapterTypeName="executor://nunit3testexecutor/" className="CHG.IdentityProvider.IntegrationTests.Middleware.MaliciousRequestsDetectionMiddlewareTests" name="Should_Return_Bad_Request_For_Posts(&quot;/Account/Login?ReturnUrl=-8844%27%20UNION%20ALL%20SELECT%2063%2C63%2C63%2C63%2C63%2C63%23&quot;)" />
    </UnitTest>
    <UnitTest name="Should_Return_Bad_Request_For_Posts(&quot;/Account/Login?ReturnUrl=-6979%27%29%20UNION%20ALL%20SELECT%2063%2C63%23&quot;)" storage="d:\agents\smith05.01\_work\257\s\tests\chg.identityprovider.integrationtests\bin\release\net9.0\chg.identityprovider.integrationtests.dll" id="6ce1d546-6d7e-5acc-a7db-612bdfe1b4cf">
      <Execution id="e0aab919-3668-484a-829a-2cc7fc08f8a9" />
      <TestMethod codeBase="D:\Agents\smith05.01\_work\257\s\tests\CHG.IdentityProvider.IntegrationTests\bin\Release\net9.0\CHG.IdentityProvider.IntegrationTests.dll" adapterTypeName="executor://nunit3testexecutor/" className="CHG.IdentityProvider.IntegrationTests.Middleware.MaliciousRequestsDetectionMiddlewareTests" name="Should_Return_Bad_Request_For_Posts(&quot;/Account/Login?ReturnUrl=-6979%27%29%20UNION%20ALL%20SELECT%2063%2C63%23&quot;)" />
    </UnitTest>
    <UnitTest name="Creates_New_User_If_Not_Exists_Via_AzureAD_With_Different_Username_Than_Email" storage="d:\agents\smith05.01\_work\257\s\tests\chg.identityprovider.integrationtests\bin\release\net9.0\chg.identityprovider.integrationtests.dll" id="211f692d-1762-76f8-16fe-308a70e899a3">
      <Execution id="b7f5fae5-d04b-4f8e-a1b3-d533daef72b1" />
      <TestMethod codeBase="D:\Agents\smith05.01\_work\257\s\tests\CHG.IdentityProvider.IntegrationTests\bin\Release\net9.0\CHG.IdentityProvider.IntegrationTests.dll" adapterTypeName="executor://nunit3testexecutor/" className="CHG.IdentityProvider.IntegrationTests.Controllers.ExternalControllerTests+CallbackMethod" name="Creates_New_User_If_Not_Exists_Via_AzureAD_With_Different_Username_Than_Email" />
    </UnitTest>
    <UnitTest name="Returns_Data" storage="d:\agents\smith05.01\_work\257\s\tests\chg.identityprovider.integrationtests\bin\release\net9.0\chg.identityprovider.integrationtests.dll" id="1dc6b884-3433-d1da-70b6-7af27a63de6b">
      <Execution id="947b7b6d-da51-42ec-86a0-c502e7f72f98" />
      <TestMethod codeBase="D:\Agents\smith05.01\_work\257\s\tests\CHG.IdentityProvider.IntegrationTests\bin\Release\net9.0\CHG.IdentityProvider.IntegrationTests.dll" adapterTypeName="executor://nunit3testexecutor/" className="CHG.IdentityProvider.IntegrationTests.Controllers.MaintenanceControllerTests+GetClientsDataMethod" name="Returns_Data" />
    </UnitTest>
    <UnitTest name="Should_Return_Bad_Request_For_Posts(&quot;/Account/Login?ReturnUrl=-9462%27%29%20UNION%20ALL%20SELECT%20NULL%2CNULL%2CNULL%2CNULL%2CNULL%2CNULL%2C%27qqqjq%27%7C%7C%27QwMWtHeSVA%27%7C%7C%27qkqkq%27%2CNULL--%20SdwZ&quot;)" storage="d:\agents\smith05.01\_work\257\s\tests\chg.identityprovider.integrationtests\bin\release\net9.0\chg.identityprovider.integrationtests.dll" id="38454601-a539-9b76-e916-edc5c5ed8b20">
      <Execution id="6a3ed30a-13bb-4953-a998-822392cd3c3c" />
      <TestMethod codeBase="D:\Agents\smith05.01\_work\257\s\tests\CHG.IdentityProvider.IntegrationTests\bin\Release\net9.0\CHG.IdentityProvider.IntegrationTests.dll" adapterTypeName="executor://nunit3testexecutor/" className="CHG.IdentityProvider.IntegrationTests.Middleware.MaliciousRequestsDetectionMiddlewareTests" name="Should_Return_Bad_Request_For_Posts(&quot;/Account/Login?ReturnUrl=-9462%27%29%20UNION%20ALL%20SELECT%20NULL%2CNULL%2CNULL%2CNULL%2CNULL%2CNULL%2C%27qqqjq%27%7C%7C%27QwMWtHeSVA%27%7C%7C%27qkqkq%27%2CNULL--%20SdwZ&quot;)" />
    </UnitTest>
    <UnitTest name="Should_Return_Bad_Request(&quot;/Account/Login?ReturnUrl=-3039%27%20UNION%20ALL%20SELECT%2063%2C63%2C63%2C63%23&quot;)" storage="d:\agents\smith05.01\_work\257\s\tests\chg.identityprovider.integrationtests\bin\release\net9.0\chg.identityprovider.integrationtests.dll" id="d8f70ef9-920b-5c8f-06be-6980bce81dfb">
      <Execution id="548fb566-c68f-48c8-9676-f1bbca0f5af2" />
      <TestMethod codeBase="D:\Agents\smith05.01\_work\257\s\tests\CHG.IdentityProvider.IntegrationTests\bin\Release\net9.0\CHG.IdentityProvider.IntegrationTests.dll" adapterTypeName="executor://nunit3testexecutor/" className="CHG.IdentityProvider.IntegrationTests.Middleware.MaliciousRequestsDetectionMiddlewareTests" name="Should_Return_Bad_Request(&quot;/Account/Login?ReturnUrl=-3039%27%20UNION%20ALL%20SELECT%2063%2C63%2C63%2C63%23&quot;)" />
    </UnitTest>
    <UnitTest name="Can_Login_With_IdpInitiated_SSO" storage="d:\agents\smith05.01\_work\257\s\tests\chg.identityprovider.integrationtests\bin\release\net9.0\chg.identityprovider.integrationtests.dll" id="b8c1a120-3aa9-a3c2-e055-aed3c5aea7f5">
      <Execution id="3badc25d-6032-455e-9c05-a1284e6c1176" />
      <TestMethod codeBase="D:\Agents\smith05.01\_work\257\s\tests\CHG.IdentityProvider.IntegrationTests\bin\Release\net9.0\CHG.IdentityProvider.IntegrationTests.dll" adapterTypeName="executor://nunit3testexecutor/" className="CHG.IdentityProvider.IntegrationTests.FederatedAuthentication.SamlTests" name="Can_Login_With_IdpInitiated_SSO" />
    </UnitTest>
    <UnitTest name="Should_Return_Bad_Request(&quot;/Account/Login?ReturnUrl=-5433%20UNION%20ALL%20SELECT%2063%23&quot;)" storage="d:\agents\smith05.01\_work\257\s\tests\chg.identityprovider.integrationtests\bin\release\net9.0\chg.identityprovider.integrationtests.dll" id="e0b2310c-aef4-04e1-56b8-58cb1d0b54fd">
      <Execution id="02eb2259-8fa0-48fb-acc2-9f7a6498aadc" />
      <TestMethod codeBase="D:\Agents\smith05.01\_work\257\s\tests\CHG.IdentityProvider.IntegrationTests\bin\Release\net9.0\CHG.IdentityProvider.IntegrationTests.dll" adapterTypeName="executor://nunit3testexecutor/" className="CHG.IdentityProvider.IntegrationTests.Middleware.MaliciousRequestsDetectionMiddlewareTests" name="Should_Return_Bad_Request(&quot;/Account/Login?ReturnUrl=-5433%20UNION%20ALL%20SELECT%2063%23&quot;)" />
    </UnitTest>
    <UnitTest name="Returns_Error_When_Creating_New_Provider_With_Existing_Key" storage="d:\agents\smith05.01\_work\257\s\tests\chg.identityprovider.integrationtests\bin\release\net9.0\chg.identityprovider.integrationtests.dll" id="83b4c1ce-5f84-6efc-d19f-a2254e14c370">
      <Execution id="eb29d6a0-5335-48c6-b746-e6ac84323af5" />
      <TestMethod codeBase="D:\Agents\smith05.01\_work\257\s\tests\CHG.IdentityProvider.IntegrationTests\bin\Release\net9.0\CHG.IdentityProvider.IntegrationTests.dll" adapterTypeName="executor://nunit3testexecutor/" className="CHG.IdentityProvider.IntegrationTests.Controllers.LoginProvidersControllerTests+CreateTests" name="Returns_Error_When_Creating_New_Provider_With_Existing_Key" />
    </UnitTest>
    <UnitTest name="Should_Return_Bad_Request_For_Posts(&quot;/Account/Login?ReturnUrl=-2715%27%29%20UNION%20ALL%20SELECT%2063%2C63%2C63%2C%27qqqjq%27%7C%7C%27sxCwzivhFQ%27%7C%7C%27qkqkq%27%2C63%2C63%2C63%2C63--%20bupN&quot;)" storage="d:\agents\smith05.01\_work\257\s\tests\chg.identityprovider.integrationtests\bin\release\net9.0\chg.identityprovider.integrationtests.dll" id="0ff4d244-fe93-c766-69ed-4a8e6fdc037a">
      <Execution id="b821e2f8-6dd3-4fc2-ab3e-ef4d15fc0706" />
      <TestMethod codeBase="D:\Agents\smith05.01\_work\257\s\tests\CHG.IdentityProvider.IntegrationTests\bin\Release\net9.0\CHG.IdentityProvider.IntegrationTests.dll" adapterTypeName="executor://nunit3testexecutor/" className="CHG.IdentityProvider.IntegrationTests.Middleware.MaliciousRequestsDetectionMiddlewareTests" name="Should_Return_Bad_Request_For_Posts(&quot;/Account/Login?ReturnUrl=-2715%27%29%20UNION%20ALL%20SELECT%2063%2C63%2C63%2C%27qqqjq%27%7C%7C%27sxCwzivhFQ%27%7C%7C%27qkqkq%27%2C63%2C63%2C63%2C63--%20bupN&quot;)" />
    </UnitTest>
    <UnitTest name="Should_Return_Bad_Request_For_Posts(&quot;/Account/Login?ReturnUrl=-7908%27%29%20UNION%20ALL%20SELECT%2063%2C63%2C%27qqqjq%27%7C%7C%27OVMEBMXifs%27%7C%7C%27qkqkq%27%2C63%2C63%2C63%2C63%2C63--%20wcpo&quot;)" storage="d:\agents\smith05.01\_work\257\s\tests\chg.identityprovider.integrationtests\bin\release\net9.0\chg.identityprovider.integrationtests.dll" id="7de5355c-37f9-a12a-081b-666031a710d9">
      <Execution id="ff3c123c-0590-4ba7-95f1-df9d3c20427e" />
      <TestMethod codeBase="D:\Agents\smith05.01\_work\257\s\tests\CHG.IdentityProvider.IntegrationTests\bin\Release\net9.0\CHG.IdentityProvider.IntegrationTests.dll" adapterTypeName="executor://nunit3testexecutor/" className="CHG.IdentityProvider.IntegrationTests.Middleware.MaliciousRequestsDetectionMiddlewareTests" name="Should_Return_Bad_Request_For_Posts(&quot;/Account/Login?ReturnUrl=-7908%27%29%20UNION%20ALL%20SELECT%2063%2C63%2C%27qqqjq%27%7C%7C%27OVMEBMXifs%27%7C%7C%27qkqkq%27%2C63%2C63%2C63%2C63%2C63--%20wcpo&quot;)" />
    </UnitTest>
    <UnitTest name="Contains_Groups_Claim_As_Single_String" storage="d:\agents\smith05.01\_work\257\s\tests\chg.identityprovider.integrationtests\bin\release\net9.0\chg.identityprovider.integrationtests.dll" id="e507ce62-77e1-1ac0-fff3-87bd6af9ffce">
      <Execution id="0834ac2b-28dd-493b-8ab0-8d373010bc77" />
      <TestMethod codeBase="D:\Agents\smith05.01\_work\257\s\tests\CHG.IdentityProvider.IntegrationTests\bin\Release\net9.0\CHG.IdentityProvider.IntegrationTests.dll" adapterTypeName="executor://nunit3testexecutor/" className="CHG.IdentityProvider.IntegrationTests.Login.SamlTests+Login" name="Contains_Groups_Claim_As_Single_String" />
    </UnitTest>
    <UnitTest name="Should_Return_Bad_Request_For_Posts(&quot;/Account/Login?ReturnUrl=-3454%29%20UNION%20ALL%20SELECT%2063%2C63%2C63%23&quot;)" storage="d:\agents\smith05.01\_work\257\s\tests\chg.identityprovider.integrationtests\bin\release\net9.0\chg.identityprovider.integrationtests.dll" id="88770eb0-fbe0-6fa9-1c8a-f50ea7276d04">
      <Execution id="ff13435b-542f-4822-95f4-8ef9b7bdd337" />
      <TestMethod codeBase="D:\Agents\smith05.01\_work\257\s\tests\CHG.IdentityProvider.IntegrationTests\bin\Release\net9.0\CHG.IdentityProvider.IntegrationTests.dll" adapterTypeName="executor://nunit3testexecutor/" className="CHG.IdentityProvider.IntegrationTests.Middleware.MaliciousRequestsDetectionMiddlewareTests" name="Should_Return_Bad_Request_For_Posts(&quot;/Account/Login?ReturnUrl=-3454%29%20UNION%20ALL%20SELECT%2063%2C63%2C63%23&quot;)" />
    </UnitTest>
    <UnitTest name="Returns_Site_StyleSheet" storage="d:\agents\smith05.01\_work\257\s\tests\chg.identityprovider.integrationtests\bin\release\net9.0\chg.identityprovider.integrationtests.dll" id="dfaa438e-c60c-b3dd-b86d-73089c2090aa">
      <Execution id="c87d5fea-63ad-452a-a75c-4dd09aff4338" />
      <TestMethod codeBase="D:\Agents\smith05.01\_work\257\s\tests\CHG.IdentityProvider.IntegrationTests\bin\Release\net9.0\CHG.IdentityProvider.IntegrationTests.dll" adapterTypeName="executor://nunit3testexecutor/" className="CHG.IdentityProvider.IntegrationTests.ResourceTests" name="Returns_Site_StyleSheet" />
    </UnitTest>
    <UnitTest name="Publish_UserFullNameChangedEvent_When_LastName_Was_Replaced" storage="d:\agents\smith05.01\_work\257\s\tests\chg.identityprovider.integrationtests\bin\release\net9.0\chg.identityprovider.integrationtests.dll" id="f4b56e5d-1dde-feba-8349-9700c8de3346">
      <Execution id="25280dd9-899c-4873-b6b1-53c2ba1436fd" />
      <TestMethod codeBase="D:\Agents\smith05.01\_work\257\s\tests\CHG.IdentityProvider.IntegrationTests\bin\Release\net9.0\CHG.IdentityProvider.IntegrationTests.dll" adapterTypeName="executor://nunit3testexecutor/" className="CHG.IdentityProvider.IntegrationTests.Middleware.ScimUserSyncMiddlewareTests+UpdatingAUserViaScim" name="Publish_UserFullNameChangedEvent_When_LastName_Was_Replaced" />
    </UnitTest>
    <UnitTest name="Should_Return_Bad_Request_For_Posts(&quot;/Account/Login?ReturnUrl=-1012%25%27%20UNION%20ALL%20SELECT%20NULL%2CNULL%2C%27qqqjq%27%7C%7C%27yoOovMdGGhUgDWxKuXkrgjUYOFBBaofZxLKcnAKl%27%7C%7C%27qkqkq%27%2CNULL%2CNULL%2CNULL%2CNULL%2CNULL%2CNULL%2CNULL--%20cScx&quot;)" storage="d:\agents\smith05.01\_work\257\s\tests\chg.identityprovider.integrationtests\bin\release\net9.0\chg.identityprovider.integrationtests.dll" id="ca0715ca-0b4b-facb-c705-f14143277c6d">
      <Execution id="3b16db89-8ad5-4358-a311-51440d6aa018" />
      <TestMethod codeBase="D:\Agents\smith05.01\_work\257\s\tests\CHG.IdentityProvider.IntegrationTests\bin\Release\net9.0\CHG.IdentityProvider.IntegrationTests.dll" adapterTypeName="executor://nunit3testexecutor/" className="CHG.IdentityProvider.IntegrationTests.Middleware.MaliciousRequestsDetectionMiddlewareTests" name="Should_Return_Bad_Request_For_Posts(&quot;/Account/Login?ReturnUrl=-1012%25%27%20UNION%20ALL%20SELECT%20NULL%2CNULL%2C%27qqqjq%27%7C%7C%27yoOovMdGGhUgDWxKuXkrgjUYOFBBaofZxLKcnAKl%27%7C%7C%27qkqkq%27%2CNULL%2CNULL%2CNULL%2CNULL%2CNULL%2CNULL%2CNULL--%20cScx&quot;)" />
    </UnitTest>
    <UnitTest name="Should_Return_Bad_Request_For_Posts(&quot;/Account/Login?ReturnUrl=-7634%25%27%20UNION%20ALL%20SELECT%2063%2C63%2C63%23&quot;)" storage="d:\agents\smith05.01\_work\257\s\tests\chg.identityprovider.integrationtests\bin\release\net9.0\chg.identityprovider.integrationtests.dll" id="d5c3830d-5895-dcdf-e3d2-f3e1ee4ecad5">
      <Execution id="e7443567-45e4-4f52-9681-062c47b387cb" />
      <TestMethod codeBase="D:\Agents\smith05.01\_work\257\s\tests\CHG.IdentityProvider.IntegrationTests\bin\Release\net9.0\CHG.IdentityProvider.IntegrationTests.dll" adapterTypeName="executor://nunit3testexecutor/" className="CHG.IdentityProvider.IntegrationTests.Middleware.MaliciousRequestsDetectionMiddlewareTests" name="Should_Return_Bad_Request_For_Posts(&quot;/Account/Login?ReturnUrl=-7634%25%27%20UNION%20ALL%20SELECT%2063%2C63%2C63%23&quot;)" />
    </UnitTest>
    <UnitTest name="Should_Return_Bad_Request_For_Posts(&quot;/Account/Login?ReturnUrl=-7085%29%20UNION%20ALL%20SELECT%2063%2C63%2C63%2C63%23&quot;)" storage="d:\agents\smith05.01\_work\257\s\tests\chg.identityprovider.integrationtests\bin\release\net9.0\chg.identityprovider.integrationtests.dll" id="63f94360-01c5-b02d-362e-492de62ebe0b">
      <Execution id="1bc07d3c-4c53-4d10-993e-b1c6ab76d8a8" />
      <TestMethod codeBase="D:\Agents\smith05.01\_work\257\s\tests\CHG.IdentityProvider.IntegrationTests\bin\Release\net9.0\CHG.IdentityProvider.IntegrationTests.dll" adapterTypeName="executor://nunit3testexecutor/" className="CHG.IdentityProvider.IntegrationTests.Middleware.MaliciousRequestsDetectionMiddlewareTests" name="Should_Return_Bad_Request_For_Posts(&quot;/Account/Login?ReturnUrl=-7085%29%20UNION%20ALL%20SELECT%2063%2C63%2C63%2C63%23&quot;)" />
    </UnitTest>
    <UnitTest name="Should_Return_Bad_Request_For_Posts(&quot;/Account/Login?ReturnUrl=-6870%27%29%20UNION%20ALL%20SELECT%20NULL%2CNULL%2CNULL%2CNULL%2CNULL%2C%27qqqjq%27%7C%7C%27ZwoQylpQOz%27%7C%7C%27qkqkq%27%2CNULL%2CNULL--%20nPgu&quot;)" storage="d:\agents\smith05.01\_work\257\s\tests\chg.identityprovider.integrationtests\bin\release\net9.0\chg.identityprovider.integrationtests.dll" id="346a06e8-264a-f2f0-f29c-725865e4afb7">
      <Execution id="0bb69664-e8d9-4786-862a-a49b046699a3" />
      <TestMethod codeBase="D:\Agents\smith05.01\_work\257\s\tests\CHG.IdentityProvider.IntegrationTests\bin\Release\net9.0\CHG.IdentityProvider.IntegrationTests.dll" adapterTypeName="executor://nunit3testexecutor/" className="CHG.IdentityProvider.IntegrationTests.Middleware.MaliciousRequestsDetectionMiddlewareTests" name="Should_Return_Bad_Request_For_Posts(&quot;/Account/Login?ReturnUrl=-6870%27%29%20UNION%20ALL%20SELECT%20NULL%2CNULL%2CNULL%2CNULL%2CNULL%2C%27qqqjq%27%7C%7C%27ZwoQylpQOz%27%7C%7C%27qkqkq%27%2CNULL%2CNULL--%20nPgu&quot;)" />
    </UnitTest>
    <UnitTest name="Local_User_Can_Login_Successfully" storage="d:\agents\smith05.01\_work\257\s\tests\chg.identityprovider.integrationtests\bin\release\net9.0\chg.identityprovider.integrationtests.dll" id="9428fba0-81b8-38dd-aa37-7663fff1c2d3">
      <Execution id="cf0a2e26-b609-4acd-bbba-2e56fa374d91" />
      <TestMethod codeBase="D:\Agents\smith05.01\_work\257\s\tests\CHG.IdentityProvider.IntegrationTests\bin\Release\net9.0\CHG.IdentityProvider.IntegrationTests.dll" adapterTypeName="executor://nunit3testexecutor/" className="CHG.IdentityProvider.IntegrationTests.Login.LocalLoginTests+Login" name="Local_User_Can_Login_Successfully" />
    </UnitTest>
    <UnitTest name="Allows_Cors_For_Configured_Domains(&quot;http://publicclientintegration.com&quot;,&quot;/.well-known/openid-configuration&quot;)" storage="d:\agents\smith05.01\_work\257\s\tests\chg.identityprovider.integrationtests\bin\release\net9.0\chg.identityprovider.integrationtests.dll" id="dbb82413-0ecb-7fc4-d324-f9d302be4d88">
      <Execution id="488891b3-d95e-4bab-8a8c-631174686c36" />
      <TestMethod codeBase="D:\Agents\smith05.01\_work\257\s\tests\CHG.IdentityProvider.IntegrationTests\bin\Release\net9.0\CHG.IdentityProvider.IntegrationTests.dll" adapterTypeName="executor://nunit3testexecutor/" className="CHG.IdentityProvider.IntegrationTests.Middleware.CorsTests" name="Allows_Cors_For_Configured_Domains(&quot;http://publicclientintegration.com&quot;,&quot;/.well-known/openid-configuration&quot;)" />
    </UnitTest>
    <UnitTest name="Returns_New_CHG_User_With_AzureObjectId(&quot;@chg-MERIDIAN.com&quot;)" storage="d:\agents\smith05.01\_work\257\s\tests\chg.identityprovider.integrationtests\bin\release\net9.0\chg.identityprovider.integrationtests.dll" id="654fc1f8-1f97-ee1e-b7a3-664a0c15a635">
      <Execution id="7efaaa62-4136-47b8-ab0e-9f388690c015" />
      <TestMethod codeBase="D:\Agents\smith05.01\_work\257\s\tests\CHG.IdentityProvider.IntegrationTests\bin\Release\net9.0\CHG.IdentityProvider.IntegrationTests.dll" adapterTypeName="executor://nunit3testexecutor/" className="CHG.IdentityProvider.IntegrationTests.Api.UserApiTests+CreateMethod" name="Returns_New_CHG_User_With_AzureObjectId(&quot;@chg-MERIDIAN.com&quot;)" />
    </UnitTest>
    <UnitTest name="SAFARI_IOS_11" storage="d:\agents\smith05.01\_work\257\s\tests\chg.identityprovider.integrationtests\bin\release\net9.0\chg.identityprovider.integrationtests.dll" id="5f0e9bcc-556a-a5e6-8435-ba2ae50c2986">
      <Execution id="5cb81d6b-6a69-47ba-bc0d-ff5fb0c16acf" />
      <TestMethod codeBase="D:\Agents\smith05.01\_work\257\s\tests\CHG.IdentityProvider.IntegrationTests\bin\Release\net9.0\CHG.IdentityProvider.IntegrationTests.dll" adapterTypeName="executor://nunit3testexecutor/" className="CHG.IdentityProvider.IntegrationTests.CookiesTests+SameSitePolicyTests" name="SAFARI_IOS_11" />
    </UnitTest>
    <UnitTest name="Returns_Unauthorized_When_Not_Logged_In(&quot;/api/v1.0/import/protected-resource&quot;)" storage="d:\agents\smith05.01\_work\257\s\tests\chg.identityprovider.integrationtests\bin\release\net9.0\chg.identityprovider.integrationtests.dll" id="ffb90e7f-e0b6-4e57-9933-57d310afc418">
      <Execution id="5c462411-8497-4705-ae42-4659a519e158" />
      <TestMethod codeBase="D:\Agents\smith05.01\_work\257\s\tests\CHG.IdentityProvider.IntegrationTests\bin\Release\net9.0\CHG.IdentityProvider.IntegrationTests.dll" adapterTypeName="executor://nunit3testexecutor/" className="CHG.IdentityProvider.IntegrationTests.Api.ImportApiTests+ImportProtectedResourceAction" name="Returns_Unauthorized_When_Not_Logged_In(&quot;/api/v1.0/import/protected-resource&quot;)" />
    </UnitTest>
    <UnitTest name="Returns_Access_Token_For_Valid_Login_Credentials" storage="d:\agents\smith05.01\_work\257\s\tests\chg.identityprovider.integrationtests\bin\release\net9.0\chg.identityprovider.integrationtests.dll" id="1c9e1083-69b5-b80e-99c7-c42272e46056">
      <Execution id="8d8165f1-36d6-4020-b555-92e7c602d6c1" />
      <TestMethod codeBase="D:\Agents\smith05.01\_work\257\s\tests\CHG.IdentityProvider.IntegrationTests\bin\Release\net9.0\CHG.IdentityProvider.IntegrationTests.dll" adapterTypeName="executor://nunit3testexecutor/" className="CHG.IdentityProvider.IntegrationTests.Login.ClientCredentialsFlowTests+Login" name="Returns_Access_Token_For_Valid_Login_Credentials" />
    </UnitTest>
    <UnitTest name="Creates_New_User_If_Not_Exists_Via_Oidc" storage="d:\agents\smith05.01\_work\257\s\tests\chg.identityprovider.integrationtests\bin\release\net9.0\chg.identityprovider.integrationtests.dll" id="0ff7ed8e-e9c7-970a-af44-0abccdb2e72c">
      <Execution id="b5363cb3-8714-4a16-b401-eb13f86cb544" />
      <TestMethod codeBase="D:\Agents\smith05.01\_work\257\s\tests\CHG.IdentityProvider.IntegrationTests\bin\Release\net9.0\CHG.IdentityProvider.IntegrationTests.dll" adapterTypeName="executor://nunit3testexecutor/" className="CHG.IdentityProvider.IntegrationTests.Controllers.ExternalControllerTests+CallbackMethod" name="Creates_New_User_If_Not_Exists_Via_Oidc" />
    </UnitTest>
    <UnitTest name="Returns_Page_When_Logged_In_With_Correct_Permissions" storage="d:\agents\smith05.01\_work\257\s\tests\chg.identityprovider.integrationtests\bin\release\net9.0\chg.identityprovider.integrationtests.dll" id="324bd1b3-3245-efda-fa89-14909e9c29da">
      <Execution id="98e3b1bf-68b4-426c-88bb-64d06992e0ea" />
      <TestMethod codeBase="D:\Agents\smith05.01\_work\257\s\tests\CHG.IdentityProvider.IntegrationTests\bin\Release\net9.0\CHG.IdentityProvider.IntegrationTests.dll" adapterTypeName="executor://nunit3testexecutor/" className="CHG.IdentityProvider.IntegrationTests.Controllers.MaintenanceControllerTests+UsersMethod" name="Returns_Page_When_Logged_In_With_Correct_Permissions" />
    </UnitTest>
    <UnitTest name="Publish_UserDeletedEvent" storage="d:\agents\smith05.01\_work\257\s\tests\chg.identityprovider.integrationtests\bin\release\net9.0\chg.identityprovider.integrationtests.dll" id="de25731f-4d3b-a33b-1d53-c95a1b7ccb95">
      <Execution id="6c419f10-2b7e-4634-b1bf-2cffb9cbef17" />
      <TestMethod codeBase="D:\Agents\smith05.01\_work\257\s\tests\CHG.IdentityProvider.IntegrationTests\bin\Release\net9.0\CHG.IdentityProvider.IntegrationTests.dll" adapterTypeName="executor://nunit3testexecutor/" className="CHG.IdentityProvider.IntegrationTests.Middleware.ScimUserSyncMiddlewareTests+DeletingAUserViaScim" name="Publish_UserDeletedEvent" />
    </UnitTest>
    <UnitTest name="Should_Return_Bad_Request(&quot;/Account/Login?ReturnUrl=-3950%27%29%20UNION%20ALL%20SELECT%2063%2C63%2C63%2C63%2C63%2C63%2C63%2C%27qqqjq%27%7C%7C%27jXHIDOZgSNXsvmJIiACPVggCOtvlIeGWWYuXNJhR%27%7C%7C%27qkqkq%27--%20zfYh&quot;)" storage="d:\agents\smith05.01\_work\257\s\tests\chg.identityprovider.integrationtests\bin\release\net9.0\chg.identityprovider.integrationtests.dll" id="734443cc-fe4b-20d9-e3f2-d96ed1a73d09">
      <Execution id="7ec407a9-d466-4959-a605-cdecf037bbd0" />
      <TestMethod codeBase="D:\Agents\smith05.01\_work\257\s\tests\CHG.IdentityProvider.IntegrationTests\bin\Release\net9.0\CHG.IdentityProvider.IntegrationTests.dll" adapterTypeName="executor://nunit3testexecutor/" className="CHG.IdentityProvider.IntegrationTests.Middleware.MaliciousRequestsDetectionMiddlewareTests" name="Should_Return_Bad_Request(&quot;/Account/Login?ReturnUrl=-3950%27%29%20UNION%20ALL%20SELECT%2063%2C63%2C63%2C63%2C63%2C63%2C63%2C%27qqqjq%27%7C%7C%27jXHIDOZgSNXsvmJIiACPVggCOtvlIeGWWYuXNJhR%27%7C%7C%27qkqkq%27--%20zfYh&quot;)" />
    </UnitTest>
    <UnitTest name="Can_Import_ProtectedResources" storage="d:\agents\smith05.01\_work\257\s\tests\chg.identityprovider.integrationtests\bin\release\net9.0\chg.identityprovider.integrationtests.dll" id="c2f16de4-6460-5c39-fe4f-9230aeb03e44">
      <Execution id="90418057-1b4f-47fb-9397-faeeca110210" />
      <TestMethod codeBase="D:\Agents\smith05.01\_work\257\s\tests\CHG.IdentityProvider.IntegrationTests\bin\Release\net9.0\CHG.IdentityProvider.IntegrationTests.dll" adapterTypeName="executor://nunit3testexecutor/" className="CHG.IdentityProvider.IntegrationTests.Data.DefaultIdentityObjectImporterTests+ImportDataInitializationSetAsyncMethod" name="Can_Import_ProtectedResources" />
    </UnitTest>
    <UnitTest name="Should_Return_Bad_Request(&quot;/Account/Login?ReturnUrl=-1429%27%29%20UNION%20ALL%20SELECT%20NULL%2CNULL%2CNULL%2CNULL%2C%27qqqjq%27%7C%7C%27iJoriKMNFr%27%7C%7C%27qkqkq%27%2CNULL%2CNULL%2CNULL--%20wfGh&quot;)" storage="d:\agents\smith05.01\_work\257\s\tests\chg.identityprovider.integrationtests\bin\release\net9.0\chg.identityprovider.integrationtests.dll" id="e1908f5b-d9d9-b345-5d9e-86bd001be3a7">
      <Execution id="4dc29c9f-ccae-4e9b-be27-f5cf103d209f" />
      <TestMethod codeBase="D:\Agents\smith05.01\_work\257\s\tests\CHG.IdentityProvider.IntegrationTests\bin\Release\net9.0\CHG.IdentityProvider.IntegrationTests.dll" adapterTypeName="executor://nunit3testexecutor/" className="CHG.IdentityProvider.IntegrationTests.Middleware.MaliciousRequestsDetectionMiddlewareTests" name="Should_Return_Bad_Request(&quot;/Account/Login?ReturnUrl=-1429%27%29%20UNION%20ALL%20SELECT%20NULL%2CNULL%2CNULL%2CNULL%2C%27qqqjq%27%7C%7C%27iJoriKMNFr%27%7C%7C%27qkqkq%27%2CNULL%2CNULL%2CNULL--%20wfGh&quot;)" />
    </UnitTest>
    <UnitTest name="Returns_BadRequest_If_Email_Is_Missing" storage="d:\agents\smith05.01\_work\257\s\tests\chg.identityprovider.integrationtests\bin\release\net9.0\chg.identityprovider.integrationtests.dll" id="dfcc42e0-0120-6fa9-b9a8-1efa9365612e">
      <Execution id="2b5327ea-3c24-4f83-bda8-a70f5045b065" />
      <TestMethod codeBase="D:\Agents\smith05.01\_work\257\s\tests\CHG.IdentityProvider.IntegrationTests\bin\Release\net9.0\CHG.IdentityProvider.IntegrationTests.dll" adapterTypeName="executor://nunit3testexecutor/" className="CHG.IdentityProvider.IntegrationTests.Api.UserApiTests+CreateMethod" name="Returns_BadRequest_If_Email_Is_Missing" />
    </UnitTest>
    <UnitTest name="Should_Return_Bad_Request_For_Posts(&quot;/Account/Login?ReturnUrl=-4261%27%20UNION%20ALL%20SELECT%2063%23&quot;)" storage="d:\agents\smith05.01\_work\257\s\tests\chg.identityprovider.integrationtests\bin\release\net9.0\chg.identityprovider.integrationtests.dll" id="015d9d62-65dd-354a-1979-48ab15d55d13">
      <Execution id="739d3a46-c415-472d-9f24-1719725d916b" />
      <TestMethod codeBase="D:\Agents\smith05.01\_work\257\s\tests\CHG.IdentityProvider.IntegrationTests\bin\Release\net9.0\CHG.IdentityProvider.IntegrationTests.dll" adapterTypeName="executor://nunit3testexecutor/" className="CHG.IdentityProvider.IntegrationTests.Middleware.MaliciousRequestsDetectionMiddlewareTests" name="Should_Return_Bad_Request_For_Posts(&quot;/Account/Login?ReturnUrl=-4261%27%20UNION%20ALL%20SELECT%2063%23&quot;)" />
    </UnitTest>
    <UnitTest name="Updates_Existing_Users_UserName_Via_AzureAD" storage="d:\agents\smith05.01\_work\257\s\tests\chg.identityprovider.integrationtests\bin\release\net9.0\chg.identityprovider.integrationtests.dll" id="e7d30c63-641c-a337-93f7-d07e53ab7db2">
      <Execution id="f5150f23-0e7b-4a8b-a2ca-666fb640f0ed" />
      <TestMethod codeBase="D:\Agents\smith05.01\_work\257\s\tests\CHG.IdentityProvider.IntegrationTests\bin\Release\net9.0\CHG.IdentityProvider.IntegrationTests.dll" adapterTypeName="executor://nunit3testexecutor/" className="CHG.IdentityProvider.IntegrationTests.Controllers.ExternalControllerTests+CallbackMethod" name="Updates_Existing_Users_UserName_Via_AzureAD" />
    </UnitTest>
    <UnitTest name="Should_Return_Bad_Request(&quot;/Account/Login?ReturnUrl=-9578%25%27%20UNION%20ALL%20SELECT%2063%2C63%23&quot;)" storage="d:\agents\smith05.01\_work\257\s\tests\chg.identityprovider.integrationtests\bin\release\net9.0\chg.identityprovider.integrationtests.dll" id="0b72a30f-79a2-037e-aca6-3b4486d6166c">
      <Execution id="5b189b6c-40e5-4f26-85e1-42f0719fe98b" />
      <TestMethod codeBase="D:\Agents\smith05.01\_work\257\s\tests\CHG.IdentityProvider.IntegrationTests\bin\Release\net9.0\CHG.IdentityProvider.IntegrationTests.dll" adapterTypeName="executor://nunit3testexecutor/" className="CHG.IdentityProvider.IntegrationTests.Middleware.MaliciousRequestsDetectionMiddlewareTests" name="Should_Return_Bad_Request(&quot;/Account/Login?ReturnUrl=-9578%25%27%20UNION%20ALL%20SELECT%2063%2C63%23&quot;)" />
    </UnitTest>
    <UnitTest name="Should_Return_Bad_Request_For_Posts(&quot;/Account/Login?ReturnUrl=-8248%27%29%20UNION%20ALL%20SELECT%20NULL%2CNULL%2CNULL%2CNULL%2CNULL%2CNULL%2C%27qqqjq%27%7C%7C%27zctwFYNirpADLrTiCkvdNvBzocrmMfjItHDhYkSF%27%7C%7C%27qkqkq%27%2CNULL--%20tBIC&quot;)" storage="d:\agents\smith05.01\_work\257\s\tests\chg.identityprovider.integrationtests\bin\release\net9.0\chg.identityprovider.integrationtests.dll" id="809d0a45-0f14-bef1-b40c-c01cb42c3a8b">
      <Execution id="881991e2-e517-466f-80c0-4aa92aecd9a9" />
      <TestMethod codeBase="D:\Agents\smith05.01\_work\257\s\tests\CHG.IdentityProvider.IntegrationTests\bin\Release\net9.0\CHG.IdentityProvider.IntegrationTests.dll" adapterTypeName="executor://nunit3testexecutor/" className="CHG.IdentityProvider.IntegrationTests.Middleware.MaliciousRequestsDetectionMiddlewareTests" name="Should_Return_Bad_Request_For_Posts(&quot;/Account/Login?ReturnUrl=-8248%27%29%20UNION%20ALL%20SELECT%20NULL%2CNULL%2CNULL%2CNULL%2CNULL%2CNULL%2C%27qqqjq%27%7C%7C%27zctwFYNirpADLrTiCkvdNvBzocrmMfjItHDhYkSF%27%7C%7C%27qkqkq%27%2CNULL--%20tBIC&quot;)" />
    </UnitTest>
    <UnitTest name="Can_Login_With_Username_And_Password" storage="d:\agents\smith05.01\_work\257\s\tests\chg.identityprovider.integrationtests\bin\release\net9.0\chg.identityprovider.integrationtests.dll" id="12ffe511-80a0-52b6-10ce-221b8ca4aae8">
      <Execution id="ac3afdee-ce06-49d7-87b3-ef73a2da97f5" />
      <TestMethod codeBase="D:\Agents\smith05.01\_work\257\s\tests\CHG.IdentityProvider.IntegrationTests\bin\Release\net9.0\CHG.IdentityProvider.IntegrationTests.dll" adapterTypeName="executor://nunit3testexecutor/" className="CHG.IdentityProvider.IntegrationTests.Controllers.AccountControllerTests+Login" name="Can_Login_With_Username_And_Password" />
    </UnitTest>
    <UnitTest name="Should_Return_Bad_Request_For_Posts(&quot;/Account/Login?ReturnUrl=-7896%20UNION%20ALL%20SELECT%2063%2C63%2C63%23&quot;)" storage="d:\agents\smith05.01\_work\257\s\tests\chg.identityprovider.integrationtests\bin\release\net9.0\chg.identityprovider.integrationtests.dll" id="0f1a973f-5c73-215e-4d52-5cd1899691c6">
      <Execution id="13e5512b-3aa1-4fd5-a69f-b3cbd3c588d0" />
      <TestMethod codeBase="D:\Agents\smith05.01\_work\257\s\tests\CHG.IdentityProvider.IntegrationTests\bin\Release\net9.0\CHG.IdentityProvider.IntegrationTests.dll" adapterTypeName="executor://nunit3testexecutor/" className="CHG.IdentityProvider.IntegrationTests.Middleware.MaliciousRequestsDetectionMiddlewareTests" name="Should_Return_Bad_Request_For_Posts(&quot;/Account/Login?ReturnUrl=-7896%20UNION%20ALL%20SELECT%2063%2C63%2C63%23&quot;)" />
    </UnitTest>
    <UnitTest name="Returns_NotFound_When_User_Does_Not_Exists" storage="d:\agents\smith05.01\_work\257\s\tests\chg.identityprovider.integrationtests\bin\release\net9.0\chg.identityprovider.integrationtests.dll" id="def66ac5-b226-61e4-567d-9d7e30af43c2">
      <Execution id="2366ecb5-f467-422d-93c7-d9617ed6408b" />
      <TestMethod codeBase="D:\Agents\smith05.01\_work\257\s\tests\CHG.IdentityProvider.IntegrationTests\bin\Release\net9.0\CHG.IdentityProvider.IntegrationTests.dll" adapterTypeName="executor://nunit3testexecutor/" className="CHG.IdentityProvider.IntegrationTests.Api.UserApiTests+UpdateMethod" name="Returns_NotFound_When_User_Does_Not_Exists" />
    </UnitTest>
  </TestDefinitions>
  <TestEntries>
    <TestEntry testId="c4e73a4d-1f82-1beb-7097-92a4dae5b99f" executionId="4a239102-4c9d-4d13-9406-1068eb986e7c" testListId="8c84fa94-04c1-424b-9868-57a2d4851a1d" />
    <TestEntry testId="ee261bac-7b50-2525-6983-e3d2fff941b1" executionId="be7ccb0d-a26c-4f84-8282-02e67610d737" testListId="8c84fa94-04c1-424b-9868-57a2d4851a1d" />
    <TestEntry testId="97529acb-120e-205c-2943-663dd1375543" executionId="b43233da-6523-4edf-b121-f56e63665edd" testListId="8c84fa94-04c1-424b-9868-57a2d4851a1d" />
    <TestEntry testId="06f9b2d7-c795-44a3-88e1-4b6321d1e920" executionId="6e72597f-649c-4f9b-9f97-bb5422b5189f" testListId="8c84fa94-04c1-424b-9868-57a2d4851a1d" />
    <TestEntry testId="07908fd5-24b0-a6b7-021f-973ef5ea8c08" executionId="a19ac86c-2188-4596-a1f9-067c2529a6fa" testListId="8c84fa94-04c1-424b-9868-57a2d4851a1d" />
    <TestEntry testId="3cc2e714-cdf5-0a97-047f-3dd3a98c79d5" executionId="fb1d6c6a-e42d-4226-bb8e-dffb3aff55bb" testListId="8c84fa94-04c1-424b-9868-57a2d4851a1d" />
    <TestEntry testId="4d9b690c-bfdf-c4ed-f039-5aa1b5002887" executionId="3db84c16-d464-4a13-ad80-8dd3ec226109" testListId="8c84fa94-04c1-424b-9868-57a2d4851a1d" />
    <TestEntry testId="88770eb0-fbe0-6fa9-1c8a-f50ea7276d04" executionId="ff13435b-542f-4822-95f4-8ef9b7bdd337" testListId="8c84fa94-04c1-424b-9868-57a2d4851a1d" />
    <TestEntry testId="71d42e87-053d-3ee2-4208-31e7d798b59b" executionId="e0760d55-5c83-4da1-83ec-631161260574" testListId="8c84fa94-04c1-424b-9868-57a2d4851a1d" />
    <TestEntry testId="8361fd58-5899-9f9f-4b79-df6ca9406d29" executionId="02012518-eba8-4548-ae13-c3e5804ea1ee" testListId="8c84fa94-04c1-424b-9868-57a2d4851a1d" />
    <TestEntry testId="7ebf1b71-8347-7fe5-9526-8f659889d752" executionId="5039a631-81df-44b5-b99a-4afcf552b7a9" testListId="8c84fa94-04c1-424b-9868-57a2d4851a1d" />
    <TestEntry testId="6a2f122c-ceea-7224-afb5-fd4d430b2848" executionId="e9b06fa5-6e32-4210-8e1b-b5929ef65ffc" testListId="8c84fa94-04c1-424b-9868-57a2d4851a1d" />
    <TestEntry testId="49d28a81-d171-33e0-8558-cbd0c0dee1d7" executionId="ed9e1e06-3664-480e-ba59-161e4ca730ab" testListId="8c84fa94-04c1-424b-9868-57a2d4851a1d" />
    <TestEntry testId="c6101f66-ea3a-e55c-280c-8a59b45e7887" executionId="a7187ff3-2596-4e5e-9e1a-8fdacc6b8348" testListId="8c84fa94-04c1-424b-9868-57a2d4851a1d" />
    <TestEntry testId="e90eaac3-1d25-a3d0-b38a-7f0435685a6a" executionId="6677ec81-0f93-406d-8150-12f980a6f5b8" testListId="8c84fa94-04c1-424b-9868-57a2d4851a1d" />
    <TestEntry testId="5149c3f1-de3c-bdf1-8b7f-94fbc22f9aa0" executionId="94e60712-2e62-4617-b197-0f4f64940564" testListId="8c84fa94-04c1-424b-9868-57a2d4851a1d" />
    <TestEntry testId="d109fc0a-d057-d084-98f0-720c9c477de2" executionId="f85236ae-21fd-440c-8e0a-c27d56b3c132" testListId="8c84fa94-04c1-424b-9868-57a2d4851a1d" />
    <TestEntry testId="ddb863e9-1052-3080-904d-858a38c17d4d" executionId="d063ff20-a992-4326-b9ab-b019c50cac38" testListId="8c84fa94-04c1-424b-9868-57a2d4851a1d" />
    <TestEntry testId="178e8b2c-230e-b1bc-47ed-f7919f9f9198" executionId="a09aba56-0c78-41dc-b177-f85407ea142a" testListId="8c84fa94-04c1-424b-9868-57a2d4851a1d" />
    <TestEntry testId="434e44d2-111a-5d30-908d-0b8fd5a5c57b" executionId="2d21864f-8762-45a6-9133-982021b91862" testListId="8c84fa94-04c1-424b-9868-57a2d4851a1d" />
    <TestEntry testId="43007c9c-0fbe-157f-920a-31d6cf45405c" executionId="1ce91a58-c768-4036-a103-d5d99df2d3ff" testListId="8c84fa94-04c1-424b-9868-57a2d4851a1d" />
    <TestEntry testId="dc12e2a6-ee3b-57a9-5b3f-25a0125884f7" executionId="37e73ba2-e738-4779-9c0d-0908fef3f558" testListId="8c84fa94-04c1-424b-9868-57a2d4851a1d" />
    <TestEntry testId="bfb46e4c-01cb-d8bd-0cb8-c2f49bb88693" executionId="e0a1a854-82df-4c62-8caa-fb2f7a4deeb6" testListId="8c84fa94-04c1-424b-9868-57a2d4851a1d" />
    <TestEntry testId="3ea53021-9442-8cf9-2ea0-768bf0335e05" executionId="26eed880-894c-415a-8b10-7073155ccd16" testListId="8c84fa94-04c1-424b-9868-57a2d4851a1d" />
    <TestEntry testId="61d90264-3f39-2680-fa23-26f0c4d7c55e" executionId="92793168-af78-489f-93eb-da2573ff1737" testListId="8c84fa94-04c1-424b-9868-57a2d4851a1d" />
    <TestEntry testId="31bcad5d-2986-7497-fe75-6c6fa45ab7b5" executionId="ef0c820f-1b79-4935-978e-fd9e75e80e7a" testListId="8c84fa94-04c1-424b-9868-57a2d4851a1d" />
    <TestEntry testId="2b9bc7f6-633c-7ae2-c3b9-8c7118fdb509" executionId="8ad3b5f9-26ed-444c-8108-7fb97576a4f4" testListId="8c84fa94-04c1-424b-9868-57a2d4851a1d" />
    <TestEntry testId="e3f95bcf-a892-409f-be79-8e80f51ebdc9" executionId="cc294894-1348-449e-84a5-c62b3c5f2cac" testListId="8c84fa94-04c1-424b-9868-57a2d4851a1d" />
    <TestEntry testId="81238aa1-20d6-83d9-4b29-498ca02543bd" executionId="79f8601a-4a59-41da-82e0-ce6bf98bbe08" testListId="8c84fa94-04c1-424b-9868-57a2d4851a1d" />
    <TestEntry testId="975b454a-5cb4-f3f1-bc18-17565ff8ff21" executionId="d35ac4a4-a6c4-4b87-9b21-73dfbc6010e9" testListId="8c84fa94-04c1-424b-9868-57a2d4851a1d" />
    <TestEntry testId="d986a0b2-d9bf-a79c-ea7e-8d219258a2ea" executionId="fe0368ac-8dec-4dd2-b759-82260e7cad35" testListId="8c84fa94-04c1-424b-9868-57a2d4851a1d" />
    <TestEntry testId="eb9dbdee-1743-5726-b3c1-77834b948ca7" executionId="3a5f1e89-9726-441d-bb17-8ba7bcff6467" testListId="8c84fa94-04c1-424b-9868-57a2d4851a1d" />
    <TestEntry testId="3354a315-65e5-ca4b-e902-2908cac04506" executionId="aed102e5-e4a6-4ea8-9bef-05b409ecafaa" testListId="8c84fa94-04c1-424b-9868-57a2d4851a1d" />
    <TestEntry testId="09f7274b-0bfa-b7f5-3596-62286bbff54b" executionId="d0c72d5c-a585-4a25-9bd3-e9da8a6a1ad9" testListId="8c84fa94-04c1-424b-9868-57a2d4851a1d" />
    <TestEntry testId="cd6d9da2-2622-489b-3451-1acb6bdf37bb" executionId="df1598fd-6985-444f-b8a8-daa01f35a00c" testListId="8c84fa94-04c1-424b-9868-57a2d4851a1d" />
    <TestEntry testId="324bd1b3-3245-efda-fa89-14909e9c29da" executionId="98e3b1bf-68b4-426c-88bb-64d06992e0ea" testListId="8c84fa94-04c1-424b-9868-57a2d4851a1d" />
    <TestEntry testId="f3ed5cd4-b6c3-de4a-5155-a0fc6aca811e" executionId="fb953ab8-bdb1-40c7-ad39-af877e3a7e1f" testListId="8c84fa94-04c1-424b-9868-57a2d4851a1d" />
    <TestEntry testId="8b7b6156-6d70-5955-1cd7-95ee0a86ce4f" executionId="c25e5562-3a83-4490-abdc-3b6fd3c5234d" testListId="8c84fa94-04c1-424b-9868-57a2d4851a1d" />
    <TestEntry testId="5873543a-cfa0-3fda-4df9-73faeb7c78cd" executionId="6dac9600-a118-48e9-80e9-6891fc04e0fc" testListId="8c84fa94-04c1-424b-9868-57a2d4851a1d" />
    <TestEntry testId="8c27b7d7-c913-f61d-0289-9b1e147267f2" executionId="234f2990-825b-42cf-8dd2-8ebc7bc5b9e4" testListId="8c84fa94-04c1-424b-9868-57a2d4851a1d" />
    <TestEntry testId="9e8d7ad7-30b2-103d-dcc6-b1384cb8fcb6" executionId="ea062824-c796-45eb-aec3-01dc35e8008d" testListId="8c84fa94-04c1-424b-9868-57a2d4851a1d" />
    <TestEntry testId="f0bbb240-4e41-6069-2795-02cd803ac9ae" executionId="061eaf71-e39f-4f28-b720-61ebc0986633" testListId="8c84fa94-04c1-424b-9868-57a2d4851a1d" />
    <TestEntry testId="5f0e9bcc-556a-a5e6-8435-ba2ae50c2986" executionId="5cb81d6b-6a69-47ba-bc0d-ff5fb0c16acf" testListId="8c84fa94-04c1-424b-9868-57a2d4851a1d" />
    <TestEntry testId="e3a80709-e80b-932b-3d48-b01751eff7e9" executionId="3be78610-d1d3-4dd8-b808-3e44320b651f" testListId="8c84fa94-04c1-424b-9868-57a2d4851a1d" />
    <TestEntry testId="83bdc57a-9b90-a247-f1a3-900b5e99196b" executionId="558df4d5-a375-4a55-83c0-d1be1d8a578b" testListId="8c84fa94-04c1-424b-9868-57a2d4851a1d" />
    <TestEntry testId="9d0e4201-de07-eff1-47da-c449d2775236" executionId="4a0914b9-8fbd-4b72-84ac-2b3e65b74942" testListId="8c84fa94-04c1-424b-9868-57a2d4851a1d" />
    <TestEntry testId="e985b10f-1ee5-2c5e-247d-238f976d5c35" executionId="e03c9643-7f6c-4be5-8bb5-6c4543ea2c59" testListId="8c84fa94-04c1-424b-9868-57a2d4851a1d" />
    <TestEntry testId="1dc6b884-3433-d1da-70b6-7af27a63de6b" executionId="947b7b6d-da51-42ec-86a0-c502e7f72f98" testListId="8c84fa94-04c1-424b-9868-57a2d4851a1d" />
    <TestEntry testId="71336bed-fb0a-db5e-3496-fbe1146c6001" executionId="065c57e6-9ec4-46a4-95ae-8a5c4f6ef38d" testListId="8c84fa94-04c1-424b-9868-57a2d4851a1d" />
    <TestEntry testId="a9211efd-b228-c7ad-4b9d-f03b78ab078f" executionId="213ace56-bb13-4f5e-ae0f-ef8fe06ed2d4" testListId="8c84fa94-04c1-424b-9868-57a2d4851a1d" />
    <TestEntry testId="16beffbc-41ed-cfe3-3e21-5aa951ca00a2" executionId="ec2b86fa-dab3-4bf1-b1a9-61f1a88e68a0" testListId="8c84fa94-04c1-424b-9868-57a2d4851a1d" />
    <TestEntry testId="21f8e87c-7a0d-6c18-28f2-6d1debb066c7" executionId="00f83888-07af-4113-b648-38d7243bde02" testListId="8c84fa94-04c1-424b-9868-57a2d4851a1d" />
    <TestEntry testId="1c411039-f64f-7450-da37-583f0cf67ad2" executionId="3adc83b5-8d12-464c-bf2a-30011d88cdfc" testListId="8c84fa94-04c1-424b-9868-57a2d4851a1d" />
    <TestEntry testId="77ea25d0-31b3-63d9-26d2-44be4092b680" executionId="14dab831-7630-4c07-8c24-963c0e53761b" testListId="8c84fa94-04c1-424b-9868-57a2d4851a1d" />
    <TestEntry testId="809d0a45-0f14-bef1-b40c-c01cb42c3a8b" executionId="881991e2-e517-466f-80c0-4aa92aecd9a9" testListId="8c84fa94-04c1-424b-9868-57a2d4851a1d" />
    <TestEntry testId="7f12a5f1-d05d-d1a1-ea17-2a34de042cb6" executionId="2fa70bf9-861a-4e20-bed4-59c6a4705043" testListId="8c84fa94-04c1-424b-9868-57a2d4851a1d" />
    <TestEntry testId="739f6c8b-ad3b-d469-bfcc-3451015441e9" executionId="50d38d81-15a2-417b-b320-67d98731c8f4" testListId="8c84fa94-04c1-424b-9868-57a2d4851a1d" />
    <TestEntry testId="35eaae9e-31f2-5ecf-a9f0-52de7cc606b2" executionId="6a2c80a8-341b-4c44-bbbe-e55d5d8f4b14" testListId="8c84fa94-04c1-424b-9868-57a2d4851a1d" />
    <TestEntry testId="e3e69750-bbc9-7a2f-3b8b-8e2829ffd95b" executionId="0aa5a775-28f2-458a-9a68-5e5d9fd0a8c9" testListId="8c84fa94-04c1-424b-9868-57a2d4851a1d" />
    <TestEntry testId="8a89959c-cd2c-026a-6636-0f9202e2f21f" executionId="b9c4539a-ccaa-4604-a7c1-dce18d217d7e" testListId="8c84fa94-04c1-424b-9868-57a2d4851a1d" />
    <TestEntry testId="6100920b-4350-9c16-4554-634b56f9a864" executionId="244872ca-6edf-483a-9a9d-a2ff7f9af234" testListId="8c84fa94-04c1-424b-9868-57a2d4851a1d" />
    <TestEntry testId="68df9546-e6ab-22b9-f96a-fbda4ddc23c5" executionId="17e07b29-c253-41c1-8b0e-fd0f3a1caedb" testListId="8c84fa94-04c1-424b-9868-57a2d4851a1d" />
    <TestEntry testId="35402e38-fcfc-1263-256e-79d64ce0a974" executionId="41500352-3306-4d3b-aa41-d4d701e6924f" testListId="8c84fa94-04c1-424b-9868-57a2d4851a1d" />
    <TestEntry testId="6f7e521f-b402-afc4-d149-adf0d9073d5c" executionId="8527b703-9044-4137-ac1b-2e9df1fd47f2" testListId="8c84fa94-04c1-424b-9868-57a2d4851a1d" />
    <TestEntry testId="b7b71104-90b6-39b6-2870-cb798a4583e5" executionId="aca1dc44-91df-4845-b834-9db7757d2c9c" testListId="8c84fa94-04c1-424b-9868-57a2d4851a1d" />
    <TestEntry testId="35021be4-47b1-a92a-78a3-82013b3208f7" executionId="0cde4f7b-429d-4d27-be85-28a2102343bb" testListId="8c84fa94-04c1-424b-9868-57a2d4851a1d" />
    <TestEntry testId="40359d04-9b96-78cf-58c6-e161486a91a3" executionId="f82f8842-d334-461c-a69b-de18dc9d5265" testListId="8c84fa94-04c1-424b-9868-57a2d4851a1d" />
    <TestEntry testId="fd45f5d7-4b14-0736-4967-a810833cafd8" executionId="35134417-054d-4b3e-a216-da423b2dacc7" testListId="8c84fa94-04c1-424b-9868-57a2d4851a1d" />
    <TestEntry testId="166aeced-6bf8-8795-e3aa-c9379e93dabb" executionId="17c2fd91-db18-422b-b5db-70b80b8dfee7" testListId="8c84fa94-04c1-424b-9868-57a2d4851a1d" />
    <TestEntry testId="d44b8bc3-81b2-9401-4d4d-47ec24e62a4d" executionId="9be9e3ea-f050-412f-b59b-d2d3d7119899" testListId="8c84fa94-04c1-424b-9868-57a2d4851a1d" />
    <TestEntry testId="a1ea5e7c-7cb3-ac68-0314-7e52c4c19279" executionId="97006cc6-7c17-4166-bb64-3dc26425ae28" testListId="8c84fa94-04c1-424b-9868-57a2d4851a1d" />
    <TestEntry testId="354b7c20-21d2-f72b-90e4-f6848bab1af5" executionId="ad325b6b-3367-4acf-b8b5-7d426041b03b" testListId="8c84fa94-04c1-424b-9868-57a2d4851a1d" />
    <TestEntry testId="b6ebe7ac-d7c0-196a-dca1-09ecb3cc0b7c" executionId="eced21e9-dfed-413a-8195-1149d4a89d36" testListId="8c84fa94-04c1-424b-9868-57a2d4851a1d" />
    <TestEntry testId="f165e555-b11e-d70e-83cc-9c4f6dc249bc" executionId="26f7c602-1c4b-480a-8229-3c0242982412" testListId="8c84fa94-04c1-424b-9868-57a2d4851a1d" />
    <TestEntry testId="24e128d8-9eeb-d311-385f-db57ebf62d5a" executionId="62660b53-e612-4661-932d-cfd70d16db37" testListId="8c84fa94-04c1-424b-9868-57a2d4851a1d" />
    <TestEntry testId="99e17e04-7fb9-0a0a-b24a-5707d0fe8f9c" executionId="054590fc-a431-4cc9-b34c-d2a85586dc21" testListId="8c84fa94-04c1-424b-9868-57a2d4851a1d" />
    <TestEntry testId="034ef28a-f6a6-254f-c0a6-d63ab70a7f70" executionId="5bda2e5d-b2cd-4929-ae41-fc9b074d83be" testListId="8c84fa94-04c1-424b-9868-57a2d4851a1d" />
    <TestEntry testId="4282eefe-6df0-0aa8-f48d-cbcc526368f0" executionId="0d834f27-08de-4f90-8eae-83e01def20f8" testListId="8c84fa94-04c1-424b-9868-57a2d4851a1d" />
    <TestEntry testId="93656714-6626-fb72-b7b8-0ddb5a424c60" executionId="a3b2978e-4506-4850-aee9-50674ddc1437" testListId="8c84fa94-04c1-424b-9868-57a2d4851a1d" />
    <TestEntry testId="833dcbe4-f0ff-88ae-b9c0-db6198a833b2" executionId="ed10da8f-e85e-4b58-b7c3-8793f8b58bae" testListId="8c84fa94-04c1-424b-9868-57a2d4851a1d" />
    <TestEntry testId="8072a877-4ce2-a367-8767-fb309ad6db36" executionId="4948763c-4488-440c-8d48-19d6f932a4f4" testListId="8c84fa94-04c1-424b-9868-57a2d4851a1d" />
    <TestEntry testId="e0a04c8d-9b09-35cd-2c4a-640589ce90ab" executionId="5cfc109a-04ec-4077-8e7f-4c52ffd2e311" testListId="8c84fa94-04c1-424b-9868-57a2d4851a1d" />
    <TestEntry testId="10822486-5613-712f-753d-b793e90e3e4e" executionId="f615dbc0-4d49-4549-9858-39ce4f317be5" testListId="8c84fa94-04c1-424b-9868-57a2d4851a1d" />
    <TestEntry testId="a2445d27-87a0-f54f-9806-d9478d50a912" executionId="3a401890-e3fa-4edb-8bff-59d0340ef574" testListId="8c84fa94-04c1-424b-9868-57a2d4851a1d" />
    <TestEntry testId="4ed60e03-01ea-6d16-8049-7c85b7fcfb38" executionId="169eeb93-6fd7-402f-963b-2b565b46a613" testListId="8c84fa94-04c1-424b-9868-57a2d4851a1d" />
    <TestEntry testId="fb35d0bb-5a8d-096d-7b61-9fb390e2f9a5" executionId="9d902c38-fec1-452b-a950-f61c4e05d8f8" testListId="8c84fa94-04c1-424b-9868-57a2d4851a1d" />
    <TestEntry testId="80c5ed7a-1f86-279e-0d1c-89b2a2bd0493" executionId="8796ffc4-8ed7-4511-ba52-507b8b1d0d03" testListId="8c84fa94-04c1-424b-9868-57a2d4851a1d" />
    <TestEntry testId="dfa1f390-cef9-2aa5-4518-c78b8336ab29" executionId="385ca9f4-525f-43f0-83aa-a063203b267f" testListId="8c84fa94-04c1-424b-9868-57a2d4851a1d" />
    <TestEntry testId="ed455bfc-c11d-1302-39a1-efbf1d3eb764" executionId="fceb923c-fe16-4a2f-b182-d3f09a901f35" testListId="8c84fa94-04c1-424b-9868-57a2d4851a1d" />
    <TestEntry testId="fba1b6c6-e6e6-f4b5-e966-383bd13eb6bd" executionId="01cfc69a-3b86-41d2-a159-ab45fa9f8480" testListId="8c84fa94-04c1-424b-9868-57a2d4851a1d" />
    <TestEntry testId="9a87d413-c6b3-9ad7-7032-29cd0562cb72" executionId="425ae0fb-e0a4-4a03-a382-7d2ed0a55f64" testListId="8c84fa94-04c1-424b-9868-57a2d4851a1d" />
    <TestEntry testId="1f742154-6861-6578-9414-0e9a3eece60e" executionId="0a86d2e0-afda-4be6-b018-14256e70a5d5" testListId="8c84fa94-04c1-424b-9868-57a2d4851a1d" />
    <TestEntry testId="346a06e8-264a-f2f0-f29c-725865e4afb7" executionId="0bb69664-e8d9-4786-862a-a49b046699a3" testListId="8c84fa94-04c1-424b-9868-57a2d4851a1d" />
    <TestEntry testId="baf93a6c-301d-2e66-c971-d67ed7e2f83a" executionId="5214ad0e-42bb-42fd-9478-305cfb54e777" testListId="8c84fa94-04c1-424b-9868-57a2d4851a1d" />
    <TestEntry testId="f68d4791-0915-e353-4209-2a4498755aee" executionId="71296b6f-fa11-4868-bad4-5d9a477dec49" testListId="8c84fa94-04c1-424b-9868-57a2d4851a1d" />
    <TestEntry testId="71d7e133-8ecf-861e-c62c-fb338ed22887" executionId="1d3c555e-2662-4187-a31a-bfd9e44c7213" testListId="8c84fa94-04c1-424b-9868-57a2d4851a1d" />
    <TestEntry testId="4fa6929e-1f20-12f7-92d3-ae61d5ba1aab" executionId="da89d47e-1ef5-482b-8624-8fb2a21d09fe" testListId="8c84fa94-04c1-424b-9868-57a2d4851a1d" />
    <TestEntry testId="168bdac7-ed76-0c99-ba1a-1ee5b2fb09eb" executionId="f9e67758-611d-448a-829e-9d430e169854" testListId="8c84fa94-04c1-424b-9868-57a2d4851a1d" />
    <TestEntry testId="c3d1cbe1-843e-8338-2b87-86070a2c1686" executionId="68e3aa6c-571e-40a7-8981-6b0ba53b1f0f" testListId="8c84fa94-04c1-424b-9868-57a2d4851a1d" />
    <TestEntry testId="40d08105-b5ba-a355-5271-fb7b67b6c196" executionId="213b9967-135e-4c1e-82d9-57392d4fb416" testListId="8c84fa94-04c1-424b-9868-57a2d4851a1d" />
    <TestEntry testId="12ffe511-80a0-52b6-10ce-221b8ca4aae8" executionId="ac3afdee-ce06-49d7-87b3-ef73a2da97f5" testListId="8c84fa94-04c1-424b-9868-57a2d4851a1d" />
    <TestEntry testId="4fd6fb4c-863d-f8cd-f812-225910ffdefc" executionId="fe03e9e6-a55d-4d57-a3df-86416eb00b98" testListId="8c84fa94-04c1-424b-9868-57a2d4851a1d" />
    <TestEntry testId="60d4882e-0eb1-2857-5dd3-8731209595a7" executionId="95c3e9a7-32c7-4345-9939-4078c3e06868" testListId="8c84fa94-04c1-424b-9868-57a2d4851a1d" />
    <TestEntry testId="6ce1d546-6d7e-5acc-a7db-612bdfe1b4cf" executionId="e0aab919-3668-484a-829a-2cc7fc08f8a9" testListId="8c84fa94-04c1-424b-9868-57a2d4851a1d" />
    <TestEntry testId="cc968c06-abd9-a3c7-ba17-62116c41d074" executionId="3fcbf5c6-9d47-4868-8fc4-d1950b139855" testListId="8c84fa94-04c1-424b-9868-57a2d4851a1d" />
    <TestEntry testId="7a6429b5-bc6b-18ab-0cf2-05c5b08e51d2" executionId="d3731884-4ecb-483a-8705-f3b56d64363c" testListId="8c84fa94-04c1-424b-9868-57a2d4851a1d" />
    <TestEntry testId="7591c074-9cd8-3c7d-e6a8-c2df4243fa16" executionId="4a216442-5dc7-4e89-b68d-5e286c2a4177" testListId="8c84fa94-04c1-424b-9868-57a2d4851a1d" />
    <TestEntry testId="a605ccf7-a496-070e-2d7c-96a16cb211db" executionId="61a7e116-5492-46ee-b7b5-890e9e09cde6" testListId="8c84fa94-04c1-424b-9868-57a2d4851a1d" />
    <TestEntry testId="fb445222-bdd6-560a-35fc-528236a75eb3" executionId="95e2ed04-bd52-4c71-93ff-35532ca18678" testListId="8c84fa94-04c1-424b-9868-57a2d4851a1d" />
    <TestEntry testId="473feee2-6634-1b7c-58da-ae579e737838" executionId="32e7716a-164d-4bb3-ad4a-b6181eabe8f3" testListId="8c84fa94-04c1-424b-9868-57a2d4851a1d" />
    <TestEntry testId="e8aaab42-0bea-237a-5e22-458fa32cc9b0" executionId="29b09d8a-ad19-4708-8878-880ffea29a9f" testListId="8c84fa94-04c1-424b-9868-57a2d4851a1d" />
    <TestEntry testId="a116e619-7648-754f-f407-32b958247704" executionId="4c4be177-bd87-4c20-9c91-4acd6a4343a4" testListId="8c84fa94-04c1-424b-9868-57a2d4851a1d" />
    <TestEntry testId="0f1a973f-5c73-215e-4d52-5cd1899691c6" executionId="13e5512b-3aa1-4fd5-a69f-b3cbd3c588d0" testListId="8c84fa94-04c1-424b-9868-57a2d4851a1d" />
    <TestEntry testId="90fe66ae-0614-e16e-dd90-d71d9cf4420a" executionId="7a2443b8-39c5-4502-8abf-6ee1eb55a32e" testListId="8c84fa94-04c1-424b-9868-57a2d4851a1d" />
    <TestEntry testId="83e45a16-f635-f150-6c17-563fe2c73a1e" executionId="f1e01950-63f5-477d-a8c9-4bf72ba6087a" testListId="8c84fa94-04c1-424b-9868-57a2d4851a1d" />
    <TestEntry testId="05d90b63-1386-d522-40f1-f2643ab40cf2" executionId="de7a5646-d6af-4bf3-b024-44a0a416a4d3" testListId="8c84fa94-04c1-424b-9868-57a2d4851a1d" />
    <TestEntry testId="59241aae-f425-c839-244f-7de0dbc28132" executionId="09556594-0f0e-4e68-8246-1ee0bf293f55" testListId="8c84fa94-04c1-424b-9868-57a2d4851a1d" />
    <TestEntry testId="379e7fb0-fbca-9174-e7b1-dae3e999eb11" executionId="5cd26097-c2e7-42f7-8e26-7f9ae1211955" testListId="8c84fa94-04c1-424b-9868-57a2d4851a1d" />
    <TestEntry testId="fe5bbc6e-217a-72d7-4dc2-06ca8f448582" executionId="439827b0-cf91-4e7c-8aac-41b64e35edb1" testListId="8c84fa94-04c1-424b-9868-57a2d4851a1d" />
    <TestEntry testId="19019f78-31e0-9903-3bc1-26540e1e1d8f" executionId="8a4625c1-6ae3-4aa9-9c84-43cbbb58e64c" testListId="8c84fa94-04c1-424b-9868-57a2d4851a1d" />
    <TestEntry testId="ba00db06-87b1-e8de-ac25-4a95e7b556da" executionId="84af22e1-d23b-45f1-9270-42af477d1a82" testListId="8c84fa94-04c1-424b-9868-57a2d4851a1d" />
    <TestEntry testId="e79acf17-3359-a11b-1a80-e6f5db86549c" executionId="62552cd4-7f51-4e46-a130-8672b1f44872" testListId="8c84fa94-04c1-424b-9868-57a2d4851a1d" />
    <TestEntry testId="af1a2b29-a331-d591-e302-488b732af050" executionId="2c789871-bde9-4747-9a01-203140f8da8a" testListId="8c84fa94-04c1-424b-9868-57a2d4851a1d" />
    <TestEntry testId="27445f14-8b5f-a165-c493-b7da2f5a36b6" executionId="43a104d5-5d21-4e25-9a16-be75cad7039a" testListId="8c84fa94-04c1-424b-9868-57a2d4851a1d" />
    <TestEntry testId="75419b35-dc91-9671-fbf3-be8565de2714" executionId="3fe9c696-2e10-4f7e-851c-76bfbb15b95b" testListId="8c84fa94-04c1-424b-9868-57a2d4851a1d" />
    <TestEntry testId="21b2066e-ba5a-adf8-4260-948c2c058cc6" executionId="84b4b71e-5aab-4be3-977a-298bc81a01df" testListId="8c84fa94-04c1-424b-9868-57a2d4851a1d" />
    <TestEntry testId="8a04d347-559d-dbb1-aab2-93ff26985f69" executionId="1c84d7fd-5bd5-4a00-86fd-d98c62e7f830" testListId="8c84fa94-04c1-424b-9868-57a2d4851a1d" />
    <TestEntry testId="c64493c0-cebb-3162-1020-dc67b8c54e04" executionId="ec97ab85-3eba-44bb-ac2b-8f58e54e2515" testListId="8c84fa94-04c1-424b-9868-57a2d4851a1d" />
    <TestEntry testId="d8f70ef9-920b-5c8f-06be-6980bce81dfb" executionId="548fb566-c68f-48c8-9676-f1bbca0f5af2" testListId="8c84fa94-04c1-424b-9868-57a2d4851a1d" />
    <TestEntry testId="e631db54-a4d9-ebe5-0623-54192d39abba" executionId="165c3db5-21bc-489b-8513-a280448a5e31" testListId="8c84fa94-04c1-424b-9868-57a2d4851a1d" />
    <TestEntry testId="967b1eaf-7981-cfd5-a513-e7c8c68292c7" executionId="6441fbdc-d1ed-4426-a436-1706114ae750" testListId="8c84fa94-04c1-424b-9868-57a2d4851a1d" />
    <TestEntry testId="6a2ad398-163f-5780-74bc-df4eb9dc1499" executionId="1d76a4ac-8018-4f6b-8902-4c2b2c131bca" testListId="8c84fa94-04c1-424b-9868-57a2d4851a1d" />
    <TestEntry testId="0cb1a4ee-873b-32d2-1b2d-73480a78836f" executionId="97ab9299-6fc1-4d9e-a4c4-e766037fe46f" testListId="8c84fa94-04c1-424b-9868-57a2d4851a1d" />
    <TestEntry testId="4f772c6d-6e64-15de-49c3-9864cd8591e0" executionId="03038862-c668-4688-9b77-435dc77c59c0" testListId="8c84fa94-04c1-424b-9868-57a2d4851a1d" />
    <TestEntry testId="0a4f67ec-ed90-1820-cde8-d03a96637005" executionId="e22b7745-6c3f-4b12-91d6-317ee82e1388" testListId="8c84fa94-04c1-424b-9868-57a2d4851a1d" />
    <TestEntry testId="97550b44-752a-1dc1-7b88-beab746a35f6" executionId="8a5cf2ac-7295-4a72-8777-79b7c5666999" testListId="8c84fa94-04c1-424b-9868-57a2d4851a1d" />
    <TestEntry testId="65e94095-42ff-bd8f-4ed8-f88b435f2de9" executionId="770dd068-78e3-42df-ad45-b4c227b7e253" testListId="8c84fa94-04c1-424b-9868-57a2d4851a1d" />
    <TestEntry testId="05257a4e-071c-1ebe-57b4-bc8f7523f670" executionId="105caad1-ff17-4429-bbc4-fa1d78894687" testListId="8c84fa94-04c1-424b-9868-57a2d4851a1d" />
    <TestEntry testId="10d5437c-7580-b5e5-ef15-7099161ebbb9" executionId="eb7b9ec6-3d4f-4689-8ae9-2e1c6f8aa9f7" testListId="8c84fa94-04c1-424b-9868-57a2d4851a1d" />
    <TestEntry testId="bd04fd98-3c3f-fb59-a5ef-f099e55f0503" executionId="01eee2a1-f30a-4f33-96fe-f41b408a6887" testListId="8c84fa94-04c1-424b-9868-57a2d4851a1d" />
    <TestEntry testId="83f8e9a6-049e-58fc-b73e-87995d2e4000" executionId="f779aae6-5536-4943-9d96-967a30b3d83f" testListId="8c84fa94-04c1-424b-9868-57a2d4851a1d" />
    <TestEntry testId="62d129d7-40b6-7139-2fae-626b730d30c2" executionId="8435e5b6-128b-4308-90d3-16d5bc8eee85" testListId="8c84fa94-04c1-424b-9868-57a2d4851a1d" />
    <TestEntry testId="38454601-a539-9b76-e916-edc5c5ed8b20" executionId="6a3ed30a-13bb-4953-a998-822392cd3c3c" testListId="8c84fa94-04c1-424b-9868-57a2d4851a1d" />
    <TestEntry testId="1c9e1083-69b5-b80e-99c7-c42272e46056" executionId="8d8165f1-36d6-4020-b555-92e7c602d6c1" testListId="8c84fa94-04c1-424b-9868-57a2d4851a1d" />
    <TestEntry testId="70a1ada2-4594-a63f-00bc-15d7c957c8b0" executionId="f04e0cd2-fa44-4fe7-97cc-aa688193373e" testListId="8c84fa94-04c1-424b-9868-57a2d4851a1d" />
    <TestEntry testId="e165a62a-b148-67e6-aadd-2bf4e4703c76" executionId="b5ea3088-3856-4128-8575-0ea55a639408" testListId="8c84fa94-04c1-424b-9868-57a2d4851a1d" />
    <TestEntry testId="ebc34690-6b89-bd0a-ca8a-de1fafba8c5f" executionId="9efab64f-5410-4897-a87c-043c99ea92b8" testListId="8c84fa94-04c1-424b-9868-57a2d4851a1d" />
    <TestEntry testId="f2ab1f8c-e9c6-27d0-9605-d86693f361c2" executionId="2dfe0c4e-8979-4b4b-b2c8-0fa1171588a3" testListId="8c84fa94-04c1-424b-9868-57a2d4851a1d" />
    <TestEntry testId="0c4dc994-a73c-c21a-fc81-adcebb1b0411" executionId="e362ba2b-bc06-427e-8a76-ea2936383673" testListId="8c84fa94-04c1-424b-9868-57a2d4851a1d" />
    <TestEntry testId="b8c1a120-3aa9-a3c2-e055-aed3c5aea7f5" executionId="3badc25d-6032-455e-9c05-a1284e6c1176" testListId="8c84fa94-04c1-424b-9868-57a2d4851a1d" />
    <TestEntry testId="71bf252f-3ae2-ae0d-e510-741f23bf3176" executionId="4b03b01c-806a-4177-9e3c-4af318847ad2" testListId="8c84fa94-04c1-424b-9868-57a2d4851a1d" />
    <TestEntry testId="d66b8402-bdec-b5de-61a9-d8a05f0a58fd" executionId="ff320dee-ffb8-4036-b371-0bcf857ea40c" testListId="8c84fa94-04c1-424b-9868-57a2d4851a1d" />
    <TestEntry testId="1ced872c-663c-a148-310f-21ffa51a9375" executionId="42c6ba3a-cdd4-42be-9492-cc1d7f94df91" testListId="8c84fa94-04c1-424b-9868-57a2d4851a1d" />
    <TestEntry testId="6436d100-eb11-d32a-7311-fd9c30ccdb5e" executionId="a2543109-746e-4285-9f55-8b5a65df1f28" testListId="8c84fa94-04c1-424b-9868-57a2d4851a1d" />
    <TestEntry testId="cb4ebe3e-897e-c640-b30b-e6a029b35ca9" executionId="0b8b2a2b-09a8-4825-a27c-86e0715f5a8b" testListId="8c84fa94-04c1-424b-9868-57a2d4851a1d" />
    <TestEntry testId="d085e933-a541-da0b-b837-feac9b4adf4d" executionId="3a62ad7b-6117-4765-8b6b-d3a159b39482" testListId="8c84fa94-04c1-424b-9868-57a2d4851a1d" />
    <TestEntry testId="57df8fa0-ec84-4765-b544-ed58391e58f3" executionId="0d5c9584-e297-476a-8bdc-9fa949a09c43" testListId="8c84fa94-04c1-424b-9868-57a2d4851a1d" />
    <TestEntry testId="9428fba0-81b8-38dd-aa37-7663fff1c2d3" executionId="cf0a2e26-b609-4acd-bbba-2e56fa374d91" testListId="8c84fa94-04c1-424b-9868-57a2d4851a1d" />
    <TestEntry testId="3e6c7faf-3b6f-fb12-a011-572f81f90464" executionId="55cd14b1-6b92-497e-b895-3bc7ae0a260d" testListId="8c84fa94-04c1-424b-9868-57a2d4851a1d" />
    <TestEntry testId="26869ea4-a77f-8a93-1c7e-4c8b16311843" executionId="ac0cab35-05ff-4b6a-93dd-6b74d43c5766" testListId="8c84fa94-04c1-424b-9868-57a2d4851a1d" />
    <TestEntry testId="a1fcd694-35ea-a7a7-c400-3d59c2fc164a" executionId="79344577-7c28-4ada-afca-0fda9191b620" testListId="8c84fa94-04c1-424b-9868-57a2d4851a1d" />
    <TestEntry testId="3f3b38d9-bac7-3628-aae0-fc8419e7a10d" executionId="55618a3f-e050-4394-af56-f2d9022c4840" testListId="8c84fa94-04c1-424b-9868-57a2d4851a1d" />
    <TestEntry testId="e52cfa49-de57-7394-adcf-bcc129248019" executionId="558818c4-4d32-4aab-ba20-36129b62714a" testListId="8c84fa94-04c1-424b-9868-57a2d4851a1d" />
    <TestEntry testId="f90b3228-a455-35b9-3a15-708b7e746e0a" executionId="8517442f-4985-44e9-b8e2-a956194ee758" testListId="8c84fa94-04c1-424b-9868-57a2d4851a1d" />
    <TestEntry testId="415e02cc-8f56-b190-34a0-ec55f8a8417a" executionId="d1ab3a14-5a4b-46cf-b11b-c4e2ca2ea4e5" testListId="8c84fa94-04c1-424b-9868-57a2d4851a1d" />
    <TestEntry testId="67dd4fe0-48ac-c604-d130-0729ce141e05" executionId="fdb7255b-7596-4c2a-b0ec-b984ff09ae97" testListId="8c84fa94-04c1-424b-9868-57a2d4851a1d" />
    <TestEntry testId="8560ef75-2d51-ab57-4ae2-b49e28364590" executionId="c134759e-bdc1-4aa7-8a4c-dc9617310b74" testListId="8c84fa94-04c1-424b-9868-57a2d4851a1d" />
    <TestEntry testId="d1d0c140-c667-6a42-160a-d43b3568f072" executionId="b20c8e92-6dac-4baf-8dc0-5c019c1def6d" testListId="8c84fa94-04c1-424b-9868-57a2d4851a1d" />
    <TestEntry testId="c67660c5-c463-4dae-b92a-42c6ca65f0c9" executionId="4c1fa39a-8a84-4fe5-a0d4-ca83bd6bb454" testListId="8c84fa94-04c1-424b-9868-57a2d4851a1d" />
    <TestEntry testId="19fa721a-f600-3b1c-98cf-731686f7c62a" executionId="72ee3ac7-f927-4575-9293-5c72d813fceb" testListId="8c84fa94-04c1-424b-9868-57a2d4851a1d" />
    <TestEntry testId="2b0ec349-a8cc-dc60-e79e-43d19248af77" executionId="070a6013-d0c0-475d-8c5a-156a4304a475" testListId="8c84fa94-04c1-424b-9868-57a2d4851a1d" />
    <TestEntry testId="22d7df5f-2eaf-237e-4768-b2980ba364de" executionId="7c47f2ed-1011-4e76-88cf-f618e92c1bcf" testListId="8c84fa94-04c1-424b-9868-57a2d4851a1d" />
    <TestEntry testId="9c7a95c0-a91e-584f-6c6b-52ba3b46d165" executionId="eec0b23e-2fcc-4fa7-8af9-fadb913b7989" testListId="8c84fa94-04c1-424b-9868-57a2d4851a1d" />
    <TestEntry testId="904d6b74-9fc8-db51-4bf7-bbbd66cc8e9f" executionId="4c19890f-5641-4216-bc75-042cea7d2989" testListId="8c84fa94-04c1-424b-9868-57a2d4851a1d" />
    <TestEntry testId="ed932f34-7cc2-44a0-3701-0c953933385d" executionId="ddefb294-d23e-49a8-a992-232b5fdf942d" testListId="8c84fa94-04c1-424b-9868-57a2d4851a1d" />
    <TestEntry testId="898dafeb-42e8-87f7-2062-914592675ee1" executionId="99493c43-2918-4cc2-b4c8-b9aa53d0a47d" testListId="8c84fa94-04c1-424b-9868-57a2d4851a1d" />
    <TestEntry testId="45769738-296e-a1d6-53bc-812ea6f358fe" executionId="2a32540f-1ed3-49ce-8762-c1a51f3e3cd3" testListId="8c84fa94-04c1-424b-9868-57a2d4851a1d" />
    <TestEntry testId="5adffdff-ca3f-0fdf-d0d9-156760d84518" executionId="829b08f6-2539-459c-87c4-2fe9493762ff" testListId="8c84fa94-04c1-424b-9868-57a2d4851a1d" />
    <TestEntry testId="0a121ef9-b240-98a2-c871-a1ac3c122dd9" executionId="1b279c84-0a57-4ac1-92bc-c6e8e18491cf" testListId="8c84fa94-04c1-424b-9868-57a2d4851a1d" />
    <TestEntry testId="184bf1b0-c493-f7cd-dd1e-0f16602698e7" executionId="6263cb93-d197-4c24-b9e2-78d1cd54375f" testListId="8c84fa94-04c1-424b-9868-57a2d4851a1d" />
    <TestEntry testId="e507ce62-77e1-1ac0-fff3-87bd6af9ffce" executionId="0834ac2b-28dd-493b-8ab0-8d373010bc77" testListId="8c84fa94-04c1-424b-9868-57a2d4851a1d" />
    <TestEntry testId="4fc671dc-3c3e-d9c7-48ae-0068943ed286" executionId="7b82e208-2649-4446-a264-686b3d28f0fc" testListId="8c84fa94-04c1-424b-9868-57a2d4851a1d" />
    <TestEntry testId="c31c7f6f-0b8a-3e2f-6398-4705170945d6" executionId="1b40749c-35a5-4fba-97b1-53bc72601b80" testListId="8c84fa94-04c1-424b-9868-57a2d4851a1d" />
    <TestEntry testId="0b72a30f-79a2-037e-aca6-3b4486d6166c" executionId="5b189b6c-40e5-4f26-85e1-42f0719fe98b" testListId="8c84fa94-04c1-424b-9868-57a2d4851a1d" />
    <TestEntry testId="a549fcfb-0f45-8919-8920-d0e2b5caeadc" executionId="d30d6987-1dfa-4ef9-b1da-0c268983843a" testListId="8c84fa94-04c1-424b-9868-57a2d4851a1d" />
    <TestEntry testId="bbffe52d-0972-17ec-0a84-a00c4ce24dae" executionId="a94ebf9a-e433-4813-9041-19673bcc7409" testListId="8c84fa94-04c1-424b-9868-57a2d4851a1d" />
    <TestEntry testId="c13023f4-e88a-1276-6662-7b1e337c240c" executionId="f41a78da-3180-4d04-942a-5dfaf6aa2d0e" testListId="8c84fa94-04c1-424b-9868-57a2d4851a1d" />
    <TestEntry testId="ac862b27-af7f-d1ff-c19a-c6d1d0ab032c" executionId="8c9ae680-3378-4481-aecf-021620fc3f9f" testListId="8c84fa94-04c1-424b-9868-57a2d4851a1d" />
    <TestEntry testId="b64a536a-d9ec-776b-4b26-b3b7c2cfc91b" executionId="e1f7855f-ed9e-46c9-9977-d19bb93cee82" testListId="8c84fa94-04c1-424b-9868-57a2d4851a1d" />
    <TestEntry testId="28f4864e-fd74-e023-7c19-0827cba42197" executionId="566833d6-29a1-4449-a139-75ea081d0477" testListId="8c84fa94-04c1-424b-9868-57a2d4851a1d" />
    <TestEntry testId="08e6c6dc-6907-ac5b-1881-3003e0e7d2af" executionId="45923107-4e9d-4ba5-b0e0-fba614cac4ed" testListId="8c84fa94-04c1-424b-9868-57a2d4851a1d" />
    <TestEntry testId="8d8bdb50-080c-398d-1a44-35a77b3ce319" executionId="b41f246a-1b67-4c10-90b6-04748ac8a5ac" testListId="8c84fa94-04c1-424b-9868-57a2d4851a1d" />
    <TestEntry testId="f52585e8-a0b6-4014-1a43-12041aaac270" executionId="bc0adaff-5ea5-424b-9585-976805c565be" testListId="8c84fa94-04c1-424b-9868-57a2d4851a1d" />
    <TestEntry testId="7ffeb03f-cab1-e8ce-0dda-fcfcc5897dbb" executionId="a22c0b28-7594-495b-9724-b54a08cd8c15" testListId="8c84fa94-04c1-424b-9868-57a2d4851a1d" />
    <TestEntry testId="a73bdaf5-eea7-a7b4-bd79-b442544e6350" executionId="da21fa45-e510-4f36-8d11-0a5ec769472f" testListId="8c84fa94-04c1-424b-9868-57a2d4851a1d" />
    <TestEntry testId="63938eb2-b1af-bc6e-9c2a-5e38a3f83e9a" executionId="445469aa-d60c-42cd-8b6b-c922ce8c7172" testListId="8c84fa94-04c1-424b-9868-57a2d4851a1d" />
    <TestEntry testId="3d6947c8-4001-d24d-17be-cd82424d1288" executionId="9ea993d5-a1b7-4356-998d-afd6a2be1534" testListId="8c84fa94-04c1-424b-9868-57a2d4851a1d" />
    <TestEntry testId="d8810dc6-eaad-3005-c08b-b3305c5462a6" executionId="defcb82f-a234-44cb-9fd6-16937316c968" testListId="8c84fa94-04c1-424b-9868-57a2d4851a1d" />
    <TestEntry testId="a6b4762e-00db-a344-b501-3ae2e1e3fd44" executionId="b9beb36a-e3d2-4747-ae57-bcb2d9a2546f" testListId="8c84fa94-04c1-424b-9868-57a2d4851a1d" />
    <TestEntry testId="54b04061-0118-4aa7-ee8b-4d9dc57a6e37" executionId="d8ed2860-acfa-4813-95a1-0229be742445" testListId="8c84fa94-04c1-424b-9868-57a2d4851a1d" />
    <TestEntry testId="91905b82-4046-b5d3-b15b-adb47e3e142b" executionId="a013d0bc-30c1-42ea-b83a-fe43f91b05f5" testListId="8c84fa94-04c1-424b-9868-57a2d4851a1d" />
    <TestEntry testId="94a764a6-a4a1-c15f-6764-327bb8240cb2" executionId="c6084e1f-9139-4a8f-944b-c06d30333e28" testListId="8c84fa94-04c1-424b-9868-57a2d4851a1d" />
    <TestEntry testId="1b5146a9-c536-7e66-c1af-bc569efa777f" executionId="ed20814e-3ef9-4a63-90b4-c8fcedaec3a4" testListId="8c84fa94-04c1-424b-9868-57a2d4851a1d" />
    <TestEntry testId="4ec92037-0c64-1a7b-034c-bfecc9924ecc" executionId="fd4dcb94-fd20-41cf-9df4-cc789ea62c3e" testListId="8c84fa94-04c1-424b-9868-57a2d4851a1d" />
    <TestEntry testId="1c0c493c-ec1d-e0e4-801f-294554382941" executionId="03f5795e-4361-4948-ae9c-30b50a89bceb" testListId="8c84fa94-04c1-424b-9868-57a2d4851a1d" />
    <TestEntry testId="c3716c7e-3d87-b028-34c4-8e1e184bd8c6" executionId="edefd7db-24b2-4d37-9ada-c84d34438357" testListId="8c84fa94-04c1-424b-9868-57a2d4851a1d" />
    <TestEntry testId="f7a96a55-17c0-2607-537a-d96eca6b0619" executionId="c46ea1e7-263c-4799-8874-8a94fd1d03b0" testListId="8c84fa94-04c1-424b-9868-57a2d4851a1d" />
    <TestEntry testId="95d2478f-615f-4728-c162-3766c9fa4889" executionId="dbfbeea3-625c-46cd-a28f-9f8ecc0d6e3f" testListId="8c84fa94-04c1-424b-9868-57a2d4851a1d" />
    <TestEntry testId="183bc7e4-92b9-5996-c575-edf79a4bfee5" executionId="d51eb047-e163-42be-8257-53622f2f54ba" testListId="8c84fa94-04c1-424b-9868-57a2d4851a1d" />
    <TestEntry testId="4d0a83fc-2ee3-8f42-2d8a-df59079fb170" executionId="ed910977-bc32-4a48-b0bd-0ba170feba6d" testListId="8c84fa94-04c1-424b-9868-57a2d4851a1d" />
    <TestEntry testId="40fd4848-1849-d986-7d4f-c1992abac1da" executionId="42424148-92ba-470b-8d52-01bef0e19f1e" testListId="8c84fa94-04c1-424b-9868-57a2d4851a1d" />
    <TestEntry testId="c2f16de4-6460-5c39-fe4f-9230aeb03e44" executionId="90418057-1b4f-47fb-9397-faeeca110210" testListId="8c84fa94-04c1-424b-9868-57a2d4851a1d" />
    <TestEntry testId="22938d2a-d707-bc97-ad5f-67ba9b31b886" executionId="4181f544-984a-48a5-b754-02d6ab841ace" testListId="8c84fa94-04c1-424b-9868-57a2d4851a1d" />
    <TestEntry testId="dfcc42e0-0120-6fa9-b9a8-1efa9365612e" executionId="2b5327ea-3c24-4f83-bda8-a70f5045b065" testListId="8c84fa94-04c1-424b-9868-57a2d4851a1d" />
    <TestEntry testId="c339663a-f66a-5e77-faa9-17bb002caa5c" executionId="7086e7a6-16ba-403e-997f-703a81e99d5d" testListId="8c84fa94-04c1-424b-9868-57a2d4851a1d" />
    <TestEntry testId="0b7048e1-b525-a463-fe78-93d61d4140cb" executionId="9ca4bd96-3a37-455d-b337-3f1a7006124e" testListId="8c84fa94-04c1-424b-9868-57a2d4851a1d" />
    <TestEntry testId="14c1f215-4e58-e8c0-ffc7-ab5d09c4f3b3" executionId="19307f22-4959-4565-a82f-584e23e7aea9" testListId="8c84fa94-04c1-424b-9868-57a2d4851a1d" />
    <TestEntry testId="9ead51c3-c2b9-2587-dcde-78331816bacd" executionId="47a03564-f884-443f-8e29-dace82e12f8c" testListId="8c84fa94-04c1-424b-9868-57a2d4851a1d" />
    <TestEntry testId="734443cc-fe4b-20d9-e3f2-d96ed1a73d09" executionId="7ec407a9-d466-4959-a605-cdecf037bbd0" testListId="8c84fa94-04c1-424b-9868-57a2d4851a1d" />
    <TestEntry testId="a82cfec9-414d-4b9c-d89f-eab11c636084" executionId="6d49b8b4-0390-4dd4-be11-c9b4602398c2" testListId="8c84fa94-04c1-424b-9868-57a2d4851a1d" />
    <TestEntry testId="09291de5-fa2d-aec6-8ccd-187e9c2e738c" executionId="bce35ef2-ffc4-4375-9de9-a3de7b7b80c9" testListId="8c84fa94-04c1-424b-9868-57a2d4851a1d" />
    <TestEntry testId="778eddd1-5f40-1b5e-6137-a17c4ca55f28" executionId="bfdef6ac-89cb-4461-a08d-988b401f58ad" testListId="8c84fa94-04c1-424b-9868-57a2d4851a1d" />
    <TestEntry testId="f00a1dc2-6d87-d290-273d-dcd5e6842f53" executionId="13b454f3-9c96-49da-be1d-54c6900e8ca8" testListId="8c84fa94-04c1-424b-9868-57a2d4851a1d" />
    <TestEntry testId="6a23f1b9-06b9-4efe-f540-d10442fc7f65" executionId="04e85636-c4ea-4f31-b0fc-dd8165ef2401" testListId="8c84fa94-04c1-424b-9868-57a2d4851a1d" />
    <TestEntry testId="9ab117d3-dd51-01d8-14e9-f3f4d6e6832b" executionId="036d4ed0-97d1-4751-aaef-92cc3f4cc5e2" testListId="8c84fa94-04c1-424b-9868-57a2d4851a1d" />
    <TestEntry testId="4a41963f-48b5-1af5-918b-2a9b72dbe27d" executionId="46e11d4b-711e-4481-9f94-7e7f83d1ca57" testListId="8c84fa94-04c1-424b-9868-57a2d4851a1d" />
    <TestEntry testId="e6f0fbdc-89d7-c256-6e4a-ab71c4a24421" executionId="f1237f91-4a49-4523-bbbd-b02506bcacee" testListId="8c84fa94-04c1-424b-9868-57a2d4851a1d" />
    <TestEntry testId="5ea77635-2124-4d2b-cb4c-592a30023fc2" executionId="b6583607-97c1-47fe-ac25-b2c5dae9ae0d" testListId="8c84fa94-04c1-424b-9868-57a2d4851a1d" />
    <TestEntry testId="bcb08573-2035-7da5-beca-b3704537136d" executionId="d7080810-8fff-4550-ae7e-226f50c87d94" testListId="8c84fa94-04c1-424b-9868-57a2d4851a1d" />
    <TestEntry testId="cf160c9d-8c33-774e-8bf5-9abbeafe9a6c" executionId="a1436ddb-d960-423f-af52-19407a91a58d" testListId="8c84fa94-04c1-424b-9868-57a2d4851a1d" />
    <TestEntry testId="6ddb5b9b-4fae-4bff-a95e-82a68b35fc4c" executionId="89680df1-1407-4f63-b957-5563a1438f17" testListId="8c84fa94-04c1-424b-9868-57a2d4851a1d" />
    <TestEntry testId="0ef7f403-c758-0626-5495-f873bcba95d1" executionId="28e0c57f-7682-4d50-a4a2-d25cf786ca71" testListId="8c84fa94-04c1-424b-9868-57a2d4851a1d" />
    <TestEntry testId="dd8973fa-6be0-389d-82a6-b1b6b5069686" executionId="0cfcfe0c-4115-45f5-a24c-3e5a7ced57bf" testListId="8c84fa94-04c1-424b-9868-57a2d4851a1d" />
    <TestEntry testId="4d3e3b39-70c3-ead5-5dca-cc60fe95324a" executionId="4a63569a-7f96-4c54-b2e5-95cebf46c485" testListId="8c84fa94-04c1-424b-9868-57a2d4851a1d" />
    <TestEntry testId="ea9d0c0a-e4b4-9ddd-d885-1688ca05820e" executionId="b949bc17-06cb-4236-b596-dea57667dc8d" testListId="8c84fa94-04c1-424b-9868-57a2d4851a1d" />
    <TestEntry testId="4023dd35-63f3-1ab2-3bec-c080b279346d" executionId="9710b127-e4d5-4494-aca3-2d029d481fcc" testListId="8c84fa94-04c1-424b-9868-57a2d4851a1d" />
    <TestEntry testId="af12e411-a69d-71b5-5cfa-7ba5473fa343" executionId="17146274-84bd-471d-95ad-090080c13812" testListId="8c84fa94-04c1-424b-9868-57a2d4851a1d" />
    <TestEntry testId="11d10453-7be0-e245-eb86-1d480d741b0b" executionId="8aa8d15e-7298-4cec-878c-733fbbd52643" testListId="8c84fa94-04c1-424b-9868-57a2d4851a1d" />
    <TestEntry testId="9c02bb0a-12e9-659a-1b8b-b6e06658d050" executionId="1893dda4-7234-474b-a891-d77b557edfa7" testListId="8c84fa94-04c1-424b-9868-57a2d4851a1d" />
    <TestEntry testId="de25731f-4d3b-a33b-1d53-c95a1b7ccb95" executionId="6c419f10-2b7e-4634-b1bf-2cffb9cbef17" testListId="8c84fa94-04c1-424b-9868-57a2d4851a1d" />
    <TestEntry testId="3b9f6991-fc39-3fbd-2c98-79a0beed8b59" executionId="695db021-b246-4ae6-bec6-9b52b6c67266" testListId="8c84fa94-04c1-424b-9868-57a2d4851a1d" />
    <TestEntry testId="eea5c286-f17b-fc29-5579-88984fc2fc64" executionId="39ebf20d-ac91-4d29-8890-9736f24d9f08" testListId="8c84fa94-04c1-424b-9868-57a2d4851a1d" />
    <TestEntry testId="b9b6c803-81cc-bb25-49ed-9059776b3dc1" executionId="4da5eea4-63cd-4764-a80d-722dcda93eeb" testListId="8c84fa94-04c1-424b-9868-57a2d4851a1d" />
    <TestEntry testId="b3f6d608-4789-ce34-ce43-bdca0ab93c08" executionId="a4b40651-f27b-4f6f-86e2-1cfb6c1d5699" testListId="8c84fa94-04c1-424b-9868-57a2d4851a1d" />
    <TestEntry testId="0a5fe888-b57a-ec47-f88b-2c01f4587026" executionId="2a4443b8-2d98-4e96-95c3-187a7bea316a" testListId="8c84fa94-04c1-424b-9868-57a2d4851a1d" />
    <TestEntry testId="5e28a4ca-d6cc-7493-067f-d26e02ff0cbc" executionId="33c6026b-b599-469f-8c70-0bf1a00d61b9" testListId="8c84fa94-04c1-424b-9868-57a2d4851a1d" />
    <TestEntry testId="a9b0c1f1-bcd5-428f-014b-147652ec89d4" executionId="d81db16b-c4d4-49ec-a2bc-7abc77e0d068" testListId="8c84fa94-04c1-424b-9868-57a2d4851a1d" />
    <TestEntry testId="7cd4ca35-51f4-2947-7ecb-88baca9086cc" executionId="1288052f-6e8c-49d0-9e1c-8e8e5788ab20" testListId="8c84fa94-04c1-424b-9868-57a2d4851a1d" />
    <TestEntry testId="44bfd2c1-617b-b579-b432-0f2a9014280c" executionId="c9f27ffb-0873-458e-ae2f-0436d9b75bd7" testListId="8c84fa94-04c1-424b-9868-57a2d4851a1d" />
    <TestEntry testId="bace813d-2d3f-3b48-c79d-9632fe87ed52" executionId="97e06478-143d-45f9-b151-d7a2b8f14c78" testListId="8c84fa94-04c1-424b-9868-57a2d4851a1d" />
    <TestEntry testId="87c3ae1e-c3c0-3eb1-8ca6-4df95598ff30" executionId="b763458f-ff83-4a04-ad4c-106dd8ef38e3" testListId="8c84fa94-04c1-424b-9868-57a2d4851a1d" />
    <TestEntry testId="e7911634-aa70-745b-66dc-d0d5867b1efc" executionId="7556f5f0-ea8f-43a2-b60b-18add0324a80" testListId="8c84fa94-04c1-424b-9868-57a2d4851a1d" />
    <TestEntry testId="fa80dd76-1258-d1e4-32a9-f7e7cdcac54d" executionId="8845d702-ad13-481c-9bcf-67c3306f8e56" testListId="8c84fa94-04c1-424b-9868-57a2d4851a1d" />
    <TestEntry testId="0f50a59a-e1c8-953a-57f2-f661829ed2bc" executionId="357baaec-5756-48df-bc65-845ed47f2ae3" testListId="8c84fa94-04c1-424b-9868-57a2d4851a1d" />
    <TestEntry testId="b452a35d-4209-f2e9-c2f2-beeeadbeea73" executionId="d6ea4f89-7b89-4c27-ad43-e786ab6f0df7" testListId="8c84fa94-04c1-424b-9868-57a2d4851a1d" />
    <TestEntry testId="09989d87-3bfc-7583-a521-521873b34e23" executionId="969c9108-1f44-4d9c-b86b-87050e5437b9" testListId="8c84fa94-04c1-424b-9868-57a2d4851a1d" />
    <TestEntry testId="94b6e7bc-9826-a0e2-3997-caebe16602e1" executionId="ba16c6bc-2bda-4d62-8b41-c9f61c8c5f64" testListId="8c84fa94-04c1-424b-9868-57a2d4851a1d" />
    <TestEntry testId="d6623eb5-9df6-31aa-84c5-c2f48c44b7c9" executionId="bb032aca-45ae-4fe5-8188-902f90060625" testListId="8c84fa94-04c1-424b-9868-57a2d4851a1d" />
    <TestEntry testId="c0dcf77f-ead3-be26-10c5-4d6172c94f16" executionId="c937559d-1e22-4a13-902d-1a165babe3a7" testListId="8c84fa94-04c1-424b-9868-57a2d4851a1d" />
    <TestEntry testId="a422f52a-1a2e-833e-36b3-c87ed6311f88" executionId="cb5d4d01-b60b-4c51-b0bf-832538ddeff8" testListId="8c84fa94-04c1-424b-9868-57a2d4851a1d" />
    <TestEntry testId="208efa82-d99a-efb6-d0cd-eae37babef63" executionId="5b9cc67d-0e0d-4697-ab16-3fca532f4397" testListId="8c84fa94-04c1-424b-9868-57a2d4851a1d" />
    <TestEntry testId="d1ae0028-393b-0792-4f1d-c600476a28ad" executionId="6973200d-9191-4924-9e96-88ca756bedc9" testListId="8c84fa94-04c1-424b-9868-57a2d4851a1d" />
    <TestEntry testId="9d82869e-08db-c6fe-9534-e4d53bf2f481" executionId="f19be062-0242-49b3-b588-e688b898bb07" testListId="8c84fa94-04c1-424b-9868-57a2d4851a1d" />
    <TestEntry testId="e83e1c1b-19f6-6117-8fca-0c52a2f0db26" executionId="48ce4ec6-9bfd-4eb6-a7e3-02889e8e69a5" testListId="8c84fa94-04c1-424b-9868-57a2d4851a1d" />
    <TestEntry testId="388aab8e-c807-fd29-d175-d6d6b1799de5" executionId="6a76ba91-c33f-4d7d-a136-dd5e5690eba3" testListId="8c84fa94-04c1-424b-9868-57a2d4851a1d" />
    <TestEntry testId="126363b0-4378-e199-c836-fb802b39e421" executionId="0005e163-758e-4e18-9ce2-051493d6b5b4" testListId="8c84fa94-04c1-424b-9868-57a2d4851a1d" />
    <TestEntry testId="ceae852b-3f93-c8b4-8085-cd1d152f61f0" executionId="70815509-8060-4b1e-b68f-6318aa8e0e5f" testListId="8c84fa94-04c1-424b-9868-57a2d4851a1d" />
    <TestEntry testId="8f90776b-f34c-793e-1f7d-6fc8734a73a7" executionId="97e05b4f-8474-4559-9e70-c6de1e8c9146" testListId="8c84fa94-04c1-424b-9868-57a2d4851a1d" />
    <TestEntry testId="0fa3ee2d-5029-b353-98b7-ff071ff1883a" executionId="72b32b31-2080-4275-946a-ddc0046bd401" testListId="8c84fa94-04c1-424b-9868-57a2d4851a1d" />
    <TestEntry testId="ac0f6d6d-15e0-abde-7dd7-1bd567d0debe" executionId="a309736a-5ace-47a1-9e83-29d66332e86e" testListId="8c84fa94-04c1-424b-9868-57a2d4851a1d" />
    <TestEntry testId="8a0b6c1c-b150-8892-9b9f-98a1d8ac2ebb" executionId="c2d3354b-6901-42ef-81dc-75404913dcb9" testListId="8c84fa94-04c1-424b-9868-57a2d4851a1d" />
    <TestEntry testId="e0cbf2db-49d3-ce05-7a3e-06cef1c7f6be" executionId="df4631fc-5514-4cc9-a7a4-83bdc28f8123" testListId="8c84fa94-04c1-424b-9868-57a2d4851a1d" />
    <TestEntry testId="0502f17e-09dc-3853-dbe5-2345eae14297" executionId="aceede3b-cb2c-40c2-9491-e996fcf3603a" testListId="8c84fa94-04c1-424b-9868-57a2d4851a1d" />
    <TestEntry testId="d4b3e3e5-aca1-24e9-bcb4-5ae19feec331" executionId="83e51021-dfee-40a7-a485-f54764363446" testListId="8c84fa94-04c1-424b-9868-57a2d4851a1d" />
    <TestEntry testId="cdd35713-60f1-fdcd-9b7a-11d9a1ada782" executionId="8481408c-95c7-4d39-93cc-d37122820fef" testListId="8c84fa94-04c1-424b-9868-57a2d4851a1d" />
    <TestEntry testId="8a1c11a2-399d-c16f-4ed3-7a77ab81ff7e" executionId="45a4d821-b490-4d04-8270-cd8dd7450221" testListId="8c84fa94-04c1-424b-9868-57a2d4851a1d" />
    <TestEntry testId="b7d06ab3-b861-f971-c742-54ebcff66b8b" executionId="c8eb216c-5265-4a58-ba7d-d172701fd32b" testListId="8c84fa94-04c1-424b-9868-57a2d4851a1d" />
    <TestEntry testId="cbb28fe5-0089-2dcf-f6b1-19038a5963c9" executionId="5e7ad504-b068-41bf-b607-120403f88462" testListId="8c84fa94-04c1-424b-9868-57a2d4851a1d" />
    <TestEntry testId="36ce325d-9de5-2150-845b-10ebaa977947" executionId="ad3c9b16-95ae-4c0b-8638-c35ac8842b98" testListId="8c84fa94-04c1-424b-9868-57a2d4851a1d" />
    <TestEntry testId="a99ff206-6ca4-02d7-b791-1adb34a88fe8" executionId="b5ebb99a-2037-4c18-b1b5-a50769bb00d1" testListId="8c84fa94-04c1-424b-9868-57a2d4851a1d" />
    <TestEntry testId="b26628ef-5c54-fe28-3240-54343b42882e" executionId="e05d71e4-9efb-4d5e-8834-21d5c1ffdfd1" testListId="8c84fa94-04c1-424b-9868-57a2d4851a1d" />
    <TestEntry testId="7037e5c4-d2b2-97da-6467-ccb03b4cc1a4" executionId="bc090fdc-3de8-46e7-9736-581837a0a291" testListId="8c84fa94-04c1-424b-9868-57a2d4851a1d" />
    <TestEntry testId="7f318a64-8491-e324-84e2-9ddf955bdd37" executionId="d7c3b96e-8ea1-4e6b-a1b5-270569c6204a" testListId="8c84fa94-04c1-424b-9868-57a2d4851a1d" />
    <TestEntry testId="bd94373d-3343-a891-e19a-dd7d0dba020b" executionId="8954ebb9-b12c-4ce4-ab9b-2bc247c9ef7a" testListId="8c84fa94-04c1-424b-9868-57a2d4851a1d" />
    <TestEntry testId="07a71ced-ccd7-57e6-8813-2f8b8f27e32f" executionId="44da76d9-e55f-4acb-86d2-aea0a515b342" testListId="8c84fa94-04c1-424b-9868-57a2d4851a1d" />
    <TestEntry testId="3b493fde-48ba-be7c-9415-ff372b7e7beb" executionId="0019458b-effb-4e20-82ce-666b066d3fe7" testListId="8c84fa94-04c1-424b-9868-57a2d4851a1d" />
    <TestEntry testId="71ad2690-7e65-b4ed-8021-f909a9d778a9" executionId="86b20a39-834e-4ddb-888c-78031a460eb2" testListId="8c84fa94-04c1-424b-9868-57a2d4851a1d" />
    <TestEntry testId="b2fe835a-a122-f684-859f-2786027d1faf" executionId="199c1f3b-7f9d-4fc6-af50-c68c6b9d1260" testListId="8c84fa94-04c1-424b-9868-57a2d4851a1d" />
    <TestEntry testId="5d7d10f8-e76e-3584-1e9a-fb99c5400a4f" executionId="7d383081-2ea3-4308-92e4-911bcd6201d8" testListId="8c84fa94-04c1-424b-9868-57a2d4851a1d" />
    <TestEntry testId="474ffd14-dc32-0896-9d6b-4ffb3544fc21" executionId="73f9f79e-e47c-49d6-be9b-803b1495b7e0" testListId="8c84fa94-04c1-424b-9868-57a2d4851a1d" />
    <TestEntry testId="0908a74a-d504-2e72-babd-db63c892f583" executionId="beb28e49-0ead-430e-820a-8147fd308ebf" testListId="8c84fa94-04c1-424b-9868-57a2d4851a1d" />
    <TestEntry testId="d55096a8-89e2-570a-7d43-0b19e59a7cd7" executionId="be1158e1-99fb-4f0c-967d-e298691566a9" testListId="8c84fa94-04c1-424b-9868-57a2d4851a1d" />
    <TestEntry testId="7683ca34-edde-fc0f-e960-86ad4b8bbe9a" executionId="75963607-1fd2-4364-ba05-ea97f9eb3428" testListId="8c84fa94-04c1-424b-9868-57a2d4851a1d" />
    <TestEntry testId="cdc32844-6fb2-087f-7396-426d51e671ab" executionId="303c7da8-f692-4dc5-8748-aaa955687197" testListId="8c84fa94-04c1-424b-9868-57a2d4851a1d" />
    <TestEntry testId="528651cb-7ddb-0df0-f0c3-5e4eb622da0b" executionId="dc11f4a1-a6b8-4fae-a0f3-24534fae88a4" testListId="8c84fa94-04c1-424b-9868-57a2d4851a1d" />
    <TestEntry testId="a0fe6349-a2ed-c997-0382-2187e49b5963" executionId="fc668159-7a83-425b-b579-f6bb168bd802" testListId="8c84fa94-04c1-424b-9868-57a2d4851a1d" />
    <TestEntry testId="7a6f03c8-8318-f2b5-14b5-f18bf31d4755" executionId="3e6b1a60-3708-43fd-b05a-1206fc2e0727" testListId="8c84fa94-04c1-424b-9868-57a2d4851a1d" />
    <TestEntry testId="791175b9-578c-664a-519b-76cebd1e87b4" executionId="475bc145-5b79-4224-a7c9-6931a00db311" testListId="8c84fa94-04c1-424b-9868-57a2d4851a1d" />
    <TestEntry testId="ae5ae797-5b03-560e-5d5b-3381df3838d4" executionId="6efaef57-3fea-4d87-9410-309d2f33148c" testListId="8c84fa94-04c1-424b-9868-57a2d4851a1d" />
    <TestEntry testId="e0b2310c-aef4-04e1-56b8-58cb1d0b54fd" executionId="02eb2259-8fa0-48fb-acc2-9f7a6498aadc" testListId="8c84fa94-04c1-424b-9868-57a2d4851a1d" />
    <TestEntry testId="beb5746b-ba80-c1ea-5336-30d7dc11f88f" executionId="caa394ce-b997-40cb-862a-385acb98f914" testListId="8c84fa94-04c1-424b-9868-57a2d4851a1d" />
    <TestEntry testId="ef655dbb-a6ca-745d-6990-e50e80c81c20" executionId="670c978a-ed0b-47b0-ae4f-71c0b5b11697" testListId="8c84fa94-04c1-424b-9868-57a2d4851a1d" />
    <TestEntry testId="0ff4d244-fe93-c766-69ed-4a8e6fdc037a" executionId="b821e2f8-6dd3-4fc2-ab3e-ef4d15fc0706" testListId="8c84fa94-04c1-424b-9868-57a2d4851a1d" />
    <TestEntry testId="5e94708d-cdd8-5c37-ce4b-a5a834c3f00f" executionId="71eeb230-c3d8-48ac-8a1c-1fc428a7335a" testListId="8c84fa94-04c1-424b-9868-57a2d4851a1d" />
    <TestEntry testId="22d56b6b-2e67-b651-a590-9048dfd0655e" executionId="726ac30a-88c6-4fb6-8122-addf52006a3b" testListId="8c84fa94-04c1-424b-9868-57a2d4851a1d" />
    <TestEntry testId="a47a0479-f1a5-c6ab-0f2a-cd5777413f67" executionId="ae451a62-b09a-4d49-a729-0d51d152c39e" testListId="8c84fa94-04c1-424b-9868-57a2d4851a1d" />
    <TestEntry testId="9a152260-ea6f-99c2-6ddd-08afb0a5e9d1" executionId="6c24b8d1-33af-4203-a939-54170b52241b" testListId="8c84fa94-04c1-424b-9868-57a2d4851a1d" />
    <TestEntry testId="74a48b7e-559e-3413-6fc9-e373bb54a894" executionId="a5cd9aca-1f97-4089-977e-f8badef7f332" testListId="8c84fa94-04c1-424b-9868-57a2d4851a1d" />
    <TestEntry testId="4024892b-22df-176b-92ea-68977611c48e" executionId="7ca9a348-436b-4c8c-8b64-5d26f5c067fb" testListId="8c84fa94-04c1-424b-9868-57a2d4851a1d" />
    <TestEntry testId="da161ad2-cfc5-865b-5afd-14c638a4a34e" executionId="0be2f1d8-fe72-416f-b18f-9ee704b7a60c" testListId="8c84fa94-04c1-424b-9868-57a2d4851a1d" />
    <TestEntry testId="21cdd7ab-a515-1e1e-8758-76a665ab5b6a" executionId="9d64993c-d5df-4b24-9ff2-14efc19a83da" testListId="8c84fa94-04c1-424b-9868-57a2d4851a1d" />
    <TestEntry testId="61acfac7-5a74-4be6-08a7-2509fd7247c7" executionId="99a370d2-822f-487b-bea5-9733bfd135d1" testListId="8c84fa94-04c1-424b-9868-57a2d4851a1d" />
    <TestEntry testId="f3a310bd-b9e3-7d91-3941-86ceba486fd9" executionId="b428da8e-9659-4f91-bf3d-a4dacb0e1f13" testListId="8c84fa94-04c1-424b-9868-57a2d4851a1d" />
    <TestEntry testId="3573ab4f-a136-c958-aada-a07bf1b7606a" executionId="df9ff50e-b1fc-4ad7-8966-635268070537" testListId="8c84fa94-04c1-424b-9868-57a2d4851a1d" />
    <TestEntry testId="0ed98db2-f131-60fd-8902-ed01faf2b6bd" executionId="a0f22dd9-8d76-405e-b7d7-8dd594fd9084" testListId="8c84fa94-04c1-424b-9868-57a2d4851a1d" />
    <TestEntry testId="c7568a28-9d84-a356-78a0-3ff25411ff6a" executionId="68ce4e93-ec02-4ed0-8c1c-938b2e26672b" testListId="8c84fa94-04c1-424b-9868-57a2d4851a1d" />
    <TestEntry testId="7f520b50-ba98-6f5d-894f-79d2bb3bf03c" executionId="1fef12fb-dab1-4b22-80b1-8d166829c9a5" testListId="8c84fa94-04c1-424b-9868-57a2d4851a1d" />
    <TestEntry testId="5f16176b-9212-6564-d538-1dba5c1379cb" executionId="c5dfc03f-154a-45a0-acfc-85fa7152644f" testListId="8c84fa94-04c1-424b-9868-57a2d4851a1d" />
    <TestEntry testId="363b286d-08ea-5b23-7626-0b7a806ac10e" executionId="de4eab4e-550d-408a-96ce-2726987d7b29" testListId="8c84fa94-04c1-424b-9868-57a2d4851a1d" />
    <TestEntry testId="0798a21d-fb5b-f922-c16f-b5ba96e08c00" executionId="ce268c5c-5785-4962-8233-00ea0dd2f1e2" testListId="8c84fa94-04c1-424b-9868-57a2d4851a1d" />
    <TestEntry testId="b73c1149-4fb9-a212-21ff-cf2655f656a5" executionId="32400659-b142-4473-9bd1-3625db629c9d" testListId="8c84fa94-04c1-424b-9868-57a2d4851a1d" />
    <TestEntry testId="48795230-f0cf-a9dc-16d9-1177305aa296" executionId="28b91fa3-1867-4e24-8ece-1331ea7d178c" testListId="8c84fa94-04c1-424b-9868-57a2d4851a1d" />
    <TestEntry testId="43610459-096b-ce53-3f6d-fef98f82caa4" executionId="129ab5de-6af5-4cb6-a4bb-accf008325d8" testListId="8c84fa94-04c1-424b-9868-57a2d4851a1d" />
    <TestEntry testId="5ef6a36c-03c5-210d-ef32-244462eb091c" executionId="1ab429fb-8876-4894-bc30-158431a40f99" testListId="8c84fa94-04c1-424b-9868-57a2d4851a1d" />
    <TestEntry testId="679f1f6d-e845-c52f-cb49-9934fba0620b" executionId="44386d6f-59b6-4201-b836-211a1815ffb1" testListId="8c84fa94-04c1-424b-9868-57a2d4851a1d" />
    <TestEntry testId="a6743fb6-0911-5b40-d8f3-8472ae59de38" executionId="602d38ad-1ab8-4db6-8480-ab342d48f066" testListId="8c84fa94-04c1-424b-9868-57a2d4851a1d" />
    <TestEntry testId="015d9d62-65dd-354a-1979-48ab15d55d13" executionId="739d3a46-c415-472d-9f24-1719725d916b" testListId="8c84fa94-04c1-424b-9868-57a2d4851a1d" />
    <TestEntry testId="5408f0c2-1d27-6b8d-1a4d-ae02cb5781cf" executionId="11265435-6dd7-4eb2-914b-4905c06ed0e1" testListId="8c84fa94-04c1-424b-9868-57a2d4851a1d" />
    <TestEntry testId="68742d40-9113-e248-23c0-7b4694693b3e" executionId="1546dd74-2ce2-4092-bd18-9d8d4b1ae20a" testListId="8c84fa94-04c1-424b-9868-57a2d4851a1d" />
    <TestEntry testId="013f70d4-7032-9ad2-ab1d-fea4cb60a355" executionId="df3e6b29-ff74-4bed-9983-b96434737ee5" testListId="8c84fa94-04c1-424b-9868-57a2d4851a1d" />
    <TestEntry testId="46385140-250e-c403-85e6-f728194295bd" executionId="a5e2296d-f963-4f9d-9d55-a607a9b528f1" testListId="8c84fa94-04c1-424b-9868-57a2d4851a1d" />
    <TestEntry testId="dee58bae-fa23-f248-5ecc-6b23adc0cbfe" executionId="8ce294d9-1ab1-4500-a16e-936e925083cf" testListId="8c84fa94-04c1-424b-9868-57a2d4851a1d" />
    <TestEntry testId="0ff7ed8e-e9c7-970a-af44-0abccdb2e72c" executionId="b5363cb3-8714-4a16-b401-eb13f86cb544" testListId="8c84fa94-04c1-424b-9868-57a2d4851a1d" />
    <TestEntry testId="a731b426-037f-d409-775a-15bbf748b4d0" executionId="b52ec4f3-7cf9-4994-b95a-8fdda7e19813" testListId="8c84fa94-04c1-424b-9868-57a2d4851a1d" />
    <TestEntry testId="d1690164-0bba-0725-6063-7b8fb553e86a" executionId="dbaf099b-f862-434f-a22c-18eaeeb51b24" testListId="8c84fa94-04c1-424b-9868-57a2d4851a1d" />
    <TestEntry testId="aa2311c8-8d16-e903-c802-f6602bbe6a53" executionId="20ae927d-0cbf-4cc1-8547-938bb950d7e9" testListId="8c84fa94-04c1-424b-9868-57a2d4851a1d" />
    <TestEntry testId="530eb305-a178-58d7-3b0a-50b71b6cdb1d" executionId="f63c6a2d-64f1-4ae4-885d-fa56e065f758" testListId="8c84fa94-04c1-424b-9868-57a2d4851a1d" />
    <TestEntry testId="f09b9a56-5944-f9fc-dfff-e80205356f47" executionId="46e7f081-5cd0-4856-bbf4-af0170ac2a1d" testListId="8c84fa94-04c1-424b-9868-57a2d4851a1d" />
    <TestEntry testId="fd9f759e-135b-8201-8682-fa83bbc69a6a" executionId="9b99ecd3-bf7d-4d3e-b7f9-c3c25d7e9fe5" testListId="8c84fa94-04c1-424b-9868-57a2d4851a1d" />
    <TestEntry testId="1b995002-d5de-f840-482d-76215e20f41f" executionId="3f61d045-1873-4bc6-b010-712d9b999165" testListId="8c84fa94-04c1-424b-9868-57a2d4851a1d" />
    <TestEntry testId="026bda92-165f-598c-44e1-4c54ada309ac" executionId="ccdbda50-aa27-48b8-9a29-543fceaa0a5a" testListId="8c84fa94-04c1-424b-9868-57a2d4851a1d" />
    <TestEntry testId="5540b8b1-c7c3-c882-5ca6-04cae969cf3d" executionId="abe663b8-f204-49ca-90ac-a1e98d8c86e5" testListId="8c84fa94-04c1-424b-9868-57a2d4851a1d" />
    <TestEntry testId="3a666b42-1344-4188-8afb-1371b8512069" executionId="a293a16b-1ff0-475e-880d-d8e1d27e5e61" testListId="8c84fa94-04c1-424b-9868-57a2d4851a1d" />
    <TestEntry testId="ffb90e7f-e0b6-4e57-9933-57d310afc418" executionId="5c462411-8497-4705-ae42-4659a519e158" testListId="8c84fa94-04c1-424b-9868-57a2d4851a1d" />
    <TestEntry testId="462450ae-4798-5098-6a52-7e20b4989b9b" executionId="0ce30cc0-6849-455f-9616-de623dac4c5d" testListId="8c84fa94-04c1-424b-9868-57a2d4851a1d" />
    <TestEntry testId="438f6572-dad9-ce33-9f33-84bb87bf6221" executionId="58023a2d-926f-4cb0-b41f-81bcbaca6144" testListId="8c84fa94-04c1-424b-9868-57a2d4851a1d" />
    <TestEntry testId="28ce3401-59d1-f01f-85f9-9ab731dc5d17" executionId="b387ed7d-0838-4dd9-8a5e-37c09510e31e" testListId="8c84fa94-04c1-424b-9868-57a2d4851a1d" />
    <TestEntry testId="a9b3259d-aca3-18fb-c2c1-d3b4ebf259eb" executionId="a76f5a60-3ccb-4406-8bb2-807b0a6a1a53" testListId="8c84fa94-04c1-424b-9868-57a2d4851a1d" />
    <TestEntry testId="dfaa438e-c60c-b3dd-b86d-73089c2090aa" executionId="c87d5fea-63ad-452a-a75c-4dd09aff4338" testListId="8c84fa94-04c1-424b-9868-57a2d4851a1d" />
    <TestEntry testId="f256037f-7652-5711-f7c8-b9b9bdf5b0f8" executionId="15dd97e3-e6b6-43d9-99c9-31986493ab76" testListId="8c84fa94-04c1-424b-9868-57a2d4851a1d" />
    <TestEntry testId="e9093979-acc6-0916-1e2b-dc8f86769062" executionId="43b0aa61-8653-4131-ac97-4f1491fda971" testListId="8c84fa94-04c1-424b-9868-57a2d4851a1d" />
    <TestEntry testId="ff11437b-29fd-d6e3-33a0-05677820dec0" executionId="758babb9-137b-4a16-bcc4-48d785940cb2" testListId="8c84fa94-04c1-424b-9868-57a2d4851a1d" />
    <TestEntry testId="6e3de479-3bc7-4f7b-40ff-001e8fd46832" executionId="11aaf7ff-f180-41e3-b5f9-b6c783631064" testListId="8c84fa94-04c1-424b-9868-57a2d4851a1d" />
    <TestEntry testId="559fd61d-f928-0495-43bf-341e8cda4645" executionId="f151abd8-5eb4-4e24-8ab2-3877deae5458" testListId="8c84fa94-04c1-424b-9868-57a2d4851a1d" />
    <TestEntry testId="203da25a-10d4-871e-4a7a-6affa4f663ec" executionId="904bdf75-9249-4824-b9e5-1da23605eaa2" testListId="8c84fa94-04c1-424b-9868-57a2d4851a1d" />
    <TestEntry testId="f91ada7d-179e-7b67-6f2d-c61e6435343e" executionId="488d02e8-e9fd-4657-af2e-fc1d9d6c036e" testListId="8c84fa94-04c1-424b-9868-57a2d4851a1d" />
    <TestEntry testId="27d78a98-b272-24c3-c407-4efcb9302805" executionId="f4671418-3238-49d2-9c65-e7965aec943e" testListId="8c84fa94-04c1-424b-9868-57a2d4851a1d" />
    <TestEntry testId="0d378018-51ab-cc50-f525-b066c3e18e53" executionId="4c93701d-a267-45fd-8751-5301939e873b" testListId="8c84fa94-04c1-424b-9868-57a2d4851a1d" />
    <TestEntry testId="8e42e514-7af6-d800-e6b6-c27506151b01" executionId="1901ec8e-1dbc-4fd6-bc1d-11c7f3f5a0f0" testListId="8c84fa94-04c1-424b-9868-57a2d4851a1d" />
    <TestEntry testId="b9a30a24-35bd-d80f-6fed-e7ffa0b4a370" executionId="b1ff7ac6-f109-462d-a0e4-010d00168e0f" testListId="8c84fa94-04c1-424b-9868-57a2d4851a1d" />
    <TestEntry testId="18125ed0-d986-9637-bbdb-af2866252b3c" executionId="1e1143a3-9af3-4dc3-8b5a-91ab8c407581" testListId="8c84fa94-04c1-424b-9868-57a2d4851a1d" />
    <TestEntry testId="2539ab32-25fb-f0cd-0f6f-f881c23ca75a" executionId="67c16ac0-5684-476e-acc0-d29673eacbdb" testListId="8c84fa94-04c1-424b-9868-57a2d4851a1d" />
    <TestEntry testId="d5c3830d-5895-dcdf-e3d2-f3e1ee4ecad5" executionId="e7443567-45e4-4f52-9681-062c47b387cb" testListId="8c84fa94-04c1-424b-9868-57a2d4851a1d" />
    <TestEntry testId="e7d30c63-641c-a337-93f7-d07e53ab7db2" executionId="f5150f23-0e7b-4a8b-a2ca-666fb640f0ed" testListId="8c84fa94-04c1-424b-9868-57a2d4851a1d" />
    <TestEntry testId="816e3788-abee-3c05-191b-d6dcf1748555" executionId="5fd69381-3a36-4ec2-a0b3-27f7838e1e8c" testListId="8c84fa94-04c1-424b-9868-57a2d4851a1d" />
    <TestEntry testId="9d968e4f-1aee-1b0d-c5e0-b23790a60880" executionId="06dfea4c-6fd1-4c83-b142-311bf5a84ed5" testListId="8c84fa94-04c1-424b-9868-57a2d4851a1d" />
    <TestEntry testId="17b84003-454d-4800-8fc6-4866540da352" executionId="dadefff5-e416-4c39-9ec6-6492a999f3e9" testListId="8c84fa94-04c1-424b-9868-57a2d4851a1d" />
    <TestEntry testId="d21c70f2-4c99-b98e-4b30-7555a3494b2c" executionId="c9e3e497-8f66-4443-9b0c-73860019043b" testListId="8c84fa94-04c1-424b-9868-57a2d4851a1d" />
    <TestEntry testId="008a0636-fc57-2104-25e9-8283ed09b56e" executionId="17436287-c832-484d-a8e9-494fccb3e577" testListId="8c84fa94-04c1-424b-9868-57a2d4851a1d" />
    <TestEntry testId="f24a5745-f697-f781-56b4-ccc13d6bd151" executionId="3b55a889-acb2-4567-bdc6-03e5754e2581" testListId="8c84fa94-04c1-424b-9868-57a2d4851a1d" />
    <TestEntry testId="7f39d04b-167b-71f4-69a0-00ff8dd10ec6" executionId="500c0fa2-e3eb-4816-ab71-c68cd4eea3c6" testListId="8c84fa94-04c1-424b-9868-57a2d4851a1d" />
    <TestEntry testId="3677a157-696f-f759-7421-f9c5a0b22627" executionId="dbe50267-3136-4241-91aa-542921fadc63" testListId="8c84fa94-04c1-424b-9868-57a2d4851a1d" />
    <TestEntry testId="d443cdf9-ad6a-9327-5d7a-c37c94acc6b7" executionId="417c5c65-227c-4da7-a32f-f181e4acd8d9" testListId="8c84fa94-04c1-424b-9868-57a2d4851a1d" />
    <TestEntry testId="b29f2a3e-a6e8-3eb9-9a93-770859da5ed4" executionId="5c13d51e-a233-452e-ae10-cfe0acac8fb4" testListId="8c84fa94-04c1-424b-9868-57a2d4851a1d" />
    <TestEntry testId="7b0bc669-b274-da7d-cf92-28eb411e2616" executionId="607ff71b-ae58-4f08-a750-562755112d1f" testListId="8c84fa94-04c1-424b-9868-57a2d4851a1d" />
    <TestEntry testId="f0a1cc59-e050-aed2-9e8f-66ff16357e55" executionId="4b49542a-4e2b-4bfa-99e8-35771f20b3c6" testListId="8c84fa94-04c1-424b-9868-57a2d4851a1d" />
    <TestEntry testId="63f94360-01c5-b02d-362e-492de62ebe0b" executionId="1bc07d3c-4c53-4d10-993e-b1c6ab76d8a8" testListId="8c84fa94-04c1-424b-9868-57a2d4851a1d" />
    <TestEntry testId="07843080-ae58-b9a9-9f22-6ecdbc40d793" executionId="89b76948-f731-4aca-b41e-34418cec5dab" testListId="8c84fa94-04c1-424b-9868-57a2d4851a1d" />
    <TestEntry testId="8836bb6e-9db8-6d85-f6c2-ff5e6575dbf7" executionId="ac6f91f5-2ee3-49ad-a868-683d4ac4262e" testListId="8c84fa94-04c1-424b-9868-57a2d4851a1d" />
    <TestEntry testId="75e747c2-fe86-f8e5-213c-3c3ac7669a21" executionId="1060341a-9000-43ef-a98a-cb89e2fc1d3d" testListId="8c84fa94-04c1-424b-9868-57a2d4851a1d" />
    <TestEntry testId="a2508e13-7da8-1312-bb13-5898999d21e7" executionId="3bb2e330-97f7-4100-95f9-68a89ccaefa8" testListId="8c84fa94-04c1-424b-9868-57a2d4851a1d" />
    <TestEntry testId="f8fc18a6-c061-aee2-5a52-869f287d5389" executionId="9779d299-e6c8-4e5b-a1e5-035f75024ed8" testListId="8c84fa94-04c1-424b-9868-57a2d4851a1d" />
    <TestEntry testId="e64d2c5e-99de-6674-937d-4308e9e23a93" executionId="42059ee5-f5eb-4cd8-bf90-0cfd788189fb" testListId="8c84fa94-04c1-424b-9868-57a2d4851a1d" />
    <TestEntry testId="fb688509-abeb-98ca-1e16-3fb572efbd0e" executionId="15a516e5-4977-4701-b9af-9aab596850e3" testListId="8c84fa94-04c1-424b-9868-57a2d4851a1d" />
    <TestEntry testId="41a890aa-18d7-3f04-390f-6a24e560df6a" executionId="01094f6d-7bd7-4750-876e-f23637ba0505" testListId="8c84fa94-04c1-424b-9868-57a2d4851a1d" />
    <TestEntry testId="58233bfc-0f04-5bab-fe65-43a04dd13a5e" executionId="f3404c67-9a95-4bba-82a1-a1b187018a71" testListId="8c84fa94-04c1-424b-9868-57a2d4851a1d" />
    <TestEntry testId="faf74f6a-093e-493d-11ce-924804876b9c" executionId="251eb5f1-c59a-48d8-8c96-3b25ef388ac6" testListId="8c84fa94-04c1-424b-9868-57a2d4851a1d" />
    <TestEntry testId="e4cd1592-0972-ce84-8878-d0b9d777d9b4" executionId="af31225e-56d7-41bd-b81f-751627b21813" testListId="8c84fa94-04c1-424b-9868-57a2d4851a1d" />
    <TestEntry testId="adcefaf7-ab45-f9c6-3cdf-a5f6b20e1b5f" executionId="c97f6517-3cf7-4982-8722-d61517c773d4" testListId="8c84fa94-04c1-424b-9868-57a2d4851a1d" />
    <TestEntry testId="57a68603-21d4-3541-a953-2b4363f4861b" executionId="696cc79f-0c3c-4938-98ac-22c56650a042" testListId="8c84fa94-04c1-424b-9868-57a2d4851a1d" />
    <TestEntry testId="db033ebe-1bb6-3b1b-97c3-2b0571c5eb5f" executionId="8edeb355-35c4-4661-9805-fac5b7a84ffe" testListId="8c84fa94-04c1-424b-9868-57a2d4851a1d" />
    <TestEntry testId="8eecc25f-5179-2e41-48f6-db431cd61baf" executionId="7acfc27d-7625-455e-b0d2-c8270023645c" testListId="8c84fa94-04c1-424b-9868-57a2d4851a1d" />
    <TestEntry testId="d06720ee-86fe-234d-dbce-df0203b846ac" executionId="df89244f-b010-47ca-8dcc-bb9a5dd20ea6" testListId="8c84fa94-04c1-424b-9868-57a2d4851a1d" />
    <TestEntry testId="bd7f3c81-03c6-8257-cd86-9e384cd8d973" executionId="16f8f831-efe8-41e0-b830-a549d4e3a2fb" testListId="8c84fa94-04c1-424b-9868-57a2d4851a1d" />
    <TestEntry testId="dc8b7cd5-f031-c58d-e8a3-c8af59278ef5" executionId="a74de248-e4df-4637-b0d0-17152534e59f" testListId="8c84fa94-04c1-424b-9868-57a2d4851a1d" />
    <TestEntry testId="9d34c968-85a6-0d5a-a878-0f27f33ada64" executionId="0745e8d0-2d6f-4e6b-bdd2-8110b8feac2a" testListId="8c84fa94-04c1-424b-9868-57a2d4851a1d" />
    <TestEntry testId="211f692d-1762-76f8-16fe-308a70e899a3" executionId="b7f5fae5-d04b-4f8e-a1b3-d533daef72b1" testListId="8c84fa94-04c1-424b-9868-57a2d4851a1d" />
    <TestEntry testId="17cb7256-7e0b-239c-3cc7-b37dfdef587f" executionId="45020984-9b20-4964-a8bb-ce87f7208f9d" testListId="8c84fa94-04c1-424b-9868-57a2d4851a1d" />
    <TestEntry testId="d6952eb3-89c9-eb6c-b910-f1640022412d" executionId="d7903512-a430-4a34-b683-c2549e697cd8" testListId="8c84fa94-04c1-424b-9868-57a2d4851a1d" />
    <TestEntry testId="3f34ef50-bb79-4495-1a81-f48ae0d622ae" executionId="2adba262-0358-4d0a-b321-a1c60670cb78" testListId="8c84fa94-04c1-424b-9868-57a2d4851a1d" />
    <TestEntry testId="13d96743-d877-4fb5-6a98-7443840a93d9" executionId="f63aec69-a35b-4a73-85cc-cb7feea5bbbf" testListId="8c84fa94-04c1-424b-9868-57a2d4851a1d" />
    <TestEntry testId="85c8e351-f097-acc5-999b-468a744cfd2d" executionId="395f27c1-0f9b-45d4-a586-912a8797b76b" testListId="8c84fa94-04c1-424b-9868-57a2d4851a1d" />
    <TestEntry testId="b14ae126-29a8-02ef-8bb6-f4b983b7eab6" executionId="dcafd3f8-e041-4971-a1cc-47898ed5df0e" testListId="8c84fa94-04c1-424b-9868-57a2d4851a1d" />
    <TestEntry testId="11f546b1-5357-ac08-fd5b-86d7a15313da" executionId="fbe66acf-8e02-4810-be1a-5b5309476ab8" testListId="8c84fa94-04c1-424b-9868-57a2d4851a1d" />
    <TestEntry testId="80e00623-bc5c-89a2-001f-17a9b982fd05" executionId="c1ef9c07-b0e2-4fb6-861b-9eb9aaef2a03" testListId="8c84fa94-04c1-424b-9868-57a2d4851a1d" />
    <TestEntry testId="d79c60ff-d826-deed-b612-483e32a40d96" executionId="ebb5f3cd-0ed5-4c41-b986-393b3c68f025" testListId="8c84fa94-04c1-424b-9868-57a2d4851a1d" />
    <TestEntry testId="d318b7da-e3a9-9507-61bb-af6c32ee447f" executionId="5371ac5a-1c10-47db-b3d9-b9295650fa01" testListId="8c84fa94-04c1-424b-9868-57a2d4851a1d" />
    <TestEntry testId="24379f02-7b26-3fc1-bee8-ae6b0b649dce" executionId="3fa86e14-7a53-4eb0-a1a9-7e46b2a34779" testListId="8c84fa94-04c1-424b-9868-57a2d4851a1d" />
    <TestEntry testId="b9d60111-e4f5-a33f-0081-8202ab2cdb4a" executionId="16b24e8a-a733-40ef-a385-42fc3fcfae16" testListId="8c84fa94-04c1-424b-9868-57a2d4851a1d" />
    <TestEntry testId="b9c30e59-4e90-8fa1-9a4d-5ca917bdd58b" executionId="c9a7d164-4e86-4808-93ac-eb63570008d8" testListId="8c84fa94-04c1-424b-9868-57a2d4851a1d" />
    <TestEntry testId="77dc6503-66c3-712f-08b6-82492a74514e" executionId="837efce5-c4d8-464f-8d02-d30451bce3a4" testListId="8c84fa94-04c1-424b-9868-57a2d4851a1d" />
    <TestEntry testId="c89fdd40-8ead-a981-fa92-71573ed4ba93" executionId="7175f98e-f224-4f99-9109-db3c50711547" testListId="8c84fa94-04c1-424b-9868-57a2d4851a1d" />
    <TestEntry testId="513d6124-5dfd-7948-49b8-ffbed6a63cf8" executionId="f384ea68-b198-44ee-97c2-5ec624fc71a6" testListId="8c84fa94-04c1-424b-9868-57a2d4851a1d" />
    <TestEntry testId="c39ca1f2-25d5-d73e-b395-020f79f76ceb" executionId="631e8209-61a3-4436-a03c-aa68f19a1381" testListId="8c84fa94-04c1-424b-9868-57a2d4851a1d" />
    <TestEntry testId="487cc9b8-40a7-34b3-63e9-762951e9ba9a" executionId="e99e186f-058a-409d-ad2c-9b157f564c50" testListId="8c84fa94-04c1-424b-9868-57a2d4851a1d" />
    <TestEntry testId="40fd44ee-0dc8-5563-51cb-2ab50086d81e" executionId="79942d2b-3d9a-43b5-8b7a-a97b2aa98c21" testListId="8c84fa94-04c1-424b-9868-57a2d4851a1d" />
    <TestEntry testId="f92abef5-2802-4e6b-3a13-f9b7d6a3263a" executionId="6d6a6014-26ab-4a4c-9ea2-bcbd26dfb33d" testListId="8c84fa94-04c1-424b-9868-57a2d4851a1d" />
    <TestEntry testId="b6e6f5b5-6d2b-b877-928d-b15112c99fbc" executionId="8e50fe7e-afb6-46fa-89b1-3656eb97b806" testListId="8c84fa94-04c1-424b-9868-57a2d4851a1d" />
    <TestEntry testId="bbe68399-45ae-5927-4adb-9ba6498279ae" executionId="f0099920-3983-410b-bea4-0a78cb13b560" testListId="8c84fa94-04c1-424b-9868-57a2d4851a1d" />
    <TestEntry testId="6c5e0585-be2a-b081-026c-5b40f4bf4c50" executionId="4982bbd5-8320-4b70-943b-c1b0a05fefc1" testListId="8c84fa94-04c1-424b-9868-57a2d4851a1d" />
    <TestEntry testId="00e0c05b-bb8e-d0db-3acd-860d8100b340" executionId="443b71ff-3bde-4e4e-8222-5e4170106f61" testListId="8c84fa94-04c1-424b-9868-57a2d4851a1d" />
    <TestEntry testId="d5d0b4b2-3cce-474a-62bb-e03b1282d25e" executionId="15525edc-c2c8-427b-b726-7ca96ae7bb63" testListId="8c84fa94-04c1-424b-9868-57a2d4851a1d" />
    <TestEntry testId="dfc99b2c-e1e8-1c66-421a-61eb2e04fedc" executionId="d1e25d3f-157d-494a-9faa-d4b6f7b36bed" testListId="8c84fa94-04c1-424b-9868-57a2d4851a1d" />
    <TestEntry testId="94375359-bdca-70e5-67b3-2c58255bb652" executionId="4534b47f-8905-463b-ab21-1b620815c7d3" testListId="8c84fa94-04c1-424b-9868-57a2d4851a1d" />
    <TestEntry testId="e87596c4-7129-65b7-9c7f-02902f571f29" executionId="82c9d926-e0f2-4572-99f1-a983f7e7fa88" testListId="8c84fa94-04c1-424b-9868-57a2d4851a1d" />
    <TestEntry testId="bd52ef11-6126-1a7c-a9f6-440378777b2a" executionId="4b2b5ed8-0305-4304-96e9-ef769a896258" testListId="8c84fa94-04c1-424b-9868-57a2d4851a1d" />
    <TestEntry testId="036ad9e1-e2ba-8ada-5796-ca87d2251a21" executionId="131f39b1-b21c-4c1a-9b90-b5ca4c31db13" testListId="8c84fa94-04c1-424b-9868-57a2d4851a1d" />
    <TestEntry testId="1fa88c29-9dad-a828-9a8e-85175475dcd1" executionId="11bdaa8e-3df7-4c2e-a687-28dd9bb17cf2" testListId="8c84fa94-04c1-424b-9868-57a2d4851a1d" />
    <TestEntry testId="c5f46999-f13f-af61-3234-499026d62f3d" executionId="1198e739-089f-4ce9-937b-df76626a54e5" testListId="8c84fa94-04c1-424b-9868-57a2d4851a1d" />
    <TestEntry testId="e34b5303-106d-fcf5-8d38-a3b10082c162" executionId="0c57cdd7-c3ab-40c1-b91e-a97fb5c72000" testListId="8c84fa94-04c1-424b-9868-57a2d4851a1d" />
    <TestEntry testId="f4b56e5d-1dde-feba-8349-9700c8de3346" executionId="25280dd9-899c-4873-b6b1-53c2ba1436fd" testListId="8c84fa94-04c1-424b-9868-57a2d4851a1d" />
    <TestEntry testId="ce222fbf-671f-d186-1e02-afb998328605" executionId="2e0bd179-949d-4319-b7d0-46e7b363e0a8" testListId="8c84fa94-04c1-424b-9868-57a2d4851a1d" />
    <TestEntry testId="ca0715ca-0b4b-facb-c705-f14143277c6d" executionId="3b16db89-8ad5-4358-a311-51440d6aa018" testListId="8c84fa94-04c1-424b-9868-57a2d4851a1d" />
    <TestEntry testId="c4d7bc74-582e-61e3-e249-ae3019ee221b" executionId="4cea5f98-320f-426d-9970-b40038d13d03" testListId="8c84fa94-04c1-424b-9868-57a2d4851a1d" />
    <TestEntry testId="2e816ab0-5d7b-6f41-e4ad-db9154e4e8fe" executionId="6224bbdc-b965-470e-a711-7918e8140f8f" testListId="8c84fa94-04c1-424b-9868-57a2d4851a1d" />
    <TestEntry testId="0df2bc86-f3da-63a8-0b5b-62c9869ddd28" executionId="feb60723-2774-413f-9877-e39b639bed57" testListId="8c84fa94-04c1-424b-9868-57a2d4851a1d" />
    <TestEntry testId="2cea4ec0-f2c6-ce2f-3bef-c7211b8f0f5b" executionId="4adc5d80-9833-4b80-a213-f2414355eee1" testListId="8c84fa94-04c1-424b-9868-57a2d4851a1d" />
    <TestEntry testId="5c5b95c3-774a-3163-6bfc-ad309efd850c" executionId="443bd4c1-3390-4e13-8534-c99914ad13cc" testListId="8c84fa94-04c1-424b-9868-57a2d4851a1d" />
    <TestEntry testId="bc470a7e-b4db-f453-706f-3568058b9b9b" executionId="d1644bda-7e83-4efc-87cf-ac14152311a3" testListId="8c84fa94-04c1-424b-9868-57a2d4851a1d" />
    <TestEntry testId="0e84acca-1c9e-bbf9-29a5-797affaf10e5" executionId="e4a6b77e-0588-49a9-b7e7-89cea62769ee" testListId="8c84fa94-04c1-424b-9868-57a2d4851a1d" />
    <TestEntry testId="faff4a80-d1cf-8290-f4b8-f56558e80956" executionId="780d6438-f361-4fa6-aa4b-366ddffa4172" testListId="8c84fa94-04c1-424b-9868-57a2d4851a1d" />
    <TestEntry testId="e6c15663-ce7a-eba0-e744-f302a41e88e2" executionId="c0295f6a-3e05-46b3-9d5a-41bb234aba64" testListId="8c84fa94-04c1-424b-9868-57a2d4851a1d" />
    <TestEntry testId="a797a648-1996-2ab5-efa9-ed0ddcf73ab7" executionId="8297a536-eea6-4aa3-9cc0-9ba318452474" testListId="8c84fa94-04c1-424b-9868-57a2d4851a1d" />
    <TestEntry testId="895cd94b-1f5c-823e-fff9-e3625a25b241" executionId="d989da3f-5967-44c2-963d-da0ec48eea48" testListId="8c84fa94-04c1-424b-9868-57a2d4851a1d" />
    <TestEntry testId="7de5355c-37f9-a12a-081b-666031a710d9" executionId="ff3c123c-0590-4ba7-95f1-df9d3c20427e" testListId="8c84fa94-04c1-424b-9868-57a2d4851a1d" />
    <TestEntry testId="296e1af6-c944-9534-4a65-54bebaf5b21d" executionId="e60c72f8-97b9-47d8-8cd3-05292e0e1982" testListId="8c84fa94-04c1-424b-9868-57a2d4851a1d" />
    <TestEntry testId="9df01e1b-c00a-f338-f3ba-d123a6845a92" executionId="e6abb2b2-be78-45fd-a2c1-9cb5f4bf003b" testListId="8c84fa94-04c1-424b-9868-57a2d4851a1d" />
    <TestEntry testId="88540a27-f110-fc06-6f36-dab1a3b682ef" executionId="be798621-262b-4f71-a7f9-c91f2bc6f81c" testListId="8c84fa94-04c1-424b-9868-57a2d4851a1d" />
    <TestEntry testId="79d1ad11-4317-9cb9-d53a-56580459b1f3" executionId="412f15c6-c471-43af-9d7e-7e143b48ea7a" testListId="8c84fa94-04c1-424b-9868-57a2d4851a1d" />
    <TestEntry testId="eb2e0656-e3bf-e7b3-f8be-a9265f5a6733" executionId="ba5321df-ac5b-4916-92e6-9b2b0d30cdab" testListId="8c84fa94-04c1-424b-9868-57a2d4851a1d" />
    <TestEntry testId="cd94254d-288e-e3f0-d9d5-96a0732bd483" executionId="559a05b9-c4b8-4520-be5b-80048748e3b8" testListId="8c84fa94-04c1-424b-9868-57a2d4851a1d" />
    <TestEntry testId="3fc9aa15-2866-4123-71ea-90d12d718c82" executionId="933a17af-bf38-47e9-902b-45ac11f952b4" testListId="8c84fa94-04c1-424b-9868-57a2d4851a1d" />
    <TestEntry testId="7afce9cd-6177-35cc-c86f-2e3d4ef6767a" executionId="1978d12c-aa5d-4127-bf85-35fa3836bf18" testListId="8c84fa94-04c1-424b-9868-57a2d4851a1d" />
    <TestEntry testId="2e3ced9c-b80f-be6a-0f49-81324069ecda" executionId="ee7b6325-ec03-4a77-877c-6a8937d9aff9" testListId="8c84fa94-04c1-424b-9868-57a2d4851a1d" />
    <TestEntry testId="b38c32db-987b-3be2-c384-4b3e6698026e" executionId="79bc2402-6805-4e24-accb-efed2ddfe388" testListId="8c84fa94-04c1-424b-9868-57a2d4851a1d" />
    <TestEntry testId="e1908f5b-d9d9-b345-5d9e-86bd001be3a7" executionId="4dc29c9f-ccae-4e9b-be27-f5cf103d209f" testListId="8c84fa94-04c1-424b-9868-57a2d4851a1d" />
    <TestEntry testId="9f154f18-5c1b-3a1f-9db5-e1fa29d8b4a4" executionId="d2dc689c-5a5a-4ef5-b10f-8abe8842653d" testListId="8c84fa94-04c1-424b-9868-57a2d4851a1d" />
    <TestEntry testId="cbf97faf-404a-d8ff-bd39-0f817c65e2af" executionId="c5de10d8-98d4-442c-8824-9db3e5ef8ea6" testListId="8c84fa94-04c1-424b-9868-57a2d4851a1d" />
    <TestEntry testId="def66ac5-b226-61e4-567d-9d7e30af43c2" executionId="2366ecb5-f467-422d-93c7-d9617ed6408b" testListId="8c84fa94-04c1-424b-9868-57a2d4851a1d" />
    <TestEntry testId="f5638ed7-e44d-2099-e554-60a73c569fe1" executionId="3300a205-92ef-4f37-b442-1e74081021e2" testListId="8c84fa94-04c1-424b-9868-57a2d4851a1d" />
    <TestEntry testId="c912bcb3-42cc-9f1c-27e9-076685f63c50" executionId="8ac3471f-2b85-472f-8a27-97091bcabf8a" testListId="8c84fa94-04c1-424b-9868-57a2d4851a1d" />
    <TestEntry testId="6de7da96-699f-13be-0292-54aa3333e122" executionId="7d1a9ac6-d443-4744-9128-835a0c7b9247" testListId="8c84fa94-04c1-424b-9868-57a2d4851a1d" />
    <TestEntry testId="654fc1f8-1f97-ee1e-b7a3-664a0c15a635" executionId="7efaaa62-4136-47b8-ab0e-9f388690c015" testListId="8c84fa94-04c1-424b-9868-57a2d4851a1d" />
    <TestEntry testId="73a034fe-8a09-7e62-9686-a06bbe0a7620" executionId="d15840a7-49a6-417a-8994-e0c80b7c194a" testListId="8c84fa94-04c1-424b-9868-57a2d4851a1d" />
    <TestEntry testId="c3be62ab-c1c7-7136-55b3-ff95665b9d21" executionId="efca4c3a-ca05-47f6-bbc7-e7c028e46bca" testListId="8c84fa94-04c1-424b-9868-57a2d4851a1d" />
    <TestEntry testId="ed257f29-cc3b-8b26-caf9-47e956a6c319" executionId="6ce26d3b-9815-475c-9442-75ca7afd3cc3" testListId="8c84fa94-04c1-424b-9868-57a2d4851a1d" />
    <TestEntry testId="6b2e59b5-97a9-a5ea-d009-7f41ae26f100" executionId="1019ba00-fc79-48a4-8c19-08b0bfd6ce3e" testListId="8c84fa94-04c1-424b-9868-57a2d4851a1d" />
    <TestEntry testId="28b76b0e-a91b-b613-581f-64e7ac01e365" executionId="98d7690d-2242-4d98-b65d-e9d0b2ffb1c5" testListId="8c84fa94-04c1-424b-9868-57a2d4851a1d" />
    <TestEntry testId="dbb82413-0ecb-7fc4-d324-f9d302be4d88" executionId="488891b3-d95e-4bab-8a8c-631174686c36" testListId="8c84fa94-04c1-424b-9868-57a2d4851a1d" />
    <TestEntry testId="ce0e132c-7b2a-ad6d-3317-915962bdb3ec" executionId="4f1cd23f-37aa-4b9f-86ff-d1cddef0000d" testListId="8c84fa94-04c1-424b-9868-57a2d4851a1d" />
    <TestEntry testId="41900e25-9a83-0436-0736-8b0a88f3056e" executionId="40162817-dde0-49b6-810a-be00a414d7c3" testListId="8c84fa94-04c1-424b-9868-57a2d4851a1d" />
    <TestEntry testId="035a98dc-b85e-8adc-35bc-deae1bc1af73" executionId="3fba5f78-921d-4e64-ab39-7c35b38e6e38" testListId="8c84fa94-04c1-424b-9868-57a2d4851a1d" />
    <TestEntry testId="7fded9d1-d50e-4e0a-c3e6-145642123e11" executionId="851418a9-bc6c-4c0e-84d2-0ed8bfe09cc7" testListId="8c84fa94-04c1-424b-9868-57a2d4851a1d" />
    <TestEntry testId="73bfc82f-a853-07f1-8414-1f9db0fa53ae" executionId="053fc741-2fea-496c-8e14-70b7edb9e67d" testListId="8c84fa94-04c1-424b-9868-57a2d4851a1d" />
    <TestEntry testId="c199284e-1ebf-e01f-8ce6-280e6ae7e75d" executionId="e9df0a72-b5f2-4af2-8185-16c69d7556d4" testListId="8c84fa94-04c1-424b-9868-57a2d4851a1d" />
    <TestEntry testId="a783ed32-8674-fbdb-e1db-6b1465d7ab58" executionId="f671276d-d79e-4cb4-b08b-59cdccd07838" testListId="8c84fa94-04c1-424b-9868-57a2d4851a1d" />
    <TestEntry testId="7f1be293-0553-f725-941c-750ef63b7bb1" executionId="0978f78c-727a-4231-8f85-e6451ba0c062" testListId="8c84fa94-04c1-424b-9868-57a2d4851a1d" />
    <TestEntry testId="e8cac3a7-01ce-8799-dc38-148c30fb3212" executionId="47ff80f5-0295-4f22-b63a-349f713bca61" testListId="8c84fa94-04c1-424b-9868-57a2d4851a1d" />
    <TestEntry testId="6808f9fa-035e-fc92-6291-eee962ccf183" executionId="a61360dd-a080-41b1-a21f-7082f82c14d3" testListId="8c84fa94-04c1-424b-9868-57a2d4851a1d" />
    <TestEntry testId="39f86884-a27e-1b42-a160-2baa84820898" executionId="10890268-c627-4131-9055-e754acc850de" testListId="8c84fa94-04c1-424b-9868-57a2d4851a1d" />
    <TestEntry testId="8f5a0cc4-da4f-2de2-5124-c6fc7364ff61" executionId="d14df1b5-8312-4abb-ba81-0ea521823cca" testListId="8c84fa94-04c1-424b-9868-57a2d4851a1d" />
    <TestEntry testId="cdc0688f-8f21-7c2f-55c3-87e234ef1ab5" executionId="97baaba9-7ac0-4c8b-80dd-d338a981a401" testListId="8c84fa94-04c1-424b-9868-57a2d4851a1d" />
    <TestEntry testId="f499663d-6b55-4421-c8b1-dea64056f777" executionId="bb54b0b4-08ff-407e-a77b-92bf2bae4744" testListId="8c84fa94-04c1-424b-9868-57a2d4851a1d" />
    <TestEntry testId="d25ea8e5-c4f3-6614-b89c-b9ae76687618" executionId="079d09d8-490b-422e-aea8-f782fe7202d4" testListId="8c84fa94-04c1-424b-9868-57a2d4851a1d" />
    <TestEntry testId="18c6618e-f64a-777a-05d8-a2afa5e24885" executionId="c38bfadd-7b9b-4561-9657-e17c40387336" testListId="8c84fa94-04c1-424b-9868-57a2d4851a1d" />
    <TestEntry testId="0eaba773-c39a-a95c-695c-3867c543129c" executionId="cf6b2df8-0cec-4ca4-b307-24a39efebd8a" testListId="8c84fa94-04c1-424b-9868-57a2d4851a1d" />
    <TestEntry testId="853bfc1a-a298-777c-a2ad-f6de66842305" executionId="685dc130-f872-4f3d-a5d5-65e69b12a344" testListId="8c84fa94-04c1-424b-9868-57a2d4851a1d" />
    <TestEntry testId="b5a8738b-c6cd-e065-7ca4-e5b601b70141" executionId="4104bda1-40d5-45a2-9ad8-195d7a4af0b0" testListId="8c84fa94-04c1-424b-9868-57a2d4851a1d" />
    <TestEntry testId="87903446-906c-c8d1-a570-d959b064087a" executionId="5355f0cd-a8fb-4e36-8472-47bb76cb23b3" testListId="8c84fa94-04c1-424b-9868-57a2d4851a1d" />
    <TestEntry testId="d3661bb8-3cfa-2283-e55e-a756bf528a36" executionId="1eda4079-c6aa-49ca-85aa-1915fca3b75a" testListId="8c84fa94-04c1-424b-9868-57a2d4851a1d" />
    <TestEntry testId="497aeab1-8164-268d-f87b-5c277e7193fc" executionId="14d75526-cf8a-4991-843f-42391a7cce19" testListId="8c84fa94-04c1-424b-9868-57a2d4851a1d" />
    <TestEntry testId="4d685ef3-38e0-5352-8084-3a3d46d7cf83" executionId="1b7a2f13-9091-4d3d-a464-01b6a76d96b0" testListId="8c84fa94-04c1-424b-9868-57a2d4851a1d" />
    <TestEntry testId="d828facc-df87-039c-0093-77e4b904b325" executionId="1a75420d-8363-47cd-a5aa-7aec3a93fa71" testListId="8c84fa94-04c1-424b-9868-57a2d4851a1d" />
    <TestEntry testId="83b4c1ce-5f84-6efc-d19f-a2254e14c370" executionId="eb29d6a0-5335-48c6-b746-e6ac84323af5" testListId="8c84fa94-04c1-424b-9868-57a2d4851a1d" />
    <TestEntry testId="f85f6a2c-4dee-b835-2e11-c6ecd821c404" executionId="9400a2d2-0749-443b-af80-5f273c8cc731" testListId="8c84fa94-04c1-424b-9868-57a2d4851a1d" />
    <TestEntry testId="926302fc-dbb4-4217-1377-69decae88826" executionId="366d5279-e34e-4c7f-a102-af3916290e9c" testListId="8c84fa94-04c1-424b-9868-57a2d4851a1d" />
    <TestEntry testId="a49ffbdc-3e06-a1f6-0a57-713b0b85fb09" executionId="6ea07be2-3590-4fe6-a3f5-5d1b6918f689" testListId="8c84fa94-04c1-424b-9868-57a2d4851a1d" />
  </TestEntries>
  <TestLists>
    <TestList name="Results Not in a List" id="8c84fa94-04c1-424b-9868-57a2d4851a1d" />
    <TestList name="All Loaded Results" id="19431567-8539-422a-85d7-44ee4e166bda" />
  </TestLists>
  <ResultSummary outcome="Completed">
    <Counters total="497" executed="497" passed="497" failed="0" error="0" timeout="0" aborted="0" inconclusive="0" passedButRunAborted="0" notRunnable="0" notExecuted="0" disconnected="0" warning="0" completed="0" inProgress="0" pending="0" />
    <Output>
      <StdOut>NUnit Adapter 5.0.0.0: Test execution started&#xD;
Running selected tests in D:\Agents\smith05.01\_work\257\s\tests\CHG.IdentityProvider.IntegrationTests\bin\Release\net9.0\CHG.IdentityProvider.IntegrationTests.dll&#xD;
   NUnit3TestExecutor discovered 497 of 497 NUnit test cases using Current Discovery mode, Non-Explicit run&#xD;
NUnit Adapter 5.0.0.0: Test execution complete&#xD;
</StdOut>
    </Output>
    <CollectorDataEntries>
      <Collector agentName="V020705" uri="datacollector://microsoft/CodeCoverage/2.0" collectorDisplayName="Code Coverage">
        <UriAttachments>
          <UriAttachment>
            <A href="V020705\coverage.xml"></A>
          </UriAttachment>
        </UriAttachments>
      </Collector>
    </CollectorDataEntries>
  </ResultSummary>
</TestRun>