<?xml version="1.0" encoding="utf-8"?>
<TestRun id="79a9d519-77bf-4efb-982e-2cb8d5750c67" name="@33c8d6e82111 2025-04-30 07:17:21" xmlns="http://microsoft.com/schemas/VisualStudio/TeamTest/2010" runUser="testuser">
  <Times creation="2025-04-30T07:17:21.5877997+00:00" queuing="2025-04-30T07:17:21.5877997+00:00" start="2025-04-30T07:17:19.7445641+00:00" finish="2025-04-30T07:17:30.7923553+00:00" />
  <TestSettings name="default" id="d803cb92-39d8-4849-90c1-c6bf49c41bc8">
    <Deployment runDeploymentRoot="_33c8d6e82111_2025-04-30_07_17_21" />
  </TestSettings>
  <Results>
    <UnitTestResult executionId="07259b0a-5a07-42a5-ae76-5afcc3e564f9" testId="b8b8e7ad-fb95-4b9f-4252-789b4908fa3b" testName="Return_Groups_And_Attributes" computerName="33c8d6e82111" duration="00:00:00.3022210" startTime="2025-04-30T07:17:28.6655516+00:00" endTime="2025-04-30T07:17:28.9677725+00:00" testType="13cdc9d9-ddb5-4fa4-a97d-d965ccfc6d4b" outcome="Passed" testListId="8c84fa94-04c1-424b-9868-57a2d4851a1d" relativeResultsDirectory="07259b0a-5a07-42a5-ae76-5afcc3e564f9" />
    <UnitTestResult executionId="ef8dfb84-cdaf-4a53-9a29-d120a7bd3e45" testId="567dbba5-4888-7b05-ea99-c9c4680ad143" testName="Returns_False_For_Weak_Password" computerName="33c8d6e82111" duration="00:00:00.0406570" startTime="2025-04-30T07:17:27.5123380+00:00" endTime="2025-04-30T07:17:27.5529940+00:00" testType="13cdc9d9-ddb5-4fa4-a97d-d965ccfc6d4b" outcome="Passed" testListId="8c84fa94-04c1-424b-9868-57a2d4851a1d" relativeResultsDirectory="ef8dfb84-cdaf-4a53-9a29-d120a7bd3e45" />
    <UnitTestResult executionId="90a84ca1-99d1-4baa-b45e-441988b625cf" testId="6075ad88-f956-121d-9556-4bab6e2d31ae" testName="Flow_Create_Update_Delete" computerName="33c8d6e82111" duration="00:00:00.2670110" startTime="2025-04-30T07:17:27.5828438+00:00" endTime="2025-04-30T07:17:27.8498542+00:00" testType="13cdc9d9-ddb5-4fa4-a97d-d965ccfc6d4b" outcome="Passed" testListId="8c84fa94-04c1-424b-9868-57a2d4851a1d" relativeResultsDirectory="90a84ca1-99d1-4baa-b45e-441988b625cf" />
    <UnitTestResult executionId="16c13b7a-7fd7-4615-a5ff-ae6f2a87e252" testId="44f23f28-7438-f6c2-c4b2-af7ab9bcff28" testName="Can_Login_Via_Redirection" computerName="33c8d6e82111" duration="00:00:00.7818960" startTime="2025-04-30T07:17:28.9680662+00:00" endTime="2025-04-30T07:17:29.7499616+00:00" testType="13cdc9d9-ddb5-4fa4-a97d-d965ccfc6d4b" outcome="Passed" testListId="8c84fa94-04c1-424b-9868-57a2d4851a1d" relativeResultsDirectory="16c13b7a-7fd7-4615-a5ff-ae6f2a87e252" />
    <UnitTestResult executionId="0ddd0f79-cc5e-4f31-a664-83a1bf9395a8" testId="a21ad96c-352a-2f09-2895-6400a753d325" testName="Cannot_Be_Called_Without_UserId_And_Code" computerName="33c8d6e82111" duration="00:00:00.1611990" startTime="2025-04-30T07:17:20.9235304+00:00" endTime="2025-04-30T07:17:21.0847005+00:00" testType="13cdc9d9-ddb5-4fa4-a97d-d965ccfc6d4b" outcome="Passed" testListId="8c84fa94-04c1-424b-9868-57a2d4851a1d" relativeResultsDirectory="0ddd0f79-cc5e-4f31-a664-83a1bf9395a8" />
    <UnitTestResult executionId="860c7ca6-c3e8-450c-8d84-863169c8842f" testId="fc0a782c-b988-f258-c05d-77c4729a423e" testName="Run_Invitation_Flow" computerName="33c8d6e82111" duration="00:00:06.4246110" startTime="2025-04-30T07:17:21.0874164+00:00" endTime="2025-04-30T07:17:27.5120269+00:00" testType="13cdc9d9-ddb5-4fa4-a97d-d965ccfc6d4b" outcome="Passed" testListId="8c84fa94-04c1-424b-9868-57a2d4851a1d" relativeResultsDirectory="860c7ca6-c3e8-450c-8d84-863169c8842f" />
    <UnitTestResult executionId="086f2f05-0867-4020-a7c2-2e564b216782" testId="0e7761cb-3c48-fb05-fd3c-c754e6bb3393" testName="Returns_True_For_Strong_Password" computerName="33c8d6e82111" duration="00:00:00.0295300" startTime="2025-04-30T07:17:27.5530665+00:00" endTime="2025-04-30T07:17:27.5825960+00:00" testType="13cdc9d9-ddb5-4fa4-a97d-d965ccfc6d4b" outcome="Passed" testListId="8c84fa94-04c1-424b-9868-57a2d4851a1d" relativeResultsDirectory="086f2f05-0867-4020-a7c2-2e564b216782" />
    <UnitTestResult executionId="57e1bd41-e1dd-4994-838c-84f55080eac1" testId="083e8e5e-e93a-7723-b0fb-96dd6fef91ff" testName="Can_Login_Using_Saml_LoginProvider" computerName="33c8d6e82111" duration="00:00:00.6796730" startTime="2025-04-30T07:17:27.9858024+00:00" endTime="2025-04-30T07:17:28.6654739+00:00" testType="13cdc9d9-ddb5-4fa4-a97d-d965ccfc6d4b" outcome="Passed" testListId="8c84fa94-04c1-424b-9868-57a2d4851a1d" relativeResultsDirectory="57e1bd41-e1dd-4994-838c-84f55080eac1" />
    <UnitTestResult executionId="953f7a1c-bf19-4164-b449-e744ad340a7d" testId="16680c94-fc5b-c5f2-ab30-9be6bb5247d7" testName="Returns_Created_When_Called_For_A_UserName_That_Already_Exits_But_Is_Deleted" computerName="33c8d6e82111" duration="00:00:00.0603300" startTime="2025-04-30T07:17:27.8499336+00:00" endTime="2025-04-30T07:17:27.9102626+00:00" testType="13cdc9d9-ddb5-4fa4-a97d-d965ccfc6d4b" outcome="Passed" testListId="8c84fa94-04c1-424b-9868-57a2d4851a1d" relativeResultsDirectory="953f7a1c-bf19-4164-b449-e744ad340a7d" />
    <UnitTestResult executionId="eb168d67-5cb0-43ce-87bf-52dece2baa18" testId="78d6e7c7-14ad-86ee-bb94-61b17dcbbe1e" testName="Can_Login_Via_Redirection_To_SamlProvider" computerName="33c8d6e82111" duration="00:00:00.1746190" startTime="2025-04-30T07:17:29.7500425+00:00" endTime="2025-04-30T07:17:29.9246608+00:00" testType="13cdc9d9-ddb5-4fa4-a97d-d965ccfc6d4b" outcome="Passed" testListId="8c84fa94-04c1-424b-9868-57a2d4851a1d" relativeResultsDirectory="eb168d67-5cb0-43ce-87bf-52dece2baa18" />
    <UnitTestResult executionId="75219a92-c87b-4423-bb46-e0ae06e11361" testId="adc13e55-038d-6674-d75d-86089b14dd91" testName="Returns_NotFound_For_Non_Existing_User(&quot;/api/v1/users/&quot;)" computerName="33c8d6e82111" duration="00:00:00.0240690" startTime="2025-04-30T07:17:27.9103928+00:00" endTime="2025-04-30T07:17:27.9344609+00:00" testType="13cdc9d9-ddb5-4fa4-a97d-d965ccfc6d4b" outcome="Passed" testListId="8c84fa94-04c1-424b-9868-57a2d4851a1d" relativeResultsDirectory="75219a92-c87b-4423-bb46-e0ae06e11361" />
    <UnitTestResult executionId="84d6ae5e-b737-4ff8-a2b0-500b5119297f" testId="3e990cb0-19aa-27b5-ad7d-d774743d044d" testName="RunFlow_WithUserId" computerName="33c8d6e82111" duration="00:00:00.2328670" startTime="2025-04-30T07:17:30.4867003+00:00" endTime="2025-04-30T07:17:30.7195671+00:00" testType="13cdc9d9-ddb5-4fa4-a97d-d965ccfc6d4b" outcome="Passed" testListId="8c84fa94-04c1-424b-9868-57a2d4851a1d" relativeResultsDirectory="84d6ae5e-b737-4ff8-a2b0-500b5119297f" />
    <UnitTestResult executionId="9c1ea91d-f494-423d-8cc5-8bd3be65bab3" testId="5879d027-da39-b3d6-902a-37cb36add5fd" testName="Can_Login_With_Username_And_Password_Via_UI" computerName="33c8d6e82111" duration="00:00:00.2186920" startTime="2025-04-30T07:17:29.9247715+00:00" endTime="2025-04-30T07:17:30.1434629+00:00" testType="13cdc9d9-ddb5-4fa4-a97d-d965ccfc6d4b" outcome="Passed" testListId="8c84fa94-04c1-424b-9868-57a2d4851a1d" relativeResultsDirectory="9c1ea91d-f494-423d-8cc5-8bd3be65bab3" />
    <UnitTestResult executionId="c18d1530-4078-4303-a099-a27c18ce5c06" testId="72347cbc-adf5-f7bb-74d9-0131f63c9db8" testName="Returns_User_Model_For_Existing_User(&quot;/api/v1/users/&quot;)" computerName="33c8d6e82111" duration="00:00:00.0228970" startTime="2025-04-30T07:17:27.9625379+00:00" endTime="2025-04-30T07:17:27.9854338+00:00" testType="13cdc9d9-ddb5-4fa4-a97d-d965ccfc6d4b" outcome="Passed" testListId="8c84fa94-04c1-424b-9868-57a2d4851a1d" relativeResultsDirectory="c18d1530-4078-4303-a099-a27c18ce5c06" />
    <UnitTestResult executionId="2994e634-e58c-4a36-9d45-01c5c568b2e5" testId="63b652c8-f2d3-edf3-1e66-ca6884a512c2" testName="RunFlow_WithEmail" computerName="33c8d6e82111" duration="00:00:00.3428970" startTime="2025-04-30T07:17:30.1437205+00:00" endTime="2025-04-30T07:17:30.4866175+00:00" testType="13cdc9d9-ddb5-4fa4-a97d-d965ccfc6d4b" outcome="Passed" testListId="8c84fa94-04c1-424b-9868-57a2d4851a1d" relativeResultsDirectory="2994e634-e58c-4a36-9d45-01c5c568b2e5">
	  <Output>
		<ErrorInfo>
			<Message>Some error occured!</Message>
			<StackTrace>java.lang.RuntimeException: A runtime exception occurred!&#xD;
	at com.aventstack.extentreports.Main.main(Main.java:47)</StackTrace>
		</ErrorInfo>
	  </Output>
	</UnitTestResult>
    <UnitTestResult executionId="0ca200c7-d4e9-4fec-9ff5-c87db61e10fd" testId="f2fc288d-9ea2-27d3-8f66-c400ca1158ff" testName="Returns_Unauthorized_When_Called_With_Wrong_Scope(&quot;/api/v1/users/&quot;)" computerName="33c8d6e82111" duration="00:00:00.0246390" startTime="2025-04-30T07:17:27.9378183+00:00" endTime="2025-04-30T07:17:27.9624566+00:00" testType="13cdc9d9-ddb5-4fa4-a97d-d965ccfc6d4b" outcome="Passed" testListId="8c84fa94-04c1-424b-9868-57a2d4851a1d" relativeResultsDirectory="0ca200c7-d4e9-4fec-9ff5-c87db61e10fd">
      <Output>
        <StdOut>[14:02:17 INF] Executed DbCommand (4ms) [Parameters=[], CommandType='Text', CommandTimeout='30']&#xD;
DELETE FROM [l]&#xD;
FROM [dbo].[InvoicePayment] AS [l]&#xD;
WHERE [l].[Company] = CAST(22 AS smallint)&#xD;
[14:02:17 INF] Executed DbCommand (3ms) [Parameters=[], CommandType='Text', CommandTimeout='30']&#xD;
DELETE FROM [v]&#xD;
FROM [dbo].[Lease] AS [v]&#xD;
WHERE [v].[Company] = CAST(22 AS smallint)&#xD;
[14:02:17 INF] Executed DbCommand (3ms) [Parameters=[], CommandType='Text', CommandTimeout='30']&#xD;
DELETE FROM [v]&#xD;
FROM [dbo].[Subposition] AS [v]&#xD;
WHERE [v].[Company] = CAST(22 AS smallint)&#xD;
[14:02:17 INF] Executed DbCommand (2ms) [Parameters=[], CommandType='Text', CommandTimeout='30']&#xD;
DELETE FROM [v]&#xD;
FROM [dbo].[InvoiceGroup] AS [v]&#xD;
WHERE [v].[Company] = CAST(22 AS smallint)&#xD;
[14:02:17 INF] Executed DbCommand (1ms) [Parameters=[], CommandType='Text', CommandTimeout='30']&#xD;
DELETE FROM [l]&#xD;
FROM [dbo].[InvoicePayment] AS [l]&#xD;
WHERE [l].[Company] = CAST(22 AS smallint)&#xD;
[14:02:17 INF] Executed DbCommand (10ms) [Parameters=[], CommandType='Text', CommandTimeout='30']&#xD;
DELETE FROM [l]&#xD;
FROM [dbo].[InvoiceProtocol] AS [l]&#xD;
WHERE [l].[Company] = CAST(22 AS smallint)&#xD;
[14:02:17 INF] Executed DbCommand (3ms) [Parameters=[], CommandType='Text', CommandTimeout='30']&#xD;
DELETE FROM [v]&#xD;
FROM [dbo].[AssetData] AS [v]&#xD;
WHERE [v].[CustomerNumber] = 8967&#xD;
[14:02:17 INF] Executed DbCommand (9ms) [Parameters=[@p0='?' (DbType = DateTimeOffset), @p1='?' (DbType = Int32), @p2='?' (DbType = Int32), @p3='?' (DbType = Int32), @p4='?' (DbType = DateTimeOffset), @p5='?' (DbType = DateTimeOffset), @p6='?' (DbType = Int16), @p7='?' (DbType = Int32), @p8='?' (DbType = Date), @p9='?' (DbType = Date), @p10='?' (Size = 1) (DbType = Byte), @p11='?' (DbType = DateTimeOffset), @p12='?' (DbType = Int16), @p13='?' (DbType = Int32), @p14='?' (DbType = DateTimeOffset), @p15='?' (Size = 3), @p16='?' (Size = 1) (DbType = Byte), @p17='?' (DbType = Date), @p18='?' (DbType = Date), @p19='?' (DbType = Int32), @p20='?' (Size = 1) (DbType = Byte), @p21='?' (DbType = Int32), @p22='?' (DbType = Int32), @p23='?' (Precision = 18) (Scale = 2) (DbType = Decimal), @p24='?' (DbType = Date), @p25='?' (Size = 1) (DbType = Byte), @p26='?' (DbType = DateTimeOffset), @p27='?' (DbType = Int16), @p28='?' (DbType = Int32), @p29='?' (DbType = DateTimeOffset), @p30='?' (Size = 3), @p31='?' (Size = 1) (DbType = Byte), @p32='?' (DbType = Date), @p33='?' (DbType = Date), @p34='?' (DbType = Int32), @p35='?' (Size = 1) (DbType = Byte), @p36='?' (DbType = Int32), @p37='?' (DbType = Int32), @p38='?' (Precision = 18) (Scale = 2) (DbType = Decimal), @p39='?' (DbType = Date), @p40='?' (Size = 1) (DbType = Byte), @p41='?' (DbType = DateTimeOffset), @p42='?' (DbType = Int16), @p43='?' (DbType = Int32), @p44='?' (DbType = DateTimeOffset), @p45='?' (Size = 3), @p46='?' (Size = 1) (DbType = Byte), @p47='?' (DbType = Date), @p48='?' (DbType = Date), @p49='?' (DbType = Int32), @p50='?' (Size = 1) (DbType = Byte), @p51='?' (DbType = Int32), @p52='?' (DbType = Int32), @p53='?' (Precision = 18) (Scale = 2) (DbType = Decimal), @p54='?' (DbType = Date), @p55='?' (Size = 1) (DbType = Byte), @p56='?' (DbType = DateTimeOffset), @p57='?' (DbType = Int16), @p58='?' (DbType = Int32), @p59='?' (DbType = DateTimeOffset), @p60='?' (Size = 3), @p61='?' (Size = 1) (DbType = Byte), @p62='?' (DbType = Date), @p63='?' (DbType = Date), @p64='?' (DbType = Int32), @p65='?' (Size = 1) (DbType = Byte), @p66='?' (DbType = Int32), @p67='?' (DbType = Int32), @p68='?' (Precision = 18) (Scale = 2) (DbType = Decimal), @p69='?' (DbType = Date), @p70='?' (Size = 1) (DbType = Byte), @p71='?' (DbType = DateTimeOffset), @p72='?' (DbType = Int16), @p73='?' (DbType = Int32), @p74='?' (DbType = DateTimeOffset), @p75='?' (Size = 3), @p76='?' (Size = 1) (DbType = Byte), @p77='?' (DbType = Date), @p78='?' (DbType = Date), @p79='?' (DbType = Int32), @p80='?' (Size = 1) (DbType = Byte), @p81='?' (DbType = Int32), @p82='?' (DbType = Int32), @p83='?' (Precision = 18) (Scale = 2) (DbType = Decimal), @p84='?' (DbType = Date), @p85='?' (Size = 1) (DbType = Byte), @p86='?' (DbType = DateTimeOffset), @p87='?' (DbType = Int16), @p88='?' (DbType = Int32), @p89='?' (DbType = DateTimeOffset), @p90='?' (Size = 3), @p91='?' (Size = 1) (DbType = Byte), @p92='?' (DbType = Date), @p93='?' (DbType = Date), @p94='?' (DbType = Int32), @p95='?' (Size = 1) (DbType = Byte), @p96='?' (DbType = Int32), @p97='?' (DbType = Int32), @p98='?' (Precision = 18) (Scale = 2) (DbType = Decimal), @p99='?' (DbType = Date), @p100='?' (Size = 1) (DbType = Byte), @p101='?' (DbType = DateTimeOffset), @p102='?' (DbType = Int16), @p103='?' (DbType = Int32), @p104='?' (DbType = DateTimeOffset), @p105='?' (Size = 3), @p106='?' (Size = 1) (DbType = Byte), @p107='?' (DbType = Date), @p108='?' (DbType = Date), @p109='?' (DbType = Int32), @p110='?' (Size = 1) (DbType = Byte), @p111='?' (DbType = Int32), @p112='?' (DbType = Int32), @p113='?' (Precision = 18) (Scale = 2) (DbType = Decimal), @p114='?' (DbType = Date), @p115='?' (Size = 1) (DbType = Byte), @p116='?' (DbType = DateTimeOffset), @p117='?' (DbType = Int16), @p118='?' (DbType = Int32), @p119='?' (DbType = DateTimeOffset), @p120='?' (Size = 3), @p121='?' (Size = 1) (DbType = Byte), @p122='?' (DbType = Date), @p123='?' (DbType = Date), @p124='?' (DbType = Int32), @p125='?' (Size = 1) (DbType = Byte), @p126='?' (DbType = Int32), @p127='?' (DbType = Int32), @p128='?' (Precision = 18) (Scale = 2) (DbType = Decimal), @p129='?' (DbType = Date), @p130='?' (Size = 1) (DbType = Byte), @p131='?' (DbType = DateTimeOffset), @p132='?' (DbType = Int16), @p133='?' (DbType = Int32), @p134='?' (DbType = DateTimeOffset), @p135='?' (Size = 3), @p136='?' (Size = 1) (DbType = Byte), @p137='?' (DbType = Date), @p138='?' (DbType = Date), @p139='?' (DbType = Int32), @p140='?' (Size = 1) (DbType = Byte), @p141='?' (DbType = Int32), @p142='?' (DbType = Int32), @p143='?' (Precision = 18) (Scale = 2) (DbType = Decimal), @p144='?' (DbType = Date), @p145='?' (Size = 1) (DbType = Byte), @p146='?' (DbType = DateTimeOffset), @p147='?' (DbType = Int16), @p148='?' (DbType = Int32), @p149='?' (DbType = DateTimeOffset), @p150='?' (Size = 3), @p151='?' (Size = 1) (DbType = Byte), @p152='?' (DbType = Date), @p153='?' (DbType = Date), @p154='?' (DbType = Int32), @p155='?' (Size = 1) (DbType = Byte), @p156='?' (DbType = Int32), @p157='?' (DbType = Int32), @p158='?' (Precision = 18) (Scale = 2) (DbType = Decimal), @p159='?' (DbType = Date), @p160='?' (Size = 1) (DbType = Byte), @p161='?' (DbType = DateTimeOffset), @p162='?' (DbType = Int16), @p163='?' (DbType = Int32), @p164='?' (DbType = DateTimeOffset), @p165='?' (Size = 3), @p166='?' (Size = 1) (DbType = Byte), @p167='?' (DbType = Date), @p168='?' (DbType = Date), @p169='?' (DbType = Int32), @p170='?' (Size = 1) (DbType = Byte), @p171='?' (DbType = Int32), @p172='?' (DbType = Int32), @p173='?' (Precision = 18) (Scale = 2) (DbType = Decimal), @p174='?' (DbType = Date), @p175='?' (Size = 1) (DbType = Byte), @p176='?' (DbType = DateTimeOffset), @p177='?' (DbType = Int16), @p178='?' (DbType = Int32), @p179='?' (DbType = DateTimeOffset), @p180='?' (Size = 3), @p181='?' (Size = 1) (DbType = Byte), @p182='?' (DbType = Date), @p183='?' (DbType = Date), @p184='?' (DbType = Int32), @p185='?' (Size = 1) (DbType = Byte), @p186='?' (DbType = Int32), @p187='?' (DbType = Int32), @p188='?' (Precision = 18) (Scale = 2) (DbType = Decimal), @p189='?' (DbType = Date), @p190='?' (Size = 1) (DbType = Byte), @p191='?' (DbType = DateTimeOffset), @p192='?' (DbType = Int16), @p193='?' (DbType = Int32), @p194='?' (DbType = DateTimeOffset), @p195='?' (Size = 3), @p196='?' (Size = 1) (DbType = Byte), @p197='?' (DbType = Date), @p198='?' (DbType = Date), @p199='?' (DbType = Int32), @p200='?' (Size = 1) (DbType = Byte), @p201='?' (DbType = Int32), @p202='?' (DbType = Int32), @p203='?' (Precision = 18) (Scale = 2) (DbType = Decimal), @p204='?' (DbType = Date), @p205='?' (Size = 1) (DbType = Byte), @p206='?' (DbType = DateTimeOffset), @p207='?' (DbType = Int16), @p208='?' (DbType = Int32), @p209='?' (DbType = DateTimeOffset), @p210='?' (Size = 3), @p211='?' (Size = 1) (DbType = Byte), @p212='?' (DbType = Date), @p213='?' (DbType = Date), @p214='?' (DbType = Int32), @p215='?' (Size = 1) (DbType = Byte), @p216='?' (DbType = Int32), @p217='?' (DbType = Int32), @p218='?' (Precision = 18) (Scale = 2) (DbType = Decimal), @p219='?' (DbType = Date), @p220='?' (Size = 1) (DbType = Byte), @p221='?' (DbType = DateTimeOffset), @p222='?' (DbType = Int16), @p223='?' (DbType = Int32), @p224='?' (DbType = DateTimeOffset), @p225='?' (Size = 3), @p226='?' (Size = 1) (DbType = Byte), @p227='?' (DbType = Date), @p228='?' (DbType = Date), @p229='?' (DbType = Int32), @p230='?' (Size = 1) (DbType = Byte), @p231='?' (DbType = Int32), @p232='?' (DbType = Int32), @p233='?' (Precision = 18) (Scale = 2) (DbType = Decimal), @p234='?' (DbType = Date), @p235='?' (Size = 1) (DbType = Byte), @p236='?' (DbType = DateTimeOffset), @p237='?' (DbType = Int16), @p238='?' (DbType = Int32), @p239='?' (DbType = DateTimeOffset), @p240='?' (Size = 3), @p241='?' (Size = 1) (DbType = Byte), @p242='?' (DbType = Date), @p243='?' (DbType = Date), @p244='?' (DbType = Int32), @p245='?' (Size = 1) (DbType = Byte), @p246='?' (DbType = Int32), @p247='?' (DbType = Int32), @p248='?' (Precision = 18) (Scale = 2) (DbType = Decimal), @p249='?' (DbType = Date), @p250='?' (Size = 1) (DbType = Byte), @p251='?' (DbType = DateTimeOffset), @p252='?' (DbType = Int16), @p253='?' (DbType = Int32), @p254='?' (DbType = DateTimeOffset), @p255='?' (Size = 3), @p256='?' (Size = 1) (DbType = Byte), @p257='?' (DbType = Date), @p258='?' (DbType = Date), @p259='?' (DbType = Int32), @p260='?' (Size = 1) (DbType = Byte), @p261='?' (DbType = Int32), @p262='?' (DbType = Int32), @p263='?' (Precision = 18) (Scale = 2) (DbType = Decimal), @p264='?' (DbType = Date), @p265='?' (Size = 1) (DbType = Byte), @p266='?' (DbType = DateTimeOffset), @p267='?' (DbType = Int16), @p268='?' (DbType = Int32), @p269='?' (DbType = DateTimeOffset), @p270='?' (Size = 3), @p271='?' (Size = 1) (DbType = Byte), @p272='?' (DbType = Date), @p273='?' (DbType = Date), @p274='?' (DbType = Int32), @p275='?' (Size = 1) (DbType = Byte), @p276='?' (DbType = Int32), @p277='?' (DbType = Int32), @p278='?' (Precision = 18) (Scale = 2) (DbType = Decimal), @p279='?' (DbType = Date), @p280='?' (Size = 1) (DbType = Byte), @p281='?' (DbType = DateTimeOffset), @p282='?' (DbType = Int64), @p283='?' (DbType = Int32), @p284='?' (Size = 256), @p285='?' (Size = 256), @p286='?' (Size = 256), @p287='?' (Size = 256), @p288='?' (DbType = Int64), @p289='?' (DbType = Int32), @p290='?' (Size = 256), @p291='?' (Size = 256), @p292='?' (Size = 256), @p293='?' (Size = 256), @p294='?' (DbType = Int64), @p295='?' (DbType = Int32), @p296='?' (Size = 256), @p297='?' (Size = 256), @p298='?' (Size = 256), @p299='?' (Size = 256), @p300='?' (DbType = Int64), @p301='?' (DbType = Int32), @p302='?' (Size = 256), @p303='?' (Size = 256), @p304='?' (Size = 256), @p305='?' (Size = 256), @p306='?' (DbType = Int64), @p307='?' (DbType = Int32), @p308='?' (Size = 256), @p309='?' (Size = 256), @p310='?' (Size = 256), @p311='?' (Size = 256), @p312='?' (DbType = Int64), @p313='?' (DbType = Int32), @p314='?' (Size = 256), @p315='?' (Size = 256), @p316='?' (Size = 256), @p317='?' (Size = 256), @p318='?' (DbType = Int32), @p319='?' (DbType = Int16), @p320='?' (DbType = Int32), @p321='?' (DbType = Int32), @p322='?' (DbType = Int32), @p323='?' (Size = 50) (DbType = AnsiString), @p324='?' (DbType = Int16), @p325='?' (DbType = Int32), @p326='?' (DbType = Boolean), @p327='?' (DbType = Int32), @p328='?' (DbType = Boolean), @p329='?' (DbType = Boolean), @p330='?' (DbType = Boolean), @p331='?' (DbType = Boolean), @p332='?' (DbType = Int32), @p333='?' (DbType = Int16), @p334='?' (DbType = Int32), @p335='?' (DbType = Int32), @p336='?' (DbType = Int32), @p337='?' (Size = 50) (DbType = AnsiString), @p338='?' (DbType = Int16), @p339='?' (DbType = Int32), @p340='?' (DbType = Boolean), @p341='?' (DbType = Int32), @p342='?' (DbType = Boolean), @p343='?' (DbType = Boolean), @p344='?' (DbType = Boolean), @p345='?' (DbType = Boolean), @p346='?' (DbType = Int16), @p347='?' (DbType = Int32), @p348='?' (DbType = Int32), @p349='?' (DbType = Date), @p350='?' (DbType = Int16), @p351='?' (DbType = Int32), @p352='?' (DbType = Int32), @p353='?' (DbType = Date), @p354='?' (DbType = Int16), @p355='?' (DbType = Int32), @p356='?' (DbType = Int32), @p357='?' (DbType = Date), @p358='?' (DbType = Int16), @p359='?' (DbType = Int32), @p360='?' (DbType = Int32), @p361='?' (DbType = Int32), @p362='?' (DbType = Int64), @p363='?' (DbType = Date), @p364='?' (DbType = Int32), @p365='?' (DbType = Int16), @p366='?' (DbType = Date), @p367='?' (DbType = Int16), @p368='?' (DbType = Int16), @p369='?' (DbType = Int32), @p370='?' (DbType = Int32), @p371='?' (DbType = Int32), @p372='?' (DbType = Int64), @p373='?' (DbType = Date), @p374='?' (DbType = Int32), @p375='?' (DbType = Int16), @p376='?' (DbType = Date), @p377='?' (DbType = Int16), @p378='?' (DbType = Int16), @p379='?' (DbType = Int32), @p380='?' (DbType = Int32), @p381='?' (DbType = Int32), @p382='?' (DbType = Int64), @p383='?' (DbType = Date), @p384='?' (DbType = Int32), @p385='?' (DbType = Int16), @p386='?' (DbType = Date), @p387='?' (DbType = Int16), @p388='?' (DbType = Int16), @p389='?' (DbType = Int32), @p390='?' (DbType = Int32), @p391='?' (DbType = Int32), @p392='?' (DbType = Int64), @p393='?' (DbType = Date), @p394='?' (DbType = Int32), @p395='?' (DbType = Int16), @p396='?' (DbType = Date), @p397='?' (DbType = Int16), @p398='?' (DbType = Int16), @p399='?' (DbType = Int32), @p400='?' (DbType = Int32), @p401='?' (DbType = Int32), @p402='?' (DbType = Int64), @p403='?' (DbType = Date), @p404='?' (DbType = Int32), @p405='?' (DbType = Int16), @p406='?' (DbType = Date), @p407='?' (DbType = Int16), @p408='?' (DbType = Int16), @p409='?' (DbType = Int32), @p410='?' (DbType = Int32), @p411='?' (DbType = Int32), @p412='?' (DbType = Int64), @p413='?' (DbType = Date), @p414='?' (DbType = Int32), @p415='?' (DbType = Int16), @p416='?' (DbType = Date), @p417='?' (DbType = Int16)], CommandType='Text', CommandTimeout='30']&#xD;
SET NOCOUNT ON;&#xD;
INSERT INTO [dbo].[InvoiceProtocol] ([CreateDate], [CreateUser], [CustomerNumber], [InvoiceGroup], [JobEndDate], [JobStartDate], [Company], [LeaseNumber], [PeriodFromDate], [PeriodToDate], [Status], [UpdateDate])&#xD;
OUTPUT INSERTED.[ExecutionId]&#xD;
		</StdOut>
	  </Output>
	</UnitTestResult>
  </Results>
  <TestDefinitions>
    <UnitTest name="Can_Login_With_Username_And_Password_Via_UI" storage="/app/bin/debug/net9.0/MyCompany.Tests.dll" id="5879d027-da39-b3d6-902a-37cb36add5fd">
      <Execution id="9c1ea91d-f494-423d-8cc5-8bd3be65bab3" />
      <TestMethod codeBase="/app/bin/Debug/net9.0/MyCompany.Tests.dll" adapterTypeName="executor://nunit3testexecutor/" className="MyCompany.Tests.LoginTests" name="Can_Login_With_Username_And_Password_Via_UI" />
    </UnitTest>
    <UnitTest name="RunFlow_WithUserId" storage="/app/bin/debug/net9.0/MyCompany.Tests.dll" id="3e990cb0-19aa-27b5-ad7d-d774743d044d">
      <Execution id="84d6ae5e-b737-4ff8-a2b0-500b5119297f" />
      <TestMethod codeBase="/app/bin/Debug/net9.0/MyCompany.Tests.dll" adapterTypeName="executor://nunit3testexecutor/" className="MyCompany.Tests.ResetPasswordTests" name="RunFlow_WithUserId" />
    </UnitTest>
    <UnitTest name="Returns_Unauthorized_When_Called_With_Wrong_Scope(&quot;/api/v1/users/&quot;)" storage="/app/bin/debug/net9.0/MyCompany.Tests.dll" id="f2fc288d-9ea2-27d3-8f66-c400ca1158ff">
      <Execution id="0ca200c7-d4e9-4fec-9ff5-c87db61e10fd" />
      <TestMethod codeBase="/app/bin/Debug/net9.0/MyCompany.Tests.dll" adapterTypeName="executor://nunit3testexecutor/" className="MyCompany.Tests.ApiTests.UserApiTests" name="Returns_Unauthorized_When_Called_With_Wrong_Scope(&quot;/api/v1/users/&quot;)" />
    </UnitTest>
    <UnitTest name="Run_Invitation_Flow" storage="/app/bin/debug/net9.0/MyCompany.Tests.dll" id="fc0a782c-b988-f258-c05d-77c4729a423e">
      <Execution id="860c7ca6-c3e8-450c-8d84-863169c8842f" />
      <TestMethod codeBase="/app/bin/Debug/net9.0/MyCompany.Tests.dll" adapterTypeName="executor://nunit3testexecutor/" className="MyCompany.Tests.ApiTests.InvitationApiTests+Flow" name="Run_Invitation_Flow" />
    </UnitTest>
    <UnitTest name="Returns_User_Model_For_Existing_User(&quot;/api/v1/users/&quot;)" storage="/app/bin/debug/net9.0/MyCompany.Tests.dll" id="72347cbc-adf5-f7bb-74d9-0131f63c9db8">
      <Execution id="c18d1530-4078-4303-a099-a27c18ce5c06" />
      <TestMethod codeBase="/app/bin/Debug/net9.0/MyCompany.Tests.dll" adapterTypeName="executor://nunit3testexecutor/" className="MyCompany.Tests.ApiTests.UserApiTests" name="Returns_User_Model_For_Existing_User(&quot;/api/v1/users/&quot;)" />
    </UnitTest>
    <UnitTest name="Can_Login_Using_Saml_LoginProvider" storage="/app/bin/debug/net9.0/MyCompany.Tests.dll" id="083e8e5e-e93a-7723-b0fb-96dd6fef91ff">
      <Execution id="57e1bd41-e1dd-4994-838c-84f55080eac1" />
      <TestMethod codeBase="/app/bin/Debug/net9.0/MyCompany.Tests.dll" adapterTypeName="executor://nunit3testexecutor/" className="MyCompany.Tests.LoginProviders.SamlProviderTests" name="Can_Login_Using_Saml_LoginProvider" />
    </UnitTest>
    <UnitTest name="Can_Login_Via_Redirection" storage="/app/bin/debug/net9.0/MyCompany.Tests.dll" id="44f23f28-7438-f6c2-c4b2-af7ab9bcff28">
      <Execution id="16c13b7a-7fd7-4615-a5ff-ae6f2a87e252" />
      <TestMethod codeBase="/app/bin/Debug/net9.0/MyCompany.Tests.dll" adapterTypeName="executor://nunit3testexecutor/" className="MyCompany.Tests.LoginTests" name="Can_Login_Via_Redirection" />
    </UnitTest>
    <UnitTest name="Returns_False_For_Weak_Password" storage="/app/bin/debug/net9.0/MyCompany.Tests.dll" id="567dbba5-4888-7b05-ea99-c9c4680ad143">
      <Execution id="ef8dfb84-cdaf-4a53-9a29-d120a7bd3e45" />
      <TestMethod codeBase="/app/bin/Debug/net9.0/MyCompany.Tests.dll" adapterTypeName="executor://nunit3testexecutor/" className="MyCompany.Tests.ApiTests.PasswordStrengthApiTests" name="Returns_False_For_Weak_Password" />
    </UnitTest>
    <UnitTest name="Return_Groups_And_Attributes" storage="/app/bin/debug/net9.0/MyCompany.Tests.dll" id="b8b8e7ad-fb95-4b9f-4252-789b4908fa3b">
      <Execution id="07259b0a-5a07-42a5-ae76-5afcc3e564f9" />
      <TestMethod codeBase="/app/bin/Debug/net9.0/MyCompany.Tests.dll" adapterTypeName="executor://nunit3testexecutor/" className="MyCompany.Tests.LoginProviders.SamlProviderTests" name="Return_Groups_And_Attributes" />
    </UnitTest>
    <UnitTest name="Returns_Created_When_Called_For_A_UserName_That_Already_Exits_But_Is_Deleted" storage="/app/bin/debug/net9.0/MyCompany.Tests.dll" id="16680c94-fc5b-c5f2-ab30-9be6bb5247d7">
      <Execution id="953f7a1c-bf19-4164-b449-e744ad340a7d" />
      <TestMethod codeBase="/app/bin/Debug/net9.0/MyCompany.Tests.dll" adapterTypeName="executor://nunit3testexecutor/" className="MyCompany.Tests.ApiTests.UserApiTests" name="Returns_Created_When_Called_For_A_UserName_That_Already_Exits_But_Is_Deleted" />
    </UnitTest>
    <UnitTest name="Cannot_Be_Called_Without_UserId_And_Code" storage="/app/bin/debug/net9.0/MyCompany.Tests.dll" id="a21ad96c-352a-2f09-2895-6400a753d325">
      <Execution id="0ddd0f79-cc5e-4f31-a664-83a1bf9395a8" />
      <TestMethod codeBase="/app/bin/Debug/net9.0/MyCompany.Tests.dll" adapterTypeName="executor://nunit3testexecutor/" className="MyCompany.Tests.ApiTests.InvitationApiTests+CompleteInviteMethod" name="Cannot_Be_Called_Without_UserId_And_Code" />
    </UnitTest>
    <UnitTest name="RunFlow_WithEmail" storage="/app/bin/debug/net9.0/MyCompany.Tests.dll" id="63b652c8-f2d3-edf3-1e66-ca6884a512c2">
      <Execution id="2994e634-e58c-4a36-9d45-01c5c568b2e5" />
      <TestMethod codeBase="/app/bin/Debug/net9.0/MyCompany.Tests.dll" adapterTypeName="executor://nunit3testexecutor/" className="MyCompany.Tests.ResetPasswordTests" name="RunFlow_WithEmail" />
    </UnitTest>
    <UnitTest name="Returns_True_For_Strong_Password" storage="/app/bin/debug/net9.0/MyCompany.Tests.dll" id="0e7761cb-3c48-fb05-fd3c-c754e6bb3393">
      <Execution id="086f2f05-0867-4020-a7c2-2e564b216782" />
      <TestMethod codeBase="/app/bin/Debug/net9.0/MyCompany.Tests.dll" adapterTypeName="executor://nunit3testexecutor/" className="MyCompany.Tests.ApiTests.PasswordStrengthApiTests" name="Returns_True_For_Strong_Password" />
    </UnitTest>
    <UnitTest name="Returns_NotFound_For_Non_Existing_User(&quot;/api/v1/users/&quot;)" storage="/app/bin/debug/net9.0/MyCompany.Tests.dll" id="adc13e55-038d-6674-d75d-86089b14dd91">
      <Execution id="75219a92-c87b-4423-bb46-e0ae06e11361" />
      <TestMethod codeBase="/app/bin/Debug/net9.0/MyCompany.Tests.dll" adapterTypeName="executor://nunit3testexecutor/" className="MyCompany.Tests.ApiTests.UserApiTests" name="Returns_NotFound_For_Non_Existing_User(&quot;/api/v1/users/&quot;)" />
    </UnitTest>
    <UnitTest name="Flow_Create_Update_Delete" storage="/app/bin/debug/net9.0/MyCompany.Tests.dll" id="6075ad88-f956-121d-9556-4bab6e2d31ae">
      <Execution id="90a84ca1-99d1-4baa-b45e-441988b625cf" />
      <TestMethod codeBase="/app/bin/Debug/net9.0/MyCompany.Tests.dll" adapterTypeName="executor://nunit3testexecutor/" className="MyCompany.Tests.ApiTests.UserApiTests" name="Flow_Create_Update_Delete" />
    </UnitTest>
    <UnitTest name="Can_Login_Via_Redirection_To_SamlProvider" storage="/app/bin/debug/net9.0/MyCompany.Tests.dll" id="78d6e7c7-14ad-86ee-bb94-61b17dcbbe1e">
      <Execution id="eb168d67-5cb0-43ce-87bf-52dece2baa18" />
      <TestMethod codeBase="/app/bin/Debug/net9.0/MyCompany.Tests.dll" adapterTypeName="executor://nunit3testexecutor/" className="MyCompany.Tests.LoginTests" name="Can_Login_Via_Redirection_To_SamlProvider" />
    </UnitTest>
  </TestDefinitions>
  <TestEntries>
    <TestEntry testId="b8b8e7ad-fb95-4b9f-4252-789b4908fa3b" executionId="07259b0a-5a07-42a5-ae76-5afcc3e564f9" testListId="8c84fa94-04c1-424b-9868-57a2d4851a1d" />
    <TestEntry testId="567dbba5-4888-7b05-ea99-c9c4680ad143" executionId="ef8dfb84-cdaf-4a53-9a29-d120a7bd3e45" testListId="8c84fa94-04c1-424b-9868-57a2d4851a1d" />
    <TestEntry testId="6075ad88-f956-121d-9556-4bab6e2d31ae" executionId="90a84ca1-99d1-4baa-b45e-441988b625cf" testListId="8c84fa94-04c1-424b-9868-57a2d4851a1d" />
    <TestEntry testId="44f23f28-7438-f6c2-c4b2-af7ab9bcff28" executionId="16c13b7a-7fd7-4615-a5ff-ae6f2a87e252" testListId="8c84fa94-04c1-424b-9868-57a2d4851a1d" />
    <TestEntry testId="a21ad96c-352a-2f09-2895-6400a753d325" executionId="0ddd0f79-cc5e-4f31-a664-83a1bf9395a8" testListId="8c84fa94-04c1-424b-9868-57a2d4851a1d" />
    <TestEntry testId="fc0a782c-b988-f258-c05d-77c4729a423e" executionId="860c7ca6-c3e8-450c-8d84-863169c8842f" testListId="8c84fa94-04c1-424b-9868-57a2d4851a1d" />
    <TestEntry testId="0e7761cb-3c48-fb05-fd3c-c754e6bb3393" executionId="086f2f05-0867-4020-a7c2-2e564b216782" testListId="8c84fa94-04c1-424b-9868-57a2d4851a1d" />
    <TestEntry testId="083e8e5e-e93a-7723-b0fb-96dd6fef91ff" executionId="57e1bd41-e1dd-4994-838c-84f55080eac1" testListId="8c84fa94-04c1-424b-9868-57a2d4851a1d" />
    <TestEntry testId="16680c94-fc5b-c5f2-ab30-9be6bb5247d7" executionId="953f7a1c-bf19-4164-b449-e744ad340a7d" testListId="8c84fa94-04c1-424b-9868-57a2d4851a1d" />
    <TestEntry testId="78d6e7c7-14ad-86ee-bb94-61b17dcbbe1e" executionId="eb168d67-5cb0-43ce-87bf-52dece2baa18" testListId="8c84fa94-04c1-424b-9868-57a2d4851a1d" />
    <TestEntry testId="adc13e55-038d-6674-d75d-86089b14dd91" executionId="75219a92-c87b-4423-bb46-e0ae06e11361" testListId="8c84fa94-04c1-424b-9868-57a2d4851a1d" />
    <TestEntry testId="3e990cb0-19aa-27b5-ad7d-d774743d044d" executionId="84d6ae5e-b737-4ff8-a2b0-500b5119297f" testListId="8c84fa94-04c1-424b-9868-57a2d4851a1d" />
    <TestEntry testId="5879d027-da39-b3d6-902a-37cb36add5fd" executionId="9c1ea91d-f494-423d-8cc5-8bd3be65bab3" testListId="8c84fa94-04c1-424b-9868-57a2d4851a1d" />
    <TestEntry testId="72347cbc-adf5-f7bb-74d9-0131f63c9db8" executionId="c18d1530-4078-4303-a099-a27c18ce5c06" testListId="8c84fa94-04c1-424b-9868-57a2d4851a1d" />
    <TestEntry testId="63b652c8-f2d3-edf3-1e66-ca6884a512c2" executionId="2994e634-e58c-4a36-9d45-01c5c568b2e5" testListId="8c84fa94-04c1-424b-9868-57a2d4851a1d" />
    <TestEntry testId="f2fc288d-9ea2-27d3-8f66-c400ca1158ff" executionId="0ca200c7-d4e9-4fec-9ff5-c87db61e10fd" testListId="8c84fa94-04c1-424b-9868-57a2d4851a1d" />
  </TestEntries>
  <TestLists>
    <TestList name="Results Not in a List" id="8c84fa94-04c1-424b-9868-57a2d4851a1d" />
    <TestList name="All Loaded Results" id="19431567-8539-422a-85d7-44ee4e166bda" />
  </TestLists>
  <ResultSummary outcome="Completed">
    <Counters total="16" executed="16" passed="16" failed="0" error="0" timeout="0" aborted="0" inconclusive="0" passedButRunAborted="0" notRunnable="0" notExecuted="0" disconnected="0" warning="0" completed="0" inProgress="0" pending="0" />
    <Output>
      <StdOut>NUnit Adapter 5.0.0.0: Test execution started
Running all tests in /app/bin/Debug/net9.0/MyCompany.Tests.dll
   NUnit3TestExecutor discovered 16 of 16 NUnit test cases using Current Discovery mode, Non-Explicit run
NUnit Adapter 5.0.0.0: Test execution complete
</StdOut>
    </Output>
  </ResultSummary>
</TestRun>