<?xml version="1.0" encoding="utf-8"?>
<TestRun id="ea4f5b4b-09ac-425a-a7dc-1e0beb6dfb5f" name="BobTheBuilder@V020705 2025-04-30 09:12:20" runUser="CHG201\BobTheBuilder" xmlns="http://microsoft.com/schemas/VisualStudio/TeamTest/2010">
  <Times creation="2025-04-30T09:12:20.4998610+02:00" queuing="2025-04-30T09:12:20.4998612+02:00" start="2025-04-30T09:12:18.5463968+02:00" finish="2025-04-30T09:12:24.5954709+02:00" />
  <TestSettings name="default" id="d0ec9b74-11e1-4517-8588-8fd562ed4224">
    <Deployment runDeploymentRoot="BobTheBuilder_V020705_2025-04-30_09_12_20" />
  </TestSettings>
  <Results>
    <UnitTestResult executionId="c0336cca-3e19-433a-8daf-d1d4229b4db5" testId="09896e50-d198-1ccd-4238-1f480b60b38a" testName="Unsets_Blocked_Flag(True)" computerName="V020705" duration="00:00:00.0009720" startTime="2025-04-30T09:12:21.1754726+02:00" endTime="2025-04-30T09:12:21.1764438+02:00" testType="13cdc9d9-ddb5-4fa4-a97d-d965ccfc6d4b" outcome="Passed" testListId="8c84fa94-04c1-424b-9868-57a2d4851a1d" relativeResultsDirectory="c0336cca-3e19-433a-8daf-d1d4229b4db5" />
    <UnitTestResult executionId="f81dbe0c-7e38-4323-ba43-84b5057f1de5" testId="b12e6dd3-66e9-1cd4-5bb3-5eedccebd0f4" testName="Maps_Roles_To_Model" computerName="V020705" duration="00:00:00.0005970" startTime="2025-04-30T09:12:22.8743692+02:00" endTime="2025-04-30T09:12:22.8749656+02:00" testType="13cdc9d9-ddb5-4fa4-a97d-d965ccfc6d4b" outcome="Passed" testListId="8c84fa94-04c1-424b-9868-57a2d4851a1d" relativeResultsDirectory="f81dbe0c-7e38-4323-ba43-84b5057f1de5" />
    <UnitTestResult executionId="79f32244-7d8c-438d-99d3-42774218a373" testId="05fd93f4-4e9d-1781-090d-565f60960e72" testName="Returns_LoginProviders_That_Are_About_To_Expire_Within_The_Requested_Period(14)" computerName="V020705" duration="00:00:00.0013670" startTime="2025-04-30T09:12:23.5205821+02:00" endTime="2025-04-30T09:12:23.5219482+02:00" testType="13cdc9d9-ddb5-4fa4-a97d-d965ccfc6d4b" outcome="Passed" testListId="8c84fa94-04c1-424b-9868-57a2d4851a1d" relativeResultsDirectory="79f32244-7d8c-438d-99d3-42774218a373" />
    <UnitTestResult executionId="ff387c4d-1167-4ad4-876a-52c6ad43feb4" testId="9937d459-b1f0-f24e-b64e-ffc5a43c759b" testName="User_Without_Password_Dont_Retrieve_ResetPassword_Mails" computerName="V020705" duration="00:00:00.0016700" startTime="2025-04-30T09:12:21.4614808+02:00" endTime="2025-04-30T09:12:21.4631510+02:00" testType="13cdc9d9-ddb5-4fa4-a97d-d965ccfc6d4b" outcome="Passed" testListId="8c84fa94-04c1-424b-9868-57a2d4851a1d" relativeResultsDirectory="ff387c4d-1167-4ad4-876a-52c6ad43feb4" />
    <UnitTestResult executionId="59d1c01f-014d-4644-aaa4-a0a7e66665ad" testId="7d62aa6d-5935-1b42-ac2c-79262496f302" testName="Gets_No_Client_By_Client_Id_Query_Parameter_When_Id_Is_Unknown" computerName="V020705" duration="00:00:00.0008140" startTime="2025-04-30T09:12:20.9563818+02:00" endTime="2025-04-30T09:12:20.9571954+02:00" testType="13cdc9d9-ddb5-4fa4-a97d-d965ccfc6d4b" outcome="Passed" testListId="8c84fa94-04c1-424b-9868-57a2d4851a1d" relativeResultsDirectory="59d1c01f-014d-4644-aaa4-a0a7e66665ad" />
    <UnitTestResult executionId="526de93a-960f-4ff0-bb06-ed8c64d940b8" testId="2090ac96-fa57-5ba5-b7df-fcaa8ba6493f" testName="Calls_Next(&quot;https://localhost/saml/metadata&quot;)" computerName="V020705" duration="00:00:00.0002030" startTime="2025-04-30T09:12:22.9133519+02:00" endTime="2025-04-30T09:12:22.9135546+02:00" testType="13cdc9d9-ddb5-4fa4-a97d-d965ccfc6d4b" outcome="Passed" testListId="8c84fa94-04c1-424b-9868-57a2d4851a1d" relativeResultsDirectory="526de93a-960f-4ff0-bb06-ed8c64d940b8" />
    <UnitTestResult executionId="577f17ec-ef0c-47a4-be5b-88e37df075ca" testId="25a08192-8a7f-a010-19a5-4409f671351b" testName="Returns_InternetExplorer(&quot;Mozilla/5.0 (Windows NT 10.0; Trident/7.0; rv:11.0) like Gecko&quot;)" computerName="V020705" duration="00:00:00.0198330" startTime="2025-04-30T09:12:23.2370722+02:00" endTime="2025-04-30T09:12:23.2569045+02:00" testType="13cdc9d9-ddb5-4fa4-a97d-d965ccfc6d4b" outcome="Passed" testListId="8c84fa94-04c1-424b-9868-57a2d4851a1d" relativeResultsDirectory="577f17ec-ef0c-47a4-be5b-88e37df075ca" />
    <UnitTestResult executionId="6ba1d6ee-585c-4c63-b1d0-ec1bb9fe6233" testId="e54eeb60-6215-36c6-4cdd-5042e6e49475" testName="Returns_Lastname_Only_If_Firstname_Is_Empty" computerName="V020705" duration="00:00:00.0001030" startTime="2025-04-30T09:12:20.4183162+02:00" endTime="2025-04-30T09:12:20.4184188+02:00" testType="13cdc9d9-ddb5-4fa4-a97d-d965ccfc6d4b" outcome="Passed" testListId="8c84fa94-04c1-424b-9868-57a2d4851a1d" relativeResultsDirectory="6ba1d6ee-585c-4c63-b1d0-ec1bb9fe6233" />
    <UnitTestResult executionId="cb8e820d-d5ae-4a3f-9d7c-25a98c9afe7c" testId="f4bd6e41-23d1-bd7a-aa66-582ea298697d" testName="Returns_User" computerName="V020705" duration="00:00:00.0011840" startTime="2025-04-30T09:12:21.6467444+02:00" endTime="2025-04-30T09:12:21.6479285+02:00" testType="13cdc9d9-ddb5-4fa4-a97d-d965ccfc6d4b" outcome="Passed" testListId="8c84fa94-04c1-424b-9868-57a2d4851a1d" relativeResultsDirectory="cb8e820d-d5ae-4a3f-9d7c-25a98c9afe7c" />
    <UnitTestResult executionId="c37b583e-a339-4926-b7de-efaeaf7a200f" testId="a4718197-c0ed-6fe8-0a56-f4edd2a40670" testName="Returns_Not_Found_If_Invalid_ClientId_Given" computerName="V020705" duration="00:00:00.0008770" startTime="2025-04-30T09:12:22.4987692+02:00" endTime="2025-04-30T09:12:22.4996457+02:00" testType="13cdc9d9-ddb5-4fa4-a97d-d965ccfc6d4b" outcome="Passed" testListId="8c84fa94-04c1-424b-9868-57a2d4851a1d" relativeResultsDirectory="c37b583e-a339-4926-b7de-efaeaf7a200f" />
    <UnitTestResult executionId="98128f31-716f-4e35-9e7b-b9d4119449fe" testId="03476a55-c12f-b3d9-e316-baa4f5d45dbc" testName="Returns_Redirect_To_SAML_Component" computerName="V020705" duration="00:00:00.0006740" startTime="2025-04-30T09:12:22.3890191+02:00" endTime="2025-04-30T09:12:22.3896922+02:00" testType="13cdc9d9-ddb5-4fa4-a97d-d965ccfc6d4b" outcome="Passed" testListId="8c84fa94-04c1-424b-9868-57a2d4851a1d" relativeResultsDirectory="98128f31-716f-4e35-9e7b-b9d4119449fe" />
    <UnitTestResult executionId="cf9e3e7b-93d0-4208-a835-1ec732f8aed6" testId="49694405-c75e-7d6c-5924-3ff582f776c6" testName="Converts_Grant_Types" computerName="V020705" duration="00:00:00.0002620" startTime="2025-04-30T09:12:22.8542294+02:00" endTime="2025-04-30T09:12:22.8544916+02:00" testType="13cdc9d9-ddb5-4fa4-a97d-d965ccfc6d4b" outcome="Passed" testListId="8c84fa94-04c1-424b-9868-57a2d4851a1d" relativeResultsDirectory="cf9e3e7b-93d0-4208-a835-1ec732f8aed6" />
    <UnitTestResult executionId="2ce5b653-fd30-4c07-8de5-7f3c51b4015c" testId="fc97df24-8375-c672-1182-f6b61f1a6eb2" testName="Does_Not_Add_External_Claims_To_UserInfoEndpoint_When_Allowed_Scope_Not_Set" computerName="V020705" duration="00:00:00.0009710" startTime="2025-04-30T09:12:23.4609301+02:00" endTime="2025-04-30T09:12:23.4619010+02:00" testType="13cdc9d9-ddb5-4fa4-a97d-d965ccfc6d4b" outcome="Passed" testListId="8c84fa94-04c1-424b-9868-57a2d4851a1d" relativeResultsDirectory="2ce5b653-fd30-4c07-8de5-7f3c51b4015c" />
    <UnitTestResult executionId="54ea7a47-8ccf-4d97-876c-855849ff6f73" testId="375999a8-2b4a-1229-5233-782fe8a4c779" testName="Persist_Success_Events" computerName="V020705" duration="00:00:00.0010910" startTime="2025-04-30T09:12:23.0155616+02:00" endTime="2025-04-30T09:12:23.0166524+02:00" testType="13cdc9d9-ddb5-4fa4-a97d-d965ccfc6d4b" outcome="Passed" testListId="8c84fa94-04c1-424b-9868-57a2d4851a1d" relativeResultsDirectory="54ea7a47-8ccf-4d97-876c-855849ff6f73" />
    <UnitTestResult executionId="ec937e11-df36-4726-ba33-13b1f4d3ef5a" testId="68b32425-9a58-d694-a679-bc3f03275913" testName="Maps_Properties_Of_LoginProviderViewModel_To_A_LoginProvider" computerName="V020705" duration="00:00:00.0011450" startTime="2025-04-30T09:12:22.8690667+02:00" endTime="2025-04-30T09:12:22.8702111+02:00" testType="13cdc9d9-ddb5-4fa4-a97d-d965ccfc6d4b" outcome="Passed" testListId="8c84fa94-04c1-424b-9868-57a2d4851a1d" relativeResultsDirectory="ec937e11-df36-4726-ba33-13b1f4d3ef5a" />
    <UnitTestResult executionId="d3d36cb3-004b-4562-9c52-1d8dd70b2ce2" testId="59fd8155-f76c-7163-811f-39a4c31d0f57" testName="Returns_Increments(1)" computerName="V020705" duration="00:00:00.0006960" startTime="2025-04-30T09:12:23.0302306+02:00" endTime="2025-04-30T09:12:23.0309268+02:00" testType="13cdc9d9-ddb5-4fa4-a97d-d965ccfc6d4b" outcome="Passed" testListId="8c84fa94-04c1-424b-9868-57a2d4851a1d" relativeResultsDirectory="d3d36cb3-004b-4562-9c52-1d8dd70b2ce2" />
    <UnitTestResult executionId="5f33c2e1-0b97-4a77-8997-1dadf3147dcf" testId="e7fcd723-bda6-7cc4-b07f-e447199834d4" testName="Imports_The_Provided_ProtectedResource" computerName="V020705" duration="00:00:00.0022580" startTime="2025-04-30T09:12:21.5889231+02:00" endTime="2025-04-30T09:12:21.5911806+02:00" testType="13cdc9d9-ddb5-4fa4-a97d-d965ccfc6d4b" outcome="Passed" testListId="8c84fa94-04c1-424b-9868-57a2d4851a1d" relativeResultsDirectory="5f33c2e1-0b97-4a77-8997-1dadf3147dcf" />
    <UnitTestResult executionId="11e0a04d-be31-4170-a3a7-96462567b40b" testId="97def961-3de1-37d8-48a2-bb172efd0f75" testName="Throws_ArgumentException_When_TemplateEngine_Is_Null" computerName="V020705" duration="00:00:00.0006020" startTime="2025-04-30T09:12:23.6114513+02:00" endTime="2025-04-30T09:12:23.6120525+02:00" testType="13cdc9d9-ddb5-4fa4-a97d-d965ccfc6d4b" outcome="Passed" testListId="8c84fa94-04c1-424b-9868-57a2d4851a1d" relativeResultsDirectory="11e0a04d-be31-4170-a3a7-96462567b40b" />
    <UnitTestResult executionId="c56e2224-e100-4c88-bd59-18ab8d335bee" testId="d3362389-3c62-c765-dbac-ee3f8eea43c3" testName="Updates_Nothing" computerName="V020705" duration="00:00:00.0018570" startTime="2025-04-30T09:12:21.6555023+02:00" endTime="2025-04-30T09:12:21.6573588+02:00" testType="13cdc9d9-ddb5-4fa4-a97d-d965ccfc6d4b" outcome="Passed" testListId="8c84fa94-04c1-424b-9868-57a2d4851a1d" relativeResultsDirectory="c56e2224-e100-4c88-bd59-18ab8d335bee" />
    <UnitTestResult executionId="aefca31c-f7ea-46a2-87cc-a21d04c96691" testId="6326ca31-7430-de0e-d521-5d19fcf70993" testName="Converts_Postlogout" computerName="V020705" duration="00:00:00.0002690" startTime="2025-04-30T09:12:22.8547109+02:00" endTime="2025-04-30T09:12:22.8549793+02:00" testType="13cdc9d9-ddb5-4fa4-a97d-d965ccfc6d4b" outcome="Passed" testListId="8c84fa94-04c1-424b-9868-57a2d4851a1d" relativeResultsDirectory="aefca31c-f7ea-46a2-87cc-a21d04c96691" />
    <UnitTestResult executionId="7c07f40b-06f3-49ed-8cf1-ef6093c4cab4" testId="f0b7926d-7dd6-9e7c-4cd5-66f652f55614" testName="Does_Not_Log_Non_Private_IPv6_Addresses(&quot;2001:4860:4860::8888&quot;)" computerName="V020705" duration="00:00:00.0000950" startTime="2025-04-30T09:12:22.6414744+02:00" endTime="2025-04-30T09:12:22.6415696+02:00" testType="13cdc9d9-ddb5-4fa4-a97d-d965ccfc6d4b" outcome="Passed" testListId="8c84fa94-04c1-424b-9868-57a2d4851a1d" relativeResultsDirectory="7c07f40b-06f3-49ed-8cf1-ef6093c4cab4" />
    <UnitTestResult executionId="9311107f-57c6-4f0a-82d9-a2f0a9409f3a" testId="728a10f8-1b9a-7447-336a-051599b35827" testName="ThrowsException_With_Null" computerName="V020705" duration="00:00:00.0029420" startTime="2025-04-30T09:12:21.3260988+02:00" endTime="2025-04-30T09:12:21.3290400+02:00" testType="13cdc9d9-ddb5-4fa4-a97d-d965ccfc6d4b" outcome="Passed" testListId="8c84fa94-04c1-424b-9868-57a2d4851a1d" relativeResultsDirectory="9311107f-57c6-4f0a-82d9-a2f0a9409f3a" />
    <UnitTestResult executionId="ae4c2eef-ee1b-4b1b-bc56-2589f6c80132" testId="9ddc2f64-2396-acca-4d87-204e3824e376" testName="Publishes_UserDeleted_Event" computerName="V020705" duration="00:00:00.0042390" startTime="2025-04-30T09:12:21.0894293+02:00" endTime="2025-04-30T09:12:21.0936683+02:00" testType="13cdc9d9-ddb5-4fa4-a97d-d965ccfc6d4b" outcome="Passed" testListId="8c84fa94-04c1-424b-9868-57a2d4851a1d" relativeResultsDirectory="ae4c2eef-ee1b-4b1b-bc56-2589f6c80132" />
    <UnitTestResult executionId="6184cb51-2d74-45fe-a5ee-67888f330c48" testId="4d73ec33-0333-8b84-2ce3-918cc509bbef" testName="IsValid_For_Valid_AzureProvider" computerName="V020705" duration="00:00:00.0035660" startTime="2025-04-30T09:12:22.8241892+02:00" endTime="2025-04-30T09:12:22.8277547+02:00" testType="13cdc9d9-ddb5-4fa4-a97d-d965ccfc6d4b" outcome="Passed" testListId="8c84fa94-04c1-424b-9868-57a2d4851a1d" relativeResultsDirectory="6184cb51-2d74-45fe-a5ee-67888f330c48" />
    <UnitTestResult executionId="a37e8fb9-ade4-49f4-b77b-6701b519b038" testId="280b2df7-bff6-1df8-8536-f731bdd148fe" testName="Returns_Failure_If_Password_Contains_FirstName(&quot;Hans&quot;,&quot;hans123&quot;)" computerName="V020705" duration="00:00:00.0009440" startTime="2025-04-30T09:12:21.3520140+02:00" endTime="2025-04-30T09:12:21.3529573+02:00" testType="13cdc9d9-ddb5-4fa4-a97d-d965ccfc6d4b" outcome="Passed" testListId="8c84fa94-04c1-424b-9868-57a2d4851a1d" relativeResultsDirectory="a37e8fb9-ade4-49f4-b77b-6701b519b038" />
    <UnitTestResult executionId="f37246d4-4b28-4165-acb1-a45e9a9c0fdf" testId="a0a73295-3914-7666-7268-a4dd67d2e2db" testName="Returns_False_When_Hash_Is_Not_Listed" computerName="V020705" duration="00:00:00.0012840" startTime="2025-04-30T09:12:22.6682472+02:00" endTime="2025-04-30T09:12:22.6695305+02:00" testType="13cdc9d9-ddb5-4fa4-a97d-d965ccfc6d4b" outcome="Passed" testListId="8c84fa94-04c1-424b-9868-57a2d4851a1d" relativeResultsDirectory="f37246d4-4b28-4165-acb1-a45e9a9c0fdf" />
    <UnitTestResult executionId="0d579789-b8ee-4bd8-887c-127b28a4aeda" testId="69bbef12-2abf-30f3-6ada-b3cea46e716a" testName="Gets_Test_Client_By_returnUrl" computerName="V020705" duration="00:00:00.0008370" startTime="2025-04-30T09:12:20.9596415+02:00" endTime="2025-04-30T09:12:20.9604781+02:00" testType="13cdc9d9-ddb5-4fa4-a97d-d965ccfc6d4b" outcome="Passed" testListId="8c84fa94-04c1-424b-9868-57a2d4851a1d" relativeResultsDirectory="0d579789-b8ee-4bd8-887c-127b28a4aeda" />
    <UnitTestResult executionId="3ff68543-7d62-4b50-bb36-a96db56f9b1b" testId="c8e992df-c450-2e3a-9654-847aa6ec3da1" testName="Returns_False_When_Password_Is_NullOrEmpty(&quot;&quot;)" computerName="V020705" duration="00:00:00.0019719" startTime="2025-04-30T09:12:22.6695798+02:00" endTime="2025-04-30T09:12:22.6715510+02:00" testType="13cdc9d9-ddb5-4fa4-a97d-d965ccfc6d4b" outcome="Passed" testListId="8c84fa94-04c1-424b-9868-57a2d4851a1d" relativeResultsDirectory="3ff68543-7d62-4b50-bb36-a96db56f9b1b" />
    <UnitTestResult executionId="e2f2640c-12f5-4d47-bd8f-aab009fa09f9" testId="7bde7718-297e-bc2d-cb7d-07ac83a320f1" testName="Throws_Exception_When_No_SingOnEndpoint_Is_Available" computerName="V020705" duration="00:00:00.0025380" startTime="2025-04-30T09:12:20.5336409+02:00" endTime="2025-04-30T09:12:20.5361786+02:00" testType="13cdc9d9-ddb5-4fa4-a97d-d965ccfc6d4b" outcome="Passed" testListId="8c84fa94-04c1-424b-9868-57a2d4851a1d" relativeResultsDirectory="e2f2640c-12f5-4d47-bd8f-aab009fa09f9" />
    <UnitTestResult executionId="a7e59c31-aef2-491f-a4a5-54d65fd84e7c" testId="f72bd708-3f3d-8f31-7c19-a47cec5a18f7" testName="Maps_Resource_Information_Properly" computerName="V020705" duration="00:00:00.0005940" startTime="2025-04-30T09:12:22.8621855+02:00" endTime="2025-04-30T09:12:22.8627791+02:00" testType="13cdc9d9-ddb5-4fa4-a97d-d965ccfc6d4b" outcome="Passed" testListId="8c84fa94-04c1-424b-9868-57a2d4851a1d" relativeResultsDirectory="a7e59c31-aef2-491f-a4a5-54d65fd84e7c" />
    <UnitTestResult executionId="09938e3b-49ef-4bab-97d5-69ab2edb2379" testId="42597a55-4790-0b26-43cf-77df09acfe88" testName="Does_Not_Add_Input_Element_If_Client_Context_Does_Not_Exist" computerName="V020705" duration="00:00:00.0010760" startTime="2025-04-30T09:12:23.9315005+02:00" endTime="2025-04-30T09:12:23.9325760+02:00" testType="13cdc9d9-ddb5-4fa4-a97d-d965ccfc6d4b" outcome="Passed" testListId="8c84fa94-04c1-424b-9868-57a2d4851a1d" relativeResultsDirectory="09938e3b-49ef-4bab-97d5-69ab2edb2379" />
    <UnitTestResult executionId="9ed5f04f-1d96-49b8-b38b-20112240bb8f" testId="6901a177-d02f-f912-156d-15677beeebdd" testName="Sends_Link_To_Client_Endpoint" computerName="V020705" duration="00:00:00.0009020" startTime="2025-04-30T09:12:21.2668398+02:00" endTime="2025-04-30T09:12:21.2677419+02:00" testType="13cdc9d9-ddb5-4fa4-a97d-d965ccfc6d4b" outcome="Passed" testListId="8c84fa94-04c1-424b-9868-57a2d4851a1d" relativeResultsDirectory="9ed5f04f-1d96-49b8-b38b-20112240bb8f" />
    <UnitTestResult executionId="b8a23957-2b84-4be1-a535-ce6afe76550f" testId="b8cba6bf-94f1-b286-51cc-1410f173b416" testName="Finds_User_By_Username" computerName="V020705" duration="00:00:00.0006680" startTime="2025-04-30T09:12:21.6275857+02:00" endTime="2025-04-30T09:12:21.6282537+02:00" testType="13cdc9d9-ddb5-4fa4-a97d-d965ccfc6d4b" outcome="Passed" testListId="8c84fa94-04c1-424b-9868-57a2d4851a1d" relativeResultsDirectory="b8a23957-2b84-4be1-a535-ce6afe76550f" />
    <UnitTestResult executionId="aaa11e82-b532-47d4-ae62-8dae90f89f1f" testId="8de22654-8cd1-3b20-aaf9-55dbabeb4bdf" testName="Calls_Inner" computerName="V020705" duration="00:00:00.0034550" startTime="2025-04-30T09:12:23.3946054+02:00" endTime="2025-04-30T09:12:23.3980607+02:00" testType="13cdc9d9-ddb5-4fa4-a97d-d965ccfc6d4b" outcome="Passed" testListId="8c84fa94-04c1-424b-9868-57a2d4851a1d" relativeResultsDirectory="aaa11e82-b532-47d4-ae62-8dae90f89f1f" />
    <UnitTestResult executionId="dded9ca1-892b-47b7-8677-f6d6b5937cee" testId="b7c46daa-d592-f886-ca2e-e569f4d9d755" testName="Logs_The_Entire_IP_Address_If_It_Is_A_Local_Address(&quot;::1&quot;)" computerName="V020705" duration="00:00:00.0012480" startTime="2025-04-30T09:12:22.6425606+02:00" endTime="2025-04-30T09:12:22.6438079+02:00" testType="13cdc9d9-ddb5-4fa4-a97d-d965ccfc6d4b" outcome="Passed" testListId="8c84fa94-04c1-424b-9868-57a2d4851a1d" relativeResultsDirectory="dded9ca1-892b-47b7-8677-f6d6b5937cee" />
    <UnitTestResult executionId="e11e8784-7b09-4254-bffd-144e4a870a4c" testId="0b6bd3f3-61cb-be0c-dabf-1be82d95b588" testName="Returns_Function_Result_For_Successful_Operation" computerName="V020705" duration="00:00:00.0001520" startTime="2025-04-30T09:12:20.4277304+02:00" endTime="2025-04-30T09:12:20.4278821+02:00" testType="13cdc9d9-ddb5-4fa4-a97d-d965ccfc6d4b" outcome="Passed" testListId="8c84fa94-04c1-424b-9868-57a2d4851a1d" relativeResultsDirectory="e11e8784-7b09-4254-bffd-144e4a870a4c" />
    <UnitTestResult executionId="4a5f67af-3d0b-48f2-8eec-11842cc08442" testId="0dc29b05-4d7f-373b-fe90-4f39349acdf9" testName="Returns_Information_For_AzureAD_With_Legacy_Uris" computerName="V020705" duration="00:00:00.0004550" startTime="2025-04-30T09:12:23.4989879+02:00" endTime="2025-04-30T09:12:23.4994423+02:00" testType="13cdc9d9-ddb5-4fa4-a97d-d965ccfc6d4b" outcome="Passed" testListId="8c84fa94-04c1-424b-9868-57a2d4851a1d" relativeResultsDirectory="4a5f67af-3d0b-48f2-8eec-11842cc08442" />
    <UnitTestResult executionId="360e43fa-e9e0-4092-9561-66fa68f3b235" testId="33260c40-bb67-b857-3bab-2ad5b7b48ddc" testName="Returns_Inverted_JsonResult_From_Provider(True)" computerName="V020705" duration="00:00:00.0007570" startTime="2025-04-30T09:12:21.5945496+02:00" endTime="2025-04-30T09:12:21.5953063+02:00" testType="13cdc9d9-ddb5-4fa4-a97d-d965ccfc6d4b" outcome="Passed" testListId="8c84fa94-04c1-424b-9868-57a2d4851a1d" relativeResultsDirectory="360e43fa-e9e0-4092-9561-66fa68f3b235" />
    <UnitTestResult executionId="935a3456-27b0-4384-8d49-422d02a4779a" testId="709a0677-10e5-0075-7ddb-7f4f578757c5" testName="Use_Fallback_When_SenderType_Is_Unknown" computerName="V020705" duration="00:00:00.0012320" startTime="2025-04-30T09:12:21.3129278+02:00" endTime="2025-04-30T09:12:21.3141594+02:00" testType="13cdc9d9-ddb5-4fa4-a97d-d965ccfc6d4b" outcome="Passed" testListId="8c84fa94-04c1-424b-9868-57a2d4851a1d" relativeResultsDirectory="935a3456-27b0-4384-8d49-422d02a4779a" />
    <UnitTestResult executionId="081d9758-7414-49ae-bbb5-f041593749eb" testId="6f5c7799-f764-7d93-d984-a20dada63708" testName="Set_NormalizedLastName_When_LastName_Is_Set" computerName="V020705" duration="00:00:00.0015470" startTime="2025-04-30T09:12:21.0853388+02:00" endTime="2025-04-30T09:12:21.0868859+02:00" testType="13cdc9d9-ddb5-4fa4-a97d-d965ccfc6d4b" outcome="Passed" testListId="8c84fa94-04c1-424b-9868-57a2d4851a1d" relativeResultsDirectory="081d9758-7414-49ae-bbb5-f041593749eb" />
    <UnitTestResult executionId="1a9949c0-b051-4152-b7c8-b73ba138f13b" testId="37c5dff9-37b8-3950-667c-cbcdba1ef397" testName="Fails_If_The_User_Is_Not_Locked" computerName="V020705" duration="00:00:00.0017250" startTime="2025-04-30T09:12:21.2136830+02:00" endTime="2025-04-30T09:12:21.2154078+02:00" testType="13cdc9d9-ddb5-4fa4-a97d-d965ccfc6d4b" outcome="Passed" testListId="8c84fa94-04c1-424b-9868-57a2d4851a1d" relativeResultsDirectory="1a9949c0-b051-4152-b7c8-b73ba138f13b" />
    <UnitTestResult executionId="0684e805-d536-48f1-bc82-7f0a98a89dc9" testId="26ce0d7e-3441-033d-e534-6ee10a62a782" testName="Returns_Firstname_Only_If_Lastname_Is_Empty" computerName="V020705" duration="00:00:00.0000980" startTime="2025-04-30T09:12:20.4182118+02:00" endTime="2025-04-30T09:12:20.4183099+02:00" testType="13cdc9d9-ddb5-4fa4-a97d-d965ccfc6d4b" outcome="Passed" testListId="8c84fa94-04c1-424b-9868-57a2d4851a1d" relativeResultsDirectory="0684e805-d536-48f1-bc82-7f0a98a89dc9" />
    <UnitTestResult executionId="6c036d37-d39b-4bad-9990-dc491dad796f" testId="af702030-3313-7046-94c1-a8d218936618" testName="Sends_Link_To_Email_Sender" computerName="V020705" duration="00:00:00.0090030" startTime="2025-04-30T09:12:21.2758744+02:00" endTime="2025-04-30T09:12:21.2848773+02:00" testType="13cdc9d9-ddb5-4fa4-a97d-d965ccfc6d4b" outcome="Passed" testListId="8c84fa94-04c1-424b-9868-57a2d4851a1d" relativeResultsDirectory="6c036d37-d39b-4bad-9990-dc491dad796f" />
    <UnitTestResult executionId="9796cbe0-c3f8-4c95-900a-47e8f78abb39" testId="5d3589d3-d40b-ee90-a9f1-46294b97d9d0" testName="Logs_UserName(&quot;https://localhost/connect/authorize/callback?test=1&amp;login_hint=hans.peter@test.com&amp;test2=2&quot;)" computerName="V020705" duration="00:00:00.0000580" startTime="2025-04-30T09:12:22.9489234+02:00" endTime="2025-04-30T09:12:22.9489815+02:00" testType="13cdc9d9-ddb5-4fa4-a97d-d965ccfc6d4b" outcome="Passed" testListId="8c84fa94-04c1-424b-9868-57a2d4851a1d" relativeResultsDirectory="9796cbe0-c3f8-4c95-900a-47e8f78abb39" />
    <UnitTestResult executionId="16a22bd3-5aad-4fd1-bedd-f3eb296cdcd9" testId="72471dd4-f1f4-a12b-30b2-8361ca6385b6" testName="Returns_Content_From_Renderer" computerName="V020705" duration="00:00:00.0009820" startTime="2025-04-30T09:12:21.5981944+02:00" endTime="2025-04-30T09:12:21.5991760+02:00" testType="13cdc9d9-ddb5-4fa4-a97d-d965ccfc6d4b" outcome="Passed" testListId="8c84fa94-04c1-424b-9868-57a2d4851a1d" relativeResultsDirectory="16a22bd3-5aad-4fd1-bedd-f3eb296cdcd9" />
    <UnitTestResult executionId="2927a8b0-f320-403b-84ac-4a46ea7d3354" testId="d386b01e-4f07-b78c-bfff-eafb79791a48" testName="Returns_UI_Actor_Idp_Page" computerName="V020705" duration="00:00:00.0002270" startTime="2025-04-30T09:12:22.9822933+02:00" endTime="2025-04-30T09:12:22.9825203+02:00" testType="13cdc9d9-ddb5-4fa4-a97d-d965ccfc6d4b" outcome="Passed" testListId="8c84fa94-04c1-424b-9868-57a2d4851a1d" relativeResultsDirectory="2927a8b0-f320-403b-84ac-4a46ea7d3354" />
    <UnitTestResult executionId="5c0bb400-2765-4250-8956-5bd5a679dcaa" testId="4ecf1314-dade-c124-f74f-320edb42294b" testName="Can_Read_File" computerName="V020705" duration="00:00:00.0004440" startTime="2025-04-30T09:12:22.9522693+02:00" endTime="2025-04-30T09:12:22.9527129+02:00" testType="13cdc9d9-ddb5-4fa4-a97d-d965ccfc6d4b" outcome="Passed" testListId="8c84fa94-04c1-424b-9868-57a2d4851a1d" relativeResultsDirectory="5c0bb400-2765-4250-8956-5bd5a679dcaa" />
    <UnitTestResult executionId="7d4fce81-1380-414f-ad6f-658fd7d5ccad" testId="18caa7c6-b85f-4ee2-043d-43053045d61a" testName="Throws_UserNotFoundException_When_Azure_User_Not_Found" computerName="V020705" duration="00:00:00.0021700" startTime="2025-04-30T09:12:23.6450304+02:00" endTime="2025-04-30T09:12:23.6472004+02:00" testType="13cdc9d9-ddb5-4fa4-a97d-d965ccfc6d4b" outcome="Passed" testListId="8c84fa94-04c1-424b-9868-57a2d4851a1d" relativeResultsDirectory="7d4fce81-1380-414f-ad6f-658fd7d5ccad" />
    <UnitTestResult executionId="09206504-b94a-42a5-8d2d-f15f44720029" testId="aec7e3e0-c114-3c4c-d70e-45af9fa2ab20" testName="Maps_ExtendedClient_With_ClientType_By_GrantType(&quot;client_credentials&quot;,Machine)" computerName="V020705" duration="00:00:00.0003110" startTime="2025-04-30T09:12:22.8589930+02:00" endTime="2025-04-30T09:12:22.8593038+02:00" testType="13cdc9d9-ddb5-4fa4-a97d-d965ccfc6d4b" outcome="Passed" testListId="8c84fa94-04c1-424b-9868-57a2d4851a1d" relativeResultsDirectory="09206504-b94a-42a5-8d2d-f15f44720029" />
    <UnitTestResult executionId="5941b93f-a8e5-4274-b73d-d8227674a792" testId="c6d25c77-eac9-bead-533a-8e6d69e9e2cc" testName="Logs_The_Entire_IP_Address_If_It_Is_A_Local_Address(&quot;fec0::1&quot;)" computerName="V020705" duration="00:00:00.0003900" startTime="2025-04-30T09:12:22.6438418+02:00" endTime="2025-04-30T09:12:22.6442320+02:00" testType="13cdc9d9-ddb5-4fa4-a97d-d965ccfc6d4b" outcome="Passed" testListId="8c84fa94-04c1-424b-9868-57a2d4851a1d" relativeResultsDirectory="5941b93f-a8e5-4274-b73d-d8227674a792" />
    <UnitTestResult executionId="18ded5b6-ed8b-4848-89bd-a8a0d9e843a2" testId="9c69c548-9d07-b352-d694-451d8eaffce7" testName="Returns_First_And_Lastname" computerName="V020705" duration="00:00:00.0031780" startTime="2025-04-30T09:12:20.4150172+02:00" endTime="2025-04-30T09:12:20.4181950+02:00" testType="13cdc9d9-ddb5-4fa4-a97d-d965ccfc6d4b" outcome="Passed" testListId="8c84fa94-04c1-424b-9868-57a2d4851a1d" relativeResultsDirectory="18ded5b6-ed8b-4848-89bd-a8a0d9e843a2" />
    <UnitTestResult executionId="4c6228c4-4734-443f-962a-5b30a679f089" testId="a7b6efdc-405d-3ccf-a8a1-925ed14ae644" testName="Redirects_To_External_Challenge_When_External_Login_Only" computerName="V020705" duration="00:00:00.0022970" startTime="2025-04-30T09:12:21.4749795+02:00" endTime="2025-04-30T09:12:21.4772764+02:00" testType="13cdc9d9-ddb5-4fa4-a97d-d965ccfc6d4b" outcome="Passed" testListId="8c84fa94-04c1-424b-9868-57a2d4851a1d" relativeResultsDirectory="4c6228c4-4734-443f-962a-5b30a679f089" />
    <UnitTestResult executionId="480b5cfe-1440-4736-8547-3732a919a955" testId="b78cb72f-9966-f61b-7bee-eaae4a10486c" testName="Logs_UserName(&quot;https://localhost/Account/Login?ReturnUrl=%2Fconnect%2Fauthorize%2Fcallback%3Fresponse_type%3Dcode%26nonce%3DTcYRg3ly9PxiTLvK4y3b-g%26state%3DBPb4upgHZjrUKSPdQH9UlA%26code_challenge%3DBrY_dAF4pTJ2oWWXblA8p81WWCKQYJN0L0k7GCsxQfs%26code_challenge_method%3DS256%26client_id%3Dlas_desktop%26scope%3Dopenid%2520profile%2520offline_access%2520chgprofile%2520email%2520dms_appserver_api%26redirect_uri%3Dhttp%253A%252F%252Flocalhost%252Flas_desktop%26acr_values%3Didp%253ACHGAzureAD%26login_hint%3Dhans.peter@test.com&quot;)" computerName="V020705" duration="00:00:00.0001820" startTime="2025-04-30T09:12:22.9486187+02:00" endTime="2025-04-30T09:12:22.9488003+02:00" testType="13cdc9d9-ddb5-4fa4-a97d-d965ccfc6d4b" outcome="Passed" testListId="8c84fa94-04c1-424b-9868-57a2d4851a1d" relativeResultsDirectory="480b5cfe-1440-4736-8547-3732a919a955" />
    <UnitTestResult executionId="76cd3f6f-5852-4919-bf17-7585e3859cef" testId="631be063-dc2c-21be-7330-fe3ecfc31b95" testName="Concats_The_Events_Path_And_Filters_To_The_Test_Run_Id(&quot;https://someBaseUrl//&quot;)" computerName="V020705" duration="00:00:00.0001460" startTime="2025-04-30T09:12:23.5496536+02:00" endTime="2025-04-30T09:12:23.5497999+02:00" testType="13cdc9d9-ddb5-4fa4-a97d-d965ccfc6d4b" outcome="Passed" testListId="8c84fa94-04c1-424b-9868-57a2d4851a1d" relativeResultsDirectory="76cd3f6f-5852-4919-bf17-7585e3859cef" />
    <UnitTestResult executionId="104d713b-ae61-48fe-acb2-058e03283504" testId="2416a40c-f6aa-a483-ce2a-56630b6e1dc7" testName="Does_Not_Log_Non_Private_IPv6_Addresses(&quot;2607:f0d0:1002:51::4&quot;)" computerName="V020705" duration="00:00:00.0013699" startTime="2025-04-30T09:12:22.6397539+02:00" endTime="2025-04-30T09:12:22.6411231+02:00" testType="13cdc9d9-ddb5-4fa4-a97d-d965ccfc6d4b" outcome="Passed" testListId="8c84fa94-04c1-424b-9868-57a2d4851a1d" relativeResultsDirectory="104d713b-ae61-48fe-acb2-058e03283504" />
    <UnitTestResult executionId="c6529b29-12ad-47cf-ab01-9e6d598ed89e" testId="527d01eb-73ef-9570-f17c-2de519074e24" testName="Returns_True_For_File_Call(&quot;https://localhost/js/site.js?v=2yW9W2jjd-ZgGewWZvGiDtVLyaCnXbM31nFlXSzVdbU&amp;v=2yW9W2jjd-ZgGewWZvGiDtV&quot;)" computerName="V020705" duration="00:00:00.0000860" startTime="2025-04-30T09:12:22.5486315+02:00" endTime="2025-04-30T09:12:22.5487176+02:00" testType="13cdc9d9-ddb5-4fa4-a97d-d965ccfc6d4b" outcome="Passed" testListId="8c84fa94-04c1-424b-9868-57a2d4851a1d" relativeResultsDirectory="c6529b29-12ad-47cf-ab01-9e6d598ed89e" />
    <UnitTestResult executionId="53f14c68-2998-4eb0-b5c0-82406e45e47c" testId="ac69674e-f148-34f8-83cf-539d5244297e" testName="Does_Not_Send_Mail_If_No_Providers_Are_Expired_Or_Expiring" computerName="V020705" duration="00:00:00.0020520" startTime="2025-04-30T09:12:23.5323839+02:00" endTime="2025-04-30T09:12:23.5344358+02:00" testType="13cdc9d9-ddb5-4fa4-a97d-d965ccfc6d4b" outcome="Passed" testListId="8c84fa94-04c1-424b-9868-57a2d4851a1d" relativeResultsDirectory="53f14c68-2998-4eb0-b5c0-82406e45e47c" />
    <UnitTestResult executionId="4cdc3b92-2023-4c68-9ebd-2d52d6895928" testId="220b4593-150b-fe76-a302-f83526252f17" testName="Returns_Success_If_Passwort_IsNot_Listed" computerName="V020705" duration="00:00:00.0009840" startTime="2025-04-30T09:12:21.3250730+02:00" endTime="2025-04-30T09:12:21.3260567+02:00" testType="13cdc9d9-ddb5-4fa4-a97d-d965ccfc6d4b" outcome="Passed" testListId="8c84fa94-04c1-424b-9868-57a2d4851a1d" relativeResultsDirectory="4cdc3b92-2023-4c68-9ebd-2d52d6895928" />
    <UnitTestResult executionId="5071b3b9-4718-43b3-8d4c-ec2cf592d3dc" testId="2c9a9d87-8e23-1cd4-016b-a60ead601e45" testName="Returns_Default_Value_For_Failed_Operation" computerName="V020705" duration="00:00:00.0003200" startTime="2025-04-30T09:12:20.4264513+02:00" endTime="2025-04-30T09:12:20.4267714+02:00" testType="13cdc9d9-ddb5-4fa4-a97d-d965ccfc6d4b" outcome="Passed" testListId="8c84fa94-04c1-424b-9868-57a2d4851a1d" relativeResultsDirectory="5071b3b9-4718-43b3-8d4c-ec2cf592d3dc" />
    <UnitTestResult executionId="8ae9caf7-65d7-4201-b2bb-7e48201b3dfa" testId="94f07a82-fcae-3859-6172-92bbe0dc5448" testName="Removes_Record_From_Repository" computerName="V020705" duration="00:00:00.0011770" startTime="2025-04-30T09:12:23.0387575+02:00" endTime="2025-04-30T09:12:23.0399344+02:00" testType="13cdc9d9-ddb5-4fa4-a97d-d965ccfc6d4b" outcome="Passed" testListId="8c84fa94-04c1-424b-9868-57a2d4851a1d" relativeResultsDirectory="8ae9caf7-65d7-4201-b2bb-7e48201b3dfa" />
    <UnitTestResult executionId="0fe5ad31-9e87-4858-a4ff-c249ff0619f5" testId="6fe0a9e0-571f-0529-78ed-f233918a28b7" testName="Logs_Warning_If_ClientName_Is_Missing" computerName="V020705" duration="00:00:00.0014490" startTime="2025-04-30T09:12:22.6179549+02:00" endTime="2025-04-30T09:12:22.6194032+02:00" testType="13cdc9d9-ddb5-4fa4-a97d-d965ccfc6d4b" outcome="Passed" testListId="8c84fa94-04c1-424b-9868-57a2d4851a1d" relativeResultsDirectory="0fe5ad31-9e87-4858-a4ff-c249ff0619f5" />
    <UnitTestResult executionId="31e4680d-fb1d-4456-aa4b-fa0e8d879fb2" testId="3af9a356-a041-05c6-a123-76ebd3c865c7" testName="Unset_NormalizedFirstName_When_LastName_Is_Null" computerName="V020705" duration="00:00:00.0011700" startTime="2025-04-30T09:12:21.0881648+02:00" endTime="2025-04-30T09:12:21.0893341+02:00" testType="13cdc9d9-ddb5-4fa4-a97d-d965ccfc6d4b" outcome="Passed" testListId="8c84fa94-04c1-424b-9868-57a2d4851a1d" relativeResultsDirectory="31e4680d-fb1d-4456-aa4b-fa0e8d879fb2" />
    <UnitTestResult executionId="12d6cce4-0867-40d5-bdec-8af164d90f56" testId="60e41c05-463f-cde1-082c-790b13250f20" testName="Appends_To_The_List_Of_Test_Result_Messages" computerName="V020705" duration="00:00:00.0082930" startTime="2025-04-30T09:12:23.5345596+02:00" endTime="2025-04-30T09:12:23.5428525+02:00" testType="13cdc9d9-ddb5-4fa4-a97d-d965ccfc6d4b" outcome="Passed" testListId="8c84fa94-04c1-424b-9868-57a2d4851a1d" relativeResultsDirectory="12d6cce4-0867-40d5-bdec-8af164d90f56" />
    <UnitTestResult executionId="21a1f43f-8f10-47ae-b826-bea8be317a2f" testId="55b53e34-e4b0-eaeb-2cdc-a1160ea0520d" testName="Does_Not_Publish_UserEmailChanged_Event_When_Email_Was_Not_Changed" computerName="V020705" duration="00:00:00.0059640" startTime="2025-04-30T09:12:21.1773009+02:00" endTime="2025-04-30T09:12:21.1832648+02:00" testType="13cdc9d9-ddb5-4fa4-a97d-d965ccfc6d4b" outcome="Passed" testListId="8c84fa94-04c1-424b-9868-57a2d4851a1d" relativeResultsDirectory="21a1f43f-8f10-47ae-b826-bea8be317a2f" />
    <UnitTestResult executionId="58f54203-df6e-4699-8e5a-9e4e7ec5d41c" testId="1351a454-00c8-fb77-c6cd-9883d8fcc8b7" testName="Gets_Test_Client_By_Client_Id_Query_Parameter" computerName="V020705" duration="00:00:00.0008420" startTime="2025-04-30T09:12:20.9379609+02:00" endTime="2025-04-30T09:12:20.9388024+02:00" testType="13cdc9d9-ddb5-4fa4-a97d-d965ccfc6d4b" outcome="Passed" testListId="8c84fa94-04c1-424b-9868-57a2d4851a1d" relativeResultsDirectory="58f54203-df6e-4699-8e5a-9e4e7ec5d41c" />
    <UnitTestResult executionId="c991d7b5-ce17-47ce-89b0-adcc6fcec9d0" testId="54f204db-bc4f-ada0-8c7d-1602734fdeb8" testName="Does_Not_Publish_UserFullNameChanged_Event_When_LastName_Was_Not_Changed" computerName="V020705" duration="00:00:00.0027670" startTime="2025-04-30T09:12:21.1956208+02:00" endTime="2025-04-30T09:12:21.1983879+02:00" testType="13cdc9d9-ddb5-4fa4-a97d-d965ccfc6d4b" outcome="Passed" testListId="8c84fa94-04c1-424b-9868-57a2d4851a1d" relativeResultsDirectory="c991d7b5-ce17-47ce-89b0-adcc6fcec9d0" />
    <UnitTestResult executionId="200d2e72-6452-447f-8a9b-504f35d034cf" testId="85558b84-5d63-b61d-ecb9-d1c21343bb50" testName="Gets_Test_Client_By_LoginProcess" computerName="V020705" duration="00:00:00.0020480" startTime="2025-04-30T09:12:20.9388319+02:00" endTime="2025-04-30T09:12:20.9408792+02:00" testType="13cdc9d9-ddb5-4fa4-a97d-d965ccfc6d4b" outcome="Passed" testListId="8c84fa94-04c1-424b-9868-57a2d4851a1d" relativeResultsDirectory="200d2e72-6452-447f-8a9b-504f35d034cf" />
    <UnitTestResult executionId="d2cbd6b9-5fdb-42b2-9445-a69baf57c9a3" testId="dc54bb54-da07-33bf-a843-a759e90bfa3f" testName="Throws_ArgumentNull_Exception_When_Inner_Is_Null" computerName="V020705" duration="00:00:00.0015200" startTime="2025-04-30T09:12:23.5806318+02:00" endTime="2025-04-30T09:12:23.5821517+02:00" testType="13cdc9d9-ddb5-4fa4-a97d-d965ccfc6d4b" outcome="Passed" testListId="8c84fa94-04c1-424b-9868-57a2d4851a1d" relativeResultsDirectory="d2cbd6b9-5fdb-42b2-9445-a69baf57c9a3" />
    <UnitTestResult executionId="6de2b760-fe9f-46a1-8214-14f0fff5ee21" testId="e3ada9eb-3b3f-870a-5773-cd9c66a12a0d" testName="Calls_Next_If_Handler_Failed" computerName="V020705" duration="00:00:00.0014150" startTime="2025-04-30T09:12:22.9135732+02:00" endTime="2025-04-30T09:12:22.9149881+02:00" testType="13cdc9d9-ddb5-4fa4-a97d-d965ccfc6d4b" outcome="Passed" testListId="8c84fa94-04c1-424b-9868-57a2d4851a1d" relativeResultsDirectory="6de2b760-fe9f-46a1-8214-14f0fff5ee21" />
    <UnitTestResult executionId="f959c35e-e26f-45b6-afc3-ee5b70c8154a" testId="4e006f18-4d0f-2a33-a46a-8c41502e2eb1" testName="Returns_Default_Value_For_Failed_AsyncOperation" computerName="V020705" duration="00:00:00.0078150" startTime="2025-04-30T09:12:20.4186209+02:00" endTime="2025-04-30T09:12:20.4264353+02:00" testType="13cdc9d9-ddb5-4fa4-a97d-d965ccfc6d4b" outcome="Passed" testListId="8c84fa94-04c1-424b-9868-57a2d4851a1d" relativeResultsDirectory="f959c35e-e26f-45b6-afc3-ee5b70c8154a" />
    <UnitTestResult executionId="d2b4f640-bd15-40ec-aed2-a18ceaa8f212" testId="a9a72500-bb75-3315-4955-4cf6dc2b8bc3" testName="Returns_Enabled" computerName="V020705" duration="00:00:00.0037210" startTime="2025-04-30T09:12:23.4390234+02:00" endTime="2025-04-30T09:12:23.4427436+02:00" testType="13cdc9d9-ddb5-4fa4-a97d-d965ccfc6d4b" outcome="Passed" testListId="8c84fa94-04c1-424b-9868-57a2d4851a1d" relativeResultsDirectory="d2b4f640-bd15-40ec-aed2-a18ceaa8f212" />
    <UnitTestResult executionId="33525ec9-29e4-45ee-904c-fd9dbea1cd3d" testId="7f73b874-5a3e-9b9a-b956-94e46a5b4a32" testName="Calls_Authentication_Handler_For_Saml_Metadata(&quot;https://localhost/saml/testazure/metadata&quot;)" computerName="V020705" duration="00:00:00.0020310" startTime="2025-04-30T09:12:22.9086398+02:00" endTime="2025-04-30T09:12:22.9106701+02:00" testType="13cdc9d9-ddb5-4fa4-a97d-d965ccfc6d4b" outcome="Passed" testListId="8c84fa94-04c1-424b-9868-57a2d4851a1d" relativeResultsDirectory="33525ec9-29e4-45ee-904c-fd9dbea1cd3d" />
    <UnitTestResult executionId="52197073-529f-469c-9118-d6c31c3640b3" testId="ef2d8054-b82a-4dff-ff11-afaf28e09283" testName="Logs_Message_When_GroupsClaims_Exceeds_Amount" computerName="V020705" duration="00:00:00.0025980" startTime="2025-04-30T09:12:22.7885812+02:00" endTime="2025-04-30T09:12:22.7911787+02:00" testType="13cdc9d9-ddb5-4fa4-a97d-d965ccfc6d4b" outcome="Passed" testListId="8c84fa94-04c1-424b-9868-57a2d4851a1d" relativeResultsDirectory="52197073-529f-469c-9118-d6c31c3640b3" />
    <UnitTestResult executionId="c2438f10-35ea-43b0-8f33-e863c3313a4f" testId="607359d5-ada5-9eba-f85c-f986eca681bf" testName="Ensure_LoginProviderTypes_Either_Support_ClientSecret_Expiration_Or_Are_Excluded_From_The_Check" computerName="V020705" duration="00:00:00.0030200" startTime="2025-04-30T09:12:23.5156840+02:00" endTime="2025-04-30T09:12:23.5187033+02:00" testType="13cdc9d9-ddb5-4fa4-a97d-d965ccfc6d4b" outcome="Passed" testListId="8c84fa94-04c1-424b-9868-57a2d4851a1d" relativeResultsDirectory="c2438f10-35ea-43b0-8f33-e863c3313a4f" />
    <UnitTestResult executionId="a3d5a64b-4602-4817-a0a3-84725c190788" testId="a15042c3-12ca-9105-0797-7232479efd1c" testName="Not_Valid_For_Invalid_OidcProvider_Missing_Authority" computerName="V020705" duration="00:00:00.0042730" startTime="2025-04-30T09:12:22.8304671+02:00" endTime="2025-04-30T09:12:22.8347400+02:00" testType="13cdc9d9-ddb5-4fa4-a97d-d965ccfc6d4b" outcome="Passed" testListId="8c84fa94-04c1-424b-9868-57a2d4851a1d" relativeResultsDirectory="a3d5a64b-4602-4817-a0a3-84725c190788" />
    <UnitTestResult executionId="35cc29d3-be1c-47c2-8934-90c0aa59a814" testId="80acaac2-acca-a957-759f-c2162d20a6d1" testName="Imports_The_Provided_Client" computerName="V020705" duration="00:00:00.0038920" startTime="2025-04-30T09:12:21.5829383+02:00" endTime="2025-04-30T09:12:21.5868305+02:00" testType="13cdc9d9-ddb5-4fa4-a97d-d965ccfc6d4b" outcome="Passed" testListId="8c84fa94-04c1-424b-9868-57a2d4851a1d" relativeResultsDirectory="35cc29d3-be1c-47c2-8934-90c0aa59a814" />
    <UnitTestResult executionId="cb50ede7-096f-49b8-bd7e-9a0bab9f9298" testId="36678689-fed3-daf7-51ec-33e64d06b045" testName="All_Api_Controllers_Should_Have_Defined_Suffix" computerName="V020705" duration="00:00:00.0003570" startTime="2025-04-30T09:12:22.1145507+02:00" endTime="2025-04-30T09:12:22.1149073+02:00" testType="13cdc9d9-ddb5-4fa4-a97d-d965ccfc6d4b" outcome="Passed" testListId="8c84fa94-04c1-424b-9868-57a2d4851a1d" relativeResultsDirectory="cb50ede7-096f-49b8-bd7e-9a0bab9f9298" />
    <UnitTestResult executionId="5c0b4a15-4787-4bd4-b2ef-eb1cc4c0c4e4" testId="d7393904-760f-6b9d-e65b-e373455bfc56" testName="Updates_Username_When_Username_Was_Equal" computerName="V020705" duration="00:00:00.0011150" startTime="2025-04-30T09:12:21.1892116+02:00" endTime="2025-04-30T09:12:21.1903265+02:00" testType="13cdc9d9-ddb5-4fa4-a97d-d965ccfc6d4b" outcome="Passed" testListId="8c84fa94-04c1-424b-9868-57a2d4851a1d" relativeResultsDirectory="5c0b4a15-4787-4bd4-b2ef-eb1cc4c0c4e4" />
    <UnitTestResult executionId="748af268-ff2e-4a2b-b6c9-7da046e834d4" testId="963bef49-3e7a-3202-d0a6-544b0466d548" testName="External_User_Cannot_Change_Password_When_No_Password_Set(&quot;&quot;)" computerName="V020705" duration="00:00:00.0008750" startTime="2025-04-30T09:12:21.0725563+02:00" endTime="2025-04-30T09:12:21.0734306+02:00" testType="13cdc9d9-ddb5-4fa4-a97d-d965ccfc6d4b" outcome="Passed" testListId="8c84fa94-04c1-424b-9868-57a2d4851a1d" relativeResultsDirectory="748af268-ff2e-4a2b-b6c9-7da046e834d4" />
    <UnitTestResult executionId="fd59f9c5-9c76-4238-8e9f-7c85757804d0" testId="c72e4ecd-30a8-d07f-563b-4381cc636317" testName="Can_Write_Saml_Data_With_Certificate" computerName="V020705" duration="00:00:00.0266080" startTime="2025-04-30T09:12:22.2910576+02:00" endTime="2025-04-30T09:12:22.3176646+02:00" testType="13cdc9d9-ddb5-4fa4-a97d-d965ccfc6d4b" outcome="Passed" testListId="8c84fa94-04c1-424b-9868-57a2d4851a1d" relativeResultsDirectory="fd59f9c5-9c76-4238-8e9f-7c85757804d0" />
    <UnitTestResult executionId="32dd48da-cb15-4acd-be11-fbd8f8304f45" testId="77bd0d4e-11eb-86d3-acbd-f3c6d4735fd1" testName="Does_Nothing_If_Href_Is_Not_Current_Action" computerName="V020705" duration="00:00:00.0014170" startTime="2025-04-30T09:12:23.9036176+02:00" endTime="2025-04-30T09:12:23.9050339+02:00" testType="13cdc9d9-ddb5-4fa4-a97d-d965ccfc6d4b" outcome="Passed" testListId="8c84fa94-04c1-424b-9868-57a2d4851a1d" relativeResultsDirectory="32dd48da-cb15-4acd-be11-fbd8f8304f45" />
    <UnitTestResult executionId="142a65e8-cb62-43a2-b204-6f71533f41f9" testId="4da7138c-5e1b-e461-72ef-b4d4be6e4650" testName="Creates_CHG_User" computerName="V020705" duration="00:00:00.0083830" startTime="2025-04-30T09:12:23.6195813+02:00" endTime="2025-04-30T09:12:23.6279640+02:00" testType="13cdc9d9-ddb5-4fa4-a97d-d965ccfc6d4b" outcome="Passed" testListId="8c84fa94-04c1-424b-9868-57a2d4851a1d" relativeResultsDirectory="142a65e8-cb62-43a2-b204-6f71533f41f9" />
    <UnitTestResult executionId="24dc3279-f8ae-4c65-ac2e-d30da650b576" testId="a6cf5247-0209-e6e9-03e9-5fb63c9bdd8a" testName="Calls_TemplateEngine_And_Sender" computerName="V020705" duration="00:00:00.0024300" startTime="2025-04-30T09:12:23.6121583+02:00" endTime="2025-04-30T09:12:23.6145878+02:00" testType="13cdc9d9-ddb5-4fa4-a97d-d965ccfc6d4b" outcome="Passed" testListId="8c84fa94-04c1-424b-9868-57a2d4851a1d" relativeResultsDirectory="24dc3279-f8ae-4c65-ac2e-d30da650b576" />
    <UnitTestResult executionId="df95b9b2-aed8-40e0-bcb7-dc8cae2071e6" testId="d70b0748-16af-c7f0-6bb6-546b28f10dea" testName="Throws_Exception_If_Helper_Output_Is_Null" computerName="V020705" duration="00:00:00.0014400" startTime="2025-04-30T09:12:23.9276914+02:00" endTime="2025-04-30T09:12:23.9291305+02:00" testType="13cdc9d9-ddb5-4fa4-a97d-d965ccfc6d4b" outcome="Passed" testListId="8c84fa94-04c1-424b-9868-57a2d4851a1d" relativeResultsDirectory="df95b9b2-aed8-40e0-bcb7-dc8cae2071e6" />
    <UnitTestResult executionId="f2fdb277-d25b-45b9-9247-fb948cac8b7c" testId="b2685e0d-75c8-2abb-a126-ec06ec995b55" testName="Calls_TemplateEngine_And_Sender" computerName="V020705" duration="00:00:00.0015860" startTime="2025-04-30T09:12:23.6178645+02:00" endTime="2025-04-30T09:12:23.6194500+02:00" testType="13cdc9d9-ddb5-4fa4-a97d-d965ccfc6d4b" outcome="Passed" testListId="8c84fa94-04c1-424b-9868-57a2d4851a1d" relativeResultsDirectory="f2fdb277-d25b-45b9-9247-fb948cac8b7c" />
    <UnitTestResult executionId="9a934346-7e13-466d-953b-a1edc199978b" testId="35aca1ca-64af-6b93-5fa2-0b3a315deb75" testName="Create_New_Entry" computerName="V020705" duration="00:00:00.0106430" startTime="2025-04-30T09:12:22.5271259+02:00" endTime="2025-04-30T09:12:22.5377685+02:00" testType="13cdc9d9-ddb5-4fa4-a97d-d965ccfc6d4b" outcome="Passed" testListId="8c84fa94-04c1-424b-9868-57a2d4851a1d" relativeResultsDirectory="9a934346-7e13-466d-953b-a1edc199978b" />
    <UnitTestResult executionId="6043da7e-b445-456b-8aae-484199dd5a84" testId="adba23eb-435b-03a7-d6eb-6d4f6a270950" testName="Sends_Link_To_Customized_Sender_Of_Factory" computerName="V020705" duration="00:00:00.0088200" startTime="2025-04-30T09:12:21.2870262+02:00" endTime="2025-04-30T09:12:21.2958454+02:00" testType="13cdc9d9-ddb5-4fa4-a97d-d965ccfc6d4b" outcome="Passed" testListId="8c84fa94-04c1-424b-9868-57a2d4851a1d" relativeResultsDirectory="6043da7e-b445-456b-8aae-484199dd5a84" />
    <UnitTestResult executionId="794303fd-5e61-4128-af8f-eff59e5b73be" testId="5ec0e2e9-7e79-16b0-2c50-8da35ab7ede3" testName="Not_Valid_For_Invalid_AzureProvider_Missing_Instance" computerName="V020705" duration="00:00:00.0005480" startTime="2025-04-30T09:12:22.8293343+02:00" endTime="2025-04-30T09:12:22.8298823+02:00" testType="13cdc9d9-ddb5-4fa4-a97d-d965ccfc6d4b" outcome="Passed" testListId="8c84fa94-04c1-424b-9868-57a2d4851a1d" relativeResultsDirectory="794303fd-5e61-4128-af8f-eff59e5b73be" />
    <UnitTestResult executionId="872c0219-5287-470d-a087-09e1e79481f0" testId="d81023dc-190f-768d-e71b-78a565ac84d1" testName="Returns_BadRequest_For_Non_Saml_Providers" computerName="V020705" duration="00:00:00.0007760" startTime="2025-04-30T09:12:22.4037848+02:00" endTime="2025-04-30T09:12:22.4045600+02:00" testType="13cdc9d9-ddb5-4fa4-a97d-d965ccfc6d4b" outcome="Passed" testListId="8c84fa94-04c1-424b-9868-57a2d4851a1d" relativeResultsDirectory="872c0219-5287-470d-a087-09e1e79481f0" />
    <UnitTestResult executionId="6d3b6210-794c-4252-bf64-01ca59ab4663" testId="00b42fa7-53ad-c6f3-978c-2d296c0bf149" testName="Configures_DbContext" computerName="V020705" duration="00:00:00.0263180" startTime="2025-04-30T09:12:22.5493632+02:00" endTime="2025-04-30T09:12:22.5756799+02:00" testType="13cdc9d9-ddb5-4fa4-a97d-d965ccfc6d4b" outcome="Passed" testListId="8c84fa94-04c1-424b-9868-57a2d4851a1d" relativeResultsDirectory="6d3b6210-794c-4252-bf64-01ca59ab4663" />
    <UnitTestResult executionId="d437b83f-12e5-4b40-af51-8401cf3b2300" testId="c01f1d50-d13c-40d7-5e92-0c17ee7fd22d" testName="Unsets_Deleted_Flag" computerName="V020705" duration="00:00:00.0011869" startTime="2025-04-30T09:12:21.1676363+02:00" endTime="2025-04-30T09:12:21.1688225+02:00" testType="13cdc9d9-ddb5-4fa4-a97d-d965ccfc6d4b" outcome="Passed" testListId="8c84fa94-04c1-424b-9868-57a2d4851a1d" relativeResultsDirectory="d437b83f-12e5-4b40-af51-8401cf3b2300" />
    <UnitTestResult executionId="1013a685-769c-4064-8992-76b8b706badc" testId="1b77e547-9397-94fe-9a03-435c39c7de08" testName="Dispatches_StatusMessage_To_Model" computerName="V020705" duration="00:00:00.0010680" startTime="2025-04-30T09:12:22.2584641+02:00" endTime="2025-04-30T09:12:22.2595323+02:00" testType="13cdc9d9-ddb5-4fa4-a97d-d965ccfc6d4b" outcome="Passed" testListId="8c84fa94-04c1-424b-9868-57a2d4851a1d" relativeResultsDirectory="1013a685-769c-4064-8992-76b8b706badc" />
    <UnitTestResult executionId="b48dcd29-6cb8-4daa-9ea0-060722d25d5c" testId="d0ed9315-9511-09fe-8df7-dd9ccfa6a5f9" testName="Logs_Warning_If_ClientId_Is_Missing" computerName="V020705" duration="00:00:00.0022860" startTime="2025-04-30T09:12:22.6156292+02:00" endTime="2025-04-30T09:12:22.6179147+02:00" testType="13cdc9d9-ddb5-4fa4-a97d-d965ccfc6d4b" outcome="Passed" testListId="8c84fa94-04c1-424b-9868-57a2d4851a1d" relativeResultsDirectory="b48dcd29-6cb8-4daa-9ea0-060722d25d5c" />
    <UnitTestResult executionId="83461765-c719-4bd2-826e-6d30185833bb" testId="f3abeff3-077e-8359-b4db-73f9c10cba49" testName="Calls_Service_To_Retrieve_Entity" computerName="V020705" duration="00:00:00.0172580" startTime="2025-04-30T09:12:22.3695238+02:00" endTime="2025-04-30T09:12:22.3867810+02:00" testType="13cdc9d9-ddb5-4fa4-a97d-d965ccfc6d4b" outcome="Passed" testListId="8c84fa94-04c1-424b-9868-57a2d4851a1d" relativeResultsDirectory="83461765-c719-4bd2-826e-6d30185833bb" />
    <UnitTestResult executionId="95700a2b-43b2-4458-a3f4-5cd5a36f1491" testId="d30e77f6-2014-76a0-7956-b2eeaddb9743" testName="Returns_Correct_Type(&quot;Mozilla/5.0 (Windows NT 10.0; WOW64) AppleWebKit/537.36 (KHTML, like Gecko) Chrome/110.0.0.0 Safari/537.36&quot;,Chrome)" computerName="V020705" duration="00:00:00.0204710" startTime="2025-04-30T09:12:23.1028101+02:00" endTime="2025-04-30T09:12:23.1232806+02:00" testType="13cdc9d9-ddb5-4fa4-a97d-d965ccfc6d4b" outcome="Passed" testListId="8c84fa94-04c1-424b-9868-57a2d4851a1d" relativeResultsDirectory="95700a2b-43b2-4458-a3f4-5cd5a36f1491" />
    <UnitTestResult executionId="2192a63b-aa63-4165-823b-b63e22794184" testId="dfc7f103-5300-4308-9cfb-c9ca1e7d7bd0" testName="Updates_Existing_From_Repository" computerName="V020705" duration="00:00:00.0064260" startTime="2025-04-30T09:12:22.4893923+02:00" endTime="2025-04-30T09:12:22.4958180+02:00" testType="13cdc9d9-ddb5-4fa4-a97d-d965ccfc6d4b" outcome="Passed" testListId="8c84fa94-04c1-424b-9868-57a2d4851a1d" relativeResultsDirectory="2192a63b-aa63-4165-823b-b63e22794184" />
    <UnitTestResult executionId="459efc2d-2fc5-4868-863e-2c6aff8a658b" testId="1a3171ff-1e68-9bb1-ca97-d63094492fd2" testName="Return_NotFound_For_Invalid_Id" computerName="V020705" duration="00:00:00.0010219" startTime="2025-04-30T09:12:22.3868138+02:00" endTime="2025-04-30T09:12:22.3878356+02:00" testType="13cdc9d9-ddb5-4fa4-a97d-d965ccfc6d4b" outcome="Passed" testListId="8c84fa94-04c1-424b-9868-57a2d4851a1d" relativeResultsDirectory="459efc2d-2fc5-4868-863e-2c6aff8a658b" />
    <UnitTestResult executionId="582ef780-f547-42cc-b589-351b2d680426" testId="9aee0814-6236-9a8f-193f-7f54af23c20a" testName="Configures_Logging_For_Development" computerName="V020705" duration="00:00:00.0005310" startTime="2025-04-30T09:12:22.5783004+02:00" endTime="2025-04-30T09:12:22.5788311+02:00" testType="13cdc9d9-ddb5-4fa4-a97d-d965ccfc6d4b" outcome="Passed" testListId="8c84fa94-04c1-424b-9868-57a2d4851a1d" relativeResultsDirectory="582ef780-f547-42cc-b589-351b2d680426" />
    <UnitTestResult executionId="b0ab0a26-c932-4966-a31a-e31459a79421" testId="0b2ffe04-fd7e-f7f0-4e2d-f6464d97402c" testName="Unknown_User_Dont_Retrieve_ResetPassword_Mails" computerName="V020705" duration="00:00:00.0015299" startTime="2025-04-30T09:12:21.4599175+02:00" endTime="2025-04-30T09:12:21.4614471+02:00" testType="13cdc9d9-ddb5-4fa4-a97d-d965ccfc6d4b" outcome="Passed" testListId="8c84fa94-04c1-424b-9868-57a2d4851a1d" relativeResultsDirectory="b0ab0a26-c932-4966-a31a-e31459a79421" />
    <UnitTestResult executionId="016c7df5-51b4-4db2-ba9c-f6e1a7cdaff1" testId="12f95759-7425-e71e-d80a-0585d1cd58a0" testName="Removes_Cached_Domains" computerName="V020705" duration="00:00:00.0038640" startTime="2025-04-30T09:12:23.3980941+02:00" endTime="2025-04-30T09:12:23.4019582+02:00" testType="13cdc9d9-ddb5-4fa4-a97d-d965ccfc6d4b" outcome="Passed" testListId="8c84fa94-04c1-424b-9868-57a2d4851a1d" relativeResultsDirectory="016c7df5-51b4-4db2-ba9c-f6e1a7cdaff1" />
    <UnitTestResult executionId="0a0efbd7-596a-43ef-b9ff-e1f686069b0a" testId="a3290529-0780-7631-13af-63df49322e69" testName="Generates_A_New_UserInvite_Token_By_UserId" computerName="V020705" duration="00:00:00.0102090" startTime="2025-04-30T09:12:21.6574834+02:00" endTime="2025-04-30T09:12:21.6676919+02:00" testType="13cdc9d9-ddb5-4fa4-a97d-d965ccfc6d4b" outcome="Passed" testListId="8c84fa94-04c1-424b-9868-57a2d4851a1d" relativeResultsDirectory="0a0efbd7-596a-43ef-b9ff-e1f686069b0a" />
    <UnitTestResult executionId="834fe0a9-41a3-4dc0-a3af-839699b5337d" testId="6a2eba53-b48f-ef4b-3dc4-2d9b8e201182" testName="ThrowsException_With_Null" computerName="V020705" duration="00:00:00.0008920" startTime="2025-04-30T09:12:21.3440681+02:00" endTime="2025-04-30T09:12:21.3449602+02:00" testType="13cdc9d9-ddb5-4fa4-a97d-d965ccfc6d4b" outcome="Passed" testListId="8c84fa94-04c1-424b-9868-57a2d4851a1d" relativeResultsDirectory="834fe0a9-41a3-4dc0-a3af-839699b5337d" />
    <UnitTestResult executionId="6c707af5-81dd-4c83-af9b-2da5730046c0" testId="7fb5ecec-a1f0-3e04-43dc-3b5e458d9903" testName="Adds_Default_Claims_Of_A_LoginProvider_To_A_User" computerName="V020705" duration="00:00:00.0195050" startTime="2025-04-30T09:12:21.2168223+02:00" endTime="2025-04-30T09:12:21.2363265+02:00" testType="13cdc9d9-ddb5-4fa4-a97d-d965ccfc6d4b" outcome="Passed" testListId="8c84fa94-04c1-424b-9868-57a2d4851a1d" relativeResultsDirectory="6c707af5-81dd-4c83-af9b-2da5730046c0" />
    <UnitTestResult executionId="aee2bb05-b24f-4b4f-8a28-d324f190abed" testId="97f66e90-154f-725a-272e-cd5523e5af09" testName="Returns_Increments(0)" computerName="V020705" duration="00:00:00.0017590" startTime="2025-04-30T09:12:23.0284356+02:00" endTime="2025-04-30T09:12:23.0301947+02:00" testType="13cdc9d9-ddb5-4fa4-a97d-d965ccfc6d4b" outcome="Passed" testListId="8c84fa94-04c1-424b-9868-57a2d4851a1d" relativeResultsDirectory="aee2bb05-b24f-4b4f-8a28-d324f190abed" />
    <UnitTestResult executionId="a04b57e6-042d-45b9-8eea-ba2e5fc513ba" testId="1a8d51e1-9109-ba95-ff04-d295a2bc5191" testName="Returns_True_For_Successful_Operation" computerName="V020705" duration="00:00:00.0001550" startTime="2025-04-30T09:12:20.4278897+02:00" endTime="2025-04-30T09:12:20.4280443+02:00" testType="13cdc9d9-ddb5-4fa4-a97d-d965ccfc6d4b" outcome="Passed" testListId="8c84fa94-04c1-424b-9868-57a2d4851a1d" relativeResultsDirectory="a04b57e6-042d-45b9-8eea-ba2e5fc513ba" />
    <UnitTestResult executionId="e5c80d7d-94b7-4ac5-a68a-3dea8eff71ae" testId="b5fb2ee5-8b11-1bdf-1101-85b43a4ed131" testName="Return_NotFound_For_Invalid_Scheme" computerName="V020705" duration="00:00:00.0008100" startTime="2025-04-30T09:12:22.2604978+02:00" endTime="2025-04-30T09:12:22.2613076+02:00" testType="13cdc9d9-ddb5-4fa4-a97d-d965ccfc6d4b" outcome="Passed" testListId="8c84fa94-04c1-424b-9868-57a2d4851a1d" relativeResultsDirectory="e5c80d7d-94b7-4ac5-a68a-3dea8eff71ae" />
    <UnitTestResult executionId="2619be09-1fd6-429a-92df-15154bf8d0f2" testId="4ea8473f-4e72-4040-8365-d9483a022441" testName="Does_Not_Change_LogLevel_Of_Any_Other" computerName="V020705" duration="00:00:00.0002799" startTime="2025-04-30T09:12:21.3845346+02:00" endTime="2025-04-30T09:12:21.3848145+02:00" testType="13cdc9d9-ddb5-4fa4-a97d-d965ccfc6d4b" outcome="Passed" testListId="8c84fa94-04c1-424b-9868-57a2d4851a1d" relativeResultsDirectory="2619be09-1fd6-429a-92df-15154bf8d0f2" />
    <UnitTestResult executionId="95757965-772c-48b4-93a3-0a18b7253454" testId="15f2b3e1-88f9-275e-3008-95e868bce913" testName="Removes_Class_Attribute_If_Empty" computerName="V020705" duration="00:00:00.0010680" startTime="2025-04-30T09:12:23.9381030+02:00" endTime="2025-04-30T09:12:23.9391708+02:00" testType="13cdc9d9-ddb5-4fa4-a97d-d965ccfc6d4b" outcome="Passed" testListId="8c84fa94-04c1-424b-9868-57a2d4851a1d" relativeResultsDirectory="95757965-772c-48b4-93a3-0a18b7253454" />
    <UnitTestResult executionId="dff9b473-d957-4a84-9443-a0ce5e5e6893" testId="4c7b18a2-933c-fd95-3c8c-279e9bbbf006" testName="Gets_No_Client_By_Client_Id_Query_Parameter_When_Parameter_Is_Missing" computerName="V020705" duration="00:00:00.0015410" startTime="2025-04-30T09:12:20.9363882+02:00" endTime="2025-04-30T09:12:20.9379286+02:00" testType="13cdc9d9-ddb5-4fa4-a97d-d965ccfc6d4b" outcome="Passed" testListId="8c84fa94-04c1-424b-9868-57a2d4851a1d" relativeResultsDirectory="dff9b473-d957-4a84-9443-a0ce5e5e6893" />
    <UnitTestResult executionId="b6e04ae9-863e-4021-8cd8-4c4bfb2fd699" testId="ea6e27b6-c3ea-4031-85e6-492d2f08b8a2" testName="Creates_New_User_From_Azure_Without_Email" computerName="V020705" duration="00:00:00.0759130" startTime="2025-04-30T09:12:22.1150761+02:00" endTime="2025-04-30T09:12:22.1909864+02:00" testType="13cdc9d9-ddb5-4fa4-a97d-d965ccfc6d4b" outcome="Passed" testListId="8c84fa94-04c1-424b-9868-57a2d4851a1d" relativeResultsDirectory="b6e04ae9-863e-4021-8cd8-4c4bfb2fd699" />
    <UnitTestResult executionId="1dd5fd55-c36b-4821-81cf-d8e77071f42c" testId="459c87d0-aa21-f830-9a7e-4fc20f24fd4a" testName="Calls_Authentication_Handler_For_Signedout_Callback" computerName="V020705" duration="00:00:00.0013490" startTime="2025-04-30T09:12:22.9112853+02:00" endTime="2025-04-30T09:12:22.9126343+02:00" testType="13cdc9d9-ddb5-4fa4-a97d-d965ccfc6d4b" outcome="Passed" testListId="8c84fa94-04c1-424b-9868-57a2d4851a1d" relativeResultsDirectory="1dd5fd55-c36b-4821-81cf-d8e77071f42c" />
    <UnitTestResult executionId="9eca78ef-b6e4-4589-9716-2ccc421e239f" testId="8c39c94f-f233-2390-352a-dea637e7b6cd" testName="Removes_Blocked_USer_Login" computerName="V020705" duration="00:00:00.0466630" startTime="2025-04-30T09:12:20.9633125+02:00" endTime="2025-04-30T09:12:21.0099738+02:00" testType="13cdc9d9-ddb5-4fa4-a97d-d965ccfc6d4b" outcome="Passed" testListId="8c84fa94-04c1-424b-9868-57a2d4851a1d" relativeResultsDirectory="9eca78ef-b6e4-4589-9716-2ccc421e239f" />
    <UnitTestResult executionId="8ee421e4-85f0-464e-9246-036063b4c3f5" testId="df0aca45-e9c9-4fca-81ba-40ccaa9a7950" testName="Adds_Class_If_Href_Is_Current_Action_And_Other_Class_Was_Already_Set" computerName="V020705" duration="00:00:00.0017760" startTime="2025-04-30T09:12:23.9204261+02:00" endTime="2025-04-30T09:12:23.9222019+02:00" testType="13cdc9d9-ddb5-4fa4-a97d-d965ccfc6d4b" outcome="Passed" testListId="8c84fa94-04c1-424b-9868-57a2d4851a1d" relativeResultsDirectory="8ee421e4-85f0-464e-9246-036063b4c3f5" />
    <UnitTestResult executionId="1dc09e1e-035d-40dc-82e7-5fd58c969144" testId="621dee1f-1146-570d-8783-7bf12efa8195" testName="Saves_Provider_With_Updated_Data" computerName="V020705" duration="00:00:00.0027840" startTime="2025-04-30T09:12:22.3665577+02:00" endTime="2025-04-30T09:12:22.3693412+02:00" testType="13cdc9d9-ddb5-4fa4-a97d-d965ccfc6d4b" outcome="Passed" testListId="8c84fa94-04c1-424b-9868-57a2d4851a1d" relativeResultsDirectory="1dc09e1e-035d-40dc-82e7-5fd58c969144" />
    <UnitTestResult executionId="d1d560ee-75fc-4823-85b3-a6de0ace37c7" testId="674f49fc-d25d-94f4-9ddd-98286ae75bf7" testName="Sends_Link_To_Client_Endpoint" computerName="V020705" duration="00:00:00.0009630" startTime="2025-04-30T09:12:21.2602975+02:00" endTime="2025-04-30T09:12:21.2612605+02:00" testType="13cdc9d9-ddb5-4fa4-a97d-d965ccfc6d4b" outcome="Passed" testListId="8c84fa94-04c1-424b-9868-57a2d4851a1d" relativeResultsDirectory="d1d560ee-75fc-4823-85b3-a6de0ace37c7" />
    <UnitTestResult executionId="9ef7548b-de43-46ee-a284-05bf91342159" testId="c5461b35-7b42-70d6-b71d-3676f32a782f" testName="Returns_False_When_Response_Failed" computerName="V020705" duration="00:00:00.0016120" startTime="2025-04-30T09:12:22.6721420+02:00" endTime="2025-04-30T09:12:22.6737540+02:00" testType="13cdc9d9-ddb5-4fa4-a97d-d965ccfc6d4b" outcome="Passed" testListId="8c84fa94-04c1-424b-9868-57a2d4851a1d" relativeResultsDirectory="9ef7548b-de43-46ee-a284-05bf91342159" />
    <UnitTestResult executionId="c9434474-81be-4d39-99f4-2573ec90aaf5" testId="c530a5bd-9ca2-06fb-bbf5-ee9a788de2f0" testName="Throws_ArgumentNull_Exception_When_Repository_Is_Null" computerName="V020705" duration="00:00:00.0004140" startTime="2025-04-30T09:12:23.5821880+02:00" endTime="2025-04-30T09:12:23.5826022+02:00" testType="13cdc9d9-ddb5-4fa4-a97d-d965ccfc6d4b" outcome="Passed" testListId="8c84fa94-04c1-424b-9868-57a2d4851a1d" relativeResultsDirectory="c9434474-81be-4d39-99f4-2573ec90aaf5" />
    <UnitTestResult executionId="813a94db-5f69-48d6-b1f1-e0911364e8ae" testId="94bd548a-4681-5c1e-7e01-20d801186f0b" testName="Configures_Logging_For_Development" computerName="V020705" duration="00:00:00.0015230" startTime="2025-04-30T09:12:22.5757232+02:00" endTime="2025-04-30T09:12:22.5772459+02:00" testType="13cdc9d9-ddb5-4fa4-a97d-d965ccfc6d4b" outcome="Passed" testListId="8c84fa94-04c1-424b-9868-57a2d4851a1d" relativeResultsDirectory="813a94db-5f69-48d6-b1f1-e0911364e8ae" />
    <UnitTestResult executionId="e384d95c-7602-4ab0-bcaf-3b0760f76a68" testId="a67f5151-b921-3b0b-65c5-27104b92b43e" testName="Does_Not_Publish_UserFullNameChanged_Event_When_FirstName_Was_Not_Changed" computerName="V020705" duration="00:00:00.0027100" startTime="2025-04-30T09:12:21.1904279+02:00" endTime="2025-04-30T09:12:21.1931375+02:00" testType="13cdc9d9-ddb5-4fa4-a97d-d965ccfc6d4b" outcome="Passed" testListId="8c84fa94-04c1-424b-9868-57a2d4851a1d" relativeResultsDirectory="e384d95c-7602-4ab0-bcaf-3b0760f76a68" />
    <UnitTestResult executionId="370ef71d-c981-4ef0-8e85-b883550dd2a0" testId="c2f72281-e0c0-0bba-c49e-b44c34e8c2dd" testName="Clears_ClientId_Cache" computerName="V020705" duration="00:00:00.0016920" startTime="2025-04-30T09:12:23.3916797+02:00" endTime="2025-04-30T09:12:23.3933708+02:00" testType="13cdc9d9-ddb5-4fa4-a97d-d965ccfc6d4b" outcome="Passed" testListId="8c84fa94-04c1-424b-9868-57a2d4851a1d" relativeResultsDirectory="370ef71d-c981-4ef0-8e85-b883550dd2a0" />
    <UnitTestResult executionId="38e4ce45-4f5c-46f1-9f84-07388045a81c" testId="44cd4f75-5416-d84d-c04e-ef64f332f973" testName="Logs_The_Entire_IP_Address_If_It_Is_A_Local_Address(&quot;fe80::1&quot;)" computerName="V020705" duration="00:00:00.0002060" startTime="2025-04-30T09:12:22.6442437+02:00" endTime="2025-04-30T09:12:22.6444495+02:00" testType="13cdc9d9-ddb5-4fa4-a97d-d965ccfc6d4b" outcome="Passed" testListId="8c84fa94-04c1-424b-9868-57a2d4851a1d" relativeResultsDirectory="38e4ce45-4f5c-46f1-9f84-07388045a81c" />
    <UnitTestResult executionId="a06fcf0d-4f1a-4725-83f4-dcea3925c121" testId="b46b44e4-b5f9-4f62-5744-c794cd3ec80c" testName="Removes_Helper_Attributes" computerName="V020705" duration="00:00:00.0010190" startTime="2025-04-30T09:12:23.9422589+02:00" endTime="2025-04-30T09:12:23.9432771+02:00" testType="13cdc9d9-ddb5-4fa4-a97d-d965ccfc6d4b" outcome="Passed" testListId="8c84fa94-04c1-424b-9868-57a2d4851a1d" relativeResultsDirectory="a06fcf0d-4f1a-4725-83f4-dcea3925c121" />
    <UnitTestResult executionId="ff7fc001-bca7-4ef0-ac75-30e9f65e34ca" testId="0d1c345a-896f-d167-9ac1-fed79e6ed5ef" testName="External_User_WithPassword_Cannot_Lock_Account" computerName="V020705" duration="00:00:00.0014360" startTime="2025-04-30T09:12:21.0543471+02:00" endTime="2025-04-30T09:12:21.0557833+02:00" testType="13cdc9d9-ddb5-4fa4-a97d-d965ccfc6d4b" outcome="Passed" testListId="8c84fa94-04c1-424b-9868-57a2d4851a1d" relativeResultsDirectory="ff7fc001-bca7-4ef0-ac75-30e9f65e34ca" />
    <UnitTestResult executionId="69495fbc-8b07-4d69-afd6-0650ffd92eff" testId="ccba5866-2acb-3152-2be9-1d167b8b0d5f" testName="Gets_MVC_Client_By_ClientId_Post_Form_Parameter" computerName="V020705" duration="00:00:00.0009030" startTime="2025-04-30T09:12:20.9483891+02:00" endTime="2025-04-30T09:12:20.9492914+02:00" testType="13cdc9d9-ddb5-4fa4-a97d-d965ccfc6d4b" outcome="Passed" testListId="8c84fa94-04c1-424b-9868-57a2d4851a1d" relativeResultsDirectory="69495fbc-8b07-4d69-afd6-0650ffd92eff" />
    <UnitTestResult executionId="3197b1a9-446d-4b27-b180-c7ae84e9ec7c" testId="77efc003-7243-1d7f-825b-449b2f60ad9b" testName="Maps_RequireClientSecret(False)" computerName="V020705" duration="00:00:00.0001530" startTime="2025-04-30T09:12:22.8559057+02:00" endTime="2025-04-30T09:12:22.8560590+02:00" testType="13cdc9d9-ddb5-4fa4-a97d-d965ccfc6d4b" outcome="Passed" testListId="8c84fa94-04c1-424b-9868-57a2d4851a1d" relativeResultsDirectory="3197b1a9-446d-4b27-b180-c7ae84e9ec7c" />
    <UnitTestResult executionId="c5eca29e-152d-4785-b70a-511956f322ec" testId="96fc78af-a4e1-b1f1-7c21-1007a52a898f" testName="Returns_Not_Found_If_The_Users_With_The_Given_UserId_Can_Not_Be_Loaded" computerName="V020705" duration="00:00:00.0024930" startTime="2025-04-30T09:12:21.6800716+02:00" endTime="2025-04-30T09:12:21.6825642+02:00" testType="13cdc9d9-ddb5-4fa4-a97d-d965ccfc6d4b" outcome="Passed" testListId="8c84fa94-04c1-424b-9868-57a2d4851a1d" relativeResultsDirectory="c5eca29e-152d-4785-b70a-511956f322ec" />
    <UnitTestResult executionId="a1deb452-4f50-49a2-b959-15b6a993ab98" testId="acdd6ac9-427a-4e57-cba9-a0baf2c0b433" testName="Updates_Email" computerName="V020705" duration="00:00:00.0014679" startTime="2025-04-30T09:12:21.6495968+02:00" endTime="2025-04-30T09:12:21.6510641+02:00" testType="13cdc9d9-ddb5-4fa4-a97d-d965ccfc6d4b" outcome="Passed" testListId="8c84fa94-04c1-424b-9868-57a2d4851a1d" relativeResultsDirectory="a1deb452-4f50-49a2-b959-15b6a993ab98" />
    <UnitTestResult executionId="8109d86f-581c-4f0b-a245-6e2000b19922" testId="5e6a9871-87bc-97d5-1592-52aca0beb866" testName="User_Without_Password_Cannot_Lock_Account(null)" computerName="V020705" duration="00:00:00.0006300" startTime="2025-04-30T09:12:21.0579257+02:00" endTime="2025-04-30T09:12:21.0585552+02:00" testType="13cdc9d9-ddb5-4fa4-a97d-d965ccfc6d4b" outcome="Passed" testListId="8c84fa94-04c1-424b-9868-57a2d4851a1d" relativeResultsDirectory="8109d86f-581c-4f0b-a245-6e2000b19922" />
    <UnitTestResult executionId="f1e7443f-c75d-4f84-aff4-19a43204f2ae" testId="e9568d8a-b0e5-fef4-352a-4e331d4660e0" testName="Does_Not_Add_External_Claims_To_IdentityToken_When_Allowed_Scope_Not_Set" computerName="V020705" duration="00:00:00.0009660" startTime="2025-04-30T09:12:23.4590563+02:00" endTime="2025-04-30T09:12:23.4600220+02:00" testType="13cdc9d9-ddb5-4fa4-a97d-d965ccfc6d4b" outcome="Passed" testListId="8c84fa94-04c1-424b-9868-57a2d4851a1d" relativeResultsDirectory="f1e7443f-c75d-4f84-aff4-19a43204f2ae" />
    <UnitTestResult executionId="2cc384e5-b905-4966-8e6a-2eede533ff50" testId="13413643-149f-2512-56f8-26934b936506" testName="Returns_Login_Data" computerName="V020705" duration="00:00:00.0028540" startTime="2025-04-30T09:12:22.5103478+02:00" endTime="2025-04-30T09:12:22.5132019+02:00" testType="13cdc9d9-ddb5-4fa4-a97d-d965ccfc6d4b" outcome="Passed" testListId="8c84fa94-04c1-424b-9868-57a2d4851a1d" relativeResultsDirectory="2cc384e5-b905-4966-8e6a-2eede533ff50" />
    <UnitTestResult executionId="7afdc98e-7b3c-4347-aada-5f773f75c168" testId="d2b15857-f328-91dd-39bf-005811f071df" testName="Throws_Exception_When_Client_Could_Not_Be_Determined" computerName="V020705" duration="00:00:00.0016080" startTime="2025-04-30T09:12:21.2612850+02:00" endTime="2025-04-30T09:12:21.2628931+02:00" testType="13cdc9d9-ddb5-4fa4-a97d-d965ccfc6d4b" outcome="Passed" testListId="8c84fa94-04c1-424b-9868-57a2d4851a1d" relativeResultsDirectory="7afdc98e-7b3c-4347-aada-5f773f75c168" />
    <UnitTestResult executionId="d5425165-ba03-4b39-98dd-f92fbb8a8604" testId="1fe20fe9-16ae-6621-77dd-dc8930d165fe" testName="Throws_ArgumentException_When_Email_Is_Missing" computerName="V020705" duration="00:00:00.0019980" startTime="2025-04-30T09:12:20.6851547+02:00" endTime="2025-04-30T09:12:20.6871522+02:00" testType="13cdc9d9-ddb5-4fa4-a97d-d965ccfc6d4b" outcome="Passed" testListId="8c84fa94-04c1-424b-9868-57a2d4851a1d" relativeResultsDirectory="d5425165-ba03-4b39-98dd-f92fbb8a8604" />
    <UnitTestResult executionId="070f379f-c565-4f93-9601-c39cb05a2e31" testId="016b7609-3f86-9fd9-0659-94711ffbb715" testName="Returns_BadRequest_If_The_Users_Email_Is_Already_Confirmed" computerName="V020705" duration="00:00:00.0017330" startTime="2025-04-30T09:12:21.6783079+02:00" endTime="2025-04-30T09:12:21.6800406+02:00" testType="13cdc9d9-ddb5-4fa4-a97d-d965ccfc6d4b" outcome="Passed" testListId="8c84fa94-04c1-424b-9868-57a2d4851a1d" relativeResultsDirectory="070f379f-c565-4f93-9601-c39cb05a2e31" />
    <UnitTestResult executionId="0f4e8715-207b-45ff-9109-5dc06fdf0c9c" testId="ab0a3840-25ad-a36f-bf99-248d995cfec7" testName="Returns_ResponseText_For_Bad_Word(&quot;/Account/Login?ReturnUrl=-5281%20UNION%20ALL%20SELECT%2063%2C63%2C63%2C63%2C63%2C63%2C63%2C63%2C63%2C63%23&quot;)" computerName="V020705" duration="00:00:00.0009560" startTime="2025-04-30T09:12:22.9396977+02:00" endTime="2025-04-30T09:12:22.9406534+02:00" testType="13cdc9d9-ddb5-4fa4-a97d-d965ccfc6d4b" outcome="Passed" testListId="8c84fa94-04c1-424b-9868-57a2d4851a1d" relativeResultsDirectory="0f4e8715-207b-45ff-9109-5dc06fdf0c9c" />
    <UnitTestResult executionId="f1475d6f-63db-4a02-9bfe-61406b7a77be" testId="cacf72ba-9af1-b56d-304a-0cf952862961" testName="Use_Fallback_When_SenderType_Is_Unknown" computerName="V020705" duration="00:00:00.0014430" startTime="2025-04-30T09:12:21.2999825+02:00" endTime="2025-04-30T09:12:21.3014251+02:00" testType="13cdc9d9-ddb5-4fa4-a97d-d965ccfc6d4b" outcome="Passed" testListId="8c84fa94-04c1-424b-9868-57a2d4851a1d" relativeResultsDirectory="f1475d6f-63db-4a02-9bfe-61406b7a77be" />
    <UnitTestResult executionId="14cac577-035c-40c3-802c-c04bb1100b6f" testId="a9be590d-6ec2-0ec6-add0-50629978e822" testName="Calls_Base" computerName="V020705" duration="00:00:00.0033640" startTime="2025-04-30T09:12:23.4355466+02:00" endTime="2025-04-30T09:12:23.4389104+02:00" testType="13cdc9d9-ddb5-4fa4-a97d-d965ccfc6d4b" outcome="Passed" testListId="8c84fa94-04c1-424b-9868-57a2d4851a1d" relativeResultsDirectory="14cac577-035c-40c3-802c-c04bb1100b6f" />
    <UnitTestResult executionId="983e533e-b990-4efb-bee8-7046aac0f1ff" testId="d79aaa8d-5865-9e27-5077-8b4c39a02c3e" testName="Returns_False_For_Call_Without_Api_Prefix" computerName="V020705" duration="00:00:00.0002280" startTime="2025-04-30T09:12:22.5479142+02:00" endTime="2025-04-30T09:12:22.5481421+02:00" testType="13cdc9d9-ddb5-4fa4-a97d-d965ccfc6d4b" outcome="Passed" testListId="8c84fa94-04c1-424b-9868-57a2d4851a1d" relativeResultsDirectory="983e533e-b990-4efb-bee8-7046aac0f1ff" />
    <UnitTestResult executionId="7235aef3-bb88-45ab-ab44-9dfbdaf55018" testId="5eb7a2e8-a16e-b6bc-65f5-d1e683aececf" testName="Returns_True_For_Api_Call" computerName="V020705" duration="00:00:00.0000660" startTime="2025-04-30T09:12:22.5481504+02:00" endTime="2025-04-30T09:12:22.5482168+02:00" testType="13cdc9d9-ddb5-4fa4-a97d-d965ccfc6d4b" outcome="Passed" testListId="8c84fa94-04c1-424b-9868-57a2d4851a1d" relativeResultsDirectory="7235aef3-bb88-45ab-ab44-9dfbdaf55018" />
    <UnitTestResult executionId="4837fc6c-78a0-4f79-a96e-2e6b5ac6ad2f" testId="5aa6890c-994d-7aaa-da93-fb83ef61a3a2" testName="Removes_Helper_Attributes" computerName="V020705" duration="00:00:00.0009660" startTime="2025-04-30T09:12:23.9166263+02:00" endTime="2025-04-30T09:12:23.9175915+02:00" testType="13cdc9d9-ddb5-4fa4-a97d-d965ccfc6d4b" outcome="Passed" testListId="8c84fa94-04c1-424b-9868-57a2d4851a1d" relativeResultsDirectory="4837fc6c-78a0-4f79-a96e-2e6b5ac6ad2f" />
    <UnitTestResult executionId="84e0b033-c5ae-4bb7-aec2-3dbd48bdbbfc" testId="6a561465-9c3c-9ece-7c32-2864747b9785" testName="Sets_Class_If_Href_Is_Current_Action" computerName="V020705" duration="00:00:00.0014180" startTime="2025-04-30T09:12:23.9078099+02:00" endTime="2025-04-30T09:12:23.9092279+02:00" testType="13cdc9d9-ddb5-4fa4-a97d-d965ccfc6d4b" outcome="Passed" testListId="8c84fa94-04c1-424b-9868-57a2d4851a1d" relativeResultsDirectory="84e0b033-c5ae-4bb7-aec2-3dbd48bdbbfc" />
    <UnitTestResult executionId="0034afc3-ef67-407f-a1b9-9fcbf6df766d" testId="6b8d4bc4-14fb-0135-c9ec-d99bf8889cea" testName="Replaces_Group_Claims_With_Names" computerName="V020705" duration="00:00:00.0010480" startTime="2025-04-30T09:12:22.7912165+02:00" endTime="2025-04-30T09:12:22.7922642+02:00" testType="13cdc9d9-ddb5-4fa4-a97d-d965ccfc6d4b" outcome="Passed" testListId="8c84fa94-04c1-424b-9868-57a2d4851a1d" relativeResultsDirectory="0034afc3-ef67-407f-a1b9-9fcbf6df766d" />
    <UnitTestResult executionId="1a7e95f1-cf1d-4d06-83f0-652e2dcf0c5d" testId="c94f057b-07a4-1f71-c0f8-140a35175d38" testName="Creates_New_User_If_Not_Exists" computerName="V020705" duration="00:00:00.0044130" startTime="2025-04-30T09:12:22.1910354+02:00" endTime="2025-04-30T09:12:22.1954476+02:00" testType="13cdc9d9-ddb5-4fa4-a97d-d965ccfc6d4b" outcome="Passed" testListId="8c84fa94-04c1-424b-9868-57a2d4851a1d" relativeResultsDirectory="1a7e95f1-cf1d-4d06-83f0-652e2dcf0c5d" />
    <UnitTestResult executionId="9e08f8dc-a44d-4e61-a95a-4794cf1fc22a" testId="882b56b3-6aec-d8ed-b8fc-22aadc6107e1" testName="Login_Is_Blocked_With_Incorrect_Password_When_Max_Attempt_Is_Reached" computerName="V020705" duration="00:00:00.0054390" startTime="2025-04-30T09:12:21.0294408+02:00" endTime="2025-04-30T09:12:21.0348792+02:00" testType="13cdc9d9-ddb5-4fa4-a97d-d965ccfc6d4b" outcome="Passed" testListId="8c84fa94-04c1-424b-9868-57a2d4851a1d" relativeResultsDirectory="9e08f8dc-a44d-4e61-a95a-4794cf1fc22a" />
    <UnitTestResult executionId="136da123-bcf0-4d7f-8e68-7259a1190f68" testId="f78c8558-e657-ab4c-302d-eedfc3d94677" testName="Maps_ExtendedClient_With_ClientType_By_GrantType(&quot;urn:ietf:params:oauth:grant-type:device_code&quot;,Device)" computerName="V020705" duration="00:00:00.0000250" startTime="2025-04-30T09:12:22.8594831+02:00" endTime="2025-04-30T09:12:22.8595079+02:00" testType="13cdc9d9-ddb5-4fa4-a97d-d965ccfc6d4b" outcome="Passed" testListId="8c84fa94-04c1-424b-9868-57a2d4851a1d" relativeResultsDirectory="136da123-bcf0-4d7f-8e68-7259a1190f68" />
    <UnitTestResult executionId="ef380670-3987-412c-a197-27d5d8aa9cd1" testId="e12ce9f8-af9f-b5c7-c3c3-01b19ae3366a" testName="Calls_TemplateEngine_And_Sender" computerName="V020705" duration="00:00:00.0012179" startTime="2025-04-30T09:12:23.6165304+02:00" endTime="2025-04-30T09:12:23.6177481+02:00" testType="13cdc9d9-ddb5-4fa4-a97d-d965ccfc6d4b" outcome="Passed" testListId="8c84fa94-04c1-424b-9868-57a2d4851a1d" relativeResultsDirectory="ef380670-3987-412c-a197-27d5d8aa9cd1" />
    <UnitTestResult executionId="3b7ea34a-dcd5-4b5d-90f6-e405d67fc348" testId="766fb6b7-493e-5422-64df-27442a83402c" testName="Unconfirmed_Email_User_Dont_Retrieve_ResetPassword_Mails" computerName="V020705" duration="00:00:00.0017180" startTime="2025-04-30T09:12:21.4581680+02:00" endTime="2025-04-30T09:12:21.4598854+02:00" testType="13cdc9d9-ddb5-4fa4-a97d-d965ccfc6d4b" outcome="Passed" testListId="8c84fa94-04c1-424b-9868-57a2d4851a1d" relativeResultsDirectory="3b7ea34a-dcd5-4b5d-90f6-e405d67fc348" />
    <UnitTestResult executionId="b0e08048-e3c7-4e3c-8936-8546d26c462e" testId="035fffe7-2436-d8c0-b498-9902ff916d65" testName="Redirects_To_Detail_When_Save_Is_Done" computerName="V020705" duration="00:00:00.0021059" startTime="2025-04-30T09:12:22.2430782+02:00" endTime="2025-04-30T09:12:22.2451836+02:00" testType="13cdc9d9-ddb5-4fa4-a97d-d965ccfc6d4b" outcome="Passed" testListId="8c84fa94-04c1-424b-9868-57a2d4851a1d" relativeResultsDirectory="b0e08048-e3c7-4e3c-8936-8546d26c462e" />
    <UnitTestResult executionId="58fb1132-b3b7-47fe-bfe4-49464e771299" testId="c234174d-dfe3-e113-78bc-03ed400fd81b" testName="Returns_InternetExplorer(&quot;Mozilla/5.0 (compatible; MSIE 10.0; Windows NT 6.1; WOW64; Trident/6.0)&quot;)" computerName="V020705" duration="00:00:00.0195500" startTime="2025-04-30T09:12:23.2949909+02:00" endTime="2025-04-30T09:12:23.3145391+02:00" testType="13cdc9d9-ddb5-4fa4-a97d-d965ccfc6d4b" outcome="Passed" testListId="8c84fa94-04c1-424b-9868-57a2d4851a1d" relativeResultsDirectory="58fb1132-b3b7-47fe-bfe4-49464e771299" />
    <UnitTestResult executionId="a0d4d6fe-8d5b-4dd5-bd93-4e736ec61ff0" testId="9380c603-106a-e81d-0961-a24a5f0fbc64" testName="Throws_Exception_When_Client_Could_Not_Be_Determined" computerName="V020705" duration="00:00:00.0017630" startTime="2025-04-30T09:12:21.2547209+02:00" endTime="2025-04-30T09:12:21.2564835+02:00" testType="13cdc9d9-ddb5-4fa4-a97d-d965ccfc6d4b" outcome="Passed" testListId="8c84fa94-04c1-424b-9868-57a2d4851a1d" relativeResultsDirectory="a0d4d6fe-8d5b-4dd5-bd93-4e736ec61ff0" />
    <UnitTestResult executionId="4e1f779a-008e-4b19-b5ac-dd8d17505c07" testId="b5f5f5fd-5ad7-631d-7802-654c4c420bdb" testName="Does_Not_Set_Class_If_Include_Is_False" computerName="V020705" duration="00:00:00.0012870" startTime="2025-04-30T09:12:23.9222940+02:00" endTime="2025-04-30T09:12:23.9235814+02:00" testType="13cdc9d9-ddb5-4fa4-a97d-d965ccfc6d4b" outcome="Passed" testListId="8c84fa94-04c1-424b-9868-57a2d4851a1d" relativeResultsDirectory="4e1f779a-008e-4b19-b5ac-dd8d17505c07" />
    <UnitTestResult executionId="87f58b68-37f5-48b0-a898-0f789de9a66b" testId="0d19ad27-66f8-e062-5c51-8dd7f3644128" testName="Gets_No_Client_By_Client_Id_Query_Parameter_When_Id_Is_Unknown" computerName="V020705" duration="00:00:00.0016010" startTime="2025-04-30T09:12:20.9347499+02:00" endTime="2025-04-30T09:12:20.9363506+02:00" testType="13cdc9d9-ddb5-4fa4-a97d-d965ccfc6d4b" outcome="Passed" testListId="8c84fa94-04c1-424b-9868-57a2d4851a1d" relativeResultsDirectory="87f58b68-37f5-48b0-a898-0f789de9a66b" />
    <UnitTestResult executionId="72d3b144-895a-45b8-9a7c-ea688705f538" testId="e44bf6b7-7f3f-a7ad-8d0d-3968c7cf261c" testName="Throws_ArgumentNull_Exception_When_Calims_Is_Null" computerName="V020705" duration="00:00:00.0003110" startTime="2025-04-30T09:12:23.6058123+02:00" endTime="2025-04-30T09:12:23.6061230+02:00" testType="13cdc9d9-ddb5-4fa4-a97d-d965ccfc6d4b" outcome="Passed" testListId="8c84fa94-04c1-424b-9868-57a2d4851a1d" relativeResultsDirectory="72d3b144-895a-45b8-9a7c-ea688705f538" />
    <UnitTestResult executionId="c15bb402-8b79-4e8a-a972-e59a0c170fb0" testId="45ca05c2-9c00-6a81-fbe7-b245b2f079a8" testName="Calls_Inner_Service" computerName="V020705" duration="00:00:00.0058750" startTime="2025-04-30T09:12:23.8651460+02:00" endTime="2025-04-30T09:12:23.8710207+02:00" testType="13cdc9d9-ddb5-4fa4-a97d-d965ccfc6d4b" outcome="Passed" testListId="8c84fa94-04c1-424b-9868-57a2d4851a1d" relativeResultsDirectory="c15bb402-8b79-4e8a-a972-e59a0c170fb0" />
    <UnitTestResult executionId="cdc970f0-39ca-477b-89d6-a59ced8cdad3" testId="ff6d1db6-f6c1-879f-7d79-e776a025e26b" testName="External_User_Cannot_Login_Without_PasswordSet" computerName="V020705" duration="00:00:00.0023470" startTime="2025-04-30T09:12:21.4909932+02:00" endTime="2025-04-30T09:12:21.4933394+02:00" testType="13cdc9d9-ddb5-4fa4-a97d-d965ccfc6d4b" outcome="Passed" testListId="8c84fa94-04c1-424b-9868-57a2d4851a1d" relativeResultsDirectory="cdc970f0-39ca-477b-89d6-a59ced8cdad3" />
    <UnitTestResult executionId="cce935eb-641e-4c85-9162-dfb824dca366" testId="2bdb6bfe-20b7-7a99-b4bc-e6c29dda2950" testName="Returns_Failure_If_Password_IsListed" computerName="V020705" duration="00:00:00.0020900" startTime="2025-04-30T09:12:21.3229496+02:00" endTime="2025-04-30T09:12:21.3250394+02:00" testType="13cdc9d9-ddb5-4fa4-a97d-d965ccfc6d4b" outcome="Passed" testListId="8c84fa94-04c1-424b-9868-57a2d4851a1d" relativeResultsDirectory="cce935eb-641e-4c85-9162-dfb824dca366" />
    <UnitTestResult executionId="eb492d0d-131e-4b93-bb2b-c0da06aea4fb" testId="4127e191-40b3-0a9b-b7b7-2558916aa730" testName="Throws_ArgumentNull_Exception_When_Calims_Is_Null" computerName="V020705" duration="00:00:00.0003010" startTime="2025-04-30T09:12:23.8756747+02:00" endTime="2025-04-30T09:12:23.8759757+02:00" testType="13cdc9d9-ddb5-4fa4-a97d-d965ccfc6d4b" outcome="Passed" testListId="8c84fa94-04c1-424b-9868-57a2d4851a1d" relativeResultsDirectory="eb492d0d-131e-4b93-bb2b-c0da06aea4fb" />
    <UnitTestResult executionId="3c7682cb-b433-47cb-b217-9242e0c964f3" testId="0effb666-e3ae-84c2-58e7-66ca8c3c064d" testName="Returns_True_For_Valid_Email(&quot;test@hans.com&quot;)" computerName="V020705" duration="00:00:00.0001190" startTime="2025-04-30T09:12:22.5475792+02:00" endTime="2025-04-30T09:12:22.5476980+02:00" testType="13cdc9d9-ddb5-4fa4-a97d-d965ccfc6d4b" outcome="Passed" testListId="8c84fa94-04c1-424b-9868-57a2d4851a1d" relativeResultsDirectory="3c7682cb-b433-47cb-b217-9242e0c964f3" />
    <UnitTestResult executionId="2d8edfa6-a4d9-4344-b637-4affc553125c" testId="db6464c4-7cca-33d8-a2d4-79229832bc64" testName="Updates_Already_Existing_User_By_Email_From_Azure_AD" computerName="V020705" duration="00:00:00.0026430" startTime="2025-04-30T09:12:23.6472265+02:00" endTime="2025-04-30T09:12:23.6498690+02:00" testType="13cdc9d9-ddb5-4fa4-a97d-d965ccfc6d4b" outcome="Passed" testListId="8c84fa94-04c1-424b-9868-57a2d4851a1d" relativeResultsDirectory="2d8edfa6-a4d9-4344-b637-4affc553125c" />
    <UnitTestResult executionId="7ed6969d-1a7c-4858-a99f-63fbf62c4f01" testId="e5df954f-edfd-05a4-999e-22e7b05eefe3" testName="Returns_False_For_Invalid_Email(&quot;,startswitcomma@test.com&quot;)" computerName="V020705" duration="00:00:00.0001100" startTime="2025-04-30T09:12:22.5474125+02:00" endTime="2025-04-30T09:12:22.5475222+02:00" testType="13cdc9d9-ddb5-4fa4-a97d-d965ccfc6d4b" outcome="Passed" testListId="8c84fa94-04c1-424b-9868-57a2d4851a1d" relativeResultsDirectory="7ed6969d-1a7c-4858-a99f-63fbf62c4f01" />
    <UnitTestResult executionId="81f10758-630c-4abc-bf94-ec82b0285e14" testId="1ed1abc9-4b58-61b7-1623-8ca651df1bd6" testName="Adds_Class_If_Href_Is_Current_Action_And_Other_Class_Was_Already_Set" computerName="V020705" duration="00:00:00.0272970" startTime="2025-04-30T09:12:23.8762758+02:00" endTime="2025-04-30T09:12:23.9035713+02:00" testType="13cdc9d9-ddb5-4fa4-a97d-d965ccfc6d4b" outcome="Passed" testListId="8c84fa94-04c1-424b-9868-57a2d4851a1d" relativeResultsDirectory="81f10758-630c-4abc-bf94-ec82b0285e14" />
    <UnitTestResult executionId="5b169d96-34f2-4547-94c8-7d4b6a20692d" testId="72c8c6ca-f8d6-3ec1-6cdd-0a24162403cd" testName="Logs_UserName_On_Remembered_State" computerName="V020705" duration="00:00:00.0019010" startTime="2025-04-30T09:12:22.9490612+02:00" endTime="2025-04-30T09:12:22.9509616+02:00" testType="13cdc9d9-ddb5-4fa4-a97d-d965ccfc6d4b" outcome="Passed" testListId="8c84fa94-04c1-424b-9868-57a2d4851a1d" relativeResultsDirectory="5b169d96-34f2-4547-94c8-7d4b6a20692d" />
    <UnitTestResult executionId="bf4949cc-7450-4444-b94f-04900087cb8e" testId="6a71bda2-d1d5-a945-9450-d256808cdab2" testName="Calls_Configuration_With_Modern_Uris" computerName="V020705" duration="00:00:00.0011310" startTime="2025-04-30T09:12:22.8053057+02:00" endTime="2025-04-30T09:12:22.8064359+02:00" testType="13cdc9d9-ddb5-4fa4-a97d-d965ccfc6d4b" outcome="Passed" testListId="8c84fa94-04c1-424b-9868-57a2d4851a1d" relativeResultsDirectory="bf4949cc-7450-4444-b94f-04900087cb8e" />
    <UnitTestResult executionId="c3c28079-60ed-4271-814b-60cf9977b79e" testId="5f807ae8-a66a-084b-d722-f4b02e8eee6a" testName="DoesNot_Throw_Exception_When_LastName_Is_Null" computerName="V020705" duration="00:00:00.0013150" startTime="2025-04-30T09:12:21.3498500+02:00" endTime="2025-04-30T09:12:21.3511647+02:00" testType="13cdc9d9-ddb5-4fa4-a97d-d965ccfc6d4b" outcome="Passed" testListId="8c84fa94-04c1-424b-9868-57a2d4851a1d" relativeResultsDirectory="c3c28079-60ed-4271-814b-60cf9977b79e" />
    <UnitTestResult executionId="d25c5fa4-43b1-458f-bf28-06e28a717c55" testId="7c95c2fd-ae2b-5459-e91e-0f7f6217328a" testName="Calls_Service_To_Retrieve_Entity" computerName="V020705" duration="00:00:00.0010970" startTime="2025-04-30T09:12:22.2505744+02:00" endTime="2025-04-30T09:12:22.2516712+02:00" testType="13cdc9d9-ddb5-4fa4-a97d-d965ccfc6d4b" outcome="Passed" testListId="8c84fa94-04c1-424b-9868-57a2d4851a1d" relativeResultsDirectory="d25c5fa4-43b1-458f-bf28-06e28a717c55" />
    <UnitTestResult executionId="1b23f340-963b-4207-a1bc-c19f544d6ccd" testId="9e11f875-debd-1505-60a0-dfad565f8ccf" testName="Returns_LoginProviders_That_Are_About_To_Expire_Within_The_Requested_Period(-14)" computerName="V020705" duration="00:00:00.0005760" startTime="2025-04-30T09:12:23.5219832+02:00" endTime="2025-04-30T09:12:23.5225590+02:00" testType="13cdc9d9-ddb5-4fa4-a97d-d965ccfc6d4b" outcome="Passed" testListId="8c84fa94-04c1-424b-9868-57a2d4851a1d" relativeResultsDirectory="1b23f340-963b-4207-a1bc-c19f544d6ccd" />
    <UnitTestResult executionId="bd4ecc26-1833-4ccf-8879-a4743fe1f699" testId="2d7ee349-8ef1-e5e7-ae84-87d04a84286c" testName="Updates_User_FirstName" computerName="V020705" duration="00:00:00.0008100" startTime="2025-04-30T09:12:21.2474128+02:00" endTime="2025-04-30T09:12:21.2482229+02:00" testType="13cdc9d9-ddb5-4fa4-a97d-d965ccfc6d4b" outcome="Passed" testListId="8c84fa94-04c1-424b-9868-57a2d4851a1d" relativeResultsDirectory="bd4ecc26-1833-4ccf-8879-a4743fe1f699" />
    <UnitTestResult executionId="7598ed1a-6759-428f-a202-b61b19bdf130" testId="90ce1d9c-cd93-46b7-bdb8-202171564fe5" testName="Throws_ArgumentNull_Exception_When_Mapping_Is_Null" computerName="V020705" duration="00:00:00.0001910" startTime="2025-04-30T09:12:23.6061352+02:00" endTime="2025-04-30T09:12:23.6063260+02:00" testType="13cdc9d9-ddb5-4fa4-a97d-d965ccfc6d4b" outcome="Passed" testListId="8c84fa94-04c1-424b-9868-57a2d4851a1d" relativeResultsDirectory="7598ed1a-6759-428f-a202-b61b19bdf130" />
    <UnitTestResult executionId="ec7fbfe5-9c4b-4284-8e0d-c005f978c66e" testId="c4ef35a4-679f-a674-4b82-622aacda97b2" testName="Returns_User_Actor_For_Oidc_Auth" computerName="V020705" duration="00:00:00.0081420" startTime="2025-04-30T09:12:22.9825294+02:00" endTime="2025-04-30T09:12:22.9906714+02:00" testType="13cdc9d9-ddb5-4fa4-a97d-d965ccfc6d4b" outcome="Passed" testListId="8c84fa94-04c1-424b-9868-57a2d4851a1d" relativeResultsDirectory="ec7fbfe5-9c4b-4284-8e0d-c005f978c66e" />
    <UnitTestResult executionId="73436e1a-ba9d-4c17-82ec-7e5a0e239fc7" testId="9f2b9801-065c-e8fe-e41c-9690aff1d0d9" testName="Calls_Inner_Service" computerName="V020705" duration="00:00:00.0140450" startTime="2025-04-30T09:12:23.5826839+02:00" endTime="2025-04-30T09:12:23.5967279+02:00" testType="13cdc9d9-ddb5-4fa4-a97d-d965ccfc6d4b" outcome="Passed" testListId="8c84fa94-04c1-424b-9868-57a2d4851a1d" relativeResultsDirectory="73436e1a-ba9d-4c17-82ec-7e5a0e239fc7" />
    <UnitTestResult executionId="fff5262c-cd13-42f4-8ad0-0edaa10ad7fa" testId="20edbb7c-7cb2-c999-d11d-a50f128f5c69" testName="Maps_ExtendedClient_With_Defined_ClientType" computerName="V020705" duration="00:00:00.0002500" startTime="2025-04-30T09:12:22.8599096+02:00" endTime="2025-04-30T09:12:22.8601600+02:00" testType="13cdc9d9-ddb5-4fa4-a97d-d965ccfc6d4b" outcome="Passed" testListId="8c84fa94-04c1-424b-9868-57a2d4851a1d" relativeResultsDirectory="fff5262c-cd13-42f4-8ad0-0edaa10ad7fa" />
    <UnitTestResult executionId="8f20893c-aedd-4be9-85a4-2c5e7e69ba73" testId="21481b40-f0f4-0dd8-8f57-e6b72cd822c5" testName="External_User_Cannot_Change_Password" computerName="V020705" duration="00:00:00.0031140" startTime="2025-04-30T09:12:21.0676764+02:00" endTime="2025-04-30T09:12:21.0707897+02:00" testType="13cdc9d9-ddb5-4fa4-a97d-d965ccfc6d4b" outcome="Passed" testListId="8c84fa94-04c1-424b-9868-57a2d4851a1d" relativeResultsDirectory="8f20893c-aedd-4be9-85a4-2c5e7e69ba73" />
    <UnitTestResult executionId="c1fe9fe8-747f-4137-8906-1cb3e70c1a75" testId="94815824-b609-8aa0-e387-b9efda9307df" testName="Maps_Claims_To_Model" computerName="V020705" duration="00:00:00.0009800" startTime="2025-04-30T09:12:22.8733544+02:00" endTime="2025-04-30T09:12:22.8743343+02:00" testType="13cdc9d9-ddb5-4fa4-a97d-d965ccfc6d4b" outcome="Passed" testListId="8c84fa94-04c1-424b-9868-57a2d4851a1d" relativeResultsDirectory="c1fe9fe8-747f-4137-8906-1cb3e70c1a75" />
    <UnitTestResult executionId="d92789b2-6881-4b9c-9e12-5d616f1aa5f2" testId="fccd3cd4-9447-55a4-9c9f-2b9349b75b3e" testName="Returns_BadRequest_If_FirstName_Update_Failed" computerName="V020705" duration="00:00:00.0012700" startTime="2025-04-30T09:12:21.6422348+02:00" endTime="2025-04-30T09:12:21.6435044+02:00" testType="13cdc9d9-ddb5-4fa4-a97d-d965ccfc6d4b" outcome="Passed" testListId="8c84fa94-04c1-424b-9868-57a2d4851a1d" relativeResultsDirectory="d92789b2-6881-4b9c-9e12-5d616f1aa5f2" />
    <UnitTestResult executionId="e0aa8ca8-2f78-43ce-a6db-6899914b4c6f" testId="787c326a-e481-1b04-0db0-d7881a1a4541" testName="Returns_Failure_If_Password_Contains_Less_Than_3_Unique_Chars(&quot;ooooo11111&quot;)" computerName="V020705" duration="00:00:00.0006669" startTime="2025-04-30T09:12:21.3309092+02:00" endTime="2025-04-30T09:12:21.3315759+02:00" testType="13cdc9d9-ddb5-4fa4-a97d-d965ccfc6d4b" outcome="Passed" testListId="8c84fa94-04c1-424b-9868-57a2d4851a1d" relativeResultsDirectory="e0aa8ca8-2f78-43ce-a6db-6899914b4c6f" />
    <UnitTestResult executionId="53e4ecba-86e5-40f3-b646-f7047c36efe1" testId="7e4f6211-3228-c2ee-c8a6-0ce6cb409396" testName="Does_Not_Throw_Exception_On_Null_Clients" computerName="V020705" duration="00:00:00.0050060" startTime="2025-04-30T09:12:22.6755755+02:00" endTime="2025-04-30T09:12:22.6805807+02:00" testType="13cdc9d9-ddb5-4fa4-a97d-d965ccfc6d4b" outcome="Passed" testListId="8c84fa94-04c1-424b-9868-57a2d4851a1d" relativeResultsDirectory="53e4ecba-86e5-40f3-b646-f7047c36efe1" />
    <UnitTestResult executionId="7f0d861d-ba06-4b77-9f8b-47facb1ac6bc" testId="f6109392-fb70-28f2-88ea-b39a779781c1" testName="Returns_A_Url_To_The_Email_Confirm_Endpoint_Of_Identity_Server" computerName="V020705" duration="00:00:00.0024359" startTime="2025-04-30T09:12:21.6702429+02:00" endTime="2025-04-30T09:12:21.6726787+02:00" testType="13cdc9d9-ddb5-4fa4-a97d-d965ccfc6d4b" outcome="Passed" testListId="8c84fa94-04c1-424b-9868-57a2d4851a1d" relativeResultsDirectory="7f0d861d-ba06-4b77-9f8b-47facb1ac6bc" />
    <UnitTestResult executionId="c00ce258-05a5-463a-b16b-147b4443bef2" testId="1996e574-e07c-e226-730a-1ea8fa2857ee" testName="Calls_Inner_Service" computerName="V020705" duration="00:00:00.0013620" startTime="2025-04-30T09:12:23.4564463+02:00" endTime="2025-04-30T09:12:23.4578077+02:00" testType="13cdc9d9-ddb5-4fa4-a97d-d965ccfc6d4b" outcome="Passed" testListId="8c84fa94-04c1-424b-9868-57a2d4851a1d" relativeResultsDirectory="c00ce258-05a5-463a-b16b-147b4443bef2" />
    <UnitTestResult executionId="ccb20895-f4c0-4a0e-8c7d-1779e1e4b36f" testId="b32b87f6-ecde-df3e-10e8-19bda261fd40" testName="Use_Last_Configured_Period" computerName="V020705" duration="00:00:00.0015620" startTime="2025-04-30T09:12:23.0337586+02:00" endTime="2025-04-30T09:12:23.0353201+02:00" testType="13cdc9d9-ddb5-4fa4-a97d-d965ccfc6d4b" outcome="Passed" testListId="8c84fa94-04c1-424b-9868-57a2d4851a1d" relativeResultsDirectory="ccb20895-f4c0-4a0e-8c7d-1779e1e4b36f" />
    <UnitTestResult executionId="3ff57408-c338-4379-ab5c-a619788b6be0" testId="8e0cbfbd-fdb6-57c3-a726-6bc2782e8b2c" testName="Writes_Login_To_UserLogins" computerName="V020705" duration="00:00:00.0047760" startTime="2025-04-30T09:12:21.0100163+02:00" endTime="2025-04-30T09:12:21.0147917+02:00" testType="13cdc9d9-ddb5-4fa4-a97d-d965ccfc6d4b" outcome="Passed" testListId="8c84fa94-04c1-424b-9868-57a2d4851a1d" relativeResultsDirectory="3ff57408-c338-4379-ab5c-a619788b6be0" />
    <UnitTestResult executionId="676e7da6-aed5-4cd7-94ba-9ed5b75579b7" testId="940c5ed3-ea45-f8e5-c14f-fb8fe7d2605d" testName="Calls_InformationRetriever_With_Email" computerName="V020705" duration="00:00:00.0023690" startTime="2025-04-30T09:12:20.7266729+02:00" endTime="2025-04-30T09:12:20.7290414+02:00" testType="13cdc9d9-ddb5-4fa4-a97d-d965ccfc6d4b" outcome="Passed" testListId="8c84fa94-04c1-424b-9868-57a2d4851a1d" relativeResultsDirectory="676e7da6-aed5-4cd7-94ba-9ed5b75579b7" />
    <UnitTestResult executionId="d5a0a350-61c9-4382-a6e7-6360b802b316" testId="842ff1bc-0cee-8515-bb88-73e2a8c774b3" testName="Returns_BadRequest_If_Failed" computerName="V020705" duration="00:00:00.0014840" startTime="2025-04-30T09:12:21.6235735+02:00" endTime="2025-04-30T09:12:21.6250574+02:00" testType="13cdc9d9-ddb5-4fa4-a97d-d965ccfc6d4b" outcome="Passed" testListId="8c84fa94-04c1-424b-9868-57a2d4851a1d" relativeResultsDirectory="d5a0a350-61c9-4382-a6e7-6360b802b316" />
    <UnitTestResult executionId="312b518a-3a81-4868-bd5a-6897151459d8" testId="7f6dfb1b-ca45-b487-75bd-70165a277319" testName="Calls_Graph_Api_On_OnTokenValidated_When_ResolveGroupNames_Is_Set" computerName="V020705" duration="00:00:00.0116100" startTime="2025-04-30T09:12:22.7685876+02:00" endTime="2025-04-30T09:12:22.7801967+02:00" testType="13cdc9d9-ddb5-4fa4-a97d-d965ccfc6d4b" outcome="Passed" testListId="8c84fa94-04c1-424b-9868-57a2d4851a1d" relativeResultsDirectory="312b518a-3a81-4868-bd5a-6897151459d8" />
    <UnitTestResult executionId="18bb3ba4-c09d-43a8-8b9e-5530f698c69b" testId="5320f24d-593d-c9de-aaa2-5c0a337f5bc5" testName="Calls_Provider_With_New_Password" computerName="V020705" duration="00:00:00.0015380" startTime="2025-04-30T09:12:21.5919618+02:00" endTime="2025-04-30T09:12:21.5934993+02:00" testType="13cdc9d9-ddb5-4fa4-a97d-d965ccfc6d4b" outcome="Passed" testListId="8c84fa94-04c1-424b-9868-57a2d4851a1d" relativeResultsDirectory="18bb3ba4-c09d-43a8-8b9e-5530f698c69b" />
    <UnitTestResult executionId="2560db6b-73da-47dc-af66-6b09fb387b74" testId="874b7f37-0ed8-00eb-30df-7ff1d0736199" testName="Throws_ArgumentException_When_Renderer_Is_Null" computerName="V020705" duration="00:00:00.0004090" startTime="2025-04-30T09:12:22.7039358+02:00" endTime="2025-04-30T09:12:22.7043447+02:00" testType="13cdc9d9-ddb5-4fa4-a97d-d965ccfc6d4b" outcome="Passed" testListId="8c84fa94-04c1-424b-9868-57a2d4851a1d" relativeResultsDirectory="2560db6b-73da-47dc-af66-6b09fb387b74" />
    <UnitTestResult executionId="cdc2eb2a-b435-4bf6-acb8-f6736f92e4df" testId="91e342e3-5ba7-ad48-4004-6a41fbc33bcf" testName="Finds_User_By_Email" computerName="V020705" duration="00:00:00.0011540" startTime="2025-04-30T09:12:21.6256341+02:00" endTime="2025-04-30T09:12:21.6267879+02:00" testType="13cdc9d9-ddb5-4fa4-a97d-d965ccfc6d4b" outcome="Passed" testListId="8c84fa94-04c1-424b-9868-57a2d4851a1d" relativeResultsDirectory="cdc2eb2a-b435-4bf6-acb8-f6736f92e4df" />
    <UnitTestResult executionId="819444e5-9eb9-4d70-b371-f63648a1863d" testId="c550e7b4-e70a-1706-67cd-860c7cf9ee07" testName="Finds_User_By_Id" computerName="V020705" duration="00:00:00.0007370" startTime="2025-04-30T09:12:21.6268171+02:00" endTime="2025-04-30T09:12:21.6275534+02:00" testType="13cdc9d9-ddb5-4fa4-a97d-d965ccfc6d4b" outcome="Passed" testListId="8c84fa94-04c1-424b-9868-57a2d4851a1d" relativeResultsDirectory="819444e5-9eb9-4d70-b371-f63648a1863d" />
    <UnitTestResult executionId="5c166a28-3f6f-414e-8cc8-1762da42f9ad" testId="2fc52daf-6577-077b-56c4-c4802bc03de6" testName="Returns_Information_For_AzureAD" computerName="V020705" duration="00:00:00.0009640" startTime="2025-04-30T09:12:23.4979919+02:00" endTime="2025-04-30T09:12:23.4989556+02:00" testType="13cdc9d9-ddb5-4fa4-a97d-d965ccfc6d4b" outcome="Passed" testListId="8c84fa94-04c1-424b-9868-57a2d4851a1d" relativeResultsDirectory="5c166a28-3f6f-414e-8cc8-1762da42f9ad" />
    <UnitTestResult executionId="17815a0a-493d-4886-8ab5-1277c7c66fb5" testId="9329ee56-5030-d09b-3cff-dcf4cf3f92aa" testName="Returns_Failure_If_Password_Equals_Username_WithoutBlank(&quot;Hans Wurst&quot;,&quot;hanswurst&quot;)" computerName="V020705" duration="00:00:00.0004710" startTime="2025-04-30T09:12:21.3690274+02:00" endTime="2025-04-30T09:12:21.3694979+02:00" testType="13cdc9d9-ddb5-4fa4-a97d-d965ccfc6d4b" outcome="Passed" testListId="8c84fa94-04c1-424b-9868-57a2d4851a1d" relativeResultsDirectory="17815a0a-493d-4886-8ab5-1277c7c66fb5" />
    <UnitTestResult executionId="93e30202-6c11-402c-a94f-00e30ce2e136" testId="2ab9b645-7526-8e2e-78b5-21820507fe90" testName="Calls_Provider_With_Second_Password_Parameter_When_First_Is_Null" computerName="V020705" duration="00:00:00.0009680" startTime="2025-04-30T09:12:21.5935318+02:00" endTime="2025-04-30T09:12:21.5944994+02:00" testType="13cdc9d9-ddb5-4fa4-a97d-d965ccfc6d4b" outcome="Passed" testListId="8c84fa94-04c1-424b-9868-57a2d4851a1d" relativeResultsDirectory="93e30202-6c11-402c-a94f-00e30ce2e136" />
    <UnitTestResult executionId="da10929c-cfd5-426b-bcdb-6389ed28a597" testId="6919b59f-579b-7e25-2783-6d78a47fb7fa" testName="Fails_If_The_Token_Is_Invalid" computerName="V020705" duration="00:00:00.0019820" startTime="2025-04-30T09:12:21.2116685+02:00" endTime="2025-04-30T09:12:21.2136499+02:00" testType="13cdc9d9-ddb5-4fa4-a97d-d965ccfc6d4b" outcome="Passed" testListId="8c84fa94-04c1-424b-9868-57a2d4851a1d" relativeResultsDirectory="da10929c-cfd5-426b-bcdb-6389ed28a597" />
    <UnitTestResult executionId="d280861f-14de-4ba5-b6be-2ef976080bc7" testId="c6a7a3ea-9596-20bb-4f4b-8338f339cdce" testName="Change_LogLevel_Of_Unhealthy_HealthChecks" computerName="V020705" duration="00:00:00.0084460" startTime="2025-04-30T09:12:21.3760547+02:00" endTime="2025-04-30T09:12:21.3845003+02:00" testType="13cdc9d9-ddb5-4fa4-a97d-d965ccfc6d4b" outcome="Passed" testListId="8c84fa94-04c1-424b-9868-57a2d4851a1d" relativeResultsDirectory="d280861f-14de-4ba5-b6be-2ef976080bc7" />
    <UnitTestResult executionId="7b69922c-28e3-43c6-9bc9-cc6b8f884b27" testId="710ab5c8-9ecf-bf55-a3aa-8dcd20601990" testName="Returns_Increments(3)" computerName="V020705" duration="00:00:00.0005109" startTime="2025-04-30T09:12:23.0315632+02:00" endTime="2025-04-30T09:12:23.0320743+02:00" testType="13cdc9d9-ddb5-4fa4-a97d-d965ccfc6d4b" outcome="Passed" testListId="8c84fa94-04c1-424b-9868-57a2d4851a1d" relativeResultsDirectory="7b69922c-28e3-43c6-9bc9-cc6b8f884b27" />
    <UnitTestResult executionId="6fb0e600-41bd-47a6-98c5-994fd515adef" testId="b9245e16-ea4c-5ead-3bbc-01115b2b4256" testName="Replaces_Entry" computerName="V020705" duration="00:00:00.0028830" startTime="2025-04-30T09:12:22.5439916+02:00" endTime="2025-04-30T09:12:22.5468739+02:00" testType="13cdc9d9-ddb5-4fa4-a97d-d965ccfc6d4b" outcome="Passed" testListId="8c84fa94-04c1-424b-9868-57a2d4851a1d" relativeResultsDirectory="6fb0e600-41bd-47a6-98c5-994fd515adef" />
    <UnitTestResult executionId="9133b54f-7332-45b4-82eb-39395fdd3464" testId="b9761dec-0bb3-1097-ae66-b8d9ebb54e35" testName="Updates_Simple_Properties_To_Client_Entity_By_Name" computerName="V020705" duration="00:00:00.0001490" startTime="2025-04-30T09:12:22.8570895+02:00" endTime="2025-04-30T09:12:22.8572383+02:00" testType="13cdc9d9-ddb5-4fa4-a97d-d965ccfc6d4b" outcome="Passed" testListId="8c84fa94-04c1-424b-9868-57a2d4851a1d" relativeResultsDirectory="9133b54f-7332-45b4-82eb-39395fdd3464" />
    <UnitTestResult executionId="f795ed60-b467-4500-aae1-27804dd82ddd" testId="1f78983d-c538-218b-ca11-ba4031ab41b5" testName="Throws_Exception_When_Mailbox_Is_Empty" computerName="V020705" duration="00:00:00.0017920" startTime="2025-04-30T09:12:23.4213394+02:00" endTime="2025-04-30T09:12:23.4231307+02:00" testType="13cdc9d9-ddb5-4fa4-a97d-d965ccfc6d4b" outcome="Passed" testListId="8c84fa94-04c1-424b-9868-57a2d4851a1d" relativeResultsDirectory="f795ed60-b467-4500-aae1-27804dd82ddd" />
    <UnitTestResult executionId="3ae4587e-2bcb-416f-96cb-7cb26d55588b" testId="22d25337-95b4-6b5b-3bf5-1aa41f501f31" testName="Throws_Exception_When_Client_Could_Not_Be_Determined" computerName="V020705" duration="00:00:00.0014660" startTime="2025-04-30T09:12:21.2677743+02:00" endTime="2025-04-30T09:12:21.2692398+02:00" testType="13cdc9d9-ddb5-4fa4-a97d-d965ccfc6d4b" outcome="Passed" testListId="8c84fa94-04c1-424b-9868-57a2d4851a1d" relativeResultsDirectory="3ae4587e-2bcb-416f-96cb-7cb26d55588b" />
    <UnitTestResult executionId="1a9ed60a-1791-4d6f-b61d-ee49c08a971d" testId="91519eef-e6e1-d588-1077-eaf2db32e730" testName="Redirects_To_External_Challenge_When_Restricted_To_Single_Provider" computerName="V020705" duration="00:00:00.0019220" startTime="2025-04-30T09:12:21.4792813+02:00" endTime="2025-04-30T09:12:21.4812033+02:00" testType="13cdc9d9-ddb5-4fa4-a97d-d965ccfc6d4b" outcome="Passed" testListId="8c84fa94-04c1-424b-9868-57a2d4851a1d" relativeResultsDirectory="1a9ed60a-1791-4d6f-b61d-ee49c08a971d" />
    <UnitTestResult executionId="d82ddf30-48be-4afc-8775-ef660a79dace" testId="2d13fc55-4008-6559-f438-8770827230ef" testName="Returns_Failure_If_Password_Equals_Email(&quot;test@test.com&quot;,&quot;test@test.com&quot;)" computerName="V020705" duration="00:00:00.0010430" startTime="2025-04-30T09:12:21.3415436+02:00" endTime="2025-04-30T09:12:21.3425859+02:00" testType="13cdc9d9-ddb5-4fa4-a97d-d965ccfc6d4b" outcome="Passed" testListId="8c84fa94-04c1-424b-9868-57a2d4851a1d" relativeResultsDirectory="d82ddf30-48be-4afc-8775-ef660a79dace" />
    <UnitTestResult executionId="d9258378-9c6a-4142-ab7d-6269e5c3954f" testId="4b9a49aa-2e82-cf51-2e08-4772e43e6166" testName="Returns_Null_When_Email_Domain_Was_Not_Found" computerName="V020705" duration="00:00:00.0007790" startTime="2025-04-30T09:12:23.4898549+02:00" endTime="2025-04-30T09:12:23.4906337+02:00" testType="13cdc9d9-ddb5-4fa4-a97d-d965ccfc6d4b" outcome="Passed" testListId="8c84fa94-04c1-424b-9868-57a2d4851a1d" relativeResultsDirectory="d9258378-9c6a-4142-ab7d-6269e5c3954f" />
    <UnitTestResult executionId="efaa6a7b-2fa8-495c-98cb-9709c6e39bd9" testId="205bec98-ebd9-b12d-ddd9-1cd65881db2b" testName="External_User_Cannot_Lock_Account(&quot;&quot;)" computerName="V020705" duration="00:00:00.0023570" startTime="2025-04-30T09:12:21.0504504+02:00" endTime="2025-04-30T09:12:21.0528065+02:00" testType="13cdc9d9-ddb5-4fa4-a97d-d965ccfc6d4b" outcome="Passed" testListId="8c84fa94-04c1-424b-9868-57a2d4851a1d" relativeResultsDirectory="efaa6a7b-2fa8-495c-98cb-9709c6e39bd9" />
    <UnitTestResult executionId="4fde3b95-eecd-4d36-9690-4b54a6c795b1" testId="7053fdec-4c9e-b33d-a8be-669bf410c184" testName="Returns_AzureModel" computerName="V020705" duration="00:00:00.0014030" startTime="2025-04-30T09:12:22.8418488+02:00" endTime="2025-04-30T09:12:22.8432519+02:00" testType="13cdc9d9-ddb5-4fa4-a97d-d965ccfc6d4b" outcome="Passed" testListId="8c84fa94-04c1-424b-9868-57a2d4851a1d" relativeResultsDirectory="4fde3b95-eecd-4d36-9690-4b54a6c795b1" />
    <UnitTestResult executionId="668bc6a5-7cfb-41eb-981b-87d4383e86ba" testId="04d88836-93cc-827e-398e-0adb05adc0ef" testName="Saves_Deserialized_IdentityProvider" computerName="V020705" duration="00:00:00.0061310" startTime="2025-04-30T09:12:22.3898065+02:00" endTime="2025-04-30T09:12:22.3959373+02:00" testType="13cdc9d9-ddb5-4fa4-a97d-d965ccfc6d4b" outcome="Passed" testListId="8c84fa94-04c1-424b-9868-57a2d4851a1d" relativeResultsDirectory="668bc6a5-7cfb-41eb-981b-87d4383e86ba" />
    <UnitTestResult executionId="c5c2132c-586e-4cde-886f-66ba36eb3316" testId="359b8275-dc9f-f83e-17e3-a64e5d78582f" testName="Returns_Provider_From_Assigned_LoginProvider_When_Multiple_But_Same_Available" computerName="V020705" duration="00:00:00.0010930" startTime="2025-04-30T09:12:23.4923853+02:00" endTime="2025-04-30T09:12:23.4934782+02:00" testType="13cdc9d9-ddb5-4fa4-a97d-d965ccfc6d4b" outcome="Passed" testListId="8c84fa94-04c1-424b-9868-57a2d4851a1d" relativeResultsDirectory="c5c2132c-586e-4cde-886f-66ba36eb3316" />
    <UnitTestResult executionId="4801718a-9cc3-472c-b848-1570b9478bf2" testId="4cdb1897-835a-7440-a933-3b63a2a4653e" testName="Removes_Helper_Attributes" computerName="V020705" duration="00:00:00.0010140" startTime="2025-04-30T09:12:23.9236208+02:00" endTime="2025-04-30T09:12:23.9246343+02:00" testType="13cdc9d9-ddb5-4fa4-a97d-d965ccfc6d4b" outcome="Passed" testListId="8c84fa94-04c1-424b-9868-57a2d4851a1d" relativeResultsDirectory="4801718a-9cc3-472c-b848-1570b9478bf2" />
    <UnitTestResult executionId="4f5f3257-d005-4a46-a794-893aefb7613b" testId="c45502f9-f2b5-c66d-2c9c-5a54e0853580" testName="Returns_Success_If_Password_Contains_Unicode" computerName="V020705" duration="00:00:00.0007590" startTime="2025-04-30T09:12:21.3375011+02:00" endTime="2025-04-30T09:12:21.3382594+02:00" testType="13cdc9d9-ddb5-4fa4-a97d-d965ccfc6d4b" outcome="Passed" testListId="8c84fa94-04c1-424b-9868-57a2d4851a1d" relativeResultsDirectory="4f5f3257-d005-4a46-a794-893aefb7613b" />
    <UnitTestResult executionId="5ca06785-f1c5-4099-a402-cea1e969e025" testId="bee20ad9-a759-3047-7453-d5e8513bd2a2" testName="Gets_Item_From_Inner_And_Adds_To_Cache" computerName="V020705" duration="00:00:00.0011800" startTime="2025-04-30T09:12:23.4120348+02:00" endTime="2025-04-30T09:12:23.4132146+02:00" testType="13cdc9d9-ddb5-4fa4-a97d-d965ccfc6d4b" outcome="Passed" testListId="8c84fa94-04c1-424b-9868-57a2d4851a1d" relativeResultsDirectory="5ca06785-f1c5-4099-a402-cea1e969e025" />
    <UnitTestResult executionId="a1ec44f5-ed8a-4971-8f8c-a51909a7713f" testId="69d059cd-ce2d-f8cc-9657-5898b279f124" testName="Returns_Correct_Type(&quot;Mozilla/5.0 (Windows NT 10.0; WOW64; rv:70.0) Gecko/20100101 Firefox/70.0&quot;,FireFox)" computerName="V020705" duration="00:00:00.0197239" startTime="2025-04-30T09:12:23.1233213+02:00" endTime="2025-04-30T09:12:23.1430442+02:00" testType="13cdc9d9-ddb5-4fa4-a97d-d965ccfc6d4b" outcome="Passed" testListId="8c84fa94-04c1-424b-9868-57a2d4851a1d" relativeResultsDirectory="a1ec44f5-ed8a-4971-8f8c-a51909a7713f" />
    <UnitTestResult executionId="ac2ba8fb-170d-4f2a-92ef-a91bd4eb9b85" testId="9e989002-4a81-e370-0222-df09100613c8" testName="Shows_Error_Page_If_User_Can_Not_Be_Unlocked" computerName="V020705" duration="00:00:00.0040840" startTime="2025-04-30T09:12:21.4934975+02:00" endTime="2025-04-30T09:12:21.4975811+02:00" testType="13cdc9d9-ddb5-4fa4-a97d-d965ccfc6d4b" outcome="Passed" testListId="8c84fa94-04c1-424b-9868-57a2d4851a1d" relativeResultsDirectory="ac2ba8fb-170d-4f2a-92ef-a91bd4eb9b85" />
    <UnitTestResult executionId="32fbcbb1-c862-4244-b146-3993d1ee36a4" testId="2612de5a-5332-73ef-89ef-9f1b22e0428e" testName="Converts_Secrets_To_Sha256" computerName="V020705" duration="00:00:00.0003800" startTime="2025-04-30T09:12:22.8552869+02:00" endTime="2025-04-30T09:12:22.8556672+02:00" testType="13cdc9d9-ddb5-4fa4-a97d-d965ccfc6d4b" outcome="Passed" testListId="8c84fa94-04c1-424b-9868-57a2d4851a1d" relativeResultsDirectory="32fbcbb1-c862-4244-b146-3993d1ee36a4" />
    <UnitTestResult executionId="35c49064-4586-4f84-bfe1-65d62999993b" testId="e3608ea1-2720-47df-702a-ac25a039744a" testName="Dispatches_StatusMessage_To_Model" computerName="V020705" duration="00:00:00.0006920" startTime="2025-04-30T09:12:22.4055133+02:00" endTime="2025-04-30T09:12:22.4062045+02:00" testType="13cdc9d9-ddb5-4fa4-a97d-d965ccfc6d4b" outcome="Passed" testListId="8c84fa94-04c1-424b-9868-57a2d4851a1d" relativeResultsDirectory="35c49064-4586-4f84-bfe1-65d62999993b" />
    <UnitTestResult executionId="8b555f42-64d5-4bcd-9377-0564cd6c0288" testId="65ac7462-a40f-b2f5-3af7-ffead20f3299" testName="Returns_Not_Found_If_Not_Exists" computerName="V020705" duration="00:00:00.0005430" startTime="2025-04-30T09:12:21.6336027+02:00" endTime="2025-04-30T09:12:21.6341454+02:00" testType="13cdc9d9-ddb5-4fa4-a97d-d965ccfc6d4b" outcome="Passed" testListId="8c84fa94-04c1-424b-9868-57a2d4851a1d" relativeResultsDirectory="8b555f42-64d5-4bcd-9377-0564cd6c0288" />
    <UnitTestResult executionId="f0963f2c-b6b5-49cd-81e8-92a4e23c5982" testId="e79c9461-0ce6-02f9-aeff-bcc9154c97e4" testName="Can_Handle_ClientSecretExpirationDate_Correctly" computerName="V020705" duration="00:00:00.0018220" startTime="2025-04-30T09:12:22.8397473+02:00" endTime="2025-04-30T09:12:22.8415688+02:00" testType="13cdc9d9-ddb5-4fa4-a97d-d965ccfc6d4b" outcome="Passed" testListId="8c84fa94-04c1-424b-9868-57a2d4851a1d" relativeResultsDirectory="f0963f2c-b6b5-49cd-81e8-92a4e23c5982" />
    <UnitTestResult executionId="108b9b62-57a6-4fdb-977e-72bfdd53f874" testId="8aa2f558-e1fb-8141-4aa3-be9c2244352c" testName="Can_Read_AzureProvider" computerName="V020705" duration="00:00:00.0011480" startTime="2025-04-30T09:12:22.9510856+02:00" endTime="2025-04-30T09:12:22.9522333+02:00" testType="13cdc9d9-ddb5-4fa4-a97d-d965ccfc6d4b" outcome="Passed" testListId="8c84fa94-04c1-424b-9868-57a2d4851a1d" relativeResultsDirectory="108b9b62-57a6-4fdb-977e-72bfdd53f874" />
    <UnitTestResult executionId="1de6c223-826d-47c8-92cc-2c8ef7c1846e" testId="34cd891d-4b1a-f4ea-515a-5fe5be48f8c3" testName="Returns_Success_If_Passwort_Is_Less_Than_Max_Length" computerName="V020705" duration="00:00:00.0010260" startTime="2025-04-30T09:12:21.3621002+02:00" endTime="2025-04-30T09:12:21.3631261+02:00" testType="13cdc9d9-ddb5-4fa4-a97d-d965ccfc6d4b" outcome="Passed" testListId="8c84fa94-04c1-424b-9868-57a2d4851a1d" relativeResultsDirectory="1de6c223-826d-47c8-92cc-2c8ef7c1846e" />
    <UnitTestResult executionId="954c48aa-9b75-4243-8188-7c0e2114f5f3" testId="bd806809-f28a-8b12-3d28-3a66cffd8393" testName="Throws_ArgumentException_When_CommandSender_Is_Null" computerName="V020705" duration="00:00:00.0021400" startTime="2025-04-30T09:12:23.4145757+02:00" endTime="2025-04-30T09:12:23.4167149+02:00" testType="13cdc9d9-ddb5-4fa4-a97d-d965ccfc6d4b" outcome="Passed" testListId="8c84fa94-04c1-424b-9868-57a2d4851a1d" relativeResultsDirectory="954c48aa-9b75-4243-8188-7c0e2114f5f3" />
    <UnitTestResult executionId="0f9d5a2b-7026-46a9-bb68-6a2e2aed881e" testId="cb205af1-b5dd-329e-2a8d-77f19410a38a" testName="Publishes_Updated_Event" computerName="V020705" duration="00:00:00.0035830" startTime="2025-04-30T09:12:23.4827214+02:00" endTime="2025-04-30T09:12:23.4863041+02:00" testType="13cdc9d9-ddb5-4fa4-a97d-d965ccfc6d4b" outcome="Passed" testListId="8c84fa94-04c1-424b-9868-57a2d4851a1d" relativeResultsDirectory="0f9d5a2b-7026-46a9-bb68-6a2e2aed881e" />
    <UnitTestResult executionId="32845e4b-a72a-4f3c-8cb5-eef682b36521" testId="9b52a6b0-e7be-9686-c574-9fb49c4f3087" testName="Throws_Exception_When_Client_QueueName_Is_Empty" computerName="V020705" duration="00:00:00.0019589" startTime="2025-04-30T09:12:21.2565114+02:00" endTime="2025-04-30T09:12:21.2584699+02:00" testType="13cdc9d9-ddb5-4fa4-a97d-d965ccfc6d4b" outcome="Passed" testListId="8c84fa94-04c1-424b-9868-57a2d4851a1d" relativeResultsDirectory="32845e4b-a72a-4f3c-8cb5-eef682b36521" />
    <UnitTestResult executionId="fb4ed2d6-dd9a-4fd1-80ac-6e2711a94f26" testId="61ad0bbe-9777-9ee9-dae2-2754ecbfa8b9" testName="Logs_UserName(&quot;https://localhost/External/Challenge?provider=CHGAzureAD&amp;returnUrl=%2Fconnect%2Fauthorize%2F%26login_hint%3Dhans.peter@test.com%26test%3D1&quot;)" computerName="V020705" duration="00:00:00.0000630" startTime="2025-04-30T09:12:22.9489848+02:00" endTime="2025-04-30T09:12:22.9490479+02:00" testType="13cdc9d9-ddb5-4fa4-a97d-d965ccfc6d4b" outcome="Passed" testListId="8c84fa94-04c1-424b-9868-57a2d4851a1d" relativeResultsDirectory="fb4ed2d6-dd9a-4fd1-80ac-6e2711a94f26" />
    <UnitTestResult executionId="e0e3afde-a4f9-4529-a18e-cbbfbb57c13f" testId="da469f5e-7001-7dd8-1303-88840a488ed4" testName="Returns_False_For_Call_To_Site" computerName="V020705" duration="00:00:00.0002110" startTime="2025-04-30T09:12:22.5482791+02:00" endTime="2025-04-30T09:12:22.5484901+02:00" testType="13cdc9d9-ddb5-4fa4-a97d-d965ccfc6d4b" outcome="Passed" testListId="8c84fa94-04c1-424b-9868-57a2d4851a1d" relativeResultsDirectory="e0e3afde-a4f9-4529-a18e-cbbfbb57c13f" />
    <UnitTestResult executionId="e66e5499-3bc4-4b98-83ac-11fec453c6b7" testId="794635c6-789b-7a7c-3860-7495bd4383a4" testName="Sends_Correct_Command" computerName="V020705" duration="00:00:00.0040520" startTime="2025-04-30T09:12:21.2493297+02:00" endTime="2025-04-30T09:12:21.2533810+02:00" testType="13cdc9d9-ddb5-4fa4-a97d-d965ccfc6d4b" outcome="Passed" testListId="8c84fa94-04c1-424b-9868-57a2d4851a1d" relativeResultsDirectory="e66e5499-3bc4-4b98-83ac-11fec453c6b7" />
    <UnitTestResult executionId="5389dd09-9aca-4add-9e18-0cfe6e20dfe5" testId="63e6371a-4537-7b92-116c-73a2dbd7ba62" testName="Confirms_The_Users_Email_Address" computerName="V020705" duration="00:00:00.0095020" startTime="2025-04-30T09:12:22.2231552+02:00" endTime="2025-04-30T09:12:22.2326568+02:00" testType="13cdc9d9-ddb5-4fa4-a97d-d965ccfc6d4b" outcome="Passed" testListId="8c84fa94-04c1-424b-9868-57a2d4851a1d" relativeResultsDirectory="5389dd09-9aca-4add-9e18-0cfe6e20dfe5" />
    <UnitTestResult executionId="6fb52294-88e3-4431-bede-394c2b9152ef" testId="5ae188a0-78ef-1929-2c0c-dcb2c4999bbc" testName="Returns_Correct_Type(&quot;Mozilla/5.0 (Windows NT 10.0; WOW64; rv:110.0) Gecko/20100101 Firefox/110.0&quot;,FireFox)" computerName="V020705" duration="00:00:00.0181750" startTime="2025-04-30T09:12:23.1430853+02:00" endTime="2025-04-30T09:12:23.1612588+02:00" testType="13cdc9d9-ddb5-4fa4-a97d-d965ccfc6d4b" outcome="Passed" testListId="8c84fa94-04c1-424b-9868-57a2d4851a1d" relativeResultsDirectory="6fb52294-88e3-4431-bede-394c2b9152ef" />
    <UnitTestResult executionId="dc498de5-a237-402b-aade-798056024eb0" testId="e4206efd-a74d-deb9-8e1a-626b86c542a6" testName="Maps_ExtendedClient" computerName="V020705" duration="00:00:00.0016350" startTime="2025-04-30T09:12:22.8573105+02:00" endTime="2025-04-30T09:12:22.8589453+02:00" testType="13cdc9d9-ddb5-4fa4-a97d-d965ccfc6d4b" outcome="Passed" testListId="8c84fa94-04c1-424b-9868-57a2d4851a1d" relativeResultsDirectory="dc498de5-a237-402b-aade-798056024eb0" />
    <UnitTestResult executionId="fb5a8f9b-975b-460a-90ee-50de8364929f" testId="4a6c55c9-d15f-dfdd-73d1-b43d977ba9a9" testName="Throws_Exception_If_Scheme_Is_missing" computerName="V020705" duration="00:00:00.0002340" startTime="2025-04-30T09:12:22.9736558+02:00" endTime="2025-04-30T09:12:22.9738892+02:00" testType="13cdc9d9-ddb5-4fa4-a97d-d965ccfc6d4b" outcome="Passed" testListId="8c84fa94-04c1-424b-9868-57a2d4851a1d" relativeResultsDirectory="fb5a8f9b-975b-460a-90ee-50de8364929f" />
    <UnitTestResult executionId="3b7147e5-6296-4c41-9a2c-938690c7f347" testId="9772a40c-f1a5-d931-ba5c-9a4c00086cb7" testName="Returns_BadRequest_If_The_User_Already_Has_A_Password" computerName="V020705" duration="00:00:00.0016950" startTime="2025-04-30T09:12:21.6765829+02:00" endTime="2025-04-30T09:12:21.6782779+02:00" testType="13cdc9d9-ddb5-4fa4-a97d-d965ccfc6d4b" outcome="Passed" testListId="8c84fa94-04c1-424b-9868-57a2d4851a1d" relativeResultsDirectory="3b7147e5-6296-4c41-9a2c-938690c7f347" />
    <UnitTestResult executionId="41a4546a-bc59-4616-9739-caa86629cc00" testId="8f3a044b-59b0-3cc8-9c5d-c7e20e9f6045" testName="Returns_Result_From_Inner_Service" computerName="V020705" duration="00:00:00.0012900" startTime="2025-04-30T09:12:23.6014859+02:00" endTime="2025-04-30T09:12:23.6027752+02:00" testType="13cdc9d9-ddb5-4fa4-a97d-d965ccfc6d4b" outcome="Passed" testListId="8c84fa94-04c1-424b-9868-57a2d4851a1d" relativeResultsDirectory="41a4546a-bc59-4616-9739-caa86629cc00" />
    <UnitTestResult executionId="04aa4dd8-d884-43cf-8acb-5cc1ecd15692" testId="0177ccea-a12e-1cc3-40eb-606d8524694a" testName="Calls_Service" computerName="V020705" duration="00:00:00.0042300" startTime="2025-04-30T09:12:22.2541941+02:00" endTime="2025-04-30T09:12:22.2584230+02:00" testType="13cdc9d9-ddb5-4fa4-a97d-d965ccfc6d4b" outcome="Passed" testListId="8c84fa94-04c1-424b-9868-57a2d4851a1d" relativeResultsDirectory="04aa4dd8-d884-43cf-8acb-5cc1ecd15692" />
    <UnitTestResult executionId="5daf4f98-9dca-4f9c-bc12-9698bad2bc71" testId="f88f623c-316d-0f2c-3496-0638de01b1f4" testName="Requested_Cache_Key_Is_Build_By_Using_The_Test_Run_Id" computerName="V020705" duration="00:00:00.0012630" startTime="2025-04-30T09:12:23.5529164+02:00" endTime="2025-04-30T09:12:23.5541790+02:00" testType="13cdc9d9-ddb5-4fa4-a97d-d965ccfc6d4b" outcome="Passed" testListId="8c84fa94-04c1-424b-9868-57a2d4851a1d" relativeResultsDirectory="5daf4f98-9dca-4f9c-bc12-9698bad2bc71" />
    <UnitTestResult executionId="25710803-2e81-49de-8943-f7cdfca049b5" testId="f18ebb78-511a-0b52-8594-e6d4db1cbf21" testName="Returns_Options_With_Configured_Endpoint_Name" computerName="V020705" duration="00:00:00.0012940" startTime="2025-04-30T09:12:21.4038384+02:00" endTime="2025-04-30T09:12:21.4051316+02:00" testType="13cdc9d9-ddb5-4fa4-a97d-d965ccfc6d4b" outcome="Passed" testListId="8c84fa94-04c1-424b-9868-57a2d4851a1d" relativeResultsDirectory="25710803-2e81-49de-8943-f7cdfca049b5" />
    <UnitTestResult executionId="e8b1672e-ede9-4fe5-94bb-76b0bfae95ce" testId="5185980b-d8d3-4e0e-c4b9-e1a48a80001a" testName="Returns_True_When_Max_Attempt_Is_Reached" computerName="V020705" duration="00:00:00.0008580" startTime="2025-04-30T09:12:21.0494734+02:00" endTime="2025-04-30T09:12:21.0503314+02:00" testType="13cdc9d9-ddb5-4fa4-a97d-d965ccfc6d4b" outcome="Passed" testListId="8c84fa94-04c1-424b-9868-57a2d4851a1d" relativeResultsDirectory="e8b1672e-ede9-4fe5-94bb-76b0bfae95ce" />
    <UnitTestResult executionId="e66c3291-3a74-44a3-bf28-e4ca086373cd" testId="56c01baf-ca8a-96a6-0997-1c4294956566" testName="Returns_Cached_ClientId" computerName="V020705" duration="00:00:00.0010670" startTime="2025-04-30T09:12:20.9621117+02:00" endTime="2025-04-30T09:12:20.9631782+02:00" testType="13cdc9d9-ddb5-4fa4-a97d-d965ccfc6d4b" outcome="Passed" testListId="8c84fa94-04c1-424b-9868-57a2d4851a1d" relativeResultsDirectory="e66c3291-3a74-44a3-bf28-e4ca086373cd" />
    <UnitTestResult executionId="6df8dc70-48e8-432a-8213-83f5e8b97f9b" testId="b3759433-c41f-1416-e7cc-f0cd990ba8c7" testName="Removes_Duplicate_Email_Claim" computerName="V020705" duration="00:00:00.0021650" startTime="2025-04-30T09:12:23.4667308+02:00" endTime="2025-04-30T09:12:23.4688954+02:00" testType="13cdc9d9-ddb5-4fa4-a97d-d965ccfc6d4b" outcome="Passed" testListId="8c84fa94-04c1-424b-9868-57a2d4851a1d" relativeResultsDirectory="6df8dc70-48e8-432a-8213-83f5e8b97f9b" />
    <UnitTestResult executionId="b3076f38-c34b-463e-a072-6f1043763528" testId="d6911c6b-639e-10ce-5f51-2246b76418c0" testName="Adds_External_Claims_To_IdentityToken" computerName="V020705" duration="00:00:00.0013900" startTime="2025-04-30T09:12:23.4502328+02:00" endTime="2025-04-30T09:12:23.4516225+02:00" testType="13cdc9d9-ddb5-4fa4-a97d-d965ccfc6d4b" outcome="Passed" testListId="8c84fa94-04c1-424b-9868-57a2d4851a1d" relativeResultsDirectory="b3076f38-c34b-463e-a072-6f1043763528" />
    <UnitTestResult executionId="d9dc5813-473c-4963-954f-b65b5f73ad1c" testId="d83dbd96-9b9c-dd13-ae34-97a06c01913a" testName="Returns_Null_When_No_Permission_Error_Occurred" computerName="V020705" duration="00:00:00.0034110" startTime="2025-04-30T09:12:20.7290758+02:00" endTime="2025-04-30T09:12:20.7324860+02:00" testType="13cdc9d9-ddb5-4fa4-a97d-d965ccfc6d4b" outcome="Passed" testListId="8c84fa94-04c1-424b-9868-57a2d4851a1d" relativeResultsDirectory="d9dc5813-473c-4963-954f-b65b5f73ad1c" />
    <UnitTestResult executionId="bcfce7cc-b7e4-4e62-ab9e-3876cf900bed" testId="c7802a14-f7f9-700d-f68b-01725ef0e0ec" testName="Publishes_UserFullNameChanged_Event_When_LastName_Was_Changed" computerName="V020705" duration="00:00:00.0021890" startTime="2025-04-30T09:12:21.1984144+02:00" endTime="2025-04-30T09:12:21.2006028+02:00" testType="13cdc9d9-ddb5-4fa4-a97d-d965ccfc6d4b" outcome="Passed" testListId="8c84fa94-04c1-424b-9868-57a2d4851a1d" relativeResultsDirectory="bcfce7cc-b7e4-4e62-ab9e-3876cf900bed" />
    <UnitTestResult executionId="6632e042-3c89-468f-aea8-cdd359783b14" testId="07ce4265-7d44-aa22-e9c2-ea4d3c2a3194" testName="Calls_Default_Oidc_Configuration_With_Modern_Uris" computerName="V020705" duration="00:00:00.0004290" startTime="2025-04-30T09:12:22.7936064+02:00" endTime="2025-04-30T09:12:22.7940355+02:00" testType="13cdc9d9-ddb5-4fa4-a97d-d965ccfc6d4b" outcome="Passed" testListId="8c84fa94-04c1-424b-9868-57a2d4851a1d" relativeResultsDirectory="6632e042-3c89-468f-aea8-cdd359783b14" />
    <UnitTestResult executionId="e2b74dbe-9045-4e3b-b43c-6b9fcfaa315a" testId="0bba824a-e89a-b001-35bf-0943d18b83dc" testName="Logs_The_Entire_IP_Address_If_It_Is_A_Local_Address_Behind_Proxy(&quot;10.49.13.0&quot;)" computerName="V020705" duration="00:00:00.0003010" startTime="2025-04-30T09:12:22.6481077+02:00" endTime="2025-04-30T09:12:22.6484082+02:00" testType="13cdc9d9-ddb5-4fa4-a97d-d965ccfc6d4b" outcome="Passed" testListId="8c84fa94-04c1-424b-9868-57a2d4851a1d" relativeResultsDirectory="e2b74dbe-9045-4e3b-b43c-6b9fcfaa315a" />
    <UnitTestResult executionId="18c76e5f-b063-4e24-832b-2cf9241d3e4b" testId="12032e6b-17ea-d9b4-046f-3c6b266eb1c6" testName="Gets_Item_From_Inner_And_Adds_To_Cache" computerName="V020705" duration="00:00:00.0026160" startTime="2025-04-30T09:12:23.4083567+02:00" endTime="2025-04-30T09:12:23.4109725+02:00" testType="13cdc9d9-ddb5-4fa4-a97d-d965ccfc6d4b" outcome="Passed" testListId="8c84fa94-04c1-424b-9868-57a2d4851a1d" relativeResultsDirectory="18c76e5f-b063-4e24-832b-2cf9241d3e4b" />
    <UnitTestResult executionId="6546f5bf-8c89-4a88-949c-5f5a9391940a" testId="3e681eb1-75c3-6a84-c124-79aab1b5f87b" testName="Returns_Success_If_Passwort_Is_Max_Length" computerName="V020705" duration="00:00:00.0010420" startTime="2025-04-30T09:12:21.3631487+02:00" endTime="2025-04-30T09:12:21.3641905+02:00" testType="13cdc9d9-ddb5-4fa4-a97d-d965ccfc6d4b" outcome="Passed" testListId="8c84fa94-04c1-424b-9868-57a2d4851a1d" relativeResultsDirectory="6546f5bf-8c89-4a88-949c-5f5a9391940a" />
    <UnitTestResult executionId="c1dbe89f-5f97-44d8-9fad-9e19aa303be2" testId="e506afbb-e945-82e0-b2b6-3b6e247c7bdd" testName="Works_With_Null_Scheme" computerName="V020705" duration="00:00:00.0012049" startTime="2025-04-30T09:12:23.4132505+02:00" endTime="2025-04-30T09:12:23.4144551+02:00" testType="13cdc9d9-ddb5-4fa4-a97d-d965ccfc6d4b" outcome="Passed" testListId="8c84fa94-04c1-424b-9868-57a2d4851a1d" relativeResultsDirectory="c1dbe89f-5f97-44d8-9fad-9e19aa303be2" />
    <UnitTestResult executionId="bdcd85c0-568a-48ba-83a2-1f966805c6e8" testId="dee73c4c-849d-0460-3bfb-b37cb0f785e6" testName="Returns_Result_From_Inner_Service" computerName="V020705" duration="00:00:00.0015839" startTime="2025-04-30T09:12:23.8710638+02:00" endTime="2025-04-30T09:12:23.8726473+02:00" testType="13cdc9d9-ddb5-4fa4-a97d-d965ccfc6d4b" outcome="Passed" testListId="8c84fa94-04c1-424b-9868-57a2d4851a1d" relativeResultsDirectory="bdcd85c0-568a-48ba-83a2-1f966805c6e8" />
    <UnitTestResult executionId="d03ecc18-dccf-4865-ab7f-f35e4318408d" testId="4f7dbc43-b40c-5d28-7f0b-8324dc3d9721" testName="Throws_Exception_If_Request_Is_Null" computerName="V020705" duration="00:00:00.0008490" startTime="2025-04-30T09:12:23.5766041+02:00" endTime="2025-04-30T09:12:23.5774523+02:00" testType="13cdc9d9-ddb5-4fa4-a97d-d965ccfc6d4b" outcome="Passed" testListId="8c84fa94-04c1-424b-9868-57a2d4851a1d" relativeResultsDirectory="d03ecc18-dccf-4865-ab7f-f35e4318408d" />
    <UnitTestResult executionId="ed8243f7-9c3e-429a-8b3a-460e7bb6292f" testId="a66c4cfd-c510-f3cc-d9e8-3c8c11b9bafe" testName="Logs_UserName(&quot;https://localhost/External/Challenge?provider=CHGAzureAD&amp;returnUrl=%2Fconnect%2Fauthorize%2Fcallback%3Fresponse_type%3Dcode%26nonce%3DTcYRg3ly9PxiTLvK4y3b-g%26state%3DBPb4upgHZjrUKSPdQH9UlA%26code_challenge%3DBrY_dAF4pTJ2oWWXblA8p81WWCKQYJN0L0k7GCsxQfs%26code_challenge_method%3DS256%26client_id%3Dlas_desktop%26scope%3Dopenid%2520profile%2520offline_access%2520chgprofile%2520email%2520dms_appserver_api%26redirect_uri%3Dhttp%253A%252F%252Flocalhost%252Flas_desktop%26acr_values%3Didp%253ACHGAzureAD%26login_hint%3Dhans.peter@test.com&quot;)" computerName="V020705" duration="00:00:00.0001080" startTime="2025-04-30T09:12:22.9488108+02:00" endTime="2025-04-30T09:12:22.9489185+02:00" testType="13cdc9d9-ddb5-4fa4-a97d-d965ccfc6d4b" outcome="Passed" testListId="8c84fa94-04c1-424b-9868-57a2d4851a1d" relativeResultsDirectory="ed8243f7-9c3e-429a-8b3a-460e7bb6292f" />
    <UnitTestResult executionId="99139abd-7718-409d-a72f-1021a55fe8c2" testId="8748f7d2-5d63-97d3-47dc-131315568dda" testName="Saves_Provider_With_NewData" computerName="V020705" duration="00:00:00.0017800" startTime="2025-04-30T09:12:22.2452144+02:00" endTime="2025-04-30T09:12:22.2469943+02:00" testType="13cdc9d9-ddb5-4fa4-a97d-d965ccfc6d4b" outcome="Passed" testListId="8c84fa94-04c1-424b-9868-57a2d4851a1d" relativeResultsDirectory="99139abd-7718-409d-a72f-1021a55fe8c2" />
    <UnitTestResult executionId="eb911411-d403-462b-a605-175379b5273a" testId="7a126cc2-bd56-b892-8919-d6208ab8ca3a" testName="ThrowsException_With_Null" computerName="V020705" duration="00:00:00.0007850" startTime="2025-04-30T09:12:21.3579338+02:00" endTime="2025-04-30T09:12:21.3587184+02:00" testType="13cdc9d9-ddb5-4fa4-a97d-d965ccfc6d4b" outcome="Passed" testListId="8c84fa94-04c1-424b-9868-57a2d4851a1d" relativeResultsDirectory="eb911411-d403-462b-a605-175379b5273a" />
    <UnitTestResult executionId="9df5404a-bc1a-47b4-8cad-56e47022c8c8" testId="52333d4b-1545-359d-5d27-d4d211de1595" testName="Returns_True_For_Api_Call" computerName="V020705" duration="00:00:00.0000570" startTime="2025-04-30T09:12:22.5492118+02:00" endTime="2025-04-30T09:12:22.5492692+02:00" testType="13cdc9d9-ddb5-4fa4-a97d-d965ccfc6d4b" outcome="Passed" testListId="8c84fa94-04c1-424b-9868-57a2d4851a1d" relativeResultsDirectory="9df5404a-bc1a-47b4-8cad-56e47022c8c8" />
    <UnitTestResult executionId="8ecc7aa1-a410-403c-ab58-8cd52a3e57b1" testId="5e09959d-5f75-5946-d880-bbb09face4e6" testName="Can_Write_Saml_Data_With_Other_Certificate" computerName="V020705" duration="00:00:00.0418290" startTime="2025-04-30T09:12:22.3195945+02:00" endTime="2025-04-30T09:12:22.3614222+02:00" testType="13cdc9d9-ddb5-4fa4-a97d-d965ccfc6d4b" outcome="Passed" testListId="8c84fa94-04c1-424b-9868-57a2d4851a1d" relativeResultsDirectory="8ecc7aa1-a410-403c-ab58-8cd52a3e57b1" />
    <UnitTestResult executionId="4ea49ce4-e24e-4eb2-8f69-75b8c0f27104" testId="bd90ac1e-66fa-10d1-3fba-2a793a1ba743" testName="Returns_True_For_File_Call(&quot;https://localhost/lib/popper/umd/popper.min.js&quot;)" computerName="V020705" duration="00:00:00.0000570" startTime="2025-04-30T09:12:22.5485698+02:00" endTime="2025-04-30T09:12:22.5486270+02:00" testType="13cdc9d9-ddb5-4fa4-a97d-d965ccfc6d4b" outcome="Passed" testListId="8c84fa94-04c1-424b-9868-57a2d4851a1d" relativeResultsDirectory="4ea49ce4-e24e-4eb2-8f69-75b8c0f27104" />
    <UnitTestResult executionId="48f16403-56c3-4998-9063-ef5c6600a560" testId="78ca7c23-74b1-6ebf-e645-c7aef30801f5" testName="Returns_Result_From_Inner_Service" computerName="V020705" duration="00:00:00.0008600" startTime="2025-04-30T09:12:23.8747824+02:00" endTime="2025-04-30T09:12:23.8756418+02:00" testType="13cdc9d9-ddb5-4fa4-a97d-d965ccfc6d4b" outcome="Passed" testListId="8c84fa94-04c1-424b-9868-57a2d4851a1d" relativeResultsDirectory="48f16403-56c3-4998-9063-ef5c6600a560" />
    <UnitTestResult executionId="2a855ee1-6eab-4c54-8742-eb013ed0fd6c" testId="28c79830-7f7f-37b9-158d-54180ffb92f2" testName="Appends_To_The_LoginProviderTestLog_If_It_Is_A_Test_Run" computerName="V020705" duration="00:00:00.0024660" startTime="2025-04-30T09:12:23.5428854+02:00" endTime="2025-04-30T09:12:23.5453510+02:00" testType="13cdc9d9-ddb5-4fa4-a97d-d965ccfc6d4b" outcome="Passed" testListId="8c84fa94-04c1-424b-9868-57a2d4851a1d" relativeResultsDirectory="2a855ee1-6eab-4c54-8742-eb013ed0fd6c" />
    <UnitTestResult executionId="a97b70af-5add-4a08-990b-5618e5cd4da0" testId="d1408d87-bfb2-2107-6c33-7fe9e5b35d92" testName="Publishes_UserEmailChanged_Event_When_Email_Was_Changed" computerName="V020705" duration="00:00:00.0023180" startTime="2025-04-30T09:12:21.1850897+02:00" endTime="2025-04-30T09:12:21.1874071+02:00" testType="13cdc9d9-ddb5-4fa4-a97d-d965ccfc6d4b" outcome="Passed" testListId="8c84fa94-04c1-424b-9868-57a2d4851a1d" relativeResultsDirectory="a97b70af-5add-4a08-990b-5618e5cd4da0" />
    <UnitTestResult executionId="7397517a-b5e5-4637-a012-e463a406bf16" testId="9e352125-fc46-348f-a734-fb8096adf4e3" testName="Publishes_UserRestored_Event" computerName="V020705" duration="00:00:00.0040690" startTime="2025-04-30T09:12:21.1635338+02:00" endTime="2025-04-30T09:12:21.1676024+02:00" testType="13cdc9d9-ddb5-4fa4-a97d-d965ccfc6d4b" outcome="Passed" testListId="8c84fa94-04c1-424b-9868-57a2d4851a1d" relativeResultsDirectory="7397517a-b5e5-4637-a012-e463a406bf16" />
    <UnitTestResult executionId="3b96f976-87a0-483f-8849-f2e8e8160a2d" testId="97b1facc-1d64-8c1e-dc93-13a45746a9f8" testName="Calls_IdentityProviderLookup_Not_If_Scheme_IsEmpty" computerName="V020705" duration="00:00:00.0023960" startTime="2025-04-30T09:12:22.8904204+02:00" endTime="2025-04-30T09:12:22.8928164+02:00" testType="13cdc9d9-ddb5-4fa4-a97d-d965ccfc6d4b" outcome="Passed" testListId="8c84fa94-04c1-424b-9868-57a2d4851a1d" relativeResultsDirectory="3b96f976-87a0-483f-8849-f2e8e8160a2d" />
    <UnitTestResult executionId="5a602f93-ccdd-4cd9-b9b1-5a791b856e6e" testId="3085a310-fad1-d3a9-8227-ed2026c3eff7" testName="Calls_Default_Oidc_Configuration" computerName="V020705" duration="00:00:00.0011480" startTime="2025-04-30T09:12:22.7924199+02:00" endTime="2025-04-30T09:12:22.7935677+02:00" testType="13cdc9d9-ddb5-4fa4-a97d-d965ccfc6d4b" outcome="Passed" testListId="8c84fa94-04c1-424b-9868-57a2d4851a1d" relativeResultsDirectory="5a602f93-ccdd-4cd9-b9b1-5a791b856e6e" />
    <UnitTestResult executionId="006bedfe-5f81-41d9-98ac-b99e9d8753a8" testId="91f5171e-6876-7745-a33d-903e8835ce89" testName="Calls_Service" computerName="V020705" duration="00:00:00.0019100" startTime="2025-04-30T09:12:22.2891135+02:00" endTime="2025-04-30T09:12:22.2910230+02:00" testType="13cdc9d9-ddb5-4fa4-a97d-d965ccfc6d4b" outcome="Passed" testListId="8c84fa94-04c1-424b-9868-57a2d4851a1d" relativeResultsDirectory="006bedfe-5f81-41d9-98ac-b99e9d8753a8" />
    <UnitTestResult executionId="744c1a66-083d-4910-845e-93a89fbf14c5" testId="61b225f0-a0ab-c680-2dcf-bbe86d9118a0" testName="Not_Valid_For_Invalid_AzureProvider_Missing_ClientId" computerName="V020705" duration="00:00:00.0006230" startTime="2025-04-30T09:12:22.8286838+02:00" endTime="2025-04-30T09:12:22.8293068+02:00" testType="13cdc9d9-ddb5-4fa4-a97d-d965ccfc6d4b" outcome="Passed" testListId="8c84fa94-04c1-424b-9868-57a2d4851a1d" relativeResultsDirectory="744c1a66-083d-4910-845e-93a89fbf14c5" />
    <UnitTestResult executionId="065880f9-88c4-4038-9831-d473fff20571" testId="de6bd7eb-6f9e-8be3-f5b8-5c751e5081ed" testName="Returns_Result_From_Inner_Service" computerName="V020705" duration="00:00:00.0008490" startTime="2025-04-30T09:12:23.6049292+02:00" endTime="2025-04-30T09:12:23.6057782+02:00" testType="13cdc9d9-ddb5-4fa4-a97d-d965ccfc6d4b" outcome="Passed" testListId="8c84fa94-04c1-424b-9868-57a2d4851a1d" relativeResultsDirectory="065880f9-88c4-4038-9831-d473fff20571" />
    <UnitTestResult executionId="7889cc51-0cff-4dfd-baef-97f4a0d875a6" testId="949d57f6-a120-cd5c-8ae3-a39495456b92" testName="Creates_New_User_With_Google_Claims" computerName="V020705" duration="00:00:00.0029940" startTime="2025-04-30T09:12:22.1954843+02:00" endTime="2025-04-30T09:12:22.1984782+02:00" testType="13cdc9d9-ddb5-4fa4-a97d-d965ccfc6d4b" outcome="Passed" testListId="8c84fa94-04c1-424b-9868-57a2d4851a1d" relativeResultsDirectory="7889cc51-0cff-4dfd-baef-97f4a0d875a6" />
    <UnitTestResult executionId="ea3408a4-98c2-4f17-9e3d-9cea510ffc88" testId="20776a74-d6fb-ed22-35f7-183ead4c288d" testName="Adds_External_Claims_To_UserInfoEndpoint" computerName="V020705" duration="00:00:00.0009370" startTime="2025-04-30T09:12:23.4531866+02:00" endTime="2025-04-30T09:12:23.4541234+02:00" testType="13cdc9d9-ddb5-4fa4-a97d-d965ccfc6d4b" outcome="Passed" testListId="8c84fa94-04c1-424b-9868-57a2d4851a1d" relativeResultsDirectory="ea3408a4-98c2-4f17-9e3d-9cea510ffc88" />
    <UnitTestResult executionId="8e1e0e7d-b8b5-46e3-93fc-d99ed67d3d2b" testId="71e8e209-b4c9-bf48-d02a-dd86d365f3f4" testName="Import_New_ServiceProvider" computerName="V020705" duration="00:00:00.0179030" startTime="2025-04-30T09:12:22.6806066+02:00" endTime="2025-04-30T09:12:22.6985088+02:00" testType="13cdc9d9-ddb5-4fa4-a97d-d965ccfc6d4b" outcome="Passed" testListId="8c84fa94-04c1-424b-9868-57a2d4851a1d" relativeResultsDirectory="8e1e0e7d-b8b5-46e3-93fc-d99ed67d3d2b" />
    <UnitTestResult executionId="b37ab314-4567-4f58-882c-c8b20b6c9ff4" testId="37e9213c-e01b-ed17-e0d4-2d93fe2c876b" testName="Returns_Response_With_Attribute_Ignoring_Case" computerName="V020705" duration="00:00:00.0016950" startTime="2025-04-30T09:12:20.7021084+02:00" endTime="2025-04-30T09:12:20.7038032+02:00" testType="13cdc9d9-ddb5-4fa4-a97d-d965ccfc6d4b" outcome="Passed" testListId="8c84fa94-04c1-424b-9868-57a2d4851a1d" relativeResultsDirectory="b37ab314-4567-4f58-882c-c8b20b6c9ff4" />
    <UnitTestResult executionId="e19c34c6-f5d4-4cca-a9c4-66b3a92956df" testId="b2f1ebe0-bca9-2716-748b-f8c91d26da15" testName="Returns_Success_If_Password_Contains_Special_Chars" computerName="V020705" duration="00:00:00.0007270" startTime="2025-04-30T09:12:21.3367416+02:00" endTime="2025-04-30T09:12:21.3374687+02:00" testType="13cdc9d9-ddb5-4fa4-a97d-d965ccfc6d4b" outcome="Passed" testListId="8c84fa94-04c1-424b-9868-57a2d4851a1d" relativeResultsDirectory="e19c34c6-f5d4-4cca-a9c4-66b3a92956df" />
    <UnitTestResult executionId="527ce8f6-403a-44c1-9268-a61c9d83ceca" testId="d3dfe32c-e99b-dccd-ff0c-be016aecd008" testName="Returns_Existing_Entry" computerName="V020705" duration="00:00:00.0060670" startTime="2025-04-30T09:12:22.5378054+02:00" endTime="2025-04-30T09:12:22.5438719+02:00" testType="13cdc9d9-ddb5-4fa4-a97d-d965ccfc6d4b" outcome="Passed" testListId="8c84fa94-04c1-424b-9868-57a2d4851a1d" relativeResultsDirectory="527ce8f6-403a-44c1-9268-a61c9d83ceca" />
    <UnitTestResult executionId="94ca880b-f8e2-4790-baa9-1d6d3d01378a" testId="4e4f5fea-3e17-89cd-0c82-325c59bef526" testName="Sets_Class_If_No_ControllerAttribute_Is_Set_And_Current_Is_Default" computerName="V020705" duration="00:00:00.0012240" startTime="2025-04-30T09:12:23.9190484+02:00" endTime="2025-04-30T09:12:23.9202722+02:00" testType="13cdc9d9-ddb5-4fa4-a97d-d965ccfc6d4b" outcome="Passed" testListId="8c84fa94-04c1-424b-9868-57a2d4851a1d" relativeResultsDirectory="94ca880b-f8e2-4790-baa9-1d6d3d01378a" />
    <UnitTestResult executionId="c3f7834e-c89b-4aee-be8f-58dc2b945ad0" testId="6e5e6d18-4a01-ad4b-785a-59a85dba00f0" testName="Retrieves_Record_From_Repository" computerName="V020705" duration="00:00:00.0007739" startTime="2025-04-30T09:12:23.0369623+02:00" endTime="2025-04-30T09:12:23.0377359+02:00" testType="13cdc9d9-ddb5-4fa4-a97d-d965ccfc6d4b" outcome="Passed" testListId="8c84fa94-04c1-424b-9868-57a2d4851a1d" relativeResultsDirectory="c3f7834e-c89b-4aee-be8f-58dc2b945ad0" />
    <UnitTestResult executionId="c7693ac5-9d11-4421-9d33-eac940a0bda0" testId="eadb91d7-5034-bc3c-72b0-278ae69d8706" testName="Returns_Increments(2)" computerName="V020705" duration="00:00:00.0005880" startTime="2025-04-30T09:12:23.0309594+02:00" endTime="2025-04-30T09:12:23.0315471+02:00" testType="13cdc9d9-ddb5-4fa4-a97d-d965ccfc6d4b" outcome="Passed" testListId="8c84fa94-04c1-424b-9868-57a2d4851a1d" relativeResultsDirectory="c7693ac5-9d11-4421-9d33-eac940a0bda0" />
    <UnitTestResult executionId="8d68c879-211b-4275-8925-19e90e7491ec" testId="215a01df-123a-05f7-13f4-661c52a63924" testName="ThrowsException_With_Null" computerName="V020705" duration="00:00:00.0006600" startTime="2025-04-30T09:12:21.3707828+02:00" endTime="2025-04-30T09:12:21.3714424+02:00" testType="13cdc9d9-ddb5-4fa4-a97d-d965ccfc6d4b" outcome="Passed" testListId="8c84fa94-04c1-424b-9868-57a2d4851a1d" relativeResultsDirectory="8d68c879-211b-4275-8925-19e90e7491ec" />
    <UnitTestResult executionId="3d022d7d-e493-40fe-8a0b-9afcdd90e665" testId="7a871801-87db-3d88-0c01-1b6a6e930bf5" testName="Returns_InternetExplorer(&quot;Mozilla/5.0 (Windows NT 6.2; Trident/7.0; rv:11.0) like Gecko&quot;)" computerName="V020705" duration="00:00:00.0190439" startTime="2025-04-30T09:12:23.3145879+02:00" endTime="2025-04-30T09:12:23.3336311+02:00" testType="13cdc9d9-ddb5-4fa4-a97d-d965ccfc6d4b" outcome="Passed" testListId="8c84fa94-04c1-424b-9868-57a2d4851a1d" relativeResultsDirectory="3d022d7d-e493-40fe-8a0b-9afcdd90e665" />
    <UnitTestResult executionId="d35028cb-87c0-4066-b740-b80b20193878" testId="091a0845-209c-36aa-edbc-e9a5dd9391e3" testName="PublishesUserEmailConfirmedChanged_Event" computerName="V020705" duration="00:00:00.0059680" startTime="2025-04-30T09:12:21.0756658+02:00" endTime="2025-04-30T09:12:21.0816339+02:00" testType="13cdc9d9-ddb5-4fa4-a97d-d965ccfc6d4b" outcome="Passed" testListId="8c84fa94-04c1-424b-9868-57a2d4851a1d" relativeResultsDirectory="d35028cb-87c0-4066-b740-b80b20193878" />
    <UnitTestResult executionId="8aa79fc2-ba31-4c8f-a05b-a459a09d638c" testId="65ae74b2-97f6-d2ff-e505-8709e6293daa" testName="DoesNot_Throw_Exception_When_User_Is_Null" computerName="V020705" duration="00:00:00.0086180" startTime="2025-04-30T09:12:21.3142978+02:00" endTime="2025-04-30T09:12:21.3229158+02:00" testType="13cdc9d9-ddb5-4fa4-a97d-d965ccfc6d4b" outcome="Passed" testListId="8c84fa94-04c1-424b-9868-57a2d4851a1d" relativeResultsDirectory="8aa79fc2-ba31-4c8f-a05b-a459a09d638c" />
    <UnitTestResult executionId="61ab4026-5cf9-41bb-98de-ee84ea6309bb" testId="8af28186-6b74-a83a-edf6-b9761f7b652d" testName="Returns_False_When_Password_Is_NullOrEmpty(null)" computerName="V020705" duration="00:00:00.0005300" startTime="2025-04-30T09:12:22.6715757+02:00" endTime="2025-04-30T09:12:22.6721058+02:00" testType="13cdc9d9-ddb5-4fa4-a97d-d965ccfc6d4b" outcome="Passed" testListId="8c84fa94-04c1-424b-9868-57a2d4851a1d" relativeResultsDirectory="61ab4026-5cf9-41bb-98de-ee84ea6309bb" />
    <UnitTestResult executionId="e3f14962-15c7-4392-a46e-af28a49ce4a4" testId="36e6b7c7-56d7-bfa7-090b-979ec005a524" testName="Throws_ArgumentException_When_Options_Is_Null" computerName="V020705" duration="00:00:00.0004840" startTime="2025-04-30T09:12:23.4172254+02:00" endTime="2025-04-30T09:12:23.4177092+02:00" testType="13cdc9d9-ddb5-4fa4-a97d-d965ccfc6d4b" outcome="Passed" testListId="8c84fa94-04c1-424b-9868-57a2d4851a1d" relativeResultsDirectory="e3f14962-15c7-4392-a46e-af28a49ce4a4" />
    <UnitTestResult executionId="11b919e5-2524-4e73-a26d-7c7b433fa83f" testId="4cf80e03-81fc-ee7e-42a3-4a35be0e2c64" testName="Searches_AzureAD_User_By_UPN" computerName="V020705" duration="00:00:00.0036280" startTime="2025-04-30T09:12:23.6329089+02:00" endTime="2025-04-30T09:12:23.6365360+02:00" testType="13cdc9d9-ddb5-4fa4-a97d-d965ccfc6d4b" outcome="Passed" testListId="8c84fa94-04c1-424b-9868-57a2d4851a1d" relativeResultsDirectory="11b919e5-2524-4e73-a26d-7c7b433fa83f" />
    <UnitTestResult executionId="42f30482-8662-489f-b79b-bc350a728c8c" testId="fcdbfc53-2a71-a654-613d-c6e7651eccda" testName="Creates_DataProtector_And_Protects_Message" computerName="V020705" duration="00:00:00.0011750" startTime="2025-04-30T09:12:23.5630570+02:00" endTime="2025-04-30T09:12:23.5642322+02:00" testType="13cdc9d9-ddb5-4fa4-a97d-d965ccfc6d4b" outcome="Passed" testListId="8c84fa94-04c1-424b-9868-57a2d4851a1d" relativeResultsDirectory="42f30482-8662-489f-b79b-bc350a728c8c" />
    <UnitTestResult executionId="c245c67e-a775-44dc-9f99-d066120cb8f0" testId="e0ead985-7f8e-d7c2-5850-3ccd5912418e" testName="Logs_Message_When_GroupMember_Permission_Is_Missing" computerName="V020705" duration="00:00:00.0020280" startTime="2025-04-30T09:12:22.7865151+02:00" endTime="2025-04-30T09:12:22.7885424+02:00" testType="13cdc9d9-ddb5-4fa4-a97d-d965ccfc6d4b" outcome="Passed" testListId="8c84fa94-04c1-424b-9868-57a2d4851a1d" relativeResultsDirectory="c245c67e-a775-44dc-9f99-d066120cb8f0" />
    <UnitTestResult executionId="07ecdf86-c2a3-4e20-b420-b53e65ed9023" testId="0592f100-f623-2e1d-4074-f264187ae12f" testName="Throws_Exception_If_Response_Is_Null" computerName="V020705" duration="00:00:00.0007020" startTime="2025-04-30T09:12:23.5798091+02:00" endTime="2025-04-30T09:12:23.5805104+02:00" testType="13cdc9d9-ddb5-4fa4-a97d-d965ccfc6d4b" outcome="Passed" testListId="8c84fa94-04c1-424b-9868-57a2d4851a1d" relativeResultsDirectory="07ecdf86-c2a3-4e20-b420-b53e65ed9023" />
    <UnitTestResult executionId="88955e10-d47d-401d-9f8e-a6e4bb0bdd7e" testId="42b31cd6-49b5-2693-7d7c-ca3cc799425e" testName="Returns_Scoped_Actor" computerName="V020705" duration="00:00:00.0003570" startTime="2025-04-30T09:12:22.9819255+02:00" endTime="2025-04-30T09:12:22.9822821+02:00" testType="13cdc9d9-ddb5-4fa4-a97d-d965ccfc6d4b" outcome="Passed" testListId="8c84fa94-04c1-424b-9868-57a2d4851a1d" relativeResultsDirectory="88955e10-d47d-401d-9f8e-a6e4bb0bdd7e" />
    <UnitTestResult executionId="b2992ef6-16e5-4c92-abff-ea1f30897391" testId="e90a6e20-7644-8c22-5813-d83b2765bdc3" testName="Unlocks_Locked_Account" computerName="V020705" duration="00:00:00.0604700" startTime="2025-04-30T09:12:21.1029415+02:00" endTime="2025-04-30T09:12:21.1634092+02:00" testType="13cdc9d9-ddb5-4fa4-a97d-d965ccfc6d4b" outcome="Passed" testListId="8c84fa94-04c1-424b-9868-57a2d4851a1d" relativeResultsDirectory="b2992ef6-16e5-4c92-abff-ea1f30897391" />
    <UnitTestResult executionId="f91e25e3-8538-49e9-9c36-3f68f0b34622" testId="93957e81-375d-ae77-7246-f62ffb57a44d" testName="Returns_Information_For_OktaOidc" computerName="V020705" duration="00:00:00.0003010" startTime="2025-04-30T09:12:23.4997696+02:00" endTime="2025-04-30T09:12:23.5000700+02:00" testType="13cdc9d9-ddb5-4fa4-a97d-d965ccfc6d4b" outcome="Passed" testListId="8c84fa94-04c1-424b-9868-57a2d4851a1d" relativeResultsDirectory="f91e25e3-8538-49e9-9c36-3f68f0b34622" />
    <UnitTestResult executionId="2c9d0d83-e2e2-4c53-bf5b-3ee3c85e23f2" testId="6fca2e4f-07bc-74d7-971d-f5156f630b00" testName="Calls_Inner_Service" computerName="V020705" duration="00:00:00.0011410" startTime="2025-04-30T09:12:23.6037521+02:00" endTime="2025-04-30T09:12:23.6048931+02:00" testType="13cdc9d9-ddb5-4fa4-a97d-d965ccfc6d4b" outcome="Passed" testListId="8c84fa94-04c1-424b-9868-57a2d4851a1d" relativeResultsDirectory="2c9d0d83-e2e2-4c53-bf5b-3ee3c85e23f2" />
    <UnitTestResult executionId="21b7b9cb-d8b8-400d-838b-75502e0d9c0c" testId="c928d429-059d-abee-f031-1d0e2389a4ce" testName="Sends_Link_To_Sender_Of_Factory" computerName="V020705" duration="00:00:00.0011570" startTime="2025-04-30T09:12:21.3094390+02:00" endTime="2025-04-30T09:12:21.3105955+02:00" testType="13cdc9d9-ddb5-4fa4-a97d-d965ccfc6d4b" outcome="Passed" testListId="8c84fa94-04c1-424b-9868-57a2d4851a1d" relativeResultsDirectory="21b7b9cb-d8b8-400d-838b-75502e0d9c0c" />
    <UnitTestResult executionId="33106f50-0920-4741-946a-05eeff65b0ba" testId="fa661235-5ac6-58e8-9afa-ad93033873c3" testName="Throws_Exception_If_Options_Is_Null" computerName="V020705" duration="00:00:00.0009160" startTime="2025-04-30T09:12:23.5756557+02:00" endTime="2025-04-30T09:12:23.5765711+02:00" testType="13cdc9d9-ddb5-4fa4-a97d-d965ccfc6d4b" outcome="Passed" testListId="8c84fa94-04c1-424b-9868-57a2d4851a1d" relativeResultsDirectory="33106f50-0920-4741-946a-05eeff65b0ba" />
    <UnitTestResult executionId="f165092e-0838-45a6-a625-9e911a784dfb" testId="f983a492-159c-bfb5-b91b-4b925b7c8fd5" testName="Does_Not_Update_Username_When_Username_Was_Not_Equal" computerName="V020705" duration="00:00:00.0017650" startTime="2025-04-30T09:12:21.1832909+02:00" endTime="2025-04-30T09:12:21.1850558+02:00" testType="13cdc9d9-ddb5-4fa4-a97d-d965ccfc6d4b" outcome="Passed" testListId="8c84fa94-04c1-424b-9868-57a2d4851a1d" relativeResultsDirectory="f165092e-0838-45a6-a625-9e911a784dfb" />
    <UnitTestResult executionId="d461058f-71bd-4305-b182-d88fb9bfb0e3" testId="75eef484-74f8-dcad-829a-78c0eb4b4734" testName="Updates_Existing_Claim" computerName="V020705" duration="00:00:00.0018320" startTime="2025-04-30T09:12:21.2447052+02:00" endTime="2025-04-30T09:12:21.2465369+02:00" testType="13cdc9d9-ddb5-4fa4-a97d-d965ccfc6d4b" outcome="Passed" testListId="8c84fa94-04c1-424b-9868-57a2d4851a1d" relativeResultsDirectory="d461058f-71bd-4305-b182-d88fb9bfb0e3" />
    <UnitTestResult executionId="4e8f1ee7-93aa-4a75-8199-fc4fbc9f8d59" testId="46d958a8-14b7-4298-7a1a-531302386b58" testName="Can_Read_Old_Saml_With_Configuration" computerName="V020705" duration="00:00:00.0058930" startTime="2025-04-30T09:12:22.9576839+02:00" endTime="2025-04-30T09:12:22.9635763+02:00" testType="13cdc9d9-ddb5-4fa4-a97d-d965ccfc6d4b" outcome="Passed" testListId="8c84fa94-04c1-424b-9868-57a2d4851a1d" relativeResultsDirectory="4e8f1ee7-93aa-4a75-8199-fc4fbc9f8d59" />
    <UnitTestResult executionId="95e50801-a924-48cb-a78f-5d5847debd26" testId="2352b8e6-1393-5e43-1283-c4502c11af78" testName="Logs_A_Message_In_Trace_Level_Because_It_May_Contain_Sensitive_Information" computerName="V020705" duration="00:00:00.0011100" startTime="2025-04-30T09:12:23.5466696+02:00" endTime="2025-04-30T09:12:23.5477789+02:00" testType="13cdc9d9-ddb5-4fa4-a97d-d965ccfc6d4b" outcome="Passed" testListId="8c84fa94-04c1-424b-9868-57a2d4851a1d" relativeResultsDirectory="95e50801-a924-48cb-a78f-5d5847debd26" />
    <UnitTestResult executionId="fc19f97f-f840-4aa1-b300-adf64dfc6dc7" testId="cd5b806a-4a71-ca4e-5bfb-63e32113ede4" testName="Returns_Failure_If_Password_Contains_LastName(&quot;Von Wurst&quot;,&quot;vonwurst123&quot;)" computerName="V020705" duration="00:00:00.0003780" startTime="2025-04-30T09:12:21.3565063+02:00" endTime="2025-04-30T09:12:21.3568840+02:00" testType="13cdc9d9-ddb5-4fa4-a97d-d965ccfc6d4b" outcome="Passed" testListId="8c84fa94-04c1-424b-9868-57a2d4851a1d" relativeResultsDirectory="fc19f97f-f840-4aa1-b300-adf64dfc6dc7" />
    <UnitTestResult executionId="16b5ad81-4d4d-4293-a465-a079b25f5344" testId="81d09b0b-5d43-894f-7062-51cd301ec3fc" testName="Gets_Item_From_Cache" computerName="V020705" duration="00:00:00.0037130" startTime="2025-04-30T09:12:23.4045943+02:00" endTime="2025-04-30T09:12:23.4083073+02:00" testType="13cdc9d9-ddb5-4fa4-a97d-d965ccfc6d4b" outcome="Passed" testListId="8c84fa94-04c1-424b-9868-57a2d4851a1d" relativeResultsDirectory="16b5ad81-4d4d-4293-a465-a079b25f5344" />
    <UnitTestResult executionId="65cbea78-096c-458d-832f-09b0675c59b6" testId="a8b56b75-65b9-751b-4d32-a004df0488fb" testName="Does_Nothing_If_Does_Not_Match_Name_Exactly(&quot;otherClass Oneselected&quot;)" computerName="V020705" duration="00:00:00.0004510" startTime="2025-04-30T09:12:23.9371123+02:00" endTime="2025-04-30T09:12:23.9375631+02:00" testType="13cdc9d9-ddb5-4fa4-a97d-d965ccfc6d4b" outcome="Passed" testListId="8c84fa94-04c1-424b-9868-57a2d4851a1d" relativeResultsDirectory="65cbea78-096c-458d-832f-09b0675c59b6" />
    <UnitTestResult executionId="f3e86bd3-97ea-450c-9ea8-0d97fc5d4399" testId="79b3dda2-5313-039c-f7d6-f59a26bcb9fb" testName="Sends_Correct_Command" computerName="V020705" duration="00:00:00.0016990" startTime="2025-04-30T09:12:21.2585733+02:00" endTime="2025-04-30T09:12:21.2602722+02:00" testType="13cdc9d9-ddb5-4fa4-a97d-d965ccfc6d4b" outcome="Passed" testListId="8c84fa94-04c1-424b-9868-57a2d4851a1d" relativeResultsDirectory="f3e86bd3-97ea-450c-9ea8-0d97fc5d4399" />
    <UnitTestResult executionId="d959440e-08ba-4a0d-a22f-366ab0024179" testId="21d5c5ac-0207-499c-e606-878e656cf848" testName="Removes_Class_If_ControllerAttribute_Is_Current_Controller(&quot;selected someClass&quot;)" computerName="V020705" duration="00:00:00.0003750" startTime="2025-04-30T09:12:23.9404383+02:00" endTime="2025-04-30T09:12:23.9408126+02:00" testType="13cdc9d9-ddb5-4fa4-a97d-d965ccfc6d4b" outcome="Passed" testListId="8c84fa94-04c1-424b-9868-57a2d4851a1d" relativeResultsDirectory="d959440e-08ba-4a0d-a22f-366ab0024179" />
    <UnitTestResult executionId="128492ab-fc72-4ae1-88b6-442b26a08e75" testId="e058a3b6-7748-0e51-16f6-2e2bf3b4c412" testName="Returns_Correct_Type(&quot;Mozilla/5.0 (Windows NT 10.0; Win64; x64) AppleWebKit/537.36 (KHTML, like Gecko) Chrome/70.0.3538.102 Safari/537.36 Edge/18.19042&quot;,Edge)" computerName="V020705" duration="00:00:00.0265400" startTime="2025-04-30T09:12:23.0762322+02:00" endTime="2025-04-30T09:12:23.1027710+02:00" testType="13cdc9d9-ddb5-4fa4-a97d-d965ccfc6d4b" outcome="Passed" testListId="8c84fa94-04c1-424b-9868-57a2d4851a1d" relativeResultsDirectory="128492ab-fc72-4ae1-88b6-442b26a08e75" />
    <UnitTestResult executionId="bc13e1e2-8256-46c9-9935-c93aa1f35c87" testId="73f1deb3-e06f-3b4e-d637-24ff878586bd" testName="Returns_OktaModel" computerName="V020705" duration="00:00:00.0007530" startTime="2025-04-30T09:12:22.8437509+02:00" endTime="2025-04-30T09:12:22.8445035+02:00" testType="13cdc9d9-ddb5-4fa4-a97d-d965ccfc6d4b" outcome="Passed" testListId="8c84fa94-04c1-424b-9868-57a2d4851a1d" relativeResultsDirectory="bc13e1e2-8256-46c9-9935-c93aa1f35c87" />
    <UnitTestResult executionId="28f95257-f8e8-467e-9e0c-13a55b13901c" testId="04dd9e3b-69da-9abd-b401-c214fab3adb0" testName="Returns_False_For_Call_Without_Api_Prefix" computerName="V020705" duration="00:00:00.0001660" startTime="2025-04-30T09:12:22.5488117+02:00" endTime="2025-04-30T09:12:22.5489777+02:00" testType="13cdc9d9-ddb5-4fa4-a97d-d965ccfc6d4b" outcome="Passed" testListId="8c84fa94-04c1-424b-9868-57a2d4851a1d" relativeResultsDirectory="28f95257-f8e8-467e-9e0c-13a55b13901c" />
    <UnitTestResult executionId="d41aa456-5493-4e4c-8d08-849738b03178" testId="101a953c-89dc-c874-6e23-ad619ce53728" testName="Maps_Logins_To_Model" computerName="V020705" duration="00:00:00.0003680" startTime="2025-04-30T09:12:22.8729029+02:00" endTime="2025-04-30T09:12:22.8732703+02:00" testType="13cdc9d9-ddb5-4fa4-a97d-d965ccfc6d4b" outcome="Passed" testListId="8c84fa94-04c1-424b-9868-57a2d4851a1d" relativeResultsDirectory="d41aa456-5493-4e4c-8d08-849738b03178" />
    <UnitTestResult executionId="324f7f6b-f388-49ad-b5b7-083462344591" testId="25f222e7-d75b-4fb2-ff91-bce2c15431fe" testName="Throws_UnrecoverableException_When_Azure_Mail_Is_Missing" computerName="V020705" duration="00:00:00.0022940" startTime="2025-04-30T09:12:23.6397555+02:00" endTime="2025-04-30T09:12:23.6420487+02:00" testType="13cdc9d9-ddb5-4fa4-a97d-d965ccfc6d4b" outcome="Passed" testListId="8c84fa94-04c1-424b-9868-57a2d4851a1d" relativeResultsDirectory="324f7f6b-f388-49ad-b5b7-083462344591" />
    <UnitTestResult executionId="e4cc06e2-808e-440e-96ca-3a2a819fd53e" testId="04e811af-06bf-a71c-dfc9-b0fcb19525a3" testName="DoesNot_Throw_Exception_When_FirstName_Is_Null" computerName="V020705" duration="00:00:00.0047490" startTime="2025-04-30T09:12:21.3450755+02:00" endTime="2025-04-30T09:12:21.3498238+02:00" testType="13cdc9d9-ddb5-4fa4-a97d-d965ccfc6d4b" outcome="Passed" testListId="8c84fa94-04c1-424b-9868-57a2d4851a1d" relativeResultsDirectory="e4cc06e2-808e-440e-96ca-3a2a819fd53e" />
    <UnitTestResult executionId="e665ec07-e8c3-45c7-8785-813087cdbb47" testId="3f00aa1a-365f-c19a-fdf3-233454903471" testName="Maps_Simple_Properties_To_Model" computerName="V020705" duration="00:00:00.0013050" startTime="2025-04-30T09:12:22.8749906+02:00" endTime="2025-04-30T09:12:22.8762948+02:00" testType="13cdc9d9-ddb5-4fa4-a97d-d965ccfc6d4b" outcome="Passed" testListId="8c84fa94-04c1-424b-9868-57a2d4851a1d" relativeResultsDirectory="e665ec07-e8c3-45c7-8785-813087cdbb47" />
    <UnitTestResult executionId="5006eb8d-8fd3-4300-b9a3-ebb3905050de" testId="94cc2498-9eac-1f30-0495-c4043794bda1" testName="User_Without_Password_Cannot_Lock_Account(&quot;someInvalidStuff&quot;)" computerName="V020705" duration="00:00:00.0006780" startTime="2025-04-30T09:12:21.0572197+02:00" endTime="2025-04-30T09:12:21.0578971+02:00" testType="13cdc9d9-ddb5-4fa4-a97d-d965ccfc6d4b" outcome="Passed" testListId="8c84fa94-04c1-424b-9868-57a2d4851a1d" relativeResultsDirectory="5006eb8d-8fd3-4300-b9a3-ebb3905050de" />
    <UnitTestResult executionId="fd9b4b5e-7df5-4ad1-b23c-f255619af038" testId="a61ea07f-44d8-59ad-b025-684cb9bf4c30" testName="Returns_False_For_Invalid_Email(&quot;With Blank@test.com&quot;)" computerName="V020705" duration="00:00:00.0000030" startTime="2025-04-30T09:12:22.5475495+02:00" endTime="2025-04-30T09:12:22.5475525+02:00" testType="13cdc9d9-ddb5-4fa4-a97d-d965ccfc6d4b" outcome="Passed" testListId="8c84fa94-04c1-424b-9868-57a2d4851a1d" relativeResultsDirectory="fd9b4b5e-7df5-4ad1-b23c-f255619af038" />
    <UnitTestResult executionId="fad2f9c7-7517-4056-8d47-d9fcf299cb4b" testId="b44980c2-7bfa-4893-7d89-5a1df2c2fd98" testName="Throws_Error_If_Create_Failed" computerName="V020705" duration="00:00:00.0031560" startTime="2025-04-30T09:12:23.6365731+02:00" endTime="2025-04-30T09:12:23.6397288+02:00" testType="13cdc9d9-ddb5-4fa4-a97d-d965ccfc6d4b" outcome="Passed" testListId="8c84fa94-04c1-424b-9868-57a2d4851a1d" relativeResultsDirectory="fad2f9c7-7517-4056-8d47-d9fcf299cb4b" />
    <UnitTestResult executionId="a25c1273-e68e-4d74-a6d3-877428c89611" testId="086a76d6-76fa-2a76-f2a6-4ced0e37bb7f" testName="Adds_Culture_Parameter_To_Url_WithoutExistingParameters" computerName="V020705" duration="00:00:00.0002480" startTime="2025-04-30T09:12:20.4132347+02:00" endTime="2025-04-30T09:12:20.4134829+02:00" testType="13cdc9d9-ddb5-4fa4-a97d-d965ccfc6d4b" outcome="Passed" testListId="8c84fa94-04c1-424b-9868-57a2d4851a1d" relativeResultsDirectory="a25c1273-e68e-4d74-a6d3-877428c89611" />
    <UnitTestResult executionId="22b8ade3-1cdd-46e3-8ab7-58c1002c736c" testId="1c063da4-1677-5544-9354-0ebdfcc3d3e4" testName="Returns_True_For_Valid_Email(&quot;first.last@test.co.uk&quot;)" computerName="V020705" duration="00:00:00.0000040" startTime="2025-04-30T09:12:22.5477834+02:00" endTime="2025-04-30T09:12:22.5477879+02:00" testType="13cdc9d9-ddb5-4fa4-a97d-d965ccfc6d4b" outcome="Passed" testListId="8c84fa94-04c1-424b-9868-57a2d4851a1d" relativeResultsDirectory="22b8ade3-1cdd-46e3-8ab7-58c1002c736c" />
    <UnitTestResult executionId="c837962b-f7be-4e38-8a43-022debc1b449" testId="3f7ab917-8db3-2953-8e89-4894602b8565" testName="Adds_Mapping_Of_External_Claims" computerName="V020705" duration="00:00:00.0008270" startTime="2025-04-30T09:12:23.6028901+02:00" endTime="2025-04-30T09:12:23.6037171+02:00" testType="13cdc9d9-ddb5-4fa4-a97d-d965ccfc6d4b" outcome="Passed" testListId="8c84fa94-04c1-424b-9868-57a2d4851a1d" relativeResultsDirectory="c837962b-f7be-4e38-8a43-022debc1b449" />
    <UnitTestResult executionId="eb17767d-0483-4255-888a-16013a3ea49a" testId="a4cc7985-7579-069b-51e1-b53a4a3278b7" testName="Logs_The_Entire_IP_Address_If_It_Is_A_Local_Address(&quot;172.31.255.255&quot;)" computerName="V020705" duration="00:00:00.0000980" startTime="2025-04-30T09:12:22.6447662+02:00" endTime="2025-04-30T09:12:22.6448638+02:00" testType="13cdc9d9-ddb5-4fa4-a97d-d965ccfc6d4b" outcome="Passed" testListId="8c84fa94-04c1-424b-9868-57a2d4851a1d" relativeResultsDirectory="eb17767d-0483-4255-888a-16013a3ea49a" />
    <UnitTestResult executionId="780bd760-3e25-46c2-858e-d5f789008651" testId="c0cd53c6-bc7e-8906-a9fd-9ff93010c6bf" testName="Gets_Item_From_Cache" computerName="V020705" duration="00:00:00.0009160" startTime="2025-04-30T09:12:23.4110849+02:00" endTime="2025-04-30T09:12:23.4120009+02:00" testType="13cdc9d9-ddb5-4fa4-a97d-d965ccfc6d4b" outcome="Passed" testListId="8c84fa94-04c1-424b-9868-57a2d4851a1d" relativeResultsDirectory="780bd760-3e25-46c2-858e-d5f789008651" />
    <UnitTestResult executionId="0c9b6c0c-dd7d-43e4-9b2c-0f43cd001f22" testId="a75870b7-fe92-06e2-8868-f805bae5c8c4" testName="Calls_Next(&quot;https://localhost/api/v1.0/users&quot;)" computerName="V020705" duration="00:00:00.0028230" startTime="2025-04-30T09:12:22.9408321+02:00" endTime="2025-04-30T09:12:22.9436543+02:00" testType="13cdc9d9-ddb5-4fa4-a97d-d965ccfc6d4b" outcome="Passed" testListId="8c84fa94-04c1-424b-9868-57a2d4851a1d" relativeResultsDirectory="0c9b6c0c-dd7d-43e4-9b2c-0f43cd001f22" />
    <UnitTestResult executionId="8a67e80b-8ef3-4a1f-9bbf-a67da2021544" testId="41a25716-0158-10aa-1ed6-04e8e06aecb2" testName="Does_Nothing_If_Does_Not_Match_Name_Exactly(&quot;selectedField otherClass&quot;)" computerName="V020705" duration="00:00:00.0005630" startTime="2025-04-30T09:12:23.9365219+02:00" endTime="2025-04-30T09:12:23.9370849+02:00" testType="13cdc9d9-ddb5-4fa4-a97d-d965ccfc6d4b" outcome="Passed" testListId="8c84fa94-04c1-424b-9868-57a2d4851a1d" relativeResultsDirectory="8a67e80b-8ef3-4a1f-9bbf-a67da2021544" />
    <UnitTestResult executionId="11ca5fcd-6e2c-49c3-9939-e266202972ad" testId="b6ecc9d9-3150-74f2-ea1e-05f683a42d87" testName="Returns_InternetExplorer(&quot;Mozilla/5.0 (Windows NT 6.1; Trident/7.0; rv:11.0) like Gecko&quot;)" computerName="V020705" duration="00:00:00.0194350" startTime="2025-04-30T09:12:23.3336744+02:00" endTime="2025-04-30T09:12:23.3531083+02:00" testType="13cdc9d9-ddb5-4fa4-a97d-d965ccfc6d4b" outcome="Passed" testListId="8c84fa94-04c1-424b-9868-57a2d4851a1d" relativeResultsDirectory="11ca5fcd-6e2c-49c3-9939-e266202972ad" />
    <UnitTestResult executionId="69ed72d5-3e25-423a-a62e-60e04f6953d2" testId="0c35afa0-1d7e-2e86-e31f-5482c99f4ccd" testName="Sends_CreatedUserEvent" computerName="V020705" duration="00:00:00.1487770" startTime="2025-04-30T09:12:20.5363336+02:00" endTime="2025-04-30T09:12:20.6851067+02:00" testType="13cdc9d9-ddb5-4fa4-a97d-d965ccfc6d4b" outcome="Passed" testListId="8c84fa94-04c1-424b-9868-57a2d4851a1d" relativeResultsDirectory="69ed72d5-3e25-423a-a62e-60e04f6953d2" />
    <UnitTestResult executionId="c58e6b05-6497-449d-a361-89f44b934f24" testId="8b9251c6-a023-f6f7-4a50-226347dfa187" testName="Calls_Next(&quot;https://localhost/api/v1.0/users&quot;)" computerName="V020705" duration="00:00:00.0006489" startTime="2025-04-30T09:12:22.9126884+02:00" endTime="2025-04-30T09:12:22.9133374+02:00" testType="13cdc9d9-ddb5-4fa4-a97d-d965ccfc6d4b" outcome="Passed" testListId="8c84fa94-04c1-424b-9868-57a2d4851a1d" relativeResultsDirectory="c58e6b05-6497-449d-a361-89f44b934f24" />
    <UnitTestResult executionId="ca97bb83-2935-400f-9613-ef508e6302b5" testId="1f6ab7c3-730d-da30-47be-297fd07fd2cd" testName="Calls_Next" computerName="V020705" duration="00:00:00.0199580" startTime="2025-04-30T09:12:22.9151101+02:00" endTime="2025-04-30T09:12:22.9350675+02:00" testType="13cdc9d9-ddb5-4fa4-a97d-d965ccfc6d4b" outcome="Passed" testListId="8c84fa94-04c1-424b-9868-57a2d4851a1d" relativeResultsDirectory="ca97bb83-2935-400f-9613-ef508e6302b5" />
    <UnitTestResult executionId="83adf29f-2001-42c6-afb7-dd900252ddd2" testId="dde6984e-17db-755d-5b78-5674762449e2" testName="Return_SamlConfiguration_For_Saml_Provider" computerName="V020705" duration="00:00:00.0221010" startTime="2025-04-30T09:12:22.2626603+02:00" endTime="2025-04-30T09:12:22.2847608+02:00" testType="13cdc9d9-ddb5-4fa4-a97d-d965ccfc6d4b" outcome="Passed" testListId="8c84fa94-04c1-424b-9868-57a2d4851a1d" relativeResultsDirectory="83adf29f-2001-42c6-afb7-dd900252ddd2" />
    <UnitTestResult executionId="52103590-a143-4800-a439-406325e496bd" testId="5a33a868-c337-f8eb-b785-5f5f6094623a" testName="Maps_Simple_Properties_To_Client_Entity_By_Name" computerName="V020705" duration="00:00:00.0009970" startTime="2025-04-30T09:12:22.8560796+02:00" endTime="2025-04-30T09:12:22.8570768+02:00" testType="13cdc9d9-ddb5-4fa4-a97d-d965ccfc6d4b" outcome="Passed" testListId="8c84fa94-04c1-424b-9868-57a2d4851a1d" relativeResultsDirectory="52103590-a143-4800-a439-406325e496bd" />
    <UnitTestResult executionId="fc8ef48d-4a71-42c6-a6a1-ed31637ec646" testId="18709f93-7f08-10e7-ce1b-5f4578af39cd" testName="Logs_The_Entire_IP_Address_If_It_Is_A_Local_Address(&quot;10.49.13.0&quot;)" computerName="V020705" duration="00:00:00.0001900" startTime="2025-04-30T09:12:22.6471466+02:00" endTime="2025-04-30T09:12:22.6473368+02:00" testType="13cdc9d9-ddb5-4fa4-a97d-d965ccfc6d4b" outcome="Passed" testListId="8c84fa94-04c1-424b-9868-57a2d4851a1d" relativeResultsDirectory="fc8ef48d-4a71-42c6-a6a1-ed31637ec646" />
    <UnitTestResult executionId="e1f672b1-e565-4c47-99c6-bec970262c98" testId="47efc9b0-c055-2864-fadf-b69a63155a1d" testName="Finds_User_By_Id" computerName="V020705" duration="00:00:00.0023790" startTime="2025-04-30T09:12:21.6377276+02:00" endTime="2025-04-30T09:12:21.6401065+02:00" testType="13cdc9d9-ddb5-4fa4-a97d-d965ccfc6d4b" outcome="Passed" testListId="8c84fa94-04c1-424b-9868-57a2d4851a1d" relativeResultsDirectory="e1f672b1-e565-4c47-99c6-bec970262c98" />
    <UnitTestResult executionId="8cddf7ef-d5b6-4994-a48a-3d5de85aec07" testId="58a992cc-6c4a-d2b4-3139-c2b3615f409a" testName="Publishes_UserUnblocked_Event" computerName="V020705" duration="00:00:00.0023019" startTime="2025-04-30T09:12:21.1731287+02:00" endTime="2025-04-30T09:12:21.1754307+02:00" testType="13cdc9d9-ddb5-4fa4-a97d-d965ccfc6d4b" outcome="Passed" testListId="8c84fa94-04c1-424b-9868-57a2d4851a1d" relativeResultsDirectory="8cddf7ef-d5b6-4994-a48a-3d5de85aec07" />
    <UnitTestResult executionId="9031d4a2-3c87-4397-8c04-f48928600306" testId="3dd27072-4e73-dee3-7a60-9f4aeb7be799" testName="Returns_BadRequest_On_Error" computerName="V020705" duration="00:00:00.0022060" startTime="2025-04-30T09:12:21.6129134+02:00" endTime="2025-04-30T09:12:21.6151187+02:00" testType="13cdc9d9-ddb5-4fa4-a97d-d965ccfc6d4b" outcome="Passed" testListId="8c84fa94-04c1-424b-9868-57a2d4851a1d" relativeResultsDirectory="9031d4a2-3c87-4397-8c04-f48928600306" />
    <UnitTestResult executionId="5901b0c7-bde3-474d-beb9-55530cce949f" testId="32939905-96dc-2546-5a1a-29e110e3f79d" testName="Can_Read_Old_File_With_Configuration" computerName="V020705" duration="00:00:00.0003700" startTime="2025-04-30T09:12:22.9573050+02:00" endTime="2025-04-30T09:12:22.9576749+02:00" testType="13cdc9d9-ddb5-4fa4-a97d-d965ccfc6d4b" outcome="Passed" testListId="8c84fa94-04c1-424b-9868-57a2d4851a1d" relativeResultsDirectory="5901b0c7-bde3-474d-beb9-55530cce949f" />
    <UnitTestResult executionId="6b4fc863-e398-47c5-88f1-47cc78f83331" testId="0476de50-c01c-d21b-9b14-995f1b550227" testName="Returns_IsBlocked_Result_If_The_User_Is_Blocked" computerName="V020705" duration="00:00:00.0020200" startTime="2025-04-30T09:12:21.0385163+02:00" endTime="2025-04-30T09:12:21.0405357+02:00" testType="13cdc9d9-ddb5-4fa4-a97d-d965ccfc6d4b" outcome="Passed" testListId="8c84fa94-04c1-424b-9868-57a2d4851a1d" relativeResultsDirectory="6b4fc863-e398-47c5-88f1-47cc78f83331" />
    <UnitTestResult executionId="42642566-8b73-44b9-873a-b3fc11b192cf" testId="3ea82689-c4a3-5cf9-13f4-7d0e0aa9eda1" testName="Returns_StatusMessage_On_Model_With_Error_When_Saving_Fails" computerName="V020705" duration="00:00:00.0016710" startTime="2025-04-30T09:12:22.3648560+02:00" endTime="2025-04-30T09:12:22.3665262+02:00" testType="13cdc9d9-ddb5-4fa4-a97d-d965ccfc6d4b" outcome="Passed" testListId="8c84fa94-04c1-424b-9868-57a2d4851a1d" relativeResultsDirectory="42642566-8b73-44b9-873a-b3fc11b192cf" />
    <UnitTestResult executionId="9d75126d-4e8d-4c4d-92c7-96785c00c739" testId="94908e38-9469-467a-05c5-c56d2d50b074" testName="Throws_Exception_When_Client_QueueName_Is_Empty" computerName="V020705" duration="00:00:00.0018190" startTime="2025-04-30T09:12:21.2629152+02:00" endTime="2025-04-30T09:12:21.2647340+02:00" testType="13cdc9d9-ddb5-4fa4-a97d-d965ccfc6d4b" outcome="Passed" testListId="8c84fa94-04c1-424b-9868-57a2d4851a1d" relativeResultsDirectory="9d75126d-4e8d-4c4d-92c7-96785c00c739" />
    <UnitTestResult executionId="b060c0a7-58f9-4002-9644-6c5f367a6204" testId="12f76939-5c14-809b-18e2-623fcb6959f3" testName="Forbids_Updates_On_The_ChgAzureAd_LoginProvider" computerName="V020705" duration="00:00:00.0009840" startTime="2025-04-30T09:12:22.3628593+02:00" endTime="2025-04-30T09:12:22.3638425+02:00" testType="13cdc9d9-ddb5-4fa4-a97d-d965ccfc6d4b" outcome="Passed" testListId="8c84fa94-04c1-424b-9868-57a2d4851a1d" relativeResultsDirectory="b060c0a7-58f9-4002-9644-6c5f367a6204" />
    <UnitTestResult executionId="f1c2aa98-62a7-42b5-ac7c-ca94635bb365" testId="5c5bfbdb-364e-4210-34cb-0e1da72812b5" testName="Logs_UserName(&quot;https://localhost/External/Callback?returnUrl=%2Fconnect%2Fauthorize%2Fcallback%3Fresponse_type%3Dcode%26nonce%3DS4_ecUibIx3gDlmu2gxWbg%26state%3DiKrnRROcgdSCouI65KxTaA%26code_challenge%3Do64_GXFowwNSMMDN3FzQWUHEZVU0QqnWaggSLrGBP2Q%26code_challenge_method%3DS256%26client_id%3Dlas_desktop%26scope%3Dopenid%2520profile%2520offline_access%2520chgprofile%2520email%2520dms_appserver_api%26redirect_uri%3Dhttp%253A%252F%252Flocalhost%252Flas_desktop%26acr_values%3Didp%253ACHGAzureAD%26login_hint%3Dhans.peter@test.com&quot;)" computerName="V020705" duration="00:00:00.0024620" startTime="2025-04-30T09:12:22.9461228+02:00" endTime="2025-04-30T09:12:22.9485844+02:00" testType="13cdc9d9-ddb5-4fa4-a97d-d965ccfc6d4b" outcome="Passed" testListId="8c84fa94-04c1-424b-9868-57a2d4851a1d" relativeResultsDirectory="f1c2aa98-62a7-42b5-ac7c-ca94635bb365" />
    <UnitTestResult executionId="69160231-949f-4d42-9f04-2621eba0e422" testId="1a7ae2ed-7638-77e5-95d9-08861be23eff" testName="Can_Read_SamlProvider" computerName="V020705" duration="00:00:00.0004710" startTime="2025-04-30T09:12:22.9636086+02:00" endTime="2025-04-30T09:12:22.9640798+02:00" testType="13cdc9d9-ddb5-4fa4-a97d-d965ccfc6d4b" outcome="Passed" testListId="8c84fa94-04c1-424b-9868-57a2d4851a1d" relativeResultsDirectory="69160231-949f-4d42-9f04-2621eba0e422" />
    <UnitTestResult executionId="df2cb3ad-74a5-4103-9f14-45c91994670b" testId="ba58d36f-7b7d-3446-5deb-e66ae1bd2d35" testName="Publishes_UserStateChanged_Event_With_Not_IsLocked_When_Enddate_IsNotSet" computerName="V020705" duration="00:00:00.0018340" startTime="2025-04-30T09:12:21.2028335+02:00" endTime="2025-04-30T09:12:21.2046667+02:00" testType="13cdc9d9-ddb5-4fa4-a97d-d965ccfc6d4b" outcome="Passed" testListId="8c84fa94-04c1-424b-9868-57a2d4851a1d" relativeResultsDirectory="df2cb3ad-74a5-4103-9f14-45c91994670b" />
    <UnitTestResult executionId="25804a33-7458-46d8-93eb-527b0a6e10be" testId="bf6d7b56-38fc-3570-e68e-6dc8ac6cd24d" testName="Does_Nothing_If_ControllerAttribute_Is_Not_Current_Controller" computerName="V020705" duration="00:00:00.0023249" startTime="2025-04-30T09:12:23.9327039+02:00" endTime="2025-04-30T09:12:23.9350280+02:00" testType="13cdc9d9-ddb5-4fa4-a97d-d965ccfc6d4b" outcome="Passed" testListId="8c84fa94-04c1-424b-9868-57a2d4851a1d" relativeResultsDirectory="25804a33-7458-46d8-93eb-527b0a6e10be" />
    <UnitTestResult executionId="746ddf81-8442-44f1-bfcf-8bc47db0e49b" testId="e52d7b41-e7ff-77d7-664c-0130381d5cdc" testName="Does_Not_Set_ReturnUri_If_Was_Challenged" computerName="V020705" duration="00:00:00.0002180" startTime="2025-04-30T09:12:23.6076546+02:00" endTime="2025-04-30T09:12:23.6078727+02:00" testType="13cdc9d9-ddb5-4fa4-a97d-d965ccfc6d4b" outcome="Passed" testListId="8c84fa94-04c1-424b-9868-57a2d4851a1d" relativeResultsDirectory="746ddf81-8442-44f1-bfcf-8bc47db0e49b" />
    <UnitTestResult executionId="d4e44c68-560f-44cf-9b27-9def07031230" testId="0eac750e-a9dc-3b71-e94f-29a89efc69d8" testName="Returns_Null_When_No_User_Was_Found" computerName="V020705" duration="00:00:00.0018850" startTime="2025-04-30T09:12:20.7325152+02:00" endTime="2025-04-30T09:12:20.7343995+02:00" testType="13cdc9d9-ddb5-4fa4-a97d-d965ccfc6d4b" outcome="Passed" testListId="8c84fa94-04c1-424b-9868-57a2d4851a1d" relativeResultsDirectory="d4e44c68-560f-44cf-9b27-9def07031230" />
    <UnitTestResult executionId="3631a821-e0e2-4c2d-8fbc-08b7058583b8" testId="9038a1a1-5d0d-d814-7016-77c5af3ffe93" testName="Sets_Username_By_Email_If_Empty" computerName="V020705" duration="00:00:00.0018160" startTime="2025-04-30T09:12:21.6165574+02:00" endTime="2025-04-30T09:12:21.6183731+02:00" testType="13cdc9d9-ddb5-4fa4-a97d-d965ccfc6d4b" outcome="Passed" testListId="8c84fa94-04c1-424b-9868-57a2d4851a1d" relativeResultsDirectory="3631a821-e0e2-4c2d-8fbc-08b7058583b8" />
    <UnitTestResult executionId="9f29e50e-1a63-4e23-85f2-d65994300c45" testId="a878bf4b-501c-6ec2-6a79-b669f963f12b" testName="Returns_Null_From_Assigned_LoginProvider_When_Multiple_Available" computerName="V020705" duration="00:00:00.0033760" startTime="2025-04-30T09:12:23.4864442+02:00" endTime="2025-04-30T09:12:23.4898197+02:00" testType="13cdc9d9-ddb5-4fa4-a97d-d965ccfc6d4b" outcome="Passed" testListId="8c84fa94-04c1-424b-9868-57a2d4851a1d" relativeResultsDirectory="9f29e50e-1a63-4e23-85f2-d65994300c45" />
    <UnitTestResult executionId="bb19526b-72ac-4d63-b399-76915fc7603f" testId="82b61c68-bc06-db1b-7b8e-26d0fc3bf2c4" testName="Ensure_Backing_Field_Exists" computerName="V020705" duration="00:00:00.0002150" startTime="2025-04-30T09:12:21.3851211+02:00" endTime="2025-04-30T09:12:21.3853364+02:00" testType="13cdc9d9-ddb5-4fa4-a97d-d965ccfc6d4b" outcome="Passed" testListId="8c84fa94-04c1-424b-9868-57a2d4851a1d" relativeResultsDirectory="bb19526b-72ac-4d63-b399-76915fc7603f" />
    <UnitTestResult executionId="4d2b4efa-5910-4034-97d1-1f09a3e2008a" testId="4024714a-9928-1b15-32a0-35b48ea25bd7" testName="Returns_InternetExplorer(&quot;Mozilla/5.0 (Windows NT 6.3; Trident/7.0; rv:11.0) like Gecko&quot;)" computerName="V020705" duration="00:00:00.0178330" startTime="2025-04-30T09:12:23.2770887+02:00" endTime="2025-04-30T09:12:23.2949205+02:00" testType="13cdc9d9-ddb5-4fa4-a97d-d965ccfc6d4b" outcome="Passed" testListId="8c84fa94-04c1-424b-9868-57a2d4851a1d" relativeResultsDirectory="4d2b4efa-5910-4034-97d1-1f09a3e2008a" />
    <UnitTestResult executionId="9e36b3b8-6893-44fd-8cc1-df0d093570db" testId="cc99a6ef-b3a3-7927-d4f1-97caa88501f4" testName="Does_Not_Log_Cookie_Header" computerName="V020705" duration="00:00:00.0149370" startTime="2025-04-30T09:12:22.6247579+02:00" endTime="2025-04-30T09:12:22.6396942+02:00" testType="13cdc9d9-ddb5-4fa4-a97d-d965ccfc6d4b" outcome="Passed" testListId="8c84fa94-04c1-424b-9868-57a2d4851a1d" relativeResultsDirectory="9e36b3b8-6893-44fd-8cc1-df0d093570db" />
    <UnitTestResult executionId="236dfec2-41c5-468d-b38d-a4dd24b70f19" testId="c11f4419-b2f9-7b02-e49a-7ff752aa5d2c" testName="Calls_Api_Url" computerName="V020705" duration="00:00:00.0181860" startTime="2025-04-30T09:12:22.6500209+02:00" endTime="2025-04-30T09:12:22.6682064+02:00" testType="13cdc9d9-ddb5-4fa4-a97d-d965ccfc6d4b" outcome="Passed" testListId="8c84fa94-04c1-424b-9868-57a2d4851a1d" relativeResultsDirectory="236dfec2-41c5-468d-b38d-a4dd24b70f19" />
    <UnitTestResult executionId="1980db51-e4c7-4c76-b728-a651764e3ac6" testId="88b8f556-256b-f94e-d031-10be648772aa" testName="Returns_Information_For_OktaOidc_With_Modern_Uris" computerName="V020705" duration="00:00:00.0002550" startTime="2025-04-30T09:12:23.5000777+02:00" endTime="2025-04-30T09:12:23.5003319+02:00" testType="13cdc9d9-ddb5-4fa4-a97d-d965ccfc6d4b" outcome="Passed" testListId="8c84fa94-04c1-424b-9868-57a2d4851a1d" relativeResultsDirectory="1980db51-e4c7-4c76-b728-a651764e3ac6" />
    <UnitTestResult executionId="6bc3e8c7-7609-46e2-bc5c-e0bd664a75af" testId="ff93bcee-96c5-c829-d896-93fe25fe2a0c" testName="Updates_LastName" computerName="V020705" duration="00:00:00.0014550" startTime="2025-04-30T09:12:21.6525831+02:00" endTime="2025-04-30T09:12:21.6540376+02:00" testType="13cdc9d9-ddb5-4fa4-a97d-d965ccfc6d4b" outcome="Passed" testListId="8c84fa94-04c1-424b-9868-57a2d4851a1d" relativeResultsDirectory="6bc3e8c7-7609-46e2-bc5c-e0bd664a75af" />
    <UnitTestResult executionId="1418b579-be70-41b9-ba18-80a63a11a26b" testId="596fa7f3-0e0a-873b-eb2d-93f3f2e37cd2" testName="Returns_Response_With_Object_Values" computerName="V020705" duration="00:00:00.0016680" startTime="2025-04-30T09:12:20.7148226+02:00" endTime="2025-04-30T09:12:20.7164904+02:00" testType="13cdc9d9-ddb5-4fa4-a97d-d965ccfc6d4b" outcome="Passed" testListId="8c84fa94-04c1-424b-9868-57a2d4851a1d" relativeResultsDirectory="1418b579-be70-41b9-ba18-80a63a11a26b" />
    <UnitTestResult executionId="79239ff3-8a11-4137-afa8-702bdc74422d" testId="ce5e12a0-72e0-75c2-6638-958d50f2d0c1" testName="Maps_Model_To_Entity" computerName="V020705" duration="00:00:00.0022810" startTime="2025-04-30T09:12:22.8659263+02:00" endTime="2025-04-30T09:12:22.8682069+02:00" testType="13cdc9d9-ddb5-4fa4-a97d-d965ccfc6d4b" outcome="Passed" testListId="8c84fa94-04c1-424b-9868-57a2d4851a1d" relativeResultsDirectory="79239ff3-8a11-4137-afa8-702bdc74422d" />
    <UnitTestResult executionId="c3edf67a-5027-4b41-bab3-a3bc493ba1c0" testId="2a526286-d4c7-cb07-ba0f-537b8f12a3b5" testName="Returns_NotFound_Result_For_Non_Existing_Provider" computerName="V020705" duration="00:00:00.0008140" startTime="2025-04-30T09:12:22.4045888+02:00" endTime="2025-04-30T09:12:22.4054022+02:00" testType="13cdc9d9-ddb5-4fa4-a97d-d965ccfc6d4b" outcome="Passed" testListId="8c84fa94-04c1-424b-9868-57a2d4851a1d" relativeResultsDirectory="c3edf67a-5027-4b41-bab3-a3bc493ba1c0" />
    <UnitTestResult executionId="2a341c92-5c40-4109-b1f4-bc7f1ba283b9" testId="8ff066a4-3c46-d21c-07a8-eb5ffb184ac5" testName="DoesNot_Throw_Exception_When_User_Is_Null" computerName="V020705" duration="00:00:00.0007800" startTime="2025-04-30T09:12:21.3511946+02:00" endTime="2025-04-30T09:12:21.3519741+02:00" testType="13cdc9d9-ddb5-4fa4-a97d-d965ccfc6d4b" outcome="Passed" testListId="8c84fa94-04c1-424b-9868-57a2d4851a1d" relativeResultsDirectory="2a341c92-5c40-4109-b1f4-bc7f1ba283b9" />
    <UnitTestResult executionId="e385aa3d-d8c7-4cf1-be8a-2123bce05bfa" testId="61bac021-8883-590e-1acd-b292c986ef30" testName="Adds_External_Claims_To_Saml_With_Prefix" computerName="V020705" duration="00:00:00.0014950" startTime="2025-04-30T09:12:23.4516548+02:00" endTime="2025-04-30T09:12:23.4531497+02:00" testType="13cdc9d9-ddb5-4fa4-a97d-d965ccfc6d4b" outcome="Passed" testListId="8c84fa94-04c1-424b-9868-57a2d4851a1d" relativeResultsDirectory="e385aa3d-d8c7-4cf1-be8a-2123bce05bfa" />
    <UnitTestResult executionId="af5686f0-34df-487f-bbb1-b2d58ba86b5e" testId="14a30491-414b-edbb-1267-b52f1054f684" testName="Returns_Correct_Type(&quot;Mozilla/5.0 (iPad; CPU iPhone OS 13_2_3 like Mac OS X) AppleWebKit/605.1.15 (KHTML, like Gecko) Version/13.0.3 Mobile/15E148 Safari/604.1&quot;,Safari)" computerName="V020705" duration="00:00:00.0191920" startTime="2025-04-30T09:12:23.1797422+02:00" endTime="2025-04-30T09:12:23.1989334+02:00" testType="13cdc9d9-ddb5-4fa4-a97d-d965ccfc6d4b" outcome="Passed" testListId="8c84fa94-04c1-424b-9868-57a2d4851a1d" relativeResultsDirectory="af5686f0-34df-487f-bbb1-b2d58ba86b5e" />
    <UnitTestResult executionId="9be63db8-be01-44a2-9895-72ebfec26226" testId="4be21586-0086-5115-1ea1-ec6a0f88a724" testName="Logs_Warning_For_Found_BadWord(&quot;/Account/Login?ReturnUrl=-5281%20UNION%20ALL%20SELECT%2063%2C63%2C63%2C63%2C63%2C63%2C63%2C63%2C63%2C63%23&quot;)" computerName="V020705" duration="00:00:00.0036660" startTime="2025-04-30T09:12:22.9351213+02:00" endTime="2025-04-30T09:12:22.9387864+02:00" testType="13cdc9d9-ddb5-4fa4-a97d-d965ccfc6d4b" outcome="Passed" testListId="8c84fa94-04c1-424b-9868-57a2d4851a1d" relativeResultsDirectory="9be63db8-be01-44a2-9895-72ebfec26226" />
    <UnitTestResult executionId="71d6142e-016a-48b2-bc89-e8f354a2ad63" testId="090bd348-ea7b-2eb7-b70e-5e31d4107dc0" testName="Returns_InternetExplorer(&quot;Mozilla/5.0 (compatible; MSIE 10.0; Windows NT 6.2; Trident/6.0)&quot;)" computerName="V020705" duration="00:00:00.0191960" startTime="2025-04-30T09:12:23.3531496+02:00" endTime="2025-04-30T09:12:23.3723440+02:00" testType="13cdc9d9-ddb5-4fa4-a97d-d965ccfc6d4b" outcome="Passed" testListId="8c84fa94-04c1-424b-9868-57a2d4851a1d" relativeResultsDirectory="71d6142e-016a-48b2-bc89-e8f354a2ad63" />
    <UnitTestResult executionId="62436c2f-b4b1-4a56-aba3-ae0bc79c36c9" testId="a3b79c5b-c356-dc40-e8aa-d03a267db88c" testName="Calls_Store" computerName="V020705" duration="00:00:00.0028950" startTime="2025-04-30T09:12:23.4797959+02:00" endTime="2025-04-30T09:12:23.4826909+02:00" testType="13cdc9d9-ddb5-4fa4-a97d-d965ccfc6d4b" outcome="Passed" testListId="8c84fa94-04c1-424b-9868-57a2d4851a1d" relativeResultsDirectory="62436c2f-b4b1-4a56-aba3-ae0bc79c36c9" />
    <UnitTestResult executionId="d437ee3b-9e3d-46a3-8d1f-db1406360a8e" testId="6b0905e9-a535-7ad7-c3c9-d2d46470ba6b" testName="Logs_The_First_Two_Octets_Of_An_IPv4_Address(&quot;1.1.1.1&quot;,&quot;1.1.xx.xx&quot;)" computerName="V020705" duration="00:00:00.0010230" startTime="2025-04-30T09:12:22.6484443+02:00" endTime="2025-04-30T09:12:22.6494669+02:00" testType="13cdc9d9-ddb5-4fa4-a97d-d965ccfc6d4b" outcome="Passed" testListId="8c84fa94-04c1-424b-9868-57a2d4851a1d" relativeResultsDirectory="d437ee3b-9e3d-46a3-8d1f-db1406360a8e" />
    <UnitTestResult executionId="cc7abc1e-bb40-4d5f-b8d2-884660569c76" testId="2509055a-c9d6-06b6-a5cf-b861ef1f3703" testName="Does_Not_Redirect_To_External_Challenge_When_External_Login_Only_Because_Error_Occurred" computerName="V020705" duration="00:00:00.0116710" startTime="2025-04-30T09:12:21.4632747+02:00" endTime="2025-04-30T09:12:21.4749447+02:00" testType="13cdc9d9-ddb5-4fa4-a97d-d965ccfc6d4b" outcome="Passed" testListId="8c84fa94-04c1-424b-9868-57a2d4851a1d" relativeResultsDirectory="cc7abc1e-bb40-4d5f-b8d2-884660569c76" />
    <UnitTestResult executionId="d95656f6-3088-407b-85c5-b8fc57b126af" testId="c005f5ef-50ee-135b-4b11-05b77157d8e4" testName="Return_Empty_Concatinated_Groups" computerName="V020705" duration="00:00:00.0019260" startTime="2025-04-30T09:12:23.5995348+02:00" endTime="2025-04-30T09:12:23.6014604+02:00" testType="13cdc9d9-ddb5-4fa4-a97d-d965ccfc6d4b" outcome="Passed" testListId="8c84fa94-04c1-424b-9868-57a2d4851a1d" relativeResultsDirectory="d95656f6-3088-407b-85c5-b8fc57b126af" />
    <UnitTestResult executionId="46a89eb4-0a9b-47d0-a0a9-c1d59b614282" testId="17f49073-1f5e-b966-c5e8-3d8454130f96" testName="Shows_User_Was_Unlocked_Screen_After_Successful_Unlock" computerName="V020705" duration="00:00:00.0014450" startTime="2025-04-30T09:12:21.4976107+02:00" endTime="2025-04-30T09:12:21.4990556+02:00" testType="13cdc9d9-ddb5-4fa4-a97d-d965ccfc6d4b" outcome="Passed" testListId="8c84fa94-04c1-424b-9868-57a2d4851a1d" relativeResultsDirectory="46a89eb4-0a9b-47d0-a0a9-c1d59b614282" />
    <UnitTestResult executionId="d5f18773-6666-4a69-bff7-3f389a73abca" testId="6b10e413-ea1f-b9e8-1aa1-4b3109f89c52" testName="Returns_Json_Document" computerName="V020705" duration="00:00:00.0010039" startTime="2025-04-30T09:12:22.3878705+02:00" endTime="2025-04-30T09:12:22.3888739+02:00" testType="13cdc9d9-ddb5-4fa4-a97d-d965ccfc6d4b" outcome="Passed" testListId="8c84fa94-04c1-424b-9868-57a2d4851a1d" relativeResultsDirectory="d5f18773-6666-4a69-bff7-3f389a73abca" />
    <UnitTestResult executionId="7cf36393-c9a7-4b9c-9c16-6bf3d2c2a65b" testId="8f4a8458-20ec-579e-12a7-ac495ef094f6" testName="Adds_Input_Element_If_Client_Context_Exists" computerName="V020705" duration="00:00:00.0021960" startTime="2025-04-30T09:12:23.9292748+02:00" endTime="2025-04-30T09:12:23.9314706+02:00" testType="13cdc9d9-ddb5-4fa4-a97d-d965ccfc6d4b" outcome="Passed" testListId="8c84fa94-04c1-424b-9868-57a2d4851a1d" relativeResultsDirectory="7cf36393-c9a7-4b9c-9c16-6bf3d2c2a65b" />
    <UnitTestResult executionId="265d647e-884e-4037-b080-09cfcaf1cf7a" testId="33a6006f-13d9-f45e-d3eb-ffeebbfcbfe1" testName="Returns_First_Increment" computerName="V020705" duration="00:00:00.0005360" startTime="2025-04-30T09:12:23.0278139+02:00" endTime="2025-04-30T09:12:23.0283496+02:00" testType="13cdc9d9-ddb5-4fa4-a97d-d965ccfc6d4b" outcome="Passed" testListId="8c84fa94-04c1-424b-9868-57a2d4851a1d" relativeResultsDirectory="265d647e-884e-4037-b080-09cfcaf1cf7a" />
    <UnitTestResult executionId="2f3ddb16-81f1-480c-8db7-130e0c13191e" testId="e31ea099-e7db-5826-f038-b16885bdc4e8" testName="Returns_True_For_Api_Call" computerName="V020705" duration="00:00:00.0000580" startTime="2025-04-30T09:12:22.5489864+02:00" endTime="2025-04-30T09:12:22.5490440+02:00" testType="13cdc9d9-ddb5-4fa4-a97d-d965ccfc6d4b" outcome="Passed" testListId="8c84fa94-04c1-424b-9868-57a2d4851a1d" relativeResultsDirectory="2f3ddb16-81f1-480c-8db7-130e0c13191e" />
    <UnitTestResult executionId="93a6e3d9-bc0b-4aea-b91f-72507f0054d9" testId="9b95bfa4-55e3-732f-a6b1-834d6f399544" testName="Does_Nothing" computerName="V020705" duration="00:00:00.0020680" startTime="2025-04-30T09:12:23.4232605+02:00" endTime="2025-04-30T09:12:23.4253284+02:00" testType="13cdc9d9-ddb5-4fa4-a97d-d965ccfc6d4b" outcome="Passed" testListId="8c84fa94-04c1-424b-9868-57a2d4851a1d" relativeResultsDirectory="93a6e3d9-bc0b-4aea-b91f-72507f0054d9" />
    <UnitTestResult executionId="b782f33b-60d5-4b21-8692-80f17808f95b" testId="16b6f24e-4381-7a94-ab04-3025c22ce684" testName="Sends_Link_To_Email_Sender" computerName="V020705" duration="00:00:00.0047960" startTime="2025-04-30T09:12:21.2709542+02:00" endTime="2025-04-30T09:12:21.2757494+02:00" testType="13cdc9d9-ddb5-4fa4-a97d-d965ccfc6d4b" outcome="Passed" testListId="8c84fa94-04c1-424b-9868-57a2d4851a1d" relativeResultsDirectory="b782f33b-60d5-4b21-8692-80f17808f95b" />
    <UnitTestResult executionId="059457fc-5b40-4dfb-b21e-bc6bb1bf5bb4" testId="0f595d3c-24c1-33b8-b1fa-52388920cbaa" testName="Returns_Not_Found_When_Updating_Non_Existing_Provider" computerName="V020705" duration="00:00:00.0009470" startTime="2025-04-30T09:12:22.3638771+02:00" endTime="2025-04-30T09:12:22.3648243+02:00" testType="13cdc9d9-ddb5-4fa4-a97d-d965ccfc6d4b" outcome="Passed" testListId="8c84fa94-04c1-424b-9868-57a2d4851a1d" relativeResultsDirectory="059457fc-5b40-4dfb-b21e-bc6bb1bf5bb4" />
    <UnitTestResult executionId="c1dbb212-1d49-433e-9655-e05837c306e1" testId="5b45e2bb-7a52-fa8e-f884-2649791bda5c" testName="External_User_Cannot_Lock_Account(null)" computerName="V020705" duration="00:00:00.0005890" startTime="2025-04-30T09:12:21.0537238+02:00" endTime="2025-04-30T09:12:21.0543129+02:00" testType="13cdc9d9-ddb5-4fa4-a97d-d965ccfc6d4b" outcome="Passed" testListId="8c84fa94-04c1-424b-9868-57a2d4851a1d" relativeResultsDirectory="c1dbb212-1d49-433e-9655-e05837c306e1" />
    <UnitTestResult executionId="71926cea-dde1-4b3b-b1ef-e061f279b74d" testId="38626539-f058-212c-9bac-de2f23196537" testName="Removes_Entry_From_Cache" computerName="V020705" duration="00:00:00.0006220" startTime="2025-04-30T09:12:23.4038574+02:00" endTime="2025-04-30T09:12:23.4044794+02:00" testType="13cdc9d9-ddb5-4fa4-a97d-d965ccfc6d4b" outcome="Passed" testListId="8c84fa94-04c1-424b-9868-57a2d4851a1d" relativeResultsDirectory="71926cea-dde1-4b3b-b1ef-e061f279b74d" />
    <UnitTestResult executionId="ad467657-a8c4-4e35-ae7d-d24c1c4b8597" testId="b122b2bc-9ae5-b630-0ace-4aeed1e523cb" testName="Not_Valid_For_Invalid_AzureProvider_Missing_Tenant" computerName="V020705" duration="00:00:00.0005570" startTime="2025-04-30T09:12:22.8298962+02:00" endTime="2025-04-30T09:12:22.8304533+02:00" testType="13cdc9d9-ddb5-4fa4-a97d-d965ccfc6d4b" outcome="Passed" testListId="8c84fa94-04c1-424b-9868-57a2d4851a1d" relativeResultsDirectory="ad467657-a8c4-4e35-ae7d-d24c1c4b8597" />
    <UnitTestResult executionId="bfe30b0e-6fb7-4d1d-836a-500907c7bc74" testId="bd29e3e6-4bd1-9d17-7983-0e5c9df0b7e4" testName="Returns_False_When_Max_Attempt_Is_Not_Reached_Yet" computerName="V020705" duration="00:00:00.0013550" startTime="2025-04-30T09:12:21.0465727+02:00" endTime="2025-04-30T09:12:21.0479273+02:00" testType="13cdc9d9-ddb5-4fa4-a97d-d965ccfc6d4b" outcome="Passed" testListId="8c84fa94-04c1-424b-9868-57a2d4851a1d" relativeResultsDirectory="bfe30b0e-6fb7-4d1d-836a-500907c7bc74" />
    <UnitTestResult executionId="55fdce86-93fd-4780-b7e7-2189915a01e1" testId="736a3ba9-e646-0f9b-7e50-23a058addfb6" testName="Gets_Test_Client_By_Client_Id_Query_Parameter" computerName="V020705" duration="00:00:00.0007480" startTime="2025-04-30T09:12:20.9588671+02:00" endTime="2025-04-30T09:12:20.9596152+02:00" testType="13cdc9d9-ddb5-4fa4-a97d-d965ccfc6d4b" outcome="Passed" testListId="8c84fa94-04c1-424b-9868-57a2d4851a1d" relativeResultsDirectory="55fdce86-93fd-4780-b7e7-2189915a01e1" />
    <UnitTestResult executionId="96896aea-215c-4dee-9af2-fa65e7aa2d2f" testId="ebd76c92-9369-b91f-c4a8-25137dc9971e" testName="Logs_User_In" computerName="V020705" duration="00:00:00.0045490" startTime="2025-04-30T09:12:22.2101191+02:00" endTime="2025-04-30T09:12:22.2146681+02:00" testType="13cdc9d9-ddb5-4fa4-a97d-d965ccfc6d4b" outcome="Passed" testListId="8c84fa94-04c1-424b-9868-57a2d4851a1d" relativeResultsDirectory="96896aea-215c-4dee-9af2-fa65e7aa2d2f" />
    <UnitTestResult executionId="95946140-1c71-41eb-9cdb-686e8618eec7" testId="19adb177-4aa9-1764-b15f-ca321ec46d19" testName="Maps_RequireClientSecret(True)" computerName="V020705" duration="00:00:00.0002040" startTime="2025-04-30T09:12:22.8556925+02:00" endTime="2025-04-30T09:12:22.8558958+02:00" testType="13cdc9d9-ddb5-4fa4-a97d-d965ccfc6d4b" outcome="Passed" testListId="8c84fa94-04c1-424b-9868-57a2d4851a1d" relativeResultsDirectory="95946140-1c71-41eb-9cdb-686e8618eec7" />
    <UnitTestResult executionId="7973bb20-ff6c-462d-9baf-84638c5f4a07" testId="2413d296-e8de-d75c-2238-84b49e2018f2" testName="Returns_Personal_Data" computerName="V020705" duration="00:00:00.0012090" startTime="2025-04-30T09:12:22.5132362+02:00" endTime="2025-04-30T09:12:22.5144445+02:00" testType="13cdc9d9-ddb5-4fa4-a97d-d965ccfc6d4b" outcome="Passed" testListId="8c84fa94-04c1-424b-9868-57a2d4851a1d" relativeResultsDirectory="7973bb20-ff6c-462d-9baf-84638c5f4a07" />
    <UnitTestResult executionId="abc94fbb-7b6d-412e-b1dc-327a41220943" testId="af25b24a-04f3-96de-4c46-fc2df77ad4fc" testName="Returns_Failure_If_Password_Contains_Less_Than_3_Unique_Chars(&quot;oooooooooo&quot;)" computerName="V020705" duration="00:00:00.0016230" startTime="2025-04-30T09:12:21.3292525+02:00" endTime="2025-04-30T09:12:21.3308753+02:00" testType="13cdc9d9-ddb5-4fa4-a97d-d965ccfc6d4b" outcome="Passed" testListId="8c84fa94-04c1-424b-9868-57a2d4851a1d" relativeResultsDirectory="abc94fbb-7b6d-412e-b1dc-327a41220943" />
    <UnitTestResult executionId="af779575-54fb-47f3-8c5b-ba83a70689e4" testId="d8a96375-e583-8582-21b5-24ded6be2375" testName="Returns_InternetExplorer(&quot;Mozilla/5.0 (Windows NT 10.0; WOW64; Trident/7.0; rv:11.0) like Gecko&quot;)" computerName="V020705" duration="00:00:00.0200770" startTime="2025-04-30T09:12:23.2569653+02:00" endTime="2025-04-30T09:12:23.2770408+02:00" testType="13cdc9d9-ddb5-4fa4-a97d-d965ccfc6d4b" outcome="Passed" testListId="8c84fa94-04c1-424b-9868-57a2d4851a1d" relativeResultsDirectory="af779575-54fb-47f3-8c5b-ba83a70689e4" />
    <UnitTestResult executionId="4e041669-a82a-4696-96ee-4b1c955d2aaf" testId="dc1ed4e3-4174-aae3-7ca7-e2a44a8646e1" testName="Returns_BadRequest_If_The_User_Already_Has_A_Login_Assigned" computerName="V020705" duration="00:00:00.0020940" startTime="2025-04-30T09:12:21.6744546+02:00" endTime="2025-04-30T09:12:21.6765483+02:00" testType="13cdc9d9-ddb5-4fa4-a97d-d965ccfc6d4b" outcome="Passed" testListId="8c84fa94-04c1-424b-9868-57a2d4851a1d" relativeResultsDirectory="4e041669-a82a-4696-96ee-4b1c955d2aaf" />
    <UnitTestResult executionId="a46ddf26-92f9-433b-acdf-4e332e686aed" testId="c98a9e9c-8953-dc20-d8e9-1a679a88bab6" testName="Ensure_Backing_Field_Exists" computerName="V020705" duration="00:00:00.0043580" startTime="2025-04-30T09:12:21.3715908+02:00" endTime="2025-04-30T09:12:21.3759486+02:00" testType="13cdc9d9-ddb5-4fa4-a97d-d965ccfc6d4b" outcome="Passed" testListId="8c84fa94-04c1-424b-9868-57a2d4851a1d" relativeResultsDirectory="a46ddf26-92f9-433b-acdf-4e332e686aed" />
    <UnitTestResult executionId="c8bf03c8-ac7b-4c80-844c-20fbc9b5b930" testId="c7dfafd6-1b34-a491-a927-8fe00df29a8b" testName="ThrowsException_With_Null" computerName="V020705" duration="00:00:00.0007710" startTime="2025-04-30T09:12:21.3642197+02:00" endTime="2025-04-30T09:12:21.3649909+02:00" testType="13cdc9d9-ddb5-4fa4-a97d-d965ccfc6d4b" outcome="Passed" testListId="8c84fa94-04c1-424b-9868-57a2d4851a1d" relativeResultsDirectory="c8bf03c8-ac7b-4c80-844c-20fbc9b5b930" />
    <UnitTestResult executionId="1b80e6d9-ab53-4be5-8b8c-0730699d7d1c" testId="f4c526a1-afe4-a0bb-b10d-42fabfc11348" testName="Calls_The_Saml_Importer" computerName="V020705" duration="00:00:00.0026809" startTime="2025-04-30T09:12:22.3998950+02:00" endTime="2025-04-30T09:12:22.4025755+02:00" testType="13cdc9d9-ddb5-4fa4-a97d-d965ccfc6d4b" outcome="Passed" testListId="8c84fa94-04c1-424b-9868-57a2d4851a1d" relativeResultsDirectory="1b80e6d9-ab53-4be5-8b8c-0730699d7d1c" />
    <UnitTestResult executionId="8e23a27c-4e8e-47ab-88e8-f4f6b035a6f7" testId="d1306a09-0fcb-7eb9-2fd5-5690368ea56e" testName="Can_Retrieve_CacheEntries" computerName="V020705" duration="00:00:00.0006740" startTime="2025-04-30T09:12:22.5004934+02:00" endTime="2025-04-30T09:12:22.5011673+02:00" testType="13cdc9d9-ddb5-4fa4-a97d-d965ccfc6d4b" outcome="Passed" testListId="8c84fa94-04c1-424b-9868-57a2d4851a1d" relativeResultsDirectory="8e23a27c-4e8e-47ab-88e8-f4f6b035a6f7" />
    <UnitTestResult executionId="650365f6-7795-406f-907a-c16718e6918a" testId="c69ae519-8b24-10ab-2127-99e669a5ef88" testName="Returns_True_When_Hash_Is_Listed" computerName="V020705" duration="00:00:00.0008480" startTime="2025-04-30T09:12:22.6737875+02:00" endTime="2025-04-30T09:12:22.6746348+02:00" testType="13cdc9d9-ddb5-4fa4-a97d-d965ccfc6d4b" outcome="Passed" testListId="8c84fa94-04c1-424b-9868-57a2d4851a1d" relativeResultsDirectory="650365f6-7795-406f-907a-c16718e6918a" />
    <UnitTestResult executionId="8bbce82f-4bfd-4bfc-8237-7b90395d2c86" testId="f56ed49c-c845-7111-c04d-05ea7c766aae" testName="Returns_Claim_Data" computerName="V020705" duration="00:00:00.0088940" startTime="2025-04-30T09:12:22.5014236+02:00" endTime="2025-04-30T09:12:22.5103168+02:00" testType="13cdc9d9-ddb5-4fa4-a97d-d965ccfc6d4b" outcome="Passed" testListId="8c84fa94-04c1-424b-9868-57a2d4851a1d" relativeResultsDirectory="8bbce82f-4bfd-4bfc-8237-7b90395d2c86" />
    <UnitTestResult executionId="89b0b9d5-bc91-4a68-ba48-48652cdd397c" testId="7b02fd2c-8c6f-e484-8cb0-2d4fb5c50f06" testName="Returns_User_By_Email" computerName="V020705" duration="00:00:00.0007210" startTime="2025-04-30T09:12:21.6288048+02:00" endTime="2025-04-30T09:12:21.6295254+02:00" testType="13cdc9d9-ddb5-4fa4-a97d-d965ccfc6d4b" outcome="Passed" testListId="8c84fa94-04c1-424b-9868-57a2d4851a1d" relativeResultsDirectory="89b0b9d5-bc91-4a68-ba48-48652cdd397c" />
    <UnitTestResult executionId="a9c23d93-88e6-4b93-b6e6-776920e4e9b9" testId="eed7407e-8fa6-5a54-d9fb-d9038f819b67" testName="Fills_Basic_Saml_Data_To_SamlConfiguration_Object" computerName="V020705" duration="00:00:00.0862270" startTime="2025-04-30T09:12:20.4281257+02:00" endTime="2025-04-30T09:12:20.5143504+02:00" testType="13cdc9d9-ddb5-4fa4-a97d-d965ccfc6d4b" outcome="Passed" testListId="8c84fa94-04c1-424b-9868-57a2d4851a1d" relativeResultsDirectory="a9c23d93-88e6-4b93-b6e6-776920e4e9b9" />
    <UnitTestResult executionId="de065072-398c-4915-94dc-fec08d0c0829" testId="cb0f7085-8806-9636-8b81-789492ca76ad" testName="Does_No_Additional_Stuff_If_No_CHG_User" computerName="V020705" duration="00:00:00.0023540" startTime="2025-04-30T09:12:23.6304438+02:00" endTime="2025-04-30T09:12:23.6327978+02:00" testType="13cdc9d9-ddb5-4fa4-a97d-d965ccfc6d4b" outcome="Passed" testListId="8c84fa94-04c1-424b-9868-57a2d4851a1d" relativeResultsDirectory="de065072-398c-4915-94dc-fec08d0c0829" />
    <UnitTestResult executionId="a8404a0d-6abc-49ef-96ec-4f665e574f8a" testId="8ef1267e-296d-f674-0a4d-067189f48c97" testName="Creates_Provider_In_Store" computerName="V020705" duration="00:00:00.0044650" startTime="2025-04-30T09:12:23.4721126+02:00" endTime="2025-04-30T09:12:23.4765775+02:00" testType="13cdc9d9-ddb5-4fa4-a97d-d965ccfc6d4b" outcome="Passed" testListId="8c84fa94-04c1-424b-9868-57a2d4851a1d" relativeResultsDirectory="a8404a0d-6abc-49ef-96ec-4f665e574f8a" />
    <UnitTestResult executionId="147f917e-ba3b-48ad-8a9c-d98908a888b3" testId="4247d82c-ccd4-4fff-1e29-29c247ee1ac3" testName="Adds_External_Claims_To_WsFederation_With_Prefix" computerName="V020705" duration="00:00:00.0012810" startTime="2025-04-30T09:12:23.4541595+02:00" endTime="2025-04-30T09:12:23.4554403+02:00" testType="13cdc9d9-ddb5-4fa4-a97d-d965ccfc6d4b" outcome="Passed" testListId="8c84fa94-04c1-424b-9868-57a2d4851a1d" relativeResultsDirectory="147f917e-ba3b-48ad-8a9c-d98908a888b3" />
    <UnitTestResult executionId="fe49445d-c2f0-4f31-951f-5f9f5e752974" testId="f5e82a94-590e-211a-486f-cc7e73b9fc19" testName="Throws_Exception_If_Options_Is_Null" computerName="V020705" duration="00:00:00.0008500" startTime="2025-04-30T09:12:23.5789244+02:00" endTime="2025-04-30T09:12:23.5797745+02:00" testType="13cdc9d9-ddb5-4fa4-a97d-d965ccfc6d4b" outcome="Passed" testListId="8c84fa94-04c1-424b-9868-57a2d4851a1d" relativeResultsDirectory="fe49445d-c2f0-4f31-951f-5f9f5e752974" />
    <UnitTestResult executionId="47ee5ff4-ac1a-4f4b-a476-2ca1736c5240" testId="04deaea4-0be9-7511-09f0-f9e7d5441f16" testName="Removes_Class_If_ControllerAttribute_Is_Current_Controller(&quot;someClass selected&quot;)" computerName="V020705" duration="00:00:00.0011850" startTime="2025-04-30T09:12:23.9392194+02:00" endTime="2025-04-30T09:12:23.9404045+02:00" testType="13cdc9d9-ddb5-4fa4-a97d-d965ccfc6d4b" outcome="Passed" testListId="8c84fa94-04c1-424b-9868-57a2d4851a1d" relativeResultsDirectory="47ee5ff4-ac1a-4f4b-a476-2ca1736c5240" />
    <UnitTestResult executionId="a7465f88-78ba-45c1-bf5b-266610d1027a" testId="c1b2d859-1b2e-7b2b-2fa7-70f0d106c250" testName="Does_Not_Add_WellKnown_Claims_To_UserInfoEndpoint" computerName="V020705" duration="00:00:00.0009840" startTime="2025-04-30T09:12:23.4628709+02:00" endTime="2025-04-30T09:12:23.4638547+02:00" testType="13cdc9d9-ddb5-4fa4-a97d-d965ccfc6d4b" outcome="Passed" testListId="8c84fa94-04c1-424b-9868-57a2d4851a1d" relativeResultsDirectory="a7465f88-78ba-45c1-bf5b-266610d1027a" />
    <UnitTestResult executionId="546b0c5a-4c15-4e46-a7fc-80d3293841f5" testId="1f61e2e3-b482-fc9e-3115-c0cf0654902e" testName="Sends_Link_To_Sender_Of_Factory" computerName="V020705" duration="00:00:00.0013090" startTime="2025-04-30T09:12:21.2958799+02:00" endTime="2025-04-30T09:12:21.2971890+02:00" testType="13cdc9d9-ddb5-4fa4-a97d-d965ccfc6d4b" outcome="Passed" testListId="8c84fa94-04c1-424b-9868-57a2d4851a1d" relativeResultsDirectory="546b0c5a-4c15-4e46-a7fc-80d3293841f5" />
    <UnitTestResult executionId="4345d20d-a948-4d34-befe-e14c6c19ffde" testId="8d43a3f1-875f-fff1-7b04-922e2efe0c83" testName="Returns_False_For_Invalid_Username" computerName="V020705" duration="00:00:00.0024160" startTime="2025-04-30T09:12:21.0406546+02:00" endTime="2025-04-30T09:12:21.0430700+02:00" testType="13cdc9d9-ddb5-4fa4-a97d-d965ccfc6d4b" outcome="Passed" testListId="8c84fa94-04c1-424b-9868-57a2d4851a1d" relativeResultsDirectory="4345d20d-a948-4d34-befe-e14c6c19ffde" />
    <UnitTestResult executionId="f3935710-624a-4814-8d0f-13e1ce65db06" testId="b9010937-d10b-09c6-dad7-b57876d9cdbe" testName="Returns_Information_For_Oidc" computerName="V020705" duration="00:00:00.0002920" startTime="2025-04-30T09:12:23.4994696+02:00" endTime="2025-04-30T09:12:23.4997615+02:00" testType="13cdc9d9-ddb5-4fa4-a97d-d965ccfc6d4b" outcome="Passed" testListId="8c84fa94-04c1-424b-9868-57a2d4851a1d" relativeResultsDirectory="f3935710-624a-4814-8d0f-13e1ce65db06" />
    <UnitTestResult executionId="2158c33f-e83d-48b0-93d2-5e924eace8f0" testId="0a6360a7-1c6f-e6cd-a26f-a18d0276f9ad" testName="Removes_Cache_Entry" computerName="V020705" duration="00:00:00.0017010" startTime="2025-04-30T09:12:23.5511809+02:00" endTime="2025-04-30T09:12:23.5528819+02:00" testType="13cdc9d9-ddb5-4fa4-a97d-d965ccfc6d4b" outcome="Passed" testListId="8c84fa94-04c1-424b-9868-57a2d4851a1d" relativeResultsDirectory="2158c33f-e83d-48b0-93d2-5e924eace8f0" />
    <UnitTestResult executionId="f901d4d0-bdd6-45ba-a830-976a23efe0ad" testId="83e62727-7edf-6e38-6039-f64de608614a" testName="Does_Not_Change_LogLevel_Of_Degraded_HealthChecks" computerName="V020705" duration="00:00:00.0002050" startTime="2025-04-30T09:12:21.3848259+02:00" endTime="2025-04-30T09:12:21.3850307+02:00" testType="13cdc9d9-ddb5-4fa4-a97d-d965ccfc6d4b" outcome="Passed" testListId="8c84fa94-04c1-424b-9868-57a2d4851a1d" relativeResultsDirectory="f901d4d0-bdd6-45ba-a830-976a23efe0ad" />
    <UnitTestResult executionId="46d908b3-0286-4885-9c48-a5b748d335cc" testId="221454b6-4e8e-b6ef-3237-7369eefa5a9f" testName="Maps_Properties_Of_Okta_To_A_LoginProvider" computerName="V020705" duration="00:00:00.0008620" startTime="2025-04-30T09:12:22.8710103+02:00" endTime="2025-04-30T09:12:22.8718721+02:00" testType="13cdc9d9-ddb5-4fa4-a97d-d965ccfc6d4b" outcome="Passed" testListId="8c84fa94-04c1-424b-9868-57a2d4851a1d" relativeResultsDirectory="46d908b3-0286-4885-9c48-a5b748d335cc" />
    <UnitTestResult executionId="9b492c0c-3686-4acb-907e-486fd2ee7939" testId="c6dde80c-82fa-692c-fa96-921343b9d97e" testName="Saves_Deserialized_IdentityProvider_Old_Scheme" computerName="V020705" duration="00:00:00.0026010" startTime="2025-04-30T09:12:22.3959734+02:00" endTime="2025-04-30T09:12:22.3985737+02:00" testType="13cdc9d9-ddb5-4fa4-a97d-d965ccfc6d4b" outcome="Passed" testListId="8c84fa94-04c1-424b-9868-57a2d4851a1d" relativeResultsDirectory="9b492c0c-3686-4acb-907e-486fd2ee7939" />
    <UnitTestResult executionId="dd2c1aa3-c569-45f3-9b66-f05a1590f886" testId="8d677814-bf3c-3188-b25e-af6af95162f7" testName="Returns_Provider_From_Assigned_LoginProvider" computerName="V020705" duration="00:00:00.0010990" startTime="2025-04-30T09:12:23.4912582+02:00" endTime="2025-04-30T09:12:23.4923564+02:00" testType="13cdc9d9-ddb5-4fa4-a97d-d965ccfc6d4b" outcome="Passed" testListId="8c84fa94-04c1-424b-9868-57a2d4851a1d" relativeResultsDirectory="dd2c1aa3-c569-45f3-9b66-f05a1590f886" />
    <UnitTestResult executionId="83f0f1bc-a3ea-492e-bcba-6971cc95394d" testId="954f35f7-8cc2-aa10-47af-fd9049c4d5b5" testName="Logs_The_First_Two_Octets_Of_An_IPv4_Address(&quot;217.89.16.3&quot;,&quot;217.89.xx.xx&quot;)" computerName="V020705" duration="00:00:00.0003390" startTime="2025-04-30T09:12:22.6494829+02:00" endTime="2025-04-30T09:12:22.6498213+02:00" testType="13cdc9d9-ddb5-4fa4-a97d-d965ccfc6d4b" outcome="Passed" testListId="8c84fa94-04c1-424b-9868-57a2d4851a1d" relativeResultsDirectory="83f0f1bc-a3ea-492e-bcba-6971cc95394d" />
    <UnitTestResult executionId="6322bd43-408e-4720-a39e-16fe454d661a" testId="bf1724c3-e072-19f9-d2f3-1bfc6c729109" testName="Sends_Link_To_Email_Sender" computerName="V020705" duration="00:00:00.0019140" startTime="2025-04-30T09:12:21.2849896+02:00" endTime="2025-04-30T09:12:21.2869032+02:00" testType="13cdc9d9-ddb5-4fa4-a97d-d965ccfc6d4b" outcome="Passed" testListId="8c84fa94-04c1-424b-9868-57a2d4851a1d" relativeResultsDirectory="6322bd43-408e-4720-a39e-16fe454d661a" />
    <UnitTestResult executionId="51a448d1-5843-415a-bcd5-195d83dab5de" testId="4bb44f75-741a-310b-adbc-e36d35bf9503" testName="Returns_User_By_Id" computerName="V020705" duration="00:00:00.0006940" startTime="2025-04-30T09:12:21.6295575+02:00" endTime="2025-04-30T09:12:21.6302511+02:00" testType="13cdc9d9-ddb5-4fa4-a97d-d965ccfc6d4b" outcome="Passed" testListId="8c84fa94-04c1-424b-9868-57a2d4851a1d" relativeResultsDirectory="51a448d1-5843-415a-bcd5-195d83dab5de" />
    <UnitTestResult executionId="b08512e1-e16d-4736-a380-6515ae3a4e32" testId="c1cc9fd2-577f-7603-2c4e-efd9c9310c84" testName="Creates_New" computerName="V020705" duration="00:00:00.0778990" startTime="2025-04-30T09:12:22.4114502+02:00" endTime="2025-04-30T09:12:22.4893471+02:00" testType="13cdc9d9-ddb5-4fa4-a97d-d965ccfc6d4b" outcome="Passed" testListId="8c84fa94-04c1-424b-9868-57a2d4851a1d" relativeResultsDirectory="b08512e1-e16d-4736-a380-6515ae3a4e32" />
    <UnitTestResult executionId="50b1f19f-b044-45f8-875e-5ca595ec3d0e" testId="22df3953-dfb7-be7f-261b-efe658a9745c" testName="Logs_In_Successful_With_Correct_Password_When_Max_Attempt_Is_Not_Reached" computerName="V020705" duration="00:00:00.0035720" startTime="2025-04-30T09:12:21.0349134+02:00" endTime="2025-04-30T09:12:21.0384851+02:00" testType="13cdc9d9-ddb5-4fa4-a97d-d965ccfc6d4b" outcome="Passed" testListId="8c84fa94-04c1-424b-9868-57a2d4851a1d" relativeResultsDirectory="50b1f19f-b044-45f8-875e-5ca595ec3d0e" />
    <UnitTestResult executionId="4b479374-3a90-43a1-9b67-ffde2d80c7ae" testId="5d29493a-76e7-36c2-b679-3abb71142446" testName="Returns_Provider_When_EmailDomain_Was_Registered" computerName="V020705" duration="00:00:00.0012730" startTime="2025-04-30T09:12:23.4935077+02:00" endTime="2025-04-30T09:12:23.4947804+02:00" testType="13cdc9d9-ddb5-4fa4-a97d-d965ccfc6d4b" outcome="Passed" testListId="8c84fa94-04c1-424b-9868-57a2d4851a1d" relativeResultsDirectory="4b479374-3a90-43a1-9b67-ffde2d80c7ae" />
    <UnitTestResult executionId="1bd6b349-5777-4853-8013-ea26541b8bab" testId="ab15b4b6-820b-68a8-5f91-048cd5fd25de" testName="Throws_Exception_If_ProviderType_Is_Missing" computerName="V020705" duration="00:00:00.0003320" startTime="2025-04-30T09:12:22.9733115+02:00" endTime="2025-04-30T09:12:22.9736437+02:00" testType="13cdc9d9-ddb5-4fa4-a97d-d965ccfc6d4b" outcome="Passed" testListId="8c84fa94-04c1-424b-9868-57a2d4851a1d" relativeResultsDirectory="1bd6b349-5777-4853-8013-ea26541b8bab" />
    <UnitTestResult executionId="fa374280-a7c9-4830-94a2-f39921d18d13" testId="d570cf5b-3d68-5207-a525-ccc298d845a6" testName="Logs_The_Entire_IP_Address_If_It_Is_A_Local_Address(&quot;192.168.7.14&quot;)" computerName="V020705" duration="00:00:00.0022640" startTime="2025-04-30T09:12:22.6448690+02:00" endTime="2025-04-30T09:12:22.6449557+02:00" testType="13cdc9d9-ddb5-4fa4-a97d-d965ccfc6d4b" outcome="Passed" testListId="8c84fa94-04c1-424b-9868-57a2d4851a1d" relativeResultsDirectory="fa374280-a7c9-4830-94a2-f39921d18d13" />
    <UnitTestResult executionId="23d5e64e-eb96-4d66-bf26-c9ec724faa10" testId="ba0bc178-c07c-87ab-1abb-1ddd2f122b8b" testName="Returns_User_With_Information_From_InformationRetriever" computerName="V020705" duration="00:00:00.0035980" startTime="2025-04-30T09:12:20.7344330+02:00" endTime="2025-04-30T09:12:20.7380302+02:00" testType="13cdc9d9-ddb5-4fa4-a97d-d965ccfc6d4b" outcome="Passed" testListId="8c84fa94-04c1-424b-9868-57a2d4851a1d" relativeResultsDirectory="23d5e64e-eb96-4d66-bf26-c9ec724faa10" />
    <UnitTestResult executionId="15091f92-802f-4075-ab15-a85fb1d434f3" testId="050d09cd-8b83-1be8-6fd3-0a5dc0cb9799" testName="Renders_Template" computerName="V020705" duration="00:00:00.0321580" startTime="2025-04-30T09:12:22.7044282+02:00" endTime="2025-04-30T09:12:22.7365848+02:00" testType="13cdc9d9-ddb5-4fa4-a97d-d965ccfc6d4b" outcome="Passed" testListId="8c84fa94-04c1-424b-9868-57a2d4851a1d" relativeResultsDirectory="15091f92-802f-4075-ab15-a85fb1d434f3" />
    <UnitTestResult executionId="120eafb6-a411-464d-8aa7-d43bf8741f92" testId="8c60567f-ecc7-66eb-0e74-3317a7d9ccc3" testName="Concats_The_Events_Path_And_Filters_To_The_Test_Run_Id(&quot;https://someBaseUrl/&quot;)" computerName="V020705" duration="00:00:00.0003680" startTime="2025-04-30T09:12:23.5492727+02:00" endTime="2025-04-30T09:12:23.5496407+02:00" testType="13cdc9d9-ddb5-4fa4-a97d-d965ccfc6d4b" outcome="Passed" testListId="8c84fa94-04c1-424b-9868-57a2d4851a1d" relativeResultsDirectory="120eafb6-a411-464d-8aa7-d43bf8741f92" />
    <UnitTestResult executionId="18fb40c9-46cd-4d29-a909-72f8afffa6b9" testId="3f0ba1d9-d0cc-1174-12df-40039fce3940" testName="Does_Not_Set_ReturnUri_If_Not_Saml" computerName="V020705" duration="00:00:00.0003150" startTime="2025-04-30T09:12:23.6073298+02:00" endTime="2025-04-30T09:12:23.6076448+02:00" testType="13cdc9d9-ddb5-4fa4-a97d-d965ccfc6d4b" outcome="Passed" testListId="8c84fa94-04c1-424b-9868-57a2d4851a1d" relativeResultsDirectory="18fb40c9-46cd-4d29-a909-72f8afffa6b9" />
    <UnitTestResult executionId="6d612e5f-e8d8-4fcf-8cb2-2fc1591f4045" testId="54bac0dc-a254-33ae-fd74-2683a6fc1d46" testName="Gets_MVC_Client_By_Client_Id_Query_Parameter" computerName="V020705" duration="00:00:00.0008790" startTime="2025-04-30T09:12:20.9474764+02:00" endTime="2025-04-30T09:12:20.9483548+02:00" testType="13cdc9d9-ddb5-4fa4-a97d-d965ccfc6d4b" outcome="Passed" testListId="8c84fa94-04c1-424b-9868-57a2d4851a1d" relativeResultsDirectory="6d612e5f-e8d8-4fcf-8cb2-2fc1591f4045" />
    <UnitTestResult executionId="ed40d9f9-f6c4-428b-96c0-ea911cda7953" testId="37b73e4a-6063-5e03-fa41-61190b5eed29" testName="Maps_ExtendedClient_With_ClientType_By_ProtocolType(&quot;SAML2p&quot;,Saml)" computerName="V020705" duration="00:00:00.0001789" startTime="2025-04-30T09:12:22.8597054+02:00" endTime="2025-04-30T09:12:22.8598842+02:00" testType="13cdc9d9-ddb5-4fa4-a97d-d965ccfc6d4b" outcome="Passed" testListId="8c84fa94-04c1-424b-9868-57a2d4851a1d" relativeResultsDirectory="ed40d9f9-f6c4-428b-96c0-ea911cda7953" />
    <UnitTestResult executionId="a125f7c9-4bfd-4137-89f3-cec35e2060c7" testId="25374d21-a996-03af-9299-0d9da4c8eb76" testName="DoesNot_Throw_Exception_When_User_Is_Null" computerName="V020705" duration="00:00:00.0014920" startTime="2025-04-30T09:12:21.3400026+02:00" endTime="2025-04-30T09:12:21.3414944+02:00" testType="13cdc9d9-ddb5-4fa4-a97d-d965ccfc6d4b" outcome="Passed" testListId="8c84fa94-04c1-424b-9868-57a2d4851a1d" relativeResultsDirectory="a125f7c9-4bfd-4137-89f3-cec35e2060c7" />
    <UnitTestResult executionId="9fc11da5-3c99-48bd-92ba-00e2701c5f6c" testId="ff90fe41-1bcb-f481-f6fe-11a1b6c31a4b" testName="Unlocks_The_User_If_The_Model_State_Is_Valid" computerName="V020705" duration="00:00:00.0016480" startTime="2025-04-30T09:12:21.4990853+02:00" endTime="2025-04-30T09:12:21.5007333+02:00" testType="13cdc9d9-ddb5-4fa4-a97d-d965ccfc6d4b" outcome="Passed" testListId="8c84fa94-04c1-424b-9868-57a2d4851a1d" relativeResultsDirectory="9fc11da5-3c99-48bd-92ba-00e2701c5f6c" />
    <UnitTestResult executionId="03afe657-4f3a-4502-9282-3e5f8d39db3f" testId="66f3db97-d8db-082e-d770-adc0c31899a6" testName="Returns_Failure_If_Password_Equals_Email(&quot;test@test.com&quot;,&quot;TEST@test.com&quot;)" computerName="V020705" duration="00:00:00.0005140" startTime="2025-04-30T09:12:21.3426183+02:00" endTime="2025-04-30T09:12:21.3431320+02:00" testType="13cdc9d9-ddb5-4fa4-a97d-d965ccfc6d4b" outcome="Passed" testListId="8c84fa94-04c1-424b-9868-57a2d4851a1d" relativeResultsDirectory="03afe657-4f3a-4502-9282-3e5f8d39db3f" />
    <UnitTestResult executionId="520a335b-ace7-493b-bdbf-d02318d24e1d" testId="0e26eac2-9255-c736-1c23-a0fb50465da3" testName="Finds_User_By_Id" computerName="V020705" duration="00:00:00.0008530" startTime="2025-04-30T09:12:21.6219790+02:00" endTime="2025-04-30T09:12:21.6228319+02:00" testType="13cdc9d9-ddb5-4fa4-a97d-d965ccfc6d4b" outcome="Passed" testListId="8c84fa94-04c1-424b-9868-57a2d4851a1d" relativeResultsDirectory="520a335b-ace7-493b-bdbf-d02318d24e1d" />
    <UnitTestResult executionId="76143fac-579a-48f8-aa9b-73d3e7eaa91d" testId="53ec421f-0836-23d1-d6cd-2d0dce737fe0" testName="Sends_Link_To_Sender_Of_Factory" computerName="V020705" duration="00:00:00.0011780" startTime="2025-04-30T09:12:21.3031181+02:00" endTime="2025-04-30T09:12:21.3042954+02:00" testType="13cdc9d9-ddb5-4fa4-a97d-d965ccfc6d4b" outcome="Passed" testListId="8c84fa94-04c1-424b-9868-57a2d4851a1d" relativeResultsDirectory="76143fac-579a-48f8-aa9b-73d3e7eaa91d" />
    <UnitTestResult executionId="f9093f75-2784-4431-b50a-49a7ce38516a" testId="c24f3777-0d70-bfae-77b7-55457a10f72d" testName="Returns_False_When_Max_Attempt_Is_Not_Reached" computerName="V020705" duration="00:00:00.0011280" startTime="2025-04-30T09:12:21.0454018+02:00" endTime="2025-04-30T09:12:21.0465292+02:00" testType="13cdc9d9-ddb5-4fa4-a97d-d965ccfc6d4b" outcome="Passed" testListId="8c84fa94-04c1-424b-9868-57a2d4851a1d" relativeResultsDirectory="f9093f75-2784-4431-b50a-49a7ce38516a" />
    <UnitTestResult executionId="5eff1c27-bcb3-47f4-8e92-5e21e1bf4341" testId="01dd4c73-5b1a-fa22-153d-2fa6fe07e0d4" testName="Adds_Class_If_ControllerAttribute_Is_Current_Controller_And_Other_Class_Was_Already_Set" computerName="V020705" duration="00:00:00.0026460" startTime="2025-04-30T09:12:23.9093846+02:00" endTime="2025-04-30T09:12:23.9120297+02:00" testType="13cdc9d9-ddb5-4fa4-a97d-d965ccfc6d4b" outcome="Passed" testListId="8c84fa94-04c1-424b-9868-57a2d4851a1d" relativeResultsDirectory="5eff1c27-bcb3-47f4-8e92-5e21e1bf4341" />
    <UnitTestResult executionId="ac8ccd3d-2e86-4320-ab0a-3accaf4d8f8f" testId="35f5e039-ffbf-abb6-595e-9ff0b94fcfa7" testName="Returns_Bad_Request_If_Client_Id_Does_Not_Exist" computerName="V020705" duration="00:00:00.0017160" startTime="2025-04-30T09:12:21.6727055+02:00" endTime="2025-04-30T09:12:21.6744217+02:00" testType="13cdc9d9-ddb5-4fa4-a97d-d965ccfc6d4b" outcome="Passed" testListId="8c84fa94-04c1-424b-9868-57a2d4851a1d" relativeResultsDirectory="ac8ccd3d-2e86-4320-ab0a-3accaf4d8f8f" />
    <UnitTestResult executionId="9d91a440-6878-442d-bd48-23b7ec2da060" testId="9c4293a8-3b82-e855-ae76-259fca3dc7e4" testName="Returns_BadRequest_If_Email_Update_Failed" computerName="V020705" duration="00:00:00.0012910" startTime="2025-04-30T09:12:21.6409132+02:00" endTime="2025-04-30T09:12:21.6422040+02:00" testType="13cdc9d9-ddb5-4fa4-a97d-d965ccfc6d4b" outcome="Passed" testListId="8c84fa94-04c1-424b-9868-57a2d4851a1d" relativeResultsDirectory="9d91a440-6878-442d-bd48-23b7ec2da060" />
    <UnitTestResult executionId="19f5207d-64ab-4461-8074-19a0c20fb190" testId="ce20c7f6-ce06-46b6-bd02-661cd89139bf" testName="Throws_Exception_When_UserPrincipalName_Is_Null" computerName="V020705" duration="00:00:00.0019910" startTime="2025-04-30T09:12:20.7400197+02:00" endTime="2025-04-30T09:12:20.7420099+02:00" testType="13cdc9d9-ddb5-4fa4-a97d-d965ccfc6d4b" outcome="Passed" testListId="8c84fa94-04c1-424b-9868-57a2d4851a1d" relativeResultsDirectory="19f5207d-64ab-4461-8074-19a0c20fb190" />
    <UnitTestResult executionId="58cb5796-9c51-42d6-880c-8f4e07f007c7" testId="27feaa6d-f5b5-8441-13b3-3f65caf58729" testName="Adds_Mapping_Of_External_Claims" computerName="V020705" duration="00:00:00.0007890" startTime="2025-04-30T09:12:23.8728531+02:00" endTime="2025-04-30T09:12:23.8736419+02:00" testType="13cdc9d9-ddb5-4fa4-a97d-d965ccfc6d4b" outcome="Passed" testListId="8c84fa94-04c1-424b-9868-57a2d4851a1d" relativeResultsDirectory="58cb5796-9c51-42d6-880c-8f4e07f007c7" />
    <UnitTestResult executionId="09184720-2a73-4270-9f9e-e292e2d3d280" testId="5d3e1acc-4e09-7532-eabd-5cc2d59ab64e" testName="Calls_Next(&quot;https://localhost/saml/metadata&quot;)" computerName="V020705" duration="00:00:00.0002690" startTime="2025-04-30T09:12:22.9436893+02:00" endTime="2025-04-30T09:12:22.9439585+02:00" testType="13cdc9d9-ddb5-4fa4-a97d-d965ccfc6d4b" outcome="Passed" testListId="8c84fa94-04c1-424b-9868-57a2d4851a1d" relativeResultsDirectory="09184720-2a73-4270-9f9e-e292e2d3d280" />
    <UnitTestResult executionId="404d2041-f41e-4e08-abec-6bc7eba59494" testId="be3628d0-daf8-4176-0f74-470c4736ceb9" testName="Creates_User" computerName="V020705" duration="00:00:00.0024120" startTime="2025-04-30T09:12:23.6279995+02:00" endTime="2025-04-30T09:12:23.6304115+02:00" testType="13cdc9d9-ddb5-4fa4-a97d-d965ccfc6d4b" outcome="Passed" testListId="8c84fa94-04c1-424b-9868-57a2d4851a1d" relativeResultsDirectory="404d2041-f41e-4e08-abec-6bc7eba59494" />
    <UnitTestResult executionId="6556c68d-b57d-40e1-a22b-aee290cf82ff" testId="1d306aaf-3a47-da51-09b8-ff0765efdbc8" testName="Returns_Failure_If_Password_Contains_LastName(&quot;Wurst&quot;,&quot;123wurst&quot;)" computerName="V020705" duration="00:00:00.0005810" startTime="2025-04-30T09:12:21.3554457+02:00" endTime="2025-04-30T09:12:21.3560270+02:00" testType="13cdc9d9-ddb5-4fa4-a97d-d965ccfc6d4b" outcome="Passed" testListId="8c84fa94-04c1-424b-9868-57a2d4851a1d" relativeResultsDirectory="6556c68d-b57d-40e1-a22b-aee290cf82ff" />
    <UnitTestResult executionId="c7edfeea-b726-4a2d-89e8-edfa5161289a" testId="ac5d83bc-5049-8b8f-9652-a42a8dc074f9" testName="Writes_To_Record" computerName="V020705" duration="00:00:00.0055790" startTime="2025-04-30T09:12:22.9739902+02:00" endTime="2025-04-30T09:12:22.9795682+02:00" testType="13cdc9d9-ddb5-4fa4-a97d-d965ccfc6d4b" outcome="Passed" testListId="8c84fa94-04c1-424b-9868-57a2d4851a1d" relativeResultsDirectory="c7edfeea-b726-4a2d-89e8-edfa5161289a" />
    <UnitTestResult executionId="68abd3aa-267b-4f07-b4a6-dc168fa7c278" testId="d8be81bf-835b-c83d-ce6e-85ebb68614f4" testName="Maps_Properties_Of_Azure_To_A_LoginProvider" computerName="V020705" duration="00:00:00.0007200" startTime="2025-04-30T09:12:22.8683175+02:00" endTime="2025-04-30T09:12:22.8690372+02:00" testType="13cdc9d9-ddb5-4fa4-a97d-d965ccfc6d4b" outcome="Passed" testListId="8c84fa94-04c1-424b-9868-57a2d4851a1d" relativeResultsDirectory="68abd3aa-267b-4f07-b4a6-dc168fa7c278" />
    <UnitTestResult executionId="44398cb8-5657-4a86-b453-72daac771044" testId="70682852-21fb-a703-a9b1-84be7b253bc4" testName="Set_NormalizedFirstName_When_FirstName_Is_Set" computerName="V020705" duration="00:00:00.0035810" startTime="2025-04-30T09:12:21.0817319+02:00" endTime="2025-04-30T09:12:21.0853124+02:00" testType="13cdc9d9-ddb5-4fa4-a97d-d965ccfc6d4b" outcome="Passed" testListId="8c84fa94-04c1-424b-9868-57a2d4851a1d" relativeResultsDirectory="44398cb8-5657-4a86-b453-72daac771044" />
    <UnitTestResult executionId="dc19a157-86a8-4164-b607-774c9518d26b" testId="fd2e8d42-685c-efbb-3742-a2847235e27e" testName="Redirects_To_The_External_Login_Challenge_Endpoint" computerName="V020705" duration="00:00:00.0036030" startTime="2025-04-30T09:12:22.4063343+02:00" endTime="2025-04-30T09:12:22.4099373+02:00" testType="13cdc9d9-ddb5-4fa4-a97d-d965ccfc6d4b" outcome="Passed" testListId="8c84fa94-04c1-424b-9868-57a2d4851a1d" relativeResultsDirectory="dc19a157-86a8-4164-b607-774c9518d26b" />
    <UnitTestResult executionId="86f98ee5-6844-4868-b833-a62cb395a53a" testId="976836bc-953a-5e11-e548-1c3ef5a13dd8" testName="Returns_Machine_Actor_For_Bearer_Auth" computerName="V020705" duration="00:00:00.0004120" startTime="2025-04-30T09:12:22.9815009+02:00" endTime="2025-04-30T09:12:22.9819122+02:00" testType="13cdc9d9-ddb5-4fa4-a97d-d965ccfc6d4b" outcome="Passed" testListId="8c84fa94-04c1-424b-9868-57a2d4851a1d" relativeResultsDirectory="86f98ee5-6844-4868-b833-a62cb395a53a" />
    <UnitTestResult executionId="bb3f36e2-884c-4fb1-9048-63c1bb426bc4" testId="666b234c-9e1a-ac74-be6f-6c8fde41c1f2" testName="HandleGroups(&quot;groups&quot;)" computerName="V020705" duration="00:00:00.0059560" startTime="2025-04-30T09:12:22.1985319+02:00" endTime="2025-04-30T09:12:22.2044873+02:00" testType="13cdc9d9-ddb5-4fa4-a97d-d965ccfc6d4b" outcome="Passed" testListId="8c84fa94-04c1-424b-9868-57a2d4851a1d" relativeResultsDirectory="bb3f36e2-884c-4fb1-9048-63c1bb426bc4" />
    <UnitTestResult executionId="9aa1746d-9783-41c1-b58a-0fd6063665fe" testId="328a7545-5fd4-a1cf-0b77-39c855cac34a" testName="Adds_Idp_Claim_To_Saml" computerName="V020705" duration="00:00:00.0009430" startTime="2025-04-30T09:12:23.4554716+02:00" endTime="2025-04-30T09:12:23.4564142+02:00" testType="13cdc9d9-ddb5-4fa4-a97d-d965ccfc6d4b" outcome="Passed" testListId="8c84fa94-04c1-424b-9868-57a2d4851a1d" relativeResultsDirectory="9aa1746d-9783-41c1-b58a-0fd6063665fe" />
    <UnitTestResult executionId="dc3d60e2-f67f-4ff3-8554-a22af32574a4" testId="58d67626-0be2-e03c-155b-fc69bf640762" testName="Returns_Failure_If_Password_Contains_LastName(&quot;Wurst&quot;,&quot;wurst123&quot;)" computerName="V020705" duration="00:00:00.0010110" startTime="2025-04-30T09:12:21.3544120+02:00" endTime="2025-04-30T09:12:21.3554226+02:00" testType="13cdc9d9-ddb5-4fa4-a97d-d965ccfc6d4b" outcome="Passed" testListId="8c84fa94-04c1-424b-9868-57a2d4851a1d" relativeResultsDirectory="dc3d60e2-f67f-4ff3-8554-a22af32574a4" />
    <UnitTestResult executionId="fb4e1b60-933c-4345-9619-9fc97487e004" testId="e4353d7d-17e2-f1b1-a9e7-7443d2e83b67" testName="Returns_Not_Found_If_Not_Exists" computerName="V020705" duration="00:00:00.0004530" startTime="2025-04-30T09:12:21.6250851+02:00" endTime="2025-04-30T09:12:21.6255377+02:00" testType="13cdc9d9-ddb5-4fa4-a97d-d965ccfc6d4b" outcome="Passed" testListId="8c84fa94-04c1-424b-9868-57a2d4851a1d" relativeResultsDirectory="fb4e1b60-933c-4345-9619-9fc97487e004" />
    <UnitTestResult executionId="a4137cca-ec58-40ba-87dc-ab436ddab402" testId="afeec36b-a258-1419-06b6-aaf7382c663b" testName="All_Api_Controllers_Should_Dervive_From_ControllerBase" computerName="V020705" duration="00:00:00.0007120" startTime="2025-04-30T09:12:22.1138147+02:00" endTime="2025-04-30T09:12:22.1145260+02:00" testType="13cdc9d9-ddb5-4fa4-a97d-d965ccfc6d4b" outcome="Passed" testListId="8c84fa94-04c1-424b-9868-57a2d4851a1d" relativeResultsDirectory="a4137cca-ec58-40ba-87dc-ab436ddab402" />
    <UnitTestResult executionId="442daa99-42d4-400b-8e57-486a2fb5bc6e" testId="2cdcfb1f-a4e4-56ac-b11d-555146a010e2" testName="Throws_ArgumentNull_Exception_When_Logger_Is_Null" computerName="V020705" duration="00:00:00.0004670" startTime="2025-04-30T09:12:23.4461153+02:00" endTime="2025-04-30T09:12:23.4465821+02:00" testType="13cdc9d9-ddb5-4fa4-a97d-d965ccfc6d4b" outcome="Passed" testListId="8c84fa94-04c1-424b-9868-57a2d4851a1d" relativeResultsDirectory="442daa99-42d4-400b-8e57-486a2fb5bc6e" />
    <UnitTestResult executionId="61465162-7401-46ff-af8d-879a4a936426" testId="fa66c126-656a-93fb-14cd-799ed945c36d" testName="Returns_BadRequest_If_Email_Exists" computerName="V020705" duration="00:00:00.0012370" startTime="2025-04-30T09:12:21.6108507+02:00" endTime="2025-04-30T09:12:21.6120879+02:00" testType="13cdc9d9-ddb5-4fa4-a97d-d965ccfc6d4b" outcome="Passed" testListId="8c84fa94-04c1-424b-9868-57a2d4851a1d" relativeResultsDirectory="61465162-7401-46ff-af8d-879a4a936426" />
    <UnitTestResult executionId="000435ec-6694-4396-9323-9751186da35c" testId="34eca7c8-e134-7a05-ba0c-7cc3bd647b49" testName="Returns_User_By_Username" computerName="V020705" duration="00:00:00.0007010" startTime="2025-04-30T09:12:21.6302783+02:00" endTime="2025-04-30T09:12:21.6309788+02:00" testType="13cdc9d9-ddb5-4fa4-a97d-d965ccfc6d4b" outcome="Passed" testListId="8c84fa94-04c1-424b-9868-57a2d4851a1d" relativeResultsDirectory="000435ec-6694-4396-9323-9751186da35c" />
    <UnitTestResult executionId="3b34b697-6bcc-457b-93f0-15bba1be7523" testId="fee9a364-5664-ad24-0567-d7e0045c9ee2" testName="Adds_Culture_Parameter_To_Url_WithExistingParameters" computerName="V020705" duration="00:00:00.0225520" startTime="2025-04-30T09:12:20.3899301+02:00" endTime="2025-04-30T09:12:20.4124490+02:00" testType="13cdc9d9-ddb5-4fa4-a97d-d965ccfc6d4b" outcome="Passed" testListId="8c84fa94-04c1-424b-9868-57a2d4851a1d" relativeResultsDirectory="3b34b697-6bcc-457b-93f0-15bba1be7523" />
    <UnitTestResult executionId="52a688c3-bca0-4e75-8302-18ad2f8023d0" testId="bd10c89e-04e0-eddc-f612-0d2a73c42aef" testName="Logs_The_Entire_IP_Address_If_It_Is_A_Local_Address_Behind_Proxy(&quot;192.168.7.14&quot;)" computerName="V020705" duration="00:00:00.0007220" startTime="2025-04-30T09:12:22.6473707+02:00" endTime="2025-04-30T09:12:22.6480927+02:00" testType="13cdc9d9-ddb5-4fa4-a97d-d965ccfc6d4b" outcome="Passed" testListId="8c84fa94-04c1-424b-9868-57a2d4851a1d" relativeResultsDirectory="52a688c3-bca0-4e75-8302-18ad2f8023d0" />
    <UnitTestResult executionId="9d18508c-5946-42c1-b02d-63ee220df17a" testId="5950ac26-1689-57e1-cd3d-852d7411148d" testName="Sends_Link_To_Client_Endpoint" computerName="V020705" duration="00:00:00.0012740" startTime="2025-04-30T09:12:21.2534126+02:00" endTime="2025-04-30T09:12:21.2546866+02:00" testType="13cdc9d9-ddb5-4fa4-a97d-d965ccfc6d4b" outcome="Passed" testListId="8c84fa94-04c1-424b-9868-57a2d4851a1d" relativeResultsDirectory="9d18508c-5946-42c1-b02d-63ee220df17a" />
    <UnitTestResult executionId="15b26c27-f47e-4552-a243-8d2f241feb26" testId="21097595-3060-6f20-3483-0bdd21eb6dd6" testName="Converts_Claims" computerName="V020705" duration="00:00:00.0006280" startTime="2025-04-30T09:12:22.8535700+02:00" endTime="2025-04-30T09:12:22.8541975+02:00" testType="13cdc9d9-ddb5-4fa4-a97d-d965ccfc6d4b" outcome="Passed" testListId="8c84fa94-04c1-424b-9868-57a2d4851a1d" relativeResultsDirectory="15b26c27-f47e-4552-a243-8d2f241feb26" />
    <UnitTestResult executionId="beae36e7-c552-40ac-8bd2-3f0ad2a64e90" testId="eceb508e-a92a-5d49-97c9-22d832ee2acd" testName="Change_LogLevel_Of_Error" computerName="V020705" duration="00:00:00.0002960" startTime="2025-04-30T09:12:21.3853830+02:00" endTime="2025-04-30T09:12:21.3856783+02:00" testType="13cdc9d9-ddb5-4fa4-a97d-d965ccfc6d4b" outcome="Passed" testListId="8c84fa94-04c1-424b-9868-57a2d4851a1d" relativeResultsDirectory="beae36e7-c552-40ac-8bd2-3f0ad2a64e90" />
    <UnitTestResult executionId="c87c3e0c-f6e5-45f3-9a59-71686abd1446" testId="e458d382-9161-c112-b8eb-0dd1463e7620" testName="Returns_Inverted_JsonResult_From_Provider(False)" computerName="V020705" duration="00:00:00.0002040" startTime="2025-04-30T09:12:21.5953372+02:00" endTime="2025-04-30T09:12:21.5955411+02:00" testType="13cdc9d9-ddb5-4fa4-a97d-d965ccfc6d4b" outcome="Passed" testListId="8c84fa94-04c1-424b-9868-57a2d4851a1d" relativeResultsDirectory="c87c3e0c-f6e5-45f3-9a59-71686abd1446" />
    <UnitTestResult executionId="5ee33ef4-bef1-4d01-88b7-2410846236ea" testId="87c8d13e-e7f4-e8c8-10f7-611f4ad00d54" testName="Sets_Class_If_Include_Is_True" computerName="V020705" duration="00:00:00.0010780" startTime="2025-04-30T09:12:23.9246701+02:00" endTime="2025-04-30T09:12:23.9257472+02:00" testType="13cdc9d9-ddb5-4fa4-a97d-d965ccfc6d4b" outcome="Passed" testListId="8c84fa94-04c1-424b-9868-57a2d4851a1d" relativeResultsDirectory="5ee33ef4-bef1-4d01-88b7-2410846236ea" />
    <UnitTestResult executionId="d4a37f3c-4efa-416c-8621-c4911d908ab1" testId="afd2c513-1d15-6d0a-37da-9689273da5ad" testName="Fails_If_Locking_Is_Not_Enabled_For_The_User" computerName="V020705" duration="00:00:00.0036450" startTime="2025-04-30T09:12:21.2079929+02:00" endTime="2025-04-30T09:12:21.2116374+02:00" testType="13cdc9d9-ddb5-4fa4-a97d-d965ccfc6d4b" outcome="Passed" testListId="8c84fa94-04c1-424b-9868-57a2d4851a1d" relativeResultsDirectory="d4a37f3c-4efa-416c-8621-c4911d908ab1" />
    <UnitTestResult executionId="4dbd32fe-2067-4ec1-9c8b-5bb00d98d9fa" testId="fb61b088-54c3-4813-a28d-f7e19bfcb9b6" testName="Returns_UserLoginProviders_By_Mapped_Domain" computerName="V020705" duration="00:00:00.0020830" startTime="2025-04-30T09:12:21.6355182+02:00" endTime="2025-04-30T09:12:21.6376004+02:00" testType="13cdc9d9-ddb5-4fa4-a97d-d965ccfc6d4b" outcome="Passed" testListId="8c84fa94-04c1-424b-9868-57a2d4851a1d" relativeResultsDirectory="4dbd32fe-2067-4ec1-9c8b-5bb00d98d9fa" />
    <UnitTestResult executionId="4e1ba18f-d137-49db-8604-d2564d0bf186" testId="7014e715-179f-08ac-4071-a48c534b3862" testName="Does_Nothing_If_No_Href_Attribute_Exist" computerName="V020705" duration="00:00:00.0012240" startTime="2025-04-30T09:12:23.9050796+02:00" endTime="2025-04-30T09:12:23.9063033+02:00" testType="13cdc9d9-ddb5-4fa4-a97d-d965ccfc6d4b" outcome="Passed" testListId="8c84fa94-04c1-424b-9868-57a2d4851a1d" relativeResultsDirectory="4e1ba18f-d137-49db-8604-d2564d0bf186" />
    <UnitTestResult executionId="bff65895-7e68-42f9-a542-f8c79e2f76eb" testId="47b41c3b-592f-b202-106b-e17f6fa5be51" testName="Calls_Authentication_Handler_For_Saml_Metadata(&quot;https://localhost/saml/testazure/metadata/&quot;)" computerName="V020705" duration="00:00:00.0005270" startTime="2025-04-30T09:12:22.9107068+02:00" endTime="2025-04-30T09:12:22.9112333+02:00" testType="13cdc9d9-ddb5-4fa4-a97d-d965ccfc6d4b" outcome="Passed" testListId="8c84fa94-04c1-424b-9868-57a2d4851a1d" relativeResultsDirectory="bff65895-7e68-42f9-a542-f8c79e2f76eb" />
    <UnitTestResult executionId="4587e564-230c-47b5-996f-2fb9aa2dcc44" testId="ed71cb46-7308-4aac-1501-40404db0b0e0" testName="Calls_Inner_Service" computerName="V020705" duration="00:00:00.0015070" startTime="2025-04-30T09:12:23.4704729+02:00" endTime="2025-04-30T09:12:23.4719797+02:00" testType="13cdc9d9-ddb5-4fa4-a97d-d965ccfc6d4b" outcome="Passed" testListId="8c84fa94-04c1-424b-9868-57a2d4851a1d" relativeResultsDirectory="4587e564-230c-47b5-996f-2fb9aa2dcc44" />
    <UnitTestResult executionId="282b9e88-232c-41a7-8c59-93d071cc8a3c" testId="91e57d47-2912-8dce-9afd-6b9824c2db08" testName="Use_Fallback_When_SenderType_Fails_Sending" computerName="V020705" duration="00:00:00.0021189" startTime="2025-04-30T09:12:21.3043234+02:00" endTime="2025-04-30T09:12:21.3064422+02:00" testType="13cdc9d9-ddb5-4fa4-a97d-d965ccfc6d4b" outcome="Passed" testListId="8c84fa94-04c1-424b-9868-57a2d4851a1d" relativeResultsDirectory="282b9e88-232c-41a7-8c59-93d071cc8a3c" />
    <UnitTestResult executionId="d0d53e80-cf6c-432b-a3e9-369f8d90dadb" testId="79b8c264-ac6c-7662-43da-9eb7f8b3b2a3" testName="Returns_Failure_If_Password_Is_Longer_Than_Max_Length" computerName="V020705" duration="00:00:00.0011310" startTime="2025-04-30T09:12:21.3609456+02:00" endTime="2025-04-30T09:12:21.3620763+02:00" testType="13cdc9d9-ddb5-4fa4-a97d-d965ccfc6d4b" outcome="Passed" testListId="8c84fa94-04c1-424b-9868-57a2d4851a1d" relativeResultsDirectory="d0d53e80-cf6c-432b-a3e9-369f8d90dadb" />
    <UnitTestResult executionId="ff590dd6-1ecf-4db7-9ea5-093ac0297b37" testId="b2eced31-7808-1a75-4255-b95daef84ef9" testName="Returns_OidcModel" computerName="V020705" duration="00:00:00.0004470" startTime="2025-04-30T09:12:22.8432685+02:00" endTime="2025-04-30T09:12:22.8437151+02:00" testType="13cdc9d9-ddb5-4fa4-a97d-d965ccfc6d4b" outcome="Passed" testListId="8c84fa94-04c1-424b-9868-57a2d4851a1d" relativeResultsDirectory="ff590dd6-1ecf-4db7-9ea5-093ac0297b37" />
    <UnitTestResult executionId="85121ac9-5958-4f64-a30c-3d58d57608fa" testId="4ccbf8d8-1369-4cd1-e8a3-a2a9de16b7f6" testName="Gets_No_Client_When_No_Query_Provided" computerName="V020705" duration="00:00:00.0007840" startTime="2025-04-30T09:12:20.9580565+02:00" endTime="2025-04-30T09:12:20.9588398+02:00" testType="13cdc9d9-ddb5-4fa4-a97d-d965ccfc6d4b" outcome="Passed" testListId="8c84fa94-04c1-424b-9868-57a2d4851a1d" relativeResultsDirectory="85121ac9-5958-4f64-a30c-3d58d57608fa" />
    <UnitTestResult executionId="5f2c3102-d04b-4b3b-9aac-ef4309f282bf" testId="ed67fa44-1552-508c-915d-208f71764e9c" testName="Returns_BadRequest_If_LastName_Update_Failed" computerName="V020705" duration="00:00:00.0013130" startTime="2025-04-30T09:12:21.6435368+02:00" endTime="2025-04-30T09:12:21.6448495+02:00" testType="13cdc9d9-ddb5-4fa4-a97d-d965ccfc6d4b" outcome="Passed" testListId="8c84fa94-04c1-424b-9868-57a2d4851a1d" relativeResultsDirectory="5f2c3102-d04b-4b3b-9aac-ef4309f282bf" />
    <UnitTestResult executionId="53547485-9a11-4ee2-b209-ade6497d9bf5" testId="9e7ab89c-4222-70d1-fdca-40a8437ebc72" testName="Returns_InternetExplorer(&quot;Mozilla/5.0 (compatible; MSIE 10.0; Windows NT 6.1; Trident/6.0)&quot;)" computerName="V020705" duration="00:00:00.0190170" startTime="2025-04-30T09:12:23.3723853+02:00" endTime="2025-04-30T09:12:23.3914016+02:00" testType="13cdc9d9-ddb5-4fa4-a97d-d965ccfc6d4b" outcome="Passed" testListId="8c84fa94-04c1-424b-9868-57a2d4851a1d" relativeResultsDirectory="53547485-9a11-4ee2-b209-ade6497d9bf5" />
    <UnitTestResult executionId="500fd96b-15e9-4afb-9d36-623c7ecb7790" testId="8a6384e8-0380-40b5-3cca-f49e615b1677" testName="Calls_CookieManager" computerName="V020705" duration="00:00:00.0013170" startTime="2025-04-30T09:12:23.5775710+02:00" endTime="2025-04-30T09:12:23.5788881+02:00" testType="13cdc9d9-ddb5-4fa4-a97d-d965ccfc6d4b" outcome="Passed" testListId="8c84fa94-04c1-424b-9868-57a2d4851a1d" relativeResultsDirectory="500fd96b-15e9-4afb-9d36-623c7ecb7790" />
    <UnitTestResult executionId="2f1aad72-031f-4b2d-8114-4c1c09e56f97" testId="3e0ae73a-1486-d220-a345-e97b020b3821" testName="Throws_UserNotFoundException_When_User_Does_Not_Exist" computerName="V020705" duration="00:00:00.0024640" startTime="2025-04-30T09:12:20.7186510+02:00" endTime="2025-04-30T09:12:20.7211150+02:00" testType="13cdc9d9-ddb5-4fa4-a97d-d965ccfc6d4b" outcome="Passed" testListId="8c84fa94-04c1-424b-9868-57a2d4851a1d" relativeResultsDirectory="2f1aad72-031f-4b2d-8114-4c1c09e56f97" />
    <UnitTestResult executionId="0ac15fd1-22ec-4aaf-a0b0-432ca6046afc" testId="3496207b-1ea5-64f6-ae71-a4f0a3d5e4f7" testName="Returns_Already_Expired_LoginProviders" computerName="V020705" duration="00:00:00.0017990" startTime="2025-04-30T09:12:23.5187368+02:00" endTime="2025-04-30T09:12:23.5205353+02:00" testType="13cdc9d9-ddb5-4fa4-a97d-d965ccfc6d4b" outcome="Passed" testListId="8c84fa94-04c1-424b-9868-57a2d4851a1d" relativeResultsDirectory="0ac15fd1-22ec-4aaf-a0b0-432ca6046afc" />
    <UnitTestResult executionId="cfc53681-e56a-4844-a62d-2abef3feb4d4" testId="d975e00c-6bb2-1e61-db6f-d2886d643056" testName="Resolves_AdminUi_ClientId_For_Machine_Events" computerName="V020705" duration="00:00:00.0133270" startTime="2025-04-30T09:12:23.0002846+02:00" endTime="2025-04-30T09:12:23.0136113+02:00" testType="13cdc9d9-ddb5-4fa4-a97d-d965ccfc6d4b" outcome="Passed" testListId="8c84fa94-04c1-424b-9868-57a2d4851a1d" relativeResultsDirectory="cfc53681-e56a-4844-a62d-2abef3feb4d4" />
    <UnitTestResult executionId="29bbb454-efcf-43f5-b6e1-5a8037aaf07c" testId="898c1b49-f8e8-66dd-632e-c72b9f8369cb" testName="Calls_IdentityProviderLookup" computerName="V020705" duration="00:00:00.0029930" startTime="2025-04-30T09:12:22.8873934+02:00" endTime="2025-04-30T09:12:22.8903856+02:00" testType="13cdc9d9-ddb5-4fa4-a97d-d965ccfc6d4b" outcome="Passed" testListId="8c84fa94-04c1-424b-9868-57a2d4851a1d" relativeResultsDirectory="29bbb454-efcf-43f5-b6e1-5a8037aaf07c" />
    <UnitTestResult executionId="0753fc71-3693-4dce-b3a9-0869a07b8129" testId="1d73bc35-6cfa-01eb-f47d-cb4cd6e99b60" testName="Maps_ClientCustomization_Information_Properly" computerName="V020705" duration="00:00:00.0015800" startTime="2025-04-30T09:12:22.8509312+02:00" endTime="2025-04-30T09:12:22.8525106+02:00" testType="13cdc9d9-ddb5-4fa4-a97d-d965ccfc6d4b" outcome="Passed" testListId="8c84fa94-04c1-424b-9868-57a2d4851a1d" relativeResultsDirectory="0753fc71-3693-4dce-b3a9-0869a07b8129" />
    <UnitTestResult executionId="3cf42285-7de0-4f15-9f45-a20669a39196" testId="b2637e8c-05c8-ce46-11d3-0977237ded27" testName="Gets_MVC_Client_By_Encoded_ReturnUrl_Post_Form_Parameter" computerName="V020705" duration="00:00:00.0052550" startTime="2025-04-30T09:12:20.9493238+02:00" endTime="2025-04-30T09:12:20.9545785+02:00" testType="13cdc9d9-ddb5-4fa4-a97d-d965ccfc6d4b" outcome="Passed" testListId="8c84fa94-04c1-424b-9868-57a2d4851a1d" relativeResultsDirectory="3cf42285-7de0-4f15-9f45-a20669a39196" />
    <UnitTestResult executionId="eff2d465-ddc9-45f5-89bb-ee2227f88849" testId="9bb6650e-634b-993f-4507-8e607afd53fc" testName="Can_Read_OktaProvider" computerName="V020705" duration="00:00:00.0001640" startTime="2025-04-30T09:12:22.9534938+02:00" endTime="2025-04-30T09:12:22.9536580+02:00" testType="13cdc9d9-ddb5-4fa4-a97d-d965ccfc6d4b" outcome="Passed" testListId="8c84fa94-04c1-424b-9868-57a2d4851a1d" relativeResultsDirectory="eff2d465-ddc9-45f5-89bb-ee2227f88849" />
    <UnitTestResult executionId="915580ff-363b-41ec-9e2c-f6852be879e6" testId="ea19f5bb-19c5-8627-e2b9-ff0952e1ff86" testName="Returns_Roles_Data" computerName="V020705" duration="00:00:00.0015810" startTime="2025-04-30T09:12:22.5144743+02:00" endTime="2025-04-30T09:12:22.5160552+02:00" testType="13cdc9d9-ddb5-4fa4-a97d-d965ccfc6d4b" outcome="Passed" testListId="8c84fa94-04c1-424b-9868-57a2d4851a1d" relativeResultsDirectory="915580ff-363b-41ec-9e2c-f6852be879e6" />
    <UnitTestResult executionId="35c3861f-7499-4374-946e-8638f557ae53" testId="ba70d6b3-60e1-78fe-620d-a1a735cd9c1c" testName="Returns_Failure_If_Password_Contains_Less_Than_3_Unique_Chars(&quot;0101010101&quot;)" computerName="V020705" duration="00:00:00.0003669" startTime="2025-04-30T09:12:21.3316078+02:00" endTime="2025-04-30T09:12:21.3319745+02:00" testType="13cdc9d9-ddb5-4fa4-a97d-d965ccfc6d4b" outcome="Passed" testListId="8c84fa94-04c1-424b-9868-57a2d4851a1d" relativeResultsDirectory="35c3861f-7499-4374-946e-8638f557ae53" />
    <UnitTestResult executionId="c74ad9a7-b8a3-49b7-bd09-b31bb3f24133" testId="ba031a29-e89d-60c6-63ef-7e23f5bf8bbd" testName="Returns_Response_With_All_Found_Attribute" computerName="V020705" duration="00:00:00.0038440" startTime="2025-04-30T09:12:20.6960643+02:00" endTime="2025-04-30T09:12:20.6999080+02:00" testType="13cdc9d9-ddb5-4fa4-a97d-d965ccfc6d4b" outcome="Passed" testListId="8c84fa94-04c1-424b-9868-57a2d4851a1d" relativeResultsDirectory="c74ad9a7-b8a3-49b7-bd09-b31bb3f24133" />
    <UnitTestResult executionId="afbb007d-320e-4797-a510-dced2db740e7" testId="613f3758-2c26-cde7-616d-ce84ce9b8641" testName="Returns_Options_From_Empty_Config" computerName="V020705" duration="00:00:00.0178080" startTime="2025-04-30T09:12:21.3859977+02:00" endTime="2025-04-30T09:12:21.4038043+02:00" testType="13cdc9d9-ddb5-4fa4-a97d-d965ccfc6d4b" outcome="Passed" testListId="8c84fa94-04c1-424b-9868-57a2d4851a1d" relativeResultsDirectory="afbb007d-320e-4797-a510-dced2db740e7" />
    <UnitTestResult executionId="933e9834-3a04-4c93-9ab8-07f4a3d8cf1b" testId="12b7d26c-41c3-eb7b-4c28-fca9d7661392" testName="External_User_Dont_Retrieve_ResetPassword_Mails" computerName="V020705" duration="00:00:00.0478620" startTime="2025-04-30T09:12:21.4052845+02:00" endTime="2025-04-30T09:12:21.4531446+02:00" testType="13cdc9d9-ddb5-4fa4-a97d-d965ccfc6d4b" outcome="Passed" testListId="8c84fa94-04c1-424b-9868-57a2d4851a1d" relativeResultsDirectory="933e9834-3a04-4c93-9ab8-07f4a3d8cf1b" />
    <UnitTestResult executionId="9180dac9-60d3-4cb2-a703-62528696e235" testId="be755881-249e-5ec2-52ba-05be5d321b6a" testName="Calls_Inner_Service" computerName="V020705" duration="00:00:00.0010720" startTime="2025-04-30T09:12:23.8736756+02:00" endTime="2025-04-30T09:12:23.8747474+02:00" testType="13cdc9d9-ddb5-4fa4-a97d-d965ccfc6d4b" outcome="Passed" testListId="8c84fa94-04c1-424b-9868-57a2d4851a1d" relativeResultsDirectory="9180dac9-60d3-4cb2-a703-62528696e235" />
    <UnitTestResult executionId="b3634430-dd0c-4918-adbc-d5ecddbd8dc1" testId="c0c6839e-f2da-1eba-68d1-ba2019385de6" testName="Publishes_UserFullNameChanged_Event_When_FirstName_Was_Changed" computerName="V020705" duration="00:00:00.0023340" startTime="2025-04-30T09:12:21.1931925+02:00" endTime="2025-04-30T09:12:21.1955259+02:00" testType="13cdc9d9-ddb5-4fa4-a97d-d965ccfc6d4b" outcome="Passed" testListId="8c84fa94-04c1-424b-9868-57a2d4851a1d" relativeResultsDirectory="b3634430-dd0c-4918-adbc-d5ecddbd8dc1" />
    <UnitTestResult executionId="e511bade-a472-4bc0-b88e-18d8a6361653" testId="1970d730-f166-49f5-f77f-a17b113258a2" testName="Does_Nothing_If_Href_Is_Not_Current_Controller" computerName="V020705" duration="00:00:00.0015680" startTime="2025-04-30T09:12:23.9141192+02:00" endTime="2025-04-30T09:12:23.9156871+02:00" testType="13cdc9d9-ddb5-4fa4-a97d-d965ccfc6d4b" outcome="Passed" testListId="8c84fa94-04c1-424b-9868-57a2d4851a1d" relativeResultsDirectory="e511bade-a472-4bc0-b88e-18d8a6361653" />
    <UnitTestResult executionId="2e6ed6f2-2baa-4ed8-bdd7-44db3b0e321c" testId="16717eda-9f34-c565-d17f-d1cc8aa97196" testName="Calls_Default_Oidc_Configuration_With_Modern_Uris" computerName="V020705" duration="00:00:00.0005660" startTime="2025-04-30T09:12:22.8234845+02:00" endTime="2025-04-30T09:12:22.8240502+02:00" testType="13cdc9d9-ddb5-4fa4-a97d-d965ccfc6d4b" outcome="Passed" testListId="8c84fa94-04c1-424b-9868-57a2d4851a1d" relativeResultsDirectory="2e6ed6f2-2baa-4ed8-bdd7-44db3b0e321c" />
    <UnitTestResult executionId="c13d7808-13d9-4681-8268-53d871dc87fb" testId="e3480267-173d-4a79-3dda-0e08e06cdff5" testName="Throws_Exception_When_Server_Returns_BadRequest" computerName="V020705" duration="00:00:00.0021050" startTime="2025-04-30T09:12:20.7165245+02:00" endTime="2025-04-30T09:12:20.7186289+02:00" testType="13cdc9d9-ddb5-4fa4-a97d-d965ccfc6d4b" outcome="Passed" testListId="8c84fa94-04c1-424b-9868-57a2d4851a1d" relativeResultsDirectory="c13d7808-13d9-4681-8268-53d871dc87fb" />
    <UnitTestResult executionId="ff80c47e-a8f0-4ce3-b32a-168ee2dae3e6" testId="91be1129-2e75-acdd-f801-b95277bbc5b6" testName="Returns_Correct_Type(&quot;Mozilla/5.0 (Linux; U; Android 4.0.2; en-us; Galaxy Nexus Build/ICL53F) AppleWebKit/534.30 (KHTML, like Gecko) Version/4.0 Mobile Safari/534.30&quot;,Android)" computerName="V020705" duration="00:00:00.0191180" startTime="2025-04-30T09:12:23.1989839+02:00" endTime="2025-04-30T09:12:23.2181007+02:00" testType="13cdc9d9-ddb5-4fa4-a97d-d965ccfc6d4b" outcome="Passed" testListId="8c84fa94-04c1-424b-9868-57a2d4851a1d" relativeResultsDirectory="ff80c47e-a8f0-4ce3-b32a-168ee2dae3e6" />
    <UnitTestResult executionId="905895b5-0fe3-4c99-96f7-ca839d0e06f3" testId="38eb0d90-d708-c6bb-b76b-4ae5478deb2a" testName="Sends_Link_To_Customized_Sender_Of_Factory" computerName="V020705" duration="00:00:00.0014870" startTime="2025-04-30T09:12:21.3079202+02:00" endTime="2025-04-30T09:12:21.3094073+02:00" testType="13cdc9d9-ddb5-4fa4-a97d-d965ccfc6d4b" outcome="Passed" testListId="8c84fa94-04c1-424b-9868-57a2d4851a1d" relativeResultsDirectory="905895b5-0fe3-4c99-96f7-ca839d0e06f3" />
    <UnitTestResult executionId="19fbe79f-fef7-48f2-95b3-8bd72526d086" testId="1cacaed8-0ecb-9b11-c277-1847a83365c3" testName="Does_Not_Log_Non_Private_IPv6_Addresses(&quot;2607:f0d0:1002:0051:0000:0000:0000:0004&quot;)" computerName="V020705" duration="00:00:00.0003030" startTime="2025-04-30T09:12:22.6411591+02:00" endTime="2025-04-30T09:12:22.6414616+02:00" testType="13cdc9d9-ddb5-4fa4-a97d-d965ccfc6d4b" outcome="Passed" testListId="8c84fa94-04c1-424b-9868-57a2d4851a1d" relativeResultsDirectory="19fbe79f-fef7-48f2-95b3-8bd72526d086" />
    <UnitTestResult executionId="40833716-baf1-488f-b013-dfeeb27a46bd" testId="5edd3f91-b3d1-6853-b4fc-0a51cb8a4294" testName="Use_Fallback_When_SenderType_Fails_Sending" computerName="V020705" duration="00:00:00.0027330" startTime="2025-04-30T09:12:21.2972182+02:00" endTime="2025-04-30T09:12:21.2999506+02:00" testType="13cdc9d9-ddb5-4fa4-a97d-d965ccfc6d4b" outcome="Passed" testListId="8c84fa94-04c1-424b-9868-57a2d4851a1d" relativeResultsDirectory="40833716-baf1-488f-b013-dfeeb27a46bd" />
    <UnitTestResult executionId="c49d3ab1-427d-4f41-985a-493e69ce0345" testId="69bb95a8-4f41-18e6-7973-e67446e6fade" testName="Returns_Not_Found_If_Not_Exists" computerName="V020705" duration="00:00:00.0005010" startTime="2025-04-30T09:12:21.6282823+02:00" endTime="2025-04-30T09:12:21.6287828+02:00" testType="13cdc9d9-ddb5-4fa4-a97d-d965ccfc6d4b" outcome="Passed" testListId="8c84fa94-04c1-424b-9868-57a2d4851a1d" relativeResultsDirectory="c49d3ab1-427d-4f41-985a-493e69ce0345" />
    <UnitTestResult executionId="9d4e4f2b-3f59-4c74-9d29-719f5b38f048" testId="e92779f6-74cb-f951-f9dc-b2773eeecea5" testName="Can_Read_OidcProvider" computerName="V020705" duration="00:00:00.0002150" startTime="2025-04-30T09:12:22.9532700+02:00" endTime="2025-04-30T09:12:22.9534850+02:00" testType="13cdc9d9-ddb5-4fa4-a97d-d965ccfc6d4b" outcome="Passed" testListId="8c84fa94-04c1-424b-9868-57a2d4851a1d" relativeResultsDirectory="9d4e4f2b-3f59-4c74-9d29-719f5b38f048" />
    <UnitTestResult executionId="1e66a6aa-d3f7-46e1-aaea-6df8fe5fd21b" testId="df1b7b6f-e4bc-b1aa-f376-084b446da717" testName="Calls_Authentication_Handler_For_Legacy_Signout" computerName="V020705" duration="00:00:00.0035360" startTime="2025-04-30T09:12:22.9050488+02:00" endTime="2025-04-30T09:12:22.9085846+02:00" testType="13cdc9d9-ddb5-4fa4-a97d-d965ccfc6d4b" outcome="Passed" testListId="8c84fa94-04c1-424b-9868-57a2d4851a1d" relativeResultsDirectory="1e66a6aa-d3f7-46e1-aaea-6df8fe5fd21b" />
    <UnitTestResult executionId="8e20f120-3791-469d-8928-0ced46cac0b1" testId="c0bc6d7b-6204-a0b4-c19b-751628802c32" testName="Calls_CookieManager" computerName="V020705" duration="00:00:00.0086660" startTime="2025-04-30T09:12:23.5543542+02:00" endTime="2025-04-30T09:12:23.5630197+02:00" testType="13cdc9d9-ddb5-4fa4-a97d-d965ccfc6d4b" outcome="Passed" testListId="8c84fa94-04c1-424b-9868-57a2d4851a1d" relativeResultsDirectory="8e20f120-3791-469d-8928-0ced46cac0b1" />
    <UnitTestResult executionId="814a2068-dfdb-47d4-ae42-b24a66fae4e5" testId="ae7ae084-9242-af44-0ff8-66c577731451" testName="Returns_SamlModel" computerName="V020705" duration="00:00:00.0031520" startTime="2025-04-30T09:12:22.8445376+02:00" endTime="2025-04-30T09:12:22.8476891+02:00" testType="13cdc9d9-ddb5-4fa4-a97d-d965ccfc6d4b" outcome="Passed" testListId="8c84fa94-04c1-424b-9868-57a2d4851a1d" relativeResultsDirectory="814a2068-dfdb-47d4-ae42-b24a66fae4e5" />
    <UnitTestResult executionId="e2359bb4-341e-4824-9162-3233b59407ce" testId="38ee7997-55bc-f671-5484-b7237e6f47a6" testName="Can_Write_Saml_Data_With_Certificate_With_Header_And_Footer" computerName="V020705" duration="00:00:00.0018580" startTime="2025-04-30T09:12:22.3177015+02:00" endTime="2025-04-30T09:12:22.3195594+02:00" testType="13cdc9d9-ddb5-4fa4-a97d-d965ccfc6d4b" outcome="Passed" testListId="8c84fa94-04c1-424b-9868-57a2d4851a1d" relativeResultsDirectory="e2359bb4-341e-4824-9162-3233b59407ce" />
    <UnitTestResult executionId="37f8f23c-d84a-470c-b722-1b1d011c030b" testId="61e1013f-7044-f341-1eb6-2fbac507f775" testName="Can_Write_AzureProvider" computerName="V020705" duration="00:00:00.0007020" startTime="2025-04-30T09:12:22.9640929+02:00" endTime="2025-04-30T09:12:22.9647942+02:00" testType="13cdc9d9-ddb5-4fa4-a97d-d965ccfc6d4b" outcome="Passed" testListId="8c84fa94-04c1-424b-9868-57a2d4851a1d" relativeResultsDirectory="37f8f23c-d84a-470c-b722-1b1d011c030b" />
    <UnitTestResult executionId="ba36eeb2-c72f-4578-b2d1-4dc235b11e45" testId="32d006f0-ac45-d318-d8b6-796c988b74e1" testName="Removes_Duplicate_ClaimsIdentity_Claim" computerName="V020705" duration="00:00:00.0028090" startTime="2025-04-30T09:12:23.4638891+02:00" endTime="2025-04-30T09:12:23.4666976+02:00" testType="13cdc9d9-ddb5-4fa4-a97d-d965ccfc6d4b" outcome="Passed" testListId="8c84fa94-04c1-424b-9868-57a2d4851a1d" relativeResultsDirectory="ba36eeb2-c72f-4578-b2d1-4dc235b11e45" />
    <UnitTestResult executionId="a703a6fd-e0aa-40e8-aa6d-aef36c145137" testId="0318a35f-12e1-9f9b-c8c4-233e2ad15da1" testName="Returns_SamlModel_With_EmptyData" computerName="V020705" duration="00:00:00.0007140" startTime="2025-04-30T09:12:22.8477446+02:00" endTime="2025-04-30T09:12:22.8484584+02:00" testType="13cdc9d9-ddb5-4fa4-a97d-d965ccfc6d4b" outcome="Passed" testListId="8c84fa94-04c1-424b-9868-57a2d4851a1d" relativeResultsDirectory="a703a6fd-e0aa-40e8-aa6d-aef36c145137" />
    <UnitTestResult executionId="3b289c2e-b832-485f-9854-24f370a0a520" testId="3bc2d8b1-ec66-54f7-c237-586544ed4370" testName="Unsets_Blocked_Flag(False)" computerName="V020705" duration="00:00:00.0006790" startTime="2025-04-30T09:12:21.1764746+02:00" endTime="2025-04-30T09:12:21.1771540+02:00" testType="13cdc9d9-ddb5-4fa4-a97d-d965ccfc6d4b" outcome="Passed" testListId="8c84fa94-04c1-424b-9868-57a2d4851a1d" relativeResultsDirectory="3b289c2e-b832-485f-9854-24f370a0a520" />
    <UnitTestResult executionId="795eae12-c30e-4ee5-a312-dd40fdfdd2b7" testId="7b64fc21-660a-3ce8-c50e-07fe14ab8ea5" testName="Fails_If_User_Id_Is_Not_Found" computerName="V020705" duration="00:00:00.0012640" startTime="2025-04-30T09:12:21.2154352+02:00" endTime="2025-04-30T09:12:21.2166991+02:00" testType="13cdc9d9-ddb5-4fa4-a97d-d965ccfc6d4b" outcome="Passed" testListId="8c84fa94-04c1-424b-9868-57a2d4851a1d" relativeResultsDirectory="795eae12-c30e-4ee5-a312-dd40fdfdd2b7" />
    <UnitTestResult executionId="4ab0ae64-9bc5-422f-90fc-d6d6a191299e" testId="bf83e4d5-8b19-14dc-030c-491ebd48ca6a" testName="Publishes_UserStateChanged_Event_With_IsLocked_When_Enddate_IsSet" computerName="V020705" duration="00:00:00.0020990" startTime="2025-04-30T09:12:21.2007035+02:00" endTime="2025-04-30T09:12:21.2028025+02:00" testType="13cdc9d9-ddb5-4fa4-a97d-d965ccfc6d4b" outcome="Passed" testListId="8c84fa94-04c1-424b-9868-57a2d4851a1d" relativeResultsDirectory="4ab0ae64-9bc5-422f-90fc-d6d6a191299e" />
    <UnitTestResult executionId="83deaa17-5fe8-4609-9f5e-b94c993a08e8" testId="7d62f483-ca93-a725-2095-b0eff2c5d67c" testName="Retrieves_Record_From_Repository" computerName="V020705" duration="00:00:00.0011420" startTime="2025-04-30T09:12:23.0266395+02:00" endTime="2025-04-30T09:12:23.0277814+02:00" testType="13cdc9d9-ddb5-4fa4-a97d-d965ccfc6d4b" outcome="Passed" testListId="8c84fa94-04c1-424b-9868-57a2d4851a1d" relativeResultsDirectory="83deaa17-5fe8-4609-9f5e-b94c993a08e8" />
    <UnitTestResult executionId="5195ef0b-8e27-4021-8b64-5e3f1dc5d3e7" testId="87939337-dc38-5d18-422e-5446369b328f" testName="Converts_RedirectUris" computerName="V020705" duration="00:00:00.0002880" startTime="2025-04-30T09:12:22.8549895+02:00" endTime="2025-04-30T09:12:22.8552778+02:00" testType="13cdc9d9-ddb5-4fa4-a97d-d965ccfc6d4b" outcome="Passed" testListId="8c84fa94-04c1-424b-9868-57a2d4851a1d" relativeResultsDirectory="5195ef0b-8e27-4021-8b64-5e3f1dc5d3e7" />
    <UnitTestResult executionId="295aea30-d24c-4e9b-aacd-517cb1bf94aa" testId="7e679691-98e6-62dc-03d7-7b901b4a760c" testName="Calls_TemplateEngine_And_Sender" computerName="V020705" duration="00:00:00.0017090" startTime="2025-04-30T09:12:23.6147039+02:00" endTime="2025-04-30T09:12:23.6164124+02:00" testType="13cdc9d9-ddb5-4fa4-a97d-d965ccfc6d4b" outcome="Passed" testListId="8c84fa94-04c1-424b-9868-57a2d4851a1d" relativeResultsDirectory="295aea30-d24c-4e9b-aacd-517cb1bf94aa" />
    <UnitTestResult executionId="6de99cfb-2f91-41b7-84f8-1bed7f1a1cf8" testId="7747a403-ab44-9f9f-9437-aaf738efdb00" testName="Calls_Default_Oidc_Configuration_With_Modern_Uris" computerName="V020705" duration="00:00:00.0011430" startTime="2025-04-30T09:12:22.7674047+02:00" endTime="2025-04-30T09:12:22.7685478+02:00" testType="13cdc9d9-ddb5-4fa4-a97d-d965ccfc6d4b" outcome="Passed" testListId="8c84fa94-04c1-424b-9868-57a2d4851a1d" relativeResultsDirectory="6de99cfb-2f91-41b7-84f8-1bed7f1a1cf8" />
    <UnitTestResult executionId="9d3d0b52-f7f2-48eb-925a-0a4f7f8fa350" testId="acc7967d-0fef-9ccc-417e-3b454a45a65b" testName="Persist_Failure_Events" computerName="V020705" duration="00:00:00.0017540" startTime="2025-04-30T09:12:23.0137727+02:00" endTime="2025-04-30T09:12:23.0155261+02:00" testType="13cdc9d9-ddb5-4fa4-a97d-d965ccfc6d4b" outcome="Passed" testListId="8c84fa94-04c1-424b-9868-57a2d4851a1d" relativeResultsDirectory="9d3d0b52-f7f2-48eb-925a-0a4f7f8fa350" />
    <UnitTestResult executionId="c14ae425-040e-46da-b8f1-a87ba14c2340" testId="b61753a7-0caf-21b1-76c9-6660e112663e" testName="Can_Read_ClientSecretExpirationDate_Correctly" computerName="V020705" duration="00:00:00.0002509" startTime="2025-04-30T09:12:22.8415866+02:00" endTime="2025-04-30T09:12:22.8418376+02:00" testType="13cdc9d9-ddb5-4fa4-a97d-d965ccfc6d4b" outcome="Passed" testListId="8c84fa94-04c1-424b-9868-57a2d4851a1d" relativeResultsDirectory="c14ae425-040e-46da-b8f1-a87ba14c2340" />
    <UnitTestResult executionId="f2578b4f-4c3a-4190-9821-6780306e4a85" testId="625173fd-65da-1397-ec54-c65b83c98653" testName="Sets_ReturnUrl_If_CompletionPath_Is_Set" computerName="V020705" duration="00:00:00.0003490" startTime="2025-04-30T09:12:23.6078798+02:00" endTime="2025-04-30T09:12:23.6082282+02:00" testType="13cdc9d9-ddb5-4fa4-a97d-d965ccfc6d4b" outcome="Passed" testListId="8c84fa94-04c1-424b-9868-57a2d4851a1d" relativeResultsDirectory="f2578b4f-4c3a-4190-9821-6780306e4a85" />
    <UnitTestResult executionId="ea82a29a-104d-40bd-833e-0f56cee2007d" testId="b40fd00d-d53c-5169-d6b7-9e54de3594b7" testName="Returns_Enbled" computerName="V020705" duration="00:00:00.0065120" startTime="2025-04-30T09:12:23.4254372+02:00" endTime="2025-04-30T09:12:23.4319488+02:00" testType="13cdc9d9-ddb5-4fa4-a97d-d965ccfc6d4b" outcome="Passed" testListId="8c84fa94-04c1-424b-9868-57a2d4851a1d" relativeResultsDirectory="ea82a29a-104d-40bd-833e-0f56cee2007d" />
    <UnitTestResult executionId="a0fbd8a9-469c-4a19-916d-f2a24637145e" testId="25f92625-4648-7782-1d2a-317528534f1f" testName="LogIn_Failed_With_Incorrect_Password_When_Max_Attempt_Is_Not_Reached" computerName="V020705" duration="00:00:00.0130580" startTime="2025-04-30T09:12:21.0149193+02:00" endTime="2025-04-30T09:12:21.0279761+02:00" testType="13cdc9d9-ddb5-4fa4-a97d-d965ccfc6d4b" outcome="Passed" testListId="8c84fa94-04c1-424b-9868-57a2d4851a1d" relativeResultsDirectory="a0fbd8a9-469c-4a19-916d-f2a24637145e" />
    <UnitTestResult executionId="603d418f-e777-4dba-96d1-56a68475bad4" testId="c0fe0fa0-6414-4395-987d-4feb337c599e" testName="Returns_False_When_Max_Attempt_For_Client_IsNot_Reached" computerName="V020705" duration="00:00:00.0022690" startTime="2025-04-30T09:12:21.0431053+02:00" endTime="2025-04-30T09:12:21.0453738+02:00" testType="13cdc9d9-ddb5-4fa4-a97d-d965ccfc6d4b" outcome="Passed" testListId="8c84fa94-04c1-424b-9868-57a2d4851a1d" relativeResultsDirectory="603d418f-e777-4dba-96d1-56a68475bad4" />
    <UnitTestResult executionId="1d22affa-4014-4539-b023-eb90c75fbda5" testId="8bfc7437-d32d-2fbd-e729-18690eea4323" testName="Throws_Error_If_ProviderType_Is_Missing" computerName="V020705" duration="00:00:00.0011600" startTime="2025-04-30T09:12:22.3986086+02:00" endTime="2025-04-30T09:12:22.3997683+02:00" testType="13cdc9d9-ddb5-4fa4-a97d-d965ccfc6d4b" outcome="Passed" testListId="8c84fa94-04c1-424b-9868-57a2d4851a1d" relativeResultsDirectory="1d22affa-4014-4539-b023-eb90c75fbda5" />
    <UnitTestResult executionId="9dc023c0-26ec-4a64-8dbd-fa8f69fb8bb3" testId="e980232d-04f5-66df-4d0c-b71aabaaccba" testName="Concat_Groups_If_Defined" computerName="V020705" duration="00:00:00.0027460" startTime="2025-04-30T09:12:23.5967584+02:00" endTime="2025-04-30T09:12:23.5995044+02:00" testType="13cdc9d9-ddb5-4fa4-a97d-d965ccfc6d4b" outcome="Passed" testListId="8c84fa94-04c1-424b-9868-57a2d4851a1d" relativeResultsDirectory="9dc023c0-26ec-4a64-8dbd-fa8f69fb8bb3" />
    <UnitTestResult executionId="b42e262b-b342-4c7c-844b-bdc0cd609ba4" testId="6c76a547-a417-df5d-abc4-86b14d1a3cb1" testName="Returns_Not_Found_If_No_ClientId_Given" computerName="V020705" duration="00:00:00.0007140" startTime="2025-04-30T09:12:22.4996620+02:00" endTime="2025-04-30T09:12:22.5003754+02:00" testType="13cdc9d9-ddb5-4fa4-a97d-d965ccfc6d4b" outcome="Passed" testListId="8c84fa94-04c1-424b-9868-57a2d4851a1d" relativeResultsDirectory="b42e262b-b342-4c7c-844b-bdc0cd609ba4" />
    <UnitTestResult executionId="0546be02-f2f9-46fd-af7e-e2f8fdd5cee9" testId="e4d172b9-a63c-5335-afe5-313d50a6d7bc" testName="Does_Not_Set_ReturnUri_If_Not_IdPInitiatedSSO" computerName="V020705" duration="00:00:00.0008920" startTime="2025-04-30T09:12:23.6064086+02:00" endTime="2025-04-30T09:12:23.6073002+02:00" testType="13cdc9d9-ddb5-4fa4-a97d-d965ccfc6d4b" outcome="Passed" testListId="8c84fa94-04c1-424b-9868-57a2d4851a1d" relativeResultsDirectory="0546be02-f2f9-46fd-af7e-e2f8fdd5cee9" />
    <UnitTestResult executionId="7d449c29-b93a-4cbd-862b-b99337739b59" testId="c8f889c2-9dcc-5ee4-69a9-b92ed5635443" testName="Returns_Information_For_Saml_With_Legacy_Urls" computerName="V020705" duration="00:00:00.0008130" startTime="2025-04-30T09:12:23.5015491+02:00" endTime="2025-04-30T09:12:23.5023616+02:00" testType="13cdc9d9-ddb5-4fa4-a97d-d965ccfc6d4b" outcome="Passed" testListId="8c84fa94-04c1-424b-9868-57a2d4851a1d" relativeResultsDirectory="7d449c29-b93a-4cbd-862b-b99337739b59" />
    <UnitTestResult executionId="4a9d8f7e-6526-4fba-a45e-e00e60136d48" testId="b3def435-ba3a-8251-73bc-89d7d56bc196" testName="Calls_CookieManager" computerName="V020705" duration="00:00:00.0034860" startTime="2025-04-30T09:12:23.5660663+02:00" endTime="2025-04-30T09:12:23.5695519+02:00" testType="13cdc9d9-ddb5-4fa4-a97d-d965ccfc6d4b" outcome="Passed" testListId="8c84fa94-04c1-424b-9868-57a2d4851a1d" relativeResultsDirectory="4a9d8f7e-6526-4fba-a45e-e00e60136d48" />
    <UnitTestResult executionId="751425fe-1ddc-49bd-9c02-febdf5e13a1f" testId="935a5252-e82e-0a40-ebb1-6071aa394aa6" testName="Sets_A_Response_Cookie_Indicating_A_LoginProvider_Test_Run" computerName="V020705" duration="00:00:00.0013590" startTime="2025-04-30T09:12:22.4099721+02:00" endTime="2025-04-30T09:12:22.4113311+02:00" testType="13cdc9d9-ddb5-4fa4-a97d-d965ccfc6d4b" outcome="Passed" testListId="8c84fa94-04c1-424b-9868-57a2d4851a1d" relativeResultsDirectory="751425fe-1ddc-49bd-9c02-febdf5e13a1f" />
    <UnitTestResult executionId="b529c102-d726-4caa-bbc0-8b68bb14d483" testId="91a632ab-9fa1-7e7c-73e0-f4342ab0027e" testName="Removes_All_Entries" computerName="V020705" duration="00:00:00.0010280" startTime="2025-04-30T09:12:23.3934106+02:00" endTime="2025-04-30T09:12:23.3944377+02:00" testType="13cdc9d9-ddb5-4fa4-a97d-d965ccfc6d4b" outcome="Passed" testListId="8c84fa94-04c1-424b-9868-57a2d4851a1d" relativeResultsDirectory="b529c102-d726-4caa-bbc0-8b68bb14d483" />
    <UnitTestResult executionId="ef0149c9-a8e6-4691-8f12-6b7810342fbf" testId="20e857fb-676d-e026-1633-2a582f84da53" testName="Returns_Failure_If_Password_Contains_FirstName(&quot;Hans&quot;,&quot;123hans&quot;)" computerName="V020705" duration="00:00:00.0005470" startTime="2025-04-30T09:12:21.3529838+02:00" endTime="2025-04-30T09:12:21.3535302+02:00" testType="13cdc9d9-ddb5-4fa4-a97d-d965ccfc6d4b" outcome="Passed" testListId="8c84fa94-04c1-424b-9868-57a2d4851a1d" relativeResultsDirectory="ef0149c9-a8e6-4691-8f12-6b7810342fbf" />
    <UnitTestResult executionId="ae77974c-3ef7-443b-83d6-c4cb76cd957e" testId="30d38230-700b-2015-5de7-f8c35a3772bd" testName="Does_Not_Returns_Past_Values" computerName="V020705" duration="00:00:00.0014570" startTime="2025-04-30T09:12:23.0354677+02:00" endTime="2025-04-30T09:12:23.0369247+02:00" testType="13cdc9d9-ddb5-4fa4-a97d-d965ccfc6d4b" outcome="Passed" testListId="8c84fa94-04c1-424b-9868-57a2d4851a1d" relativeResultsDirectory="ae77974c-3ef7-443b-83d6-c4cb76cd957e" />
    <UnitTestResult executionId="59858991-a0e6-469c-8084-bb2446a94d5c" testId="3ababb28-c22e-2e27-a55b-3ca0ece96105" testName="Deletes_User" computerName="V020705" duration="00:00:00.0034630" startTime="2025-04-30T09:12:21.6184869+02:00" endTime="2025-04-30T09:12:21.6219497+02:00" testType="13cdc9d9-ddb5-4fa4-a97d-d965ccfc6d4b" outcome="Passed" testListId="8c84fa94-04c1-424b-9868-57a2d4851a1d" relativeResultsDirectory="59858991-a0e6-469c-8084-bb2446a94d5c" />
    <UnitTestResult executionId="28b0d63c-b7ca-4a19-b291-61cf0c9b8a99" testId="c77b2164-19cd-5e1f-722b-2dbf6cdc451f" testName="Returns_All_Schemes" computerName="V020705" duration="00:00:00.0033670" startTime="2025-04-30T09:12:23.4320671+02:00" endTime="2025-04-30T09:12:23.4354331+02:00" testType="13cdc9d9-ddb5-4fa4-a97d-d965ccfc6d4b" outcome="Passed" testListId="8c84fa94-04c1-424b-9868-57a2d4851a1d" relativeResultsDirectory="28b0d63c-b7ca-4a19-b291-61cf0c9b8a99" />
    <UnitTestResult executionId="b1a5635f-3dc5-452f-ab27-2cfd1881cf84" testId="4a8897a9-d50a-a73f-d622-7f88efdd25c3" testName="Throws_Exception_When_No_EntityID_Is_Available" computerName="V020705" duration="00:00:00.0192050" startTime="2025-04-30T09:12:20.5143950+02:00" endTime="2025-04-30T09:12:20.5335995+02:00" testType="13cdc9d9-ddb5-4fa4-a97d-d965ccfc6d4b" outcome="Passed" testListId="8c84fa94-04c1-424b-9868-57a2d4851a1d" relativeResultsDirectory="b1a5635f-3dc5-452f-ab27-2cfd1881cf84" />
    <UnitTestResult executionId="29963962-540c-42eb-9f4b-b2fe5ccb6404" testId="02cc108b-60ab-fa20-4ff5-31a7a711dc5b" testName="Returns_BadRequest_If_Username_Exists" computerName="V020705" duration="00:00:00.0007829" startTime="2025-04-30T09:12:21.6121176+02:00" endTime="2025-04-30T09:12:21.6129008+02:00" testType="13cdc9d9-ddb5-4fa4-a97d-d965ccfc6d4b" outcome="Passed" testListId="8c84fa94-04c1-424b-9868-57a2d4851a1d" relativeResultsDirectory="29963962-540c-42eb-9f4b-b2fe5ccb6404" />
    <UnitTestResult executionId="cb35a2c5-5712-4a3e-802b-f10e7165f49c" testId="102d079f-d73a-9398-e390-850bbd92e263" testName="Returns_Information_For_Saml" computerName="V020705" duration="00:00:00.0011660" startTime="2025-04-30T09:12:23.5003422+02:00" endTime="2025-04-30T09:12:23.5015082+02:00" testType="13cdc9d9-ddb5-4fa4-a97d-d965ccfc6d4b" outcome="Passed" testListId="8c84fa94-04c1-424b-9868-57a2d4851a1d" relativeResultsDirectory="cb35a2c5-5712-4a3e-802b-f10e7165f49c" />
    <UnitTestResult executionId="f1f1ea4b-20fc-422c-bc3e-8bc56f13db4c" testId="97d1217f-73a7-1192-cb00-9868cdb0bd99" testName="Does_Not_Overflow" computerName="V020705" duration="00:00:00.0097890" startTime="2025-04-30T09:12:23.0168201+02:00" endTime="2025-04-30T09:12:23.0266085+02:00" testType="13cdc9d9-ddb5-4fa4-a97d-d965ccfc6d4b" outcome="Passed" testListId="8c84fa94-04c1-424b-9868-57a2d4851a1d" relativeResultsDirectory="f1f1ea4b-20fc-422c-bc3e-8bc56f13db4c" />
    <UnitTestResult executionId="fdbaf127-d714-4f8e-b69a-3d9d9a6b4602" testId="479dadc7-877b-f69e-51a4-23b065aa840f" testName="Maps_ExtendedIdentityResource" computerName="V020705" duration="00:00:00.0019390" startTime="2025-04-30T09:12:22.8602294+02:00" endTime="2025-04-30T09:12:22.8621677+02:00" testType="13cdc9d9-ddb5-4fa4-a97d-d965ccfc6d4b" outcome="Passed" testListId="8c84fa94-04c1-424b-9868-57a2d4851a1d" relativeResultsDirectory="fdbaf127-d714-4f8e-b69a-3d9d9a6b4602" />
    <UnitTestResult executionId="571774c8-8e7c-4a0d-ac64-3d4bb43ed768" testId="a3e5afb1-f67a-a8bb-8a0e-8fcccc6125e9" testName="Publishes_UserNameChanged_Event_Username_When_Username_Was_Changed" computerName="V020705" duration="00:00:00.0018580" startTime="2025-04-30T09:12:21.2060371+02:00" endTime="2025-04-30T09:12:21.2078948+02:00" testType="13cdc9d9-ddb5-4fa4-a97d-d965ccfc6d4b" outcome="Passed" testListId="8c84fa94-04c1-424b-9868-57a2d4851a1d" relativeResultsDirectory="571774c8-8e7c-4a0d-ac64-3d4bb43ed768" />
    <UnitTestResult executionId="16ab7dde-e9bf-4d10-af89-08bb0de1b602" testId="29b5d5ef-349e-e272-e2ce-839dea4d6a86" testName="Updates_Existing_ServiceProvider" computerName="V020705" duration="00:00:00.0052500" startTime="2025-04-30T09:12:22.6985439+02:00" endTime="2025-04-30T09:12:22.7037934+02:00" testType="13cdc9d9-ddb5-4fa4-a97d-d965ccfc6d4b" outcome="Passed" testListId="8c84fa94-04c1-424b-9868-57a2d4851a1d" relativeResultsDirectory="16ab7dde-e9bf-4d10-af89-08bb0de1b602" />
    <UnitTestResult executionId="6658814c-e81e-4d53-b05f-d1343bb0a23a" testId="d84b01f5-0596-70fe-9eb9-09b2a7317e9c" testName="Does_Not_Throws_Exception_On_Non_Form_Posts" computerName="V020705" duration="00:00:00.0041470" startTime="2025-04-30T09:12:20.9410052+02:00" endTime="2025-04-30T09:12:20.9451515+02:00" testType="13cdc9d9-ddb5-4fa4-a97d-d965ccfc6d4b" outcome="Passed" testListId="8c84fa94-04c1-424b-9868-57a2d4851a1d" relativeResultsDirectory="6658814c-e81e-4d53-b05f-d1343bb0a23a" />
    <UnitTestResult executionId="0796b38f-53f6-4893-b4c6-6c097271b1d8" testId="3f4c7e30-b1f0-2081-44ba-9bce1a0f971a" testName="Maps_ExtendedClient_With_ClientType_By_GrantType(&quot;implicit&quot;,LegacyClientSide)" computerName="V020705" duration="00:00:00.0001620" startTime="2025-04-30T09:12:22.8593134+02:00" endTime="2025-04-30T09:12:22.8594757+02:00" testType="13cdc9d9-ddb5-4fa4-a97d-d965ccfc6d4b" outcome="Passed" testListId="8c84fa94-04c1-424b-9868-57a2d4851a1d" relativeResultsDirectory="0796b38f-53f6-4893-b4c6-6c097271b1d8" />
    <UnitTestResult executionId="c21690f3-4057-4dec-85d1-e5bfeb9cd5df" testId="ab55d62f-3ec5-4ed8-802e-f577e145f5d6" testName="Can_Write_SamlProvider" computerName="V020705" duration="00:00:00.0084580" startTime="2025-04-30T09:12:22.9648221+02:00" endTime="2025-04-30T09:12:22.9732793+02:00" testType="13cdc9d9-ddb5-4fa4-a97d-d965ccfc6d4b" outcome="Passed" testListId="8c84fa94-04c1-424b-9868-57a2d4851a1d" relativeResultsDirectory="c21690f3-4057-4dec-85d1-e5bfeb9cd5df" />
    <UnitTestResult executionId="3e869310-c662-44a0-b30f-8893f9ad7ed3" testId="3a23731d-6528-9a93-321d-869f4c096af3" testName="Does_Not_Send_A_Lock_Mail_If_The_LockoutEndDate_Is_Null" computerName="V020705" duration="00:00:00.0017690" startTime="2025-04-30T09:12:21.0970793+02:00" endTime="2025-04-30T09:12:21.0988480+02:00" testType="13cdc9d9-ddb5-4fa4-a97d-d965ccfc6d4b" outcome="Passed" testListId="8c84fa94-04c1-424b-9868-57a2d4851a1d" relativeResultsDirectory="3e869310-c662-44a0-b30f-8893f9ad7ed3" />
    <UnitTestResult executionId="3e82a88c-b265-4b97-9534-eb53f71df22b" testId="77a55cd3-acda-9b88-793a-ed5efcff6683" testName="HandleGroups(&quot;usergroup&quot;)" computerName="V020705" duration="00:00:00.0028110" startTime="2025-04-30T09:12:22.2045198+02:00" endTime="2025-04-30T09:12:22.2073308+02:00" testType="13cdc9d9-ddb5-4fa4-a97d-d965ccfc6d4b" outcome="Passed" testListId="8c84fa94-04c1-424b-9868-57a2d4851a1d" relativeResultsDirectory="3e82a88c-b265-4b97-9534-eb53f71df22b" />
    <UnitTestResult executionId="704cc73c-df91-432c-a530-30e43d45b28d" testId="75de5af6-b2f5-0e94-1709-52d0aba94689" testName="Returns_Oidc_Provider" computerName="V020705" duration="00:00:00.0007660" startTime="2025-04-30T09:12:22.8388250+02:00" endTime="2025-04-30T09:12:22.8395905+02:00" testType="13cdc9d9-ddb5-4fa4-a97d-d965ccfc6d4b" outcome="Passed" testListId="8c84fa94-04c1-424b-9868-57a2d4851a1d" relativeResultsDirectory="704cc73c-df91-432c-a530-30e43d45b28d" />
    <UnitTestResult executionId="a43f083e-5a47-432a-afba-6da0c62d0cf7" testId="bc1d56a9-e56e-1fdf-3c2c-c69087cbec63" testName="Returns_BadRequest_If_Name_Update_Failed" computerName="V020705" duration="00:00:00.0012489" startTime="2025-04-30T09:12:21.6448751+02:00" endTime="2025-04-30T09:12:21.6461235+02:00" testType="13cdc9d9-ddb5-4fa4-a97d-d965ccfc6d4b" outcome="Passed" testListId="8c84fa94-04c1-424b-9868-57a2d4851a1d" relativeResultsDirectory="a43f083e-5a47-432a-afba-6da0c62d0cf7" />
    <UnitTestResult executionId="7b460d85-efd4-4dbf-b643-fee088fa142a" testId="5b103e08-15fa-7f86-8dbe-2f08fcc0335c" testName="Maps_Scope_Information_Properly" computerName="V020705" duration="00:00:00.0022190" startTime="2025-04-30T09:12:22.8485900+02:00" endTime="2025-04-30T09:12:22.8508085+02:00" testType="13cdc9d9-ddb5-4fa4-a97d-d965ccfc6d4b" outcome="Passed" testListId="8c84fa94-04c1-424b-9868-57a2d4851a1d" relativeResultsDirectory="7b460d85-efd4-4dbf-b643-fee088fa142a" />
    <UnitTestResult executionId="5bb47429-5729-4141-a5b2-d2e263368d86" testId="4e300f82-b275-9dd4-1d79-15fe268e5156" testName="Does_Not_Change_LogLevel_Information" computerName="V020705" duration="00:00:00.0001320" startTime="2025-04-30T09:12:21.3856874+02:00" endTime="2025-04-30T09:12:21.3858193+02:00" testType="13cdc9d9-ddb5-4fa4-a97d-d965ccfc6d4b" outcome="Passed" testListId="8c84fa94-04c1-424b-9868-57a2d4851a1d" relativeResultsDirectory="5bb47429-5729-4141-a5b2-d2e263368d86" />
    <UnitTestResult executionId="2a990dfd-fcef-4d84-be99-39bf3aab11c9" testId="dbbd31c0-9aff-e611-ef30-ed0ce5091e0d" testName="Process_Claims_With_Overridden_Idp_Claim" computerName="V020705" duration="00:00:00.0031970" startTime="2025-04-30T09:12:22.2197933+02:00" endTime="2025-04-30T09:12:22.2229896+02:00" testType="13cdc9d9-ddb5-4fa4-a97d-d965ccfc6d4b" outcome="Passed" testListId="8c84fa94-04c1-424b-9868-57a2d4851a1d" relativeResultsDirectory="2a990dfd-fcef-4d84-be99-39bf3aab11c9" />
    <UnitTestResult executionId="f854252f-161d-4a02-8aea-f06d018f288b" testId="d486657b-172b-3e06-9417-3065afa213cc" testName="Returns_Response_With_Array_Values" computerName="V020705" duration="00:00:00.0021340" startTime="2025-04-30T09:12:20.6999407+02:00" endTime="2025-04-30T09:12:20.7020740+02:00" testType="13cdc9d9-ddb5-4fa4-a97d-d965ccfc6d4b" outcome="Passed" testListId="8c84fa94-04c1-424b-9868-57a2d4851a1d" relativeResultsDirectory="f854252f-161d-4a02-8aea-f06d018f288b" />
    <UnitTestResult executionId="99539421-cce3-4057-bb36-e1fceead1a05" testId="666687b5-9078-ce95-0d11-afcabd5656c0" testName="Returns_Future_Value" computerName="V020705" duration="00:00:00.0008760" startTime="2025-04-30T09:12:23.0377686+02:00" endTime="2025-04-30T09:12:23.0386439+02:00" testType="13cdc9d9-ddb5-4fa4-a97d-d965ccfc6d4b" outcome="Passed" testListId="8c84fa94-04c1-424b-9868-57a2d4851a1d" relativeResultsDirectory="99539421-cce3-4057-bb36-e1fceead1a05" />
    <UnitTestResult executionId="8966b33b-8c0e-4b68-8619-2914c2ba53e6" testId="ca34d00e-093c-c772-397d-42df36d1be25" testName="Throws_ArgumentException_When_Sender_Is_Null" computerName="V020705" duration="00:00:00.0030699" startTime="2025-04-30T09:12:23.6083471+02:00" endTime="2025-04-30T09:12:23.6114162+02:00" testType="13cdc9d9-ddb5-4fa4-a97d-d965ccfc6d4b" outcome="Passed" testListId="8c84fa94-04c1-424b-9868-57a2d4851a1d" relativeResultsDirectory="8966b33b-8c0e-4b68-8619-2914c2ba53e6" />
    <UnitTestResult executionId="9496d48e-5218-41b6-9dd6-c909023379d8" testId="d3893e34-bf86-6d7d-3f50-51fdd5ff8af0" testName="Adds_External_Claims_To_AccessToken" computerName="V020705" duration="00:00:00.0034980" startTime="2025-04-30T09:12:23.4466994+02:00" endTime="2025-04-30T09:12:23.4501973+02:00" testType="13cdc9d9-ddb5-4fa4-a97d-d965ccfc6d4b" outcome="Passed" testListId="8c84fa94-04c1-424b-9868-57a2d4851a1d" relativeResultsDirectory="9496d48e-5218-41b6-9dd6-c909023379d8" />
    <UnitTestResult executionId="8c93c8f5-d42c-461c-a37b-e4c45a078eae" testId="cb16e62b-7018-bfc7-958b-66ad0d69de69" testName="Calls_Graph_With_Attributes_And_UserName" computerName="V020705" duration="00:00:00.0087040" startTime="2025-04-30T09:12:20.6873328+02:00" endTime="2025-04-30T09:12:20.6960367+02:00" testType="13cdc9d9-ddb5-4fa4-a97d-d965ccfc6d4b" outcome="Passed" testListId="8c84fa94-04c1-424b-9868-57a2d4851a1d" relativeResultsDirectory="8c93c8f5-d42c-461c-a37b-e4c45a078eae" />
    <UnitTestResult executionId="2b4dbcbd-7614-4f0e-bf12-b8e9d4b2ffd2" testId="f017e22a-e3d2-78bc-3bb4-5ad0c74fdc13" testName="External_User_Cannot_Change_Password_When_No_Password_Set(null)" computerName="V020705" duration="00:00:00.0016890" startTime="2025-04-30T09:12:21.0708366+02:00" endTime="2025-04-30T09:12:21.0725257+02:00" testType="13cdc9d9-ddb5-4fa4-a97d-d965ccfc6d4b" outcome="Passed" testListId="8c84fa94-04c1-424b-9868-57a2d4851a1d" relativeResultsDirectory="2b4dbcbd-7614-4f0e-bf12-b8e9d4b2ffd2" />
    <UnitTestResult executionId="2cf790dc-a6f9-46ca-a427-476cce5dce50" testId="847b1b6e-9a1d-3555-95f6-9d4a99c11788" testName="Returns_True_For_Valid_Email(&quot;peter@hase.de&quot;)" computerName="V020705" duration="00:00:00.0000770" startTime="2025-04-30T09:12:22.5477028+02:00" endTime="2025-04-30T09:12:22.5477796+02:00" testType="13cdc9d9-ddb5-4fa4-a97d-d965ccfc6d4b" outcome="Passed" testListId="8c84fa94-04c1-424b-9868-57a2d4851a1d" relativeResultsDirectory="2cf790dc-a6f9-46ca-a427-476cce5dce50" />
    <UnitTestResult executionId="9acb2718-adee-4bdb-b51d-0b72b6f1b7b8" testId="0d24b4ca-f43e-16df-795d-9fff71c0b8cf" testName="Returns_False_For_Call_With_Api_Prefix" computerName="V020705" duration="00:00:00.0000600" startTime="2025-04-30T09:12:22.5484957+02:00" endTime="2025-04-30T09:12:22.5485559+02:00" testType="13cdc9d9-ddb5-4fa4-a97d-d965ccfc6d4b" outcome="Passed" testListId="8c84fa94-04c1-424b-9868-57a2d4851a1d" relativeResultsDirectory="9acb2718-adee-4bdb-b51d-0b72b6f1b7b8" />
    <UnitTestResult executionId="7bf472e0-4152-4b3f-a860-58e5617acac5" testId="277412f7-0594-53ab-296c-66d274925b1f" testName="External_User_Cannot_Login_With_PasswordSet" computerName="V020705" duration="00:00:00.0096440" startTime="2025-04-30T09:12:21.4813203+02:00" endTime="2025-04-30T09:12:21.4909641+02:00" testType="13cdc9d9-ddb5-4fa4-a97d-d965ccfc6d4b" outcome="Passed" testListId="8c84fa94-04c1-424b-9868-57a2d4851a1d" relativeResultsDirectory="7bf472e0-4152-4b3f-a860-58e5617acac5" />
    <UnitTestResult executionId="63d0ed7e-472b-4575-9483-957540a1f3cf" testId="a885d9be-537e-1999-76f8-e70a2046e1f4" testName="Can_Read_New_Config" computerName="V020705" duration="00:00:00.0005160" startTime="2025-04-30T09:12:22.9527408+02:00" endTime="2025-04-30T09:12:22.9532571+02:00" testType="13cdc9d9-ddb5-4fa4-a97d-d965ccfc6d4b" outcome="Passed" testListId="8c84fa94-04c1-424b-9868-57a2d4851a1d" relativeResultsDirectory="63d0ed7e-472b-4575-9483-957540a1f3cf" />
    <UnitTestResult executionId="d31da3ac-0cff-4619-acbb-dbe0cb5ffbdb" testId="ee650bf5-8955-20d3-e53b-b6ce426ff2b2" testName="Throws_ArgumentNull_Exception_When_Inner_Is_Null" computerName="V020705" duration="00:00:00.0032130" startTime="2025-04-30T09:12:23.4428669+02:00" endTime="2025-04-30T09:12:23.4460798+02:00" testType="13cdc9d9-ddb5-4fa4-a97d-d965ccfc6d4b" outcome="Passed" testListId="8c84fa94-04c1-424b-9868-57a2d4851a1d" relativeResultsDirectory="d31da3ac-0cff-4619-acbb-dbe0cb5ffbdb" />
    <UnitTestResult executionId="8a878d44-7a9b-4eeb-b91b-a8e0a30171c3" testId="34661f37-844b-4a61-78d4-0f75196f897e" testName="Returns_Failure_If_Password_Equals_Username(&quot;test@test.com&quot;,&quot;test@test.com&quot;)" computerName="V020705" duration="00:00:00.0008840" startTime="2025-04-30T09:12:21.3666507+02:00" endTime="2025-04-30T09:12:21.3675342+02:00" testType="13cdc9d9-ddb5-4fa4-a97d-d965ccfc6d4b" outcome="Passed" testListId="8c84fa94-04c1-424b-9868-57a2d4851a1d" relativeResultsDirectory="8a878d44-7a9b-4eeb-b91b-a8e0a30171c3" />
    <UnitTestResult executionId="9414fe03-5c06-44d9-8359-9f7ff4309eb5" testId="ad4f5b17-5632-2819-83b7-d22ce1ae3c66" testName="Does_Not_Append_To_The_LoginProviderTestLog_If_It_Is_Not_A_Test_Run" computerName="V020705" duration="00:00:00.0012550" startTime="2025-04-30T09:12:23.5453795+02:00" endTime="2025-04-30T09:12:23.5466337+02:00" testType="13cdc9d9-ddb5-4fa4-a97d-d965ccfc6d4b" outcome="Passed" testListId="8c84fa94-04c1-424b-9868-57a2d4851a1d" relativeResultsDirectory="9414fe03-5c06-44d9-8359-9f7ff4309eb5" />
    <UnitTestResult executionId="81b0f7ce-2ab8-402c-b799-f2d26c895bce" testId="955e1b0e-7bc0-b1f4-9940-760dab2e8e77" testName="Maps_ExtendedApiResource" computerName="V020705" duration="00:00:00.0020180" startTime="2025-04-30T09:12:22.8628773+02:00" endTime="2025-04-30T09:12:22.8648950+02:00" testType="13cdc9d9-ddb5-4fa4-a97d-d965ccfc6d4b" outcome="Passed" testListId="8c84fa94-04c1-424b-9868-57a2d4851a1d" relativeResultsDirectory="81b0f7ce-2ab8-402c-b799-f2d26c895bce" />
    <UnitTestResult executionId="e45c0c62-b58d-4098-ab1f-67ecf2598c95" testId="2cb776c1-af1b-8fb4-1dd8-27e74c603601" testName="Returns_Success_If_Password_Contains_More_Than_2_Unique_Chars" computerName="V020705" duration="00:00:00.0007800" startTime="2025-04-30T09:12:21.3359040+02:00" endTime="2025-04-30T09:12:21.3366841+02:00" testType="13cdc9d9-ddb5-4fa4-a97d-d965ccfc6d4b" outcome="Passed" testListId="8c84fa94-04c1-424b-9868-57a2d4851a1d" relativeResultsDirectory="e45c0c62-b58d-4098-ab1f-67ecf2598c95" />
    <UnitTestResult executionId="77f9bccd-6c04-4b3b-bef7-11a8108896a9" testId="712150e5-5964-9967-f8b1-dec78b9ff905" testName="Returns_True_When_Max_Attempt_For_Client_Is_Reached" computerName="V020705" duration="00:00:00.0014910" startTime="2025-04-30T09:12:21.0479542+02:00" endTime="2025-04-30T09:12:21.0494449+02:00" testType="13cdc9d9-ddb5-4fa4-a97d-d965ccfc6d4b" outcome="Passed" testListId="8c84fa94-04c1-424b-9868-57a2d4851a1d" relativeResultsDirectory="77f9bccd-6c04-4b3b-bef7-11a8108896a9" />
    <UnitTestResult executionId="4ffec9ce-57f0-4e4b-879b-071ede447f7b" testId="5f106d6a-eff7-09fd-b05a-c6e9d925bb23" testName="Publishes_UserEmailConfirmedChanged_Event_With_Non_Confirmed_Email" computerName="V020705" duration="00:00:00.0017100" startTime="2025-04-30T09:12:21.1874345+02:00" endTime="2025-04-30T09:12:21.1891448+02:00" testType="13cdc9d9-ddb5-4fa4-a97d-d965ccfc6d4b" outcome="Passed" testListId="8c84fa94-04c1-424b-9868-57a2d4851a1d" relativeResultsDirectory="4ffec9ce-57f0-4e4b-879b-071ede447f7b" />
    <UnitTestResult executionId="e462018d-f9d8-42f1-b54d-d8c094127fa9" testId="c41d1e70-7e7d-8a7e-7fe7-cbcfb8a85538" testName="Calls_Store" computerName="V020705" duration="00:00:00.0012560" startTime="2025-04-30T09:12:23.4966263+02:00" endTime="2025-04-30T09:12:23.4978820+02:00" testType="13cdc9d9-ddb5-4fa4-a97d-d965ccfc6d4b" outcome="Passed" testListId="8c84fa94-04c1-424b-9868-57a2d4851a1d" relativeResultsDirectory="e462018d-f9d8-42f1-b54d-d8c094127fa9" />
    <UnitTestResult executionId="1dd7d545-5177-43be-8950-5d3397ce2562" testId="302bc754-fa2b-9ef6-95d2-682fd503b0d7" testName="Gets_MVC_Client_By_Client_Id_Query_Parameter" computerName="V020705" duration="00:00:00.1925700" startTime="2025-04-30T09:12:20.7421412+02:00" endTime="2025-04-30T09:12:20.9347062+02:00" testType="13cdc9d9-ddb5-4fa4-a97d-d965ccfc6d4b" outcome="Passed" testListId="8c84fa94-04c1-424b-9868-57a2d4851a1d" relativeResultsDirectory="1dd7d545-5177-43be-8950-5d3397ce2562" />
    <UnitTestResult executionId="98b56751-7d3e-43e6-a754-a617956097be" testId="27b41aa2-5420-209b-2b2e-8d4e36dd2535" testName="Returns_Success_If_Passwort_Is_Different_Than_Username(&quot;test@test.com&quot;,&quot;something else&quot;)" computerName="V020705" duration="00:00:00.0007940" startTime="2025-04-30T09:12:21.3699536+02:00" endTime="2025-04-30T09:12:21.3707475+02:00" testType="13cdc9d9-ddb5-4fa4-a97d-d965ccfc6d4b" outcome="Passed" testListId="8c84fa94-04c1-424b-9868-57a2d4851a1d" relativeResultsDirectory="98b56751-7d3e-43e6-a754-a617956097be" />
    <UnitTestResult executionId="35b03139-99f9-4168-aa9b-f10da8a95898" testId="6cb82a98-4b0f-0888-8381-13bed8d1b015" testName="Creates_DataProtector_And_Unprotects_Message" computerName="V020705" duration="00:00:00.0060360" startTime="2025-04-30T09:12:23.5695877+02:00" endTime="2025-04-30T09:12:23.5756229+02:00" testType="13cdc9d9-ddb5-4fa4-a97d-d965ccfc6d4b" outcome="Passed" testListId="8c84fa94-04c1-424b-9868-57a2d4851a1d" relativeResultsDirectory="35b03139-99f9-4168-aa9b-f10da8a95898" />
    <UnitTestResult executionId="0668f7e4-cf9f-473c-9430-8f9aad9104e5" testId="29a223c0-a28f-1460-5f0d-b06ecc06db1a" testName="Gets_No_Client_By_Client_Id_Query_Parameter_When_Parameter_Is_Missing" computerName="V020705" duration="00:00:00.0007990" startTime="2025-04-30T09:12:20.9572268+02:00" endTime="2025-04-30T09:12:20.9580259+02:00" testType="13cdc9d9-ddb5-4fa4-a97d-d965ccfc6d4b" outcome="Passed" testListId="8c84fa94-04c1-424b-9868-57a2d4851a1d" relativeResultsDirectory="0668f7e4-cf9f-473c-9430-8f9aad9104e5" />
    <UnitTestResult executionId="66f5b1c3-82ac-49c4-ba1c-7a6e43ccb42f" testId="54fdce33-c642-1e07-87da-3c51a7bcd8ab" testName="Throws_ArgumentNull_Exception_When_Inner_Is_Null" computerName="V020705" duration="00:00:00.0057810" startTime="2025-04-30T09:12:23.8592179+02:00" endTime="2025-04-30T09:12:23.8649978+02:00" testType="13cdc9d9-ddb5-4fa4-a97d-d965ccfc6d4b" outcome="Passed" testListId="8c84fa94-04c1-424b-9868-57a2d4851a1d" relativeResultsDirectory="66f5b1c3-82ac-49c4-ba1c-7a6e43ccb42f" />
    <UnitTestResult executionId="563f2f8c-9d08-4a8a-83a6-7eb94fc98ba4" testId="a003d7b9-d89f-4220-8cbc-3f75093a50f6" testName="Updates_Name" computerName="V020705" duration="00:00:00.0014009" startTime="2025-04-30T09:12:21.6540689+02:00" endTime="2025-04-30T09:12:21.6554692+02:00" testType="13cdc9d9-ddb5-4fa4-a97d-d965ccfc6d4b" outcome="Passed" testListId="8c84fa94-04c1-424b-9868-57a2d4851a1d" relativeResultsDirectory="563f2f8c-9d08-4a8a-83a6-7eb94fc98ba4" />
    <UnitTestResult executionId="a6b75fab-32f7-425a-bc80-4c028990cdc7" testId="d0c11822-ef04-7d03-3d69-c83b20766c66" testName="Returns_Forbidden_When_Trying_To_Import_A_Client_That_Does_Not_Match_The_Allowed_Prefix" computerName="V020705" duration="00:00:00.0006510" startTime="2025-04-30T09:12:21.5912160+02:00" endTime="2025-04-30T09:12:21.5918672+02:00" testType="13cdc9d9-ddb5-4fa4-a97d-d965ccfc6d4b" outcome="Passed" testListId="8c84fa94-04c1-424b-9868-57a2d4851a1d" relativeResultsDirectory="a6b75fab-32f7-425a-bc80-4c028990cdc7" />
    <UnitTestResult executionId="e1b6f79d-36f1-486f-b392-285b826dd7e4" testId="9ae3c596-c989-2239-30fe-3ae41d1e13f8" testName="DoesNot_Throw_Exception_When_User_Is_Null" computerName="V020705" duration="00:00:00.0015130" startTime="2025-04-30T09:12:21.3650982+02:00" endTime="2025-04-30T09:12:21.3666107+02:00" testType="13cdc9d9-ddb5-4fa4-a97d-d965ccfc6d4b" outcome="Passed" testListId="8c84fa94-04c1-424b-9868-57a2d4851a1d" relativeResultsDirectory="e1b6f79d-36f1-486f-b392-285b826dd7e4" />
    <UnitTestResult executionId="09cdd58c-4ba9-4dd6-8a03-33488b3cf4fd" testId="e4befef8-1d47-7b36-2ca3-356fd1d1f12b" testName="Removes_Class_If_ControllerAttribute_Is_Current_Controller(&quot;SELECTED someClass&quot;)" computerName="V020705" duration="00:00:00.0003110" startTime="2025-04-30T09:12:23.9408421+02:00" endTime="2025-04-30T09:12:23.9411531+02:00" testType="13cdc9d9-ddb5-4fa4-a97d-d965ccfc6d4b" outcome="Passed" testListId="8c84fa94-04c1-424b-9868-57a2d4851a1d" relativeResultsDirectory="09cdd58c-4ba9-4dd6-8a03-33488b3cf4fd" />
    <UnitTestResult executionId="c8bdcbdb-7700-46a3-bbb7-fd41def88a1a" testId="d50db724-ba75-8174-bd95-08d738b8a43e" testName="Use_Fallback_When_SenderType_Is_Unknown" computerName="V020705" duration="00:00:00.0013370" startTime="2025-04-30T09:12:21.3064735+02:00" endTime="2025-04-30T09:12:21.3078101+02:00" testType="13cdc9d9-ddb5-4fa4-a97d-d965ccfc6d4b" outcome="Passed" testListId="8c84fa94-04c1-424b-9868-57a2d4851a1d" relativeResultsDirectory="c8bdcbdb-7700-46a3-bbb7-fd41def88a1a" />
    <UnitTestResult executionId="b96c62e6-8f60-4019-972c-b90203743db9" testId="00f6b709-1d6b-1daa-4b70-c2c73d68cf43" testName="Does_Nothing_If_ControllerAttribute_Is_Not_Current_Controller" computerName="V020705" duration="00:00:00.0020220" startTime="2025-04-30T09:12:23.9120631+02:00" endTime="2025-04-30T09:12:23.9140852+02:00" testType="13cdc9d9-ddb5-4fa4-a97d-d965ccfc6d4b" outcome="Passed" testListId="8c84fa94-04c1-424b-9868-57a2d4851a1d" relativeResultsDirectory="b96c62e6-8f60-4019-972c-b90203743db9" />
    <UnitTestResult executionId="f32656a8-734b-47d9-87e8-b18b76a38a43" testId="be5a4b4d-b8b0-92a4-3507-a1826dafcb30" testName="Publishes_UserCreated_Event" computerName="V020705" duration="00:00:00.0803870" startTime="2025-04-30T09:12:21.5008685+02:00" endTime="2025-04-30T09:12:21.5812535+02:00" testType="13cdc9d9-ddb5-4fa4-a97d-d965ccfc6d4b" outcome="Passed" testListId="8c84fa94-04c1-424b-9868-57a2d4851a1d" relativeResultsDirectory="f32656a8-734b-47d9-87e8-b18b76a38a43" />
    <UnitTestResult executionId="207f420d-60b8-430d-a2f7-266131a9dd5b" testId="08d2486b-4c5b-facc-fc2d-c8930da11e8e" testName="Returns_Create_View" computerName="V020705" duration="00:00:00.0059860" startTime="2025-04-30T09:12:22.2369713+02:00" endTime="2025-04-30T09:12:22.2429567+02:00" testType="13cdc9d9-ddb5-4fa4-a97d-d965ccfc6d4b" outcome="Passed" testListId="8c84fa94-04c1-424b-9868-57a2d4851a1d" relativeResultsDirectory="207f420d-60b8-430d-a2f7-266131a9dd5b" />
    <UnitTestResult executionId="65a3a059-075b-4062-9ba7-52ab3dfe28f4" testId="500c5803-46fc-2122-9193-445529b516b6" testName="Calls_WriteLogins_Periodically" computerName="V020705" duration="00:00:00.2090010" startTime="2025-04-30T09:12:23.6500275+02:00" endTime="2025-04-30T09:12:23.8590229+02:00" testType="13cdc9d9-ddb5-4fa4-a97d-d965ccfc6d4b" outcome="Passed" testListId="8c84fa94-04c1-424b-9868-57a2d4851a1d" relativeResultsDirectory="65a3a059-075b-4062-9ba7-52ab3dfe28f4" />
    <UnitTestResult executionId="87c84036-c7b4-46b7-af4e-32a9059a4ddb" testId="f37ff509-5ac6-fa36-60dd-efc816f39037" testName="Does_Nothing_If_No_Href_Attribute_Exist" computerName="V020705" duration="00:00:00.0008830" startTime="2025-04-30T09:12:23.9157251+02:00" endTime="2025-04-30T09:12:23.9166076+02:00" testType="13cdc9d9-ddb5-4fa4-a97d-d965ccfc6d4b" outcome="Passed" testListId="8c84fa94-04c1-424b-9868-57a2d4851a1d" relativeResultsDirectory="87c84036-c7b4-46b7-af4e-32a9059a4ddb" />
    <UnitTestResult executionId="7e60adb6-7292-46ff-85b3-c0be9a8cc9b0" testId="9a17221d-1d65-fd1a-233a-4d92fc3e1829" testName="Throws_ArgumentNull_Exception_When_Mapping_Is_Null" computerName="V020705" duration="00:00:00.0001789" startTime="2025-04-30T09:12:23.8759875+02:00" endTime="2025-04-30T09:12:23.8761663+02:00" testType="13cdc9d9-ddb5-4fa4-a97d-d965ccfc6d4b" outcome="Passed" testListId="8c84fa94-04c1-424b-9868-57a2d4851a1d" relativeResultsDirectory="7e60adb6-7292-46ff-85b3-c0be9a8cc9b0" />
    <UnitTestResult executionId="7d8e5ff3-c3f7-4e02-8346-b9960b0d8f40" testId="b94e813e-cd03-84a4-6685-6b35b4fc798d" testName="Shows_InviteCompleted_View" computerName="V020705" duration="00:00:00.0018390" startTime="2025-04-30T09:12:22.2349873+02:00" endTime="2025-04-30T09:12:22.2368263+02:00" testType="13cdc9d9-ddb5-4fa4-a97d-d965ccfc6d4b" outcome="Passed" testListId="8c84fa94-04c1-424b-9868-57a2d4851a1d" relativeResultsDirectory="7d8e5ff3-c3f7-4e02-8346-b9960b0d8f40" />
    <UnitTestResult executionId="04b71e2c-9306-4d3e-b0e0-28227de09bbf" testId="2354f74f-c035-3035-1474-5ee8ef90285b" testName="Maps_ExtendedClient_With_ClientType_By_ProtocolType(&quot;wsfed&quot;,WsFed)" computerName="V020705" duration="00:00:00.0001460" startTime="2025-04-30T09:12:22.8595545+02:00" endTime="2025-04-30T09:12:22.8597007+02:00" testType="13cdc9d9-ddb5-4fa4-a97d-d965ccfc6d4b" outcome="Passed" testListId="8c84fa94-04c1-424b-9868-57a2d4851a1d" relativeResultsDirectory="04b71e2c-9306-4d3e-b0e0-28227de09bbf" />
    <UnitTestResult executionId="ade965dc-61fb-488f-9bbf-790e3c661ac4" testId="8864d060-0548-a4a1-7a0d-a979b2c9c32b" testName="Can_Handle_Null_Values" computerName="V020705" duration="00:00:00.0366500" startTime="2025-04-30T09:12:22.5789499+02:00" endTime="2025-04-30T09:12:22.6155991+02:00" testType="13cdc9d9-ddb5-4fa4-a97d-d965ccfc6d4b" outcome="Passed" testListId="8c84fa94-04c1-424b-9868-57a2d4851a1d" relativeResultsDirectory="ade965dc-61fb-488f-9bbf-790e3c661ac4" />
    <UnitTestResult executionId="2336683f-1e45-497c-8f7b-28757464772f" testId="600c161a-4d7c-a6ea-374f-6fa5e34eaae3" testName="Finds_User_By_Username" computerName="V020705" duration="00:00:00.0008580" startTime="2025-04-30T09:12:21.6327197+02:00" endTime="2025-04-30T09:12:21.6335779+02:00" testType="13cdc9d9-ddb5-4fa4-a97d-d965ccfc6d4b" outcome="Passed" testListId="8c84fa94-04c1-424b-9868-57a2d4851a1d" relativeResultsDirectory="2336683f-1e45-497c-8f7b-28757464772f" />
    <UnitTestResult executionId="f0644f53-3603-4402-aa4f-0e181c83ca22" testId="ddc3d7ce-b30a-ef38-5c38-217b2ca0bb53" testName="Removes_Duplicate_EmailVerified_Claim" computerName="V020705" duration="00:00:00.0014350" startTime="2025-04-30T09:12:23.4689315+02:00" endTime="2025-04-30T09:12:23.4703659+02:00" testType="13cdc9d9-ddb5-4fa4-a97d-d965ccfc6d4b" outcome="Passed" testListId="8c84fa94-04c1-424b-9868-57a2d4851a1d" relativeResultsDirectory="f0644f53-3603-4402-aa4f-0e181c83ca22" />
    <UnitTestResult executionId="bee90fa5-6185-44d0-9f74-6f7faebb281d" testId="2848bda4-ab99-f787-6cc2-0302120bf3e5" testName="Converts_IdentityProviderRestrictions" computerName="V020705" duration="00:00:00.0002050" startTime="2025-04-30T09:12:22.8544996+02:00" endTime="2025-04-30T09:12:22.8547046+02:00" testType="13cdc9d9-ddb5-4fa4-a97d-d965ccfc6d4b" outcome="Passed" testListId="8c84fa94-04c1-424b-9868-57a2d4851a1d" relativeResultsDirectory="bee90fa5-6185-44d0-9f74-6f7faebb281d" />
    <UnitTestResult executionId="a964a755-decd-42df-9431-9d1ee586890f" testId="62c5c29d-d695-b416-7b8a-002317fe9886" testName="Not_Valid_For_Invalid_OidcProvider_Missing_ClientId" computerName="V020705" duration="00:00:00.0007540" startTime="2025-04-30T09:12:22.8347583+02:00" endTime="2025-04-30T09:12:22.8355117+02:00" testType="13cdc9d9-ddb5-4fa4-a97d-d965ccfc6d4b" outcome="Passed" testListId="8c84fa94-04c1-424b-9868-57a2d4851a1d" relativeResultsDirectory="a964a755-decd-42df-9431-9d1ee586890f" />
    <UnitTestResult executionId="cbff093d-ca40-42e7-8f24-c2736cc00a40" testId="4d28bdce-d816-5d69-76d6-93b74d05c894" testName="Returns_Null_When_Username_Is_Not_An_EmailAddress" computerName="V020705" duration="00:00:00.0005710" startTime="2025-04-30T09:12:23.4906741+02:00" endTime="2025-04-30T09:12:23.4912452+02:00" testType="13cdc9d9-ddb5-4fa4-a97d-d965ccfc6d4b" outcome="Passed" testListId="8c84fa94-04c1-424b-9868-57a2d4851a1d" relativeResultsDirectory="cbff093d-ca40-42e7-8f24-c2736cc00a40" />
    <UnitTestResult executionId="f4e451f0-5ab0-42ab-966a-0128a9f8af37" testId="a2624077-a211-58e0-16a7-3180bf6beb70" testName="Finds_User_By_Username" computerName="V020705" duration="00:00:00.0007530" startTime="2025-04-30T09:12:21.6401357+02:00" endTime="2025-04-30T09:12:21.6408889+02:00" testType="13cdc9d9-ddb5-4fa4-a97d-d965ccfc6d4b" outcome="Passed" testListId="8c84fa94-04c1-424b-9868-57a2d4851a1d" relativeResultsDirectory="f4e451f0-5ab0-42ab-966a-0128a9f8af37" />
    <UnitTestResult executionId="eac19832-2059-4342-be15-e92e507d46d6" testId="994df288-2f94-bd2f-ef24-d0deea8497ea" testName="Does_Not_Send_A_Lock_Mail_If_The_LockoutEndDate_Is_In_The_Past" computerName="V020705" duration="00:00:00.0032800" startTime="2025-04-30T09:12:21.0937648+02:00" endTime="2025-04-30T09:12:21.0970444+02:00" testType="13cdc9d9-ddb5-4fa4-a97d-d965ccfc6d4b" outcome="Passed" testListId="8c84fa94-04c1-424b-9868-57a2d4851a1d" relativeResultsDirectory="eac19832-2059-4342-be15-e92e507d46d6" />
    <UnitTestResult executionId="2f96e48c-4818-4cd1-8f4c-994b19789176" testId="521e8912-a6af-94d5-5d80-c87200ffc7e6" testName="Throws_Exception_If_Response_Is_Null" computerName="V020705" duration="00:00:00.0008140" startTime="2025-04-30T09:12:23.5651349+02:00" endTime="2025-04-30T09:12:23.5659489+02:00" testType="13cdc9d9-ddb5-4fa4-a97d-d965ccfc6d4b" outcome="Passed" testListId="8c84fa94-04c1-424b-9868-57a2d4851a1d" relativeResultsDirectory="2f96e48c-4818-4cd1-8f4c-994b19789176" />
    <UnitTestResult executionId="7bb443fa-334c-4d60-bb3c-68c3bd7b3852" testId="5c95a7f7-5486-fbb9-304b-73885836eda0" testName="Calls_Default_Saml_Configuration" computerName="V020705" duration="00:00:00.0009430" startTime="2025-04-30T09:12:22.8064797+02:00" endTime="2025-04-30T09:12:22.8074222+02:00" testType="13cdc9d9-ddb5-4fa4-a97d-d965ccfc6d4b" outcome="Passed" testListId="8c84fa94-04c1-424b-9868-57a2d4851a1d" relativeResultsDirectory="7bb443fa-334c-4d60-bb3c-68c3bd7b3852" />
    <UnitTestResult executionId="b935581f-61f8-41c2-9d73-3779d00135a0" testId="b5c61573-9247-759e-e5c7-14db824c0b72" testName="All_Api_Controllers_Must_Have_ApiController_Attribute" computerName="V020705" duration="00:00:00.4289210" startTime="2025-04-30T09:12:21.6848446+02:00" endTime="2025-04-30T09:12:22.1137550+02:00" testType="13cdc9d9-ddb5-4fa4-a97d-d965ccfc6d4b" outcome="Passed" testListId="8c84fa94-04c1-424b-9868-57a2d4851a1d" relativeResultsDirectory="b935581f-61f8-41c2-9d73-3779d00135a0" />
    <UnitTestResult executionId="f41e40f8-9bb6-403a-bcea-d861b4734d8a" testId="140fac6b-ea5e-639c-3dea-50783164297d" testName="Allows_Updates_On_The_ChgAzureAd_LoginProvider_For_ChgLoginProviderAdmins" computerName="V020705" duration="00:00:00.0041980" startTime="2025-04-30T09:12:22.2848792+02:00" endTime="2025-04-30T09:12:22.2890768+02:00" testType="13cdc9d9-ddb5-4fa4-a97d-d965ccfc6d4b" outcome="Passed" testListId="8c84fa94-04c1-424b-9868-57a2d4851a1d" relativeResultsDirectory="f41e40f8-9bb6-403a-bcea-d861b4734d8a" />
    <UnitTestResult executionId="1ee4ff7f-e921-4da1-9f28-fd0e81c5935b" testId="6cb5489e-69e9-00a4-11e1-2410d07f0bac" testName="Caches_Found_ClientId" computerName="V020705" duration="00:00:00.0014410" startTime="2025-04-30T09:12:20.9606378+02:00" endTime="2025-04-30T09:12:20.9620784+02:00" testType="13cdc9d9-ddb5-4fa4-a97d-d965ccfc6d4b" outcome="Passed" testListId="8c84fa94-04c1-424b-9868-57a2d4851a1d" relativeResultsDirectory="1ee4ff7f-e921-4da1-9f28-fd0e81c5935b" />
    <UnitTestResult executionId="58ac5217-c4cc-416b-9d5e-b0a91ad79464" testId="c81bab92-dfab-6619-9095-eaf5bf69ae42" testName="Calls_CacheHandler" computerName="V020705" duration="00:00:00.0108480" startTime="2025-04-30T09:12:22.8764285+02:00" endTime="2025-04-30T09:12:22.8872760+02:00" testType="13cdc9d9-ddb5-4fa4-a97d-d965ccfc6d4b" outcome="Passed" testListId="8c84fa94-04c1-424b-9868-57a2d4851a1d" relativeResultsDirectory="58ac5217-c4cc-416b-9d5e-b0a91ad79464" />
    <UnitTestResult executionId="48ca9300-e1c5-44ec-8b8d-4df3d4f985a1" testId="4af1a23d-6732-8d7b-7f59-c8bb535335d9" testName="Does_Not_Change_LogLevel_Of_Any_Other_Sources" computerName="V020705" duration="00:00:00.0001050" startTime="2025-04-30T09:12:21.3858237+02:00" endTime="2025-04-30T09:12:21.3859289+02:00" testType="13cdc9d9-ddb5-4fa4-a97d-d965ccfc6d4b" outcome="Passed" testListId="8c84fa94-04c1-424b-9868-57a2d4851a1d" relativeResultsDirectory="48ca9300-e1c5-44ec-8b8d-4df3d4f985a1" />
    <UnitTestResult executionId="2e1af199-0d23-4f74-9e90-fae85ae7999d" testId="ce39eceb-6e44-2cbc-7462-e8b3534940af" testName="Maps_ExtendedClient_With_ClientType_By_GrantType(&quot;hybrid&quot;,null)" computerName="V020705" duration="00:00:00.0000210" startTime="2025-04-30T09:12:22.8595117+02:00" endTime="2025-04-30T09:12:22.8595329+02:00" testType="13cdc9d9-ddb5-4fa4-a97d-d965ccfc6d4b" outcome="Passed" testListId="8c84fa94-04c1-424b-9868-57a2d4851a1d" relativeResultsDirectory="2e1af199-0d23-4f74-9e90-fae85ae7999d" />
    <UnitTestResult executionId="71d58ef9-79be-4bac-9d59-12e8e43b2fc5" testId="6ff5f920-66fc-174e-258a-c79ad43d198b" testName="Calls_Configuration_With_Legacy_Uris" computerName="V020705" duration="00:00:00.0110980" startTime="2025-04-30T09:12:22.7941701+02:00" endTime="2025-04-30T09:12:22.8052674+02:00" testType="13cdc9d9-ddb5-4fa4-a97d-d965ccfc6d4b" outcome="Passed" testListId="8c84fa94-04c1-424b-9868-57a2d4851a1d" relativeResultsDirectory="71d58ef9-79be-4bac-9d59-12e8e43b2fc5" />
    <UnitTestResult executionId="b46cb250-3631-4c46-8186-91567699d182" testId="2cb2ed7c-eb89-daa1-918b-f98632a49c1c" testName="Calls_Repository" computerName="V020705" duration="00:00:00.0017880" startTime="2025-04-30T09:12:23.5024796+02:00" endTime="2025-04-30T09:12:23.5042670+02:00" testType="13cdc9d9-ddb5-4fa4-a97d-d965ccfc6d4b" outcome="Passed" testListId="8c84fa94-04c1-424b-9868-57a2d4851a1d" relativeResultsDirectory="b46cb250-3631-4c46-8186-91567699d182" />
    <UnitTestResult executionId="2544fab5-9cc9-4e81-90ff-0898b7f0b2e8" testId="0817f152-51e1-119b-bb99-3fdae8a16769" testName="Logs_The_Entire_IP_Address_If_It_Is_A_Local_Address(&quot;172.16.0.1&quot;)" computerName="V020705" duration="00:00:00.0001100" startTime="2025-04-30T09:12:22.6446499+02:00" endTime="2025-04-30T09:12:22.6447599+02:00" testType="13cdc9d9-ddb5-4fa4-a97d-d965ccfc6d4b" outcome="Passed" testListId="8c84fa94-04c1-424b-9868-57a2d4851a1d" relativeResultsDirectory="2544fab5-9cc9-4e81-90ff-0898b7f0b2e8" />
    <UnitTestResult executionId="56730032-ebdd-45c0-bf4f-8a26991fcd83" testId="69da6de7-c71a-877a-aac9-972e128ccc8e" testName="Does_Not_Add_External_Claims_To_WsFederationl_When_Allowed_Scope_Not_Set" computerName="V020705" duration="00:00:00.0009020" startTime="2025-04-30T09:12:23.4619361+02:00" endTime="2025-04-30T09:12:23.4628377+02:00" testType="13cdc9d9-ddb5-4fa4-a97d-d965ccfc6d4b" outcome="Passed" testListId="8c84fa94-04c1-424b-9868-57a2d4851a1d" relativeResultsDirectory="56730032-ebdd-45c0-bf4f-8a26991fcd83" />
    <UnitTestResult executionId="94795a3b-c61c-42dc-91a7-ca876a017e52" testId="0781b614-9731-d78d-34ca-61ec1554ce7a" testName="Returns_Success_When_No_Claims_Were_Given" computerName="V020705" duration="00:00:00.0006770" startTime="2025-04-30T09:12:21.2439874+02:00" endTime="2025-04-30T09:12:21.2446644+02:00" testType="13cdc9d9-ddb5-4fa4-a97d-d965ccfc6d4b" outcome="Passed" testListId="8c84fa94-04c1-424b-9868-57a2d4851a1d" relativeResultsDirectory="94795a3b-c61c-42dc-91a7-ca876a017e52" />
    <UnitTestResult executionId="87e1c2e5-5e5b-4e33-88ec-2ba9509cb8b1" testId="ba082cb4-e45d-8406-8607-588ab55f0bad" testName="Returns_Failure_If_Password_Is_Less_Than_10_Chars" computerName="V020705" duration="00:00:00.0038490" startTime="2025-04-30T09:12:21.3320205+02:00" endTime="2025-04-30T09:12:21.3358688+02:00" testType="13cdc9d9-ddb5-4fa4-a97d-d965ccfc6d4b" outcome="Passed" testListId="8c84fa94-04c1-424b-9868-57a2d4851a1d" relativeResultsDirectory="87e1c2e5-5e5b-4e33-88ec-2ba9509cb8b1" />
    <UnitTestResult executionId="3962d538-5d5f-4b9c-87d2-6a4758cb32dd" testId="91aa5304-d569-1eb1-d37d-ff55ab6881ab" testName="Throws_ArgumentException_When_Logger_Is_Null" computerName="V020705" duration="00:00:00.0004390" startTime="2025-04-30T09:12:23.4167539+02:00" endTime="2025-04-30T09:12:23.4171926+02:00" testType="13cdc9d9-ddb5-4fa4-a97d-d965ccfc6d4b" outcome="Passed" testListId="8c84fa94-04c1-424b-9868-57a2d4851a1d" relativeResultsDirectory="3962d538-5d5f-4b9c-87d2-6a4758cb32dd" />
    <UnitTestResult executionId="1ad124cf-2f04-4679-8a54-608efebd67a8" testId="ba7af7cd-77ca-6319-eb3e-df5f65498858" testName="Returns_False_For_Failed_Operation" computerName="V020705" duration="00:00:00.0003130" startTime="2025-04-30T09:12:20.4267807+02:00" endTime="2025-04-30T09:12:20.4270932+02:00" testType="13cdc9d9-ddb5-4fa4-a97d-d965ccfc6d4b" outcome="Passed" testListId="8c84fa94-04c1-424b-9868-57a2d4851a1d" relativeResultsDirectory="1ad124cf-2f04-4679-8a54-608efebd67a8" />
    <UnitTestResult executionId="1b4f5c69-2f86-4e7f-beab-500b5368c4d5" testId="bbd3fb8a-7ec0-20c7-944a-f714d5b23d31" testName="Does_Nothing_If_Does_Not_Match_Name_Exactly(&quot;Oneselected&quot;)" computerName="V020705" duration="00:00:00.0004730" startTime="2025-04-30T09:12:23.9375934+02:00" endTime="2025-04-30T09:12:23.9380665+02:00" testType="13cdc9d9-ddb5-4fa4-a97d-d965ccfc6d4b" outcome="Passed" testListId="8c84fa94-04c1-424b-9868-57a2d4851a1d" relativeResultsDirectory="1b4f5c69-2f86-4e7f-beab-500b5368c4d5" />
    <UnitTestResult executionId="2799d5aa-88a7-4a09-8bfb-e31fed9689cc" testId="55ac7da4-8cca-e159-139a-f3e586a0ef94" testName="Calls_SetEmail_When_New_Email_Is_Different" computerName="V020705" duration="00:00:00.0054440" startTime="2025-04-30T09:12:22.5161849+02:00" endTime="2025-04-30T09:12:22.5216288+02:00" testType="13cdc9d9-ddb5-4fa4-a97d-d965ccfc6d4b" outcome="Passed" testListId="8c84fa94-04c1-424b-9868-57a2d4851a1d" relativeResultsDirectory="2799d5aa-88a7-4a09-8bfb-e31fed9689cc" />
    <UnitTestResult executionId="b561be5d-90a3-4cda-80a8-d5cc19838a5d" testId="dd2e56f1-447f-890f-47f3-fce017943304" testName="Returns_Not_Found_If_The_Users_With_The_Given_UserName_Can_Not_Be_Loaded" computerName="V020705" duration="00:00:00.0021140" startTime="2025-04-30T09:12:21.6825969+02:00" endTime="2025-04-30T09:12:21.6847107+02:00" testType="13cdc9d9-ddb5-4fa4-a97d-d965ccfc6d4b" outcome="Passed" testListId="8c84fa94-04c1-424b-9868-57a2d4851a1d" relativeResultsDirectory="b561be5d-90a3-4cda-80a8-d5cc19838a5d" />
    <UnitTestResult executionId="389b6307-b589-4fa1-abf4-3b43a8b88fef" testId="b4f07b51-7097-c84b-21f8-6c0b2624e279" testName="Updates_User_EmailVerified" computerName="V020705" duration="00:00:00.0008220" startTime="2025-04-30T09:12:21.2465604+02:00" endTime="2025-04-30T09:12:21.2473826+02:00" testType="13cdc9d9-ddb5-4fa4-a97d-d965ccfc6d4b" outcome="Passed" testListId="8c84fa94-04c1-424b-9868-57a2d4851a1d" relativeResultsDirectory="389b6307-b589-4fa1-abf4-3b43a8b88fef" />
    <UnitTestResult executionId="11be5d28-359a-4b75-8149-7af2b943e511" testId="84893f7a-3da5-0d5e-d549-b2838c9c6924" testName="Returns_Increments(4)" computerName="V020705" duration="00:00:00.0005610" startTime="2025-04-30T09:12:23.0320883+02:00" endTime="2025-04-30T09:12:23.0326487+02:00" testType="13cdc9d9-ddb5-4fa4-a97d-d965ccfc6d4b" outcome="Passed" testListId="8c84fa94-04c1-424b-9868-57a2d4851a1d" relativeResultsDirectory="11be5d28-359a-4b75-8149-7af2b943e511" />
    <UnitTestResult executionId="19f057e6-4477-4d02-8d13-3162037661a3" testId="86eca4fc-f27e-42f0-dc3f-10a633f112d4" testName="Throws_Exception_When_Client_QueueName_Is_Empty" computerName="V020705" duration="00:00:00.0015800" startTime="2025-04-30T09:12:21.2692615+02:00" endTime="2025-04-30T09:12:21.2708411+02:00" testType="13cdc9d9-ddb5-4fa4-a97d-d965ccfc6d4b" outcome="Passed" testListId="8c84fa94-04c1-424b-9868-57a2d4851a1d" relativeResultsDirectory="19f057e6-4477-4d02-8d13-3162037661a3" />
    <UnitTestResult executionId="9d831a49-2abe-4a8d-ba1d-4c827dd61ca0" testId="bca9b6a7-3d76-1a74-c07a-2076d58ea2e5" testName="Returns_BadRequest_For_Bad_Word(&quot;/Account/Login?ReturnUrl=-5281%20UNION%20ALL%20SELECT%2063%2C63%2C63%2C63%2C63%2C63%2C63%2C63%2C63%2C63%23&quot;)" computerName="V020705" duration="00:00:00.0007919" startTime="2025-04-30T09:12:22.9388468+02:00" endTime="2025-04-30T09:12:22.9396389+02:00" testType="13cdc9d9-ddb5-4fa4-a97d-d965ccfc6d4b" outcome="Passed" testListId="8c84fa94-04c1-424b-9868-57a2d4851a1d" relativeResultsDirectory="9d831a49-2abe-4a8d-ba1d-4c827dd61ca0" />
    <UnitTestResult executionId="6bc8b371-5329-4fdf-aee0-11fa4bb5c1bc" testId="daf52f70-1a38-af8c-4611-475cc8282ad6" testName="Sets_Class_If_ControllerAttribute_Is_Current_Controller" computerName="V020705" duration="00:00:00.0013699" startTime="2025-04-30T09:12:23.9176446+02:00" endTime="2025-04-30T09:12:23.9190147+02:00" testType="13cdc9d9-ddb5-4fa4-a97d-d965ccfc6d4b" outcome="Passed" testListId="8c84fa94-04c1-424b-9868-57a2d4851a1d" relativeResultsDirectory="6bc8b371-5329-4fdf-aee0-11fa4bb5c1bc" />
    <UnitTestResult executionId="cea0b9e7-e97d-4db4-9f7f-c12eb826643e" testId="ce84da71-bb7a-156a-6e24-82a12a0e0b92" testName="Sends_Correct_Command" computerName="V020705" duration="00:00:00.0019710" startTime="2025-04-30T09:12:21.2648354+02:00" endTime="2025-04-30T09:12:21.2668055+02:00" testType="13cdc9d9-ddb5-4fa4-a97d-d965ccfc6d4b" outcome="Passed" testListId="8c84fa94-04c1-424b-9868-57a2d4851a1d" relativeResultsDirectory="cea0b9e7-e97d-4db4-9f7f-c12eb826643e" />
    <UnitTestResult executionId="f70b8814-ff87-4b51-8b65-44b333a5eacc" testId="66d41673-5885-4048-1b26-a5e77c75053f" testName="Returns_Success_If_Passwort_Is_Different_Than_Email(&quot;test@test.com&quot;,&quot;something else&quot;)" computerName="V020705" duration="00:00:00.0008460" startTime="2025-04-30T09:12:21.3431841+02:00" endTime="2025-04-30T09:12:21.3440302+02:00" testType="13cdc9d9-ddb5-4fa4-a97d-d965ccfc6d4b" outcome="Passed" testListId="8c84fa94-04c1-424b-9868-57a2d4851a1d" relativeResultsDirectory="f70b8814-ff87-4b51-8b65-44b333a5eacc" />
    <UnitTestResult executionId="4f5c1870-eff6-40ff-8ad7-2060ceba81e7" testId="b1873ca6-b190-2d3a-880c-b777d1b8c36d" testName="Calls_Authentication_Handler" computerName="V020705" duration="00:00:00.0120690" startTime="2025-04-30T09:12:22.8929481+02:00" endTime="2025-04-30T09:12:22.9050168+02:00" testType="13cdc9d9-ddb5-4fa4-a97d-d965ccfc6d4b" outcome="Passed" testListId="8c84fa94-04c1-424b-9868-57a2d4851a1d" relativeResultsDirectory="4f5c1870-eff6-40ff-8ad7-2060ceba81e7" />
    <UnitTestResult executionId="52bf97f1-b7d5-4437-9d0c-a5c694df23aa" testId="8326db32-7898-264f-6e23-c786cfa09fff" testName="Returns_False_For_Call_Without_Api_Prefix" computerName="V020705" duration="00:00:00.0001090" startTime="2025-04-30T09:12:22.5490984+02:00" endTime="2025-04-30T09:12:22.5492070+02:00" testType="13cdc9d9-ddb5-4fa4-a97d-d965ccfc6d4b" outcome="Passed" testListId="8c84fa94-04c1-424b-9868-57a2d4851a1d" relativeResultsDirectory="52bf97f1-b7d5-4437-9d0c-a5c694df23aa" />
    <UnitTestResult executionId="85be8c5b-d632-4b53-b9b1-e08af6fe19fe" testId="ad4245ec-9a84-bb89-b2dc-a3d94df0b83e" testName="Throws_Exception_If_Options_Is_Null" computerName="V020705" duration="00:00:00.0008340" startTime="2025-04-30T09:12:23.5642677+02:00" endTime="2025-04-30T09:12:23.5651012+02:00" testType="13cdc9d9-ddb5-4fa4-a97d-d965ccfc6d4b" outcome="Passed" testListId="8c84fa94-04c1-424b-9868-57a2d4851a1d" relativeResultsDirectory="85be8c5b-d632-4b53-b9b1-e08af6fe19fe" />
    <UnitTestResult executionId="36ef8506-19c7-4269-91bb-9399ec77c5bc" testId="ab727f8e-ad64-10f8-d378-cde2fa61aad4" testName="Returns_False_For_Invalid_Email(&quot;withoutatsign.de&quot;)" computerName="V020705" duration="00:00:00.0000180" startTime="2025-04-30T09:12:22.5475278+02:00" endTime="2025-04-30T09:12:22.5475459+02:00" testType="13cdc9d9-ddb5-4fa4-a97d-d965ccfc6d4b" outcome="Passed" testListId="8c84fa94-04c1-424b-9868-57a2d4851a1d" relativeResultsDirectory="36ef8506-19c7-4269-91bb-9399ec77c5bc" />
    <UnitTestResult executionId="d6c6d77e-a9c7-409e-ae18-61f72d995f1e" testId="8b5ad1a1-cad7-37a8-361c-3d0cc6ef4fd9" testName="Sends_Link_To_Customized_Sender_Of_Factory" computerName="V020705" duration="00:00:00.0015720" startTime="2025-04-30T09:12:21.3015325+02:00" endTime="2025-04-30T09:12:21.3031046+02:00" testType="13cdc9d9-ddb5-4fa4-a97d-d965ccfc6d4b" outcome="Passed" testListId="8c84fa94-04c1-424b-9868-57a2d4851a1d" relativeResultsDirectory="d6c6d77e-a9c7-409e-ae18-61f72d995f1e" />
    <UnitTestResult executionId="6d6d3659-196d-4392-a7e6-7da4f1997ebd" testId="a29ca349-dc8a-6fcf-1118-bcda2f5e789d" testName="Throws_Exception_If_Helper_Context_Is_Null" computerName="V020705" duration="00:00:00.0018830" startTime="2025-04-30T09:12:23.9257837+02:00" endTime="2025-04-30T09:12:23.9276663+02:00" testType="13cdc9d9-ddb5-4fa4-a97d-d965ccfc6d4b" outcome="Passed" testListId="8c84fa94-04c1-424b-9868-57a2d4851a1d" relativeResultsDirectory="6d6d3659-196d-4392-a7e6-7da4f1997ebd" />
    <UnitTestResult executionId="32eb8e5f-85ee-4bb6-8e30-e06835317c93" testId="5b987e3a-f4dd-5113-22df-227ac356ab05" testName="Throws_Exception_When_InformationRetriever_Is_Null" computerName="V020705" duration="00:00:00.0046360" startTime="2025-04-30T09:12:20.7212628+02:00" endTime="2025-04-30T09:12:20.7258985+02:00" testType="13cdc9d9-ddb5-4fa4-a97d-d965ccfc6d4b" outcome="Passed" testListId="8c84fa94-04c1-424b-9868-57a2d4851a1d" relativeResultsDirectory="32eb8e5f-85ee-4bb6-8e30-e06835317c93" />
    <UnitTestResult executionId="365ba537-a076-4e0a-bffd-4b385e52c021" testId="bd9fad3e-c09d-e0cd-e432-583369eaeb97" testName="Adds_New_Claims_To_User" computerName="V020705" duration="00:00:00.0047620" startTime="2025-04-30T09:12:21.2391896+02:00" endTime="2025-04-30T09:12:21.2439513+02:00" testType="13cdc9d9-ddb5-4fa4-a97d-d965ccfc6d4b" outcome="Passed" testListId="8c84fa94-04c1-424b-9868-57a2d4851a1d" relativeResultsDirectory="365ba537-a076-4e0a-bffd-4b385e52c021" />
    <UnitTestResult executionId="b2434a87-2439-42ad-bdf7-143c54a26c8d" testId="7896aa51-e4b3-d499-7aa7-02fe33adefe5" testName="Finds_User_By_Username" computerName="V020705" duration="00:00:00.0006840" startTime="2025-04-30T09:12:21.6228566+02:00" endTime="2025-04-30T09:12:21.6235409+02:00" testType="13cdc9d9-ddb5-4fa4-a97d-d965ccfc6d4b" outcome="Passed" testListId="8c84fa94-04c1-424b-9868-57a2d4851a1d" relativeResultsDirectory="b2434a87-2439-42ad-bdf7-143c54a26c8d" />
    <UnitTestResult executionId="82dfa846-301b-42e0-8d1f-279d67d9fd1a" testId="bef4a300-feec-70ed-4858-4f96a4582d4b" testName="Returns_Failure_If_Password_Contains_LastName(&quot;Wurst&quot;,&quot;p4wurst123&quot;)" computerName="V020705" duration="00:00:00.0004410" startTime="2025-04-30T09:12:21.3560536+02:00" endTime="2025-04-30T09:12:21.3564949+02:00" testType="13cdc9d9-ddb5-4fa4-a97d-d965ccfc6d4b" outcome="Passed" testListId="8c84fa94-04c1-424b-9868-57a2d4851a1d" relativeResultsDirectory="82dfa846-301b-42e0-8d1f-279d67d9fd1a" />
    <UnitTestResult executionId="b94bac33-52e7-47a7-98fb-74335603ea5f" testId="bdc069a5-84eb-1bd7-adc7-1804e0ae236b" testName="Throws_UnrecoverableException_When_Azure_UPN_Is_Missing" computerName="V020705" duration="00:00:00.0029129" startTime="2025-04-30T09:12:23.6420744+02:00" endTime="2025-04-30T09:12:23.6449869+02:00" testType="13cdc9d9-ddb5-4fa4-a97d-d965ccfc6d4b" outcome="Passed" testListId="8c84fa94-04c1-424b-9868-57a2d4851a1d" relativeResultsDirectory="b94bac33-52e7-47a7-98fb-74335603ea5f" />
    <UnitTestResult executionId="73c6e85c-974e-4d2f-9691-2d03fd6a9c11" testId="2b0a0896-310f-935c-b38f-418d026e9969" testName="Returns_UserLoginProviders_By_Id" computerName="V020705" duration="00:00:00.0013270" startTime="2025-04-30T09:12:21.6341569+02:00" endTime="2025-04-30T09:12:21.6354837+02:00" testType="13cdc9d9-ddb5-4fa4-a97d-d965ccfc6d4b" outcome="Passed" testListId="8c84fa94-04c1-424b-9868-57a2d4851a1d" relativeResultsDirectory="73c6e85c-974e-4d2f-9691-2d03fd6a9c11" />
    <UnitTestResult executionId="9997cf1b-b286-4c29-b194-30271b432a70" testId="20a093d7-c0f3-0d2e-1dc0-a9452856d2e5" testName="Throws_Exception_When_Logger_Is_Null" computerName="V020705" duration="00:00:00.0006330" startTime="2025-04-30T09:12:20.7259294+02:00" endTime="2025-04-30T09:12:20.7265624+02:00" testType="13cdc9d9-ddb5-4fa4-a97d-d965ccfc6d4b" outcome="Passed" testListId="8c84fa94-04c1-424b-9868-57a2d4851a1d" relativeResultsDirectory="9997cf1b-b286-4c29-b194-30271b432a70" />
    <UnitTestResult executionId="dda54e9f-4205-41ac-88fa-627c0ef6875a" testId="5520a90c-cb4e-16eb-8e32-95b89f440338" testName="Does_Not_Allow_Renaming_Of_The_ChgAzureAd_Provider" computerName="V020705" duration="00:00:00.0013560" startTime="2025-04-30T09:12:22.3614685+02:00" endTime="2025-04-30T09:12:22.3628241+02:00" testType="13cdc9d9-ddb5-4fa4-a97d-d965ccfc6d4b" outcome="Passed" testListId="8c84fa94-04c1-424b-9868-57a2d4851a1d" relativeResultsDirectory="dda54e9f-4205-41ac-88fa-627c0ef6875a" />
    <UnitTestResult executionId="3deaa00d-2d04-4487-b4d7-d3ae028d3091" testId="2dc48e63-9c5b-c94b-2608-1552f27af0d1" testName="Return_AzureADConfiguration_For_AzureAD_Provider" computerName="V020705" duration="00:00:00.0009040" startTime="2025-04-30T09:12:22.2595634+02:00" endTime="2025-04-30T09:12:22.2604667+02:00" testType="13cdc9d9-ddb5-4fa4-a97d-d965ccfc6d4b" outcome="Passed" testListId="8c84fa94-04c1-424b-9868-57a2d4851a1d" relativeResultsDirectory="3deaa00d-2d04-4487-b4d7-d3ae028d3091" />
    <UnitTestResult executionId="f0a35a2c-a782-4b04-b6a1-25f5819710a0" testId="bc19a764-9f7d-b983-969a-2e4c6b85c212" testName="Creates_EventArguments_For_IdentityServer_Events" computerName="V020705" duration="00:00:00.0063650" startTime="2025-04-30T09:12:22.9908307+02:00" endTime="2025-04-30T09:12:22.9971948+02:00" testType="13cdc9d9-ddb5-4fa4-a97d-d965ccfc6d4b" outcome="Passed" testListId="8c84fa94-04c1-424b-9868-57a2d4851a1d" relativeResultsDirectory="f0a35a2c-a782-4b04-b6a1-25f5819710a0" />
    <UnitTestResult executionId="3bfbf253-44f1-42b6-aefd-a01033d2a3eb" testId="61598958-c6dd-bfbd-7fda-2977304b42c9" testName="Sets_Username_By_Email_If_Empty" computerName="V020705" duration="00:00:00.0016080" startTime="2025-04-30T09:12:21.6479561+02:00" endTime="2025-04-30T09:12:21.6495635+02:00" testType="13cdc9d9-ddb5-4fa4-a97d-d965ccfc6d4b" outcome="Passed" testListId="8c84fa94-04c1-424b-9868-57a2d4851a1d" relativeResultsDirectory="3bfbf253-44f1-42b6-aefd-a01033d2a3eb" />
    <UnitTestResult executionId="64fa5df3-2823-40bf-bd52-67dc45ee2f56" testId="b83c1796-3375-6ecf-222d-fea7fb5a1b9f" testName="Concats_The_Events_Path_And_Filters_To_The_Test_Run_Id(&quot;https://someBaseUrl&quot;)" computerName="V020705" duration="00:00:00.0012440" startTime="2025-04-30T09:12:23.5479926+02:00" endTime="2025-04-30T09:12:23.5492357+02:00" testType="13cdc9d9-ddb5-4fa4-a97d-d965ccfc6d4b" outcome="Passed" testListId="8c84fa94-04c1-424b-9868-57a2d4851a1d" relativeResultsDirectory="64fa5df3-2823-40bf-bd52-67dc45ee2f56" />
    <UnitTestResult executionId="701e95a6-a824-4b22-94a9-f18fd0b74e00" testId="b32376d9-9f5b-230e-0a6e-8e9c554bc282" testName="Returns_Failure_If_Password_Equals_Username_WithoutBlank(&quot;Hans Wurst&quot;,&quot;HansWurst&quot;)" computerName="V020705" duration="00:00:00.0008990" startTime="2025-04-30T09:12:21.3680993+02:00" endTime="2025-04-30T09:12:21.3689984+02:00" testType="13cdc9d9-ddb5-4fa4-a97d-d965ccfc6d4b" outcome="Passed" testListId="8c84fa94-04c1-424b-9868-57a2d4851a1d" relativeResultsDirectory="701e95a6-a824-4b22-94a9-f18fd0b74e00" />
    <UnitTestResult executionId="9b91df76-d9e1-4ef7-8754-6ead85642f43" testId="179d8bb3-e457-9f07-eff7-f399ff91d2e8" testName="Sends_A_Lock_Mail_If_The_LockoutEndDate_Is_In_The_Future" computerName="V020705" duration="00:00:00.0039560" startTime="2025-04-30T09:12:21.0988808+02:00" endTime="2025-04-30T09:12:21.1028365+02:00" testType="13cdc9d9-ddb5-4fa4-a97d-d965ccfc6d4b" outcome="Passed" testListId="8c84fa94-04c1-424b-9868-57a2d4851a1d" relativeResultsDirectory="9b91df76-d9e1-4ef7-8754-6ead85642f43" />
    <UnitTestResult executionId="c863b6d2-2d39-41a2-b568-14d7f72dd732" testId="1287c865-cc22-44e0-cf42-f207c32588c9" testName="Returns_Forbidden_When_Trying_To_Import_A_Client_That_Does_Not_Match_The_Allowed_Prefix" computerName="V020705" duration="00:00:00.0017810" startTime="2025-04-30T09:12:21.5868639+02:00" endTime="2025-04-30T09:12:21.5886448+02:00" testType="13cdc9d9-ddb5-4fa4-a97d-d965ccfc6d4b" outcome="Passed" testListId="8c84fa94-04c1-424b-9868-57a2d4851a1d" relativeResultsDirectory="c863b6d2-2d39-41a2-b568-14d7f72dd732" />
    <UnitTestResult executionId="3b43d6f3-b7a8-4eb0-86cd-026442e6fb26" testId="5522c30b-797c-5df3-b3a9-cc8e055bc646" testName="Converts_AllowedScopes" computerName="V020705" duration="00:00:00.0003200" startTime="2025-04-30T09:12:22.8532404+02:00" endTime="2025-04-30T09:12:22.8535606+02:00" testType="13cdc9d9-ddb5-4fa4-a97d-d965ccfc6d4b" outcome="Passed" testListId="8c84fa94-04c1-424b-9868-57a2d4851a1d" relativeResultsDirectory="3b43d6f3-b7a8-4eb0-86cd-026442e6fb26" />
    <UnitTestResult executionId="9078d365-fbf7-4ee9-a965-197525d58a6f" testId="dda16a76-bc79-225f-55d7-aa2af2b59236" testName="Generates_A_New_UserInvite_Token_By_UserName" computerName="V020705" duration="00:00:00.0024920" startTime="2025-04-30T09:12:21.6677183+02:00" endTime="2025-04-30T09:12:21.6702097+02:00" testType="13cdc9d9-ddb5-4fa4-a97d-d965ccfc6d4b" outcome="Passed" testListId="8c84fa94-04c1-424b-9868-57a2d4851a1d" relativeResultsDirectory="9078d365-fbf7-4ee9-a965-197525d58a6f" />
    <UnitTestResult executionId="0a55425b-7450-496a-9728-84adef2b1709" testId="df663212-148c-9710-0e1b-2c53faec462f" testName="Calls_Default_Oidc_Configuration" computerName="V020705" duration="00:00:00.0306200" startTime="2025-04-30T09:12:22.7367394+02:00" endTime="2025-04-30T09:12:22.7673574+02:00" testType="13cdc9d9-ddb5-4fa4-a97d-d965ccfc6d4b" outcome="Passed" testListId="8c84fa94-04c1-424b-9868-57a2d4851a1d" relativeResultsDirectory="0a55425b-7450-496a-9728-84adef2b1709" />
    <UnitTestResult executionId="89cf0596-9fd3-402c-8ef1-4b2b6f44cc61" testId="8b26ef37-9d32-6bc0-603a-6e2dd2665dce" testName="Returns_Correct_Type(&quot;Mozilla/5.0 (Windows NT 10.0; Win64; x64) AppleWebKit/537.36 (KHTML, like Gecko) Chrome/110.0.0.0 Safari/537.36 Edg/110.0.0.0&quot;,Edge)" computerName="V020705" duration="00:00:00.0361080" startTime="2025-04-30T09:12:23.0400777+02:00" endTime="2025-04-30T09:12:23.0761846+02:00" testType="13cdc9d9-ddb5-4fa4-a97d-d965ccfc6d4b" outcome="Passed" testListId="8c84fa94-04c1-424b-9868-57a2d4851a1d" relativeResultsDirectory="89cf0596-9fd3-402c-8ef1-4b2b6f44cc61" />
    <UnitTestResult executionId="66eabe0e-2c62-4038-a49e-710f36986a3b" testId="51d0aaf5-5cfe-ee2d-a908-a74a1af5c7ca" testName="Returns_False_For_Invalid_Email(&quot;.startswithdot@test.com&quot;)" computerName="V020705" duration="00:00:00.0003740" startTime="2025-04-30T09:12:22.5470289+02:00" endTime="2025-04-30T09:12:22.5474030+02:00" testType="13cdc9d9-ddb5-4fa4-a97d-d965ccfc6d4b" outcome="Passed" testListId="8c84fa94-04c1-424b-9868-57a2d4851a1d" relativeResultsDirectory="66eabe0e-2c62-4038-a49e-710f36986a3b" />
    <UnitTestResult executionId="415a1fae-6ff6-41c0-9d55-eaff2a34ddb3" testId="31b22c6f-d755-4c42-9176-cb0d5db7f723" testName="Returns_Correct_Type(&quot;lala&quot;,Unknown)" computerName="V020705" duration="00:00:00.0188260" startTime="2025-04-30T09:12:23.2181441+02:00" endTime="2025-04-30T09:12:23.2369689+02:00" testType="13cdc9d9-ddb5-4fa4-a97d-d965ccfc6d4b" outcome="Passed" testListId="8c84fa94-04c1-424b-9868-57a2d4851a1d" relativeResultsDirectory="415a1fae-6ff6-41c0-9d55-eaff2a34ddb3" />
    <UnitTestResult executionId="5c213481-6800-4fa4-9acf-aa33a71ef1c8" testId="05db0d15-2e44-1af0-f9b2-cfa31817093d" testName="Returns_Failure_If_Password_Equals_Username(&quot;test@test.com&quot;,&quot;TEST@test.com&quot;)" computerName="V020705" duration="00:00:00.0004590" startTime="2025-04-30T09:12:21.3675891+02:00" endTime="2025-04-30T09:12:21.3680481+02:00" testType="13cdc9d9-ddb5-4fa4-a97d-d965ccfc6d4b" outcome="Passed" testListId="8c84fa94-04c1-424b-9868-57a2d4851a1d" relativeResultsDirectory="5c213481-6800-4fa4-9acf-aa33a71ef1c8" />
    <UnitTestResult executionId="207f3cf7-c259-4875-ae91-3dbcb8bc34d4" testId="dc6d8f5a-5b13-39d6-aab1-86718c63428d" testName="Publishes_UserBlocked_Event" computerName="V020705" duration="00:00:00.0041640" startTime="2025-04-30T09:12:21.1689323+02:00" endTime="2025-04-30T09:12:21.1730955+02:00" testType="13cdc9d9-ddb5-4fa4-a97d-d965ccfc6d4b" outcome="Passed" testListId="8c84fa94-04c1-424b-9868-57a2d4851a1d" relativeResultsDirectory="207f3cf7-c259-4875-ae91-3dbcb8bc34d4" />
    <UnitTestResult executionId="c90daff0-0df2-4011-b5b4-2be77dc03297" testId="41f7716b-962a-3b79-a058-3d430c425d0b" testName="Does_Not_Publish_UserNameChanged_Event_When_UserName_Was_Not_Changed" computerName="V020705" duration="00:00:00.0012359" startTime="2025-04-30T09:12:21.2047665+02:00" endTime="2025-04-30T09:12:21.2060027+02:00" testType="13cdc9d9-ddb5-4fa4-a97d-d965ccfc6d4b" outcome="Passed" testListId="8c84fa94-04c1-424b-9868-57a2d4851a1d" relativeResultsDirectory="c90daff0-0df2-4011-b5b4-2be77dc03297" />
    <UnitTestResult executionId="dc928d1b-b7ca-4987-9b0c-6fbc201caa35" testId="7b3008cf-5908-dbf5-c44e-f13a7c700b5e" testName="IsValid_For_Valid_OidcProvider" computerName="V020705" duration="00:00:00.0008650" startTime="2025-04-30T09:12:22.8277874+02:00" endTime="2025-04-30T09:12:22.8286516+02:00" testType="13cdc9d9-ddb5-4fa4-a97d-d965ccfc6d4b" outcome="Passed" testListId="8c84fa94-04c1-424b-9868-57a2d4851a1d" relativeResultsDirectory="dc928d1b-b7ca-4987-9b0c-6fbc201caa35" />
    <UnitTestResult executionId="86053b31-cb2e-459d-8214-069c5e483b5c" testId="dfb65903-87bc-a456-908a-d97a593cc02e" testName="Returns_Success_If_Password_Is_More_Than_10_Chars" computerName="V020705" duration="00:00:00.0007780" startTime="2025-04-30T09:12:21.3391087+02:00" endTime="2025-04-30T09:12:21.3398863+02:00" testType="13cdc9d9-ddb5-4fa4-a97d-d965ccfc6d4b" outcome="Passed" testListId="8c84fa94-04c1-424b-9868-57a2d4851a1d" relativeResultsDirectory="86053b31-cb2e-459d-8214-069c5e483b5c" />
    <UnitTestResult executionId="af2d9182-84c0-4450-a148-76298b65e706" testId="2e4cdc82-f187-1a47-ca23-c31e6a854503" testName="Returns_Failure_If_Password_Equals_Username_WithoutBlank(&quot;Hans Wurst&quot;,&quot;Hans Wurst&quot;)" computerName="V020705" duration="00:00:00.0003800" startTime="2025-04-30T09:12:21.3695283+02:00" endTime="2025-04-30T09:12:21.3699082+02:00" testType="13cdc9d9-ddb5-4fa4-a97d-d965ccfc6d4b" outcome="Passed" testListId="8c84fa94-04c1-424b-9868-57a2d4851a1d" relativeResultsDirectory="af2d9182-84c0-4450-a148-76298b65e706" />
    <UnitTestResult executionId="3e9d0bb3-0ba3-4477-ab9a-febfc163e160" testId="621e8c49-238f-b37b-1666-8dabd23ba137" testName="Validates_Client" computerName="V020705" duration="00:00:00.0051820" startTime="2025-04-30T09:12:22.6194313+02:00" endTime="2025-04-30T09:12:22.6246129+02:00" testType="13cdc9d9-ddb5-4fa4-a97d-d965ccfc6d4b" outcome="Passed" testListId="8c84fa94-04c1-424b-9868-57a2d4851a1d" relativeResultsDirectory="3e9d0bb3-0ba3-4477-ab9a-febfc163e160" />
    <UnitTestResult executionId="361c6950-7aa0-4258-a1d7-77431a21f3ac" testId="1b9423b5-5357-44c6-60f0-ae014b598814" testName="Returns_A_Partial_Result_For_Replacing_In_The_UI" computerName="V020705" duration="00:00:00.0011400" startTime="2025-04-30T09:12:22.4026099+02:00" endTime="2025-04-30T09:12:22.4037500+02:00" testType="13cdc9d9-ddb5-4fa4-a97d-d965ccfc6d4b" outcome="Passed" testListId="8c84fa94-04c1-424b-9868-57a2d4851a1d" relativeResultsDirectory="361c6950-7aa0-4258-a1d7-77431a21f3ac" />
    <UnitTestResult executionId="4c94bdc5-52eb-4dab-a4a8-98db1591d78f" testId="97c3ee4f-c5d7-7086-5013-96aa4b92d31c" testName="Redirects_To_External_Challenge_When_LoginProvider_Is_Used_In_AuthenticationContext" computerName="V020705" duration="00:00:00.0019230" startTime="2025-04-30T09:12:21.4773254+02:00" endTime="2025-04-30T09:12:21.4792480+02:00" testType="13cdc9d9-ddb5-4fa4-a97d-d965ccfc6d4b" outcome="Passed" testListId="8c84fa94-04c1-424b-9868-57a2d4851a1d" relativeResultsDirectory="4c94bdc5-52eb-4dab-a4a8-98db1591d78f" />
    <UnitTestResult executionId="641c552d-ba56-41c8-88ca-040ac77250b7" testId="ca34f4bb-6b57-72ec-8929-494c4f5c0e37" testName="Does_Not_Return_Provider_With_No_Expiration_Date_In_Json_Config" computerName="V020705" duration="00:00:00.0016400" startTime="2025-04-30T09:12:23.5140112+02:00" endTime="2025-04-30T09:12:23.5156508+02:00" testType="13cdc9d9-ddb5-4fa4-a97d-d965ccfc6d4b" outcome="Passed" testListId="8c84fa94-04c1-424b-9868-57a2d4851a1d" relativeResultsDirectory="641c552d-ba56-41c8-88ca-040ac77250b7" />
    <UnitTestResult executionId="62ae7589-7d4c-4884-9dcb-4399dfc41046" testId="7ca37dea-02d7-4204-61e8-e182370b41d4" testName="Returns_False_For_Invalid_Email(&quot;without@domain&quot;)" computerName="V020705" duration="00:00:00.0000020" startTime="2025-04-30T09:12:22.5475545+02:00" endTime="2025-04-30T09:12:22.5475567+02:00" testType="13cdc9d9-ddb5-4fa4-a97d-d965ccfc6d4b" outcome="Passed" testListId="8c84fa94-04c1-424b-9868-57a2d4851a1d" relativeResultsDirectory="62ae7589-7d4c-4884-9dcb-4399dfc41046" />
    <UnitTestResult executionId="fe2fcd56-f769-4d26-9a9f-3f8ae5332475" testId="f7d06693-5404-f9c0-ffce-5ead34d12840" testName="Removes_Cached_Domains_By_IdentityProvider_Domains" computerName="V020705" duration="00:00:00.0018300" startTime="2025-04-30T09:12:23.4019918+02:00" endTime="2025-04-30T09:12:23.4038215+02:00" testType="13cdc9d9-ddb5-4fa4-a97d-d965ccfc6d4b" outcome="Passed" testListId="8c84fa94-04c1-424b-9868-57a2d4851a1d" relativeResultsDirectory="fe2fcd56-f769-4d26-9a9f-3f8ae5332475" />
    <UnitTestResult executionId="ebc1de77-b8b5-4351-9fe2-910b6390b841" testId="a594dcd0-5425-147d-0463-cc4efc78cb60" testName="Returns_Success_If_Passwort_Is_Different_Than_Username(&quot;Hans&quot;,&quot;Wurst&quot;,&quot;anotherpassword&quot;)" computerName="V020705" duration="00:00:00.0009260" startTime="2025-04-30T09:12:21.3569152+02:00" endTime="2025-04-30T09:12:21.3578413+02:00" testType="13cdc9d9-ddb5-4fa4-a97d-d965ccfc6d4b" outcome="Passed" testListId="8c84fa94-04c1-424b-9868-57a2d4851a1d" relativeResultsDirectory="ebc1de77-b8b5-4351-9fe2-910b6390b841" />
    <UnitTestResult executionId="d691acc2-8b17-4998-969c-bfd966eb48a8" testId="e8a97d6a-1204-a9cc-90fc-7437b7dabfdb" testName="Returns_StatusMessage_With_Error_When_DeletingFails" computerName="V020705" duration="00:00:00.0015180" startTime="2025-04-30T09:12:22.2525700+02:00" endTime="2025-04-30T09:12:22.2540880+02:00" testType="13cdc9d9-ddb5-4fa4-a97d-d965ccfc6d4b" outcome="Passed" testListId="8c84fa94-04c1-424b-9868-57a2d4851a1d" relativeResultsDirectory="d691acc2-8b17-4998-969c-bfd966eb48a8" />
    <UnitTestResult executionId="d084e245-185e-48e4-a0e7-1ce737f384db" testId="32e9398f-1c68-62a1-b7be-1ba6b4fee1e9" testName="Logs_The_Entire_IP_Address_If_It_Is_A_Local_Address(&quot;127.0.0.1&quot;)" computerName="V020705" duration="00:00:00.0001810" startTime="2025-04-30T09:12:22.6444604+02:00" endTime="2025-04-30T09:12:22.6446416+02:00" testType="13cdc9d9-ddb5-4fa4-a97d-d965ccfc6d4b" outcome="Passed" testListId="8c84fa94-04c1-424b-9868-57a2d4851a1d" relativeResultsDirectory="d084e245-185e-48e4-a0e7-1ce737f384db" />
    <UnitTestResult executionId="caece42a-128d-4121-bb99-3e07b7c9fa8d" testId="4a2738ef-6125-4e94-43e1-506d1cfe56fc" testName="Returns_Failure_If_Password_Contains_FirstName(&quot;Hans&quot;,&quot;p4hans123&quot;)" computerName="V020705" duration="00:00:00.0003730" startTime="2025-04-30T09:12:21.3535538+02:00" endTime="2025-04-30T09:12:21.3539268+02:00" testType="13cdc9d9-ddb5-4fa4-a97d-d965ccfc6d4b" outcome="Passed" testListId="8c84fa94-04c1-424b-9868-57a2d4851a1d" relativeResultsDirectory="caece42a-128d-4121-bb99-3e07b7c9fa8d" />
    <UnitTestResult executionId="67f42409-d3bb-4ff9-a4de-5cc8a7488d2e" testId="d6285fcb-3a4b-46ad-b2b1-fa9630b8b684" testName="Unset_NormalizedFirstName_When_FirstName_Is_Null" computerName="V020705" duration="00:00:00.0012210" startTime="2025-04-30T09:12:21.0869191+02:00" endTime="2025-04-30T09:12:21.0881401+02:00" testType="13cdc9d9-ddb5-4fa4-a97d-d965ccfc6d4b" outcome="Passed" testListId="8c84fa94-04c1-424b-9868-57a2d4851a1d" relativeResultsDirectory="67f42409-d3bb-4ff9-a4de-5cc8a7488d2e" />
    <UnitTestResult executionId="9e231077-1129-46a1-8032-f61375b3bcc8" testId="915d8bc6-7a4b-9c69-6a5e-25b938e6b07f" testName="Does_Nothing_If_Does_Not_Match_Name_Exactly(&quot;selectedField&quot;)" computerName="V020705" duration="00:00:00.0014070" startTime="2025-04-30T09:12:23.9350786+02:00" endTime="2025-04-30T09:12:23.9364857+02:00" testType="13cdc9d9-ddb5-4fa4-a97d-d965ccfc6d4b" outcome="Passed" testListId="8c84fa94-04c1-424b-9868-57a2d4851a1d" relativeResultsDirectory="9e231077-1129-46a1-8032-f61375b3bcc8" />
    <UnitTestResult executionId="3d859da4-6f3f-4807-b57b-c931ec58661b" testId="84e9eb08-3864-6e51-b639-b66ffed64b72" testName="Maps_Properties_Of_Oidc_To_A_LoginProvider" computerName="V020705" duration="00:00:00.0007440" startTime="2025-04-30T09:12:22.8702387+02:00" endTime="2025-04-30T09:12:22.8709823+02:00" testType="13cdc9d9-ddb5-4fa4-a97d-d965ccfc6d4b" outcome="Passed" testListId="8c84fa94-04c1-424b-9868-57a2d4851a1d" relativeResultsDirectory="3d859da4-6f3f-4807-b57b-c931ec58661b" />
    <UnitTestResult executionId="f98fa47b-0d5f-416b-8ddb-d5a4a07fa587" testId="429ee486-ba90-6dd0-a27e-5ee4b8999074" testName="Removes_Class_If_No_ControllerAttribute_Is_Set_And_Current_Is_Default" computerName="V020705" duration="00:00:00.0010529" startTime="2025-04-30T09:12:23.9411753+02:00" endTime="2025-04-30T09:12:23.9422278+02:00" testType="13cdc9d9-ddb5-4fa4-a97d-d965ccfc6d4b" outcome="Passed" testListId="8c84fa94-04c1-424b-9868-57a2d4851a1d" relativeResultsDirectory="f98fa47b-0d5f-416b-8ddb-d5a4a07fa587" />
    <UnitTestResult executionId="97372c64-a674-4dba-82d4-373259e24336" testId="322971b8-acd2-80c8-0b8a-f5384b6c31b9" testName="Gets_MVC_Client_By_returnUrl" computerName="V020705" duration="00:00:00.0008900" startTime="2025-04-30T09:12:20.9546088+02:00" endTime="2025-04-30T09:12:20.9554988+02:00" testType="13cdc9d9-ddb5-4fa4-a97d-d965ccfc6d4b" outcome="Passed" testListId="8c84fa94-04c1-424b-9868-57a2d4851a1d" relativeResultsDirectory="97372c64-a674-4dba-82d4-373259e24336" />
    <UnitTestResult executionId="1aa74b45-8da2-47a3-8fae-b7ed352873c9" testId="d82cd6d3-f677-895d-242e-8ca32b4bd548" testName="Calls_No_Graph_Api_On_OnTokenValidated_When_ResolveGroupNames_Is_Set_But_ObjectIdentifier_Claim_Is_Missing" computerName="V020705" duration="00:00:00.0023019" startTime="2025-04-30T09:12:22.7802399+02:00" endTime="2025-04-30T09:12:22.7825413+02:00" testType="13cdc9d9-ddb5-4fa4-a97d-d965ccfc6d4b" outcome="Passed" testListId="8c84fa94-04c1-424b-9868-57a2d4851a1d" relativeResultsDirectory="1aa74b45-8da2-47a3-8fae-b7ed352873c9" />
    <UnitTestResult executionId="f2331d91-2223-4102-86c3-c2ce60a75fff" testId="f77e2ad3-a10e-1ad6-ad42-35ae120566e7" testName="HandleGroups(&quot;group&quot;)" computerName="V020705" duration="00:00:00.0026700" startTime="2025-04-30T09:12:22.2074006+02:00" endTime="2025-04-30T09:12:22.2100706+02:00" testType="13cdc9d9-ddb5-4fa4-a97d-d965ccfc6d4b" outcome="Passed" testListId="8c84fa94-04c1-424b-9868-57a2d4851a1d" relativeResultsDirectory="f2331d91-2223-4102-86c3-c2ce60a75fff" />
    <UnitTestResult executionId="79cb2962-856a-4c13-9fb4-7f7c13f99e19" testId="bed5b8f3-7d0c-c2b1-2845-ecd2ab2f245f" testName="Return_NotFound_For_Invalid_Id" computerName="V020705" duration="00:00:00.0008400" startTime="2025-04-30T09:12:22.2517033+02:00" endTime="2025-04-30T09:12:22.2525426+02:00" testType="13cdc9d9-ddb5-4fa4-a97d-d965ccfc6d4b" outcome="Passed" testListId="8c84fa94-04c1-424b-9868-57a2d4851a1d" relativeResultsDirectory="79cb2962-856a-4c13-9fb4-7f7c13f99e19" />
    <UnitTestResult executionId="d64c2298-e5de-4242-ad42-00252de702d0" testId="9ba8b007-d6d9-c3a8-8a14-db8c5658c626" testName="Returns_UserName_If_First_And_Lastname_Is_Empty" computerName="V020705" duration="00:00:00.0000749" startTime="2025-04-30T09:12:20.4184241+02:00" endTime="2025-04-30T09:12:20.4184988+02:00" testType="13cdc9d9-ddb5-4fa4-a97d-d965ccfc6d4b" outcome="Passed" testListId="8c84fa94-04c1-424b-9868-57a2d4851a1d" relativeResultsDirectory="d64c2298-e5de-4242-ad42-00252de702d0" />
    <UnitTestResult executionId="109c7d01-6c02-4ef1-92ef-bf1472a1ca66" testId="7c2086c6-5f5e-371e-ddc1-2a02f0cad440" testName="Returns_Correct_Type(&quot;Mozilla/5.0 (Macintosh; Intel Mac OS X 10_14_6) AppleWebKit/605.1.15 (KHTML, like Gecko) Version/13.0.3 Safari/605.1.15&quot;,Safari)" computerName="V020705" duration="00:00:00.0184120" startTime="2025-04-30T09:12:23.1612941+02:00" endTime="2025-04-30T09:12:23.1797054+02:00" testType="13cdc9d9-ddb5-4fa4-a97d-d965ccfc6d4b" outcome="Passed" testListId="8c84fa94-04c1-424b-9868-57a2d4851a1d" relativeResultsDirectory="109c7d01-6c02-4ef1-92ef-bf1472a1ca66" />
    <UnitTestResult executionId="69cb39fa-80e1-4c58-8f32-77c405f36324" testId="dc74521a-8267-4978-a426-68552f6a247b" testName="Can_Read_Old_File" computerName="V020705" duration="00:00:00.0036060" startTime="2025-04-30T09:12:22.9536643+02:00" endTime="2025-04-30T09:12:22.9572695+02:00" testType="13cdc9d9-ddb5-4fa4-a97d-d965ccfc6d4b" outcome="Passed" testListId="8c84fa94-04c1-424b-9868-57a2d4851a1d" relativeResultsDirectory="69cb39fa-80e1-4c58-8f32-77c405f36324" />
    <UnitTestResult executionId="fe4d2df1-32ac-441e-b19e-3f10f72d356c" testId="2c57eedc-184c-5b54-9fd5-4196907c2ad8" testName="Use_Fallback_When_SenderType_Fails_Sending" computerName="V020705" duration="00:00:00.0022590" startTime="2025-04-30T09:12:21.3106300+02:00" endTime="2025-04-30T09:12:21.3128889+02:00" testType="13cdc9d9-ddb5-4fa4-a97d-d965ccfc6d4b" outcome="Passed" testListId="8c84fa94-04c1-424b-9868-57a2d4851a1d" relativeResultsDirectory="fe4d2df1-32ac-441e-b19e-3f10f72d356c" />
    <UnitTestResult executionId="166ea1f1-9b92-4acf-9918-244bccc57387" testId="abaa7d8b-6a04-e53b-7be4-197f5fd38163" testName="Throws_Exception_When_UserPrincipalName_Is_Empty" computerName="V020705" duration="00:00:00.0019340" startTime="2025-04-30T09:12:20.7380607+02:00" endTime="2025-04-30T09:12:20.7399942+02:00" testType="13cdc9d9-ddb5-4fa4-a97d-d965ccfc6d4b" outcome="Passed" testListId="8c84fa94-04c1-424b-9868-57a2d4851a1d" relativeResultsDirectory="166ea1f1-9b92-4acf-9918-244bccc57387" />
    <UnitTestResult executionId="e6a09c32-c48a-4b0f-bf5b-c3e145168ff0" testId="bf9606d7-b9d3-97e9-41f0-4609f19270f1" testName="Returns_Success_If_Password_Equals_10_Chars" computerName="V020705" duration="00:00:00.0007900" startTime="2025-04-30T09:12:21.3382897+02:00" endTime="2025-04-30T09:12:21.3390795+02:00" testType="13cdc9d9-ddb5-4fa4-a97d-d965ccfc6d4b" outcome="Passed" testListId="8c84fa94-04c1-424b-9868-57a2d4851a1d" relativeResultsDirectory="e6a09c32-c48a-4b0f-bf5b-c3e145168ff0" />
    <UnitTestResult executionId="b7da5852-fcb6-4c27-ab83-9970a7f1fe83" testId="c132d8c5-5c98-c43e-a01b-7fb914f58787" testName="Finds_User_By_Id" computerName="V020705" duration="00:00:00.0016149" startTime="2025-04-30T09:12:21.6310807+02:00" endTime="2025-04-30T09:12:21.6326957+02:00" testType="13cdc9d9-ddb5-4fa4-a97d-d965ccfc6d4b" outcome="Passed" testListId="8c84fa94-04c1-424b-9868-57a2d4851a1d" relativeResultsDirectory="b7da5852-fcb6-4c27-ab83-9970a7f1fe83" />
    <UnitTestResult executionId="ca8dd880-fc74-41ba-8f82-616137638c34" testId="28a5c179-8070-6648-c69b-7807d7b4627d" testName="Loads_Next_GroupList_When_Link_Provided" computerName="V020705" duration="00:00:00.0038970" startTime="2025-04-30T09:12:22.7825794+02:00" endTime="2025-04-30T09:12:22.7864763+02:00" testType="13cdc9d9-ddb5-4fa4-a97d-d965ccfc6d4b" outcome="Passed" testListId="8c84fa94-04c1-424b-9868-57a2d4851a1d" relativeResultsDirectory="ca8dd880-fc74-41ba-8f82-616137638c34" />
    <UnitTestResult executionId="141f9c62-2e72-4f55-9f47-09dfb1c17eb9" testId="7af498a0-5766-a925-c052-a082928e22d6" testName="Removes_Helper_Attributes" computerName="V020705" duration="00:00:00.0014330" startTime="2025-04-30T09:12:23.9063412+02:00" endTime="2025-04-30T09:12:23.9077738+02:00" testType="13cdc9d9-ddb5-4fa4-a97d-d965ccfc6d4b" outcome="Passed" testListId="8c84fa94-04c1-424b-9868-57a2d4851a1d" relativeResultsDirectory="141f9c62-2e72-4f55-9f47-09dfb1c17eb9" />
    <UnitTestResult executionId="68a2ab3c-77bd-4c77-9915-6dc471a7e62d" testId="3588b3d7-443d-eda6-c301-18ea45394493" testName="Logs_Request_Header_Information" computerName="V020705" duration="00:00:00.0009260" startTime="2025-04-30T09:12:22.6415877+02:00" endTime="2025-04-30T09:12:22.6425135+02:00" testType="13cdc9d9-ddb5-4fa4-a97d-d965ccfc6d4b" outcome="Passed" testListId="8c84fa94-04c1-424b-9868-57a2d4851a1d" relativeResultsDirectory="68a2ab3c-77bd-4c77-9915-6dc471a7e62d" />
    <UnitTestResult executionId="1fa96ae3-4dec-405f-b93c-4bf19bbb35e7" testId="6dcdf04f-a33f-fd05-3f14-fd7056c71ddf" testName="Logs_UserName(&quot;https://localhost/connect/authorize/callback?response_type=code&amp;nonce=S4_ecUibIx3gDlmu2gxWbg&amp;state=iKrnRROcgdSCouI65KxTaA&amp;code_challenge=o64_GXFowwNSMMDN3FzQWUHEZVU0QqnWaggSLrGBP2Q&amp;code_challenge_method=S256&amp;client_id=las_desktop&amp;scope=openid%20profile%20offline_access%20chgprofile%20email%20dms_appserver_api&amp;redirect_uri=http%3A%2F%2Flocalhost%2Flas_desktop&amp;acr_values=idp%3ACHGAzureAD&amp;login_hint=hans.peter@test.com&quot;)" computerName="V020705" duration="00:00:00.0020970" startTime="2025-04-30T09:12:22.9439953+02:00" endTime="2025-04-30T09:12:22.9460920+02:00" testType="13cdc9d9-ddb5-4fa4-a97d-d965ccfc6d4b" outcome="Passed" testListId="8c84fa94-04c1-424b-9868-57a2d4851a1d" relativeResultsDirectory="1fa96ae3-4dec-405f-b93c-4bf19bbb35e7" />
    <UnitTestResult executionId="8971a182-ee14-45e5-820c-1fbdda5044f0" testId="9276831a-3083-6829-5ffb-fb4a46447a6a" testName="Do_Not_Calls_SetEmail_When_New_Email_Equals_Existing" computerName="V020705" duration="00:00:00.0053130" startTime="2025-04-30T09:12:22.5216617+02:00" endTime="2025-04-30T09:12:22.5269743+02:00" testType="13cdc9d9-ddb5-4fa4-a97d-d965ccfc6d4b" outcome="Passed" testListId="8c84fa94-04c1-424b-9868-57a2d4851a1d" relativeResultsDirectory="8971a182-ee14-45e5-820c-1fbdda5044f0" />
    <UnitTestResult executionId="0cdefd75-40f2-4e93-a778-0437f2d81a64" testId="efa619b9-92a7-1e2a-19f7-acb2e6d84576" testName="Updates_Repository_Increment" computerName="V020705" duration="00:00:00.0010380" startTime="2025-04-30T09:12:23.0326911+02:00" endTime="2025-04-30T09:12:23.0337288+02:00" testType="13cdc9d9-ddb5-4fa4-a97d-d965ccfc6d4b" outcome="Passed" testListId="8c84fa94-04c1-424b-9868-57a2d4851a1d" relativeResultsDirectory="0cdefd75-40f2-4e93-a778-0437f2d81a64" />
    <UnitTestResult executionId="81634521-656f-4f8d-9c76-60ac53b2a9e6" testId="9e299918-6fe1-3e11-0195-a85707b196f2" testName="Configures_DbContext" computerName="V020705" duration="00:00:00.0008260" startTime="2025-04-30T09:12:22.5774212+02:00" endTime="2025-04-30T09:12:22.5782471+02:00" testType="13cdc9d9-ddb5-4fa4-a97d-d965ccfc6d4b" outcome="Passed" testListId="8c84fa94-04c1-424b-9868-57a2d4851a1d" relativeResultsDirectory="81634521-656f-4f8d-9c76-60ac53b2a9e6" />
    <UnitTestResult executionId="cd40b273-c72e-4d6d-8c78-318824dc2cc5" testId="c4adaf47-810b-d625-417b-62920a61bc98" testName="Maps_Simple_Properties_To_Client_Entity" computerName="V020705" duration="00:00:00.0009010" startTime="2025-04-30T09:12:22.8649233+02:00" endTime="2025-04-30T09:12:22.8658236+02:00" testType="13cdc9d9-ddb5-4fa4-a97d-d965ccfc6d4b" outcome="Passed" testListId="8c84fa94-04c1-424b-9868-57a2d4851a1d" relativeResultsDirectory="cd40b273-c72e-4d6d-8c78-318824dc2cc5" />
    <UnitTestResult executionId="6ac52a09-5c77-4e93-b514-8506c30693c7" testId="ab5779ce-ea0b-d176-54e1-0eacdce87172" testName="External_User_Cannot_Lock_Account(&quot;someInvalidStuff&quot;)" computerName="V020705" duration="00:00:00.0008440" startTime="2025-04-30T09:12:21.0528506+02:00" endTime="2025-04-30T09:12:21.0536942+02:00" testType="13cdc9d9-ddb5-4fa4-a97d-d965ccfc6d4b" outcome="Passed" testListId="8c84fa94-04c1-424b-9868-57a2d4851a1d" relativeResultsDirectory="6ac52a09-5c77-4e93-b514-8506c30693c7" />
    <UnitTestResult executionId="4ebc686e-1750-4875-b993-75f8ff59827d" testId="e278d185-2b85-ecae-3dee-7ff9389fc948" testName="Send_ResetPassword_Mail_For_Correct_User" computerName="V020705" duration="00:00:00.0049450" startTime="2025-04-30T09:12:21.4531884+02:00" endTime="2025-04-30T09:12:21.4581334+02:00" testType="13cdc9d9-ddb5-4fa4-a97d-d965ccfc6d4b" outcome="Passed" testListId="8c84fa94-04c1-424b-9868-57a2d4851a1d" relativeResultsDirectory="4ebc686e-1750-4875-b993-75f8ff59827d" />
    <UnitTestResult executionId="6e3dc794-3768-4488-bbdb-6e96ef058d55" testId="0421f89e-6233-957e-5d3e-3c1e1f7f2cb0" testName="Login_Is_Blocked_When_User_Is_Locked_Out" computerName="V020705" duration="00:00:00.0013980" startTime="2025-04-30T09:12:21.0280122+02:00" endTime="2025-04-30T09:12:21.0294099+02:00" testType="13cdc9d9-ddb5-4fa4-a97d-d965ccfc6d4b" outcome="Passed" testListId="8c84fa94-04c1-424b-9868-57a2d4851a1d" relativeResultsDirectory="6e3dc794-3768-4488-bbdb-6e96ef058d55" />
    <UnitTestResult executionId="cc347988-3ce3-4a91-9a2a-8326c6cb12f8" testId="46e22573-94b0-67ab-985e-402e85a0e4bc" testName="Returns_True_For_File_Call(&quot;https://localhost/favicon.ico&quot;)" computerName="V020705" duration="00:00:00.0000070" startTime="2025-04-30T09:12:22.5487321+02:00" endTime="2025-04-30T09:12:22.5487392+02:00" testType="13cdc9d9-ddb5-4fa4-a97d-d965ccfc6d4b" outcome="Passed" testListId="8c84fa94-04c1-424b-9868-57a2d4851a1d" relativeResultsDirectory="cc347988-3ce3-4a91-9a2a-8326c6cb12f8" />
    <UnitTestResult executionId="a9064211-214e-4c6b-9b03-668b009d3996" testId="2b8cea25-0d44-5b97-ac4a-2216f4c1f84a" testName="Reads_From_Repository_And_ClientStore" computerName="V020705" duration="00:00:00.0027529" startTime="2025-04-30T09:12:22.4959810+02:00" endTime="2025-04-30T09:12:22.4987341+02:00" testType="13cdc9d9-ddb5-4fa4-a97d-d965ccfc6d4b" outcome="Passed" testListId="8c84fa94-04c1-424b-9868-57a2d4851a1d" relativeResultsDirectory="a9064211-214e-4c6b-9b03-668b009d3996" />
    <UnitTestResult executionId="87e36b81-5c95-4ab0-a410-1041d41adfea" testId="0bcafa5c-7964-865e-c383-4f08d26a7f31" testName="Returns_New_User" computerName="V020705" duration="00:00:00.0013680" startTime="2025-04-30T09:12:21.6151499+02:00" endTime="2025-04-30T09:12:21.6165174+02:00" testType="13cdc9d9-ddb5-4fa4-a97d-d965ccfc6d4b" outcome="Passed" testListId="8c84fa94-04c1-424b-9868-57a2d4851a1d" relativeResultsDirectory="87e36b81-5c95-4ab0-a410-1041d41adfea" />
    <UnitTestResult executionId="d84ba1b5-a169-4791-994f-c17898f91165" testId="71653502-3181-f828-c492-aa6439b95e7a" testName="Transfers_Only_First_Chars" computerName="V020705" duration="00:00:00.0007990" startTime="2025-04-30T09:12:22.6746670+02:00" endTime="2025-04-30T09:12:22.6754658+02:00" testType="13cdc9d9-ddb5-4fa4-a97d-d965ccfc6d4b" outcome="Passed" testListId="8c84fa94-04c1-424b-9868-57a2d4851a1d" relativeResultsDirectory="d84ba1b5-a169-4791-994f-c17898f91165" />
    <UnitTestResult executionId="54e0b509-aaf6-428d-abd9-09b3df535d8c" testId="107b5f4c-155f-4546-e355-355bd33f96f8" testName="Writes_To_Record" computerName="V020705" duration="00:00:00.0016950" startTime="2025-04-30T09:12:22.9796884+02:00" endTime="2025-04-30T09:12:22.9813827+02:00" testType="13cdc9d9-ddb5-4fa4-a97d-d965ccfc6d4b" outcome="Passed" testListId="8c84fa94-04c1-424b-9868-57a2d4851a1d" relativeResultsDirectory="54e0b509-aaf6-428d-abd9-09b3df535d8c" />
    <UnitTestResult executionId="581698d4-d428-4875-900d-e4b635fdc69e" testId="34297883-ceb1-3f6a-fc97-88a641421987" testName="Calls_Service_To_Delete_Entity" computerName="V020705" duration="00:00:00.0033880" startTime="2025-04-30T09:12:22.2471538+02:00" endTime="2025-04-30T09:12:22.2505411+02:00" testType="13cdc9d9-ddb5-4fa4-a97d-d965ccfc6d4b" outcome="Passed" testListId="8c84fa94-04c1-424b-9868-57a2d4851a1d" relativeResultsDirectory="581698d4-d428-4875-900d-e4b635fdc69e" />
    <UnitTestResult executionId="8ed23ca2-2b95-43c2-97e4-503aadd0b318" testId="1aee8fdd-247c-9b40-baaa-86531f21c457" testName="Returns_Not_Found_If_Not_Exists" computerName="V020705" duration="00:00:00.0005810" startTime="2025-04-30T09:12:21.6461513+02:00" endTime="2025-04-30T09:12:21.6467322+02:00" testType="13cdc9d9-ddb5-4fa4-a97d-d965ccfc6d4b" outcome="Passed" testListId="8c84fa94-04c1-424b-9868-57a2d4851a1d" relativeResultsDirectory="8ed23ca2-2b95-43c2-97e4-503aadd0b318" />
    <UnitTestResult executionId="f6ace056-02ba-40eb-8d19-46f1bcf0293c" testId="bb8b597c-b592-e58d-717d-2400b7c8e2ff" testName="Maps_Login_To_Model" computerName="V020705" duration="00:00:00.0008870" startTime="2025-04-30T09:12:22.8719874+02:00" endTime="2025-04-30T09:12:22.8728737+02:00" testType="13cdc9d9-ddb5-4fa4-a97d-d965ccfc6d4b" outcome="Passed" testListId="8c84fa94-04c1-424b-9868-57a2d4851a1d" relativeResultsDirectory="f6ace056-02ba-40eb-8d19-46f1bcf0293c" />
    <UnitTestResult executionId="3815270d-20a9-47a2-8fe7-66dbd4861695" testId="7a11ef52-57c7-60cd-9c5c-e69b0979ba72" testName="Gets_MVC_Client_By_ReturnUrl_Post_Form_Parameter" computerName="V020705" duration="00:00:00.0008180" startTime="2025-04-30T09:12:20.9555313+02:00" endTime="2025-04-30T09:12:20.9563491+02:00" testType="13cdc9d9-ddb5-4fa4-a97d-d965ccfc6d4b" outcome="Passed" testListId="8c84fa94-04c1-424b-9868-57a2d4851a1d" relativeResultsDirectory="3815270d-20a9-47a2-8fe7-66dbd4861695" />
    <UnitTestResult executionId="3d271683-26dc-4ad2-8f8f-7a632b75bd24" testId="42d35bbd-c7d9-7946-1def-7b5ccb673a61" testName="Updates_User_LastName" computerName="V020705" duration="00:00:00.0009100" startTime="2025-04-30T09:12:21.2482502+02:00" endTime="2025-04-30T09:12:21.2491604+02:00" testType="13cdc9d9-ddb5-4fa4-a97d-d965ccfc6d4b" outcome="Passed" testListId="8c84fa94-04c1-424b-9868-57a2d4851a1d" relativeResultsDirectory="3d271683-26dc-4ad2-8f8f-7a632b75bd24" />
    <UnitTestResult executionId="09fab882-dd9b-4226-93d2-fc6d79a31d3f" testId="33444fd7-f688-0b38-55ae-2b29b719f739" testName="Ignores_TokenIssuedSuccess_Event" computerName="V020705" duration="00:00:00.0030209" startTime="2025-04-30T09:12:22.9972300+02:00" endTime="2025-04-30T09:12:23.0002505+02:00" testType="13cdc9d9-ddb5-4fa4-a97d-d965ccfc6d4b" outcome="Passed" testListId="8c84fa94-04c1-424b-9868-57a2d4851a1d" relativeResultsDirectory="09fab882-dd9b-4226-93d2-fc6d79a31d3f" />
    <UnitTestResult executionId="8e68dbde-5668-46fb-9fea-63644eeef6d5" testId="4b1f9a8d-b1bb-02ec-5745-7307e52cd5f9" testName="Converts_AllowedCorsOrigins" computerName="V020705" duration="00:00:00.0005940" startTime="2025-04-30T09:12:22.8526163+02:00" endTime="2025-04-30T09:12:22.8532105+02:00" testType="13cdc9d9-ddb5-4fa4-a97d-d965ccfc6d4b" outcome="Passed" testListId="8c84fa94-04c1-424b-9868-57a2d4851a1d" relativeResultsDirectory="8e68dbde-5668-46fb-9fea-63644eeef6d5" />
    <UnitTestResult executionId="76a76c62-6c10-4678-a174-40b0b47e78e7" testId="e157cad4-1d6f-f224-ff5c-8c943ce2a9cd" testName="User_Without_Password_Cannot_Lock_Account(&quot;&quot;)" computerName="V020705" duration="00:00:00.0013390" startTime="2025-04-30T09:12:21.0558280+02:00" endTime="2025-04-30T09:12:21.0571666+02:00" testType="13cdc9d9-ddb5-4fa4-a97d-d965ccfc6d4b" outcome="Passed" testListId="8c84fa94-04c1-424b-9868-57a2d4851a1d" relativeResultsDirectory="76a76c62-6c10-4678-a174-40b0b47e78e7" />
    <UnitTestResult executionId="cfef9700-58e6-4848-8f9c-3ec3dbaf5188" testId="bc241bd6-90f6-27c4-5759-1a1dbdfa005f" testName="External_User_Cannot_Add_Password" computerName="V020705" duration="00:00:00.0088800" startTime="2025-04-30T09:12:21.0586878+02:00" endTime="2025-04-30T09:12:21.0675669+02:00" testType="13cdc9d9-ddb5-4fa4-a97d-d965ccfc6d4b" outcome="Passed" testListId="8c84fa94-04c1-424b-9868-57a2d4851a1d" relativeResultsDirectory="cfef9700-58e6-4848-8f9c-3ec3dbaf5188" />
    <UnitTestResult executionId="a27860da-a9e7-4bcf-9102-51a6867b2640" testId="65690e6c-ce58-910b-d8f0-054207cc266e" testName="Contains_A_Row_Per_LoginProvider_In_The_Email_Text" computerName="V020705" duration="00:00:00.0096790" startTime="2025-04-30T09:12:23.5226750+02:00" endTime="2025-04-30T09:12:23.5323533+02:00" testType="13cdc9d9-ddb5-4fa4-a97d-d965ccfc6d4b" outcome="Passed" testListId="8c84fa94-04c1-424b-9868-57a2d4851a1d" relativeResultsDirectory="a27860da-a9e7-4bcf-9102-51a6867b2640" />
    <UnitTestResult executionId="9c4cda9e-8b30-4af5-924b-734003fceba7" testId="18d4fde6-42c5-efbc-ad05-63d710c635c9" testName="Calls_Renderer_With_ScriptName" computerName="V020705" duration="00:00:00.0025290" startTime="2025-04-30T09:12:21.5956306+02:00" endTime="2025-04-30T09:12:21.5981594+02:00" testType="13cdc9d9-ddb5-4fa4-a97d-d965ccfc6d4b" outcome="Passed" testListId="8c84fa94-04c1-424b-9868-57a2d4851a1d" relativeResultsDirectory="9c4cda9e-8b30-4af5-924b-734003fceba7" />
    <UnitTestResult executionId="7aa758e7-81a6-496b-9ed4-22781bc02dcb" testId="367d97b6-5e1b-0bb5-2b16-a7bff6e81071" testName="Sends_Command" computerName="V020705" duration="00:00:00.0034600" startTime="2025-04-30T09:12:23.4178236+02:00" endTime="2025-04-30T09:12:23.4212826+02:00" testType="13cdc9d9-ddb5-4fa4-a97d-d965ccfc6d4b" outcome="Passed" testListId="8c84fa94-04c1-424b-9868-57a2d4851a1d" relativeResultsDirectory="7aa758e7-81a6-496b-9ed4-22781bc02dcb" />
    <UnitTestResult executionId="573452f8-dc55-4679-a349-9b02a8f262bb" testId="b66f29e4-204f-ab29-31de-ad78b812748d" testName="Does_Not_Add_External_Claims_To_Saml_When_Allowed_Scope_Not_Set" computerName="V020705" duration="00:00:00.0008380" startTime="2025-04-30T09:12:23.4600577+02:00" endTime="2025-04-30T09:12:23.4608949+02:00" testType="13cdc9d9-ddb5-4fa4-a97d-d965ccfc6d4b" outcome="Passed" testListId="8c84fa94-04c1-424b-9868-57a2d4851a1d" relativeResultsDirectory="573452f8-dc55-4679-a349-9b02a8f262bb" />
    <UnitTestResult executionId="bd92e90b-6199-4506-a3b7-67f33471f36f" testId="896f952f-4179-aff3-ace4-aed6aecee8ce" testName="Does_Not_Return_LoginProvides_That_Expire_After_The_Expiration_Period" computerName="V020705" duration="00:00:00.0078080" startTime="2025-04-30T09:12:23.5061686+02:00" endTime="2025-04-30T09:12:23.5139761+02:00" testType="13cdc9d9-ddb5-4fa4-a97d-d965ccfc6d4b" outcome="Passed" testListId="8c84fa94-04c1-424b-9868-57a2d4851a1d" relativeResultsDirectory="bd92e90b-6199-4506-a3b7-67f33471f36f" />
    <UnitTestResult executionId="2f15671d-1e1c-423a-bedf-29245476fd80" testId="5e5841b2-201b-117a-6cf9-b0c5d0d4c597" testName="Adds_Default_Roles_Of_A_LoginProvider_To_A_UserAsync" computerName="V020705" duration="00:00:00.0026940" startTime="2025-04-30T09:12:21.2363664+02:00" endTime="2025-04-30T09:12:21.2390600+02:00" testType="13cdc9d9-ddb5-4fa4-a97d-d965ccfc6d4b" outcome="Passed" testListId="8c84fa94-04c1-424b-9868-57a2d4851a1d" relativeResultsDirectory="2f15671d-1e1c-423a-bedf-29245476fd80" />
    <UnitTestResult executionId="aca81442-d1b4-47a9-886e-0386b1c3b4da" testId="2a562c06-8638-e43c-f213-f7dcfa8ef1af" testName="Return_OpenIdConfiguration_For_OIDC_Provider" computerName="V020705" duration="00:00:00.0012890" startTime="2025-04-30T09:12:22.2613377+02:00" endTime="2025-04-30T09:12:22.2626267+02:00" testType="13cdc9d9-ddb5-4fa4-a97d-d965ccfc6d4b" outcome="Passed" testListId="8c84fa94-04c1-424b-9868-57a2d4851a1d" relativeResultsDirectory="aca81442-d1b4-47a9-886e-0386b1c3b4da" />
    <UnitTestResult executionId="4c483c0b-b7e6-473b-b802-2d7a9775eb45" testId="35fd7a9b-fb91-eee4-54b5-8ae1fdc75032" testName="Returns_Function_Result_For_Successful_AsyncOperation" computerName="V020705" duration="00:00:00.0006150" startTime="2025-04-30T09:12:20.4271025+02:00" endTime="2025-04-30T09:12:20.4277175+02:00" testType="13cdc9d9-ddb5-4fa4-a97d-d965ccfc6d4b" outcome="Passed" testListId="8c84fa94-04c1-424b-9868-57a2d4851a1d" relativeResultsDirectory="4c483c0b-b7e6-473b-b802-2d7a9775eb45" />
    <UnitTestResult executionId="5b687145-8510-41f0-b040-3829bb41b88a" testId="87641e64-013a-f188-5f0c-d792e7a071bc" testName="Publishes_An_InvitationCompleted_Event" computerName="V020705" duration="00:00:00.0022620" startTime="2025-04-30T09:12:22.2326899+02:00" endTime="2025-04-30T09:12:22.2349518+02:00" testType="13cdc9d9-ddb5-4fa4-a97d-d965ccfc6d4b" outcome="Passed" testListId="8c84fa94-04c1-424b-9868-57a2d4851a1d" relativeResultsDirectory="5b687145-8510-41f0-b040-3829bb41b88a" />
    <UnitTestResult executionId="faa3b771-d372-4fa2-b4bb-8b39880b76ba" testId="255f285b-de9e-07c0-bd3c-5e12f52636e3" testName="Calls_Store" computerName="V020705" duration="00:00:00.0016200" startTime="2025-04-30T09:12:23.4948928+02:00" endTime="2025-04-30T09:12:23.4965125+02:00" testType="13cdc9d9-ddb5-4fa4-a97d-d965ccfc6d4b" outcome="Passed" testListId="8c84fa94-04c1-424b-9868-57a2d4851a1d" relativeResultsDirectory="faa3b771-d372-4fa2-b4bb-8b39880b76ba" />
    <UnitTestResult executionId="ac9410e0-247a-4160-bc22-9255558c04e6" testId="55e708f2-b4d3-9234-9e4d-ded4bf2331e6" testName="Does_Not_Add_External_Claims_To_AccessToken_When_Allowed_Scope_Not_Set" computerName="V020705" duration="00:00:00.0011780" startTime="2025-04-30T09:12:23.4578423+02:00" endTime="2025-04-30T09:12:23.4590203+02:00" testType="13cdc9d9-ddb5-4fa4-a97d-d965ccfc6d4b" outcome="Passed" testListId="8c84fa94-04c1-424b-9868-57a2d4851a1d" relativeResultsDirectory="ac9410e0-247a-4160-bc22-9255558c04e6" />
    <UnitTestResult executionId="faf11ef1-41e5-473c-9fd9-c3e801d2ac8f" testId="61a89e7b-671e-f4d6-8f7f-e832621cb969" testName="Returns_Error_For_Existing_Provider_Name" computerName="V020705" duration="00:00:00.0030810" startTime="2025-04-30T09:12:23.4766106+02:00" endTime="2025-04-30T09:12:23.4796912+02:00" testType="13cdc9d9-ddb5-4fa4-a97d-d965ccfc6d4b" outcome="Passed" testListId="8c84fa94-04c1-424b-9868-57a2d4851a1d" relativeResultsDirectory="faf11ef1-41e5-473c-9fd9-c3e801d2ac8f" />
    <UnitTestResult executionId="84c6c948-0e06-4590-a917-261421db9005" testId="8faaabb5-02e5-0127-1e4c-101c4cc52248" testName="Calls_Default_Oidc_Configuration" computerName="V020705" duration="00:00:00.0159150" startTime="2025-04-30T09:12:22.8075323+02:00" endTime="2025-04-30T09:12:22.8234462+02:00" testType="13cdc9d9-ddb5-4fa4-a97d-d965ccfc6d4b" outcome="Passed" testListId="8c84fa94-04c1-424b-9868-57a2d4851a1d" relativeResultsDirectory="84c6c948-0e06-4590-a917-261421db9005" />
    <UnitTestResult executionId="9dc7816b-bb7f-4653-ba13-c8b7b4981e4a" testId="97b0e128-c9d9-7d11-8f80-761f9894f1f3" testName="DoesNot_Throw_Exception_When_User_Is_Null" computerName="V020705" duration="00:00:00.0020960" startTime="2025-04-30T09:12:21.3588256+02:00" endTime="2025-04-30T09:12:21.3609216+02:00" testType="13cdc9d9-ddb5-4fa4-a97d-d965ccfc6d4b" outcome="Passed" testListId="8c84fa94-04c1-424b-9868-57a2d4851a1d" relativeResultsDirectory="9dc7816b-bb7f-4653-ba13-c8b7b4981e4a" />
    <UnitTestResult executionId="5cceec04-df73-4c48-bd56-837d7ea0a7ee" testId="36c0c805-152f-22d3-4088-e769f75caaec" testName="Gets_MVC_Client_By_Client_Id_Post_Form_Parameter" computerName="V020705" duration="00:00:00.0022690" startTime="2025-04-30T09:12:20.9451736+02:00" endTime="2025-04-30T09:12:20.9474426+02:00" testType="13cdc9d9-ddb5-4fa4-a97d-d965ccfc6d4b" outcome="Passed" testListId="8c84fa94-04c1-424b-9868-57a2d4851a1d" relativeResultsDirectory="5cceec04-df73-4c48-bd56-837d7ea0a7ee" />
    <UnitTestResult executionId="566056d1-5fca-4815-862c-5d8fe44792d6" testId="a6b62781-f725-2c30-429a-9ea3a9cea9d3" testName="Returns_Response_With_NoPermission_When_Forbidden" computerName="V020705" duration="00:00:00.0109590" startTime="2025-04-30T09:12:20.7038325+02:00" endTime="2025-04-30T09:12:20.7147913+02:00" testType="13cdc9d9-ddb5-4fa4-a97d-d965ccfc6d4b" outcome="Passed" testListId="8c84fa94-04c1-424b-9868-57a2d4851a1d" relativeResultsDirectory="566056d1-5fca-4815-862c-5d8fe44792d6" />
    <UnitTestResult executionId="b558824a-096d-4306-9769-014737b03553" testId="2798b398-0496-1e71-67f3-c3c3279190c5" testName="Calls_UserCreation_Service" computerName="V020705" duration="00:00:00.0082400" startTime="2025-04-30T09:12:21.6025841+02:00" endTime="2025-04-30T09:12:21.6108235+02:00" testType="13cdc9d9-ddb5-4fa4-a97d-d965ccfc6d4b" outcome="Passed" testListId="8c84fa94-04c1-424b-9868-57a2d4851a1d" relativeResultsDirectory="b558824a-096d-4306-9769-014737b03553" />
    <UnitTestResult executionId="60d4d98e-6141-4934-94cf-1478bd4de2b3" testId="01ec80e1-966d-b326-07e3-290ad51ea6bd" testName="Returns_Azure_Provider" computerName="V020705" duration="00:00:00.0031650" startTime="2025-04-30T09:12:22.8356329+02:00" endTime="2025-04-30T09:12:22.8387977+02:00" testType="13cdc9d9-ddb5-4fa4-a97d-d965ccfc6d4b" outcome="Passed" testListId="8c84fa94-04c1-424b-9868-57a2d4851a1d" relativeResultsDirectory="60d4d98e-6141-4934-94cf-1478bd4de2b3" />
    <UnitTestResult executionId="4513447d-258f-4a3d-9768-2c0b68e4bebb" testId="e79ae8c6-987a-226d-ee33-5b1ed6c6a9ec" testName="Process_Claims" computerName="V020705" duration="00:00:00.0050570" startTime="2025-04-30T09:12:22.2147020+02:00" endTime="2025-04-30T09:12:22.2197589+02:00" testType="13cdc9d9-ddb5-4fa4-a97d-d965ccfc6d4b" outcome="Passed" testListId="8c84fa94-04c1-424b-9868-57a2d4851a1d" relativeResultsDirectory="4513447d-258f-4a3d-9768-2c0b68e4bebb" />
    <UnitTestResult executionId="8ac3bf9b-2d74-4376-ad6e-66573e60d936" testId="31025ebd-a234-c76d-0f0b-b0e7e54173f0" testName="Reads_Log_Messages_From_Cache" computerName="V020705" duration="00:00:00.0012600" startTime="2025-04-30T09:12:23.5498860+02:00" endTime="2025-04-30T09:12:23.5511454+02:00" testType="13cdc9d9-ddb5-4fa4-a97d-d965ccfc6d4b" outcome="Passed" testListId="8c84fa94-04c1-424b-9868-57a2d4851a1d" relativeResultsDirectory="8ac3bf9b-2d74-4376-ad6e-66573e60d936" />
    <UnitTestResult executionId="59433aeb-eb15-4205-8857-c59002cf2c04" testId="cc59808b-2153-07b2-a69c-fba587b40c44" testName="Returns_Failure_If_Password_Contains_FirstName(&quot;Hans Peter&quot;,&quot;hanspeter123&quot;)" computerName="V020705" duration="00:00:00.0003540" startTime="2025-04-30T09:12:21.3540102+02:00" endTime="2025-04-30T09:12:21.3543638+02:00" testType="13cdc9d9-ddb5-4fa4-a97d-d965ccfc6d4b" outcome="Passed" testListId="8c84fa94-04c1-424b-9868-57a2d4851a1d" relativeResultsDirectory="59433aeb-eb15-4205-8857-c59002cf2c04" />
    <UnitTestResult executionId="85359715-e5fb-4781-9d42-da5b8931d9fb" testId="a84ac785-c2bc-cd3f-192a-21263666abdf" testName="Clears_Cache" computerName="V020705" duration="00:00:00.0017370" startTime="2025-04-30T09:12:23.5043014+02:00" endTime="2025-04-30T09:12:23.5060378+02:00" testType="13cdc9d9-ddb5-4fa4-a97d-d965ccfc6d4b" outcome="Passed" testListId="8c84fa94-04c1-424b-9868-57a2d4851a1d" relativeResultsDirectory="85359715-e5fb-4781-9d42-da5b8931d9fb" />
    <UnitTestResult executionId="750ae396-8ef4-4c4f-b5b5-6096f057772b" testId="d97adf4b-aa61-0f83-c7f4-830581961cb3" testName="Returns_True_For_File_Call(&quot;https://localhost/images/TESMALogoRgb.svg?version=1.0&quot;)" computerName="V020705" duration="00:00:00.0000080" startTime="2025-04-30T09:12:22.5487214+02:00" endTime="2025-04-30T09:12:22.5487296+02:00" testType="13cdc9d9-ddb5-4fa4-a97d-d965ccfc6d4b" outcome="Passed" testListId="8c84fa94-04c1-424b-9868-57a2d4851a1d" relativeResultsDirectory="750ae396-8ef4-4c4f-b5b5-6096f057772b" />
    <UnitTestResult executionId="180a6230-73b3-4d66-96e9-4777567c4636" testId="70a3f383-6bf8-3c18-0ad9-14901b9a9938" testName="Updates_FirstName" computerName="V020705" duration="00:00:00.0014540" startTime="2025-04-30T09:12:21.6510958+02:00" endTime="2025-04-30T09:12:21.6525498+02:00" testType="13cdc9d9-ddb5-4fa4-a97d-d965ccfc6d4b" outcome="Passed" testListId="8c84fa94-04c1-424b-9868-57a2d4851a1d" relativeResultsDirectory="180a6230-73b3-4d66-96e9-4777567c4636" />
  </Results>
  <TestDefinitions>
    <UnitTest name="Does_Nothing_If_Does_Not_Match_Name_Exactly(&quot;otherClass Oneselected&quot;)" storage="d:\agents\smith05.01\_work\257\s\tests\chg.identityprovider.tests\bin\release\net9.0\chg.identityprovider.tests.dll" id="a8b56b75-65b9-751b-4d32-a004df0488fb">
      <Execution id="65cbea78-096c-458d-832f-09b0675c59b6" />
      <TestMethod codeBase="D:\Agents\smith05.01\_work\257\s\tests\CHG.IdentityProvider.Tests\bin\Release\net9.0\CHG.IdentityProvider.Tests.dll" adapterTypeName="executor://nunit3testexecutor/" className="CHG.IdentityProvider.Tests.TagHelpers.RemoveClassIfCurrentControllerTests+ProcessMethod" name="Does_Nothing_If_Does_Not_Match_Name_Exactly(&quot;otherClass Oneselected&quot;)" />
    </UnitTest>
    <UnitTest name="Logs_UserName(&quot;https://localhost/External/Challenge?provider=CHGAzureAD&amp;returnUrl=%2Fconnect%2Fauthorize%2Fcallback%3Fresponse_type%3Dcode%26nonce%3DTcYRg3ly9PxiTLvK4y3b-g%26state%3DBPb4upgHZjrUKSPdQH9UlA%26code_challenge%3DBrY_dAF4pTJ2oWWXblA8p81WWCKQYJN0L0k7GCsxQfs%26code_challenge_method%3DS256%26client_id%3Dlas_desktop%26scope%3Dopenid%2520profile%2520offline_access%2520chgprofile%2520email%2520dms_appserver_api%26redirect_uri%3Dhttp%253A%252F%252Flocalhost%252Flas_desktop%26acr_values%3Didp%253ACHGAzureAD%26login_hint%3Dhans.peter@test.com&quot;)" storage="d:\agents\smith05.01\_work\257\s\tests\chg.identityprovider.tests\bin\release\net9.0\chg.identityprovider.tests.dll" id="a66c4cfd-c510-f3cc-d9e8-3c8c11b9bafe">
      <Execution id="ed8243f7-9c3e-429a-8b3a-460e7bb6292f" />
      <TestMethod codeBase="D:\Agents\smith05.01\_work\257\s\tests\CHG.IdentityProvider.Tests\bin\Release\net9.0\CHG.IdentityProvider.Tests.dll" adapterTypeName="executor://nunit3testexecutor/" className="CHG.IdentityProvider.Tests.Middleware.UserLoginLoggingMiddlewareTests+InvokeMethod" name="Logs_UserName(&quot;https://localhost/External/Challenge?provider=CHGAzureAD&amp;returnUrl=%2Fconnect%2Fauthorize%2Fcallback%3Fresponse_type%3Dcode%26nonce%3DTcYRg3ly9PxiTLvK4y3b-g%26state%3DBPb4upgHZjrUKSPdQH9UlA%26code_challenge%3DBrY_dAF4pTJ2oWWXblA8p81WWCKQYJN0L0k7GCsxQfs%26code_challenge_method%3DS256%26client_id%3Dlas_desktop%26scope%3Dopenid%2520profile%2520offline_access%2520chgprofile%2520email%2520dms_appserver_api%26redirect_uri%3Dhttp%253A%252F%252Flocalhost%252Flas_desktop%26acr_values%3Didp%253ACHGAzureAD%26login_hint%3Dhans.peter@test.com&quot;)" />
    </UnitTest>
    <UnitTest name="Gets_Item_From_Inner_And_Adds_To_Cache" storage="d:\agents\smith05.01\_work\257\s\tests\chg.identityprovider.tests\bin\release\net9.0\chg.identityprovider.tests.dll" id="12032e6b-17ea-d9b4-046f-3c6b266eb1c6">
      <Execution id="18c76e5f-b063-4e24-832b-2cf9241d3e4b" />
      <TestMethod codeBase="D:\Agents\smith05.01\_work\257\s\tests\CHG.IdentityProvider.Tests\bin\Release\net9.0\CHG.IdentityProvider.Tests.dll" adapterTypeName="executor://nunit3testexecutor/" className="CHG.IdentityProvider.Tests.Services.CachingIdentityProviderLookupTests+GetBySchemeAsyncMethod" name="Gets_Item_From_Inner_And_Adds_To_Cache" />
    </UnitTest>
    <UnitTest name="Return_AzureADConfiguration_For_AzureAD_Provider" storage="d:\agents\smith05.01\_work\257\s\tests\chg.identityprovider.tests\bin\release\net9.0\chg.identityprovider.tests.dll" id="2dc48e63-9c5b-c94b-2608-1552f27af0d1">
      <Execution id="3deaa00d-2d04-4487-b4d7-d3ae028d3091" />
      <TestMethod codeBase="D:\Agents\smith05.01\_work\257\s\tests\CHG.IdentityProvider.Tests\bin\Release\net9.0\CHG.IdentityProvider.Tests.dll" adapterTypeName="executor://nunit3testexecutor/" className="CHG.IdentityProvider.Tests.Controllers.LoginProvidersControllerTest+DetailGetMethod" name="Return_AzureADConfiguration_For_AzureAD_Provider" />
    </UnitTest>
    <UnitTest name="Can_Read_Old_File_With_Configuration" storage="d:\agents\smith05.01\_work\257\s\tests\chg.identityprovider.tests\bin\release\net9.0\chg.identityprovider.tests.dll" id="32939905-96dc-2546-5a1a-29e110e3f79d">
      <Execution id="5901b0c7-bde3-474d-beb9-55530cce949f" />
      <TestMethod codeBase="D:\Agents\smith05.01\_work\257\s\tests\CHG.IdentityProvider.Tests\bin\Release\net9.0\CHG.IdentityProvider.Tests.dll" adapterTypeName="executor://nunit3testexecutor/" className="CHG.IdentityProvider.Tests.Serialization.IdentityProviderConverterTests" name="Can_Read_Old_File_With_Configuration" />
    </UnitTest>
    <UnitTest name="Does_Not_Throws_Exception_On_Non_Form_Posts" storage="d:\agents\smith05.01\_work\257\s\tests\chg.identityprovider.tests\bin\release\net9.0\chg.identityprovider.tests.dll" id="d84b01f5-0596-70fe-9eb9-09b2a7317e9c">
      <Execution id="6658814c-e81e-4d53-b05f-d1343bb0a23a" />
      <TestMethod codeBase="D:\Agents\smith05.01\_work\257\s\tests\CHG.IdentityProvider.Tests\bin\Release\net9.0\CHG.IdentityProvider.Tests.dll" adapterTypeName="executor://nunit3testexecutor/" className="CHG.IdentityProvider.Tests.BusinessLogic.Services.ClientContextRetrieverTests+GetCurrentClientCustomizationAsyncMethod" name="Does_Not_Throws_Exception_On_Non_Form_Posts" />
    </UnitTest>
    <UnitTest name="Finds_User_By_Id" storage="d:\agents\smith05.01\_work\257\s\tests\chg.identityprovider.tests\bin\release\net9.0\chg.identityprovider.tests.dll" id="0e26eac2-9255-c736-1c23-a0fb50465da3">
      <Execution id="520a335b-ace7-493b-bdbf-d02318d24e1d" />
      <TestMethod codeBase="D:\Agents\smith05.01\_work\257\s\tests\CHG.IdentityProvider.Tests\bin\Release\net9.0\CHG.IdentityProvider.Tests.dll" adapterTypeName="executor://nunit3testexecutor/" className="CHG.IdentityProvider.Tests.Controllers.Api.UserApiControllerTests+DeleteMethod" name="Finds_User_By_Id" />
    </UnitTest>
    <UnitTest name="HandleGroups(&quot;group&quot;)" storage="d:\agents\smith05.01\_work\257\s\tests\chg.identityprovider.tests\bin\release\net9.0\chg.identityprovider.tests.dll" id="f77e2ad3-a10e-1ad6-ad42-35ae120566e7">
      <Execution id="f2331d91-2223-4102-86c3-c2ce60a75fff" />
      <TestMethod codeBase="D:\Agents\smith05.01\_work\257\s\tests\CHG.IdentityProvider.Tests\bin\Release\net9.0\CHG.IdentityProvider.Tests.dll" adapterTypeName="executor://nunit3testexecutor/" className="CHG.IdentityProvider.Tests.Controllers.ExternalControllerTests+CallbackMethod" name="HandleGroups(&quot;group&quot;)" />
    </UnitTest>
    <UnitTest name="User_Without_Password_Cannot_Lock_Account(&quot;&quot;)" storage="d:\agents\smith05.01\_work\257\s\tests\chg.identityprovider.tests\bin\release\net9.0\chg.identityprovider.tests.dll" id="e157cad4-1d6f-f224-ff5c-8c943ce2a9cd">
      <Execution id="76a76c62-6c10-4678-a174-40b0b47e78e7" />
      <TestMethod codeBase="D:\Agents\smith05.01\_work\257\s\tests\CHG.IdentityProvider.Tests\bin\Release\net9.0\CHG.IdentityProvider.Tests.dll" adapterTypeName="executor://nunit3testexecutor/" className="CHG.IdentityProvider.Tests.BusinessLogic.Services.IdentityServerSignInManagerTests+PasswordSignInAsyncMethod" name="User_Without_Password_Cannot_Lock_Account(&quot;&quot;)" />
    </UnitTest>
    <UnitTest name="Renders_Template" storage="d:\agents\smith05.01\_work\257\s\tests\chg.identityprovider.tests\bin\release\net9.0\chg.identityprovider.tests.dll" id="050d09cd-8b83-1be8-6fd3-0a5dc0cb9799">
      <Execution id="15091f92-802f-4075-ab15-a85fb1d434f3" />
      <TestMethod codeBase="D:\Agents\smith05.01\_work\257\s\tests\CHG.IdentityProvider.Tests\bin\Release\net9.0\CHG.IdentityProvider.Tests.dll" adapterTypeName="executor://nunit3testexecutor/" className="CHG.IdentityProvider.Tests.Infrastructure.TemplateEngineTests+RenderTemplateAsyncMethod" name="Renders_Template" />
    </UnitTest>
    <UnitTest name="Returns_Failure_If_Password_Contains_LastName(&quot;Wurst&quot;,&quot;wurst123&quot;)" storage="d:\agents\smith05.01\_work\257\s\tests\chg.identityprovider.tests\bin\release\net9.0\chg.identityprovider.tests.dll" id="58d67626-0be2-e03c-155b-fc69bf640762">
      <Execution id="dc3d60e2-f67f-4ff3-8554-a22af32574a4" />
      <TestMethod codeBase="D:\Agents\smith05.01\_work\257\s\tests\CHG.IdentityProvider.Tests\bin\Release\net9.0\CHG.IdentityProvider.Tests.dll" adapterTypeName="executor://nunit3testexecutor/" className="CHG.IdentityProvider.Tests.BusinessLogic.Validators.FirstLastNameAsPasswordValidatorTests+ValidateMethod" name="Returns_Failure_If_Password_Contains_LastName(&quot;Wurst&quot;,&quot;wurst123&quot;)" />
    </UnitTest>
    <UnitTest name="Removes_Record_From_Repository" storage="d:\agents\smith05.01\_work\257\s\tests\chg.identityprovider.tests\bin\release\net9.0\chg.identityprovider.tests.dll" id="94f07a82-fcae-3859-6172-92bbe0dc5448">
      <Execution id="8ae9caf7-65d7-4201-b2bb-7e48201b3dfa" />
      <TestMethod codeBase="D:\Agents\smith05.01\_work\257\s\tests\CHG.IdentityProvider.Tests\bin\Release\net9.0\CHG.IdentityProvider.Tests.dll" adapterTypeName="executor://nunit3testexecutor/" className="CHG.IdentityProvider.Tests.Services.BlockedUserLoginsServiceTests+RemoveBlockedUserLogin" name="Removes_Record_From_Repository" />
    </UnitTest>
    <UnitTest name="Returns_SamlModel_With_EmptyData" storage="d:\agents\smith05.01\_work\257\s\tests\chg.identityprovider.tests\bin\release\net9.0\chg.identityprovider.tests.dll" id="0318a35f-12e1-9f9b-c8c4-233e2ad15da1">
      <Execution id="a703a6fd-e0aa-40e8-aa6d-aef36c145137" />
      <TestMethod codeBase="D:\Agents\smith05.01\_work\257\s\tests\CHG.IdentityProvider.Tests\bin\Release\net9.0\CHG.IdentityProvider.Tests.dll" adapterTypeName="executor://nunit3testexecutor/" className="CHG.IdentityProvider.Tests.LoginProviders.LoginProviderMapperTests+MapToLoginProviderModelMethod" name="Returns_SamlModel_With_EmptyData" />
    </UnitTest>
    <UnitTest name="Sets_Username_By_Email_If_Empty" storage="d:\agents\smith05.01\_work\257\s\tests\chg.identityprovider.tests\bin\release\net9.0\chg.identityprovider.tests.dll" id="61598958-c6dd-bfbd-7fda-2977304b42c9">
      <Execution id="3bfbf253-44f1-42b6-aefd-a01033d2a3eb" />
      <TestMethod codeBase="D:\Agents\smith05.01\_work\257\s\tests\CHG.IdentityProvider.Tests\bin\Release\net9.0\CHG.IdentityProvider.Tests.dll" adapterTypeName="executor://nunit3testexecutor/" className="CHG.IdentityProvider.Tests.Controllers.Api.UserApiControllerTests+UpdateMethod" name="Sets_Username_By_Email_If_Empty" />
    </UnitTest>
    <UnitTest name="Unsets_Blocked_Flag(True)" storage="d:\agents\smith05.01\_work\257\s\tests\chg.identityprovider.tests\bin\release\net9.0\chg.identityprovider.tests.dll" id="09896e50-d198-1ccd-4238-1f480b60b38a">
      <Execution id="c0336cca-3e19-433a-8daf-d1d4229b4db5" />
      <TestMethod codeBase="D:\Agents\smith05.01\_work\257\s\tests\CHG.IdentityProvider.Tests\bin\Release\net9.0\CHG.IdentityProvider.Tests.dll" adapterTypeName="executor://nunit3testexecutor/" className="CHG.IdentityProvider.Tests.BusinessLogic.Services.IdentityServerUserManagerTests+SetBlockedMethod" name="Unsets_Blocked_Flag(True)" />
    </UnitTest>
    <UnitTest name="Converts_AllowedScopes" storage="d:\agents\smith05.01\_work\257\s\tests\chg.identityprovider.tests\bin\release\net9.0\chg.identityprovider.tests.dll" id="5522c30b-797c-5df3-b3a9-cc8e055bc646">
      <Execution id="3b43d6f3-b7a8-4eb0-86cd-026442e6fb26" />
      <TestMethod codeBase="D:\Agents\smith05.01\_work\257\s\tests\CHG.IdentityProvider.Tests\bin\Release\net9.0\CHG.IdentityProvider.Tests.dll" adapterTypeName="executor://nunit3testexecutor/" className="CHG.IdentityProvider.Tests.Mappings.ImportClientModelMapperTests+MapToClientEntityMethod" name="Converts_AllowedScopes" />
    </UnitTest>
    <UnitTest name="Adds_Class_If_Href_Is_Current_Action_And_Other_Class_Was_Already_Set" storage="d:\agents\smith05.01\_work\257\s\tests\chg.identityprovider.tests\bin\release\net9.0\chg.identityprovider.tests.dll" id="df0aca45-e9c9-4fca-81ba-40ccaa9a7950">
      <Execution id="8ee421e4-85f0-464e-9246-036063b4c3f5" />
      <TestMethod codeBase="D:\Agents\smith05.01\_work\257\s\tests\CHG.IdentityProvider.Tests\bin\Release\net9.0\CHG.IdentityProvider.Tests.dll" adapterTypeName="executor://nunit3testexecutor/" className="CHG.IdentityProvider.Tests.TagHelpers.AddClassForConditionTagHelperTests+ProcessMethod" name="Adds_Class_If_Href_Is_Current_Action_And_Other_Class_Was_Already_Set" />
    </UnitTest>
    <UnitTest name="Maps_RequireClientSecret(False)" storage="d:\agents\smith05.01\_work\257\s\tests\chg.identityprovider.tests\bin\release\net9.0\chg.identityprovider.tests.dll" id="77efc003-7243-1d7f-825b-449b2f60ad9b">
      <Execution id="3197b1a9-446d-4b27-b180-c7ae84e9ec7c" />
      <TestMethod codeBase="D:\Agents\smith05.01\_work\257\s\tests\CHG.IdentityProvider.Tests\bin\Release\net9.0\CHG.IdentityProvider.Tests.dll" adapterTypeName="executor://nunit3testexecutor/" className="CHG.IdentityProvider.Tests.Mappings.ImportClientModelMapperTests+MapToClientEntityMethod" name="Maps_RequireClientSecret(False)" />
    </UnitTest>
    <UnitTest name="Converts_Grant_Types" storage="d:\agents\smith05.01\_work\257\s\tests\chg.identityprovider.tests\bin\release\net9.0\chg.identityprovider.tests.dll" id="49694405-c75e-7d6c-5924-3ff582f776c6">
      <Execution id="cf9e3e7b-93d0-4208-a835-1ec732f8aed6" />
      <TestMethod codeBase="D:\Agents\smith05.01\_work\257\s\tests\CHG.IdentityProvider.Tests\bin\Release\net9.0\CHG.IdentityProvider.Tests.dll" adapterTypeName="executor://nunit3testexecutor/" className="CHG.IdentityProvider.Tests.Mappings.ImportClientModelMapperTests+MapToClientEntityMethod" name="Converts_Grant_Types" />
    </UnitTest>
    <UnitTest name="Appends_To_The_LoginProviderTestLog_If_It_Is_A_Test_Run" storage="d:\agents\smith05.01\_work\257\s\tests\chg.identityprovider.tests\bin\release\net9.0\chg.identityprovider.tests.dll" id="28c79830-7f7f-37b9-158d-54180ffb92f2">
      <Execution id="2a855ee1-6eab-4c54-8742-eb013ed0fd6c" />
      <TestMethod codeBase="D:\Agents\smith05.01\_work\257\s\tests\CHG.IdentityProvider.Tests\bin\Release\net9.0\CHG.IdentityProvider.Tests.dll" adapterTypeName="executor://nunit3testexecutor/" className="CHG.IdentityProvider.Tests.Services.LoginProviderTestEventsTests+TicketReceivedMethod" name="Appends_To_The_LoginProviderTestLog_If_It_Is_A_Test_Run" />
    </UnitTest>
    <UnitTest name="Shows_InviteCompleted_View" storage="d:\agents\smith05.01\_work\257\s\tests\chg.identityprovider.tests\bin\release\net9.0\chg.identityprovider.tests.dll" id="b94e813e-cd03-84a4-6685-6b35b4fc798d">
      <Execution id="7d8e5ff3-c3f7-4e02-8346-b9960b0d8f40" />
      <TestMethod codeBase="D:\Agents\smith05.01\_work\257\s\tests\CHG.IdentityProvider.Tests\bin\Release\net9.0\CHG.IdentityProvider.Tests.dll" adapterTypeName="executor://nunit3testexecutor/" className="CHG.IdentityProvider.Tests.Controllers.InviteUserControllerTests+CompleteInvitePostAction" name="Shows_InviteCompleted_View" />
    </UnitTest>
    <UnitTest name="Returns_Firstname_Only_If_Lastname_Is_Empty" storage="d:\agents\smith05.01\_work\257\s\tests\chg.identityprovider.tests\bin\release\net9.0\chg.identityprovider.tests.dll" id="26ce0d7e-3441-033d-e534-6ee10a62a782">
      <Execution id="0684e805-d536-48f1-bc82-7f0a98a89dc9" />
      <TestMethod codeBase="D:\Agents\smith05.01\_work\257\s\tests\CHG.IdentityProvider.Tests\bin\Release\net9.0\CHG.IdentityProvider.Tests.dll" adapterTypeName="executor://nunit3testexecutor/" className="CHG.IdentityProvider.Tests.BusinessLogic.Extensions.UserExtensionsTests+GetFullNameMethod" name="Returns_Firstname_Only_If_Lastname_Is_Empty" />
    </UnitTest>
    <UnitTest name="Does_Not_Add_Input_Element_If_Client_Context_Does_Not_Exist" storage="d:\agents\smith05.01\_work\257\s\tests\chg.identityprovider.tests\bin\release\net9.0\chg.identityprovider.tests.dll" id="42597a55-4790-0b26-43cf-77df09acfe88">
      <Execution id="09938e3b-49ef-4bab-97d5-69ab2edb2379" />
      <TestMethod codeBase="D:\Agents\smith05.01\_work\257\s\tests\CHG.IdentityProvider.Tests\bin\Release\net9.0\CHG.IdentityProvider.Tests.dll" adapterTypeName="executor://nunit3testexecutor/" className="CHG.IdentityProvider.Tests.TagHelpers.FormClientIdTagHelperTests+ProcessMethod" name="Does_Not_Add_Input_Element_If_Client_Context_Does_Not_Exist" />
    </UnitTest>
    <UnitTest name="Replaces_Entry" storage="d:\agents\smith05.01\_work\257\s\tests\chg.identityprovider.tests\bin\release\net9.0\chg.identityprovider.tests.dll" id="b9245e16-ea4c-5ead-3bbc-01115b2b4256">
      <Execution id="6fb0e600-41bd-47a6-98c5-994fd515adef" />
      <TestMethod codeBase="D:\Agents\smith05.01\_work\257\s\tests\CHG.IdentityProvider.Tests\bin\Release\net9.0\CHG.IdentityProvider.Tests.dll" adapterTypeName="executor://nunit3testexecutor/" className="CHG.IdentityProvider.Tests.Extensions.DistributedCacheExtensionsTests+UpdateWithJsonAsyncMethod" name="Replaces_Entry" />
    </UnitTest>
    <UnitTest name="Calls_Authentication_Handler_For_Signedout_Callback" storage="d:\agents\smith05.01\_work\257\s\tests\chg.identityprovider.tests\bin\release\net9.0\chg.identityprovider.tests.dll" id="459c87d0-aa21-f830-9a7e-4fc20f24fd4a">
      <Execution id="1dd5fd55-c36b-4821-81cf-d8e77071f42c" />
      <TestMethod codeBase="D:\Agents\smith05.01\_work\257\s\tests\CHG.IdentityProvider.Tests\bin\Release\net9.0\CHG.IdentityProvider.Tests.dll" adapterTypeName="executor://nunit3testexecutor/" className="CHG.IdentityProvider.Tests.Middleware.LoginProviderAuthenticationMiddlewareTests+InvokeMethod" name="Calls_Authentication_Handler_For_Signedout_Callback" />
    </UnitTest>
    <UnitTest name="Maps_Roles_To_Model" storage="d:\agents\smith05.01\_work\257\s\tests\chg.identityprovider.tests\bin\release\net9.0\chg.identityprovider.tests.dll" id="b12e6dd3-66e9-1cd4-5bb3-5eedccebd0f4">
      <Execution id="f81dbe0c-7e38-4323-ba43-84b5057f1de5" />
      <TestMethod codeBase="D:\Agents\smith05.01\_work\257\s\tests\CHG.IdentityProvider.Tests\bin\Release\net9.0\CHG.IdentityProvider.Tests.dll" adapterTypeName="executor://nunit3testexecutor/" className="CHG.IdentityProvider.Tests.Mappings.UserMapperTests+MapToUserModelMethod" name="Maps_Roles_To_Model" />
    </UnitTest>
    <UnitTest name="Logs_In_Successful_With_Correct_Password_When_Max_Attempt_Is_Not_Reached" storage="d:\agents\smith05.01\_work\257\s\tests\chg.identityprovider.tests\bin\release\net9.0\chg.identityprovider.tests.dll" id="22df3953-dfb7-be7f-261b-efe658a9745c">
      <Execution id="50b1f19f-b044-45f8-875e-5ca595ec3d0e" />
      <TestMethod codeBase="D:\Agents\smith05.01\_work\257\s\tests\CHG.IdentityProvider.Tests\bin\Release\net9.0\CHG.IdentityProvider.Tests.dll" adapterTypeName="executor://nunit3testexecutor/" className="CHG.IdentityProvider.Tests.BusinessLogic.Services.IdentityServerSignInManagerTests+CheckPasswordSignInAsyncMethod" name="Logs_In_Successful_With_Correct_Password_When_Max_Attempt_Is_Not_Reached" />
    </UnitTest>
    <UnitTest name="Generates_A_New_UserInvite_Token_By_UserName" storage="d:\agents\smith05.01\_work\257\s\tests\chg.identityprovider.tests\bin\release\net9.0\chg.identityprovider.tests.dll" id="dda16a76-bc79-225f-55d7-aa2af2b59236">
      <Execution id="9078d365-fbf7-4ee9-a965-197525d58a6f" />
      <TestMethod codeBase="D:\Agents\smith05.01\_work\257\s\tests\CHG.IdentityProvider.Tests\bin\Release\net9.0\CHG.IdentityProvider.Tests.dll" adapterTypeName="executor://nunit3testexecutor/" className="CHG.IdentityProvider.Tests.Controllers.Api.UserInvitationApiControllerTests+InviteV3Action" name="Generates_A_New_UserInvite_Token_By_UserName" />
    </UnitTest>
    <UnitTest name="Throws_ArgumentNull_Exception_When_Calims_Is_Null" storage="d:\agents\smith05.01\_work\257\s\tests\chg.identityprovider.tests\bin\release\net9.0\chg.identityprovider.tests.dll" id="e44bf6b7-7f3f-a7ad-8d0d-3968c7cf261c">
      <Execution id="72d3b144-895a-45b8-9a7c-ea688705f538" />
      <TestMethod codeBase="D:\Agents\smith05.01\_work\257\s\tests\CHG.IdentityProvider.Tests\bin\Release\net9.0\CHG.IdentityProvider.Tests.dll" adapterTypeName="executor://nunit3testexecutor/" className="CHG.IdentityProvider.Tests.Services.Saml.ExtendedSamlClaimsServiceTests+MapToSamlClaimsMethod" name="Throws_ArgumentNull_Exception_When_Calims_Is_Null" />
    </UnitTest>
    <UnitTest name="Maps_ExtendedClient_With_ClientType_By_GrantType(&quot;urn:ietf:params:oauth:grant-type:device_code&quot;,Device)" storage="d:\agents\smith05.01\_work\257\s\tests\chg.identityprovider.tests\bin\release\net9.0\chg.identityprovider.tests.dll" id="f78c8558-e657-ab4c-302d-eedfc3d94677">
      <Execution id="136da123-bcf0-4d7f-8e68-7259a1190f68" />
      <TestMethod codeBase="D:\Agents\smith05.01\_work\257\s\tests\CHG.IdentityProvider.Tests\bin\Release\net9.0\CHG.IdentityProvider.Tests.dll" adapterTypeName="executor://nunit3testexecutor/" className="CHG.IdentityProvider.Tests.Mappings.ImportClientModelMapperTests+MapToExtendedClientMethod" name="Maps_ExtendedClient_With_ClientType_By_GrantType(&quot;urn:ietf:params:oauth:grant-type:device_code&quot;,Device)" />
    </UnitTest>
    <UnitTest name="Calls_Graph_Api_On_OnTokenValidated_When_ResolveGroupNames_Is_Set" storage="d:\agents\smith05.01\_work\257\s\tests\chg.identityprovider.tests\bin\release\net9.0\chg.identityprovider.tests.dll" id="7f6dfb1b-ca45-b487-75bd-70165a277319">
      <Execution id="312b518a-3a81-4868-bd5a-6897151459d8" />
      <TestMethod codeBase="D:\Agents\smith05.01\_work\257\s\tests\CHG.IdentityProvider.Tests\bin\Release\net9.0\CHG.IdentityProvider.Tests.dll" adapterTypeName="executor://nunit3testexecutor/" className="CHG.IdentityProvider.Tests.LoginProviders.Configuration.AzureConfigureOptionsTests+ConfigureMethod" name="Calls_Graph_Api_On_OnTokenValidated_When_ResolveGroupNames_Is_Set" />
    </UnitTest>
    <UnitTest name="Returns_InternetExplorer(&quot;Mozilla/5.0 (Windows NT 6.3; Trident/7.0; rv:11.0) like Gecko&quot;)" storage="d:\agents\smith05.01\_work\257\s\tests\chg.identityprovider.tests\bin\release\net9.0\chg.identityprovider.tests.dll" id="4024714a-9928-1b15-32a0-35b48ea25bd7">
      <Execution id="4d2b4efa-5910-4034-97d1-1f09a3e2008a" />
      <TestMethod codeBase="D:\Agents\smith05.01\_work\257\s\tests\CHG.IdentityProvider.Tests\bin\Release\net9.0\CHG.IdentityProvider.Tests.dll" adapterTypeName="executor://nunit3testexecutor/" className="CHG.IdentityProvider.Tests.Services.BrowserDetectorTests+GetBrowserTypeMethod" name="Returns_InternetExplorer(&quot;Mozilla/5.0 (Windows NT 6.3; Trident/7.0; rv:11.0) like Gecko&quot;)" />
    </UnitTest>
    <UnitTest name="Returns_Increments(1)" storage="d:\agents\smith05.01\_work\257\s\tests\chg.identityprovider.tests\bin\release\net9.0\chg.identityprovider.tests.dll" id="59fd8155-f76c-7163-811f-39a4c31d0f57">
      <Execution id="d3d36cb3-004b-4562-9c52-1d8dd70b2ce2" />
      <TestMethod codeBase="D:\Agents\smith05.01\_work\257\s\tests\CHG.IdentityProvider.Tests\bin\Release\net9.0\CHG.IdentityProvider.Tests.dll" adapterTypeName="executor://nunit3testexecutor/" className="CHG.IdentityProvider.Tests.Services.BlockedUserLoginsServiceTests+BlockUserLoginMethod" name="Returns_Increments(1)" />
    </UnitTest>
    <UnitTest name="Logs_Warning_If_ClientName_Is_Missing" storage="d:\agents\smith05.01\_work\257\s\tests\chg.identityprovider.tests\bin\release\net9.0\chg.identityprovider.tests.dll" id="6fe0a9e0-571f-0529-78ed-f233918a28b7">
      <Execution id="0fe5ad31-9e87-4858-a4ff-c249ff0619f5" />
      <TestMethod codeBase="D:\Agents\smith05.01\_work\257\s\tests\CHG.IdentityProvider.Tests\bin\Release\net9.0\CHG.IdentityProvider.Tests.dll" adapterTypeName="executor://nunit3testexecutor/" className="CHG.IdentityProvider.Tests.Infrastructure.DefaultIdentityObjectImporterTests+ImportDataInitializationSetAsyncMethod" name="Logs_Warning_If_ClientName_Is_Missing" />
    </UnitTest>
    <UnitTest name="Returns_Success_If_Password_Equals_10_Chars" storage="d:\agents\smith05.01\_work\257\s\tests\chg.identityprovider.tests\bin\release\net9.0\chg.identityprovider.tests.dll" id="bf9606d7-b9d3-97e9-41f0-4609f19270f1">
      <Execution id="e6a09c32-c48a-4b0f-bf5b-c3e145168ff0" />
      <TestMethod codeBase="D:\Agents\smith05.01\_work\257\s\tests\CHG.IdentityProvider.Tests\bin\Release\net9.0\CHG.IdentityProvider.Tests.dll" adapterTypeName="executor://nunit3testexecutor/" className="CHG.IdentityProvider.Tests.BusinessLogic.Validators.DefaultPasswordValidatorTests+ValidateMethod" name="Returns_Success_If_Password_Equals_10_Chars" />
    </UnitTest>
    <UnitTest name="Throws_Error_If_ProviderType_Is_Missing" storage="d:\agents\smith05.01\_work\257\s\tests\chg.identityprovider.tests\bin\release\net9.0\chg.identityprovider.tests.dll" id="8bfc7437-d32d-2fbd-e729-18690eea4323">
      <Execution id="1d22affa-4014-4539-b023-eb90c75fbda5" />
      <TestMethod codeBase="D:\Agents\smith05.01\_work\257\s\tests\CHG.IdentityProvider.Tests\bin\Release\net9.0\CHG.IdentityProvider.Tests.dll" adapterTypeName="executor://nunit3testexecutor/" className="CHG.IdentityProvider.Tests.Controllers.LoginProvidersControllerTest+ImportMethod" name="Throws_Error_If_ProviderType_Is_Missing" />
    </UnitTest>
    <UnitTest name="Returns_BadRequest_If_Email_Update_Failed" storage="d:\agents\smith05.01\_work\257\s\tests\chg.identityprovider.tests\bin\release\net9.0\chg.identityprovider.tests.dll" id="9c4293a8-3b82-e855-ae76-259fca3dc7e4">
      <Execution id="9d91a440-6878-442d-bd48-23b7ec2da060" />
      <TestMethod codeBase="D:\Agents\smith05.01\_work\257\s\tests\CHG.IdentityProvider.Tests\bin\Release\net9.0\CHG.IdentityProvider.Tests.dll" adapterTypeName="executor://nunit3testexecutor/" className="CHG.IdentityProvider.Tests.Controllers.Api.UserApiControllerTests+UpdateMethod" name="Returns_BadRequest_If_Email_Update_Failed" />
    </UnitTest>
    <UnitTest name="Calls_Default_Saml_Configuration" storage="d:\agents\smith05.01\_work\257\s\tests\chg.identityprovider.tests\bin\release\net9.0\chg.identityprovider.tests.dll" id="5c95a7f7-5486-fbb9-304b-73885836eda0">
      <Execution id="7bb443fa-334c-4d60-bb3c-68c3bd7b3852" />
      <TestMethod codeBase="D:\Agents\smith05.01\_work\257\s\tests\CHG.IdentityProvider.Tests\bin\Release\net9.0\CHG.IdentityProvider.Tests.dll" adapterTypeName="executor://nunit3testexecutor/" className="CHG.IdentityProvider.Tests.LoginProviders.Configuration.CustomSamlConfigureOptionsTests+ConfigureMethod" name="Calls_Default_Saml_Configuration" />
    </UnitTest>
    <UnitTest name="Finds_User_By_Id" storage="d:\agents\smith05.01\_work\257\s\tests\chg.identityprovider.tests\bin\release\net9.0\chg.identityprovider.tests.dll" id="47efc9b0-c055-2864-fadf-b69a63155a1d">
      <Execution id="e1f672b1-e565-4c47-99c6-bec970262c98" />
      <TestMethod codeBase="D:\Agents\smith05.01\_work\257\s\tests\CHG.IdentityProvider.Tests\bin\Release\net9.0\CHG.IdentityProvider.Tests.dll" adapterTypeName="executor://nunit3testexecutor/" className="CHG.IdentityProvider.Tests.Controllers.Api.UserApiControllerTests+UpdateMethod" name="Finds_User_By_Id" />
    </UnitTest>
    <UnitTest name="Returns_False_When_Password_Is_NullOrEmpty(&quot;&quot;)" storage="d:\agents\smith05.01\_work\257\s\tests\chg.identityprovider.tests\bin\release\net9.0\chg.identityprovider.tests.dll" id="c8e992df-c450-2e3a-9654-847aa6ec3da1">
      <Execution id="3ff68543-7d62-4b50-bb36-a96db56f9b1b" />
      <TestMethod codeBase="D:\Agents\smith05.01\_work\257\s\tests\CHG.IdentityProvider.Tests\bin\Release\net9.0\CHG.IdentityProvider.Tests.dll" adapterTypeName="executor://nunit3testexecutor/" className="CHG.IdentityProvider.Tests.Infrastructure.PasswordBlacklistOnlineServiceProviderTests+IsPasswordListedAsyncMethod" name="Returns_False_When_Password_Is_NullOrEmpty(&quot;&quot;)" />
    </UnitTest>
    <UnitTest name="Unknown_User_Dont_Retrieve_ResetPassword_Mails" storage="d:\agents\smith05.01\_work\257\s\tests\chg.identityprovider.tests\bin\release\net9.0\chg.identityprovider.tests.dll" id="0b2ffe04-fd7e-f7f0-4e2d-f6464d97402c">
      <Execution id="b0ab0a26-c932-4966-a31a-e31459a79421" />
      <TestMethod codeBase="D:\Agents\smith05.01\_work\257\s\tests\CHG.IdentityProvider.Tests\bin\Release\net9.0\CHG.IdentityProvider.Tests.dll" adapterTypeName="executor://nunit3testexecutor/" className="CHG.IdentityProvider.Tests.Controllers.AccountControllerTests+ForgotPasswordAction" name="Unknown_User_Dont_Retrieve_ResetPassword_Mails" />
    </UnitTest>
    <UnitTest name="Returns_Options_From_Empty_Config" storage="d:\agents\smith05.01\_work\257\s\tests\chg.identityprovider.tests\bin\release\net9.0\chg.identityprovider.tests.dll" id="613f3758-2c26-cde7-616d-ce84ce9b8641">
      <Execution id="afbb007d-320e-4797-a510-dced2db740e7" />
      <TestMethod codeBase="D:\Agents\smith05.01\_work\257\s\tests\CHG.IdentityProvider.Tests\bin\Release\net9.0\CHG.IdentityProvider.Tests.dll" adapterTypeName="executor://nunit3testexecutor/" className="CHG.IdentityProvider.Tests.Configuration.StartupExtensionsTests+GetMessageBusOptionsForNotificationEndpointMethod" name="Returns_Options_From_Empty_Config" />
    </UnitTest>
    <UnitTest name="Finds_User_By_Username" storage="d:\agents\smith05.01\_work\257\s\tests\chg.identityprovider.tests\bin\release\net9.0\chg.identityprovider.tests.dll" id="600c161a-4d7c-a6ea-374f-6fa5e34eaae3">
      <Execution id="2336683f-1e45-497c-8f7b-28757464772f" />
      <TestMethod codeBase="D:\Agents\smith05.01\_work\257\s\tests\CHG.IdentityProvider.Tests\bin\Release\net9.0\CHG.IdentityProvider.Tests.dll" adapterTypeName="executor://nunit3testexecutor/" className="CHG.IdentityProvider.Tests.Controllers.Api.UserApiControllerTests+GetLoginsByUserIdMethod" name="Finds_User_By_Username" />
    </UnitTest>
    <UnitTest name="Calls_Authentication_Handler" storage="d:\agents\smith05.01\_work\257\s\tests\chg.identityprovider.tests\bin\release\net9.0\chg.identityprovider.tests.dll" id="b1873ca6-b190-2d3a-880c-b777d1b8c36d">
      <Execution id="4f5c1870-eff6-40ff-8ad7-2060ceba81e7" />
      <TestMethod codeBase="D:\Agents\smith05.01\_work\257\s\tests\CHG.IdentityProvider.Tests\bin\Release\net9.0\CHG.IdentityProvider.Tests.dll" adapterTypeName="executor://nunit3testexecutor/" className="CHG.IdentityProvider.Tests.Middleware.LoginProviderAuthenticationMiddlewareTests+InvokeMethod" name="Calls_Authentication_Handler" />
    </UnitTest>
    <UnitTest name="Sends_Link_To_Sender_Of_Factory" storage="d:\agents\smith05.01\_work\257\s\tests\chg.identityprovider.tests\bin\release\net9.0\chg.identityprovider.tests.dll" id="1f61e2e3-b482-fc9e-3115-c0cf0654902e">
      <Execution id="546b0c5a-4c15-4e46-a7fc-80d3293841f5" />
      <TestMethod codeBase="D:\Agents\smith05.01\_work\257\s\tests\CHG.IdentityProvider.Tests\bin\Release\net9.0\CHG.IdentityProvider.Tests.dll" adapterTypeName="executor://nunit3testexecutor/" className="CHG.IdentityProvider.Tests.BusinessLogic.Services.UserNotificationSenderDispatcherTests+SendAccountLockedLinkAsyncMethod" name="Sends_Link_To_Sender_Of_Factory" />
    </UnitTest>
    <UnitTest name="Returns_UserName_If_First_And_Lastname_Is_Empty" storage="d:\agents\smith05.01\_work\257\s\tests\chg.identityprovider.tests\bin\release\net9.0\chg.identityprovider.tests.dll" id="9ba8b007-d6d9-c3a8-8a14-db8c5658c626">
      <Execution id="d64c2298-e5de-4242-ad42-00252de702d0" />
      <TestMethod codeBase="D:\Agents\smith05.01\_work\257\s\tests\CHG.IdentityProvider.Tests\bin\Release\net9.0\CHG.IdentityProvider.Tests.dll" adapterTypeName="executor://nunit3testexecutor/" className="CHG.IdentityProvider.Tests.BusinessLogic.Extensions.UserExtensionsTests+GetFullNameMethod" name="Returns_UserName_If_First_And_Lastname_Is_Empty" />
    </UnitTest>
    <UnitTest name="Returns_Failure_If_Password_Is_Less_Than_10_Chars" storage="d:\agents\smith05.01\_work\257\s\tests\chg.identityprovider.tests\bin\release\net9.0\chg.identityprovider.tests.dll" id="ba082cb4-e45d-8406-8607-588ab55f0bad">
      <Execution id="87e1c2e5-5e5b-4e33-88ec-2ba9509cb8b1" />
      <TestMethod codeBase="D:\Agents\smith05.01\_work\257\s\tests\CHG.IdentityProvider.Tests\bin\Release\net9.0\CHG.IdentityProvider.Tests.dll" adapterTypeName="executor://nunit3testexecutor/" className="CHG.IdentityProvider.Tests.BusinessLogic.Validators.DefaultPasswordValidatorTests+ValidateMethod" name="Returns_Failure_If_Password_Is_Less_Than_10_Chars" />
    </UnitTest>
    <UnitTest name="Returns_Increments(2)" storage="d:\agents\smith05.01\_work\257\s\tests\chg.identityprovider.tests\bin\release\net9.0\chg.identityprovider.tests.dll" id="eadb91d7-5034-bc3c-72b0-278ae69d8706">
      <Execution id="c7693ac5-9d11-4421-9d33-eac940a0bda0" />
      <TestMethod codeBase="D:\Agents\smith05.01\_work\257\s\tests\CHG.IdentityProvider.Tests\bin\Release\net9.0\CHG.IdentityProvider.Tests.dll" adapterTypeName="executor://nunit3testexecutor/" className="CHG.IdentityProvider.Tests.Services.BlockedUserLoginsServiceTests+BlockUserLoginMethod" name="Returns_Increments(2)" />
    </UnitTest>
    <UnitTest name="Does_Not_Add_External_Claims_To_IdentityToken_When_Allowed_Scope_Not_Set" storage="d:\agents\smith05.01\_work\257\s\tests\chg.identityprovider.tests\bin\release\net9.0\chg.identityprovider.tests.dll" id="e9568d8a-b0e5-fef4-352a-4e331d4660e0">
      <Execution id="f1e7443f-c75d-4f84-aff4-19a43204f2ae" />
      <TestMethod codeBase="D:\Agents\smith05.01\_work\257\s\tests\CHG.IdentityProvider.Tests\bin\Release\net9.0\CHG.IdentityProvider.Tests.dll" adapterTypeName="executor://nunit3testexecutor/" className="CHG.IdentityProvider.Tests.Services.ExtendedProfileServiceTests+GetProfileDataAsyncMethod" name="Does_Not_Add_External_Claims_To_IdentityToken_When_Allowed_Scope_Not_Set" />
    </UnitTest>
    <UnitTest name="Returns_Information_For_OktaOidc_With_Modern_Uris" storage="d:\agents\smith05.01\_work\257\s\tests\chg.identityprovider.tests\bin\release\net9.0\chg.identityprovider.tests.dll" id="88b8f556-256b-f94e-d031-10be648772aa">
      <Execution id="1980db51-e4c7-4c76-b728-a651764e3ac6" />
      <TestMethod codeBase="D:\Agents\smith05.01\_work\257\s\tests\CHG.IdentityProvider.Tests\bin\Release\net9.0\CHG.IdentityProvider.Tests.dll" adapterTypeName="executor://nunit3testexecutor/" className="CHG.IdentityProvider.Tests.Services.IdentityProviderServiceTests+GetConnectionInformationMethod" name="Returns_Information_For_OktaOidc_With_Modern_Uris" />
    </UnitTest>
    <UnitTest name="Returns_BadRequest_If_Email_Exists" storage="d:\agents\smith05.01\_work\257\s\tests\chg.identityprovider.tests\bin\release\net9.0\chg.identityprovider.tests.dll" id="fa66c126-656a-93fb-14cd-799ed945c36d">
      <Execution id="61465162-7401-46ff-af8d-879a4a936426" />
      <TestMethod codeBase="D:\Agents\smith05.01\_work\257\s\tests\CHG.IdentityProvider.Tests\bin\Release\net9.0\CHG.IdentityProvider.Tests.dll" adapterTypeName="executor://nunit3testexecutor/" className="CHG.IdentityProvider.Tests.Controllers.Api.UserApiControllerTests+CreateMethod" name="Returns_BadRequest_If_Email_Exists" />
    </UnitTest>
    <UnitTest name="Use_Fallback_When_SenderType_Is_Unknown" storage="d:\agents\smith05.01\_work\257\s\tests\chg.identityprovider.tests\bin\release\net9.0\chg.identityprovider.tests.dll" id="709a0677-10e5-0075-7ddb-7f4f578757c5">
      <Execution id="935a3456-27b0-4384-8d49-422d02a4779a" />
      <TestMethod codeBase="D:\Agents\smith05.01\_work\257\s\tests\CHG.IdentityProvider.Tests\bin\Release\net9.0\CHG.IdentityProvider.Tests.dll" adapterTypeName="executor://nunit3testexecutor/" className="CHG.IdentityProvider.Tests.BusinessLogic.Services.UserNotificationSenderDispatcherTests+SendResetPasswordLinkAsyncMethod" name="Use_Fallback_When_SenderType_Is_Unknown" />
    </UnitTest>
    <UnitTest name="Returns_BadRequest_If_Name_Update_Failed" storage="d:\agents\smith05.01\_work\257\s\tests\chg.identityprovider.tests\bin\release\net9.0\chg.identityprovider.tests.dll" id="bc1d56a9-e56e-1fdf-3c2c-c69087cbec63">
      <Execution id="a43f083e-5a47-432a-afba-6da0c62d0cf7" />
      <TestMethod codeBase="D:\Agents\smith05.01\_work\257\s\tests\CHG.IdentityProvider.Tests\bin\Release\net9.0\CHG.IdentityProvider.Tests.dll" adapterTypeName="executor://nunit3testexecutor/" className="CHG.IdentityProvider.Tests.Controllers.Api.UserApiControllerTests+UpdateMethod" name="Returns_BadRequest_If_Name_Update_Failed" />
    </UnitTest>
    <UnitTest name="Deletes_User" storage="d:\agents\smith05.01\_work\257\s\tests\chg.identityprovider.tests\bin\release\net9.0\chg.identityprovider.tests.dll" id="3ababb28-c22e-2e27-a55b-3ca0ece96105">
      <Execution id="59858991-a0e6-469c-8084-bb2446a94d5c" />
      <TestMethod codeBase="D:\Agents\smith05.01\_work\257\s\tests\CHG.IdentityProvider.Tests\bin\Release\net9.0\CHG.IdentityProvider.Tests.dll" adapterTypeName="executor://nunit3testexecutor/" className="CHG.IdentityProvider.Tests.Controllers.Api.UserApiControllerTests+DeleteMethod" name="Deletes_User" />
    </UnitTest>
    <UnitTest name="Does_Not_Update_Username_When_Username_Was_Not_Equal" storage="d:\agents\smith05.01\_work\257\s\tests\chg.identityprovider.tests\bin\release\net9.0\chg.identityprovider.tests.dll" id="f983a492-159c-bfb5-b91b-4b925b7c8fd5">
      <Execution id="f165092e-0838-45a6-a625-9e911a784dfb" />
      <TestMethod codeBase="D:\Agents\smith05.01\_work\257\s\tests\CHG.IdentityProvider.Tests\bin\Release\net9.0\CHG.IdentityProvider.Tests.dll" adapterTypeName="executor://nunit3testexecutor/" className="CHG.IdentityProvider.Tests.BusinessLogic.Services.IdentityServerUserManagerTests+SetEmailAsync" name="Does_Not_Update_Username_When_Username_Was_Not_Equal" />
    </UnitTest>
    <UnitTest name="Change_LogLevel_Of_Error" storage="d:\agents\smith05.01\_work\257\s\tests\chg.identityprovider.tests\bin\release\net9.0\chg.identityprovider.tests.dll" id="eceb508e-a92a-5d49-97c9-22d832ee2acd">
      <Execution id="beae36e7-c552-40ac-8bd2-3f0ad2a64e90" />
      <TestMethod codeBase="D:\Agents\smith05.01\_work\257\s\tests\CHG.IdentityProvider.Tests\bin\Release\net9.0\CHG.IdentityProvider.Tests.dll" adapterTypeName="executor://nunit3testexecutor/" className="CHG.IdentityProvider.Tests.Configuration.RskLogLevelEnricherTests+EnrichMethod" name="Change_LogLevel_Of_Error" />
    </UnitTest>
    <UnitTest name="External_User_Cannot_Change_Password_When_No_Password_Set(null)" storage="d:\agents\smith05.01\_work\257\s\tests\chg.identityprovider.tests\bin\release\net9.0\chg.identityprovider.tests.dll" id="f017e22a-e3d2-78bc-3bb4-5ad0c74fdc13">
      <Execution id="2b4dbcbd-7614-4f0e-bf12-b8e9d4b2ffd2" />
      <TestMethod codeBase="D:\Agents\smith05.01\_work\257\s\tests\CHG.IdentityProvider.Tests\bin\Release\net9.0\CHG.IdentityProvider.Tests.dll" adapterTypeName="executor://nunit3testexecutor/" className="CHG.IdentityProvider.Tests.BusinessLogic.Services.IdentityServerUserManagerTests+ChangePasswordAsyncMethod" name="External_User_Cannot_Change_Password_When_No_Password_Set(null)" />
    </UnitTest>
    <UnitTest name="LogIn_Failed_With_Incorrect_Password_When_Max_Attempt_Is_Not_Reached" storage="d:\agents\smith05.01\_work\257\s\tests\chg.identityprovider.tests\bin\release\net9.0\chg.identityprovider.tests.dll" id="25f92625-4648-7782-1d2a-317528534f1f">
      <Execution id="a0fbd8a9-469c-4a19-916d-f2a24637145e" />
      <TestMethod codeBase="D:\Agents\smith05.01\_work\257\s\tests\CHG.IdentityProvider.Tests\bin\Release\net9.0\CHG.IdentityProvider.Tests.dll" adapterTypeName="executor://nunit3testexecutor/" className="CHG.IdentityProvider.Tests.BusinessLogic.Services.IdentityServerSignInManagerTests+CheckPasswordSignInAsyncMethod" name="LogIn_Failed_With_Incorrect_Password_When_Max_Attempt_Is_Not_Reached" />
    </UnitTest>
    <UnitTest name="Returns_BadRequest_If_LastName_Update_Failed" storage="d:\agents\smith05.01\_work\257\s\tests\chg.identityprovider.tests\bin\release\net9.0\chg.identityprovider.tests.dll" id="ed67fa44-1552-508c-915d-208f71764e9c">
      <Execution id="5f2c3102-d04b-4b3b-9aac-ef4309f282bf" />
      <TestMethod codeBase="D:\Agents\smith05.01\_work\257\s\tests\CHG.IdentityProvider.Tests\bin\Release\net9.0\CHG.IdentityProvider.Tests.dll" adapterTypeName="executor://nunit3testexecutor/" className="CHG.IdentityProvider.Tests.Controllers.Api.UserApiControllerTests+UpdateMethod" name="Returns_BadRequest_If_LastName_Update_Failed" />
    </UnitTest>
    <UnitTest name="Unset_NormalizedFirstName_When_FirstName_Is_Null" storage="d:\agents\smith05.01\_work\257\s\tests\chg.identityprovider.tests\bin\release\net9.0\chg.identityprovider.tests.dll" id="d6285fcb-3a4b-46ad-b2b1-fa9630b8b684">
      <Execution id="67f42409-d3bb-4ff9-a4de-5cc8a7488d2e" />
      <TestMethod codeBase="D:\Agents\smith05.01\_work\257\s\tests\CHG.IdentityProvider.Tests\bin\Release\net9.0\CHG.IdentityProvider.Tests.dll" adapterTypeName="executor://nunit3testexecutor/" className="CHG.IdentityProvider.Tests.BusinessLogic.Services.IdentityServerUserManagerTests+CreateAsync" name="Unset_NormalizedFirstName_When_FirstName_Is_Null" />
    </UnitTest>
    <UnitTest name="Login_Is_Blocked_With_Incorrect_Password_When_Max_Attempt_Is_Reached" storage="d:\agents\smith05.01\_work\257\s\tests\chg.identityprovider.tests\bin\release\net9.0\chg.identityprovider.tests.dll" id="882b56b3-6aec-d8ed-b8fc-22aadc6107e1">
      <Execution id="9e08f8dc-a44d-4e61-a95a-4794cf1fc22a" />
      <TestMethod codeBase="D:\Agents\smith05.01\_work\257\s\tests\CHG.IdentityProvider.Tests\bin\Release\net9.0\CHG.IdentityProvider.Tests.dll" adapterTypeName="executor://nunit3testexecutor/" className="CHG.IdentityProvider.Tests.BusinessLogic.Services.IdentityServerSignInManagerTests+CheckPasswordSignInAsyncMethod" name="Login_Is_Blocked_With_Incorrect_Password_When_Max_Attempt_Is_Reached" />
    </UnitTest>
    <UnitTest name="Creates_EventArguments_For_IdentityServer_Events" storage="d:\agents\smith05.01\_work\257\s\tests\chg.identityprovider.tests\bin\release\net9.0\chg.identityprovider.tests.dll" id="bc19a764-9f7d-b983-969a-2e4c6b85c212">
      <Execution id="f0a35a2c-a782-4b04-b6a1-25f5819710a0" />
      <TestMethod codeBase="D:\Agents\smith05.01\_work\257\s\tests\CHG.IdentityProvider.Tests\bin\Release\net9.0\CHG.IdentityProvider.Tests.dll" adapterTypeName="executor://nunit3testexecutor/" className="CHG.IdentityProvider.Tests.Services.Audit.EventAdapterTests+CreateMethod" name="Creates_EventArguments_For_IdentityServer_Events" />
    </UnitTest>
    <UnitTest name="Does_Not_Add_External_Claims_To_AccessToken_When_Allowed_Scope_Not_Set" storage="d:\agents\smith05.01\_work\257\s\tests\chg.identityprovider.tests\bin\release\net9.0\chg.identityprovider.tests.dll" id="55e708f2-b4d3-9234-9e4d-ded4bf2331e6">
      <Execution id="ac9410e0-247a-4160-bc22-9255558c04e6" />
      <TestMethod codeBase="D:\Agents\smith05.01\_work\257\s\tests\CHG.IdentityProvider.Tests\bin\Release\net9.0\CHG.IdentityProvider.Tests.dll" adapterTypeName="executor://nunit3testexecutor/" className="CHG.IdentityProvider.Tests.Services.ExtendedProfileServiceTests+GetProfileDataAsyncMethod" name="Does_Not_Add_External_Claims_To_AccessToken_When_Allowed_Scope_Not_Set" />
    </UnitTest>
    <UnitTest name="Returns_LoginProviders_That_Are_About_To_Expire_Within_The_Requested_Period(-14)" storage="d:\agents\smith05.01\_work\257\s\tests\chg.identityprovider.tests\bin\release\net9.0\chg.identityprovider.tests.dll" id="9e11f875-debd-1505-60a0-dfad565f8ccf">
      <Execution id="1b23f340-963b-4207-a1bc-c19f544d6ccd" />
      <TestMethod codeBase="D:\Agents\smith05.01\_work\257\s\tests\CHG.IdentityProvider.Tests\bin\Release\net9.0\CHG.IdentityProvider.Tests.dll" adapterTypeName="executor://nunit3testexecutor/" className="CHG.IdentityProvider.Tests.Services.LoginProviderExpirationCheckTests+GetLoginProvidersWithNearlyExpiredClientSecretsMethod" name="Returns_LoginProviders_That_Are_About_To_Expire_Within_The_Requested_Period(-14)" />
    </UnitTest>
    <UnitTest name="Clears_Cache" storage="d:\agents\smith05.01\_work\257\s\tests\chg.identityprovider.tests\bin\release\net9.0\chg.identityprovider.tests.dll" id="a84ac785-c2bc-cd3f-192a-21263666abdf">
      <Execution id="85359715-e5fb-4781-9d42-da5b8931d9fb" />
      <TestMethod codeBase="D:\Agents\smith05.01\_work\257\s\tests\CHG.IdentityProvider.Tests\bin\Release\net9.0\CHG.IdentityProvider.Tests.dll" adapterTypeName="executor://nunit3testexecutor/" className="CHG.IdentityProvider.Tests.Services.IdentityProviderServiceTests+UpdateAsyncMethod" name="Clears_Cache" />
    </UnitTest>
    <UnitTest name="Returns_True_For_File_Call(&quot;https://localhost/lib/popper/umd/popper.min.js&quot;)" storage="d:\agents\smith05.01\_work\257\s\tests\chg.identityprovider.tests\bin\release\net9.0\chg.identityprovider.tests.dll" id="bd90ac1e-66fa-10d1-3fba-2a793a1ba743">
      <Execution id="4ea49ce4-e24e-4eb2-8f69-75b8c0f27104" />
      <TestMethod codeBase="D:\Agents\smith05.01\_work\257\s\tests\CHG.IdentityProvider.Tests\bin\Release\net9.0\CHG.IdentityProvider.Tests.dll" adapterTypeName="executor://nunit3testexecutor/" className="CHG.IdentityProvider.Tests.HttpContextExtensionsTests+IsFileRessourceCallMethod" name="Returns_True_For_File_Call(&quot;https://localhost/lib/popper/umd/popper.min.js&quot;)" />
    </UnitTest>
    <UnitTest name="Adds_New_Claims_To_User" storage="d:\agents\smith05.01\_work\257\s\tests\chg.identityprovider.tests\bin\release\net9.0\chg.identityprovider.tests.dll" id="bd9fad3e-c09d-e0cd-e432-583369eaeb97">
      <Execution id="365ba537-a076-4e0a-bffd-4b385e52c021" />
      <TestMethod codeBase="D:\Agents\smith05.01\_work\257\s\tests\CHG.IdentityProvider.Tests\bin\Release\net9.0\CHG.IdentityProvider.Tests.dll" adapterTypeName="executor://nunit3testexecutor/" className="CHG.IdentityProvider.Tests.BusinessLogic.Services.UserIdentityEnricherTests+UpdateUserClaimsAsyncMethod" name="Adds_New_Claims_To_User" />
    </UnitTest>
    <UnitTest name="Returns_Failure_If_Password_Contains_LastName(&quot;Wurst&quot;,&quot;p4wurst123&quot;)" storage="d:\agents\smith05.01\_work\257\s\tests\chg.identityprovider.tests\bin\release\net9.0\chg.identityprovider.tests.dll" id="bef4a300-feec-70ed-4858-4f96a4582d4b">
      <Execution id="82dfa846-301b-42e0-8d1f-279d67d9fd1a" />
      <TestMethod codeBase="D:\Agents\smith05.01\_work\257\s\tests\CHG.IdentityProvider.Tests\bin\Release\net9.0\CHG.IdentityProvider.Tests.dll" adapterTypeName="executor://nunit3testexecutor/" className="CHG.IdentityProvider.Tests.BusinessLogic.Validators.FirstLastNameAsPasswordValidatorTests+ValidateMethod" name="Returns_Failure_If_Password_Contains_LastName(&quot;Wurst&quot;,&quot;p4wurst123&quot;)" />
    </UnitTest>
    <UnitTest name="Imports_The_Provided_Client" storage="d:\agents\smith05.01\_work\257\s\tests\chg.identityprovider.tests\bin\release\net9.0\chg.identityprovider.tests.dll" id="80acaac2-acca-a957-759f-c2162d20a6d1">
      <Execution id="35cc29d3-be1c-47c2-8934-90c0aa59a814" />
      <TestMethod codeBase="D:\Agents\smith05.01\_work\257\s\tests\CHG.IdentityProvider.Tests\bin\Release\net9.0\CHG.IdentityProvider.Tests.dll" adapterTypeName="executor://nunit3testexecutor/" className="CHG.IdentityProvider.Tests.Controllers.Api.ImportApiControllerTests+ImportClientAction" name="Imports_The_Provided_Client" />
    </UnitTest>
    <UnitTest name="Returns_Options_With_Configured_Endpoint_Name" storage="d:\agents\smith05.01\_work\257\s\tests\chg.identityprovider.tests\bin\release\net9.0\chg.identityprovider.tests.dll" id="f18ebb78-511a-0b52-8594-e6d4db1cbf21">
      <Execution id="25710803-2e81-49de-8943-f7cdfca049b5" />
      <TestMethod codeBase="D:\Agents\smith05.01\_work\257\s\tests\CHG.IdentityProvider.Tests\bin\Release\net9.0\CHG.IdentityProvider.Tests.dll" adapterTypeName="executor://nunit3testexecutor/" className="CHG.IdentityProvider.Tests.Configuration.StartupExtensionsTests+GetMessageBusOptionsForNotificationEndpointMethod" name="Returns_Options_With_Configured_Endpoint_Name" />
    </UnitTest>
    <UnitTest name="Updates_Repository_Increment" storage="d:\agents\smith05.01\_work\257\s\tests\chg.identityprovider.tests\bin\release\net9.0\chg.identityprovider.tests.dll" id="efa619b9-92a7-1e2a-19f7-acb2e6d84576">
      <Execution id="0cdefd75-40f2-4e93-a778-0437f2d81a64" />
      <TestMethod codeBase="D:\Agents\smith05.01\_work\257\s\tests\CHG.IdentityProvider.Tests\bin\Release\net9.0\CHG.IdentityProvider.Tests.dll" adapterTypeName="executor://nunit3testexecutor/" className="CHG.IdentityProvider.Tests.Services.BlockedUserLoginsServiceTests+BlockUserLoginMethod" name="Updates_Repository_Increment" />
    </UnitTest>
    <UnitTest name="Returns_Bad_Request_If_Client_Id_Does_Not_Exist" storage="d:\agents\smith05.01\_work\257\s\tests\chg.identityprovider.tests\bin\release\net9.0\chg.identityprovider.tests.dll" id="35f5e039-ffbf-abb6-595e-9ff0b94fcfa7">
      <Execution id="ac8ccd3d-2e86-4320-ab0a-3accaf4d8f8f" />
      <TestMethod codeBase="D:\Agents\smith05.01\_work\257\s\tests\CHG.IdentityProvider.Tests\bin\Release\net9.0\CHG.IdentityProvider.Tests.dll" adapterTypeName="executor://nunit3testexecutor/" className="CHG.IdentityProvider.Tests.Controllers.Api.UserInvitationApiControllerTests+InviteV3Action" name="Returns_Bad_Request_If_Client_Id_Does_Not_Exist" />
    </UnitTest>
    <UnitTest name="Returns_Information_For_OktaOidc" storage="d:\agents\smith05.01\_work\257\s\tests\chg.identityprovider.tests\bin\release\net9.0\chg.identityprovider.tests.dll" id="93957e81-375d-ae77-7246-f62ffb57a44d">
      <Execution id="f91e25e3-8538-49e9-9c36-3f68f0b34622" />
      <TestMethod codeBase="D:\Agents\smith05.01\_work\257\s\tests\CHG.IdentityProvider.Tests\bin\Release\net9.0\CHG.IdentityProvider.Tests.dll" adapterTypeName="executor://nunit3testexecutor/" className="CHG.IdentityProvider.Tests.Services.IdentityProviderServiceTests+GetConnectionInformationMethod" name="Returns_Information_For_OktaOidc" />
    </UnitTest>
    <UnitTest name="Returns_User_By_Username" storage="d:\agents\smith05.01\_work\257\s\tests\chg.identityprovider.tests\bin\release\net9.0\chg.identityprovider.tests.dll" id="34eca7c8-e134-7a05-ba0c-7cc3bd647b49">
      <Execution id="000435ec-6694-4396-9323-9751186da35c" />
      <TestMethod codeBase="D:\Agents\smith05.01\_work\257\s\tests\CHG.IdentityProvider.Tests\bin\Release\net9.0\CHG.IdentityProvider.Tests.dll" adapterTypeName="executor://nunit3testexecutor/" className="CHG.IdentityProvider.Tests.Controllers.Api.UserApiControllerTests+GetByIdMethod" name="Returns_User_By_Username" />
    </UnitTest>
    <UnitTest name="Returns_Existing_Entry" storage="d:\agents\smith05.01\_work\257\s\tests\chg.identityprovider.tests\bin\release\net9.0\chg.identityprovider.tests.dll" id="d3dfe32c-e99b-dccd-ff0c-be016aecd008">
      <Execution id="527ce8f6-403a-44c1-9268-a61c9d83ceca" />
      <TestMethod codeBase="D:\Agents\smith05.01\_work\257\s\tests\CHG.IdentityProvider.Tests\bin\Release\net9.0\CHG.IdentityProvider.Tests.dll" adapterTypeName="executor://nunit3testexecutor/" className="CHG.IdentityProvider.Tests.Extensions.DistributedCacheExtensionsTests+GetOrCreateWithJsonAsyncMethod" name="Returns_Existing_Entry" />
    </UnitTest>
    <UnitTest name="Returns_Failure_If_Password_Contains_Less_Than_3_Unique_Chars(&quot;ooooo11111&quot;)" storage="d:\agents\smith05.01\_work\257\s\tests\chg.identityprovider.tests\bin\release\net9.0\chg.identityprovider.tests.dll" id="787c326a-e481-1b04-0db0-d7881a1a4541">
      <Execution id="e0aa8ca8-2f78-43ce-a6db-6899914b4c6f" />
      <TestMethod codeBase="D:\Agents\smith05.01\_work\257\s\tests\CHG.IdentityProvider.Tests\bin\Release\net9.0\CHG.IdentityProvider.Tests.dll" adapterTypeName="executor://nunit3testexecutor/" className="CHG.IdentityProvider.Tests.BusinessLogic.Validators.DefaultPasswordValidatorTests+ValidateMethod" name="Returns_Failure_If_Password_Contains_Less_Than_3_Unique_Chars(&quot;ooooo11111&quot;)" />
    </UnitTest>
    <UnitTest name="Return_NotFound_For_Invalid_Scheme" storage="d:\agents\smith05.01\_work\257\s\tests\chg.identityprovider.tests\bin\release\net9.0\chg.identityprovider.tests.dll" id="b5fb2ee5-8b11-1bdf-1101-85b43a4ed131">
      <Execution id="e5c80d7d-94b7-4ac5-a68a-3dea8eff71ae" />
      <TestMethod codeBase="D:\Agents\smith05.01\_work\257\s\tests\CHG.IdentityProvider.Tests\bin\Release\net9.0\CHG.IdentityProvider.Tests.dll" adapterTypeName="executor://nunit3testexecutor/" className="CHG.IdentityProvider.Tests.Controllers.LoginProvidersControllerTest+DetailGetMethod" name="Return_NotFound_For_Invalid_Scheme" />
    </UnitTest>
    <UnitTest name="Caches_Found_ClientId" storage="d:\agents\smith05.01\_work\257\s\tests\chg.identityprovider.tests\bin\release\net9.0\chg.identityprovider.tests.dll" id="6cb5489e-69e9-00a4-11e1-2410d07f0bac">
      <Execution id="1ee4ff7f-e921-4da1-9f28-fd0e81c5935b" />
      <TestMethod codeBase="D:\Agents\smith05.01\_work\257\s\tests\CHG.IdentityProvider.Tests\bin\Release\net9.0\CHG.IdentityProvider.Tests.dll" adapterTypeName="executor://nunit3testexecutor/" className="CHG.IdentityProvider.Tests.BusinessLogic.Services.ClientContextRetrieverTests+GetCurrentClientIdAsyncMethod" name="Caches_Found_ClientId" />
    </UnitTest>
    <UnitTest name="Fails_If_Locking_Is_Not_Enabled_For_The_User" storage="d:\agents\smith05.01\_work\257\s\tests\chg.identityprovider.tests\bin\release\net9.0\chg.identityprovider.tests.dll" id="afd2c513-1d15-6d0a-37da-9689273da5ad">
      <Execution id="d4a37f3c-4efa-416c-8621-c4911d908ab1" />
      <TestMethod codeBase="D:\Agents\smith05.01\_work\257\s\tests\CHG.IdentityProvider.Tests\bin\Release\net9.0\CHG.IdentityProvider.Tests.dll" adapterTypeName="executor://nunit3testexecutor/" className="CHG.IdentityProvider.Tests.BusinessLogic.Services.IdentityServerUserManagerTests+UnlockUserAsyncMethod" name="Fails_If_Locking_Is_Not_Enabled_For_The_User" />
    </UnitTest>
    <UnitTest name="Can_Write_Saml_Data_With_Certificate_With_Header_And_Footer" storage="d:\agents\smith05.01\_work\257\s\tests\chg.identityprovider.tests\bin\release\net9.0\chg.identityprovider.tests.dll" id="38ee7997-55bc-f671-5484-b7237e6f47a6">
      <Execution id="e2359bb4-341e-4824-9162-3233b59407ce" />
      <TestMethod codeBase="D:\Agents\smith05.01\_work\257\s\tests\CHG.IdentityProvider.Tests\bin\Release\net9.0\CHG.IdentityProvider.Tests.dll" adapterTypeName="executor://nunit3testexecutor/" className="CHG.IdentityProvider.Tests.Controllers.LoginProvidersControllerTest+DetailPostMethod" name="Can_Write_Saml_Data_With_Certificate_With_Header_And_Footer" />
    </UnitTest>
    <UnitTest name="Removes_Duplicate_ClaimsIdentity_Claim" storage="d:\agents\smith05.01\_work\257\s\tests\chg.identityprovider.tests\bin\release\net9.0\chg.identityprovider.tests.dll" id="32d006f0-ac45-d318-d8b6-796c988b74e1">
      <Execution id="ba36eeb2-c72f-4578-b2d1-4dc235b11e45" />
      <TestMethod codeBase="D:\Agents\smith05.01\_work\257\s\tests\CHG.IdentityProvider.Tests\bin\Release\net9.0\CHG.IdentityProvider.Tests.dll" adapterTypeName="executor://nunit3testexecutor/" className="CHG.IdentityProvider.Tests.Services.ExtendedProfileServiceTests+GetProfileDataAsyncMethod" name="Removes_Duplicate_ClaimsIdentity_Claim" />
    </UnitTest>
    <UnitTest name="Maps_Properties_Of_Okta_To_A_LoginProvider" storage="d:\agents\smith05.01\_work\257\s\tests\chg.identityprovider.tests\bin\release\net9.0\chg.identityprovider.tests.dll" id="221454b6-4e8e-b6ef-3237-7369eefa5a9f">
      <Execution id="46d908b3-0286-4885-9c48-a5b748d335cc" />
      <TestMethod codeBase="D:\Agents\smith05.01\_work\257\s\tests\CHG.IdentityProvider.Tests\bin\Release\net9.0\CHG.IdentityProvider.Tests.dll" adapterTypeName="executor://nunit3testexecutor/" className="CHG.IdentityProvider.Tests.Mappings.LoginProviderMappingTests" name="Maps_Properties_Of_Okta_To_A_LoginProvider" />
    </UnitTest>
    <UnitTest name="Maps_ExtendedClient_With_ClientType_By_ProtocolType(&quot;SAML2p&quot;,Saml)" storage="d:\agents\smith05.01\_work\257\s\tests\chg.identityprovider.tests\bin\release\net9.0\chg.identityprovider.tests.dll" id="37b73e4a-6063-5e03-fa41-61190b5eed29">
      <Execution id="ed40d9f9-f6c4-428b-96c0-ea911cda7953" />
      <TestMethod codeBase="D:\Agents\smith05.01\_work\257\s\tests\CHG.IdentityProvider.Tests\bin\Release\net9.0\CHG.IdentityProvider.Tests.dll" adapterTypeName="executor://nunit3testexecutor/" className="CHG.IdentityProvider.Tests.Mappings.ImportClientModelMapperTests+MapToExtendedClientMethod" name="Maps_ExtendedClient_With_ClientType_By_ProtocolType(&quot;SAML2p&quot;,Saml)" />
    </UnitTest>
    <UnitTest name="Returns_BadRequest_On_Error" storage="d:\agents\smith05.01\_work\257\s\tests\chg.identityprovider.tests\bin\release\net9.0\chg.identityprovider.tests.dll" id="3dd27072-4e73-dee3-7a60-9f4aeb7be799">
      <Execution id="9031d4a2-3c87-4397-8c04-f48928600306" />
      <TestMethod codeBase="D:\Agents\smith05.01\_work\257\s\tests\CHG.IdentityProvider.Tests\bin\Release\net9.0\CHG.IdentityProvider.Tests.dll" adapterTypeName="executor://nunit3testexecutor/" className="CHG.IdentityProvider.Tests.Controllers.Api.UserApiControllerTests+CreateMethod" name="Returns_BadRequest_On_Error" />
    </UnitTest>
    <UnitTest name="Publishes_UserUnblocked_Event" storage="d:\agents\smith05.01\_work\257\s\tests\chg.identityprovider.tests\bin\release\net9.0\chg.identityprovider.tests.dll" id="58a992cc-6c4a-d2b4-3139-c2b3615f409a">
      <Execution id="8cddf7ef-d5b6-4994-a48a-3d5de85aec07" />
      <TestMethod codeBase="D:\Agents\smith05.01\_work\257\s\tests\CHG.IdentityProvider.Tests\bin\Release\net9.0\CHG.IdentityProvider.Tests.dll" adapterTypeName="executor://nunit3testexecutor/" className="CHG.IdentityProvider.Tests.BusinessLogic.Services.IdentityServerUserManagerTests+SetBlockedMethod" name="Publishes_UserUnblocked_Event" />
    </UnitTest>
    <UnitTest name="Updates_User_EmailVerified" storage="d:\agents\smith05.01\_work\257\s\tests\chg.identityprovider.tests\bin\release\net9.0\chg.identityprovider.tests.dll" id="b4f07b51-7097-c84b-21f8-6c0b2624e279">
      <Execution id="389b6307-b589-4fa1-abf4-3b43a8b88fef" />
      <TestMethod codeBase="D:\Agents\smith05.01\_work\257\s\tests\CHG.IdentityProvider.Tests\bin\Release\net9.0\CHG.IdentityProvider.Tests.dll" adapterTypeName="executor://nunit3testexecutor/" className="CHG.IdentityProvider.Tests.BusinessLogic.Services.UserIdentityEnricherTests+UpdateUserClaimsAsyncMethod" name="Updates_User_EmailVerified" />
    </UnitTest>
    <UnitTest name="Logs_Request_Header_Information" storage="d:\agents\smith05.01\_work\257\s\tests\chg.identityprovider.tests\bin\release\net9.0\chg.identityprovider.tests.dll" id="3588b3d7-443d-eda6-c301-18ea45394493">
      <Execution id="68a2ab3c-77bd-4c77-9915-6dc471a7e62d" />
      <TestMethod codeBase="D:\Agents\smith05.01\_work\257\s\tests\CHG.IdentityProvider.Tests\bin\Release\net9.0\CHG.IdentityProvider.Tests.dll" adapterTypeName="executor://nunit3testexecutor/" className="CHG.IdentityProvider.Tests.Infrastructure.LoggingSetupTests+TheEnrichFromHttpContextMethod" name="Logs_Request_Header_Information" />
    </UnitTest>
    <UnitTest name="Does_Not_Log_Non_Private_IPv6_Addresses(&quot;2001:4860:4860::8888&quot;)" storage="d:\agents\smith05.01\_work\257\s\tests\chg.identityprovider.tests\bin\release\net9.0\chg.identityprovider.tests.dll" id="f0b7926d-7dd6-9e7c-4cd5-66f652f55614">
      <Execution id="7c07f40b-06f3-49ed-8cf1-ef6093c4cab4" />
      <TestMethod codeBase="D:\Agents\smith05.01\_work\257\s\tests\CHG.IdentityProvider.Tests\bin\Release\net9.0\CHG.IdentityProvider.Tests.dll" adapterTypeName="executor://nunit3testexecutor/" className="CHG.IdentityProvider.Tests.Infrastructure.LoggingSetupTests+TheEnrichFromHttpContextMethod" name="Does_Not_Log_Non_Private_IPv6_Addresses(&quot;2001:4860:4860::8888&quot;)" />
    </UnitTest>
    <UnitTest name="Removes_Entry_From_Cache" storage="d:\agents\smith05.01\_work\257\s\tests\chg.identityprovider.tests\bin\release\net9.0\chg.identityprovider.tests.dll" id="38626539-f058-212c-9bac-de2f23196537">
      <Execution id="71926cea-dde1-4b3b-b1ef-e061f279b74d" />
      <TestMethod codeBase="D:\Agents\smith05.01\_work\257\s\tests\CHG.IdentityProvider.Tests\bin\Release\net9.0\CHG.IdentityProvider.Tests.dll" adapterTypeName="executor://nunit3testexecutor/" className="CHG.IdentityProvider.Tests.Services.CachingIdentityProviderLookupTests+ClearCacheMethod" name="Removes_Entry_From_Cache" />
    </UnitTest>
    <UnitTest name="Returns_NotFound_Result_For_Non_Existing_Provider" storage="d:\agents\smith05.01\_work\257\s\tests\chg.identityprovider.tests\bin\release\net9.0\chg.identityprovider.tests.dll" id="2a526286-d4c7-cb07-ba0f-537b8f12a3b5">
      <Execution id="c3edf67a-5027-4b41-bab3-a3bc493ba1c0" />
      <TestMethod codeBase="D:\Agents\smith05.01\_work\257\s\tests\CHG.IdentityProvider.Tests\bin\Release\net9.0\CHG.IdentityProvider.Tests.dll" adapterTypeName="executor://nunit3testexecutor/" className="CHG.IdentityProvider.Tests.Controllers.LoginProvidersControllerTest+ImportSamlMetadataMethod" name="Returns_NotFound_Result_For_Non_Existing_Provider" />
    </UnitTest>
    <UnitTest name="Does_No_Additional_Stuff_If_No_CHG_User" storage="d:\agents\smith05.01\_work\257\s\tests\chg.identityprovider.tests\bin\release\net9.0\chg.identityprovider.tests.dll" id="cb0f7085-8806-9636-8b81-789492ca76ad">
      <Execution id="de065072-398c-4915-94dc-fec08d0c0829" />
      <TestMethod codeBase="D:\Agents\smith05.01\_work\257\s\tests\CHG.IdentityProvider.Tests\bin\Release\net9.0\CHG.IdentityProvider.Tests.dll" adapterTypeName="executor://nunit3testexecutor/" className="CHG.IdentityProvider.Tests.Services.UserCreationServiceTests+CreateAsyncMethod" name="Does_No_Additional_Stuff_If_No_CHG_User" />
    </UnitTest>
    <UnitTest name="Publishes_An_InvitationCompleted_Event" storage="d:\agents\smith05.01\_work\257\s\tests\chg.identityprovider.tests\bin\release\net9.0\chg.identityprovider.tests.dll" id="87641e64-013a-f188-5f0c-d792e7a071bc">
      <Execution id="5b687145-8510-41f0-b040-3829bb41b88a" />
      <TestMethod codeBase="D:\Agents\smith05.01\_work\257\s\tests\CHG.IdentityProvider.Tests\bin\Release\net9.0\CHG.IdentityProvider.Tests.dll" adapterTypeName="executor://nunit3testexecutor/" className="CHG.IdentityProvider.Tests.Controllers.InviteUserControllerTests+CompleteInvitePostAction" name="Publishes_An_InvitationCompleted_Event" />
    </UnitTest>
    <UnitTest name="Creates_CHG_User" storage="d:\agents\smith05.01\_work\257\s\tests\chg.identityprovider.tests\bin\release\net9.0\chg.identityprovider.tests.dll" id="4da7138c-5e1b-e461-72ef-b4d4be6e4650">
      <Execution id="142a65e8-cb62-43a2-b204-6f71533f41f9" />
      <TestMethod codeBase="D:\Agents\smith05.01\_work\257\s\tests\CHG.IdentityProvider.Tests\bin\Release\net9.0\CHG.IdentityProvider.Tests.dll" adapterTypeName="executor://nunit3testexecutor/" className="CHG.IdentityProvider.Tests.Services.UserCreationServiceTests+CreateAsyncMethod" name="Creates_CHG_User" />
    </UnitTest>
    <UnitTest name="Maps_Login_To_Model" storage="d:\agents\smith05.01\_work\257\s\tests\chg.identityprovider.tests\bin\release\net9.0\chg.identityprovider.tests.dll" id="bb8b597c-b592-e58d-717d-2400b7c8e2ff">
      <Execution id="f6ace056-02ba-40eb-8d19-46f1bcf0293c" />
      <TestMethod codeBase="D:\Agents\smith05.01\_work\257\s\tests\CHG.IdentityProvider.Tests\bin\Release\net9.0\CHG.IdentityProvider.Tests.dll" adapterTypeName="executor://nunit3testexecutor/" className="CHG.IdentityProvider.Tests.Mappings.UserMapperTests+MapToUserLoginProviderModelMethod" name="Maps_Login_To_Model" />
    </UnitTest>
    <UnitTest name="Returns_False_When_Max_Attempt_For_Client_IsNot_Reached" storage="d:\agents\smith05.01\_work\257\s\tests\chg.identityprovider.tests\bin\release\net9.0\chg.identityprovider.tests.dll" id="c0fe0fa0-6414-4395-987d-4feb337c599e">
      <Execution id="603d418f-e777-4dba-96d1-56a68475bad4" />
      <TestMethod codeBase="D:\Agents\smith05.01\_work\257\s\tests\CHG.IdentityProvider.Tests\bin\Release\net9.0\CHG.IdentityProvider.Tests.dll" adapterTypeName="executor://nunit3testexecutor/" className="CHG.IdentityProvider.Tests.BusinessLogic.Services.IdentityServerSignInManagerTests+IsSecurityActionForMaxLoginAttemptsRequiredAsyncMethod" name="Returns_False_When_Max_Attempt_For_Client_IsNot_Reached" />
    </UnitTest>
    <UnitTest name="Calls_Provider_With_New_Password" storage="d:\agents\smith05.01\_work\257\s\tests\chg.identityprovider.tests\bin\release\net9.0\chg.identityprovider.tests.dll" id="5320f24d-593d-c9de-aaa2-5c0a337f5bc5">
      <Execution id="18bb3ba4-c09d-43a8-8b9e-5530f698c69b" />
      <TestMethod codeBase="D:\Agents\smith05.01\_work\257\s\tests\CHG.IdentityProvider.Tests\bin\Release\net9.0\CHG.IdentityProvider.Tests.dll" adapterTypeName="executor://nunit3testexecutor/" className="CHG.IdentityProvider.Tests.Controllers.Api.PasswordStrengthApiControllerTests+VerifyPasswordMethod" name="Calls_Provider_With_New_Password" />
    </UnitTest>
    <UnitTest name="Does_Not_Publish_UserEmailChanged_Event_When_Email_Was_Not_Changed" storage="d:\agents\smith05.01\_work\257\s\tests\chg.identityprovider.tests\bin\release\net9.0\chg.identityprovider.tests.dll" id="55b53e34-e4b0-eaeb-2cdc-a1160ea0520d">
      <Execution id="21a1f43f-8f10-47ae-b826-bea8be317a2f" />
      <TestMethod codeBase="D:\Agents\smith05.01\_work\257\s\tests\CHG.IdentityProvider.Tests\bin\Release\net9.0\CHG.IdentityProvider.Tests.dll" adapterTypeName="executor://nunit3testexecutor/" className="CHG.IdentityProvider.Tests.BusinessLogic.Services.IdentityServerUserManagerTests+SetEmailAsync" name="Does_Not_Publish_UserEmailChanged_Event_When_Email_Was_Not_Changed" />
    </UnitTest>
    <UnitTest name="Throws_ArgumentNull_Exception_When_Mapping_Is_Null" storage="d:\agents\smith05.01\_work\257\s\tests\chg.identityprovider.tests\bin\release\net9.0\chg.identityprovider.tests.dll" id="9a17221d-1d65-fd1a-233a-4d92fc3e1829">
      <Execution id="7e60adb6-7292-46ff-85b3-c0be9a8cc9b0" />
      <TestMethod codeBase="D:\Agents\smith05.01\_work\257\s\tests\CHG.IdentityProvider.Tests\bin\Release\net9.0\CHG.IdentityProvider.Tests.dll" adapterTypeName="executor://nunit3testexecutor/" className="CHG.IdentityProvider.Tests.Services.WsFederation.ExtendedWsFederationClaimsServiceTests+MapToWsFederationClaimsMethod" name="Throws_ArgumentNull_Exception_When_Mapping_Is_Null" />
    </UnitTest>
    <UnitTest name="Maps_Scope_Information_Properly" storage="d:\agents\smith05.01\_work\257\s\tests\chg.identityprovider.tests\bin\release\net9.0\chg.identityprovider.tests.dll" id="5b103e08-15fa-7f86-8dbe-2f08fcc0335c">
      <Execution id="7b460d85-efd4-4dbf-b643-fee088fa142a" />
      <TestMethod codeBase="D:\Agents\smith05.01\_work\257\s\tests\CHG.IdentityProvider.Tests\bin\Release\net9.0\CHG.IdentityProvider.Tests.dll" adapterTypeName="executor://nunit3testexecutor/" className="CHG.IdentityProvider.Tests.Mappings.ImportApiScopeMapperTests" name="Maps_Scope_Information_Properly" />
    </UnitTest>
    <UnitTest name="Throws_ArgumentNull_Exception_When_Inner_Is_Null" storage="d:\agents\smith05.01\_work\257\s\tests\chg.identityprovider.tests\bin\release\net9.0\chg.identityprovider.tests.dll" id="dc54bb54-da07-33bf-a843-a759e90bfa3f">
      <Execution id="d2cbd6b9-5fdb-42b2-9445-a69baf57c9a3" />
      <TestMethod codeBase="D:\Agents\smith05.01\_work\257\s\tests\CHG.IdentityProvider.Tests\bin\Release\net9.0\CHG.IdentityProvider.Tests.dll" adapterTypeName="executor://nunit3testexecutor/" className="CHG.IdentityProvider.Tests.Services.Saml.ExtendedSamlClaimsServiceTests+CtorMethod" name="Throws_ArgumentNull_Exception_When_Inner_Is_Null" />
    </UnitTest>
    <UnitTest name="Returns_Personal_Data" storage="d:\agents\smith05.01\_work\257\s\tests\chg.identityprovider.tests\bin\release\net9.0\chg.identityprovider.tests.dll" id="2413d296-e8de-d75c-2238-84b49e2018f2">
      <Execution id="7973bb20-ff6c-462d-9baf-84638c5f4a07" />
      <TestMethod codeBase="D:\Agents\smith05.01\_work\257\s\tests\CHG.IdentityProvider.Tests\bin\Release\net9.0\CHG.IdentityProvider.Tests.dll" adapterTypeName="executor://nunit3testexecutor/" className="CHG.IdentityProvider.Tests.Controllers.ManageControllerTests+DownloadPersonalDataMethod" name="Returns_Personal_Data" />
    </UnitTest>
    <UnitTest name="Returns_Not_Found_If_Invalid_ClientId_Given" storage="d:\agents\smith05.01\_work\257\s\tests\chg.identityprovider.tests\bin\release\net9.0\chg.identityprovider.tests.dll" id="a4718197-c0ed-6fe8-0a56-f4edd2a40670">
      <Execution id="c37b583e-a339-4926-b7de-efaeaf7a200f" />
      <TestMethod codeBase="D:\Agents\smith05.01\_work\257\s\tests\CHG.IdentityProvider.Tests\bin\Release\net9.0\CHG.IdentityProvider.Tests.dll" adapterTypeName="executor://nunit3testexecutor/" className="CHG.IdentityProvider.Tests.Controllers.MaintenanceControllerTests+ClientDetailMethod" name="Returns_Not_Found_If_Invalid_ClientId_Given" />
    </UnitTest>
    <UnitTest name="Returns_Correct_Type(&quot;Mozilla/5.0 (Windows NT 10.0; Win64; x64) AppleWebKit/537.36 (KHTML, like Gecko) Chrome/110.0.0.0 Safari/537.36 Edg/110.0.0.0&quot;,Edge)" storage="d:\agents\smith05.01\_work\257\s\tests\chg.identityprovider.tests\bin\release\net9.0\chg.identityprovider.tests.dll" id="8b26ef37-9d32-6bc0-603a-6e2dd2665dce">
      <Execution id="89cf0596-9fd3-402c-8ef1-4b2b6f44cc61" />
      <TestMethod codeBase="D:\Agents\smith05.01\_work\257\s\tests\CHG.IdentityProvider.Tests\bin\Release\net9.0\CHG.IdentityProvider.Tests.dll" adapterTypeName="executor://nunit3testexecutor/" className="CHG.IdentityProvider.Tests.Services.BrowserDetectorTests+GetBrowserTypeMethod" name="Returns_Correct_Type(&quot;Mozilla/5.0 (Windows NT 10.0; Win64; x64) AppleWebKit/537.36 (KHTML, like Gecko) Chrome/110.0.0.0 Safari/537.36 Edg/110.0.0.0&quot;,Edge)" />
    </UnitTest>
    <UnitTest name="Concats_The_Events_Path_And_Filters_To_The_Test_Run_Id(&quot;https://someBaseUrl//&quot;)" storage="d:\agents\smith05.01\_work\257\s\tests\chg.identityprovider.tests\bin\release\net9.0\chg.identityprovider.tests.dll" id="631be063-dc2c-21be-7330-fe3ecfc31b95">
      <Execution id="76cd3f6f-5852-4919-bf17-7585e3859cef" />
      <TestMethod codeBase="D:\Agents\smith05.01\_work\257\s\tests\CHG.IdentityProvider.Tests\bin\Release\net9.0\CHG.IdentityProvider.Tests.dll" adapterTypeName="executor://nunit3testexecutor/" className="CHG.IdentityProvider.Tests.Services.LoginProviderTestLogTests+GetLogServerUrlMethod" name="Concats_The_Events_Path_And_Filters_To_The_Test_Run_Id(&quot;https://someBaseUrl//&quot;)" />
    </UnitTest>
    <UnitTest name="Returns_False_For_Call_Without_Api_Prefix" storage="d:\agents\smith05.01\_work\257\s\tests\chg.identityprovider.tests\bin\release\net9.0\chg.identityprovider.tests.dll" id="8326db32-7898-264f-6e23-c786cfa09fff">
      <Execution id="52bf97f1-b7d5-4437-9d0c-a5c694df23aa" />
      <TestMethod codeBase="D:\Agents\smith05.01\_work\257\s\tests\CHG.IdentityProvider.Tests\bin\Release\net9.0\CHG.IdentityProvider.Tests.dll" adapterTypeName="executor://nunit3testexecutor/" className="CHG.IdentityProvider.Tests.HttpContextExtensionsTests+IsSamlCallMethod" name="Returns_False_For_Call_Without_Api_Prefix" />
    </UnitTest>
    <UnitTest name="Returns_Correct_Type(&quot;Mozilla/5.0 (iPad; CPU iPhone OS 13_2_3 like Mac OS X) AppleWebKit/605.1.15 (KHTML, like Gecko) Version/13.0.3 Mobile/15E148 Safari/604.1&quot;,Safari)" storage="d:\agents\smith05.01\_work\257\s\tests\chg.identityprovider.tests\bin\release\net9.0\chg.identityprovider.tests.dll" id="14a30491-414b-edbb-1267-b52f1054f684">
      <Execution id="af5686f0-34df-487f-bbb1-b2d58ba86b5e" />
      <TestMethod codeBase="D:\Agents\smith05.01\_work\257\s\tests\CHG.IdentityProvider.Tests\bin\Release\net9.0\CHG.IdentityProvider.Tests.dll" adapterTypeName="executor://nunit3testexecutor/" className="CHG.IdentityProvider.Tests.Services.BrowserDetectorTests+GetBrowserTypeMethod" name="Returns_Correct_Type(&quot;Mozilla/5.0 (iPad; CPU iPhone OS 13_2_3 like Mac OS X) AppleWebKit/605.1.15 (KHTML, like Gecko) Version/13.0.3 Mobile/15E148 Safari/604.1&quot;,Safari)" />
    </UnitTest>
    <UnitTest name="Redirects_To_External_Challenge_When_External_Login_Only" storage="d:\agents\smith05.01\_work\257\s\tests\chg.identityprovider.tests\bin\release\net9.0\chg.identityprovider.tests.dll" id="a7b6efdc-405d-3ccf-a8a1-925ed14ae644">
      <Execution id="4c6228c4-4734-443f-962a-5b30a679f089" />
      <TestMethod codeBase="D:\Agents\smith05.01\_work\257\s\tests\CHG.IdentityProvider.Tests\bin\Release\net9.0\CHG.IdentityProvider.Tests.dll" adapterTypeName="executor://nunit3testexecutor/" className="CHG.IdentityProvider.Tests.Controllers.AccountControllerTests+LoginGetAction" name="Redirects_To_External_Challenge_When_External_Login_Only" />
    </UnitTest>
    <UnitTest name="Finds_User_By_Username" storage="d:\agents\smith05.01\_work\257\s\tests\chg.identityprovider.tests\bin\release\net9.0\chg.identityprovider.tests.dll" id="7896aa51-e4b3-d499-7aa7-02fe33adefe5">
      <Execution id="b2434a87-2439-42ad-bdf7-143c54a26c8d" />
      <TestMethod codeBase="D:\Agents\smith05.01\_work\257\s\tests\CHG.IdentityProvider.Tests\bin\Release\net9.0\CHG.IdentityProvider.Tests.dll" adapterTypeName="executor://nunit3testexecutor/" className="CHG.IdentityProvider.Tests.Controllers.Api.UserApiControllerTests+DeleteMethod" name="Finds_User_By_Username" />
    </UnitTest>
    <UnitTest name="Calls_Default_Oidc_Configuration_With_Modern_Uris" storage="d:\agents\smith05.01\_work\257\s\tests\chg.identityprovider.tests\bin\release\net9.0\chg.identityprovider.tests.dll" id="07ce4265-7d44-aa22-e9c2-ea4d3c2a3194">
      <Execution id="6632e042-3c89-468f-aea8-cdd359783b14" />
      <TestMethod codeBase="D:\Agents\smith05.01\_work\257\s\tests\CHG.IdentityProvider.Tests\bin\Release\net9.0\CHG.IdentityProvider.Tests.dll" adapterTypeName="executor://nunit3testexecutor/" className="CHG.IdentityProvider.Tests.LoginProviders.Configuration.CustomOidcConfigureOptionsTests+ConfigureMethod" name="Calls_Default_Oidc_Configuration_With_Modern_Uris" />
    </UnitTest>
    <UnitTest name="Returns_Success_If_Password_Contains_More_Than_2_Unique_Chars" storage="d:\agents\smith05.01\_work\257\s\tests\chg.identityprovider.tests\bin\release\net9.0\chg.identityprovider.tests.dll" id="2cb776c1-af1b-8fb4-1dd8-27e74c603601">
      <Execution id="e45c0c62-b58d-4098-ab1f-67ecf2598c95" />
      <TestMethod codeBase="D:\Agents\smith05.01\_work\257\s\tests\CHG.IdentityProvider.Tests\bin\Release\net9.0\CHG.IdentityProvider.Tests.dll" adapterTypeName="executor://nunit3testexecutor/" className="CHG.IdentityProvider.Tests.BusinessLogic.Validators.DefaultPasswordValidatorTests+ValidateMethod" name="Returns_Success_If_Password_Contains_More_Than_2_Unique_Chars" />
    </UnitTest>
    <UnitTest name="Calls_CookieManager" storage="d:\agents\smith05.01\_work\257\s\tests\chg.identityprovider.tests\bin\release\net9.0\chg.identityprovider.tests.dll" id="8a6384e8-0380-40b5-3cca-f49e615b1677">
      <Execution id="500fd96b-15e9-4afb-9d36-623c7ecb7790" />
      <TestMethod codeBase="D:\Agents\smith05.01\_work\257\s\tests\CHG.IdentityProvider.Tests\bin\Release\net9.0\CHG.IdentityProvider.Tests.dll" adapterTypeName="executor://nunit3testexecutor/" className="CHG.IdentityProvider.Tests.Services.Saml.ChunkedCookieSamlCorrelationStoreTests+RemoveMethod" name="Calls_CookieManager" />
    </UnitTest>
    <UnitTest name="Returns_Increments(3)" storage="d:\agents\smith05.01\_work\257\s\tests\chg.identityprovider.tests\bin\release\net9.0\chg.identityprovider.tests.dll" id="710ab5c8-9ecf-bf55-a3aa-8dcd20601990">
      <Execution id="7b69922c-28e3-43c6-9bc9-cc6b8f884b27" />
      <TestMethod codeBase="D:\Agents\smith05.01\_work\257\s\tests\CHG.IdentityProvider.Tests\bin\Release\net9.0\CHG.IdentityProvider.Tests.dll" adapterTypeName="executor://nunit3testexecutor/" className="CHG.IdentityProvider.Tests.Services.BlockedUserLoginsServiceTests+BlockUserLoginMethod" name="Returns_Increments(3)" />
    </UnitTest>
    <UnitTest name="Throws_Exception_If_Options_Is_Null" storage="d:\agents\smith05.01\_work\257\s\tests\chg.identityprovider.tests\bin\release\net9.0\chg.identityprovider.tests.dll" id="f5e82a94-590e-211a-486f-cc7e73b9fc19">
      <Execution id="fe49445d-c2f0-4f31-951f-5f9f5e752974" />
      <TestMethod codeBase="D:\Agents\smith05.01\_work\257\s\tests\CHG.IdentityProvider.Tests\bin\Release\net9.0\CHG.IdentityProvider.Tests.dll" adapterTypeName="executor://nunit3testexecutor/" className="CHG.IdentityProvider.Tests.Services.Saml.ChunkedCookieSamlCorrelationStoreTests+RemoveMethod" name="Throws_Exception_If_Options_Is_Null" />
    </UnitTest>
    <UnitTest name="Calls_Api_Url" storage="d:\agents\smith05.01\_work\257\s\tests\chg.identityprovider.tests\bin\release\net9.0\chg.identityprovider.tests.dll" id="c11f4419-b2f9-7b02-e49a-7ff752aa5d2c">
      <Execution id="236dfec2-41c5-468d-b38d-a4dd24b70f19" />
      <TestMethod codeBase="D:\Agents\smith05.01\_work\257\s\tests\CHG.IdentityProvider.Tests\bin\Release\net9.0\CHG.IdentityProvider.Tests.dll" adapterTypeName="executor://nunit3testexecutor/" className="CHG.IdentityProvider.Tests.Infrastructure.PasswordBlacklistOnlineServiceProviderTests+IsPasswordListedAsyncMethod" name="Calls_Api_Url" />
    </UnitTest>
    <UnitTest name="Calls_Next" storage="d:\agents\smith05.01\_work\257\s\tests\chg.identityprovider.tests\bin\release\net9.0\chg.identityprovider.tests.dll" id="1f6ab7c3-730d-da30-47be-297fd07fd2cd">
      <Execution id="ca97bb83-2935-400f-9613-ef508e6302b5" />
      <TestMethod codeBase="D:\Agents\smith05.01\_work\257\s\tests\CHG.IdentityProvider.Tests\bin\Release\net9.0\CHG.IdentityProvider.Tests.dll" adapterTypeName="executor://nunit3testexecutor/" className="CHG.IdentityProvider.Tests.Middleware.MaliciousRequestsDetectionMiddlewareTests+InvokeMethod" name="Calls_Next" />
    </UnitTest>
    <UnitTest name="Use_Fallback_When_SenderType_Fails_Sending" storage="d:\agents\smith05.01\_work\257\s\tests\chg.identityprovider.tests\bin\release\net9.0\chg.identityprovider.tests.dll" id="5edd3f91-b3d1-6853-b4fc-0a51cb8a4294">
      <Execution id="40833716-baf1-488f-b013-dfeeb27a46bd" />
      <TestMethod codeBase="D:\Agents\smith05.01\_work\257\s\tests\CHG.IdentityProvider.Tests\bin\Release\net9.0\CHG.IdentityProvider.Tests.dll" adapterTypeName="executor://nunit3testexecutor/" className="CHG.IdentityProvider.Tests.BusinessLogic.Services.UserNotificationSenderDispatcherTests+SendAccountLockedLinkAsyncMethod" name="Use_Fallback_When_SenderType_Fails_Sending" />
    </UnitTest>
    <UnitTest name="Not_Valid_For_Invalid_AzureProvider_Missing_Instance" storage="d:\agents\smith05.01\_work\257\s\tests\chg.identityprovider.tests\bin\release\net9.0\chg.identityprovider.tests.dll" id="5ec0e2e9-7e79-16b0-2c50-8da35ab7ede3">
      <Execution id="794303fd-5e61-4128-af8f-eff59e5b73be" />
      <TestMethod codeBase="D:\Agents\smith05.01\_work\257\s\tests\CHG.IdentityProvider.Tests\bin\Release\net9.0\CHG.IdentityProvider.Tests.dll" adapterTypeName="executor://nunit3testexecutor/" className="CHG.IdentityProvider.Tests.LoginProviders.CustomIdentityProviderConfigurationValidatorTests+ValidateAsyncMethod" name="Not_Valid_For_Invalid_AzureProvider_Missing_Instance" />
    </UnitTest>
    <UnitTest name="Unsets_Blocked_Flag(False)" storage="d:\agents\smith05.01\_work\257\s\tests\chg.identityprovider.tests\bin\release\net9.0\chg.identityprovider.tests.dll" id="3bc2d8b1-ec66-54f7-c237-586544ed4370">
      <Execution id="3b289c2e-b832-485f-9854-24f370a0a520" />
      <TestMethod codeBase="D:\Agents\smith05.01\_work\257\s\tests\CHG.IdentityProvider.Tests\bin\Release\net9.0\CHG.IdentityProvider.Tests.dll" adapterTypeName="executor://nunit3testexecutor/" className="CHG.IdentityProvider.Tests.BusinessLogic.Services.IdentityServerUserManagerTests+SetBlockedMethod" name="Unsets_Blocked_Flag(False)" />
    </UnitTest>
    <UnitTest name="Gets_MVC_Client_By_Client_Id_Post_Form_Parameter" storage="d:\agents\smith05.01\_work\257\s\tests\chg.identityprovider.tests\bin\release\net9.0\chg.identityprovider.tests.dll" id="36c0c805-152f-22d3-4088-e769f75caaec">
      <Execution id="5cceec04-df73-4c48-bd56-837d7ea0a7ee" />
      <TestMethod codeBase="D:\Agents\smith05.01\_work\257\s\tests\CHG.IdentityProvider.Tests\bin\Release\net9.0\CHG.IdentityProvider.Tests.dll" adapterTypeName="executor://nunit3testexecutor/" className="CHG.IdentityProvider.Tests.BusinessLogic.Services.ClientContextRetrieverTests+GetCurrentClientCustomizationAsyncMethod" name="Gets_MVC_Client_By_Client_Id_Post_Form_Parameter" />
    </UnitTest>
    <UnitTest name="Not_Valid_For_Invalid_AzureProvider_Missing_ClientId" storage="d:\agents\smith05.01\_work\257\s\tests\chg.identityprovider.tests\bin\release\net9.0\chg.identityprovider.tests.dll" id="61b225f0-a0ab-c680-2dcf-bbe86d9118a0">
      <Execution id="744c1a66-083d-4910-845e-93a89fbf14c5" />
      <TestMethod codeBase="D:\Agents\smith05.01\_work\257\s\tests\CHG.IdentityProvider.Tests\bin\Release\net9.0\CHG.IdentityProvider.Tests.dll" adapterTypeName="executor://nunit3testexecutor/" className="CHG.IdentityProvider.Tests.LoginProviders.CustomIdentityProviderConfigurationValidatorTests+ValidateAsyncMethod" name="Not_Valid_For_Invalid_AzureProvider_Missing_ClientId" />
    </UnitTest>
    <UnitTest name="Throws_UnrecoverableException_When_Azure_UPN_Is_Missing" storage="d:\agents\smith05.01\_work\257\s\tests\chg.identityprovider.tests\bin\release\net9.0\chg.identityprovider.tests.dll" id="bdc069a5-84eb-1bd7-adc7-1804e0ae236b">
      <Execution id="b94bac33-52e7-47a7-98fb-74335603ea5f" />
      <TestMethod codeBase="D:\Agents\smith05.01\_work\257\s\tests\CHG.IdentityProvider.Tests\bin\Release\net9.0\CHG.IdentityProvider.Tests.dll" adapterTypeName="executor://nunit3testexecutor/" className="CHG.IdentityProvider.Tests.Services.UserCreationServiceTests+CreateChgUserAsyncMethod" name="Throws_UnrecoverableException_When_Azure_UPN_Is_Missing" />
    </UnitTest>
    <UnitTest name="Removes_Duplicate_EmailVerified_Claim" storage="d:\agents\smith05.01\_work\257\s\tests\chg.identityprovider.tests\bin\release\net9.0\chg.identityprovider.tests.dll" id="ddc3d7ce-b30a-ef38-5c38-217b2ca0bb53">
      <Execution id="f0644f53-3603-4402-aa4f-0e181c83ca22" />
      <TestMethod codeBase="D:\Agents\smith05.01\_work\257\s\tests\CHG.IdentityProvider.Tests\bin\Release\net9.0\CHG.IdentityProvider.Tests.dll" adapterTypeName="executor://nunit3testexecutor/" className="CHG.IdentityProvider.Tests.Services.ExtendedProfileServiceTests+GetProfileDataAsyncMethod" name="Removes_Duplicate_EmailVerified_Claim" />
    </UnitTest>
    <UnitTest name="Returns_Default_Value_For_Failed_AsyncOperation" storage="d:\agents\smith05.01\_work\257\s\tests\chg.identityprovider.tests\bin\release\net9.0\chg.identityprovider.tests.dll" id="4e006f18-4d0f-2a33-a46a-8c41502e2eb1">
      <Execution id="f959c35e-e26f-45b6-afc3-ee5b70c8154a" />
      <TestMethod codeBase="D:\Agents\smith05.01\_work\257\s\tests\CHG.IdentityProvider.Tests\bin\Release\net9.0\CHG.IdentityProvider.Tests.dll" adapterTypeName="executor://nunit3testexecutor/" className="CHG.IdentityProvider.Tests.BusinessLogic.LanguageUtilsTests+IgnoreErrorsMethod" name="Returns_Default_Value_For_Failed_AsyncOperation" />
    </UnitTest>
    <UnitTest name="DoesNot_Throw_Exception_When_User_Is_Null" storage="d:\agents\smith05.01\_work\257\s\tests\chg.identityprovider.tests\bin\release\net9.0\chg.identityprovider.tests.dll" id="97b0e128-c9d9-7d11-8f80-761f9894f1f3">
      <Execution id="9dc7816b-bb7f-4653-ba13-c8b7b4981e4a" />
      <TestMethod codeBase="D:\Agents\smith05.01\_work\257\s\tests\CHG.IdentityProvider.Tests\bin\Release\net9.0\CHG.IdentityProvider.Tests.dll" adapterTypeName="executor://nunit3testexecutor/" className="CHG.IdentityProvider.Tests.BusinessLogic.Validators.MaxLengthPasswordValidatorTests+ValidateMethod" name="DoesNot_Throw_Exception_When_User_Is_Null" />
    </UnitTest>
    <UnitTest name="Returns_Create_View" storage="d:\agents\smith05.01\_work\257\s\tests\chg.identityprovider.tests\bin\release\net9.0\chg.identityprovider.tests.dll" id="08d2486b-4c5b-facc-fc2d-c8930da11e8e">
      <Execution id="207f420d-60b8-430d-a2f7-266131a9dd5b" />
      <TestMethod codeBase="D:\Agents\smith05.01\_work\257\s\tests\CHG.IdentityProvider.Tests\bin\Release\net9.0\CHG.IdentityProvider.Tests.dll" adapterTypeName="executor://nunit3testexecutor/" className="CHG.IdentityProvider.Tests.Controllers.LoginProvidersControllerTest+CreateMethod" name="Returns_Create_View" />
    </UnitTest>
    <UnitTest name="Saves_Provider_With_Updated_Data" storage="d:\agents\smith05.01\_work\257\s\tests\chg.identityprovider.tests\bin\release\net9.0\chg.identityprovider.tests.dll" id="621dee1f-1146-570d-8783-7bf12efa8195">
      <Execution id="1dc09e1e-035d-40dc-82e7-5fd58c969144" />
      <TestMethod codeBase="D:\Agents\smith05.01\_work\257\s\tests\CHG.IdentityProvider.Tests\bin\Release\net9.0\CHG.IdentityProvider.Tests.dll" adapterTypeName="executor://nunit3testexecutor/" className="CHG.IdentityProvider.Tests.Controllers.LoginProvidersControllerTest+DetailPostMethod" name="Saves_Provider_With_Updated_Data" />
    </UnitTest>
    <UnitTest name="Configures_DbContext" storage="d:\agents\smith05.01\_work\257\s\tests\chg.identityprovider.tests\bin\release\net9.0\chg.identityprovider.tests.dll" id="9e299918-6fe1-3e11-0195-a85707b196f2">
      <Execution id="81634521-656f-4f8d-9c76-60ac53b2a9e6" />
      <TestMethod codeBase="D:\Agents\smith05.01\_work\257\s\tests\CHG.IdentityProvider.Tests\bin\Release\net9.0\CHG.IdentityProvider.Tests.dll" adapterTypeName="executor://nunit3testexecutor/" className="CHG.IdentityProvider.Tests.Infrastructure.DataImportDatabaseConfigurerTests+ConfigureDbContextMethod" name="Configures_DbContext" />
    </UnitTest>
    <UnitTest name="Returns_ResponseText_For_Bad_Word(&quot;/Account/Login?ReturnUrl=-5281%20UNION%20ALL%20SELECT%2063%2C63%2C63%2C63%2C63%2C63%2C63%2C63%2C63%2C63%23&quot;)" storage="d:\agents\smith05.01\_work\257\s\tests\chg.identityprovider.tests\bin\release\net9.0\chg.identityprovider.tests.dll" id="ab0a3840-25ad-a36f-bf99-248d995cfec7">
      <Execution id="0f4e8715-207b-45ff-9109-5dc06fdf0c9c" />
      <TestMethod codeBase="D:\Agents\smith05.01\_work\257\s\tests\CHG.IdentityProvider.Tests\bin\Release\net9.0\CHG.IdentityProvider.Tests.dll" adapterTypeName="executor://nunit3testexecutor/" className="CHG.IdentityProvider.Tests.Middleware.MaliciousRequestsDetectionMiddlewareTests+InvokeMethod" name="Returns_ResponseText_For_Bad_Word(&quot;/Account/Login?ReturnUrl=-5281%20UNION%20ALL%20SELECT%2063%2C63%2C63%2C63%2C63%2C63%2C63%2C63%2C63%2C63%23&quot;)" />
    </UnitTest>
    <UnitTest name="Calls_Inner_Service" storage="d:\agents\smith05.01\_work\257\s\tests\chg.identityprovider.tests\bin\release\net9.0\chg.identityprovider.tests.dll" id="be755881-249e-5ec2-52ba-05be5d321b6a">
      <Execution id="9180dac9-60d3-4cb2-a703-62528696e235" />
      <TestMethod codeBase="D:\Agents\smith05.01\_work\257\s\tests\CHG.IdentityProvider.Tests\bin\Release\net9.0\CHG.IdentityProvider.Tests.dll" adapterTypeName="executor://nunit3testexecutor/" className="CHG.IdentityProvider.Tests.Services.WsFederation.ExtendedWsFederationClaimsServiceTests+MapToWsFederationClaimsMethod" name="Calls_Inner_Service" />
    </UnitTest>
    <UnitTest name="Returns_Information_For_AzureAD_With_Legacy_Uris" storage="d:\agents\smith05.01\_work\257\s\tests\chg.identityprovider.tests\bin\release\net9.0\chg.identityprovider.tests.dll" id="0dc29b05-4d7f-373b-fe90-4f39349acdf9">
      <Execution id="4a5f67af-3d0b-48f2-8eec-11842cc08442" />
      <TestMethod codeBase="D:\Agents\smith05.01\_work\257\s\tests\CHG.IdentityProvider.Tests\bin\Release\net9.0\CHG.IdentityProvider.Tests.dll" adapterTypeName="executor://nunit3testexecutor/" className="CHG.IdentityProvider.Tests.Services.IdentityProviderServiceTests+GetConnectionInformationMethod" name="Returns_Information_For_AzureAD_With_Legacy_Uris" />
    </UnitTest>
    <UnitTest name="Returns_True_For_Valid_Email(&quot;first.last@test.co.uk&quot;)" storage="d:\agents\smith05.01\_work\257\s\tests\chg.identityprovider.tests\bin\release\net9.0\chg.identityprovider.tests.dll" id="1c063da4-1677-5544-9354-0ebdfcc3d3e4">
      <Execution id="22b8ade3-1cdd-46e3-8ab7-58c1002c736c" />
      <TestMethod codeBase="D:\Agents\smith05.01\_work\257\s\tests\CHG.IdentityProvider.Tests\bin\Release\net9.0\CHG.IdentityProvider.Tests.dll" adapterTypeName="executor://nunit3testexecutor/" className="CHG.IdentityProvider.Tests.Extensions.EmailUtilsTests+IsValidEmailMethod" name="Returns_True_For_Valid_Email(&quot;first.last@test.co.uk&quot;)" />
    </UnitTest>
    <UnitTest name="Returns_Result_From_Inner_Service" storage="d:\agents\smith05.01\_work\257\s\tests\chg.identityprovider.tests\bin\release\net9.0\chg.identityprovider.tests.dll" id="dee73c4c-849d-0460-3bfb-b37cb0f785e6">
      <Execution id="bdcd85c0-568a-48ba-83a2-1f966805c6e8" />
      <TestMethod codeBase="D:\Agents\smith05.01\_work\257\s\tests\CHG.IdentityProvider.Tests\bin\Release\net9.0\CHG.IdentityProvider.Tests.dll" adapterTypeName="executor://nunit3testexecutor/" className="CHG.IdentityProvider.Tests.Services.WsFederation.ExtendedWsFederationClaimsServiceTests+GetUserClaimsMethod" name="Returns_Result_From_Inner_Service" />
    </UnitTest>
    <UnitTest name="Concats_The_Events_Path_And_Filters_To_The_Test_Run_Id(&quot;https://someBaseUrl&quot;)" storage="d:\agents\smith05.01\_work\257\s\tests\chg.identityprovider.tests\bin\release\net9.0\chg.identityprovider.tests.dll" id="b83c1796-3375-6ecf-222d-fea7fb5a1b9f">
      <Execution id="64fa5df3-2823-40bf-bd52-67dc45ee2f56" />
      <TestMethod codeBase="D:\Agents\smith05.01\_work\257\s\tests\CHG.IdentityProvider.Tests\bin\Release\net9.0\CHG.IdentityProvider.Tests.dll" adapterTypeName="executor://nunit3testexecutor/" className="CHG.IdentityProvider.Tests.Services.LoginProviderTestLogTests+GetLogServerUrlMethod" name="Concats_The_Events_Path_And_Filters_To_The_Test_Run_Id(&quot;https://someBaseUrl&quot;)" />
    </UnitTest>
    <UnitTest name="Use_Last_Configured_Period" storage="d:\agents\smith05.01\_work\257\s\tests\chg.identityprovider.tests\bin\release\net9.0\chg.identityprovider.tests.dll" id="b32b87f6-ecde-df3e-10e8-19bda261fd40">
      <Execution id="ccb20895-f4c0-4a0e-8c7d-1779e1e4b36f" />
      <TestMethod codeBase="D:\Agents\smith05.01\_work\257\s\tests\CHG.IdentityProvider.Tests\bin\Release\net9.0\CHG.IdentityProvider.Tests.dll" adapterTypeName="executor://nunit3testexecutor/" className="CHG.IdentityProvider.Tests.Services.BlockedUserLoginsServiceTests+BlockUserLoginMethod" name="Use_Last_Configured_Period" />
    </UnitTest>
    <UnitTest name="Returns_SamlModel" storage="d:\agents\smith05.01\_work\257\s\tests\chg.identityprovider.tests\bin\release\net9.0\chg.identityprovider.tests.dll" id="ae7ae084-9242-af44-0ff8-66c577731451">
      <Execution id="814a2068-dfdb-47d4-ae42-b24a66fae4e5" />
      <TestMethod codeBase="D:\Agents\smith05.01\_work\257\s\tests\CHG.IdentityProvider.Tests\bin\Release\net9.0\CHG.IdentityProvider.Tests.dll" adapterTypeName="executor://nunit3testexecutor/" className="CHG.IdentityProvider.Tests.LoginProviders.LoginProviderMapperTests+MapToLoginProviderModelMethod" name="Returns_SamlModel" />
    </UnitTest>
    <UnitTest name="Creates_New_User_From_Azure_Without_Email" storage="d:\agents\smith05.01\_work\257\s\tests\chg.identityprovider.tests\bin\release\net9.0\chg.identityprovider.tests.dll" id="ea6e27b6-c3ea-4031-85e6-492d2f08b8a2">
      <Execution id="b6e04ae9-863e-4021-8cd8-4c4bfb2fd699" />
      <TestMethod codeBase="D:\Agents\smith05.01\_work\257\s\tests\CHG.IdentityProvider.Tests\bin\Release\net9.0\CHG.IdentityProvider.Tests.dll" adapterTypeName="executor://nunit3testexecutor/" className="CHG.IdentityProvider.Tests.Controllers.ExternalControllerTests+CallbackMethod" name="Creates_New_User_From_Azure_Without_Email" />
    </UnitTest>
    <UnitTest name="Does_Not_Redirect_To_External_Challenge_When_External_Login_Only_Because_Error_Occurred" storage="d:\agents\smith05.01\_work\257\s\tests\chg.identityprovider.tests\bin\release\net9.0\chg.identityprovider.tests.dll" id="2509055a-c9d6-06b6-a5cf-b861ef1f3703">
      <Execution id="cc7abc1e-bb40-4d5f-b8d2-884660569c76" />
      <TestMethod codeBase="D:\Agents\smith05.01\_work\257\s\tests\CHG.IdentityProvider.Tests\bin\Release\net9.0\CHG.IdentityProvider.Tests.dll" adapterTypeName="executor://nunit3testexecutor/" className="CHG.IdentityProvider.Tests.Controllers.AccountControllerTests+LoginGetAction" name="Does_Not_Redirect_To_External_Challenge_When_External_Login_Only_Because_Error_Occurred" />
    </UnitTest>
    <UnitTest name="Returns_Already_Expired_LoginProviders" storage="d:\agents\smith05.01\_work\257\s\tests\chg.identityprovider.tests\bin\release\net9.0\chg.identityprovider.tests.dll" id="3496207b-1ea5-64f6-ae71-a4f0a3d5e4f7">
      <Execution id="0ac15fd1-22ec-4aaf-a0b0-432ca6046afc" />
      <TestMethod codeBase="D:\Agents\smith05.01\_work\257\s\tests\CHG.IdentityProvider.Tests\bin\Release\net9.0\CHG.IdentityProvider.Tests.dll" adapterTypeName="executor://nunit3testexecutor/" className="CHG.IdentityProvider.Tests.Services.LoginProviderExpirationCheckTests+GetLoginProvidersWithNearlyExpiredClientSecretsMethod" name="Returns_Already_Expired_LoginProviders" />
    </UnitTest>
    <UnitTest name="Returns_Function_Result_For_Successful_Operation" storage="d:\agents\smith05.01\_work\257\s\tests\chg.identityprovider.tests\bin\release\net9.0\chg.identityprovider.tests.dll" id="0b6bd3f3-61cb-be0c-dabf-1be82d95b588">
      <Execution id="e11e8784-7b09-4254-bffd-144e4a870a4c" />
      <TestMethod codeBase="D:\Agents\smith05.01\_work\257\s\tests\CHG.IdentityProvider.Tests\bin\Release\net9.0\CHG.IdentityProvider.Tests.dll" adapterTypeName="executor://nunit3testexecutor/" className="CHG.IdentityProvider.Tests.BusinessLogic.LanguageUtilsTests+IgnoreErrorsMethod" name="Returns_Function_Result_For_Successful_Operation" />
    </UnitTest>
    <UnitTest name="Calls_Next(&quot;https://localhost/api/v1.0/users&quot;)" storage="d:\agents\smith05.01\_work\257\s\tests\chg.identityprovider.tests\bin\release\net9.0\chg.identityprovider.tests.dll" id="a75870b7-fe92-06e2-8868-f805bae5c8c4">
      <Execution id="0c9b6c0c-dd7d-43e4-9b2c-0f43cd001f22" />
      <TestMethod codeBase="D:\Agents\smith05.01\_work\257\s\tests\CHG.IdentityProvider.Tests\bin\Release\net9.0\CHG.IdentityProvider.Tests.dll" adapterTypeName="executor://nunit3testexecutor/" className="CHG.IdentityProvider.Tests.Middleware.UserLoginLoggingMiddlewareTests+InvokeMethod" name="Calls_Next(&quot;https://localhost/api/v1.0/users&quot;)" />
    </UnitTest>
    <UnitTest name="Can_Write_AzureProvider" storage="d:\agents\smith05.01\_work\257\s\tests\chg.identityprovider.tests\bin\release\net9.0\chg.identityprovider.tests.dll" id="61e1013f-7044-f341-1eb6-2fbac507f775">
      <Execution id="37f8f23c-d84a-470c-b722-1b1d011c030b" />
      <TestMethod codeBase="D:\Agents\smith05.01\_work\257\s\tests\CHG.IdentityProvider.Tests\bin\Release\net9.0\CHG.IdentityProvider.Tests.dll" adapterTypeName="executor://nunit3testexecutor/" className="CHG.IdentityProvider.Tests.Serialization.IdentityProviderConverterTests" name="Can_Write_AzureProvider" />
    </UnitTest>
    <UnitTest name="Loads_Next_GroupList_When_Link_Provided" storage="d:\agents\smith05.01\_work\257\s\tests\chg.identityprovider.tests\bin\release\net9.0\chg.identityprovider.tests.dll" id="28a5c179-8070-6648-c69b-7807d7b4627d">
      <Execution id="ca8dd880-fc74-41ba-8f82-616137638c34" />
      <TestMethod codeBase="D:\Agents\smith05.01\_work\257\s\tests\CHG.IdentityProvider.Tests\bin\Release\net9.0\CHG.IdentityProvider.Tests.dll" adapterTypeName="executor://nunit3testexecutor/" className="CHG.IdentityProvider.Tests.LoginProviders.Configuration.AzureConfigureOptionsTests+ConfigureMethod" name="Loads_Next_GroupList_When_Link_Provided" />
    </UnitTest>
    <UnitTest name="HandleGroups(&quot;groups&quot;)" storage="d:\agents\smith05.01\_work\257\s\tests\chg.identityprovider.tests\bin\release\net9.0\chg.identityprovider.tests.dll" id="666b234c-9e1a-ac74-be6f-6c8fde41c1f2">
      <Execution id="bb3f36e2-884c-4fb1-9048-63c1bb426bc4" />
      <TestMethod codeBase="D:\Agents\smith05.01\_work\257\s\tests\CHG.IdentityProvider.Tests\bin\Release\net9.0\CHG.IdentityProvider.Tests.dll" adapterTypeName="executor://nunit3testexecutor/" className="CHG.IdentityProvider.Tests.Controllers.ExternalControllerTests+CallbackMethod" name="HandleGroups(&quot;groups&quot;)" />
    </UnitTest>
    <UnitTest name="Sends_A_Lock_Mail_If_The_LockoutEndDate_Is_In_The_Future" storage="d:\agents\smith05.01\_work\257\s\tests\chg.identityprovider.tests\bin\release\net9.0\chg.identityprovider.tests.dll" id="179d8bb3-e457-9f07-eff7-f399ff91d2e8">
      <Execution id="9b91df76-d9e1-4ef7-8754-6ead85642f43" />
      <TestMethod codeBase="D:\Agents\smith05.01\_work\257\s\tests\CHG.IdentityProvider.Tests\bin\Release\net9.0\CHG.IdentityProvider.Tests.dll" adapterTypeName="executor://nunit3testexecutor/" className="CHG.IdentityProvider.Tests.BusinessLogic.Services.IdentityServerUserManagerTests+HandleUserLockAsyncMethod" name="Sends_A_Lock_Mail_If_The_LockoutEndDate_Is_In_The_Future" />
    </UnitTest>
    <UnitTest name="Removes_All_Entries" storage="d:\agents\smith05.01\_work\257\s\tests\chg.identityprovider.tests\bin\release\net9.0\chg.identityprovider.tests.dll" id="91a632ab-9fa1-7e7c-73e0-f4342ab0027e">
      <Execution id="b529c102-d726-4caa-bbc0-8b68bb14d483" />
      <TestMethod codeBase="D:\Agents\smith05.01\_work\257\s\tests\CHG.IdentityProvider.Tests\bin\Release\net9.0\CHG.IdentityProvider.Tests.dll" adapterTypeName="executor://nunit3testexecutor/" className="CHG.IdentityProvider.Tests.Services.CacheHandlerTests+ResetCacheMethod" name="Removes_All_Entries" />
    </UnitTest>
    <UnitTest name="Does_Not_Overflow" storage="d:\agents\smith05.01\_work\257\s\tests\chg.identityprovider.tests\bin\release\net9.0\chg.identityprovider.tests.dll" id="97d1217f-73a7-1192-cb00-9868cdb0bd99">
      <Execution id="f1f1ea4b-20fc-422c-bc3e-8bc56f13db4c" />
      <TestMethod codeBase="D:\Agents\smith05.01\_work\257\s\tests\CHG.IdentityProvider.Tests\bin\Release\net9.0\CHG.IdentityProvider.Tests.dll" adapterTypeName="executor://nunit3testexecutor/" className="CHG.IdentityProvider.Tests.Services.BlockedUserLoginsServiceTests+BlockUserLoginMethod" name="Does_Not_Overflow" />
    </UnitTest>
    <UnitTest name="Returns_True_When_Max_Attempt_Is_Reached" storage="d:\agents\smith05.01\_work\257\s\tests\chg.identityprovider.tests\bin\release\net9.0\chg.identityprovider.tests.dll" id="5185980b-d8d3-4e0e-c4b9-e1a48a80001a">
      <Execution id="e8b1672e-ede9-4fe5-94bb-76b0bfae95ce" />
      <TestMethod codeBase="D:\Agents\smith05.01\_work\257\s\tests\CHG.IdentityProvider.Tests\bin\Release\net9.0\CHG.IdentityProvider.Tests.dll" adapterTypeName="executor://nunit3testexecutor/" className="CHG.IdentityProvider.Tests.BusinessLogic.Services.IdentityServerSignInManagerTests+IsSecurityActionForMaxLoginAttemptsRequiredAsyncMethod" name="Returns_True_When_Max_Attempt_Is_Reached" />
    </UnitTest>
    <UnitTest name="Calls_Service_To_Delete_Entity" storage="d:\agents\smith05.01\_work\257\s\tests\chg.identityprovider.tests\bin\release\net9.0\chg.identityprovider.tests.dll" id="34297883-ceb1-3f6a-fc97-88a641421987">
      <Execution id="581698d4-d428-4875-900d-e4b635fdc69e" />
      <TestMethod codeBase="D:\Agents\smith05.01\_work\257\s\tests\CHG.IdentityProvider.Tests\bin\Release\net9.0\CHG.IdentityProvider.Tests.dll" adapterTypeName="executor://nunit3testexecutor/" className="CHG.IdentityProvider.Tests.Controllers.LoginProvidersControllerTest+DeleteMethod" name="Calls_Service_To_Delete_Entity" />
    </UnitTest>
    <UnitTest name="Returns_Claim_Data" storage="d:\agents\smith05.01\_work\257\s\tests\chg.identityprovider.tests\bin\release\net9.0\chg.identityprovider.tests.dll" id="f56ed49c-c845-7111-c04d-05ea7c766aae">
      <Execution id="8bbce82f-4bfd-4bfc-8237-7b90395d2c86" />
      <TestMethod codeBase="D:\Agents\smith05.01\_work\257\s\tests\CHG.IdentityProvider.Tests\bin\Release\net9.0\CHG.IdentityProvider.Tests.dll" adapterTypeName="executor://nunit3testexecutor/" className="CHG.IdentityProvider.Tests.Controllers.ManageControllerTests+DownloadPersonalDataMethod" name="Returns_Claim_Data" />
    </UnitTest>
    <UnitTest name="Maps_Logins_To_Model" storage="d:\agents\smith05.01\_work\257\s\tests\chg.identityprovider.tests\bin\release\net9.0\chg.identityprovider.tests.dll" id="101a953c-89dc-c874-6e23-ad619ce53728">
      <Execution id="d41aa456-5493-4e4c-8d08-849738b03178" />
      <TestMethod codeBase="D:\Agents\smith05.01\_work\257\s\tests\CHG.IdentityProvider.Tests\bin\Release\net9.0\CHG.IdentityProvider.Tests.dll" adapterTypeName="executor://nunit3testexecutor/" className="CHG.IdentityProvider.Tests.Mappings.UserMapperTests+MapToUserLoginProviderModelMethod" name="Maps_Logins_To_Model" />
    </UnitTest>
    <UnitTest name="Calls_Next(&quot;https://localhost/api/v1.0/users&quot;)" storage="d:\agents\smith05.01\_work\257\s\tests\chg.identityprovider.tests\bin\release\net9.0\chg.identityprovider.tests.dll" id="8b9251c6-a023-f6f7-4a50-226347dfa187">
      <Execution id="c58e6b05-6497-449d-a361-89f44b934f24" />
      <TestMethod codeBase="D:\Agents\smith05.01\_work\257\s\tests\CHG.IdentityProvider.Tests\bin\Release\net9.0\CHG.IdentityProvider.Tests.dll" adapterTypeName="executor://nunit3testexecutor/" className="CHG.IdentityProvider.Tests.Middleware.LoginProviderAuthenticationMiddlewareTests+InvokeMethod" name="Calls_Next(&quot;https://localhost/api/v1.0/users&quot;)" />
    </UnitTest>
    <UnitTest name="External_User_Cannot_Change_Password" storage="d:\agents\smith05.01\_work\257\s\tests\chg.identityprovider.tests\bin\release\net9.0\chg.identityprovider.tests.dll" id="21481b40-f0f4-0dd8-8f57-e6b72cd822c5">
      <Execution id="8f20893c-aedd-4be9-85a4-2c5e7e69ba73" />
      <TestMethod codeBase="D:\Agents\smith05.01\_work\257\s\tests\CHG.IdentityProvider.Tests\bin\Release\net9.0\CHG.IdentityProvider.Tests.dll" adapterTypeName="executor://nunit3testexecutor/" className="CHG.IdentityProvider.Tests.BusinessLogic.Services.IdentityServerUserManagerTests+ChangePasswordAsyncMethod" name="External_User_Cannot_Change_Password" />
    </UnitTest>
    <UnitTest name="Returns_Null_When_Username_Is_Not_An_EmailAddress" storage="d:\agents\smith05.01\_work\257\s\tests\chg.identityprovider.tests\bin\release\net9.0\chg.identityprovider.tests.dll" id="4d28bdce-d816-5d69-76d6-93b74d05c894">
      <Execution id="cbff093d-ca40-42e7-8f24-c2736cc00a40" />
      <TestMethod codeBase="D:\Agents\smith05.01\_work\257\s\tests\CHG.IdentityProvider.Tests\bin\Release\net9.0\CHG.IdentityProvider.Tests.dll" adapterTypeName="executor://nunit3testexecutor/" className="CHG.IdentityProvider.Tests.Services.IdentityProviderServiceTests+FindProviderByUserNameMethod" name="Returns_Null_When_Username_Is_Not_An_EmailAddress" />
    </UnitTest>
    <UnitTest name="Does_Not_Change_LogLevel_Of_Any_Other_Sources" storage="d:\agents\smith05.01\_work\257\s\tests\chg.identityprovider.tests\bin\release\net9.0\chg.identityprovider.tests.dll" id="4af1a23d-6732-8d7b-7f59-c8bb535335d9">
      <Execution id="48ca9300-e1c5-44ec-8b8d-4df3d4f985a1" />
      <TestMethod codeBase="D:\Agents\smith05.01\_work\257\s\tests\CHG.IdentityProvider.Tests\bin\Release\net9.0\CHG.IdentityProvider.Tests.dll" adapterTypeName="executor://nunit3testexecutor/" className="CHG.IdentityProvider.Tests.Configuration.RskLogLevelEnricherTests+EnrichMethod" name="Does_Not_Change_LogLevel_Of_Any_Other_Sources" />
    </UnitTest>
    <UnitTest name="Converts_Claims" storage="d:\agents\smith05.01\_work\257\s\tests\chg.identityprovider.tests\bin\release\net9.0\chg.identityprovider.tests.dll" id="21097595-3060-6f20-3483-0bdd21eb6dd6">
      <Execution id="15b26c27-f47e-4552-a243-8d2f241feb26" />
      <TestMethod codeBase="D:\Agents\smith05.01\_work\257\s\tests\CHG.IdentityProvider.Tests\bin\Release\net9.0\CHG.IdentityProvider.Tests.dll" adapterTypeName="executor://nunit3testexecutor/" className="CHG.IdentityProvider.Tests.Mappings.ImportClientModelMapperTests+MapToClientEntityMethod" name="Converts_Claims" />
    </UnitTest>
    <UnitTest name="Returns_BadRequest_If_The_Users_Email_Is_Already_Confirmed" storage="d:\agents\smith05.01\_work\257\s\tests\chg.identityprovider.tests\bin\release\net9.0\chg.identityprovider.tests.dll" id="016b7609-3f86-9fd9-0659-94711ffbb715">
      <Execution id="070f379f-c565-4f93-9601-c39cb05a2e31" />
      <TestMethod codeBase="D:\Agents\smith05.01\_work\257\s\tests\CHG.IdentityProvider.Tests\bin\Release\net9.0\CHG.IdentityProvider.Tests.dll" adapterTypeName="executor://nunit3testexecutor/" className="CHG.IdentityProvider.Tests.Controllers.Api.UserInvitationApiControllerTests+InviteV3Action" name="Returns_BadRequest_If_The_Users_Email_Is_Already_Confirmed" />
    </UnitTest>
    <UnitTest name="Converts_RedirectUris" storage="d:\agents\smith05.01\_work\257\s\tests\chg.identityprovider.tests\bin\release\net9.0\chg.identityprovider.tests.dll" id="87939337-dc38-5d18-422e-5446369b328f">
      <Execution id="5195ef0b-8e27-4021-8b64-5e3f1dc5d3e7" />
      <TestMethod codeBase="D:\Agents\smith05.01\_work\257\s\tests\CHG.IdentityProvider.Tests\bin\Release\net9.0\CHG.IdentityProvider.Tests.dll" adapterTypeName="executor://nunit3testexecutor/" className="CHG.IdentityProvider.Tests.Mappings.ImportClientModelMapperTests+MapToClientEntityMethod" name="Converts_RedirectUris" />
    </UnitTest>
    <UnitTest name="Calls_Authentication_Handler_For_Legacy_Signout" storage="d:\agents\smith05.01\_work\257\s\tests\chg.identityprovider.tests\bin\release\net9.0\chg.identityprovider.tests.dll" id="df1b7b6f-e4bc-b1aa-f376-084b446da717">
      <Execution id="1e66a6aa-d3f7-46e1-aaea-6df8fe5fd21b" />
      <TestMethod codeBase="D:\Agents\smith05.01\_work\257\s\tests\CHG.IdentityProvider.Tests\bin\Release\net9.0\CHG.IdentityProvider.Tests.dll" adapterTypeName="executor://nunit3testexecutor/" className="CHG.IdentityProvider.Tests.Middleware.LoginProviderAuthenticationMiddlewareTests+InvokeMethod" name="Calls_Authentication_Handler_For_Legacy_Signout" />
    </UnitTest>
    <UnitTest name="Sends_Link_To_Email_Sender" storage="d:\agents\smith05.01\_work\257\s\tests\chg.identityprovider.tests\bin\release\net9.0\chg.identityprovider.tests.dll" id="bf1724c3-e072-19f9-d2f3-1bfc6c729109">
      <Execution id="6322bd43-408e-4720-a39e-16fe454d661a" />
      <TestMethod codeBase="D:\Agents\smith05.01\_work\257\s\tests\CHG.IdentityProvider.Tests\bin\Release\net9.0\CHG.IdentityProvider.Tests.dll" adapterTypeName="executor://nunit3testexecutor/" className="CHG.IdentityProvider.Tests.BusinessLogic.Services.UserNotificationMailSenderTests+SendResetPasswordLinkAsyncMethod" name="Sends_Link_To_Email_Sender" />
    </UnitTest>
    <UnitTest name="Logs_The_Entire_IP_Address_If_It_Is_A_Local_Address(&quot;fe80::1&quot;)" storage="d:\agents\smith05.01\_work\257\s\tests\chg.identityprovider.tests\bin\release\net9.0\chg.identityprovider.tests.dll" id="44cd4f75-5416-d84d-c04e-ef64f332f973">
      <Execution id="38e4ce45-4f5c-46f1-9f84-07388045a81c" />
      <TestMethod codeBase="D:\Agents\smith05.01\_work\257\s\tests\CHG.IdentityProvider.Tests\bin\Release\net9.0\CHG.IdentityProvider.Tests.dll" adapterTypeName="executor://nunit3testexecutor/" className="CHG.IdentityProvider.Tests.Infrastructure.LoggingSetupTests+TheEnrichFromHttpContextMethod" name="Logs_The_Entire_IP_Address_If_It_Is_A_Local_Address(&quot;fe80::1&quot;)" />
    </UnitTest>
    <UnitTest name="Can_Read_File" storage="d:\agents\smith05.01\_work\257\s\tests\chg.identityprovider.tests\bin\release\net9.0\chg.identityprovider.tests.dll" id="4ecf1314-dade-c124-f74f-320edb42294b">
      <Execution id="5c0bb400-2765-4250-8956-5bd5a679dcaa" />
      <TestMethod codeBase="D:\Agents\smith05.01\_work\257\s\tests\CHG.IdentityProvider.Tests\bin\Release\net9.0\CHG.IdentityProvider.Tests.dll" adapterTypeName="executor://nunit3testexecutor/" className="CHG.IdentityProvider.Tests.Serialization.IdentityProviderConverterTests" name="Can_Read_File" />
    </UnitTest>
    <UnitTest name="Returns_User" storage="d:\agents\smith05.01\_work\257\s\tests\chg.identityprovider.tests\bin\release\net9.0\chg.identityprovider.tests.dll" id="f4bd6e41-23d1-bd7a-aa66-582ea298697d">
      <Execution id="cb8e820d-d5ae-4a3f-9d7c-25a98c9afe7c" />
      <TestMethod codeBase="D:\Agents\smith05.01\_work\257\s\tests\CHG.IdentityProvider.Tests\bin\Release\net9.0\CHG.IdentityProvider.Tests.dll" adapterTypeName="executor://nunit3testexecutor/" className="CHG.IdentityProvider.Tests.Controllers.Api.UserApiControllerTests+UpdateMethod" name="Returns_User" />
    </UnitTest>
    <UnitTest name="Returns_Success_If_Password_Contains_Special_Chars" storage="d:\agents\smith05.01\_work\257\s\tests\chg.identityprovider.tests\bin\release\net9.0\chg.identityprovider.tests.dll" id="b2f1ebe0-bca9-2716-748b-f8c91d26da15">
      <Execution id="e19c34c6-f5d4-4cca-a9c4-66b3a92956df" />
      <TestMethod codeBase="D:\Agents\smith05.01\_work\257\s\tests\CHG.IdentityProvider.Tests\bin\Release\net9.0\CHG.IdentityProvider.Tests.dll" adapterTypeName="executor://nunit3testexecutor/" className="CHG.IdentityProvider.Tests.BusinessLogic.Validators.DefaultPasswordValidatorTests+ValidateMethod" name="Returns_Success_If_Password_Contains_Special_Chars" />
    </UnitTest>
    <UnitTest name="Reads_Log_Messages_From_Cache" storage="d:\agents\smith05.01\_work\257\s\tests\chg.identityprovider.tests\bin\release\net9.0\chg.identityprovider.tests.dll" id="31025ebd-a234-c76d-0f0b-b0e7e54173f0">
      <Execution id="8ac3bf9b-2d74-4376-ad6e-66573e60d936" />
      <TestMethod codeBase="D:\Agents\smith05.01\_work\257\s\tests\CHG.IdentityProvider.Tests\bin\Release\net9.0\CHG.IdentityProvider.Tests.dll" adapterTypeName="executor://nunit3testexecutor/" className="CHG.IdentityProvider.Tests.Services.LoginProviderTestLogTests+PopTestLogMethod" name="Reads_Log_Messages_From_Cache" />
    </UnitTest>
    <UnitTest name="Updates_User_FirstName" storage="d:\agents\smith05.01\_work\257\s\tests\chg.identityprovider.tests\bin\release\net9.0\chg.identityprovider.tests.dll" id="2d7ee349-8ef1-e5e7-ae84-87d04a84286c">
      <Execution id="bd4ecc26-1833-4ccf-8879-a4743fe1f699" />
      <TestMethod codeBase="D:\Agents\smith05.01\_work\257\s\tests\CHG.IdentityProvider.Tests\bin\Release\net9.0\CHG.IdentityProvider.Tests.dll" adapterTypeName="executor://nunit3testexecutor/" className="CHG.IdentityProvider.Tests.BusinessLogic.Services.UserIdentityEnricherTests+UpdateUserClaimsAsyncMethod" name="Updates_User_FirstName" />
    </UnitTest>
    <UnitTest name="Unset_NormalizedFirstName_When_LastName_Is_Null" storage="d:\agents\smith05.01\_work\257\s\tests\chg.identityprovider.tests\bin\release\net9.0\chg.identityprovider.tests.dll" id="3af9a356-a041-05c6-a123-76ebd3c865c7">
      <Execution id="31e4680d-fb1d-4456-aa4b-fa0e8d879fb2" />
      <TestMethod codeBase="D:\Agents\smith05.01\_work\257\s\tests\CHG.IdentityProvider.Tests\bin\Release\net9.0\CHG.IdentityProvider.Tests.dll" adapterTypeName="executor://nunit3testexecutor/" className="CHG.IdentityProvider.Tests.BusinessLogic.Services.IdentityServerUserManagerTests+CreateAsync" name="Unset_NormalizedFirstName_When_LastName_Is_Null" />
    </UnitTest>
    <UnitTest name="Finds_User_By_Id" storage="d:\agents\smith05.01\_work\257\s\tests\chg.identityprovider.tests\bin\release\net9.0\chg.identityprovider.tests.dll" id="c550e7b4-e70a-1706-67cd-860c7cf9ee07">
      <Execution id="819444e5-9eb9-4d70-b371-f63648a1863d" />
      <TestMethod codeBase="D:\Agents\smith05.01\_work\257\s\tests\CHG.IdentityProvider.Tests\bin\Release\net9.0\CHG.IdentityProvider.Tests.dll" adapterTypeName="executor://nunit3testexecutor/" className="CHG.IdentityProvider.Tests.Controllers.Api.UserApiControllerTests+GetByIdMethod" name="Finds_User_By_Id" />
    </UnitTest>
    <UnitTest name="Returns_UserLoginProviders_By_Id" storage="d:\agents\smith05.01\_work\257\s\tests\chg.identityprovider.tests\bin\release\net9.0\chg.identityprovider.tests.dll" id="2b0a0896-310f-935c-b38f-418d026e9969">
      <Execution id="73c6e85c-974e-4d2f-9691-2d03fd6a9c11" />
      <TestMethod codeBase="D:\Agents\smith05.01\_work\257\s\tests\CHG.IdentityProvider.Tests\bin\Release\net9.0\CHG.IdentityProvider.Tests.dll" adapterTypeName="executor://nunit3testexecutor/" className="CHG.IdentityProvider.Tests.Controllers.Api.UserApiControllerTests+GetLoginsByUserIdMethod" name="Returns_UserLoginProviders_By_Id" />
    </UnitTest>
    <UnitTest name="Returns_Provider_From_Assigned_LoginProvider_When_Multiple_But_Same_Available" storage="d:\agents\smith05.01\_work\257\s\tests\chg.identityprovider.tests\bin\release\net9.0\chg.identityprovider.tests.dll" id="359b8275-dc9f-f83e-17e3-a64e5d78582f">
      <Execution id="c5c2132c-586e-4cde-886f-66ba36eb3316" />
      <TestMethod codeBase="D:\Agents\smith05.01\_work\257\s\tests\CHG.IdentityProvider.Tests\bin\Release\net9.0\CHG.IdentityProvider.Tests.dll" adapterTypeName="executor://nunit3testexecutor/" className="CHG.IdentityProvider.Tests.Services.IdentityProviderServiceTests+FindProviderByUserNameMethod" name="Returns_Provider_From_Assigned_LoginProvider_When_Multiple_But_Same_Available" />
    </UnitTest>
    <UnitTest name="Persist_Failure_Events" storage="d:\agents\smith05.01\_work\257\s\tests\chg.identityprovider.tests\bin\release\net9.0\chg.identityprovider.tests.dll" id="acc7967d-0fef-9ccc-417e-3b454a45a65b">
      <Execution id="9d3d0b52-f7f2-48eb-925a-0a4f7f8fa350" />
      <TestMethod codeBase="D:\Agents\smith05.01\_work\257\s\tests\CHG.IdentityProvider.Tests\bin\Release\net9.0\CHG.IdentityProvider.Tests.dll" adapterTypeName="executor://nunit3testexecutor/" className="CHG.IdentityProvider.Tests.Services.Audit.IdentityServerAuditSinkTests+PersistAsyncMethod" name="Persist_Failure_Events" />
    </UnitTest>
    <UnitTest name="Updates_Username_When_Username_Was_Equal" storage="d:\agents\smith05.01\_work\257\s\tests\chg.identityprovider.tests\bin\release\net9.0\chg.identityprovider.tests.dll" id="d7393904-760f-6b9d-e65b-e373455bfc56">
      <Execution id="5c0b4a15-4787-4bd4-b2ef-eb1cc4c0c4e4" />
      <TestMethod codeBase="D:\Agents\smith05.01\_work\257\s\tests\CHG.IdentityProvider.Tests\bin\Release\net9.0\CHG.IdentityProvider.Tests.dll" adapterTypeName="executor://nunit3testexecutor/" className="CHG.IdentityProvider.Tests.BusinessLogic.Services.IdentityServerUserManagerTests+SetEmailAsync" name="Updates_Username_When_Username_Was_Equal" />
    </UnitTest>
    <UnitTest name="Returns_False_When_Password_Is_NullOrEmpty(null)" storage="d:\agents\smith05.01\_work\257\s\tests\chg.identityprovider.tests\bin\release\net9.0\chg.identityprovider.tests.dll" id="8af28186-6b74-a83a-edf6-b9761f7b652d">
      <Execution id="61ab4026-5cf9-41bb-98de-ee84ea6309bb" />
      <TestMethod codeBase="D:\Agents\smith05.01\_work\257\s\tests\CHG.IdentityProvider.Tests\bin\Release\net9.0\CHG.IdentityProvider.Tests.dll" adapterTypeName="executor://nunit3testexecutor/" className="CHG.IdentityProvider.Tests.Infrastructure.PasswordBlacklistOnlineServiceProviderTests+IsPasswordListedAsyncMethod" name="Returns_False_When_Password_Is_NullOrEmpty(null)" />
    </UnitTest>
    <UnitTest name="Calls_WriteLogins_Periodically" storage="d:\agents\smith05.01\_work\257\s\tests\chg.identityprovider.tests\bin\release\net9.0\chg.identityprovider.tests.dll" id="500c5803-46fc-2122-9193-445529b516b6">
      <Execution id="65a3a059-075b-4062-9ba7-52ab3dfe28f4" />
      <TestMethod codeBase="D:\Agents\smith05.01\_work\257\s\tests\CHG.IdentityProvider.Tests\bin\Release\net9.0\CHG.IdentityProvider.Tests.dll" adapterTypeName="executor://nunit3testexecutor/" className="CHG.IdentityProvider.Tests.Services.UserLoginsPeriodicWriterServiceTests+ExecuteAsyncMethod" name="Calls_WriteLogins_Periodically" />
    </UnitTest>
    <UnitTest name="Calls_CacheHandler" storage="d:\agents\smith05.01\_work\257\s\tests\chg.identityprovider.tests\bin\release\net9.0\chg.identityprovider.tests.dll" id="c81bab92-dfab-6619-9095-eaf5bf69ae42">
      <Execution id="58ac5217-c4cc-416b-9d5e-b0a91ad79464" />
      <TestMethod codeBase="D:\Agents\smith05.01\_work\257\s\tests\CHG.IdentityProvider.Tests\bin\Release\net9.0\CHG.IdentityProvider.Tests.dll" adapterTypeName="executor://nunit3testexecutor/" className="CHG.IdentityProvider.Tests.MessageHandlers.DistributedCacheResetHandlerTests" name="Calls_CacheHandler" />
    </UnitTest>
    <UnitTest name="Sends_Link_To_Client_Endpoint" storage="d:\agents\smith05.01\_work\257\s\tests\chg.identityprovider.tests\bin\release\net9.0\chg.identityprovider.tests.dll" id="6901a177-d02f-f912-156d-15677beeebdd">
      <Execution id="9ed5f04f-1d96-49b8-b38b-20112240bb8f" />
      <TestMethod codeBase="D:\Agents\smith05.01\_work\257\s\tests\CHG.IdentityProvider.Tests\bin\Release\net9.0\CHG.IdentityProvider.Tests.dll" adapterTypeName="executor://nunit3testexecutor/" className="CHG.IdentityProvider.Tests.BusinessLogic.Services.UserNotificationCommandSenderTests+SendResetPasswordLinkAsyncMethod" name="Sends_Link_To_Client_Endpoint" />
    </UnitTest>
    <UnitTest name="Returns_BadRequest_If_Failed" storage="d:\agents\smith05.01\_work\257\s\tests\chg.identityprovider.tests\bin\release\net9.0\chg.identityprovider.tests.dll" id="842ff1bc-0cee-8515-bb88-73e2a8c774b3">
      <Execution id="d5a0a350-61c9-4382-a6e7-6360b802b316" />
      <TestMethod codeBase="D:\Agents\smith05.01\_work\257\s\tests\CHG.IdentityProvider.Tests\bin\Release\net9.0\CHG.IdentityProvider.Tests.dll" adapterTypeName="executor://nunit3testexecutor/" className="CHG.IdentityProvider.Tests.Controllers.Api.UserApiControllerTests+DeleteMethod" name="Returns_BadRequest_If_Failed" />
    </UnitTest>
    <UnitTest name="Returns_Success_If_Passwort_Is_Different_Than_Username(&quot;Hans&quot;,&quot;Wurst&quot;,&quot;anotherpassword&quot;)" storage="d:\agents\smith05.01\_work\257\s\tests\chg.identityprovider.tests\bin\release\net9.0\chg.identityprovider.tests.dll" id="a594dcd0-5425-147d-0463-cc4efc78cb60">
      <Execution id="ebc1de77-b8b5-4351-9fe2-910b6390b841" />
      <TestMethod codeBase="D:\Agents\smith05.01\_work\257\s\tests\CHG.IdentityProvider.Tests\bin\Release\net9.0\CHG.IdentityProvider.Tests.dll" adapterTypeName="executor://nunit3testexecutor/" className="CHG.IdentityProvider.Tests.BusinessLogic.Validators.FirstLastNameAsPasswordValidatorTests+ValidateMethod" name="Returns_Success_If_Passwort_Is_Different_Than_Username(&quot;Hans&quot;,&quot;Wurst&quot;,&quot;anotherpassword&quot;)" />
    </UnitTest>
    <UnitTest name="Updates_Existing_ServiceProvider" storage="d:\agents\smith05.01\_work\257\s\tests\chg.identityprovider.tests\bin\release\net9.0\chg.identityprovider.tests.dll" id="29b5d5ef-349e-e272-e2ce-839dea4d6a86">
      <Execution id="16ab7dde-e9bf-4d10-af89-08bb0de1b602" />
      <TestMethod codeBase="D:\Agents\smith05.01\_work\257\s\tests\CHG.IdentityProvider.Tests\bin\Release\net9.0\CHG.IdentityProvider.Tests.dll" adapterTypeName="executor://nunit3testexecutor/" className="CHG.IdentityProvider.Tests.Infrastructure.SamlImporterTests" name="Updates_Existing_ServiceProvider" />
    </UnitTest>
    <UnitTest name="Gets_No_Client_By_Client_Id_Query_Parameter_When_Id_Is_Unknown" storage="d:\agents\smith05.01\_work\257\s\tests\chg.identityprovider.tests\bin\release\net9.0\chg.identityprovider.tests.dll" id="7d62aa6d-5935-1b42-ac2c-79262496f302">
      <Execution id="59d1c01f-014d-4644-aaa4-a0a7e66665ad" />
      <TestMethod codeBase="D:\Agents\smith05.01\_work\257\s\tests\CHG.IdentityProvider.Tests\bin\Release\net9.0\CHG.IdentityProvider.Tests.dll" adapterTypeName="executor://nunit3testexecutor/" className="CHG.IdentityProvider.Tests.BusinessLogic.Services.ClientContextRetrieverTests+GetCurrentClientCustomizationAsyncMethod" name="Gets_No_Client_By_Client_Id_Query_Parameter_When_Id_Is_Unknown" />
    </UnitTest>
    <UnitTest name="Fails_If_User_Id_Is_Not_Found" storage="d:\agents\smith05.01\_work\257\s\tests\chg.identityprovider.tests\bin\release\net9.0\chg.identityprovider.tests.dll" id="7b64fc21-660a-3ce8-c50e-07fe14ab8ea5">
      <Execution id="795eae12-c30e-4ee5-a312-dd40fdfdd2b7" />
      <TestMethod codeBase="D:\Agents\smith05.01\_work\257\s\tests\CHG.IdentityProvider.Tests\bin\Release\net9.0\CHG.IdentityProvider.Tests.dll" adapterTypeName="executor://nunit3testexecutor/" className="CHG.IdentityProvider.Tests.BusinessLogic.Services.IdentityServerUserManagerTests+UnlockUserAsyncMethod" name="Fails_If_User_Id_Is_Not_Found" />
    </UnitTest>
    <UnitTest name="All_Api_Controllers_Must_Have_ApiController_Attribute" storage="d:\agents\smith05.01\_work\257\s\tests\chg.identityprovider.tests\bin\release\net9.0\chg.identityprovider.tests.dll" id="b5c61573-9247-759e-e5c7-14db824c0b72">
      <Execution id="b935581f-61f8-41c2-9d73-3779d00135a0" />
      <TestMethod codeBase="D:\Agents\smith05.01\_work\257\s\tests\CHG.IdentityProvider.Tests\bin\Release\net9.0\CHG.IdentityProvider.Tests.dll" adapterTypeName="executor://nunit3testexecutor/" className="CHG.IdentityProvider.Tests.Controllers.ControllersTests" name="All_Api_Controllers_Must_Have_ApiController_Attribute" />
    </UnitTest>
    <UnitTest name="Throws_Exception_If_Response_Is_Null" storage="d:\agents\smith05.01\_work\257\s\tests\chg.identityprovider.tests\bin\release\net9.0\chg.identityprovider.tests.dll" id="521e8912-a6af-94d5-5d80-c87200ffc7e6">
      <Execution id="2f96e48c-4818-4cd1-8f4c-994b19789176" />
      <TestMethod codeBase="D:\Agents\smith05.01\_work\257\s\tests\CHG.IdentityProvider.Tests\bin\Release\net9.0\CHG.IdentityProvider.Tests.dll" adapterTypeName="executor://nunit3testexecutor/" className="CHG.IdentityProvider.Tests.Services.Saml.ChunkedCookieSamlCorrelationStoreTests+AddMethod" name="Throws_Exception_If_Response_Is_Null" />
    </UnitTest>
    <UnitTest name="Can_Read_New_Config" storage="d:\agents\smith05.01\_work\257\s\tests\chg.identityprovider.tests\bin\release\net9.0\chg.identityprovider.tests.dll" id="a885d9be-537e-1999-76f8-e70a2046e1f4">
      <Execution id="63d0ed7e-472b-4575-9483-957540a1f3cf" />
      <TestMethod codeBase="D:\Agents\smith05.01\_work\257\s\tests\CHG.IdentityProvider.Tests\bin\Release\net9.0\CHG.IdentityProvider.Tests.dll" adapterTypeName="executor://nunit3testexecutor/" className="CHG.IdentityProvider.Tests.Serialization.IdentityProviderConverterTests" name="Can_Read_New_Config" />
    </UnitTest>
    <UnitTest name="Maps_Resource_Information_Properly" storage="d:\agents\smith05.01\_work\257\s\tests\chg.identityprovider.tests\bin\release\net9.0\chg.identityprovider.tests.dll" id="f72bd708-3f3d-8f31-7c19-a47cec5a18f7">
      <Execution id="a7e59c31-aef2-491f-a4a5-54d65fd84e7c" />
      <TestMethod codeBase="D:\Agents\smith05.01\_work\257\s\tests\CHG.IdentityProvider.Tests\bin\Release\net9.0\CHG.IdentityProvider.Tests.dll" adapterTypeName="executor://nunit3testexecutor/" className="CHG.IdentityProvider.Tests.Mappings.ImportIdentityResourceModelMapperTests" name="Maps_Resource_Information_Properly" />
    </UnitTest>
    <UnitTest name="Updates_LastName" storage="d:\agents\smith05.01\_work\257\s\tests\chg.identityprovider.tests\bin\release\net9.0\chg.identityprovider.tests.dll" id="ff93bcee-96c5-c829-d896-93fe25fe2a0c">
      <Execution id="6bc3e8c7-7609-46e2-bc5c-e0bd664a75af" />
      <TestMethod codeBase="D:\Agents\smith05.01\_work\257\s\tests\CHG.IdentityProvider.Tests\bin\Release\net9.0\CHG.IdentityProvider.Tests.dll" adapterTypeName="executor://nunit3testexecutor/" className="CHG.IdentityProvider.Tests.Controllers.Api.UserApiControllerTests+UpdateMethod" name="Updates_LastName" />
    </UnitTest>
    <UnitTest name="Returns_Response_With_All_Found_Attribute" storage="d:\agents\smith05.01\_work\257\s\tests\chg.identityprovider.tests\bin\release\net9.0\chg.identityprovider.tests.dll" id="ba031a29-e89d-60c6-63ef-7e23f5bf8bbd">
      <Execution id="c74ad9a7-b8a3-49b7-bd09-b31bb3f24133" />
      <TestMethod codeBase="D:\Agents\smith05.01\_work\257\s\tests\CHG.IdentityProvider.Tests\bin\Release\net9.0\CHG.IdentityProvider.Tests.dll" adapterTypeName="executor://nunit3testexecutor/" className="CHG.IdentityProvider.Tests.BusinessLogic.Services.AzureADUserInformationRetrieverTests+GetUserAttributesAsyncMethod" name="Returns_Response_With_All_Found_Attribute" />
    </UnitTest>
    <UnitTest name="Finds_User_By_Id" storage="d:\agents\smith05.01\_work\257\s\tests\chg.identityprovider.tests\bin\release\net9.0\chg.identityprovider.tests.dll" id="c132d8c5-5c98-c43e-a01b-7fb914f58787">
      <Execution id="b7da5852-fcb6-4c27-ab83-9970a7f1fe83" />
      <TestMethod codeBase="D:\Agents\smith05.01\_work\257\s\tests\CHG.IdentityProvider.Tests\bin\Release\net9.0\CHG.IdentityProvider.Tests.dll" adapterTypeName="executor://nunit3testexecutor/" className="CHG.IdentityProvider.Tests.Controllers.Api.UserApiControllerTests+GetLoginsByUserIdMethod" name="Finds_User_By_Id" />
    </UnitTest>
    <UnitTest name="Publishes_UserStateChanged_Event_With_IsLocked_When_Enddate_IsSet" storage="d:\agents\smith05.01\_work\257\s\tests\chg.identityprovider.tests\bin\release\net9.0\chg.identityprovider.tests.dll" id="bf83e4d5-8b19-14dc-030c-491ebd48ca6a">
      <Execution id="4ab0ae64-9bc5-422f-90fc-d6d6a191299e" />
      <TestMethod codeBase="D:\Agents\smith05.01\_work\257\s\tests\CHG.IdentityProvider.Tests\bin\Release\net9.0\CHG.IdentityProvider.Tests.dll" adapterTypeName="executor://nunit3testexecutor/" className="CHG.IdentityProvider.Tests.BusinessLogic.Services.IdentityServerUserManagerTests+SetLockoutEndDateAsync" name="Publishes_UserStateChanged_Event_With_IsLocked_When_Enddate_IsSet" />
    </UnitTest>
    <UnitTest name="Returns_False_For_Invalid_Email(&quot;.startswithdot@test.com&quot;)" storage="d:\agents\smith05.01\_work\257\s\tests\chg.identityprovider.tests\bin\release\net9.0\chg.identityprovider.tests.dll" id="51d0aaf5-5cfe-ee2d-a908-a74a1af5c7ca">
      <Execution id="66eabe0e-2c62-4038-a49e-710f36986a3b" />
      <TestMethod codeBase="D:\Agents\smith05.01\_work\257\s\tests\CHG.IdentityProvider.Tests\bin\Release\net9.0\CHG.IdentityProvider.Tests.dll" adapterTypeName="executor://nunit3testexecutor/" className="CHG.IdentityProvider.Tests.Extensions.EmailUtilsTests+IsValidEmailMethod" name="Returns_False_For_Invalid_Email(&quot;.startswithdot@test.com&quot;)" />
    </UnitTest>
    <UnitTest name="DoesNot_Throw_Exception_When_FirstName_Is_Null" storage="d:\agents\smith05.01\_work\257\s\tests\chg.identityprovider.tests\bin\release\net9.0\chg.identityprovider.tests.dll" id="04e811af-06bf-a71c-dfc9-b0fcb19525a3">
      <Execution id="e4cc06e2-808e-440e-96ca-3a2a819fd53e" />
      <TestMethod codeBase="D:\Agents\smith05.01\_work\257\s\tests\CHG.IdentityProvider.Tests\bin\Release\net9.0\CHG.IdentityProvider.Tests.dll" adapterTypeName="executor://nunit3testexecutor/" className="CHG.IdentityProvider.Tests.BusinessLogic.Validators.FirstLastNameAsPasswordValidatorTests+ValidateMethod" name="DoesNot_Throw_Exception_When_FirstName_Is_Null" />
    </UnitTest>
    <UnitTest name="Adds_Mapping_Of_External_Claims" storage="d:\agents\smith05.01\_work\257\s\tests\chg.identityprovider.tests\bin\release\net9.0\chg.identityprovider.tests.dll" id="27feaa6d-f5b5-8441-13b3-3f65caf58729">
      <Execution id="58cb5796-9c51-42d6-880c-8f4e07f007c7" />
      <TestMethod codeBase="D:\Agents\smith05.01\_work\257\s\tests\CHG.IdentityProvider.Tests\bin\Release\net9.0\CHG.IdentityProvider.Tests.dll" adapterTypeName="executor://nunit3testexecutor/" className="CHG.IdentityProvider.Tests.Services.WsFederation.ExtendedWsFederationClaimsServiceTests+MapToWsFederationClaimsMethod" name="Adds_Mapping_Of_External_Claims" />
    </UnitTest>
    <UnitTest name="Gets_MVC_Client_By_ReturnUrl_Post_Form_Parameter" storage="d:\agents\smith05.01\_work\257\s\tests\chg.identityprovider.tests\bin\release\net9.0\chg.identityprovider.tests.dll" id="7a11ef52-57c7-60cd-9c5c-e69b0979ba72">
      <Execution id="3815270d-20a9-47a2-8fe7-66dbd4861695" />
      <TestMethod codeBase="D:\Agents\smith05.01\_work\257\s\tests\CHG.IdentityProvider.Tests\bin\Release\net9.0\CHG.IdentityProvider.Tests.dll" adapterTypeName="executor://nunit3testexecutor/" className="CHG.IdentityProvider.Tests.BusinessLogic.Services.ClientContextRetrieverTests+GetCurrentClientCustomizationAsyncMethod" name="Gets_MVC_Client_By_ReturnUrl_Post_Form_Parameter" />
    </UnitTest>
    <UnitTest name="Gets_Item_From_Cache" storage="d:\agents\smith05.01\_work\257\s\tests\chg.identityprovider.tests\bin\release\net9.0\chg.identityprovider.tests.dll" id="81d09b0b-5d43-894f-7062-51cd301ec3fc">
      <Execution id="16b5ad81-4d4d-4293-a465-a079b25f5344" />
      <TestMethod codeBase="D:\Agents\smith05.01\_work\257\s\tests\CHG.IdentityProvider.Tests\bin\Release\net9.0\CHG.IdentityProvider.Tests.dll" adapterTypeName="executor://nunit3testexecutor/" className="CHG.IdentityProvider.Tests.Services.CachingIdentityProviderLookupTests+GetBySchemeAsyncMethod" name="Gets_Item_From_Cache" />
    </UnitTest>
    <UnitTest name="Retrieves_Record_From_Repository" storage="d:\agents\smith05.01\_work\257\s\tests\chg.identityprovider.tests\bin\release\net9.0\chg.identityprovider.tests.dll" id="6e5e6d18-4a01-ad4b-785a-59a85dba00f0">
      <Execution id="c3f7834e-c89b-4aee-be8f-58dc2b945ad0" />
      <TestMethod codeBase="D:\Agents\smith05.01\_work\257\s\tests\CHG.IdentityProvider.Tests\bin\Release\net9.0\CHG.IdentityProvider.Tests.dll" adapterTypeName="executor://nunit3testexecutor/" className="CHG.IdentityProvider.Tests.Services.BlockedUserLoginsServiceTests+GetNextPossibleLoginTimestampMethod" name="Retrieves_Record_From_Repository" />
    </UnitTest>
    <UnitTest name="Configures_DbContext" storage="d:\agents\smith05.01\_work\257\s\tests\chg.identityprovider.tests\bin\release\net9.0\chg.identityprovider.tests.dll" id="00b42fa7-53ad-c6f3-978c-2d296c0bf149">
      <Execution id="6d3b6210-794c-4252-bf64-01ca59ab4663" />
      <TestMethod codeBase="D:\Agents\smith05.01\_work\257\s\tests\CHG.IdentityProvider.Tests\bin\Release\net9.0\CHG.IdentityProvider.Tests.dll" adapterTypeName="executor://nunit3testexecutor/" className="CHG.IdentityProvider.Tests.Infrastructure.DatabaseConfigurerTests+ConfigureDbContextMethod" name="Configures_DbContext" />
    </UnitTest>
    <UnitTest name="Ensure_Backing_Field_Exists" storage="d:\agents\smith05.01\_work\257\s\tests\chg.identityprovider.tests\bin\release\net9.0\chg.identityprovider.tests.dll" id="c98a9e9c-8953-dc20-d8e9-1a679a88bab6">
      <Execution id="a46ddf26-92f9-433b-acdf-4e332e686aed" />
      <TestMethod codeBase="D:\Agents\smith05.01\_work\257\s\tests\CHG.IdentityProvider.Tests\bin\Release\net9.0\CHG.IdentityProvider.Tests.dll" adapterTypeName="executor://nunit3testexecutor/" className="CHG.IdentityProvider.Tests.Configuration.HealthCheckLogLevelEnricherTests+ConstructorTests" name="Ensure_Backing_Field_Exists" />
    </UnitTest>
    <UnitTest name="Configures_Logging_For_Development" storage="d:\agents\smith05.01\_work\257\s\tests\chg.identityprovider.tests\bin\release\net9.0\chg.identityprovider.tests.dll" id="94bd548a-4681-5c1e-7e01-20d801186f0b">
      <Execution id="813a94db-5f69-48d6-b1f1-e0911364e8ae" />
      <TestMethod codeBase="D:\Agents\smith05.01\_work\257\s\tests\CHG.IdentityProvider.Tests\bin\Release\net9.0\CHG.IdentityProvider.Tests.dll" adapterTypeName="executor://nunit3testexecutor/" className="CHG.IdentityProvider.Tests.Infrastructure.DatabaseConfigurerTests+ConfigureDbContextMethod" name="Configures_Logging_For_Development" />
    </UnitTest>
    <UnitTest name="Calls_TemplateEngine_And_Sender" storage="d:\agents\smith05.01\_work\257\s\tests\chg.identityprovider.tests\bin\release\net9.0\chg.identityprovider.tests.dll" id="a6cf5247-0209-e6e9-03e9-5fb63c9bdd8a">
      <Execution id="24dc3279-f8ae-4c65-ac2e-d30da650b576" />
      <TestMethod codeBase="D:\Agents\smith05.01\_work\257\s\tests\CHG.IdentityProvider.Tests\bin\Release\net9.0\CHG.IdentityProvider.Tests.dll" adapterTypeName="executor://nunit3testexecutor/" className="CHG.IdentityProvider.Tests.Services.TemplatedEmailSenderTests+SendAccountLockedMailAsyncMethod" name="Calls_TemplateEngine_And_Sender" />
    </UnitTest>
    <UnitTest name="Does_Not_Log_Non_Private_IPv6_Addresses(&quot;2607:f0d0:1002:51::4&quot;)" storage="d:\agents\smith05.01\_work\257\s\tests\chg.identityprovider.tests\bin\release\net9.0\chg.identityprovider.tests.dll" id="2416a40c-f6aa-a483-ce2a-56630b6e1dc7">
      <Execution id="104d713b-ae61-48fe-acb2-058e03283504" />
      <TestMethod codeBase="D:\Agents\smith05.01\_work\257\s\tests\CHG.IdentityProvider.Tests\bin\Release\net9.0\CHG.IdentityProvider.Tests.dll" adapterTypeName="executor://nunit3testexecutor/" className="CHG.IdentityProvider.Tests.Infrastructure.LoggingSetupTests+TheEnrichFromHttpContextMethod" name="Does_Not_Log_Non_Private_IPv6_Addresses(&quot;2607:f0d0:1002:51::4&quot;)" />
    </UnitTest>
    <UnitTest name="Unlocks_The_User_If_The_Model_State_Is_Valid" storage="d:\agents\smith05.01\_work\257\s\tests\chg.identityprovider.tests\bin\release\net9.0\chg.identityprovider.tests.dll" id="ff90fe41-1bcb-f481-f6fe-11a1b6c31a4b">
      <Execution id="9fc11da5-3c99-48bd-92ba-00e2701c5f6c" />
      <TestMethod codeBase="D:\Agents\smith05.01\_work\257\s\tests\CHG.IdentityProvider.Tests\bin\Release\net9.0\CHG.IdentityProvider.Tests.dll" adapterTypeName="executor://nunit3testexecutor/" className="CHG.IdentityProvider.Tests.Controllers.AccountControllerTests+UnlockUserAction" name="Unlocks_The_User_If_The_Model_State_Is_Valid" />
    </UnitTest>
    <UnitTest name="Updates_FirstName" storage="d:\agents\smith05.01\_work\257\s\tests\chg.identityprovider.tests\bin\release\net9.0\chg.identityprovider.tests.dll" id="70a3f383-6bf8-3c18-0ad9-14901b9a9938">
      <Execution id="180a6230-73b3-4d66-96e9-4777567c4636" />
      <TestMethod codeBase="D:\Agents\smith05.01\_work\257\s\tests\CHG.IdentityProvider.Tests\bin\Release\net9.0\CHG.IdentityProvider.Tests.dll" adapterTypeName="executor://nunit3testexecutor/" className="CHG.IdentityProvider.Tests.Controllers.Api.UserApiControllerTests+UpdateMethod" name="Updates_FirstName" />
    </UnitTest>
    <UnitTest name="Does_Not_Returns_Past_Values" storage="d:\agents\smith05.01\_work\257\s\tests\chg.identityprovider.tests\bin\release\net9.0\chg.identityprovider.tests.dll" id="30d38230-700b-2015-5de7-f8c35a3772bd">
      <Execution id="ae77974c-3ef7-443b-83d6-c4cb76cd957e" />
      <TestMethod codeBase="D:\Agents\smith05.01\_work\257\s\tests\CHG.IdentityProvider.Tests\bin\Release\net9.0\CHG.IdentityProvider.Tests.dll" adapterTypeName="executor://nunit3testexecutor/" className="CHG.IdentityProvider.Tests.Services.BlockedUserLoginsServiceTests+GetNextPossibleLoginTimestampMethod" name="Does_Not_Returns_Past_Values" />
    </UnitTest>
    <UnitTest name="Returns_InternetExplorer(&quot;Mozilla/5.0 (Windows NT 10.0; WOW64; Trident/7.0; rv:11.0) like Gecko&quot;)" storage="d:\agents\smith05.01\_work\257\s\tests\chg.identityprovider.tests\bin\release\net9.0\chg.identityprovider.tests.dll" id="d8a96375-e583-8582-21b5-24ded6be2375">
      <Execution id="af779575-54fb-47f3-8c5b-ba83a70689e4" />
      <TestMethod codeBase="D:\Agents\smith05.01\_work\257\s\tests\CHG.IdentityProvider.Tests\bin\Release\net9.0\CHG.IdentityProvider.Tests.dll" adapterTypeName="executor://nunit3testexecutor/" className="CHG.IdentityProvider.Tests.Services.BrowserDetectorTests+GetBrowserTypeMethod" name="Returns_InternetExplorer(&quot;Mozilla/5.0 (Windows NT 10.0; WOW64; Trident/7.0; rv:11.0) like Gecko&quot;)" />
    </UnitTest>
    <UnitTest name="Does_Not_Add_External_Claims_To_WsFederationl_When_Allowed_Scope_Not_Set" storage="d:\agents\smith05.01\_work\257\s\tests\chg.identityprovider.tests\bin\release\net9.0\chg.identityprovider.tests.dll" id="69da6de7-c71a-877a-aac9-972e128ccc8e">
      <Execution id="56730032-ebdd-45c0-bf4f-8a26991fcd83" />
      <TestMethod codeBase="D:\Agents\smith05.01\_work\257\s\tests\CHG.IdentityProvider.Tests\bin\Release\net9.0\CHG.IdentityProvider.Tests.dll" adapterTypeName="executor://nunit3testexecutor/" className="CHG.IdentityProvider.Tests.Services.ExtendedProfileServiceTests+GetProfileDataAsyncMethod" name="Does_Not_Add_External_Claims_To_WsFederationl_When_Allowed_Scope_Not_Set" />
    </UnitTest>
    <UnitTest name="Calls_Inner_Service" storage="d:\agents\smith05.01\_work\257\s\tests\chg.identityprovider.tests\bin\release\net9.0\chg.identityprovider.tests.dll" id="6fca2e4f-07bc-74d7-971d-f5156f630b00">
      <Execution id="2c9d0d83-e2e2-4c53-bf5b-3ee3c85e23f2" />
      <TestMethod codeBase="D:\Agents\smith05.01\_work\257\s\tests\CHG.IdentityProvider.Tests\bin\Release\net9.0\CHG.IdentityProvider.Tests.dll" adapterTypeName="executor://nunit3testexecutor/" className="CHG.IdentityProvider.Tests.Services.Saml.ExtendedSamlClaimsServiceTests+MapToSamlClaimsMethod" name="Calls_Inner_Service" />
    </UnitTest>
    <UnitTest name="Returns_True_For_Api_Call" storage="d:\agents\smith05.01\_work\257\s\tests\chg.identityprovider.tests\bin\release\net9.0\chg.identityprovider.tests.dll" id="52333d4b-1545-359d-5d27-d4d211de1595">
      <Execution id="9df5404a-bc1a-47b4-8cad-56e47022c8c8" />
      <TestMethod codeBase="D:\Agents\smith05.01\_work\257\s\tests\CHG.IdentityProvider.Tests\bin\Release\net9.0\CHG.IdentityProvider.Tests.dll" adapterTypeName="executor://nunit3testexecutor/" className="CHG.IdentityProvider.Tests.HttpContextExtensionsTests+IsSamlCallMethod" name="Returns_True_For_Api_Call" />
    </UnitTest>
    <UnitTest name="Removes_Helper_Attributes" storage="d:\agents\smith05.01\_work\257\s\tests\chg.identityprovider.tests\bin\release\net9.0\chg.identityprovider.tests.dll" id="7af498a0-5766-a925-c052-a082928e22d6">
      <Execution id="141f9c62-2e72-4f55-9f47-09dfb1c17eb9" />
      <TestMethod codeBase="D:\Agents\smith05.01\_work\257\s\tests\CHG.IdentityProvider.Tests\bin\Release\net9.0\CHG.IdentityProvider.Tests.dll" adapterTypeName="executor://nunit3testexecutor/" className="CHG.IdentityProvider.Tests.TagHelpers.AddActiveIfCurrentActionTests+ProcessMethod" name="Removes_Helper_Attributes" />
    </UnitTest>
    <UnitTest name="Change_LogLevel_Of_Unhealthy_HealthChecks" storage="d:\agents\smith05.01\_work\257\s\tests\chg.identityprovider.tests\bin\release\net9.0\chg.identityprovider.tests.dll" id="c6a7a3ea-9596-20bb-4f4b-8338f339cdce">
      <Execution id="d280861f-14de-4ba5-b6be-2ef976080bc7" />
      <TestMethod codeBase="D:\Agents\smith05.01\_work\257\s\tests\CHG.IdentityProvider.Tests\bin\Release\net9.0\CHG.IdentityProvider.Tests.dll" adapterTypeName="executor://nunit3testexecutor/" className="CHG.IdentityProvider.Tests.Configuration.HealthCheckLogLevelEnricherTests+EnrichMethod" name="Change_LogLevel_Of_Unhealthy_HealthChecks" />
    </UnitTest>
    <UnitTest name="Calls_No_Graph_Api_On_OnTokenValidated_When_ResolveGroupNames_Is_Set_But_ObjectIdentifier_Claim_Is_Missing" storage="d:\agents\smith05.01\_work\257\s\tests\chg.identityprovider.tests\bin\release\net9.0\chg.identityprovider.tests.dll" id="d82cd6d3-f677-895d-242e-8ca32b4bd548">
      <Execution id="1aa74b45-8da2-47a3-8fae-b7ed352873c9" />
      <TestMethod codeBase="D:\Agents\smith05.01\_work\257\s\tests\CHG.IdentityProvider.Tests\bin\Release\net9.0\CHG.IdentityProvider.Tests.dll" adapterTypeName="executor://nunit3testexecutor/" className="CHG.IdentityProvider.Tests.LoginProviders.Configuration.AzureConfigureOptionsTests+ConfigureMethod" name="Calls_No_Graph_Api_On_OnTokenValidated_When_ResolveGroupNames_Is_Set_But_ObjectIdentifier_Claim_Is_Missing" />
    </UnitTest>
    <UnitTest name="Sends_Link_To_Customized_Sender_Of_Factory" storage="d:\agents\smith05.01\_work\257\s\tests\chg.identityprovider.tests\bin\release\net9.0\chg.identityprovider.tests.dll" id="38eb0d90-d708-c6bb-b76b-4ae5478deb2a">
      <Execution id="905895b5-0fe3-4c99-96f7-ca839d0e06f3" />
      <TestMethod codeBase="D:\Agents\smith05.01\_work\257\s\tests\CHG.IdentityProvider.Tests\bin\Release\net9.0\CHG.IdentityProvider.Tests.dll" adapterTypeName="executor://nunit3testexecutor/" className="CHG.IdentityProvider.Tests.BusinessLogic.Services.UserNotificationSenderDispatcherTests+SendResetPasswordLinkAsyncMethod" name="Sends_Link_To_Customized_Sender_Of_Factory" />
    </UnitTest>
    <UnitTest name="Returns_Default_Value_For_Failed_Operation" storage="d:\agents\smith05.01\_work\257\s\tests\chg.identityprovider.tests\bin\release\net9.0\chg.identityprovider.tests.dll" id="2c9a9d87-8e23-1cd4-016b-a60ead601e45">
      <Execution id="5071b3b9-4718-43b3-8d4c-ec2cf592d3dc" />
      <TestMethod codeBase="D:\Agents\smith05.01\_work\257\s\tests\CHG.IdentityProvider.Tests\bin\Release\net9.0\CHG.IdentityProvider.Tests.dll" adapterTypeName="executor://nunit3testexecutor/" className="CHG.IdentityProvider.Tests.BusinessLogic.LanguageUtilsTests+IgnoreErrorsMethod" name="Returns_Default_Value_For_Failed_Operation" />
    </UnitTest>
    <UnitTest name="Allows_Updates_On_The_ChgAzureAd_LoginProvider_For_ChgLoginProviderAdmins" storage="d:\agents\smith05.01\_work\257\s\tests\chg.identityprovider.tests\bin\release\net9.0\chg.identityprovider.tests.dll" id="140fac6b-ea5e-639c-3dea-50783164297d">
      <Execution id="f41e40f8-9bb6-403a-bcea-d861b4734d8a" />
      <TestMethod codeBase="D:\Agents\smith05.01\_work\257\s\tests\CHG.IdentityProvider.Tests\bin\Release\net9.0\CHG.IdentityProvider.Tests.dll" adapterTypeName="executor://nunit3testexecutor/" className="CHG.IdentityProvider.Tests.Controllers.LoginProvidersControllerTest+DetailPostMethod" name="Allows_Updates_On_The_ChgAzureAd_LoginProvider_For_ChgLoginProviderAdmins" />
    </UnitTest>
    <UnitTest name="Returns_Inverted_JsonResult_From_Provider(False)" storage="d:\agents\smith05.01\_work\257\s\tests\chg.identityprovider.tests\bin\release\net9.0\chg.identityprovider.tests.dll" id="e458d382-9161-c112-b8eb-0dd1463e7620">
      <Execution id="c87c3e0c-f6e5-45f3-9a59-71686abd1446" />
      <TestMethod codeBase="D:\Agents\smith05.01\_work\257\s\tests\CHG.IdentityProvider.Tests\bin\Release\net9.0\CHG.IdentityProvider.Tests.dll" adapterTypeName="executor://nunit3testexecutor/" className="CHG.IdentityProvider.Tests.Controllers.Api.PasswordStrengthApiControllerTests+VerifyPasswordMethod" name="Returns_Inverted_JsonResult_From_Provider(False)" />
    </UnitTest>
    <UnitTest name="Adds_External_Claims_To_AccessToken" storage="d:\agents\smith05.01\_work\257\s\tests\chg.identityprovider.tests\bin\release\net9.0\chg.identityprovider.tests.dll" id="d3893e34-bf86-6d7d-3f50-51fdd5ff8af0">
      <Execution id="9496d48e-5218-41b6-9dd6-c909023379d8" />
      <TestMethod codeBase="D:\Agents\smith05.01\_work\257\s\tests\CHG.IdentityProvider.Tests\bin\Release\net9.0\CHG.IdentityProvider.Tests.dll" adapterTypeName="executor://nunit3testexecutor/" className="CHG.IdentityProvider.Tests.Services.ExtendedProfileServiceTests+GetProfileDataAsyncMethod" name="Adds_External_Claims_To_AccessToken" />
    </UnitTest>
    <UnitTest name="Gets_Test_Client_By_Client_Id_Query_Parameter" storage="d:\agents\smith05.01\_work\257\s\tests\chg.identityprovider.tests\bin\release\net9.0\chg.identityprovider.tests.dll" id="736a3ba9-e646-0f9b-7e50-23a058addfb6">
      <Execution id="55fdce86-93fd-4780-b7e7-2189915a01e1" />
      <TestMethod codeBase="D:\Agents\smith05.01\_work\257\s\tests\CHG.IdentityProvider.Tests\bin\Release\net9.0\CHG.IdentityProvider.Tests.dll" adapterTypeName="executor://nunit3testexecutor/" className="CHG.IdentityProvider.Tests.BusinessLogic.Services.ClientContextRetrieverTests+GetCurrentClientCustomizationAsyncMethod" name="Gets_Test_Client_By_Client_Id_Query_Parameter" />
    </UnitTest>
    <UnitTest name="Does_Nothing_If_Does_Not_Match_Name_Exactly(&quot;selectedField&quot;)" storage="d:\agents\smith05.01\_work\257\s\tests\chg.identityprovider.tests\bin\release\net9.0\chg.identityprovider.tests.dll" id="915d8bc6-7a4b-9c69-6a5e-25b938e6b07f">
      <Execution id="9e231077-1129-46a1-8032-f61375b3bcc8" />
      <TestMethod codeBase="D:\Agents\smith05.01\_work\257\s\tests\CHG.IdentityProvider.Tests\bin\Release\net9.0\CHG.IdentityProvider.Tests.dll" adapterTypeName="executor://nunit3testexecutor/" className="CHG.IdentityProvider.Tests.TagHelpers.RemoveClassIfCurrentControllerTests+ProcessMethod" name="Does_Nothing_If_Does_Not_Match_Name_Exactly(&quot;selectedField&quot;)" />
    </UnitTest>
    <UnitTest name="Throws_ArgumentNull_Exception_When_Repository_Is_Null" storage="d:\agents\smith05.01\_work\257\s\tests\chg.identityprovider.tests\bin\release\net9.0\chg.identityprovider.tests.dll" id="c530a5bd-9ca2-06fb-bbf5-ee9a788de2f0">
      <Execution id="c9434474-81be-4d39-99f4-2573ec90aaf5" />
      <TestMethod codeBase="D:\Agents\smith05.01\_work\257\s\tests\CHG.IdentityProvider.Tests\bin\Release\net9.0\CHG.IdentityProvider.Tests.dll" adapterTypeName="executor://nunit3testexecutor/" className="CHG.IdentityProvider.Tests.Services.Saml.ExtendedSamlClaimsServiceTests+CtorMethod" name="Throws_ArgumentNull_Exception_When_Repository_Is_Null" />
    </UnitTest>
    <UnitTest name="Returns_InternetExplorer(&quot;Mozilla/5.0 (Windows NT 10.0; Trident/7.0; rv:11.0) like Gecko&quot;)" storage="d:\agents\smith05.01\_work\257\s\tests\chg.identityprovider.tests\bin\release\net9.0\chg.identityprovider.tests.dll" id="25a08192-8a7f-a010-19a5-4409f671351b">
      <Execution id="577f17ec-ef0c-47a4-be5b-88e37df075ca" />
      <TestMethod codeBase="D:\Agents\smith05.01\_work\257\s\tests\CHG.IdentityProvider.Tests\bin\Release\net9.0\CHG.IdentityProvider.Tests.dll" adapterTypeName="executor://nunit3testexecutor/" className="CHG.IdentityProvider.Tests.Services.BrowserDetectorTests+GetBrowserTypeMethod" name="Returns_InternetExplorer(&quot;Mozilla/5.0 (Windows NT 10.0; Trident/7.0; rv:11.0) like Gecko&quot;)" />
    </UnitTest>
    <UnitTest name="Searches_AzureAD_User_By_UPN" storage="d:\agents\smith05.01\_work\257\s\tests\chg.identityprovider.tests\bin\release\net9.0\chg.identityprovider.tests.dll" id="4cf80e03-81fc-ee7e-42a3-4a35be0e2c64">
      <Execution id="11b919e5-2524-4e73-a26d-7c7b433fa83f" />
      <TestMethod codeBase="D:\Agents\smith05.01\_work\257\s\tests\CHG.IdentityProvider.Tests\bin\Release\net9.0\CHG.IdentityProvider.Tests.dll" adapterTypeName="executor://nunit3testexecutor/" className="CHG.IdentityProvider.Tests.Services.UserCreationServiceTests+CreateChgUserAsyncMethod" name="Searches_AzureAD_User_By_UPN" />
    </UnitTest>
    <UnitTest name="External_User_Dont_Retrieve_ResetPassword_Mails" storage="d:\agents\smith05.01\_work\257\s\tests\chg.identityprovider.tests\bin\release\net9.0\chg.identityprovider.tests.dll" id="12b7d26c-41c3-eb7b-4c28-fca9d7661392">
      <Execution id="933e9834-3a04-4c93-9ab8-07f4a3d8cf1b" />
      <TestMethod codeBase="D:\Agents\smith05.01\_work\257\s\tests\CHG.IdentityProvider.Tests\bin\Release\net9.0\CHG.IdentityProvider.Tests.dll" adapterTypeName="executor://nunit3testexecutor/" className="CHG.IdentityProvider.Tests.Controllers.AccountControllerTests+ForgotPasswordAction" name="External_User_Dont_Retrieve_ResetPassword_Mails" />
    </UnitTest>
    <UnitTest name="Returns_AzureModel" storage="d:\agents\smith05.01\_work\257\s\tests\chg.identityprovider.tests\bin\release\net9.0\chg.identityprovider.tests.dll" id="7053fdec-4c9e-b33d-a8be-669bf410c184">
      <Execution id="4fde3b95-eecd-4d36-9690-4b54a6c795b1" />
      <TestMethod codeBase="D:\Agents\smith05.01\_work\257\s\tests\CHG.IdentityProvider.Tests\bin\Release\net9.0\CHG.IdentityProvider.Tests.dll" adapterTypeName="executor://nunit3testexecutor/" className="CHG.IdentityProvider.Tests.LoginProviders.LoginProviderMapperTests+MapToLoginProviderModelMethod" name="Returns_AzureModel" />
    </UnitTest>
    <UnitTest name="Throws_Exception_When_Client_Could_Not_Be_Determined" storage="d:\agents\smith05.01\_work\257\s\tests\chg.identityprovider.tests\bin\release\net9.0\chg.identityprovider.tests.dll" id="22d25337-95b4-6b5b-3bf5-1aa41f501f31">
      <Execution id="3ae4587e-2bcb-416f-96cb-7cb26d55588b" />
      <TestMethod codeBase="D:\Agents\smith05.01\_work\257\s\tests\CHG.IdentityProvider.Tests\bin\Release\net9.0\CHG.IdentityProvider.Tests.dll" adapterTypeName="executor://nunit3testexecutor/" className="CHG.IdentityProvider.Tests.BusinessLogic.Services.UserNotificationCommandSenderTests+SendResetPasswordLinkAsyncMethod" name="Throws_Exception_When_Client_Could_Not_Be_Determined" />
    </UnitTest>
    <UnitTest name="Returns_Future_Value" storage="d:\agents\smith05.01\_work\257\s\tests\chg.identityprovider.tests\bin\release\net9.0\chg.identityprovider.tests.dll" id="666687b5-9078-ce95-0d11-afcabd5656c0">
      <Execution id="99539421-cce3-4057-bb36-e1fceead1a05" />
      <TestMethod codeBase="D:\Agents\smith05.01\_work\257\s\tests\CHG.IdentityProvider.Tests\bin\Release\net9.0\CHG.IdentityProvider.Tests.dll" adapterTypeName="executor://nunit3testexecutor/" className="CHG.IdentityProvider.Tests.Services.BlockedUserLoginsServiceTests+GetNextPossibleLoginTimestampMethod" name="Returns_Future_Value" />
    </UnitTest>
    <UnitTest name="Does_Nothing_If_No_Href_Attribute_Exist" storage="d:\agents\smith05.01\_work\257\s\tests\chg.identityprovider.tests\bin\release\net9.0\chg.identityprovider.tests.dll" id="7014e715-179f-08ac-4071-a48c534b3862">
      <Execution id="4e1ba18f-d137-49db-8604-d2564d0bf186" />
      <TestMethod codeBase="D:\Agents\smith05.01\_work\257\s\tests\CHG.IdentityProvider.Tests\bin\Release\net9.0\CHG.IdentityProvider.Tests.dll" adapterTypeName="executor://nunit3testexecutor/" className="CHG.IdentityProvider.Tests.TagHelpers.AddActiveIfCurrentActionTests+ProcessMethod" name="Does_Nothing_If_No_Href_Attribute_Exist" />
    </UnitTest>
    <UnitTest name="Returns_True_For_File_Call(&quot;https://localhost/js/site.js?v=2yW9W2jjd-ZgGewWZvGiDtVLyaCnXbM31nFlXSzVdbU&amp;v=2yW9W2jjd-ZgGewWZvGiDtV&quot;)" storage="d:\agents\smith05.01\_work\257\s\tests\chg.identityprovider.tests\bin\release\net9.0\chg.identityprovider.tests.dll" id="527d01eb-73ef-9570-f17c-2de519074e24">
      <Execution id="c6529b29-12ad-47cf-ab01-9e6d598ed89e" />
      <TestMethod codeBase="D:\Agents\smith05.01\_work\257\s\tests\CHG.IdentityProvider.Tests\bin\Release\net9.0\CHG.IdentityProvider.Tests.dll" adapterTypeName="executor://nunit3testexecutor/" className="CHG.IdentityProvider.Tests.HttpContextExtensionsTests+IsFileRessourceCallMethod" name="Returns_True_For_File_Call(&quot;https://localhost/js/site.js?v=2yW9W2jjd-ZgGewWZvGiDtVLyaCnXbM31nFlXSzVdbU&amp;v=2yW9W2jjd-ZgGewWZvGiDtV&quot;)" />
    </UnitTest>
    <UnitTest name="Does_Not_Throw_Exception_On_Null_Clients" storage="d:\agents\smith05.01\_work\257\s\tests\chg.identityprovider.tests\bin\release\net9.0\chg.identityprovider.tests.dll" id="7e4f6211-3228-c2ee-c8a6-0ce6cb409396">
      <Execution id="53e4ecba-86e5-40f3-b646-f7047c36efe1" />
      <TestMethod codeBase="D:\Agents\smith05.01\_work\257\s\tests\CHG.IdentityProvider.Tests\bin\Release\net9.0\CHG.IdentityProvider.Tests.dll" adapterTypeName="executor://nunit3testexecutor/" className="CHG.IdentityProvider.Tests.Infrastructure.SamlImporterTests" name="Does_Not_Throw_Exception_On_Null_Clients" />
    </UnitTest>
    <UnitTest name="Returns_StatusMessage_With_Error_When_DeletingFails" storage="d:\agents\smith05.01\_work\257\s\tests\chg.identityprovider.tests\bin\release\net9.0\chg.identityprovider.tests.dll" id="e8a97d6a-1204-a9cc-90fc-7437b7dabfdb">
      <Execution id="d691acc2-8b17-4998-969c-bfd966eb48a8" />
      <TestMethod codeBase="D:\Agents\smith05.01\_work\257\s\tests\CHG.IdentityProvider.Tests\bin\Release\net9.0\CHG.IdentityProvider.Tests.dll" adapterTypeName="executor://nunit3testexecutor/" className="CHG.IdentityProvider.Tests.Controllers.LoginProvidersControllerTest+DeleteMethod" name="Returns_StatusMessage_With_Error_When_DeletingFails" />
    </UnitTest>
    <UnitTest name="Returns_Inverted_JsonResult_From_Provider(True)" storage="d:\agents\smith05.01\_work\257\s\tests\chg.identityprovider.tests\bin\release\net9.0\chg.identityprovider.tests.dll" id="33260c40-bb67-b857-3bab-2ad5b7b48ddc">
      <Execution id="360e43fa-e9e0-4092-9561-66fa68f3b235" />
      <TestMethod codeBase="D:\Agents\smith05.01\_work\257\s\tests\CHG.IdentityProvider.Tests\bin\Release\net9.0\CHG.IdentityProvider.Tests.dll" adapterTypeName="executor://nunit3testexecutor/" className="CHG.IdentityProvider.Tests.Controllers.Api.PasswordStrengthApiControllerTests+VerifyPasswordMethod" name="Returns_Inverted_JsonResult_From_Provider(True)" />
    </UnitTest>
    <UnitTest name="Can_Handle_ClientSecretExpirationDate_Correctly" storage="d:\agents\smith05.01\_work\257\s\tests\chg.identityprovider.tests\bin\release\net9.0\chg.identityprovider.tests.dll" id="e79c9461-0ce6-02f9-aeff-bcc9154c97e4">
      <Execution id="f0963f2c-b6b5-49cd-81e8-92a4e23c5982" />
      <TestMethod codeBase="D:\Agents\smith05.01\_work\257\s\tests\CHG.IdentityProvider.Tests\bin\Release\net9.0\CHG.IdentityProvider.Tests.dll" adapterTypeName="executor://nunit3testexecutor/" className="CHG.IdentityProvider.Tests.LoginProviders.LoginProviderMapperTests+MapToLoginProviderModelMethod" name="Can_Handle_ClientSecretExpirationDate_Correctly" />
    </UnitTest>
    <UnitTest name="Logs_The_Entire_IP_Address_If_It_Is_A_Local_Address(&quot;fec0::1&quot;)" storage="d:\agents\smith05.01\_work\257\s\tests\chg.identityprovider.tests\bin\release\net9.0\chg.identityprovider.tests.dll" id="c6d25c77-eac9-bead-533a-8e6d69e9e2cc">
      <Execution id="5941b93f-a8e5-4274-b73d-d8227674a792" />
      <TestMethod codeBase="D:\Agents\smith05.01\_work\257\s\tests\CHG.IdentityProvider.Tests\bin\Release\net9.0\CHG.IdentityProvider.Tests.dll" adapterTypeName="executor://nunit3testexecutor/" className="CHG.IdentityProvider.Tests.Infrastructure.LoggingSetupTests+TheEnrichFromHttpContextMethod" name="Logs_The_Entire_IP_Address_If_It_Is_A_Local_Address(&quot;fec0::1&quot;)" />
    </UnitTest>
    <UnitTest name="Gets_MVC_Client_By_ClientId_Post_Form_Parameter" storage="d:\agents\smith05.01\_work\257\s\tests\chg.identityprovider.tests\bin\release\net9.0\chg.identityprovider.tests.dll" id="ccba5866-2acb-3152-2be9-1d167b8b0d5f">
      <Execution id="69495fbc-8b07-4d69-afd6-0650ffd92eff" />
      <TestMethod codeBase="D:\Agents\smith05.01\_work\257\s\tests\CHG.IdentityProvider.Tests\bin\Release\net9.0\CHG.IdentityProvider.Tests.dll" adapterTypeName="executor://nunit3testexecutor/" className="CHG.IdentityProvider.Tests.BusinessLogic.Services.ClientContextRetrieverTests+GetCurrentClientCustomizationAsyncMethod" name="Gets_MVC_Client_By_ClientId_Post_Form_Parameter" />
    </UnitTest>
    <UnitTest name="Calls_TemplateEngine_And_Sender" storage="d:\agents\smith05.01\_work\257\s\tests\chg.identityprovider.tests\bin\release\net9.0\chg.identityprovider.tests.dll" id="e12ce9f8-af9f-b5c7-c3c3-01b19ae3366a">
      <Execution id="ef380670-3987-412c-a197-27d5d8aa9cd1" />
      <TestMethod codeBase="D:\Agents\smith05.01\_work\257\s\tests\CHG.IdentityProvider.Tests\bin\Release\net9.0\CHG.IdentityProvider.Tests.dll" adapterTypeName="executor://nunit3testexecutor/" className="CHG.IdentityProvider.Tests.Services.TemplatedEmailSenderTests+SendGeneralEmailAsyncMethod" name="Calls_TemplateEngine_And_Sender" />
    </UnitTest>
    <UnitTest name="Requested_Cache_Key_Is_Build_By_Using_The_Test_Run_Id" storage="d:\agents\smith05.01\_work\257\s\tests\chg.identityprovider.tests\bin\release\net9.0\chg.identityprovider.tests.dll" id="f88f623c-316d-0f2c-3496-0638de01b1f4">
      <Execution id="5daf4f98-9dca-4f9c-bc12-9698bad2bc71" />
      <TestMethod codeBase="D:\Agents\smith05.01\_work\257\s\tests\CHG.IdentityProvider.Tests\bin\Release\net9.0\CHG.IdentityProvider.Tests.dll" adapterTypeName="executor://nunit3testexecutor/" className="CHG.IdentityProvider.Tests.Services.LoginProviderTestLogTests+PopTestLogMethod" name="Requested_Cache_Key_Is_Build_By_Using_The_Test_Run_Id" />
    </UnitTest>
    <UnitTest name="Logs_The_First_Two_Octets_Of_An_IPv4_Address(&quot;1.1.1.1&quot;,&quot;1.1.xx.xx&quot;)" storage="d:\agents\smith05.01\_work\257\s\tests\chg.identityprovider.tests\bin\release\net9.0\chg.identityprovider.tests.dll" id="6b0905e9-a535-7ad7-c3c9-d2d46470ba6b">
      <Execution id="d437ee3b-9e3d-46a3-8d1f-db1406360a8e" />
      <TestMethod codeBase="D:\Agents\smith05.01\_work\257\s\tests\CHG.IdentityProvider.Tests\bin\Release\net9.0\CHG.IdentityProvider.Tests.dll" adapterTypeName="executor://nunit3testexecutor/" className="CHG.IdentityProvider.Tests.Infrastructure.LoggingSetupTests+TheEnrichFromHttpContextMethod" name="Logs_The_First_Two_Octets_Of_An_IPv4_Address(&quot;1.1.1.1&quot;,&quot;1.1.xx.xx&quot;)" />
    </UnitTest>
    <UnitTest name="Gets_MVC_Client_By_Encoded_ReturnUrl_Post_Form_Parameter" storage="d:\agents\smith05.01\_work\257\s\tests\chg.identityprovider.tests\bin\release\net9.0\chg.identityprovider.tests.dll" id="b2637e8c-05c8-ce46-11d3-0977237ded27">
      <Execution id="3cf42285-7de0-4f15-9f45-a20669a39196" />
      <TestMethod codeBase="D:\Agents\smith05.01\_work\257\s\tests\CHG.IdentityProvider.Tests\bin\Release\net9.0\CHG.IdentityProvider.Tests.dll" adapterTypeName="executor://nunit3testexecutor/" className="CHG.IdentityProvider.Tests.BusinessLogic.Services.ClientContextRetrieverTests+GetCurrentClientCustomizationAsyncMethod" name="Gets_MVC_Client_By_Encoded_ReturnUrl_Post_Form_Parameter" />
    </UnitTest>
    <UnitTest name="Adds_Idp_Claim_To_Saml" storage="d:\agents\smith05.01\_work\257\s\tests\chg.identityprovider.tests\bin\release\net9.0\chg.identityprovider.tests.dll" id="328a7545-5fd4-a1cf-0b77-39c855cac34a">
      <Execution id="9aa1746d-9783-41c1-b58a-0fd6063665fe" />
      <TestMethod codeBase="D:\Agents\smith05.01\_work\257\s\tests\CHG.IdentityProvider.Tests\bin\Release\net9.0\CHG.IdentityProvider.Tests.dll" adapterTypeName="executor://nunit3testexecutor/" className="CHG.IdentityProvider.Tests.Services.ExtendedProfileServiceTests+GetProfileDataAsyncMethod" name="Adds_Idp_Claim_To_Saml" />
    </UnitTest>
    <UnitTest name="Removes_Class_Attribute_If_Empty" storage="d:\agents\smith05.01\_work\257\s\tests\chg.identityprovider.tests\bin\release\net9.0\chg.identityprovider.tests.dll" id="15f2b3e1-88f9-275e-3008-95e868bce913">
      <Execution id="95757965-772c-48b4-93a3-0a18b7253454" />
      <TestMethod codeBase="D:\Agents\smith05.01\_work\257\s\tests\CHG.IdentityProvider.Tests\bin\Release\net9.0\CHG.IdentityProvider.Tests.dll" adapterTypeName="executor://nunit3testexecutor/" className="CHG.IdentityProvider.Tests.TagHelpers.RemoveClassIfCurrentControllerTests+ProcessMethod" name="Removes_Class_Attribute_If_Empty" />
    </UnitTest>
    <UnitTest name="Throws_ArgumentException_When_Options_Is_Null" storage="d:\agents\smith05.01\_work\257\s\tests\chg.identityprovider.tests\bin\release\net9.0\chg.identityprovider.tests.dll" id="36e6b7c7-56d7-bfa7-090b-979ec005a524">
      <Execution id="e3f14962-15c7-4392-a46e-af28a49ce4a4" />
      <TestMethod codeBase="D:\Agents\smith05.01\_work\257\s\tests\CHG.IdentityProvider.Tests\bin\Release\net9.0\CHG.IdentityProvider.Tests.dll" adapterTypeName="executor://nunit3testexecutor/" className="CHG.IdentityProvider.Tests.Services.EmailSenderTests+CtorMethod" name="Throws_ArgumentException_When_Options_Is_Null" />
    </UnitTest>
    <UnitTest name="Maps_ExtendedClient_With_ClientType_By_GrantType(&quot;implicit&quot;,LegacyClientSide)" storage="d:\agents\smith05.01\_work\257\s\tests\chg.identityprovider.tests\bin\release\net9.0\chg.identityprovider.tests.dll" id="3f4c7e30-b1f0-2081-44ba-9bce1a0f971a">
      <Execution id="0796b38f-53f6-4893-b4c6-6c097271b1d8" />
      <TestMethod codeBase="D:\Agents\smith05.01\_work\257\s\tests\CHG.IdentityProvider.Tests\bin\Release\net9.0\CHG.IdentityProvider.Tests.dll" adapterTypeName="executor://nunit3testexecutor/" className="CHG.IdentityProvider.Tests.Mappings.ImportClientModelMapperTests+MapToExtendedClientMethod" name="Maps_ExtendedClient_With_ClientType_By_GrantType(&quot;implicit&quot;,LegacyClientSide)" />
    </UnitTest>
    <UnitTest name="Shows_Error_Page_If_User_Can_Not_Be_Unlocked" storage="d:\agents\smith05.01\_work\257\s\tests\chg.identityprovider.tests\bin\release\net9.0\chg.identityprovider.tests.dll" id="9e989002-4a81-e370-0222-df09100613c8">
      <Execution id="ac2ba8fb-170d-4f2a-92ef-a91bd4eb9b85" />
      <TestMethod codeBase="D:\Agents\smith05.01\_work\257\s\tests\CHG.IdentityProvider.Tests\bin\Release\net9.0\CHG.IdentityProvider.Tests.dll" adapterTypeName="executor://nunit3testexecutor/" className="CHG.IdentityProvider.Tests.Controllers.AccountControllerTests+UnlockUserAction" name="Shows_Error_Page_If_User_Can_Not_Be_Unlocked" />
    </UnitTest>
    <UnitTest name="Returns_True_For_Valid_Email(&quot;test@hans.com&quot;)" storage="d:\agents\smith05.01\_work\257\s\tests\chg.identityprovider.tests\bin\release\net9.0\chg.identityprovider.tests.dll" id="0effb666-e3ae-84c2-58e7-66ca8c3c064d">
      <Execution id="3c7682cb-b433-47cb-b217-9242e0c964f3" />
      <TestMethod codeBase="D:\Agents\smith05.01\_work\257\s\tests\CHG.IdentityProvider.Tests\bin\Release\net9.0\CHG.IdentityProvider.Tests.dll" adapterTypeName="executor://nunit3testexecutor/" className="CHG.IdentityProvider.Tests.Extensions.EmailUtilsTests+IsValidEmailMethod" name="Returns_True_For_Valid_Email(&quot;test@hans.com&quot;)" />
    </UnitTest>
    <UnitTest name="Ensure_LoginProviderTypes_Either_Support_ClientSecret_Expiration_Or_Are_Excluded_From_The_Check" storage="d:\agents\smith05.01\_work\257\s\tests\chg.identityprovider.tests\bin\release\net9.0\chg.identityprovider.tests.dll" id="607359d5-ada5-9eba-f85c-f986eca681bf">
      <Execution id="c2438f10-35ea-43b0-8f33-e863c3313a4f" />
      <TestMethod codeBase="D:\Agents\smith05.01\_work\257\s\tests\CHG.IdentityProvider.Tests\bin\Release\net9.0\CHG.IdentityProvider.Tests.dll" adapterTypeName="executor://nunit3testexecutor/" className="CHG.IdentityProvider.Tests.Services.LoginProviderExpirationCheckTests+GetLoginProvidersWithNearlyExpiredClientSecretsMethod" name="Ensure_LoginProviderTypes_Either_Support_ClientSecret_Expiration_Or_Are_Excluded_From_The_Check" />
    </UnitTest>
    <UnitTest name="Throws_Exception_When_Client_QueueName_Is_Empty" storage="d:\agents\smith05.01\_work\257\s\tests\chg.identityprovider.tests\bin\release\net9.0\chg.identityprovider.tests.dll" id="94908e38-9469-467a-05c5-c56d2d50b074">
      <Execution id="9d75126d-4e8d-4c4d-92c7-96785c00c739" />
      <TestMethod codeBase="D:\Agents\smith05.01\_work\257\s\tests\CHG.IdentityProvider.Tests\bin\Release\net9.0\CHG.IdentityProvider.Tests.dll" adapterTypeName="executor://nunit3testexecutor/" className="CHG.IdentityProvider.Tests.BusinessLogic.Services.UserNotificationCommandSenderTests+SendEmailConfirmationLinkAsyncMethod" name="Throws_Exception_When_Client_QueueName_Is_Empty" />
    </UnitTest>
    <UnitTest name="Throws_Exception_When_Client_Could_Not_Be_Determined" storage="d:\agents\smith05.01\_work\257\s\tests\chg.identityprovider.tests\bin\release\net9.0\chg.identityprovider.tests.dll" id="9380c603-106a-e81d-0961-a24a5f0fbc64">
      <Execution id="a0d4d6fe-8d5b-4dd5-bd93-4e736ec61ff0" />
      <TestMethod codeBase="D:\Agents\smith05.01\_work\257\s\tests\CHG.IdentityProvider.Tests\bin\Release\net9.0\CHG.IdentityProvider.Tests.dll" adapterTypeName="executor://nunit3testexecutor/" className="CHG.IdentityProvider.Tests.BusinessLogic.Services.UserNotificationCommandSenderTests+SendAccountLockedLinkAsyncMethod" name="Throws_Exception_When_Client_Could_Not_Be_Determined" />
    </UnitTest>
    <UnitTest name="Returns_False_For_Call_With_Api_Prefix" storage="d:\agents\smith05.01\_work\257\s\tests\chg.identityprovider.tests\bin\release\net9.0\chg.identityprovider.tests.dll" id="0d24b4ca-f43e-16df-795d-9fff71c0b8cf">
      <Execution id="9acb2718-adee-4bdb-b51d-0b72b6f1b7b8" />
      <TestMethod codeBase="D:\Agents\smith05.01\_work\257\s\tests\CHG.IdentityProvider.Tests\bin\Release\net9.0\CHG.IdentityProvider.Tests.dll" adapterTypeName="executor://nunit3testexecutor/" className="CHG.IdentityProvider.Tests.HttpContextExtensionsTests+IsFileRessourceCallMethod" name="Returns_False_For_Call_With_Api_Prefix" />
    </UnitTest>
    <UnitTest name="Maps_Simple_Properties_To_Client_Entity" storage="d:\agents\smith05.01\_work\257\s\tests\chg.identityprovider.tests\bin\release\net9.0\chg.identityprovider.tests.dll" id="c4adaf47-810b-d625-417b-62920a61bc98">
      <Execution id="cd40b273-c72e-4d6d-8c78-318824dc2cc5" />
      <TestMethod codeBase="D:\Agents\smith05.01\_work\257\s\tests\CHG.IdentityProvider.Tests\bin\Release\net9.0\CHG.IdentityProvider.Tests.dll" adapterTypeName="executor://nunit3testexecutor/" className="CHG.IdentityProvider.Tests.Mappings.ImportProtectedResourceModelMapperTests" name="Maps_Simple_Properties_To_Client_Entity" />
    </UnitTest>
    <UnitTest name="Maps_Properties_Of_Azure_To_A_LoginProvider" storage="d:\agents\smith05.01\_work\257\s\tests\chg.identityprovider.tests\bin\release\net9.0\chg.identityprovider.tests.dll" id="d8be81bf-835b-c83d-ce6e-85ebb68614f4">
      <Execution id="68abd3aa-267b-4f07-b4a6-dc168fa7c278" />
      <TestMethod codeBase="D:\Agents\smith05.01\_work\257\s\tests\CHG.IdentityProvider.Tests\bin\Release\net9.0\CHG.IdentityProvider.Tests.dll" adapterTypeName="executor://nunit3testexecutor/" className="CHG.IdentityProvider.Tests.Mappings.LoginProviderMappingTests" name="Maps_Properties_Of_Azure_To_A_LoginProvider" />
    </UnitTest>
    <UnitTest name="Sends_Correct_Command" storage="d:\agents\smith05.01\_work\257\s\tests\chg.identityprovider.tests\bin\release\net9.0\chg.identityprovider.tests.dll" id="794635c6-789b-7a7c-3860-7495bd4383a4">
      <Execution id="e66e5499-3bc4-4b98-83ac-11fec453c6b7" />
      <TestMethod codeBase="D:\Agents\smith05.01\_work\257\s\tests\CHG.IdentityProvider.Tests\bin\Release\net9.0\CHG.IdentityProvider.Tests.dll" adapterTypeName="executor://nunit3testexecutor/" className="CHG.IdentityProvider.Tests.BusinessLogic.Services.UserNotificationCommandSenderTests+SendAccountLockedLinkAsyncMethod" name="Sends_Correct_Command" />
    </UnitTest>
    <UnitTest name="Adds_External_Claims_To_IdentityToken" storage="d:\agents\smith05.01\_work\257\s\tests\chg.identityprovider.tests\bin\release\net9.0\chg.identityprovider.tests.dll" id="d6911c6b-639e-10ce-5f51-2246b76418c0">
      <Execution id="b3076f38-c34b-463e-a072-6f1043763528" />
      <TestMethod codeBase="D:\Agents\smith05.01\_work\257\s\tests\CHG.IdentityProvider.Tests\bin\Release\net9.0\CHG.IdentityProvider.Tests.dll" adapterTypeName="executor://nunit3testexecutor/" className="CHG.IdentityProvider.Tests.Services.ExtendedProfileServiceTests+GetProfileDataAsyncMethod" name="Adds_External_Claims_To_IdentityToken" />
    </UnitTest>
    <UnitTest name="Removes_Blocked_USer_Login" storage="d:\agents\smith05.01\_work\257\s\tests\chg.identityprovider.tests\bin\release\net9.0\chg.identityprovider.tests.dll" id="8c39c94f-f233-2390-352a-dea637e7b6cd">
      <Execution id="9eca78ef-b6e4-4589-9716-2ccc421e239f" />
      <TestMethod codeBase="D:\Agents\smith05.01\_work\257\s\tests\CHG.IdentityProvider.Tests\bin\Release\net9.0\CHG.IdentityProvider.Tests.dll" adapterTypeName="executor://nunit3testexecutor/" className="CHG.IdentityProvider.Tests.BusinessLogic.Services.IdentityServerSignInManagerTests+AfterSuccessfulLoginMethod" name="Removes_Blocked_USer_Login" />
    </UnitTest>
    <UnitTest name="Sends_Link_To_Client_Endpoint" storage="d:\agents\smith05.01\_work\257\s\tests\chg.identityprovider.tests\bin\release\net9.0\chg.identityprovider.tests.dll" id="5950ac26-1689-57e1-cd3d-852d7411148d">
      <Execution id="9d18508c-5946-42c1-b02d-63ee220df17a" />
      <TestMethod codeBase="D:\Agents\smith05.01\_work\257\s\tests\CHG.IdentityProvider.Tests\bin\Release\net9.0\CHG.IdentityProvider.Tests.dll" adapterTypeName="executor://nunit3testexecutor/" className="CHG.IdentityProvider.Tests.BusinessLogic.Services.UserNotificationCommandSenderTests+SendAccountLockedLinkAsyncMethod" name="Sends_Link_To_Client_Endpoint" />
    </UnitTest>
    <UnitTest name="Logs_UserName(&quot;https://localhost/External/Callback?returnUrl=%2Fconnect%2Fauthorize%2Fcallback%3Fresponse_type%3Dcode%26nonce%3DS4_ecUibIx3gDlmu2gxWbg%26state%3DiKrnRROcgdSCouI65KxTaA%26code_challenge%3Do64_GXFowwNSMMDN3FzQWUHEZVU0QqnWaggSLrGBP2Q%26code_challenge_method%3DS256%26client_id%3Dlas_desktop%26scope%3Dopenid%2520profile%2520offline_access%2520chgprofile%2520email%2520dms_appserver_api%26redirect_uri%3Dhttp%253A%252F%252Flocalhost%252Flas_desktop%26acr_values%3Didp%253ACHGAzureAD%26login_hint%3Dhans.peter@test.com&quot;)" storage="d:\agents\smith05.01\_work\257\s\tests\chg.identityprovider.tests\bin\release\net9.0\chg.identityprovider.tests.dll" id="5c5bfbdb-364e-4210-34cb-0e1da72812b5">
      <Execution id="f1c2aa98-62a7-42b5-ac7c-ca94635bb365" />
      <TestMethod codeBase="D:\Agents\smith05.01\_work\257\s\tests\CHG.IdentityProvider.Tests\bin\Release\net9.0\CHG.IdentityProvider.Tests.dll" adapterTypeName="executor://nunit3testexecutor/" className="CHG.IdentityProvider.Tests.Middleware.UserLoginLoggingMiddlewareTests+InvokeMethod" name="Logs_UserName(&quot;https://localhost/External/Callback?returnUrl=%2Fconnect%2Fauthorize%2Fcallback%3Fresponse_type%3Dcode%26nonce%3DS4_ecUibIx3gDlmu2gxWbg%26state%3DiKrnRROcgdSCouI65KxTaA%26code_challenge%3Do64_GXFowwNSMMDN3FzQWUHEZVU0QqnWaggSLrGBP2Q%26code_challenge_method%3DS256%26client_id%3Dlas_desktop%26scope%3Dopenid%2520profile%2520offline_access%2520chgprofile%2520email%2520dms_appserver_api%26redirect_uri%3Dhttp%253A%252F%252Flocalhost%252Flas_desktop%26acr_values%3Didp%253ACHGAzureAD%26login_hint%3Dhans.peter@test.com&quot;)" />
    </UnitTest>
    <UnitTest name="Create_New_Entry" storage="d:\agents\smith05.01\_work\257\s\tests\chg.identityprovider.tests\bin\release\net9.0\chg.identityprovider.tests.dll" id="35aca1ca-64af-6b93-5fa2-0b3a315deb75">
      <Execution id="9a934346-7e13-466d-953b-a1edc199978b" />
      <TestMethod codeBase="D:\Agents\smith05.01\_work\257\s\tests\CHG.IdentityProvider.Tests\bin\Release\net9.0\CHG.IdentityProvider.Tests.dll" adapterTypeName="executor://nunit3testexecutor/" className="CHG.IdentityProvider.Tests.Extensions.DistributedCacheExtensionsTests+GetOrCreateWithJsonAsyncMethod" name="Create_New_Entry" />
    </UnitTest>
    <UnitTest name="Works_With_Null_Scheme" storage="d:\agents\smith05.01\_work\257\s\tests\chg.identityprovider.tests\bin\release\net9.0\chg.identityprovider.tests.dll" id="e506afbb-e945-82e0-b2b6-3b6e247c7bdd">
      <Execution id="c1dbe89f-5f97-44d8-9fad-9e19aa303be2" />
      <TestMethod codeBase="D:\Agents\smith05.01\_work\257\s\tests\CHG.IdentityProvider.Tests\bin\Release\net9.0\CHG.IdentityProvider.Tests.dll" adapterTypeName="executor://nunit3testexecutor/" className="CHG.IdentityProvider.Tests.Services.CachingIdentityProviderLookupTests+GetEnabledByDomainAsyncMethod" name="Works_With_Null_Scheme" />
    </UnitTest>
    <UnitTest name="Converts_IdentityProviderRestrictions" storage="d:\agents\smith05.01\_work\257\s\tests\chg.identityprovider.tests\bin\release\net9.0\chg.identityprovider.tests.dll" id="2848bda4-ab99-f787-6cc2-0302120bf3e5">
      <Execution id="bee90fa5-6185-44d0-9f74-6f7faebb281d" />
      <TestMethod codeBase="D:\Agents\smith05.01\_work\257\s\tests\CHG.IdentityProvider.Tests\bin\Release\net9.0\CHG.IdentityProvider.Tests.dll" adapterTypeName="executor://nunit3testexecutor/" className="CHG.IdentityProvider.Tests.Mappings.ImportClientModelMapperTests+MapToClientEntityMethod" name="Converts_IdentityProviderRestrictions" />
    </UnitTest>
    <UnitTest name="Returns_Failure_If_Password_Contains_FirstName(&quot;Hans&quot;,&quot;p4hans123&quot;)" storage="d:\agents\smith05.01\_work\257\s\tests\chg.identityprovider.tests\bin\release\net9.0\chg.identityprovider.tests.dll" id="4a2738ef-6125-4e94-43e1-506d1cfe56fc">
      <Execution id="caece42a-128d-4121-bb99-3e07b7c9fa8d" />
      <TestMethod codeBase="D:\Agents\smith05.01\_work\257\s\tests\CHG.IdentityProvider.Tests\bin\Release\net9.0\CHG.IdentityProvider.Tests.dll" adapterTypeName="executor://nunit3testexecutor/" className="CHG.IdentityProvider.Tests.BusinessLogic.Validators.FirstLastNameAsPasswordValidatorTests+ValidateMethod" name="Returns_Failure_If_Password_Contains_FirstName(&quot;Hans&quot;,&quot;p4hans123&quot;)" />
    </UnitTest>
    <UnitTest name="Returns_Increments(0)" storage="d:\agents\smith05.01\_work\257\s\tests\chg.identityprovider.tests\bin\release\net9.0\chg.identityprovider.tests.dll" id="97f66e90-154f-725a-272e-cd5523e5af09">
      <Execution id="aee2bb05-b24f-4b4f-8a28-d324f190abed" />
      <TestMethod codeBase="D:\Agents\smith05.01\_work\257\s\tests\CHG.IdentityProvider.Tests\bin\Release\net9.0\CHG.IdentityProvider.Tests.dll" adapterTypeName="executor://nunit3testexecutor/" className="CHG.IdentityProvider.Tests.Services.BlockedUserLoginsServiceTests+BlockUserLoginMethod" name="Returns_Increments(0)" />
    </UnitTest>
    <UnitTest name="ThrowsException_With_Null" storage="d:\agents\smith05.01\_work\257\s\tests\chg.identityprovider.tests\bin\release\net9.0\chg.identityprovider.tests.dll" id="215a01df-123a-05f7-13f4-661c52a63924">
      <Execution id="8d68c879-211b-4275-8925-19e90e7491ec" />
      <TestMethod codeBase="D:\Agents\smith05.01\_work\257\s\tests\CHG.IdentityProvider.Tests\bin\Release\net9.0\CHG.IdentityProvider.Tests.dll" adapterTypeName="executor://nunit3testexecutor/" className="CHG.IdentityProvider.Tests.BusinessLogic.Validators.UsernameAsPasswordValidatorTests+ValidateMethod" name="ThrowsException_With_Null" />
    </UnitTest>
    <UnitTest name="Returns_False_For_Call_To_Site" storage="d:\agents\smith05.01\_work\257\s\tests\chg.identityprovider.tests\bin\release\net9.0\chg.identityprovider.tests.dll" id="da469f5e-7001-7dd8-1303-88840a488ed4">
      <Execution id="e0e3afde-a4f9-4529-a18e-cbbfbb57c13f" />
      <TestMethod codeBase="D:\Agents\smith05.01\_work\257\s\tests\CHG.IdentityProvider.Tests\bin\Release\net9.0\CHG.IdentityProvider.Tests.dll" adapterTypeName="executor://nunit3testexecutor/" className="CHG.IdentityProvider.Tests.HttpContextExtensionsTests+IsFileRessourceCallMethod" name="Returns_False_For_Call_To_Site" />
    </UnitTest>
    <UnitTest name="Maps_Properties_Of_Oidc_To_A_LoginProvider" storage="d:\agents\smith05.01\_work\257\s\tests\chg.identityprovider.tests\bin\release\net9.0\chg.identityprovider.tests.dll" id="84e9eb08-3864-6e51-b639-b66ffed64b72">
      <Execution id="3d859da4-6f3f-4807-b57b-c931ec58661b" />
      <TestMethod codeBase="D:\Agents\smith05.01\_work\257\s\tests\CHG.IdentityProvider.Tests\bin\Release\net9.0\CHG.IdentityProvider.Tests.dll" adapterTypeName="executor://nunit3testexecutor/" className="CHG.IdentityProvider.Tests.Mappings.LoginProviderMappingTests" name="Maps_Properties_Of_Oidc_To_A_LoginProvider" />
    </UnitTest>
    <UnitTest name="Returns_New_User" storage="d:\agents\smith05.01\_work\257\s\tests\chg.identityprovider.tests\bin\release\net9.0\chg.identityprovider.tests.dll" id="0bcafa5c-7964-865e-c383-4f08d26a7f31">
      <Execution id="87e36b81-5c95-4ab0-a410-1041d41adfea" />
      <TestMethod codeBase="D:\Agents\smith05.01\_work\257\s\tests\CHG.IdentityProvider.Tests\bin\Release\net9.0\CHG.IdentityProvider.Tests.dll" adapterTypeName="executor://nunit3testexecutor/" className="CHG.IdentityProvider.Tests.Controllers.Api.UserApiControllerTests+CreateMethod" name="Returns_New_User" />
    </UnitTest>
    <UnitTest name="Can_Handle_Null_Values" storage="d:\agents\smith05.01\_work\257\s\tests\chg.identityprovider.tests\bin\release\net9.0\chg.identityprovider.tests.dll" id="8864d060-0548-a4a1-7a0d-a979b2c9c32b">
      <Execution id="ade965dc-61fb-488f-9bbf-790e3c661ac4" />
      <TestMethod codeBase="D:\Agents\smith05.01\_work\257\s\tests\CHG.IdentityProvider.Tests\bin\Release\net9.0\CHG.IdentityProvider.Tests.dll" adapterTypeName="executor://nunit3testexecutor/" className="CHG.IdentityProvider.Tests.Infrastructure.DefaultIdentityObjectImporterTests+ImportDataInitializationSetAsyncMethod" name="Can_Handle_Null_Values" />
    </UnitTest>
    <UnitTest name="Process_Claims" storage="d:\agents\smith05.01\_work\257\s\tests\chg.identityprovider.tests\bin\release\net9.0\chg.identityprovider.tests.dll" id="e79ae8c6-987a-226d-ee33-5b1ed6c6a9ec">
      <Execution id="4513447d-258f-4a3d-9768-2c0b68e4bebb" />
      <TestMethod codeBase="D:\Agents\smith05.01\_work\257\s\tests\CHG.IdentityProvider.Tests\bin\Release\net9.0\CHG.IdentityProvider.Tests.dll" adapterTypeName="executor://nunit3testexecutor/" className="CHG.IdentityProvider.Tests.Controllers.ExternalControllerTests+CallbackMethod" name="Process_Claims" />
    </UnitTest>
    <UnitTest name="Updates_Simple_Properties_To_Client_Entity_By_Name" storage="d:\agents\smith05.01\_work\257\s\tests\chg.identityprovider.tests\bin\release\net9.0\chg.identityprovider.tests.dll" id="b9761dec-0bb3-1097-ae66-b8d9ebb54e35">
      <Execution id="9133b54f-7332-45b4-82eb-39395fdd3464" />
      <TestMethod codeBase="D:\Agents\smith05.01\_work\257\s\tests\CHG.IdentityProvider.Tests\bin\Release\net9.0\CHG.IdentityProvider.Tests.dll" adapterTypeName="executor://nunit3testexecutor/" className="CHG.IdentityProvider.Tests.Mappings.ImportClientModelMapperTests+MapToClientEntityMethod" name="Updates_Simple_Properties_To_Client_Entity_By_Name" />
    </UnitTest>
    <UnitTest name="Imports_The_Provided_ProtectedResource" storage="d:\agents\smith05.01\_work\257\s\tests\chg.identityprovider.tests\bin\release\net9.0\chg.identityprovider.tests.dll" id="e7fcd723-bda6-7cc4-b07f-e447199834d4">
      <Execution id="5f33c2e1-0b97-4a77-8997-1dadf3147dcf" />
      <TestMethod codeBase="D:\Agents\smith05.01\_work\257\s\tests\CHG.IdentityProvider.Tests\bin\Release\net9.0\CHG.IdentityProvider.Tests.dll" adapterTypeName="executor://nunit3testexecutor/" className="CHG.IdentityProvider.Tests.Controllers.Api.ImportApiControllerTests+ImportProtectedResourceAction" name="Imports_The_Provided_ProtectedResource" />
    </UnitTest>
    <UnitTest name="Creates_DataProtector_And_Unprotects_Message" storage="d:\agents\smith05.01\_work\257\s\tests\chg.identityprovider.tests\bin\release\net9.0\chg.identityprovider.tests.dll" id="6cb82a98-4b0f-0888-8381-13bed8d1b015">
      <Execution id="35b03139-99f9-4168-aa9b-f10da8a95898" />
      <TestMethod codeBase="D:\Agents\smith05.01\_work\257\s\tests\CHG.IdentityProvider.Tests\bin\Release\net9.0\CHG.IdentityProvider.Tests.dll" adapterTypeName="executor://nunit3testexecutor/" className="CHG.IdentityProvider.Tests.Services.Saml.ChunkedCookieSamlCorrelationStoreTests+GetMethod" name="Creates_DataProtector_And_Unprotects_Message" />
    </UnitTest>
    <UnitTest name="Redirects_To_The_External_Login_Challenge_Endpoint" storage="d:\agents\smith05.01\_work\257\s\tests\chg.identityprovider.tests\bin\release\net9.0\chg.identityprovider.tests.dll" id="fd2e8d42-685c-efbb-3742-a2847235e27e">
      <Execution id="dc19a157-86a8-4164-b607-774c9518d26b" />
      <TestMethod codeBase="D:\Agents\smith05.01\_work\257\s\tests\CHG.IdentityProvider.Tests\bin\Release\net9.0\CHG.IdentityProvider.Tests.dll" adapterTypeName="executor://nunit3testexecutor/" className="CHG.IdentityProvider.Tests.Controllers.LoginProvidersControllerTest+StartTestMethod" name="Redirects_To_The_External_Login_Challenge_Endpoint" />
    </UnitTest>
    <UnitTest name="Returns_Failure_If_Password_Equals_Username_WithoutBlank(&quot;Hans Wurst&quot;,&quot;Hans Wurst&quot;)" storage="d:\agents\smith05.01\_work\257\s\tests\chg.identityprovider.tests\bin\release\net9.0\chg.identityprovider.tests.dll" id="2e4cdc82-f187-1a47-ca23-c31e6a854503">
      <Execution id="af2d9182-84c0-4450-a148-76298b65e706" />
      <TestMethod codeBase="D:\Agents\smith05.01\_work\257\s\tests\CHG.IdentityProvider.Tests\bin\Release\net9.0\CHG.IdentityProvider.Tests.dll" adapterTypeName="executor://nunit3testexecutor/" className="CHG.IdentityProvider.Tests.BusinessLogic.Validators.UsernameAsPasswordValidatorTests+ValidateMethod" name="Returns_Failure_If_Password_Equals_Username_WithoutBlank(&quot;Hans Wurst&quot;,&quot;Hans Wurst&quot;)" />
    </UnitTest>
    <UnitTest name="Redirects_To_External_Challenge_When_Restricted_To_Single_Provider" storage="d:\agents\smith05.01\_work\257\s\tests\chg.identityprovider.tests\bin\release\net9.0\chg.identityprovider.tests.dll" id="91519eef-e6e1-d588-1077-eaf2db32e730">
      <Execution id="1a9ed60a-1791-4d6f-b61d-ee49c08a971d" />
      <TestMethod codeBase="D:\Agents\smith05.01\_work\257\s\tests\CHG.IdentityProvider.Tests\bin\Release\net9.0\CHG.IdentityProvider.Tests.dll" adapterTypeName="executor://nunit3testexecutor/" className="CHG.IdentityProvider.Tests.Controllers.AccountControllerTests+LoginGetAction" name="Redirects_To_External_Challenge_When_Restricted_To_Single_Provider" />
    </UnitTest>
    <UnitTest name="Use_Fallback_When_SenderType_Is_Unknown" storage="d:\agents\smith05.01\_work\257\s\tests\chg.identityprovider.tests\bin\release\net9.0\chg.identityprovider.tests.dll" id="cacf72ba-9af1-b56d-304a-0cf952862961">
      <Execution id="f1475d6f-63db-4a02-9bfe-61406b7a77be" />
      <TestMethod codeBase="D:\Agents\smith05.01\_work\257\s\tests\CHG.IdentityProvider.Tests\bin\Release\net9.0\CHG.IdentityProvider.Tests.dll" adapterTypeName="executor://nunit3testexecutor/" className="CHG.IdentityProvider.Tests.BusinessLogic.Services.UserNotificationSenderDispatcherTests+SendAccountLockedLinkAsyncMethod" name="Use_Fallback_When_SenderType_Is_Unknown" />
    </UnitTest>
    <UnitTest name="Can_Read_SamlProvider" storage="d:\agents\smith05.01\_work\257\s\tests\chg.identityprovider.tests\bin\release\net9.0\chg.identityprovider.tests.dll" id="1a7ae2ed-7638-77e5-95d9-08861be23eff">
      <Execution id="69160231-949f-4d42-9f04-2621eba0e422" />
      <TestMethod codeBase="D:\Agents\smith05.01\_work\257\s\tests\CHG.IdentityProvider.Tests\bin\Release\net9.0\CHG.IdentityProvider.Tests.dll" adapterTypeName="executor://nunit3testexecutor/" className="CHG.IdentityProvider.Tests.Serialization.IdentityProviderConverterTests" name="Can_Read_SamlProvider" />
    </UnitTest>
    <UnitTest name="Does_Not_Append_To_The_LoginProviderTestLog_If_It_Is_Not_A_Test_Run" storage="d:\agents\smith05.01\_work\257\s\tests\chg.identityprovider.tests\bin\release\net9.0\chg.identityprovider.tests.dll" id="ad4f5b17-5632-2819-83b7-d22ce1ae3c66">
      <Execution id="9414fe03-5c06-44d9-8359-9f7ff4309eb5" />
      <TestMethod codeBase="D:\Agents\smith05.01\_work\257\s\tests\CHG.IdentityProvider.Tests\bin\Release\net9.0\CHG.IdentityProvider.Tests.dll" adapterTypeName="executor://nunit3testexecutor/" className="CHG.IdentityProvider.Tests.Services.LoginProviderTestEventsTests+TicketReceivedMethod" name="Does_Not_Append_To_The_LoginProviderTestLog_If_It_Is_Not_A_Test_Run" />
    </UnitTest>
    <UnitTest name="Returns_False_For_Call_Without_Api_Prefix" storage="d:\agents\smith05.01\_work\257\s\tests\chg.identityprovider.tests\bin\release\net9.0\chg.identityprovider.tests.dll" id="d79aaa8d-5865-9e27-5077-8b4c39a02c3e">
      <Execution id="983e533e-b990-4efb-bee8-7046aac0f1ff" />
      <TestMethod codeBase="D:\Agents\smith05.01\_work\257\s\tests\CHG.IdentityProvider.Tests\bin\Release\net9.0\CHG.IdentityProvider.Tests.dll" adapterTypeName="executor://nunit3testexecutor/" className="CHG.IdentityProvider.Tests.HttpContextExtensionsTests+IsApiCallMethod" name="Returns_False_For_Call_Without_Api_Prefix" />
    </UnitTest>
    <UnitTest name="Maps_Simple_Properties_To_Model" storage="d:\agents\smith05.01\_work\257\s\tests\chg.identityprovider.tests\bin\release\net9.0\chg.identityprovider.tests.dll" id="3f00aa1a-365f-c19a-fdf3-233454903471">
      <Execution id="e665ec07-e8c3-45c7-8785-813087cdbb47" />
      <TestMethod codeBase="D:\Agents\smith05.01\_work\257\s\tests\CHG.IdentityProvider.Tests\bin\Release\net9.0\CHG.IdentityProvider.Tests.dll" adapterTypeName="executor://nunit3testexecutor/" className="CHG.IdentityProvider.Tests.Mappings.UserMapperTests+MapToUserModelMethod" name="Maps_Simple_Properties_To_Model" />
    </UnitTest>
    <UnitTest name="Clears_ClientId_Cache" storage="d:\agents\smith05.01\_work\257\s\tests\chg.identityprovider.tests\bin\release\net9.0\chg.identityprovider.tests.dll" id="c2f72281-e0c0-0bba-c49e-b44c34e8c2dd">
      <Execution id="370ef71d-c981-4ef0-8e85-b883550dd2a0" />
      <TestMethod codeBase="D:\Agents\smith05.01\_work\257\s\tests\CHG.IdentityProvider.Tests\bin\Release\net9.0\CHG.IdentityProvider.Tests.dll" adapterTypeName="executor://nunit3testexecutor/" className="CHG.IdentityProvider.Tests.Services.CacheHandlerTests+ResetCacheMethod" name="Clears_ClientId_Cache" />
    </UnitTest>
    <UnitTest name="Gets_Test_Client_By_Client_Id_Query_Parameter" storage="d:\agents\smith05.01\_work\257\s\tests\chg.identityprovider.tests\bin\release\net9.0\chg.identityprovider.tests.dll" id="1351a454-00c8-fb77-c6cd-9883d8fcc8b7">
      <Execution id="58f54203-df6e-4699-8e5a-9e4e7ec5d41c" />
      <TestMethod codeBase="D:\Agents\smith05.01\_work\257\s\tests\CHG.IdentityProvider.Tests\bin\Release\net9.0\CHG.IdentityProvider.Tests.dll" adapterTypeName="executor://nunit3testexecutor/" className="CHG.IdentityProvider.Tests.BusinessLogic.Services.ClientContextRetrieverTests+GetCurrentClientAsyncMethod" name="Gets_Test_Client_By_Client_Id_Query_Parameter" />
    </UnitTest>
    <UnitTest name="Does_Not_Return_LoginProvides_That_Expire_After_The_Expiration_Period" storage="d:\agents\smith05.01\_work\257\s\tests\chg.identityprovider.tests\bin\release\net9.0\chg.identityprovider.tests.dll" id="896f952f-4179-aff3-ace4-aed6aecee8ce">
      <Execution id="bd92e90b-6199-4506-a3b7-67f33471f36f" />
      <TestMethod codeBase="D:\Agents\smith05.01\_work\257\s\tests\CHG.IdentityProvider.Tests\bin\Release\net9.0\CHG.IdentityProvider.Tests.dll" adapterTypeName="executor://nunit3testexecutor/" className="CHG.IdentityProvider.Tests.Services.LoginProviderExpirationCheckTests+GetLoginProvidersWithNearlyExpiredClientSecretsMethod" name="Does_Not_Return_LoginProvides_That_Expire_After_The_Expiration_Period" />
    </UnitTest>
    <UnitTest name="Throws_Exception_When_InformationRetriever_Is_Null" storage="d:\agents\smith05.01\_work\257\s\tests\chg.identityprovider.tests\bin\release\net9.0\chg.identityprovider.tests.dll" id="5b987e3a-f4dd-5113-22df-227ac356ab05">
      <Execution id="32eb8e5f-85ee-4bb6-8e30-e06835317c93" />
      <TestMethod codeBase="D:\Agents\smith05.01\_work\257\s\tests\CHG.IdentityProvider.Tests\bin\Release\net9.0\CHG.IdentityProvider.Tests.dll" adapterTypeName="executor://nunit3testexecutor/" className="CHG.IdentityProvider.Tests.BusinessLogic.Services.ChgAzureADUserServiceTests+CtorMethod" name="Throws_Exception_When_InformationRetriever_Is_Null" />
    </UnitTest>
    <UnitTest name="Throws_ArgumentException_When_CommandSender_Is_Null" storage="d:\agents\smith05.01\_work\257\s\tests\chg.identityprovider.tests\bin\release\net9.0\chg.identityprovider.tests.dll" id="bd806809-f28a-8b12-3d28-3a66cffd8393">
      <Execution id="954c48aa-9b75-4243-8188-7c0e2114f5f3" />
      <TestMethod codeBase="D:\Agents\smith05.01\_work\257\s\tests\CHG.IdentityProvider.Tests\bin\Release\net9.0\CHG.IdentityProvider.Tests.dll" adapterTypeName="executor://nunit3testexecutor/" className="CHG.IdentityProvider.Tests.Services.EmailSenderTests+CtorMethod" name="Throws_ArgumentException_When_CommandSender_Is_Null" />
    </UnitTest>
    <UnitTest name="Creates_DataProtector_And_Protects_Message" storage="d:\agents\smith05.01\_work\257\s\tests\chg.identityprovider.tests\bin\release\net9.0\chg.identityprovider.tests.dll" id="fcdbfc53-2a71-a654-613d-c6e7651eccda">
      <Execution id="42f30482-8662-489f-b79b-bc350a728c8c" />
      <TestMethod codeBase="D:\Agents\smith05.01\_work\257\s\tests\CHG.IdentityProvider.Tests\bin\Release\net9.0\CHG.IdentityProvider.Tests.dll" adapterTypeName="executor://nunit3testexecutor/" className="CHG.IdentityProvider.Tests.Services.Saml.ChunkedCookieSamlCorrelationStoreTests+AddMethod" name="Creates_DataProtector_And_Protects_Message" />
    </UnitTest>
    <UnitTest name="Removes_Cache_Entry" storage="d:\agents\smith05.01\_work\257\s\tests\chg.identityprovider.tests\bin\release\net9.0\chg.identityprovider.tests.dll" id="0a6360a7-1c6f-e6cd-a26f-a18d0276f9ad">
      <Execution id="2158c33f-e83d-48b0-93d2-5e924eace8f0" />
      <TestMethod codeBase="D:\Agents\smith05.01\_work\257\s\tests\CHG.IdentityProvider.Tests\bin\Release\net9.0\CHG.IdentityProvider.Tests.dll" adapterTypeName="executor://nunit3testexecutor/" className="CHG.IdentityProvider.Tests.Services.LoginProviderTestLogTests+PopTestLogMethod" name="Removes_Cache_Entry" />
    </UnitTest>
    <UnitTest name="Saves_Provider_With_NewData" storage="d:\agents\smith05.01\_work\257\s\tests\chg.identityprovider.tests\bin\release\net9.0\chg.identityprovider.tests.dll" id="8748f7d2-5d63-97d3-47dc-131315568dda">
      <Execution id="99139abd-7718-409d-a72f-1021a55fe8c2" />
      <TestMethod codeBase="D:\Agents\smith05.01\_work\257\s\tests\CHG.IdentityProvider.Tests\bin\Release\net9.0\CHG.IdentityProvider.Tests.dll" adapterTypeName="executor://nunit3testexecutor/" className="CHG.IdentityProvider.Tests.Controllers.LoginProvidersControllerTest+CreatePostMethod" name="Saves_Provider_With_NewData" />
    </UnitTest>
    <UnitTest name="External_User_WithPassword_Cannot_Lock_Account" storage="d:\agents\smith05.01\_work\257\s\tests\chg.identityprovider.tests\bin\release\net9.0\chg.identityprovider.tests.dll" id="0d1c345a-896f-d167-9ac1-fed79e6ed5ef">
      <Execution id="ff7fc001-bca7-4ef0-ac75-30e9f65e34ca" />
      <TestMethod codeBase="D:\Agents\smith05.01\_work\257\s\tests\CHG.IdentityProvider.Tests\bin\Release\net9.0\CHG.IdentityProvider.Tests.dll" adapterTypeName="executor://nunit3testexecutor/" className="CHG.IdentityProvider.Tests.BusinessLogic.Services.IdentityServerSignInManagerTests+PasswordSignInAsyncMethod" name="External_User_WithPassword_Cannot_Lock_Account" />
    </UnitTest>
    <UnitTest name="External_User_Cannot_Add_Password" storage="d:\agents\smith05.01\_work\257\s\tests\chg.identityprovider.tests\bin\release\net9.0\chg.identityprovider.tests.dll" id="bc241bd6-90f6-27c4-5759-1a1dbdfa005f">
      <Execution id="cfef9700-58e6-4848-8f9c-3ec3dbaf5188" />
      <TestMethod codeBase="D:\Agents\smith05.01\_work\257\s\tests\CHG.IdentityProvider.Tests\bin\Release\net9.0\CHG.IdentityProvider.Tests.dll" adapterTypeName="executor://nunit3testexecutor/" className="CHG.IdentityProvider.Tests.BusinessLogic.Services.IdentityServerUserManagerTests+AddPasswordAsyncMethod" name="External_User_Cannot_Add_Password" />
    </UnitTest>
    <UnitTest name="Logs_The_Entire_IP_Address_If_It_Is_A_Local_Address(&quot;172.31.255.255&quot;)" storage="d:\agents\smith05.01\_work\257\s\tests\chg.identityprovider.tests\bin\release\net9.0\chg.identityprovider.tests.dll" id="a4cc7985-7579-069b-51e1-b53a4a3278b7">
      <Execution id="eb17767d-0483-4255-888a-16013a3ea49a" />
      <TestMethod codeBase="D:\Agents\smith05.01\_work\257\s\tests\CHG.IdentityProvider.Tests\bin\Release\net9.0\CHG.IdentityProvider.Tests.dll" adapterTypeName="executor://nunit3testexecutor/" className="CHG.IdentityProvider.Tests.Infrastructure.LoggingSetupTests+TheEnrichFromHttpContextMethod" name="Logs_The_Entire_IP_Address_If_It_Is_A_Local_Address(&quot;172.31.255.255&quot;)" />
    </UnitTest>
    <UnitTest name="Does_Not_Add_WellKnown_Claims_To_UserInfoEndpoint" storage="d:\agents\smith05.01\_work\257\s\tests\chg.identityprovider.tests\bin\release\net9.0\chg.identityprovider.tests.dll" id="c1b2d859-1b2e-7b2b-2fa7-70f0d106c250">
      <Execution id="a7465f88-78ba-45c1-bf5b-266610d1027a" />
      <TestMethod codeBase="D:\Agents\smith05.01\_work\257\s\tests\CHG.IdentityProvider.Tests\bin\Release\net9.0\CHG.IdentityProvider.Tests.dll" adapterTypeName="executor://nunit3testexecutor/" className="CHG.IdentityProvider.Tests.Services.ExtendedProfileServiceTests+GetProfileDataAsyncMethod" name="Does_Not_Add_WellKnown_Claims_To_UserInfoEndpoint" />
    </UnitTest>
    <UnitTest name="Calls_UserCreation_Service" storage="d:\agents\smith05.01\_work\257\s\tests\chg.identityprovider.tests\bin\release\net9.0\chg.identityprovider.tests.dll" id="2798b398-0496-1e71-67f3-c3c3279190c5">
      <Execution id="b558824a-096d-4306-9769-014737b03553" />
      <TestMethod codeBase="D:\Agents\smith05.01\_work\257\s\tests\CHG.IdentityProvider.Tests\bin\Release\net9.0\CHG.IdentityProvider.Tests.dll" adapterTypeName="executor://nunit3testexecutor/" className="CHG.IdentityProvider.Tests.Controllers.Api.UserApiControllerTests+CreateMethod" name="Calls_UserCreation_Service" />
    </UnitTest>
    <UnitTest name="Throws_Error_If_Create_Failed" storage="d:\agents\smith05.01\_work\257\s\tests\chg.identityprovider.tests\bin\release\net9.0\chg.identityprovider.tests.dll" id="b44980c2-7bfa-4893-7d89-5a1df2c2fd98">
      <Execution id="fad2f9c7-7517-4056-8d47-d9fcf299cb4b" />
      <TestMethod codeBase="D:\Agents\smith05.01\_work\257\s\tests\CHG.IdentityProvider.Tests\bin\Release\net9.0\CHG.IdentityProvider.Tests.dll" adapterTypeName="executor://nunit3testexecutor/" className="CHG.IdentityProvider.Tests.Services.UserCreationServiceTests+CreateChgUserAsyncMethod" name="Throws_Error_If_Create_Failed" />
    </UnitTest>
    <UnitTest name="Calls_Inner_Service" storage="d:\agents\smith05.01\_work\257\s\tests\chg.identityprovider.tests\bin\release\net9.0\chg.identityprovider.tests.dll" id="9f2b9801-065c-e8fe-e41c-9690aff1d0d9">
      <Execution id="73436e1a-ba9d-4c17-82ec-7e5a0e239fc7" />
      <TestMethod codeBase="D:\Agents\smith05.01\_work\257\s\tests\CHG.IdentityProvider.Tests\bin\Release\net9.0\CHG.IdentityProvider.Tests.dll" adapterTypeName="executor://nunit3testexecutor/" className="CHG.IdentityProvider.Tests.Services.Saml.ExtendedSamlClaimsServiceTests+GetUserClaimsMethod" name="Calls_Inner_Service" />
    </UnitTest>
    <UnitTest name="Throws_Exception_When_Client_QueueName_Is_Empty" storage="d:\agents\smith05.01\_work\257\s\tests\chg.identityprovider.tests\bin\release\net9.0\chg.identityprovider.tests.dll" id="9b52a6b0-e7be-9686-c574-9fb49c4f3087">
      <Execution id="32845e4b-a72a-4f3c-8cb5-eef682b36521" />
      <TestMethod codeBase="D:\Agents\smith05.01\_work\257\s\tests\CHG.IdentityProvider.Tests\bin\Release\net9.0\CHG.IdentityProvider.Tests.dll" adapterTypeName="executor://nunit3testexecutor/" className="CHG.IdentityProvider.Tests.BusinessLogic.Services.UserNotificationCommandSenderTests+SendAccountLockedLinkAsyncMethod" name="Throws_Exception_When_Client_QueueName_Is_Empty" />
    </UnitTest>
    <UnitTest name="Maps_ExtendedIdentityResource" storage="d:\agents\smith05.01\_work\257\s\tests\chg.identityprovider.tests\bin\release\net9.0\chg.identityprovider.tests.dll" id="479dadc7-877b-f69e-51a4-23b065aa840f">
      <Execution id="fdbaf127-d714-4f8e-b69a-3d9d9a6b4602" />
      <TestMethod codeBase="D:\Agents\smith05.01\_work\257\s\tests\CHG.IdentityProvider.Tests\bin\Release\net9.0\CHG.IdentityProvider.Tests.dll" adapterTypeName="executor://nunit3testexecutor/" className="CHG.IdentityProvider.Tests.Mappings.ImportIdentityResourceModelMapperTests" name="Maps_ExtendedIdentityResource" />
    </UnitTest>
    <UnitTest name="Does_Not_Log_Cookie_Header" storage="d:\agents\smith05.01\_work\257\s\tests\chg.identityprovider.tests\bin\release\net9.0\chg.identityprovider.tests.dll" id="cc99a6ef-b3a3-7927-d4f1-97caa88501f4">
      <Execution id="9e36b3b8-6893-44fd-8cc1-df0d093570db" />
      <TestMethod codeBase="D:\Agents\smith05.01\_work\257\s\tests\CHG.IdentityProvider.Tests\bin\Release\net9.0\CHG.IdentityProvider.Tests.dll" adapterTypeName="executor://nunit3testexecutor/" className="CHG.IdentityProvider.Tests.Infrastructure.LoggingSetupTests+TheEnrichFromHttpContextMethod" name="Does_Not_Log_Cookie_Header" />
    </UnitTest>
    <UnitTest name="Does_Not_Set_ReturnUri_If_Not_IdPInitiatedSSO" storage="d:\agents\smith05.01\_work\257\s\tests\chg.identityprovider.tests\bin\release\net9.0\chg.identityprovider.tests.dll" id="e4d172b9-a63c-5335-afe5-313d50a6d7bc">
      <Execution id="0546be02-f2f9-46fd-af7e-e2f8fdd5cee9" />
      <TestMethod codeBase="D:\Agents\smith05.01\_work\257\s\tests\CHG.IdentityProvider.Tests\bin\Release\net9.0\CHG.IdentityProvider.Tests.dll" adapterTypeName="executor://nunit3testexecutor/" className="CHG.IdentityProvider.Tests.Services.Saml.SamlAuthenticationEventsTests+TicketReceivedMethod" name="Does_Not_Set_ReturnUri_If_Not_IdPInitiatedSSO" />
    </UnitTest>
    <UnitTest name="Logs_The_Entire_IP_Address_If_It_Is_A_Local_Address(&quot;127.0.0.1&quot;)" storage="d:\agents\smith05.01\_work\257\s\tests\chg.identityprovider.tests\bin\release\net9.0\chg.identityprovider.tests.dll" id="32e9398f-1c68-62a1-b7be-1ba6b4fee1e9">
      <Execution id="d084e245-185e-48e4-a0e7-1ce737f384db" />
      <TestMethod codeBase="D:\Agents\smith05.01\_work\257\s\tests\CHG.IdentityProvider.Tests\bin\Release\net9.0\CHG.IdentityProvider.Tests.dll" adapterTypeName="executor://nunit3testexecutor/" className="CHG.IdentityProvider.Tests.Infrastructure.LoggingSetupTests+TheEnrichFromHttpContextMethod" name="Logs_The_Entire_IP_Address_If_It_Is_A_Local_Address(&quot;127.0.0.1&quot;)" />
    </UnitTest>
    <UnitTest name="External_User_Cannot_Change_Password_When_No_Password_Set(&quot;&quot;)" storage="d:\agents\smith05.01\_work\257\s\tests\chg.identityprovider.tests\bin\release\net9.0\chg.identityprovider.tests.dll" id="963bef49-3e7a-3202-d0a6-544b0466d548">
      <Execution id="748af268-ff2e-4a2b-b6c9-7da046e834d4" />
      <TestMethod codeBase="D:\Agents\smith05.01\_work\257\s\tests\CHG.IdentityProvider.Tests\bin\Release\net9.0\CHG.IdentityProvider.Tests.dll" adapterTypeName="executor://nunit3testexecutor/" className="CHG.IdentityProvider.Tests.BusinessLogic.Services.IdentityServerUserManagerTests+ChangePasswordAsyncMethod" name="External_User_Cannot_Change_Password_When_No_Password_Set(&quot;&quot;)" />
    </UnitTest>
    <UnitTest name="Returns_Not_Found_If_Not_Exists" storage="d:\agents\smith05.01\_work\257\s\tests\chg.identityprovider.tests\bin\release\net9.0\chg.identityprovider.tests.dll" id="1aee8fdd-247c-9b40-baaa-86531f21c457">
      <Execution id="8ed23ca2-2b95-43c2-97e4-503aadd0b318" />
      <TestMethod codeBase="D:\Agents\smith05.01\_work\257\s\tests\CHG.IdentityProvider.Tests\bin\Release\net9.0\CHG.IdentityProvider.Tests.dll" adapterTypeName="executor://nunit3testexecutor/" className="CHG.IdentityProvider.Tests.Controllers.Api.UserApiControllerTests+UpdateMethod" name="Returns_Not_Found_If_Not_Exists" />
    </UnitTest>
    <UnitTest name="ThrowsException_With_Null" storage="d:\agents\smith05.01\_work\257\s\tests\chg.identityprovider.tests\bin\release\net9.0\chg.identityprovider.tests.dll" id="c7dfafd6-1b34-a491-a927-8fe00df29a8b">
      <Execution id="c8bf03c8-ac7b-4c80-844c-20fbc9b5b930" />
      <TestMethod codeBase="D:\Agents\smith05.01\_work\257\s\tests\CHG.IdentityProvider.Tests\bin\Release\net9.0\CHG.IdentityProvider.Tests.dll" adapterTypeName="executor://nunit3testexecutor/" className="CHG.IdentityProvider.Tests.BusinessLogic.Validators.MaxLengthPasswordValidatorTests+ValidateMethod" name="ThrowsException_With_Null" />
    </UnitTest>
    <UnitTest name="Returns_Information_For_Oidc" storage="d:\agents\smith05.01\_work\257\s\tests\chg.identityprovider.tests\bin\release\net9.0\chg.identityprovider.tests.dll" id="b9010937-d10b-09c6-dad7-b57876d9cdbe">
      <Execution id="f3935710-624a-4814-8d0f-13e1ce65db06" />
      <TestMethod codeBase="D:\Agents\smith05.01\_work\257\s\tests\CHG.IdentityProvider.Tests\bin\Release\net9.0\CHG.IdentityProvider.Tests.dll" adapterTypeName="executor://nunit3testexecutor/" className="CHG.IdentityProvider.Tests.Services.IdentityProviderServiceTests+GetConnectionInformationMethod" name="Returns_Information_For_Oidc" />
    </UnitTest>
    <UnitTest name="Returns_Response_With_Object_Values" storage="d:\agents\smith05.01\_work\257\s\tests\chg.identityprovider.tests\bin\release\net9.0\chg.identityprovider.tests.dll" id="596fa7f3-0e0a-873b-eb2d-93f3f2e37cd2">
      <Execution id="1418b579-be70-41b9-ba18-80a63a11a26b" />
      <TestMethod codeBase="D:\Agents\smith05.01\_work\257\s\tests\CHG.IdentityProvider.Tests\bin\Release\net9.0\CHG.IdentityProvider.Tests.dll" adapterTypeName="executor://nunit3testexecutor/" className="CHG.IdentityProvider.Tests.BusinessLogic.Services.AzureADUserInformationRetrieverTests+GetUserAttributesAsyncMethod" name="Returns_Response_With_Object_Values" />
    </UnitTest>
    <UnitTest name="Updates_Nothing" storage="d:\agents\smith05.01\_work\257\s\tests\chg.identityprovider.tests\bin\release\net9.0\chg.identityprovider.tests.dll" id="d3362389-3c62-c765-dbac-ee3f8eea43c3">
      <Execution id="c56e2224-e100-4c88-bd59-18ab8d335bee" />
      <TestMethod codeBase="D:\Agents\smith05.01\_work\257\s\tests\CHG.IdentityProvider.Tests\bin\Release\net9.0\CHG.IdentityProvider.Tests.dll" adapterTypeName="executor://nunit3testexecutor/" className="CHG.IdentityProvider.Tests.Controllers.Api.UserApiControllerTests+UpdateMethod" name="Updates_Nothing" />
    </UnitTest>
    <UnitTest name="Returns_Enabled" storage="d:\agents\smith05.01\_work\257\s\tests\chg.identityprovider.tests\bin\release\net9.0\chg.identityprovider.tests.dll" id="a9a72500-bb75-3315-4955-4cf6dc2b8bc3">
      <Execution id="d2b4f640-bd15-40ec-aed2-a18ceaa8f212" />
      <TestMethod codeBase="D:\Agents\smith05.01\_work\257\s\tests\CHG.IdentityProvider.Tests\bin\Release\net9.0\CHG.IdentityProvider.Tests.dll" adapterTypeName="executor://nunit3testexecutor/" className="CHG.IdentityProvider.Tests.Services.ExtendedIdentityProviderStoreTests+GetEnabledByDomainAsyncMethod" name="Returns_Enabled" />
    </UnitTest>
    <UnitTest name="Resolves_AdminUi_ClientId_For_Machine_Events" storage="d:\agents\smith05.01\_work\257\s\tests\chg.identityprovider.tests\bin\release\net9.0\chg.identityprovider.tests.dll" id="d975e00c-6bb2-1e61-db6f-d2886d643056">
      <Execution id="cfc53681-e56a-4844-a62d-2abef3feb4d4" />
      <TestMethod codeBase="D:\Agents\smith05.01\_work\257\s\tests\CHG.IdentityProvider.Tests\bin\Release\net9.0\CHG.IdentityProvider.Tests.dll" adapterTypeName="executor://nunit3testexecutor/" className="CHG.IdentityProvider.Tests.Services.Audit.EventAdapterTests+CreateMethod" name="Resolves_AdminUi_ClientId_For_Machine_Events" />
    </UnitTest>
    <UnitTest name="Creates_New" storage="d:\agents\smith05.01\_work\257\s\tests\chg.identityprovider.tests\bin\release\net9.0\chg.identityprovider.tests.dll" id="c1cc9fd2-577f-7603-2c4e-efd9c9310c84">
      <Execution id="b08512e1-e16d-4736-a380-6515ae3a4e32" />
      <TestMethod codeBase="D:\Agents\smith05.01\_work\257\s\tests\CHG.IdentityProvider.Tests\bin\Release\net9.0\CHG.IdentityProvider.Tests.dll" adapterTypeName="executor://nunit3testexecutor/" className="CHG.IdentityProvider.Tests.Controllers.MaintenanceControllerTests+ClientCustomizationMethod" name="Creates_New" />
    </UnitTest>
    <UnitTest name="Returns_Azure_Provider" storage="d:\agents\smith05.01\_work\257\s\tests\chg.identityprovider.tests\bin\release\net9.0\chg.identityprovider.tests.dll" id="01ec80e1-966d-b326-07e3-290ad51ea6bd">
      <Execution id="60d4d98e-6141-4934-94cf-1478bd4de2b3" />
      <TestMethod codeBase="D:\Agents\smith05.01\_work\257\s\tests\CHG.IdentityProvider.Tests\bin\Release\net9.0\CHG.IdentityProvider.Tests.dll" adapterTypeName="executor://nunit3testexecutor/" className="CHG.IdentityProvider.Tests.LoginProviders.LoginProviderMapperTests+MapToIdentityProviderMethod" name="Returns_Azure_Provider" />
    </UnitTest>
    <UnitTest name="Returns_False_For_Failed_Operation" storage="d:\agents\smith05.01\_work\257\s\tests\chg.identityprovider.tests\bin\release\net9.0\chg.identityprovider.tests.dll" id="ba7af7cd-77ca-6319-eb3e-df5f65498858">
      <Execution id="1ad124cf-2f04-4679-8a54-608efebd67a8" />
      <TestMethod codeBase="D:\Agents\smith05.01\_work\257\s\tests\CHG.IdentityProvider.Tests\bin\Release\net9.0\CHG.IdentityProvider.Tests.dll" adapterTypeName="executor://nunit3testexecutor/" className="CHG.IdentityProvider.Tests.BusinessLogic.LanguageUtilsTests+IgnoreErrorsMethod" name="Returns_False_For_Failed_Operation" />
    </UnitTest>
    <UnitTest name="Returns_Null_When_No_Permission_Error_Occurred" storage="d:\agents\smith05.01\_work\257\s\tests\chg.identityprovider.tests\bin\release\net9.0\chg.identityprovider.tests.dll" id="d83dbd96-9b9c-dd13-ae34-97a06c01913a">
      <Execution id="d9dc5813-473c-4963-954f-b65b5f73ad1c" />
      <TestMethod codeBase="D:\Agents\smith05.01\_work\257\s\tests\CHG.IdentityProvider.Tests\bin\Release\net9.0\CHG.IdentityProvider.Tests.dll" adapterTypeName="executor://nunit3testexecutor/" className="CHG.IdentityProvider.Tests.BusinessLogic.Services.ChgAzureADUserServiceTests+GetUserByUpnAsyncMethod" name="Returns_Null_When_No_Permission_Error_Occurred" />
    </UnitTest>
    <UnitTest name="Returns_Failure_If_Password_Equals_Email(&quot;test@test.com&quot;,&quot;TEST@test.com&quot;)" storage="d:\agents\smith05.01\_work\257\s\tests\chg.identityprovider.tests\bin\release\net9.0\chg.identityprovider.tests.dll" id="66f3db97-d8db-082e-d770-adc0c31899a6">
      <Execution id="03afe657-4f3a-4502-9282-3e5f8d39db3f" />
      <TestMethod codeBase="D:\Agents\smith05.01\_work\257\s\tests\CHG.IdentityProvider.Tests\bin\Release\net9.0\CHG.IdentityProvider.Tests.dll" adapterTypeName="executor://nunit3testexecutor/" className="CHG.IdentityProvider.Tests.BusinessLogic.Validators.EmailAsPasswordValidatorTests+ValidateMethod" name="Returns_Failure_If_Password_Equals_Email(&quot;test@test.com&quot;,&quot;TEST@test.com&quot;)" />
    </UnitTest>
    <UnitTest name="Throws_Exception_If_Scheme_Is_missing" storage="d:\agents\smith05.01\_work\257\s\tests\chg.identityprovider.tests\bin\release\net9.0\chg.identityprovider.tests.dll" id="4a6c55c9-d15f-dfdd-73d1-b43d977ba9a9">
      <Execution id="fb5a8f9b-975b-460a-90ee-50de8364929f" />
      <TestMethod codeBase="D:\Agents\smith05.01\_work\257\s\tests\CHG.IdentityProvider.Tests\bin\Release\net9.0\CHG.IdentityProvider.Tests.dll" adapterTypeName="executor://nunit3testexecutor/" className="CHG.IdentityProvider.Tests.Serialization.IdentityProviderConverterTests" name="Throws_Exception_If_Scheme_Is_missing" />
    </UnitTest>
    <UnitTest name="Calls_Default_Oidc_Configuration" storage="d:\agents\smith05.01\_work\257\s\tests\chg.identityprovider.tests\bin\release\net9.0\chg.identityprovider.tests.dll" id="8faaabb5-02e5-0127-1e4c-101c4cc52248">
      <Execution id="84c6c948-0e06-4590-a917-261421db9005" />
      <TestMethod codeBase="D:\Agents\smith05.01\_work\257\s\tests\CHG.IdentityProvider.Tests\bin\Release\net9.0\CHG.IdentityProvider.Tests.dll" adapterTypeName="executor://nunit3testexecutor/" className="CHG.IdentityProvider.Tests.LoginProviders.Configuration.OktaConfigureOptionsTests+ConfigureMethod" name="Calls_Default_Oidc_Configuration" />
    </UnitTest>
    <UnitTest name="Returns_BadRequest_If_The_User_Already_Has_A_Password" storage="d:\agents\smith05.01\_work\257\s\tests\chg.identityprovider.tests\bin\release\net9.0\chg.identityprovider.tests.dll" id="9772a40c-f1a5-d931-ba5c-9a4c00086cb7">
      <Execution id="3b7147e5-6296-4c41-9a2c-938690c7f347" />
      <TestMethod codeBase="D:\Agents\smith05.01\_work\257\s\tests\CHG.IdentityProvider.Tests\bin\Release\net9.0\CHG.IdentityProvider.Tests.dll" adapterTypeName="executor://nunit3testexecutor/" className="CHG.IdentityProvider.Tests.Controllers.Api.UserInvitationApiControllerTests+InviteV3Action" name="Returns_BadRequest_If_The_User_Already_Has_A_Password" />
    </UnitTest>
    <UnitTest name="Returns_UI_Actor_Idp_Page" storage="d:\agents\smith05.01\_work\257\s\tests\chg.identityprovider.tests\bin\release\net9.0\chg.identityprovider.tests.dll" id="d386b01e-4f07-b78c-bfff-eafb79791a48">
      <Execution id="2927a8b0-f320-403b-84ac-4a46ea7d3354" />
      <TestMethod codeBase="D:\Agents\smith05.01\_work\257\s\tests\CHG.IdentityProvider.Tests\bin\Release\net9.0\CHG.IdentityProvider.Tests.dll" adapterTypeName="executor://nunit3testexecutor/" className="CHG.IdentityProvider.Tests.Services.Audit.AuditStoreTests+ResolveCurrentActorMethod" name="Returns_UI_Actor_Idp_Page" />
    </UnitTest>
    <UnitTest name="Gets_Item_From_Cache" storage="d:\agents\smith05.01\_work\257\s\tests\chg.identityprovider.tests\bin\release\net9.0\chg.identityprovider.tests.dll" id="c0cd53c6-bc7e-8906-a9fd-9ff93010c6bf">
      <Execution id="780bd760-3e25-46c2-858e-d5f789008651" />
      <TestMethod codeBase="D:\Agents\smith05.01\_work\257\s\tests\CHG.IdentityProvider.Tests\bin\Release\net9.0\CHG.IdentityProvider.Tests.dll" adapterTypeName="executor://nunit3testexecutor/" className="CHG.IdentityProvider.Tests.Services.CachingIdentityProviderLookupTests+GetEnabledByDomainAsyncMethod" name="Gets_Item_From_Cache" />
    </UnitTest>
    <UnitTest name="Returns_Response_With_Array_Values" storage="d:\agents\smith05.01\_work\257\s\tests\chg.identityprovider.tests\bin\release\net9.0\chg.identityprovider.tests.dll" id="d486657b-172b-3e06-9417-3065afa213cc">
      <Execution id="f854252f-161d-4a02-8aea-f06d018f288b" />
      <TestMethod codeBase="D:\Agents\smith05.01\_work\257\s\tests\CHG.IdentityProvider.Tests\bin\Release\net9.0\CHG.IdentityProvider.Tests.dll" adapterTypeName="executor://nunit3testexecutor/" className="CHG.IdentityProvider.Tests.BusinessLogic.Services.AzureADUserInformationRetrieverTests+GetUserAttributesAsyncMethod" name="Returns_Response_With_Array_Values" />
    </UnitTest>
    <UnitTest name="Gets_MVC_Client_By_returnUrl" storage="d:\agents\smith05.01\_work\257\s\tests\chg.identityprovider.tests\bin\release\net9.0\chg.identityprovider.tests.dll" id="322971b8-acd2-80c8-0b8a-f5384b6c31b9">
      <Execution id="97372c64-a674-4dba-82d4-373259e24336" />
      <TestMethod codeBase="D:\Agents\smith05.01\_work\257\s\tests\CHG.IdentityProvider.Tests\bin\Release\net9.0\CHG.IdentityProvider.Tests.dll" adapterTypeName="executor://nunit3testexecutor/" className="CHG.IdentityProvider.Tests.BusinessLogic.Services.ClientContextRetrieverTests+GetCurrentClientCustomizationAsyncMethod" name="Gets_MVC_Client_By_returnUrl" />
    </UnitTest>
    <UnitTest name="IsValid_For_Valid_AzureProvider" storage="d:\agents\smith05.01\_work\257\s\tests\chg.identityprovider.tests\bin\release\net9.0\chg.identityprovider.tests.dll" id="4d73ec33-0333-8b84-2ce3-918cc509bbef">
      <Execution id="6184cb51-2d74-45fe-a5ee-67888f330c48" />
      <TestMethod codeBase="D:\Agents\smith05.01\_work\257\s\tests\CHG.IdentityProvider.Tests\bin\Release\net9.0\CHG.IdentityProvider.Tests.dll" adapterTypeName="executor://nunit3testexecutor/" className="CHG.IdentityProvider.Tests.LoginProviders.CustomIdentityProviderConfigurationValidatorTests+ValidateAsyncMethod" name="IsValid_For_Valid_AzureProvider" />
    </UnitTest>
    <UnitTest name="Maps_Claims_To_Model" storage="d:\agents\smith05.01\_work\257\s\tests\chg.identityprovider.tests\bin\release\net9.0\chg.identityprovider.tests.dll" id="94815824-b609-8aa0-e387-b9efda9307df">
      <Execution id="c1fe9fe8-747f-4137-8906-1cb3e70c1a75" />
      <TestMethod codeBase="D:\Agents\smith05.01\_work\257\s\tests\CHG.IdentityProvider.Tests\bin\Release\net9.0\CHG.IdentityProvider.Tests.dll" adapterTypeName="executor://nunit3testexecutor/" className="CHG.IdentityProvider.Tests.Mappings.UserMapperTests+MapToUserModelMethod" name="Maps_Claims_To_Model" />
    </UnitTest>
    <UnitTest name="Returns_Failure_If_Password_Equals_Username_WithoutBlank(&quot;Hans Wurst&quot;,&quot;HansWurst&quot;)" storage="d:\agents\smith05.01\_work\257\s\tests\chg.identityprovider.tests\bin\release\net9.0\chg.identityprovider.tests.dll" id="b32376d9-9f5b-230e-0a6e-8e9c554bc282">
      <Execution id="701e95a6-a824-4b22-94a9-f18fd0b74e00" />
      <TestMethod codeBase="D:\Agents\smith05.01\_work\257\s\tests\CHG.IdentityProvider.Tests\bin\Release\net9.0\CHG.IdentityProvider.Tests.dll" adapterTypeName="executor://nunit3testexecutor/" className="CHG.IdentityProvider.Tests.BusinessLogic.Validators.UsernameAsPasswordValidatorTests+ValidateMethod" name="Returns_Failure_If_Password_Equals_Username_WithoutBlank(&quot;Hans Wurst&quot;,&quot;HansWurst&quot;)" />
    </UnitTest>
    <UnitTest name="Does_Nothing_If_No_Href_Attribute_Exist" storage="d:\agents\smith05.01\_work\257\s\tests\chg.identityprovider.tests\bin\release\net9.0\chg.identityprovider.tests.dll" id="f37ff509-5ac6-fa36-60dd-efc816f39037">
      <Execution id="87c84036-c7b4-46b7-af4e-32a9059a4ddb" />
      <TestMethod codeBase="D:\Agents\smith05.01\_work\257\s\tests\CHG.IdentityProvider.Tests\bin\Release\net9.0\CHG.IdentityProvider.Tests.dll" adapterTypeName="executor://nunit3testexecutor/" className="CHG.IdentityProvider.Tests.TagHelpers.AddActiveIfCurrentControllerTests+ProcessMethod" name="Does_Nothing_If_No_Href_Attribute_Exist" />
    </UnitTest>
    <UnitTest name="ThrowsException_With_Null" storage="d:\agents\smith05.01\_work\257\s\tests\chg.identityprovider.tests\bin\release\net9.0\chg.identityprovider.tests.dll" id="728a10f8-1b9a-7447-336a-051599b35827">
      <Execution id="9311107f-57c6-4f0a-82d9-a2f0a9409f3a" />
      <TestMethod codeBase="D:\Agents\smith05.01\_work\257\s\tests\CHG.IdentityProvider.Tests\bin\Release\net9.0\CHG.IdentityProvider.Tests.dll" adapterTypeName="executor://nunit3testexecutor/" className="CHG.IdentityProvider.Tests.BusinessLogic.Validators.BlacklistPasswordValidatorTests+ValidateMethod" name="ThrowsException_With_Null" />
    </UnitTest>
    <UnitTest name="Returns_Failure_If_Password_IsListed" storage="d:\agents\smith05.01\_work\257\s\tests\chg.identityprovider.tests\bin\release\net9.0\chg.identityprovider.tests.dll" id="2bdb6bfe-20b7-7a99-b4bc-e6c29dda2950">
      <Execution id="cce935eb-641e-4c85-9162-dfb824dca366" />
      <TestMethod codeBase="D:\Agents\smith05.01\_work\257\s\tests\CHG.IdentityProvider.Tests\bin\Release\net9.0\CHG.IdentityProvider.Tests.dll" adapterTypeName="executor://nunit3testexecutor/" className="CHG.IdentityProvider.Tests.BusinessLogic.Validators.BlacklistPasswordValidatorTests+ValidateMethod" name="Returns_Failure_If_Password_IsListed" />
    </UnitTest>
    <UnitTest name="Does_Nothing_If_Does_Not_Match_Name_Exactly(&quot;selectedField otherClass&quot;)" storage="d:\agents\smith05.01\_work\257\s\tests\chg.identityprovider.tests\bin\release\net9.0\chg.identityprovider.tests.dll" id="41a25716-0158-10aa-1ed6-04e8e06aecb2">
      <Execution id="8a67e80b-8ef3-4a1f-9bbf-a67da2021544" />
      <TestMethod codeBase="D:\Agents\smith05.01\_work\257\s\tests\CHG.IdentityProvider.Tests\bin\Release\net9.0\CHG.IdentityProvider.Tests.dll" adapterTypeName="executor://nunit3testexecutor/" className="CHG.IdentityProvider.Tests.TagHelpers.RemoveClassIfCurrentControllerTests+ProcessMethod" name="Does_Nothing_If_Does_Not_Match_Name_Exactly(&quot;selectedField otherClass&quot;)" />
    </UnitTest>
    <UnitTest name="Calls_CookieManager" storage="d:\agents\smith05.01\_work\257\s\tests\chg.identityprovider.tests\bin\release\net9.0\chg.identityprovider.tests.dll" id="c0bc6d7b-6204-a0b4-c19b-751628802c32">
      <Execution id="8e20f120-3791-469d-8928-0ced46cac0b1" />
      <TestMethod codeBase="D:\Agents\smith05.01\_work\257\s\tests\CHG.IdentityProvider.Tests\bin\Release\net9.0\CHG.IdentityProvider.Tests.dll" adapterTypeName="executor://nunit3testexecutor/" className="CHG.IdentityProvider.Tests.Services.Saml.ChunkedCookieSamlCorrelationStoreTests+AddMethod" name="Calls_CookieManager" />
    </UnitTest>
    <UnitTest name="Sends_CreatedUserEvent" storage="d:\agents\smith05.01\_work\257\s\tests\chg.identityprovider.tests\bin\release\net9.0\chg.identityprovider.tests.dll" id="0c35afa0-1d7e-2e86-e31f-5482c99f4ccd">
      <Execution id="69ed72d5-3e25-423a-a62e-60e04f6953d2" />
      <TestMethod codeBase="D:\Agents\smith05.01\_work\257\s\tests\CHG.IdentityProvider.Tests\bin\Release\net9.0\CHG.IdentityProvider.Tests.dll" adapterTypeName="executor://nunit3testexecutor/" className="CHG.IdentityProvider.Tests.BusinessLogic.MessageBusHandlers.CreateChgUserHandlerTests+HandleMethod" name="Sends_CreatedUserEvent" />
    </UnitTest>
    <UnitTest name="Adds_Input_Element_If_Client_Context_Exists" storage="d:\agents\smith05.01\_work\257\s\tests\chg.identityprovider.tests\bin\release\net9.0\chg.identityprovider.tests.dll" id="8f4a8458-20ec-579e-12a7-ac495ef094f6">
      <Execution id="7cf36393-c9a7-4b9c-9c16-6bf3d2c2a65b" />
      <TestMethod codeBase="D:\Agents\smith05.01\_work\257\s\tests\CHG.IdentityProvider.Tests\bin\Release\net9.0\CHG.IdentityProvider.Tests.dll" adapterTypeName="executor://nunit3testexecutor/" className="CHG.IdentityProvider.Tests.TagHelpers.FormClientIdTagHelperTests+ProcessMethod" name="Adds_Input_Element_If_Client_Context_Exists" />
    </UnitTest>
    <UnitTest name="Calls_Repository" storage="d:\agents\smith05.01\_work\257\s\tests\chg.identityprovider.tests\bin\release\net9.0\chg.identityprovider.tests.dll" id="2cb2ed7c-eb89-daa1-918b-f98632a49c1c">
      <Execution id="b46cb250-3631-4c46-8186-91567699d182" />
      <TestMethod codeBase="D:\Agents\smith05.01\_work\257\s\tests\CHG.IdentityProvider.Tests\bin\Release\net9.0\CHG.IdentityProvider.Tests.dll" adapterTypeName="executor://nunit3testexecutor/" className="CHG.IdentityProvider.Tests.Services.IdentityProviderServiceTests+UpdateAsyncMethod" name="Calls_Repository" />
    </UnitTest>
    <UnitTest name="Throws_ArgumentNull_Exception_When_Calims_Is_Null" storage="d:\agents\smith05.01\_work\257\s\tests\chg.identityprovider.tests\bin\release\net9.0\chg.identityprovider.tests.dll" id="4127e191-40b3-0a9b-b7b7-2558916aa730">
      <Execution id="eb492d0d-131e-4b93-bb2b-c0da06aea4fb" />
      <TestMethod codeBase="D:\Agents\smith05.01\_work\257\s\tests\CHG.IdentityProvider.Tests\bin\Release\net9.0\CHG.IdentityProvider.Tests.dll" adapterTypeName="executor://nunit3testexecutor/" className="CHG.IdentityProvider.Tests.Services.WsFederation.ExtendedWsFederationClaimsServiceTests+MapToWsFederationClaimsMethod" name="Throws_ArgumentNull_Exception_When_Calims_Is_Null" />
    </UnitTest>
    <UnitTest name="Replaces_Group_Claims_With_Names" storage="d:\agents\smith05.01\_work\257\s\tests\chg.identityprovider.tests\bin\release\net9.0\chg.identityprovider.tests.dll" id="6b8d4bc4-14fb-0135-c9ec-d99bf8889cea">
      <Execution id="0034afc3-ef67-407f-a1b9-9fcbf6df766d" />
      <TestMethod codeBase="D:\Agents\smith05.01\_work\257\s\tests\CHG.IdentityProvider.Tests\bin\Release\net9.0\CHG.IdentityProvider.Tests.dll" adapterTypeName="executor://nunit3testexecutor/" className="CHG.IdentityProvider.Tests.LoginProviders.Configuration.AzureConfigureOptionsTests+ConfigureMethod" name="Replaces_Group_Claims_With_Names" />
    </UnitTest>
    <UnitTest name="Returns_True_When_Max_Attempt_For_Client_Is_Reached" storage="d:\agents\smith05.01\_work\257\s\tests\chg.identityprovider.tests\bin\release\net9.0\chg.identityprovider.tests.dll" id="712150e5-5964-9967-f8b1-dec78b9ff905">
      <Execution id="77f9bccd-6c04-4b3b-bef7-11a8108896a9" />
      <TestMethod codeBase="D:\Agents\smith05.01\_work\257\s\tests\CHG.IdentityProvider.Tests\bin\Release\net9.0\CHG.IdentityProvider.Tests.dll" adapterTypeName="executor://nunit3testexecutor/" className="CHG.IdentityProvider.Tests.BusinessLogic.Services.IdentityServerSignInManagerTests+IsSecurityActionForMaxLoginAttemptsRequiredAsyncMethod" name="Returns_True_When_Max_Attempt_For_Client_Is_Reached" />
    </UnitTest>
    <UnitTest name="Does_Not_Add_External_Claims_To_UserInfoEndpoint_When_Allowed_Scope_Not_Set" storage="d:\agents\smith05.01\_work\257\s\tests\chg.identityprovider.tests\bin\release\net9.0\chg.identityprovider.tests.dll" id="fc97df24-8375-c672-1182-f6b61f1a6eb2">
      <Execution id="2ce5b653-fd30-4c07-8de5-7f3c51b4015c" />
      <TestMethod codeBase="D:\Agents\smith05.01\_work\257\s\tests\CHG.IdentityProvider.Tests\bin\Release\net9.0\CHG.IdentityProvider.Tests.dll" adapterTypeName="executor://nunit3testexecutor/" className="CHG.IdentityProvider.Tests.Services.ExtendedProfileServiceTests+GetProfileDataAsyncMethod" name="Does_Not_Add_External_Claims_To_UserInfoEndpoint_When_Allowed_Scope_Not_Set" />
    </UnitTest>
    <UnitTest name="Use_Fallback_When_SenderType_Fails_Sending" storage="d:\agents\smith05.01\_work\257\s\tests\chg.identityprovider.tests\bin\release\net9.0\chg.identityprovider.tests.dll" id="2c57eedc-184c-5b54-9fd5-4196907c2ad8">
      <Execution id="fe4d2df1-32ac-441e-b19e-3f10f72d356c" />
      <TestMethod codeBase="D:\Agents\smith05.01\_work\257\s\tests\CHG.IdentityProvider.Tests\bin\Release\net9.0\CHG.IdentityProvider.Tests.dll" adapterTypeName="executor://nunit3testexecutor/" className="CHG.IdentityProvider.Tests.BusinessLogic.Services.UserNotificationSenderDispatcherTests+SendResetPasswordLinkAsyncMethod" name="Use_Fallback_When_SenderType_Fails_Sending" />
    </UnitTest>
    <UnitTest name="Returns_All_Schemes" storage="d:\agents\smith05.01\_work\257\s\tests\chg.identityprovider.tests\bin\release\net9.0\chg.identityprovider.tests.dll" id="c77b2164-19cd-5e1f-722b-2dbf6cdc451f">
      <Execution id="28b0d63c-b7ca-4a19-b291-61cf0c9b8a99" />
      <TestMethod codeBase="D:\Agents\smith05.01\_work\257\s\tests\CHG.IdentityProvider.Tests\bin\Release\net9.0\CHG.IdentityProvider.Tests.dll" adapterTypeName="executor://nunit3testexecutor/" className="CHG.IdentityProvider.Tests.Services.ExtendedIdentityProviderStoreTests+GetAllSchemeDisplayNamesAsyncMethod" name="Returns_All_Schemes" />
    </UnitTest>
    <UnitTest name="Returns_InternetExplorer(&quot;Mozilla/5.0 (compatible; MSIE 10.0; Windows NT 6.1; Trident/6.0)&quot;)" storage="d:\agents\smith05.01\_work\257\s\tests\chg.identityprovider.tests\bin\release\net9.0\chg.identityprovider.tests.dll" id="9e7ab89c-4222-70d1-fdca-40a8437ebc72">
      <Execution id="53547485-9a11-4ee2-b209-ade6497d9bf5" />
      <TestMethod codeBase="D:\Agents\smith05.01\_work\257\s\tests\CHG.IdentityProvider.Tests\bin\Release\net9.0\CHG.IdentityProvider.Tests.dll" adapterTypeName="executor://nunit3testexecutor/" className="CHG.IdentityProvider.Tests.Services.BrowserDetectorTests+GetBrowserTypeMethod" name="Returns_InternetExplorer(&quot;Mozilla/5.0 (compatible; MSIE 10.0; Windows NT 6.1; Trident/6.0)&quot;)" />
    </UnitTest>
    <UnitTest name="Maps_ExtendedApiResource" storage="d:\agents\smith05.01\_work\257\s\tests\chg.identityprovider.tests\bin\release\net9.0\chg.identityprovider.tests.dll" id="955e1b0e-7bc0-b1f4-9940-760dab2e8e77">
      <Execution id="81b0f7ce-2ab8-402c-b799-f2d26c895bce" />
      <TestMethod codeBase="D:\Agents\smith05.01\_work\257\s\tests\CHG.IdentityProvider.Tests\bin\Release\net9.0\CHG.IdentityProvider.Tests.dll" adapterTypeName="executor://nunit3testexecutor/" className="CHG.IdentityProvider.Tests.Mappings.ImportProtectedResourceModelMapperTests" name="Maps_ExtendedApiResource" />
    </UnitTest>
    <UnitTest name="ThrowsException_With_Null" storage="d:\agents\smith05.01\_work\257\s\tests\chg.identityprovider.tests\bin\release\net9.0\chg.identityprovider.tests.dll" id="6a2eba53-b48f-ef4b-3dc4-2d9b8e201182">
      <Execution id="834fe0a9-41a3-4dc0-a3af-839699b5337d" />
      <TestMethod codeBase="D:\Agents\smith05.01\_work\257\s\tests\CHG.IdentityProvider.Tests\bin\Release\net9.0\CHG.IdentityProvider.Tests.dll" adapterTypeName="executor://nunit3testexecutor/" className="CHG.IdentityProvider.Tests.BusinessLogic.Validators.EmailAsPasswordValidatorTests+ValidateMethod" name="ThrowsException_With_Null" />
    </UnitTest>
    <UnitTest name="Returns_Success_If_Passwort_Is_Less_Than_Max_Length" storage="d:\agents\smith05.01\_work\257\s\tests\chg.identityprovider.tests\bin\release\net9.0\chg.identityprovider.tests.dll" id="34cd891d-4b1a-f4ea-515a-5fe5be48f8c3">
      <Execution id="1de6c223-826d-47c8-92cc-2c8ef7c1846e" />
      <TestMethod codeBase="D:\Agents\smith05.01\_work\257\s\tests\CHG.IdentityProvider.Tests\bin\Release\net9.0\CHG.IdentityProvider.Tests.dll" adapterTypeName="executor://nunit3testexecutor/" className="CHG.IdentityProvider.Tests.BusinessLogic.Validators.MaxLengthPasswordValidatorTests+ValidateMethod" name="Returns_Success_If_Passwort_Is_Less_Than_Max_Length" />
    </UnitTest>
    <UnitTest name="Sends_Correct_Command" storage="d:\agents\smith05.01\_work\257\s\tests\chg.identityprovider.tests\bin\release\net9.0\chg.identityprovider.tests.dll" id="ce84da71-bb7a-156a-6e24-82a12a0e0b92">
      <Execution id="cea0b9e7-e97d-4db4-9f7f-c12eb826643e" />
      <TestMethod codeBase="D:\Agents\smith05.01\_work\257\s\tests\CHG.IdentityProvider.Tests\bin\Release\net9.0\CHG.IdentityProvider.Tests.dll" adapterTypeName="executor://nunit3testexecutor/" className="CHG.IdentityProvider.Tests.BusinessLogic.Services.UserNotificationCommandSenderTests+SendResetPasswordLinkAsyncMethod" name="Sends_Correct_Command" />
    </UnitTest>
    <UnitTest name="Removes_Helper_Attributes" storage="d:\agents\smith05.01\_work\257\s\tests\chg.identityprovider.tests\bin\release\net9.0\chg.identityprovider.tests.dll" id="5aa6890c-994d-7aaa-da93-fb83ef61a3a2">
      <Execution id="4837fc6c-78a0-4f79-a96e-2e6b5ac6ad2f" />
      <TestMethod codeBase="D:\Agents\smith05.01\_work\257\s\tests\CHG.IdentityProvider.Tests\bin\Release\net9.0\CHG.IdentityProvider.Tests.dll" adapterTypeName="executor://nunit3testexecutor/" className="CHG.IdentityProvider.Tests.TagHelpers.AddActiveIfCurrentControllerTests+ProcessMethod" name="Removes_Helper_Attributes" />
    </UnitTest>
    <UnitTest name="Calls_InformationRetriever_With_Email" storage="d:\agents\smith05.01\_work\257\s\tests\chg.identityprovider.tests\bin\release\net9.0\chg.identityprovider.tests.dll" id="940c5ed3-ea45-f8e5-c14f-fb8fe7d2605d">
      <Execution id="676e7da6-aed5-4cd7-94ba-9ed5b75579b7" />
      <TestMethod codeBase="D:\Agents\smith05.01\_work\257\s\tests\CHG.IdentityProvider.Tests\bin\Release\net9.0\CHG.IdentityProvider.Tests.dll" adapterTypeName="executor://nunit3testexecutor/" className="CHG.IdentityProvider.Tests.BusinessLogic.Services.ChgAzureADUserServiceTests+GetUserByUpnAsyncMethod" name="Calls_InformationRetriever_With_Email" />
    </UnitTest>
    <UnitTest name="Writes_Login_To_UserLogins" storage="d:\agents\smith05.01\_work\257\s\tests\chg.identityprovider.tests\bin\release\net9.0\chg.identityprovider.tests.dll" id="8e0cbfbd-fdb6-57c3-a726-6bc2782e8b2c">
      <Execution id="3ff57408-c338-4379-ab5c-a619788b6be0" />
      <TestMethod codeBase="D:\Agents\smith05.01\_work\257\s\tests\CHG.IdentityProvider.Tests\bin\Release\net9.0\CHG.IdentityProvider.Tests.dll" adapterTypeName="executor://nunit3testexecutor/" className="CHG.IdentityProvider.Tests.BusinessLogic.Services.IdentityServerSignInManagerTests+AfterSuccessfulLoginMethod" name="Writes_Login_To_UserLogins" />
    </UnitTest>
    <UnitTest name="Removes_Cached_Domains" storage="d:\agents\smith05.01\_work\257\s\tests\chg.identityprovider.tests\bin\release\net9.0\chg.identityprovider.tests.dll" id="12f95759-7425-e71e-d80a-0585d1cd58a0">
      <Execution id="016c7df5-51b4-4db2-ba9c-f6e1a7cdaff1" />
      <TestMethod codeBase="D:\Agents\smith05.01\_work\257\s\tests\CHG.IdentityProvider.Tests\bin\Release\net9.0\CHG.IdentityProvider.Tests.dll" adapterTypeName="executor://nunit3testexecutor/" className="CHG.IdentityProvider.Tests.Services.CachingIdentityProviderLookupTests+ClearCacheMethod" name="Removes_Cached_Domains" />
    </UnitTest>
    <UnitTest name="Does_Not_Set_Class_If_Include_Is_False" storage="d:\agents\smith05.01\_work\257\s\tests\chg.identityprovider.tests\bin\release\net9.0\chg.identityprovider.tests.dll" id="b5f5f5fd-5ad7-631d-7802-654c4c420bdb">
      <Execution id="4e1f779a-008e-4b19-b5ac-dd8d17505c07" />
      <TestMethod codeBase="D:\Agents\smith05.01\_work\257\s\tests\CHG.IdentityProvider.Tests\bin\Release\net9.0\CHG.IdentityProvider.Tests.dll" adapterTypeName="executor://nunit3testexecutor/" className="CHG.IdentityProvider.Tests.TagHelpers.AddClassForConditionTagHelperTests+ProcessMethod" name="Does_Not_Set_Class_If_Include_Is_False" />
    </UnitTest>
    <UnitTest name="Returns_InternetExplorer(&quot;Mozilla/5.0 (Windows NT 6.2; Trident/7.0; rv:11.0) like Gecko&quot;)" storage="d:\agents\smith05.01\_work\257\s\tests\chg.identityprovider.tests\bin\release\net9.0\chg.identityprovider.tests.dll" id="7a871801-87db-3d88-0c01-1b6a6e930bf5">
      <Execution id="3d022d7d-e493-40fe-8a0b-9afcdd90e665" />
      <TestMethod codeBase="D:\Agents\smith05.01\_work\257\s\tests\CHG.IdentityProvider.Tests\bin\Release\net9.0\CHG.IdentityProvider.Tests.dll" adapterTypeName="executor://nunit3testexecutor/" className="CHG.IdentityProvider.Tests.Services.BrowserDetectorTests+GetBrowserTypeMethod" name="Returns_InternetExplorer(&quot;Mozilla/5.0 (Windows NT 6.2; Trident/7.0; rv:11.0) like Gecko&quot;)" />
    </UnitTest>
    <UnitTest name="Ignores_TokenIssuedSuccess_Event" storage="d:\agents\smith05.01\_work\257\s\tests\chg.identityprovider.tests\bin\release\net9.0\chg.identityprovider.tests.dll" id="33444fd7-f688-0b38-55ae-2b29b719f739">
      <Execution id="09fab882-dd9b-4226-93d2-fc6d79a31d3f" />
      <TestMethod codeBase="D:\Agents\smith05.01\_work\257\s\tests\CHG.IdentityProvider.Tests\bin\Release\net9.0\CHG.IdentityProvider.Tests.dll" adapterTypeName="executor://nunit3testexecutor/" className="CHG.IdentityProvider.Tests.Services.Audit.EventAdapterTests+CreateMethod" name="Ignores_TokenIssuedSuccess_Event" />
    </UnitTest>
    <UnitTest name="Updates_Already_Existing_User_By_Email_From_Azure_AD" storage="d:\agents\smith05.01\_work\257\s\tests\chg.identityprovider.tests\bin\release\net9.0\chg.identityprovider.tests.dll" id="db6464c4-7cca-33d8-a2d4-79229832bc64">
      <Execution id="2d8edfa6-a4d9-4344-b637-4affc553125c" />
      <TestMethod codeBase="D:\Agents\smith05.01\_work\257\s\tests\CHG.IdentityProvider.Tests\bin\Release\net9.0\CHG.IdentityProvider.Tests.dll" adapterTypeName="executor://nunit3testexecutor/" className="CHG.IdentityProvider.Tests.Services.UserCreationServiceTests+CreateChgUserAsyncMethod" name="Updates_Already_Existing_User_By_Email_From_Azure_AD" />
    </UnitTest>
    <UnitTest name="Throws_Exception_When_UserPrincipalName_Is_Empty" storage="d:\agents\smith05.01\_work\257\s\tests\chg.identityprovider.tests\bin\release\net9.0\chg.identityprovider.tests.dll" id="abaa7d8b-6a04-e53b-7be4-197f5fd38163">
      <Execution id="166ea1f1-9b92-4acf-9918-244bccc57387" />
      <TestMethod codeBase="D:\Agents\smith05.01\_work\257\s\tests\CHG.IdentityProvider.Tests\bin\Release\net9.0\CHG.IdentityProvider.Tests.dll" adapterTypeName="executor://nunit3testexecutor/" className="CHG.IdentityProvider.Tests.BusinessLogic.Services.ChgAzureADUserServiceTests+GetUserByUpnAsyncMethod" name="Throws_Exception_When_UserPrincipalName_Is_Empty" />
    </UnitTest>
    <UnitTest name="Dispatches_StatusMessage_To_Model" storage="d:\agents\smith05.01\_work\257\s\tests\chg.identityprovider.tests\bin\release\net9.0\chg.identityprovider.tests.dll" id="1b77e547-9397-94fe-9a03-435c39c7de08">
      <Execution id="1013a685-769c-4064-8992-76b8b706badc" />
      <TestMethod codeBase="D:\Agents\smith05.01\_work\257\s\tests\CHG.IdentityProvider.Tests\bin\Release\net9.0\CHG.IdentityProvider.Tests.dll" adapterTypeName="executor://nunit3testexecutor/" className="CHG.IdentityProvider.Tests.Controllers.LoginProvidersControllerTest+DetailGetMethod" name="Dispatches_StatusMessage_To_Model" />
    </UnitTest>
    <UnitTest name="Publishes_UserCreated_Event" storage="d:\agents\smith05.01\_work\257\s\tests\chg.identityprovider.tests\bin\release\net9.0\chg.identityprovider.tests.dll" id="be5a4b4d-b8b0-92a4-3507-a1826dafcb30">
      <Execution id="f32656a8-734b-47d9-87e8-b18b76a38a43" />
      <TestMethod codeBase="D:\Agents\smith05.01\_work\257\s\tests\CHG.IdentityProvider.Tests\bin\Release\net9.0\CHG.IdentityProvider.Tests.dll" adapterTypeName="executor://nunit3testexecutor/" className="CHG.IdentityProvider.Tests.Controllers.Api.AdminUIHookApiControllerTests+RegistrationConfirmationMethod" name="Publishes_UserCreated_Event" />
    </UnitTest>
    <UnitTest name="Returns_LoginProviders_That_Are_About_To_Expire_Within_The_Requested_Period(14)" storage="d:\agents\smith05.01\_work\257\s\tests\chg.identityprovider.tests\bin\release\net9.0\chg.identityprovider.tests.dll" id="05fd93f4-4e9d-1781-090d-565f60960e72">
      <Execution id="79f32244-7d8c-438d-99d3-42774218a373" />
      <TestMethod codeBase="D:\Agents\smith05.01\_work\257\s\tests\CHG.IdentityProvider.Tests\bin\Release\net9.0\CHG.IdentityProvider.Tests.dll" adapterTypeName="executor://nunit3testexecutor/" className="CHG.IdentityProvider.Tests.Services.LoginProviderExpirationCheckTests+GetLoginProvidersWithNearlyExpiredClientSecretsMethod" name="Returns_LoginProviders_That_Are_About_To_Expire_Within_The_Requested_Period(14)" />
    </UnitTest>
    <UnitTest name="Throws_UserNotFoundException_When_Azure_User_Not_Found" storage="d:\agents\smith05.01\_work\257\s\tests\chg.identityprovider.tests\bin\release\net9.0\chg.identityprovider.tests.dll" id="18caa7c6-b85f-4ee2-043d-43053045d61a">
      <Execution id="7d4fce81-1380-414f-ad6f-658fd7d5ccad" />
      <TestMethod codeBase="D:\Agents\smith05.01\_work\257\s\tests\CHG.IdentityProvider.Tests\bin\Release\net9.0\CHG.IdentityProvider.Tests.dll" adapterTypeName="executor://nunit3testexecutor/" className="CHG.IdentityProvider.Tests.Services.UserCreationServiceTests+CreateChgUserAsyncMethod" name="Throws_UserNotFoundException_When_Azure_User_Not_Found" />
    </UnitTest>
    <UnitTest name="Returns_Failure_If_Password_Contains_Less_Than_3_Unique_Chars(&quot;oooooooooo&quot;)" storage="d:\agents\smith05.01\_work\257\s\tests\chg.identityprovider.tests\bin\release\net9.0\chg.identityprovider.tests.dll" id="af25b24a-04f3-96de-4c46-fc2df77ad4fc">
      <Execution id="abc94fbb-7b6d-412e-b1dc-327a41220943" />
      <TestMethod codeBase="D:\Agents\smith05.01\_work\257\s\tests\CHG.IdentityProvider.Tests\bin\Release\net9.0\CHG.IdentityProvider.Tests.dll" adapterTypeName="executor://nunit3testexecutor/" className="CHG.IdentityProvider.Tests.BusinessLogic.Validators.DefaultPasswordValidatorTests+ValidateMethod" name="Returns_Failure_If_Password_Contains_Less_Than_3_Unique_Chars(&quot;oooooooooo&quot;)" />
    </UnitTest>
    <UnitTest name="Creates_New_User_If_Not_Exists" storage="d:\agents\smith05.01\_work\257\s\tests\chg.identityprovider.tests\bin\release\net9.0\chg.identityprovider.tests.dll" id="c94f057b-07a4-1f71-c0f8-140a35175d38">
      <Execution id="1a7e95f1-cf1d-4d06-83f0-652e2dcf0c5d" />
      <TestMethod codeBase="D:\Agents\smith05.01\_work\257\s\tests\CHG.IdentityProvider.Tests\bin\Release\net9.0\CHG.IdentityProvider.Tests.dll" adapterTypeName="executor://nunit3testexecutor/" className="CHG.IdentityProvider.Tests.Controllers.ExternalControllerTests+CallbackMethod" name="Creates_New_User_If_Not_Exists" />
    </UnitTest>
    <UnitTest name="Logs_Message_When_GroupMember_Permission_Is_Missing" storage="d:\agents\smith05.01\_work\257\s\tests\chg.identityprovider.tests\bin\release\net9.0\chg.identityprovider.tests.dll" id="e0ead985-7f8e-d7c2-5850-3ccd5912418e">
      <Execution id="c245c67e-a775-44dc-9f99-d066120cb8f0" />
      <TestMethod codeBase="D:\Agents\smith05.01\_work\257\s\tests\CHG.IdentityProvider.Tests\bin\Release\net9.0\CHG.IdentityProvider.Tests.dll" adapterTypeName="executor://nunit3testexecutor/" className="CHG.IdentityProvider.Tests.LoginProviders.Configuration.AzureConfigureOptionsTests+ConfigureMethod" name="Logs_Message_When_GroupMember_Permission_Is_Missing" />
    </UnitTest>
    <UnitTest name="Returns_Success_If_Password_Is_More_Than_10_Chars" storage="d:\agents\smith05.01\_work\257\s\tests\chg.identityprovider.tests\bin\release\net9.0\chg.identityprovider.tests.dll" id="dfb65903-87bc-a456-908a-d97a593cc02e">
      <Execution id="86053b31-cb2e-459d-8214-069c5e483b5c" />
      <TestMethod codeBase="D:\Agents\smith05.01\_work\257\s\tests\CHG.IdentityProvider.Tests\bin\Release\net9.0\CHG.IdentityProvider.Tests.dll" adapterTypeName="executor://nunit3testexecutor/" className="CHG.IdentityProvider.Tests.BusinessLogic.Validators.DefaultPasswordValidatorTests+ValidateMethod" name="Returns_Success_If_Password_Is_More_Than_10_Chars" />
    </UnitTest>
    <UnitTest name="Sends_Link_To_Client_Endpoint" storage="d:\agents\smith05.01\_work\257\s\tests\chg.identityprovider.tests\bin\release\net9.0\chg.identityprovider.tests.dll" id="674f49fc-d25d-94f4-9ddd-98286ae75bf7">
      <Execution id="d1d560ee-75fc-4823-85b3-a6de0ace37c7" />
      <TestMethod codeBase="D:\Agents\smith05.01\_work\257\s\tests\CHG.IdentityProvider.Tests\bin\Release\net9.0\CHG.IdentityProvider.Tests.dll" adapterTypeName="executor://nunit3testexecutor/" className="CHG.IdentityProvider.Tests.BusinessLogic.Services.UserNotificationCommandSenderTests+SendEmailConfirmationLinkAsyncMethod" name="Sends_Link_To_Client_Endpoint" />
    </UnitTest>
    <UnitTest name="Returns_User_By_Email" storage="d:\agents\smith05.01\_work\257\s\tests\chg.identityprovider.tests\bin\release\net9.0\chg.identityprovider.tests.dll" id="7b02fd2c-8c6f-e484-8cb0-2d4fb5c50f06">
      <Execution id="89b0b9d5-bc91-4a68-ba48-48652cdd397c" />
      <TestMethod codeBase="D:\Agents\smith05.01\_work\257\s\tests\CHG.IdentityProvider.Tests\bin\Release\net9.0\CHG.IdentityProvider.Tests.dll" adapterTypeName="executor://nunit3testexecutor/" className="CHG.IdentityProvider.Tests.Controllers.Api.UserApiControllerTests+GetByIdMethod" name="Returns_User_By_Email" />
    </UnitTest>
    <UnitTest name="Logs_User_In" storage="d:\agents\smith05.01\_work\257\s\tests\chg.identityprovider.tests\bin\release\net9.0\chg.identityprovider.tests.dll" id="ebd76c92-9369-b91f-c4a8-25137dc9971e">
      <Execution id="96896aea-215c-4dee-9af2-fa65e7aa2d2f" />
      <TestMethod codeBase="D:\Agents\smith05.01\_work\257\s\tests\CHG.IdentityProvider.Tests\bin\Release\net9.0\CHG.IdentityProvider.Tests.dll" adapterTypeName="executor://nunit3testexecutor/" className="CHG.IdentityProvider.Tests.Controllers.ExternalControllerTests+CallbackMethod" name="Logs_User_In" />
    </UnitTest>
    <UnitTest name="Logs_UserName(&quot;https://localhost/Account/Login?ReturnUrl=%2Fconnect%2Fauthorize%2Fcallback%3Fresponse_type%3Dcode%26nonce%3DTcYRg3ly9PxiTLvK4y3b-g%26state%3DBPb4upgHZjrUKSPdQH9UlA%26code_challenge%3DBrY_dAF4pTJ2oWWXblA8p81WWCKQYJN0L0k7GCsxQfs%26code_challenge_method%3DS256%26client_id%3Dlas_desktop%26scope%3Dopenid%2520profile%2520offline_access%2520chgprofile%2520email%2520dms_appserver_api%26redirect_uri%3Dhttp%253A%252F%252Flocalhost%252Flas_desktop%26acr_values%3Didp%253ACHGAzureAD%26login_hint%3Dhans.peter@test.com&quot;)" storage="d:\agents\smith05.01\_work\257\s\tests\chg.identityprovider.tests\bin\release\net9.0\chg.identityprovider.tests.dll" id="b78cb72f-9966-f61b-7bee-eaae4a10486c">
      <Execution id="480b5cfe-1440-4736-8547-3732a919a955" />
      <TestMethod codeBase="D:\Agents\smith05.01\_work\257\s\tests\CHG.IdentityProvider.Tests\bin\Release\net9.0\CHG.IdentityProvider.Tests.dll" adapterTypeName="executor://nunit3testexecutor/" className="CHG.IdentityProvider.Tests.Middleware.UserLoginLoggingMiddlewareTests+InvokeMethod" name="Logs_UserName(&quot;https://localhost/Account/Login?ReturnUrl=%2Fconnect%2Fauthorize%2Fcallback%3Fresponse_type%3Dcode%26nonce%3DTcYRg3ly9PxiTLvK4y3b-g%26state%3DBPb4upgHZjrUKSPdQH9UlA%26code_challenge%3DBrY_dAF4pTJ2oWWXblA8p81WWCKQYJN0L0k7GCsxQfs%26code_challenge_method%3DS256%26client_id%3Dlas_desktop%26scope%3Dopenid%2520profile%2520offline_access%2520chgprofile%2520email%2520dms_appserver_api%26redirect_uri%3Dhttp%253A%252F%252Flocalhost%252Flas_desktop%26acr_values%3Didp%253ACHGAzureAD%26login_hint%3Dhans.peter@test.com&quot;)" />
    </UnitTest>
    <UnitTest name="Throws_Exception_When_No_SingOnEndpoint_Is_Available" storage="d:\agents\smith05.01\_work\257\s\tests\chg.identityprovider.tests\bin\release\net9.0\chg.identityprovider.tests.dll" id="7bde7718-297e-bc2d-cb7d-07ac83a320f1">
      <Execution id="e2f2640c-12f5-4d47-bd8f-aab009fa09f9" />
      <TestMethod codeBase="D:\Agents\smith05.01\_work\257\s\tests\CHG.IdentityProvider.Tests\bin\Release\net9.0\CHG.IdentityProvider.Tests.dll" adapterTypeName="executor://nunit3testexecutor/" className="CHG.IdentityProvider.Tests.BusinessLogic.LoginProviders.SamlIdpMetadataImporterTests+ImportFromStreamMethod" name="Throws_Exception_When_No_SingOnEndpoint_Is_Available" />
    </UnitTest>
    <UnitTest name="Removes_Helper_Attributes" storage="d:\agents\smith05.01\_work\257\s\tests\chg.identityprovider.tests\bin\release\net9.0\chg.identityprovider.tests.dll" id="4cdb1897-835a-7440-a933-3b63a2a4653e">
      <Execution id="4801718a-9cc3-472c-b848-1570b9478bf2" />
      <TestMethod codeBase="D:\Agents\smith05.01\_work\257\s\tests\CHG.IdentityProvider.Tests\bin\Release\net9.0\CHG.IdentityProvider.Tests.dll" adapterTypeName="executor://nunit3testexecutor/" className="CHG.IdentityProvider.Tests.TagHelpers.AddClassForConditionTagHelperTests+ProcessMethod" name="Removes_Helper_Attributes" />
    </UnitTest>
    <UnitTest name="Calls_IdentityProviderLookup" storage="d:\agents\smith05.01\_work\257\s\tests\chg.identityprovider.tests\bin\release\net9.0\chg.identityprovider.tests.dll" id="898c1b49-f8e8-66dd-632e-c72b9f8369cb">
      <Execution id="29bbb454-efcf-43f5-b6e1-5a8037aaf07c" />
      <TestMethod codeBase="D:\Agents\smith05.01\_work\257\s\tests\CHG.IdentityProvider.Tests\bin\Release\net9.0\CHG.IdentityProvider.Tests.dll" adapterTypeName="executor://nunit3testexecutor/" className="CHG.IdentityProvider.Tests.MessageHandlers.IdentityProviderUpdatedHandlerTests" name="Calls_IdentityProviderLookup" />
    </UnitTest>
    <UnitTest name="Returns_False_When_Response_Failed" storage="d:\agents\smith05.01\_work\257\s\tests\chg.identityprovider.tests\bin\release\net9.0\chg.identityprovider.tests.dll" id="c5461b35-7b42-70d6-b71d-3676f32a782f">
      <Execution id="9ef7548b-de43-46ee-a284-05bf91342159" />
      <TestMethod codeBase="D:\Agents\smith05.01\_work\257\s\tests\CHG.IdentityProvider.Tests\bin\Release\net9.0\CHG.IdentityProvider.Tests.dll" adapterTypeName="executor://nunit3testexecutor/" className="CHG.IdentityProvider.Tests.Infrastructure.PasswordBlacklistOnlineServiceProviderTests+IsPasswordListedAsyncMethod" name="Returns_False_When_Response_Failed" />
    </UnitTest>
    <UnitTest name="Concat_Groups_If_Defined" storage="d:\agents\smith05.01\_work\257\s\tests\chg.identityprovider.tests\bin\release\net9.0\chg.identityprovider.tests.dll" id="e980232d-04f5-66df-4d0c-b71aabaaccba">
      <Execution id="9dc023c0-26ec-4a64-8dbd-fa8f69fb8bb3" />
      <TestMethod codeBase="D:\Agents\smith05.01\_work\257\s\tests\CHG.IdentityProvider.Tests\bin\Release\net9.0\CHG.IdentityProvider.Tests.dll" adapterTypeName="executor://nunit3testexecutor/" className="CHG.IdentityProvider.Tests.Services.Saml.ExtendedSamlClaimsServiceTests+GetUserClaimsMethod" name="Concat_Groups_If_Defined" />
    </UnitTest>
    <UnitTest name="Not_Valid_For_Invalid_OidcProvider_Missing_Authority" storage="d:\agents\smith05.01\_work\257\s\tests\chg.identityprovider.tests\bin\release\net9.0\chg.identityprovider.tests.dll" id="a15042c3-12ca-9105-0797-7232479efd1c">
      <Execution id="a3d5a64b-4602-4817-a0a3-84725c190788" />
      <TestMethod codeBase="D:\Agents\smith05.01\_work\257\s\tests\CHG.IdentityProvider.Tests\bin\Release\net9.0\CHG.IdentityProvider.Tests.dll" adapterTypeName="executor://nunit3testexecutor/" className="CHG.IdentityProvider.Tests.LoginProviders.CustomIdentityProviderConfigurationValidatorTests+ValidateAsyncMethod" name="Not_Valid_For_Invalid_OidcProvider_Missing_Authority" />
    </UnitTest>
    <UnitTest name="Throws_Exception_When_Client_QueueName_Is_Empty" storage="d:\agents\smith05.01\_work\257\s\tests\chg.identityprovider.tests\bin\release\net9.0\chg.identityprovider.tests.dll" id="86eca4fc-f27e-42f0-dc3f-10a633f112d4">
      <Execution id="19f057e6-4477-4d02-8d13-3162037661a3" />
      <TestMethod codeBase="D:\Agents\smith05.01\_work\257\s\tests\CHG.IdentityProvider.Tests\bin\Release\net9.0\CHG.IdentityProvider.Tests.dll" adapterTypeName="executor://nunit3testexecutor/" className="CHG.IdentityProvider.Tests.BusinessLogic.Services.UserNotificationCommandSenderTests+SendResetPasswordLinkAsyncMethod" name="Throws_Exception_When_Client_QueueName_Is_Empty" />
    </UnitTest>
    <UnitTest name="Publishes_UserFullNameChanged_Event_When_FirstName_Was_Changed" storage="d:\agents\smith05.01\_work\257\s\tests\chg.identityprovider.tests\bin\release\net9.0\chg.identityprovider.tests.dll" id="c0c6839e-f2da-1eba-68d1-ba2019385de6">
      <Execution id="b3634430-dd0c-4918-adbc-d5ecddbd8dc1" />
      <TestMethod codeBase="D:\Agents\smith05.01\_work\257\s\tests\CHG.IdentityProvider.Tests\bin\Release\net9.0\CHG.IdentityProvider.Tests.dll" adapterTypeName="executor://nunit3testexecutor/" className="CHG.IdentityProvider.Tests.BusinessLogic.Services.IdentityServerUserManagerTests+SetFirstNameAsync" name="Publishes_UserFullNameChanged_Event_When_FirstName_Was_Changed" />
    </UnitTest>
    <UnitTest name="Does_Nothing_If_ControllerAttribute_Is_Not_Current_Controller" storage="d:\agents\smith05.01\_work\257\s\tests\chg.identityprovider.tests\bin\release\net9.0\chg.identityprovider.tests.dll" id="bf6d7b56-38fc-3570-e68e-6dc8ac6cd24d">
      <Execution id="25804a33-7458-46d8-93eb-527b0a6e10be" />
      <TestMethod codeBase="D:\Agents\smith05.01\_work\257\s\tests\CHG.IdentityProvider.Tests\bin\Release\net9.0\CHG.IdentityProvider.Tests.dll" adapterTypeName="executor://nunit3testexecutor/" className="CHG.IdentityProvider.Tests.TagHelpers.RemoveClassIfCurrentControllerTests+ProcessMethod" name="Does_Nothing_If_ControllerAttribute_Is_Not_Current_Controller" />
    </UnitTest>
    <UnitTest name="Sets_Username_By_Email_If_Empty" storage="d:\agents\smith05.01\_work\257\s\tests\chg.identityprovider.tests\bin\release\net9.0\chg.identityprovider.tests.dll" id="9038a1a1-5d0d-d814-7016-77c5af3ffe93">
      <Execution id="3631a821-e0e2-4c2d-8fbc-08b7058583b8" />
      <TestMethod codeBase="D:\Agents\smith05.01\_work\257\s\tests\CHG.IdentityProvider.Tests\bin\Release\net9.0\CHG.IdentityProvider.Tests.dll" adapterTypeName="executor://nunit3testexecutor/" className="CHG.IdentityProvider.Tests.Controllers.Api.UserApiControllerTests+CreateMethod" name="Sets_Username_By_Email_If_Empty" />
    </UnitTest>
    <UnitTest name="Returns_User_Actor_For_Oidc_Auth" storage="d:\agents\smith05.01\_work\257\s\tests\chg.identityprovider.tests\bin\release\net9.0\chg.identityprovider.tests.dll" id="c4ef35a4-679f-a674-4b82-622aacda97b2">
      <Execution id="ec7fbfe5-9c4b-4284-8e0d-c005f978c66e" />
      <TestMethod codeBase="D:\Agents\smith05.01\_work\257\s\tests\CHG.IdentityProvider.Tests\bin\Release\net9.0\CHG.IdentityProvider.Tests.dll" adapterTypeName="executor://nunit3testexecutor/" className="CHG.IdentityProvider.Tests.Services.Audit.AuditStoreTests+ResolveCurrentActorMethod" name="Returns_User_Actor_For_Oidc_Auth" />
    </UnitTest>
    <UnitTest name="Adds_External_Claims_To_Saml_With_Prefix" storage="d:\agents\smith05.01\_work\257\s\tests\chg.identityprovider.tests\bin\release\net9.0\chg.identityprovider.tests.dll" id="61bac021-8883-590e-1acd-b292c986ef30">
      <Execution id="e385aa3d-d8c7-4cf1-be8a-2123bce05bfa" />
      <TestMethod codeBase="D:\Agents\smith05.01\_work\257\s\tests\CHG.IdentityProvider.Tests\bin\Release\net9.0\CHG.IdentityProvider.Tests.dll" adapterTypeName="executor://nunit3testexecutor/" className="CHG.IdentityProvider.Tests.Services.ExtendedProfileServiceTests+GetProfileDataAsyncMethod" name="Adds_External_Claims_To_Saml_With_Prefix" />
    </UnitTest>
    <UnitTest name="Does_Not_Send_A_Lock_Mail_If_The_LockoutEndDate_Is_In_The_Past" storage="d:\agents\smith05.01\_work\257\s\tests\chg.identityprovider.tests\bin\release\net9.0\chg.identityprovider.tests.dll" id="994df288-2f94-bd2f-ef24-d0deea8497ea">
      <Execution id="eac19832-2059-4342-be15-e92e507d46d6" />
      <TestMethod codeBase="D:\Agents\smith05.01\_work\257\s\tests\CHG.IdentityProvider.Tests\bin\Release\net9.0\CHG.IdentityProvider.Tests.dll" adapterTypeName="executor://nunit3testexecutor/" className="CHG.IdentityProvider.Tests.BusinessLogic.Services.IdentityServerUserManagerTests+HandleUserLockAsyncMethod" name="Does_Not_Send_A_Lock_Mail_If_The_LockoutEndDate_Is_In_The_Past" />
    </UnitTest>
    <UnitTest name="Calls_Renderer_With_ScriptName" storage="d:\agents\smith05.01\_work\257\s\tests\chg.identityprovider.tests\bin\release\net9.0\chg.identityprovider.tests.dll" id="18d4fde6-42c5-efbc-ad05-63d710c635c9">
      <Execution id="9c4cda9e-8b30-4af5-924b-734003fceba7" />
      <TestMethod codeBase="D:\Agents\smith05.01\_work\257\s\tests\CHG.IdentityProvider.Tests\bin\Release\net9.0\CHG.IdentityProvider.Tests.dll" adapterTypeName="executor://nunit3testexecutor/" className="CHG.IdentityProvider.Tests.Controllers.Api.ScriptsApiControllerTests+GetMethod" name="Calls_Renderer_With_ScriptName" />
    </UnitTest>
    <UnitTest name="Throws_Exception_If_Options_Is_Null" storage="d:\agents\smith05.01\_work\257\s\tests\chg.identityprovider.tests\bin\release\net9.0\chg.identityprovider.tests.dll" id="ad4245ec-9a84-bb89-b2dc-a3d94df0b83e">
      <Execution id="85be8c5b-d632-4b53-b9b1-e08af6fe19fe" />
      <TestMethod codeBase="D:\Agents\smith05.01\_work\257\s\tests\CHG.IdentityProvider.Tests\bin\Release\net9.0\CHG.IdentityProvider.Tests.dll" adapterTypeName="executor://nunit3testexecutor/" className="CHG.IdentityProvider.Tests.Services.Saml.ChunkedCookieSamlCorrelationStoreTests+AddMethod" name="Throws_Exception_If_Options_Is_Null" />
    </UnitTest>
    <UnitTest name="Gets_Item_From_Inner_And_Adds_To_Cache" storage="d:\agents\smith05.01\_work\257\s\tests\chg.identityprovider.tests\bin\release\net9.0\chg.identityprovider.tests.dll" id="bee20ad9-a759-3047-7453-d5e8513bd2a2">
      <Execution id="5ca06785-f1c5-4099-a402-cea1e969e025" />
      <TestMethod codeBase="D:\Agents\smith05.01\_work\257\s\tests\CHG.IdentityProvider.Tests\bin\Release\net9.0\CHG.IdentityProvider.Tests.dll" adapterTypeName="executor://nunit3testexecutor/" className="CHG.IdentityProvider.Tests.Services.CachingIdentityProviderLookupTests+GetEnabledByDomainAsyncMethod" name="Gets_Item_From_Inner_And_Adds_To_Cache" />
    </UnitTest>
    <UnitTest name="Forbids_Updates_On_The_ChgAzureAd_LoginProvider" storage="d:\agents\smith05.01\_work\257\s\tests\chg.identityprovider.tests\bin\release\net9.0\chg.identityprovider.tests.dll" id="12f76939-5c14-809b-18e2-623fcb6959f3">
      <Execution id="b060c0a7-58f9-4002-9644-6c5f367a6204" />
      <TestMethod codeBase="D:\Agents\smith05.01\_work\257\s\tests\CHG.IdentityProvider.Tests\bin\Release\net9.0\CHG.IdentityProvider.Tests.dll" adapterTypeName="executor://nunit3testexecutor/" className="CHG.IdentityProvider.Tests.Controllers.LoginProvidersControllerTest+DetailPostMethod" name="Forbids_Updates_On_The_ChgAzureAd_LoginProvider" />
    </UnitTest>
    <UnitTest name="Throws_UnrecoverableException_When_Azure_Mail_Is_Missing" storage="d:\agents\smith05.01\_work\257\s\tests\chg.identityprovider.tests\bin\release\net9.0\chg.identityprovider.tests.dll" id="25f222e7-d75b-4fb2-ff91-bce2c15431fe">
      <Execution id="324f7f6b-f388-49ad-b5b7-083462344591" />
      <TestMethod codeBase="D:\Agents\smith05.01\_work\257\s\tests\CHG.IdentityProvider.Tests\bin\Release\net9.0\CHG.IdentityProvider.Tests.dll" adapterTypeName="executor://nunit3testexecutor/" className="CHG.IdentityProvider.Tests.Services.UserCreationServiceTests+CreateChgUserAsyncMethod" name="Throws_UnrecoverableException_When_Azure_Mail_Is_Missing" />
    </UnitTest>
    <UnitTest name="Returns_True_When_Hash_Is_Listed" storage="d:\agents\smith05.01\_work\257\s\tests\chg.identityprovider.tests\bin\release\net9.0\chg.identityprovider.tests.dll" id="c69ae519-8b24-10ab-2127-99e669a5ef88">
      <Execution id="650365f6-7795-406f-907a-c16718e6918a" />
      <TestMethod codeBase="D:\Agents\smith05.01\_work\257\s\tests\CHG.IdentityProvider.Tests\bin\Release\net9.0\CHG.IdentityProvider.Tests.dll" adapterTypeName="executor://nunit3testexecutor/" className="CHG.IdentityProvider.Tests.Infrastructure.PasswordBlacklistOnlineServiceProviderTests+IsPasswordListedAsyncMethod" name="Returns_True_When_Hash_Is_Listed" />
    </UnitTest>
    <UnitTest name="Return_NotFound_For_Invalid_Id" storage="d:\agents\smith05.01\_work\257\s\tests\chg.identityprovider.tests\bin\release\net9.0\chg.identityprovider.tests.dll" id="bed5b8f3-7d0c-c2b1-2845-ecd2ab2f245f">
      <Execution id="79cb2962-856a-4c13-9fb4-7f7c13f99e19" />
      <TestMethod codeBase="D:\Agents\smith05.01\_work\257\s\tests\CHG.IdentityProvider.Tests\bin\Release\net9.0\CHG.IdentityProvider.Tests.dll" adapterTypeName="executor://nunit3testexecutor/" className="CHG.IdentityProvider.Tests.Controllers.LoginProvidersControllerTest+DeleteMethod" name="Return_NotFound_For_Invalid_Id" />
    </UnitTest>
    <UnitTest name="Returns_Not_Found_If_Not_Exists" storage="d:\agents\smith05.01\_work\257\s\tests\chg.identityprovider.tests\bin\release\net9.0\chg.identityprovider.tests.dll" id="65ac7462-a40f-b2f5-3af7-ffead20f3299">
      <Execution id="8b555f42-64d5-4bcd-9377-0564cd6c0288" />
      <TestMethod codeBase="D:\Agents\smith05.01\_work\257\s\tests\CHG.IdentityProvider.Tests\bin\Release\net9.0\CHG.IdentityProvider.Tests.dll" adapterTypeName="executor://nunit3testexecutor/" className="CHG.IdentityProvider.Tests.Controllers.Api.UserApiControllerTests+GetLoginsByUserIdMethod" name="Returns_Not_Found_If_Not_Exists" />
    </UnitTest>
    <UnitTest name="Calls_Next(&quot;https://localhost/saml/metadata&quot;)" storage="d:\agents\smith05.01\_work\257\s\tests\chg.identityprovider.tests\bin\release\net9.0\chg.identityprovider.tests.dll" id="5d3e1acc-4e09-7532-eabd-5cc2d59ab64e">
      <Execution id="09184720-2a73-4270-9f9e-e292e2d3d280" />
      <TestMethod codeBase="D:\Agents\smith05.01\_work\257\s\tests\CHG.IdentityProvider.Tests\bin\Release\net9.0\CHG.IdentityProvider.Tests.dll" adapterTypeName="executor://nunit3testexecutor/" className="CHG.IdentityProvider.Tests.Middleware.UserLoginLoggingMiddlewareTests+InvokeMethod" name="Calls_Next(&quot;https://localhost/saml/metadata&quot;)" />
    </UnitTest>
    <UnitTest name="Returns_False_For_Invalid_Email(&quot;With Blank@test.com&quot;)" storage="d:\agents\smith05.01\_work\257\s\tests\chg.identityprovider.tests\bin\release\net9.0\chg.identityprovider.tests.dll" id="a61ea07f-44d8-59ad-b025-684cb9bf4c30">
      <Execution id="fd9b4b5e-7df5-4ad1-b23c-f255619af038" />
      <TestMethod codeBase="D:\Agents\smith05.01\_work\257\s\tests\CHG.IdentityProvider.Tests\bin\Release\net9.0\CHG.IdentityProvider.Tests.dll" adapterTypeName="executor://nunit3testexecutor/" className="CHG.IdentityProvider.Tests.Extensions.EmailUtilsTests+IsValidEmailMethod" name="Returns_False_For_Invalid_Email(&quot;With Blank@test.com&quot;)" />
    </UnitTest>
    <UnitTest name="Returns_A_Url_To_The_Email_Confirm_Endpoint_Of_Identity_Server" storage="d:\agents\smith05.01\_work\257\s\tests\chg.identityprovider.tests\bin\release\net9.0\chg.identityprovider.tests.dll" id="f6109392-fb70-28f2-88ea-b39a779781c1">
      <Execution id="7f0d861d-ba06-4b77-9f8b-47facb1ac6bc" />
      <TestMethod codeBase="D:\Agents\smith05.01\_work\257\s\tests\CHG.IdentityProvider.Tests\bin\Release\net9.0\CHG.IdentityProvider.Tests.dll" adapterTypeName="executor://nunit3testexecutor/" className="CHG.IdentityProvider.Tests.Controllers.Api.UserInvitationApiControllerTests+InviteV3Action" name="Returns_A_Url_To_The_Email_Confirm_Endpoint_Of_Identity_Server" />
    </UnitTest>
    <UnitTest name="Unconfirmed_Email_User_Dont_Retrieve_ResetPassword_Mails" storage="d:\agents\smith05.01\_work\257\s\tests\chg.identityprovider.tests\bin\release\net9.0\chg.identityprovider.tests.dll" id="766fb6b7-493e-5422-64df-27442a83402c">
      <Execution id="3b7ea34a-dcd5-4b5d-90f6-e405d67fc348" />
      <TestMethod codeBase="D:\Agents\smith05.01\_work\257\s\tests\CHG.IdentityProvider.Tests\bin\Release\net9.0\CHG.IdentityProvider.Tests.dll" adapterTypeName="executor://nunit3testexecutor/" className="CHG.IdentityProvider.Tests.Controllers.AccountControllerTests+ForgotPasswordAction" name="Unconfirmed_Email_User_Dont_Retrieve_ResetPassword_Mails" />
    </UnitTest>
    <UnitTest name="Does_Not_Send_A_Lock_Mail_If_The_LockoutEndDate_Is_Null" storage="d:\agents\smith05.01\_work\257\s\tests\chg.identityprovider.tests\bin\release\net9.0\chg.identityprovider.tests.dll" id="3a23731d-6528-9a93-321d-869f4c096af3">
      <Execution id="3e869310-c662-44a0-b30f-8893f9ad7ed3" />
      <TestMethod codeBase="D:\Agents\smith05.01\_work\257\s\tests\CHG.IdentityProvider.Tests\bin\Release\net9.0\CHG.IdentityProvider.Tests.dll" adapterTypeName="executor://nunit3testexecutor/" className="CHG.IdentityProvider.Tests.BusinessLogic.Services.IdentityServerUserManagerTests+HandleUserLockAsyncMethod" name="Does_Not_Send_A_Lock_Mail_If_The_LockoutEndDate_Is_Null" />
    </UnitTest>
    <UnitTest name="Creates_Provider_In_Store" storage="d:\agents\smith05.01\_work\257\s\tests\chg.identityprovider.tests\bin\release\net9.0\chg.identityprovider.tests.dll" id="8ef1267e-296d-f674-0a4d-067189f48c97">
      <Execution id="a8404a0d-6abc-49ef-96ec-4f665e574f8a" />
      <TestMethod codeBase="D:\Agents\smith05.01\_work\257\s\tests\CHG.IdentityProvider.Tests\bin\Release\net9.0\CHG.IdentityProvider.Tests.dll" adapterTypeName="executor://nunit3testexecutor/" className="CHG.IdentityProvider.Tests.Services.IdentityProviderServiceTests+CreateAsyncMethod" name="Creates_Provider_In_Store" />
    </UnitTest>
    <UnitTest name="Returns_Provider_When_EmailDomain_Was_Registered" storage="d:\agents\smith05.01\_work\257\s\tests\chg.identityprovider.tests\bin\release\net9.0\chg.identityprovider.tests.dll" id="5d29493a-76e7-36c2-b679-3abb71142446">
      <Execution id="4b479374-3a90-43a1-9b67-ffde2d80c7ae" />
      <TestMethod codeBase="D:\Agents\smith05.01\_work\257\s\tests\CHG.IdentityProvider.Tests\bin\Release\net9.0\CHG.IdentityProvider.Tests.dll" adapterTypeName="executor://nunit3testexecutor/" className="CHG.IdentityProvider.Tests.Services.IdentityProviderServiceTests+FindProviderByUserNameMethod" name="Returns_Provider_When_EmailDomain_Was_Registered" />
    </UnitTest>
    <UnitTest name="Return_Empty_Concatinated_Groups" storage="d:\agents\smith05.01\_work\257\s\tests\chg.identityprovider.tests\bin\release\net9.0\chg.identityprovider.tests.dll" id="c005f5ef-50ee-135b-4b11-05b77157d8e4">
      <Execution id="d95656f6-3088-407b-85c5-b8fc57b126af" />
      <TestMethod codeBase="D:\Agents\smith05.01\_work\257\s\tests\CHG.IdentityProvider.Tests\bin\Release\net9.0\CHG.IdentityProvider.Tests.dll" adapterTypeName="executor://nunit3testexecutor/" className="CHG.IdentityProvider.Tests.Services.Saml.ExtendedSamlClaimsServiceTests+GetUserClaimsMethod" name="Return_Empty_Concatinated_Groups" />
    </UnitTest>
    <UnitTest name="Returns_Cached_ClientId" storage="d:\agents\smith05.01\_work\257\s\tests\chg.identityprovider.tests\bin\release\net9.0\chg.identityprovider.tests.dll" id="56c01baf-ca8a-96a6-0997-1c4294956566">
      <Execution id="e66c3291-3a74-44a3-bf28-e4ca086373cd" />
      <TestMethod codeBase="D:\Agents\smith05.01\_work\257\s\tests\CHG.IdentityProvider.Tests\bin\Release\net9.0\CHG.IdentityProvider.Tests.dll" adapterTypeName="executor://nunit3testexecutor/" className="CHG.IdentityProvider.Tests.BusinessLogic.Services.ClientContextRetrieverTests+GetCurrentClientIdAsyncMethod" name="Returns_Cached_ClientId" />
    </UnitTest>
    <UnitTest name="Adds_Class_If_ControllerAttribute_Is_Current_Controller_And_Other_Class_Was_Already_Set" storage="d:\agents\smith05.01\_work\257\s\tests\chg.identityprovider.tests\bin\release\net9.0\chg.identityprovider.tests.dll" id="01dd4c73-5b1a-fa22-153d-2fa6fe07e0d4">
      <Execution id="5eff1c27-bcb3-47f4-8e92-5e21e1bf4341" />
      <TestMethod codeBase="D:\Agents\smith05.01\_work\257\s\tests\CHG.IdentityProvider.Tests\bin\Release\net9.0\CHG.IdentityProvider.Tests.dll" adapterTypeName="executor://nunit3testexecutor/" className="CHG.IdentityProvider.Tests.TagHelpers.AddActiveIfCurrentControllerTests+ProcessMethod" name="Adds_Class_If_ControllerAttribute_Is_Current_Controller_And_Other_Class_Was_Already_Set" />
    </UnitTest>
    <UnitTest name="Does_Not_Publish_UserNameChanged_Event_When_UserName_Was_Not_Changed" storage="d:\agents\smith05.01\_work\257\s\tests\chg.identityprovider.tests\bin\release\net9.0\chg.identityprovider.tests.dll" id="41f7716b-962a-3b79-a058-3d430c425d0b">
      <Execution id="c90daff0-0df2-4011-b5b4-2be77dc03297" />
      <TestMethod codeBase="D:\Agents\smith05.01\_work\257\s\tests\CHG.IdentityProvider.Tests\bin\Release\net9.0\CHG.IdentityProvider.Tests.dll" adapterTypeName="executor://nunit3testexecutor/" className="CHG.IdentityProvider.Tests.BusinessLogic.Services.IdentityServerUserManagerTests+SetUserNameAsync" name="Does_Not_Publish_UserNameChanged_Event_When_UserName_Was_Not_Changed" />
    </UnitTest>
    <UnitTest name="Finds_User_By_Username" storage="d:\agents\smith05.01\_work\257\s\tests\chg.identityprovider.tests\bin\release\net9.0\chg.identityprovider.tests.dll" id="b8cba6bf-94f1-b286-51cc-1410f173b416">
      <Execution id="b8a23957-2b84-4be1-a535-ce6afe76550f" />
      <TestMethod codeBase="D:\Agents\smith05.01\_work\257\s\tests\CHG.IdentityProvider.Tests\bin\Release\net9.0\CHG.IdentityProvider.Tests.dll" adapterTypeName="executor://nunit3testexecutor/" className="CHG.IdentityProvider.Tests.Controllers.Api.UserApiControllerTests+GetByIdMethod" name="Finds_User_By_Username" />
    </UnitTest>
    <UnitTest name="DoesNot_Throw_Exception_When_User_Is_Null" storage="d:\agents\smith05.01\_work\257\s\tests\chg.identityprovider.tests\bin\release\net9.0\chg.identityprovider.tests.dll" id="9ae3c596-c989-2239-30fe-3ae41d1e13f8">
      <Execution id="e1b6f79d-36f1-486f-b392-285b826dd7e4" />
      <TestMethod codeBase="D:\Agents\smith05.01\_work\257\s\tests\CHG.IdentityProvider.Tests\bin\Release\net9.0\CHG.IdentityProvider.Tests.dll" adapterTypeName="executor://nunit3testexecutor/" className="CHG.IdentityProvider.Tests.BusinessLogic.Validators.UsernameAsPasswordValidatorTests+ValidateMethod" name="DoesNot_Throw_Exception_When_User_Is_Null" />
    </UnitTest>
    <UnitTest name="Logs_The_Entire_IP_Address_If_It_Is_A_Local_Address(&quot;::1&quot;)" storage="d:\agents\smith05.01\_work\257\s\tests\chg.identityprovider.tests\bin\release\net9.0\chg.identityprovider.tests.dll" id="b7c46daa-d592-f886-ca2e-e569f4d9d755">
      <Execution id="dded9ca1-892b-47b7-8677-f6d6b5937cee" />
      <TestMethod codeBase="D:\Agents\smith05.01\_work\257\s\tests\CHG.IdentityProvider.Tests\bin\Release\net9.0\CHG.IdentityProvider.Tests.dll" adapterTypeName="executor://nunit3testexecutor/" className="CHG.IdentityProvider.Tests.Infrastructure.LoggingSetupTests+TheEnrichFromHttpContextMethod" name="Logs_The_Entire_IP_Address_If_It_Is_A_Local_Address(&quot;::1&quot;)" />
    </UnitTest>
    <UnitTest name="Set_NormalizedLastName_When_LastName_Is_Set" storage="d:\agents\smith05.01\_work\257\s\tests\chg.identityprovider.tests\bin\release\net9.0\chg.identityprovider.tests.dll" id="6f5c7799-f764-7d93-d984-a20dada63708">
      <Execution id="081d9758-7414-49ae-bbb5-f041593749eb" />
      <TestMethod codeBase="D:\Agents\smith05.01\_work\257\s\tests\CHG.IdentityProvider.Tests\bin\Release\net9.0\CHG.IdentityProvider.Tests.dll" adapterTypeName="executor://nunit3testexecutor/" className="CHG.IdentityProvider.Tests.BusinessLogic.Services.IdentityServerUserManagerTests+CreateAsync" name="Set_NormalizedLastName_When_LastName_Is_Set" />
    </UnitTest>
    <UnitTest name="Returns_Success_When_No_Claims_Were_Given" storage="d:\agents\smith05.01\_work\257\s\tests\chg.identityprovider.tests\bin\release\net9.0\chg.identityprovider.tests.dll" id="0781b614-9731-d78d-34ca-61ec1554ce7a">
      <Execution id="94795a3b-c61c-42dc-91a7-ca876a017e52" />
      <TestMethod codeBase="D:\Agents\smith05.01\_work\257\s\tests\CHG.IdentityProvider.Tests\bin\Release\net9.0\CHG.IdentityProvider.Tests.dll" adapterTypeName="executor://nunit3testexecutor/" className="CHG.IdentityProvider.Tests.BusinessLogic.Services.UserIdentityEnricherTests+UpdateUserClaimsAsyncMethod" name="Returns_Success_When_No_Claims_Were_Given" />
    </UnitTest>
    <UnitTest name="Logs_Warning_For_Found_BadWord(&quot;/Account/Login?ReturnUrl=-5281%20UNION%20ALL%20SELECT%2063%2C63%2C63%2C63%2C63%2C63%2C63%2C63%2C63%2C63%23&quot;)" storage="d:\agents\smith05.01\_work\257\s\tests\chg.identityprovider.tests\bin\release\net9.0\chg.identityprovider.tests.dll" id="4be21586-0086-5115-1ea1-ec6a0f88a724">
      <Execution id="9be63db8-be01-44a2-9895-72ebfec26226" />
      <TestMethod codeBase="D:\Agents\smith05.01\_work\257\s\tests\CHG.IdentityProvider.Tests\bin\Release\net9.0\CHG.IdentityProvider.Tests.dll" adapterTypeName="executor://nunit3testexecutor/" className="CHG.IdentityProvider.Tests.Middleware.MaliciousRequestsDetectionMiddlewareTests+InvokeMethod" name="Logs_Warning_For_Found_BadWord(&quot;/Account/Login?ReturnUrl=-5281%20UNION%20ALL%20SELECT%2063%2C63%2C63%2C63%2C63%2C63%2C63%2C63%2C63%2C63%23&quot;)" />
    </UnitTest>
    <UnitTest name="Returns_Null_From_Assigned_LoginProvider_When_Multiple_Available" storage="d:\agents\smith05.01\_work\257\s\tests\chg.identityprovider.tests\bin\release\net9.0\chg.identityprovider.tests.dll" id="a878bf4b-501c-6ec2-6a79-b669f963f12b">
      <Execution id="9f29e50e-1a63-4e23-85f2-d65994300c45" />
      <TestMethod codeBase="D:\Agents\smith05.01\_work\257\s\tests\CHG.IdentityProvider.Tests\bin\Release\net9.0\CHG.IdentityProvider.Tests.dll" adapterTypeName="executor://nunit3testexecutor/" className="CHG.IdentityProvider.Tests.Services.IdentityProviderServiceTests+FindProviderByUserNameMethod" name="Returns_Null_From_Assigned_LoginProvider_When_Multiple_Available" />
    </UnitTest>
    <UnitTest name="Persist_Success_Events" storage="d:\agents\smith05.01\_work\257\s\tests\chg.identityprovider.tests\bin\release\net9.0\chg.identityprovider.tests.dll" id="375999a8-2b4a-1229-5233-782fe8a4c779">
      <Execution id="54ea7a47-8ccf-4d97-876c-855849ff6f73" />
      <TestMethod codeBase="D:\Agents\smith05.01\_work\257\s\tests\CHG.IdentityProvider.Tests\bin\Release\net9.0\CHG.IdentityProvider.Tests.dll" adapterTypeName="executor://nunit3testexecutor/" className="CHG.IdentityProvider.Tests.Services.Audit.IdentityServerAuditSinkTests+PersistAsyncMethod" name="Persist_Success_Events" />
    </UnitTest>
    <UnitTest name="User_Without_Password_Dont_Retrieve_ResetPassword_Mails" storage="d:\agents\smith05.01\_work\257\s\tests\chg.identityprovider.tests\bin\release\net9.0\chg.identityprovider.tests.dll" id="9937d459-b1f0-f24e-b64e-ffc5a43c759b">
      <Execution id="ff387c4d-1167-4ad4-876a-52c6ad43feb4" />
      <TestMethod codeBase="D:\Agents\smith05.01\_work\257\s\tests\CHG.IdentityProvider.Tests\bin\Release\net9.0\CHG.IdentityProvider.Tests.dll" adapterTypeName="executor://nunit3testexecutor/" className="CHG.IdentityProvider.Tests.Controllers.AccountControllerTests+ForgotPasswordAction" name="User_Without_Password_Dont_Retrieve_ResetPassword_Mails" />
    </UnitTest>
    <UnitTest name="Does_Not_Change_LogLevel_Information" storage="d:\agents\smith05.01\_work\257\s\tests\chg.identityprovider.tests\bin\release\net9.0\chg.identityprovider.tests.dll" id="4e300f82-b275-9dd4-1d79-15fe268e5156">
      <Execution id="5bb47429-5729-4141-a5b2-d2e263368d86" />
      <TestMethod codeBase="D:\Agents\smith05.01\_work\257\s\tests\CHG.IdentityProvider.Tests\bin\Release\net9.0\CHG.IdentityProvider.Tests.dll" adapterTypeName="executor://nunit3testexecutor/" className="CHG.IdentityProvider.Tests.Configuration.RskLogLevelEnricherTests+EnrichMethod" name="Does_Not_Change_LogLevel_Information" />
    </UnitTest>
    <UnitTest name="Returns_Information_For_Saml" storage="d:\agents\smith05.01\_work\257\s\tests\chg.identityprovider.tests\bin\release\net9.0\chg.identityprovider.tests.dll" id="102d079f-d73a-9398-e390-850bbd92e263">
      <Execution id="cb35a2c5-5712-4a3e-802b-f10e7165f49c" />
      <TestMethod codeBase="D:\Agents\smith05.01\_work\257\s\tests\CHG.IdentityProvider.Tests\bin\Release\net9.0\CHG.IdentityProvider.Tests.dll" adapterTypeName="executor://nunit3testexecutor/" className="CHG.IdentityProvider.Tests.Services.IdentityProviderServiceTests+GetConnectionInformationMethod" name="Returns_Information_For_Saml" />
    </UnitTest>
    <UnitTest name="Maps_ExtendedClient" storage="d:\agents\smith05.01\_work\257\s\tests\chg.identityprovider.tests\bin\release\net9.0\chg.identityprovider.tests.dll" id="e4206efd-a74d-deb9-8e1a-626b86c542a6">
      <Execution id="dc498de5-a237-402b-aade-798056024eb0" />
      <TestMethod codeBase="D:\Agents\smith05.01\_work\257\s\tests\CHG.IdentityProvider.Tests\bin\Release\net9.0\CHG.IdentityProvider.Tests.dll" adapterTypeName="executor://nunit3testexecutor/" className="CHG.IdentityProvider.Tests.Mappings.ImportClientModelMapperTests+MapToExtendedClientMethod" name="Maps_ExtendedClient" />
    </UnitTest>
    <UnitTest name="Can_Read_Old_Saml_With_Configuration" storage="d:\agents\smith05.01\_work\257\s\tests\chg.identityprovider.tests\bin\release\net9.0\chg.identityprovider.tests.dll" id="46d958a8-14b7-4298-7a1a-531302386b58">
      <Execution id="4e8f1ee7-93aa-4a75-8199-fc4fbc9f8d59" />
      <TestMethod codeBase="D:\Agents\smith05.01\_work\257\s\tests\CHG.IdentityProvider.Tests\bin\Release\net9.0\CHG.IdentityProvider.Tests.dll" adapterTypeName="executor://nunit3testexecutor/" className="CHG.IdentityProvider.Tests.Serialization.IdentityProviderConverterTests" name="Can_Read_Old_Saml_With_Configuration" />
    </UnitTest>
    <UnitTest name="Sends_Correct_Command" storage="d:\agents\smith05.01\_work\257\s\tests\chg.identityprovider.tests\bin\release\net9.0\chg.identityprovider.tests.dll" id="79b3dda2-5313-039c-f7d6-f59a26bcb9fb">
      <Execution id="f3e86bd3-97ea-450c-9ea8-0d97fc5d4399" />
      <TestMethod codeBase="D:\Agents\smith05.01\_work\257\s\tests\CHG.IdentityProvider.Tests\bin\Release\net9.0\CHG.IdentityProvider.Tests.dll" adapterTypeName="executor://nunit3testexecutor/" className="CHG.IdentityProvider.Tests.BusinessLogic.Services.UserNotificationCommandSenderTests+SendEmailConfirmationLinkAsyncMethod" name="Sends_Correct_Command" />
    </UnitTest>
    <UnitTest name="Removes_Class_If_ControllerAttribute_Is_Current_Controller(&quot;someClass selected&quot;)" storage="d:\agents\smith05.01\_work\257\s\tests\chg.identityprovider.tests\bin\release\net9.0\chg.identityprovider.tests.dll" id="04deaea4-0be9-7511-09f0-f9e7d5441f16">
      <Execution id="47ee5ff4-ac1a-4f4b-a476-2ca1736c5240" />
      <TestMethod codeBase="D:\Agents\smith05.01\_work\257\s\tests\CHG.IdentityProvider.Tests\bin\Release\net9.0\CHG.IdentityProvider.Tests.dll" adapterTypeName="executor://nunit3testexecutor/" className="CHG.IdentityProvider.Tests.TagHelpers.RemoveClassIfCurrentControllerTests+ProcessMethod" name="Removes_Class_If_ControllerAttribute_Is_Current_Controller(&quot;someClass selected&quot;)" />
    </UnitTest>
    <UnitTest name="Returns_Login_Data" storage="d:\agents\smith05.01\_work\257\s\tests\chg.identityprovider.tests\bin\release\net9.0\chg.identityprovider.tests.dll" id="13413643-149f-2512-56f8-26934b936506">
      <Execution id="2cc384e5-b905-4966-8e6a-2eede533ff50" />
      <TestMethod codeBase="D:\Agents\smith05.01\_work\257\s\tests\CHG.IdentityProvider.Tests\bin\Release\net9.0\CHG.IdentityProvider.Tests.dll" adapterTypeName="executor://nunit3testexecutor/" className="CHG.IdentityProvider.Tests.Controllers.ManageControllerTests+DownloadPersonalDataMethod" name="Returns_Login_Data" />
    </UnitTest>
    <UnitTest name="Returns_Forbidden_When_Trying_To_Import_A_Client_That_Does_Not_Match_The_Allowed_Prefix" storage="d:\agents\smith05.01\_work\257\s\tests\chg.identityprovider.tests\bin\release\net9.0\chg.identityprovider.tests.dll" id="d0c11822-ef04-7d03-3d69-c83b20766c66">
      <Execution id="a6b75fab-32f7-425a-bc80-4c028990cdc7" />
      <TestMethod codeBase="D:\Agents\smith05.01\_work\257\s\tests\CHG.IdentityProvider.Tests\bin\Release\net9.0\CHG.IdentityProvider.Tests.dll" adapterTypeName="executor://nunit3testexecutor/" className="CHG.IdentityProvider.Tests.Controllers.Api.ImportApiControllerTests+ImportProtectedResourceAction" name="Returns_Forbidden_When_Trying_To_Import_A_Client_That_Does_Not_Match_The_Allowed_Prefix" />
    </UnitTest>
    <UnitTest name="Throws_Exception_When_UserPrincipalName_Is_Null" storage="d:\agents\smith05.01\_work\257\s\tests\chg.identityprovider.tests\bin\release\net9.0\chg.identityprovider.tests.dll" id="ce20c7f6-ce06-46b6-bd02-661cd89139bf">
      <Execution id="19f5207d-64ab-4461-8074-19a0c20fb190" />
      <TestMethod codeBase="D:\Agents\smith05.01\_work\257\s\tests\CHG.IdentityProvider.Tests\bin\Release\net9.0\CHG.IdentityProvider.Tests.dll" adapterTypeName="executor://nunit3testexecutor/" className="CHG.IdentityProvider.Tests.BusinessLogic.Services.ChgAzureADUserServiceTests+GetUserByUpnAsyncMethod" name="Throws_Exception_When_UserPrincipalName_Is_Null" />
    </UnitTest>
    <UnitTest name="Does_Not_Add_External_Claims_To_Saml_When_Allowed_Scope_Not_Set" storage="d:\agents\smith05.01\_work\257\s\tests\chg.identityprovider.tests\bin\release\net9.0\chg.identityprovider.tests.dll" id="b66f29e4-204f-ab29-31de-ad78b812748d">
      <Execution id="573452f8-dc55-4679-a349-9b02a8f262bb" />
      <TestMethod codeBase="D:\Agents\smith05.01\_work\257\s\tests\CHG.IdentityProvider.Tests\bin\Release\net9.0\CHG.IdentityProvider.Tests.dll" adapterTypeName="executor://nunit3testexecutor/" className="CHG.IdentityProvider.Tests.Services.ExtendedProfileServiceTests+GetProfileDataAsyncMethod" name="Does_Not_Add_External_Claims_To_Saml_When_Allowed_Scope_Not_Set" />
    </UnitTest>
    <UnitTest name="Throws_ArgumentNull_Exception_When_Inner_Is_Null" storage="d:\agents\smith05.01\_work\257\s\tests\chg.identityprovider.tests\bin\release\net9.0\chg.identityprovider.tests.dll" id="54fdce33-c642-1e07-87da-3c51a7bcd8ab">
      <Execution id="66f5b1c3-82ac-49c4-ba1c-7a6e43ccb42f" />
      <TestMethod codeBase="D:\Agents\smith05.01\_work\257\s\tests\CHG.IdentityProvider.Tests\bin\Release\net9.0\CHG.IdentityProvider.Tests.dll" adapterTypeName="executor://nunit3testexecutor/" className="CHG.IdentityProvider.Tests.Services.WsFederation.ExtendedWsFederationClaimsServiceTests+CtorMethod" name="Throws_ArgumentNull_Exception_When_Inner_Is_Null" />
    </UnitTest>
    <UnitTest name="Publishes_UserDeleted_Event" storage="d:\agents\smith05.01\_work\257\s\tests\chg.identityprovider.tests\bin\release\net9.0\chg.identityprovider.tests.dll" id="9ddc2f64-2396-acca-4d87-204e3824e376">
      <Execution id="ae4c2eef-ee1b-4b1b-bc56-2589f6c80132" />
      <TestMethod codeBase="D:\Agents\smith05.01\_work\257\s\tests\CHG.IdentityProvider.Tests\bin\Release\net9.0\CHG.IdentityProvider.Tests.dll" adapterTypeName="executor://nunit3testexecutor/" className="CHG.IdentityProvider.Tests.BusinessLogic.Services.IdentityServerUserManagerTests+DeleteAsync" name="Publishes_UserDeleted_Event" />
    </UnitTest>
    <UnitTest name="Calls_Authentication_Handler_For_Saml_Metadata(&quot;https://localhost/saml/testazure/metadata/&quot;)" storage="d:\agents\smith05.01\_work\257\s\tests\chg.identityprovider.tests\bin\release\net9.0\chg.identityprovider.tests.dll" id="47b41c3b-592f-b202-106b-e17f6fa5be51">
      <Execution id="bff65895-7e68-42f9-a542-f8c79e2f76eb" />
      <TestMethod codeBase="D:\Agents\smith05.01\_work\257\s\tests\CHG.IdentityProvider.Tests\bin\Release\net9.0\CHG.IdentityProvider.Tests.dll" adapterTypeName="executor://nunit3testexecutor/" className="CHG.IdentityProvider.Tests.Middleware.LoginProviderAuthenticationMiddlewareTests+InvokeMethod" name="Calls_Authentication_Handler_For_Saml_Metadata(&quot;https://localhost/saml/testazure/metadata/&quot;)" />
    </UnitTest>
    <UnitTest name="Import_New_ServiceProvider" storage="d:\agents\smith05.01\_work\257\s\tests\chg.identityprovider.tests\bin\release\net9.0\chg.identityprovider.tests.dll" id="71e8e209-b4c9-bf48-d02a-dd86d365f3f4">
      <Execution id="8e1e0e7d-b8b5-46e3-93fc-d99ed67d3d2b" />
      <TestMethod codeBase="D:\Agents\smith05.01\_work\257\s\tests\CHG.IdentityProvider.Tests\bin\Release\net9.0\CHG.IdentityProvider.Tests.dll" adapterTypeName="executor://nunit3testexecutor/" className="CHG.IdentityProvider.Tests.Infrastructure.SamlImporterTests" name="Import_New_ServiceProvider" />
    </UnitTest>
    <UnitTest name="Throws_Exception_When_No_EntityID_Is_Available" storage="d:\agents\smith05.01\_work\257\s\tests\chg.identityprovider.tests\bin\release\net9.0\chg.identityprovider.tests.dll" id="4a8897a9-d50a-a73f-d622-7f88efdd25c3">
      <Execution id="b1a5635f-3dc5-452f-ab27-2cfd1881cf84" />
      <TestMethod codeBase="D:\Agents\smith05.01\_work\257\s\tests\CHG.IdentityProvider.Tests\bin\Release\net9.0\CHG.IdentityProvider.Tests.dll" adapterTypeName="executor://nunit3testexecutor/" className="CHG.IdentityProvider.Tests.BusinessLogic.LoginProviders.SamlIdpMetadataImporterTests+ImportFromStreamMethod" name="Throws_Exception_When_No_EntityID_Is_Available" />
    </UnitTest>
    <UnitTest name="Returns_OidcModel" storage="d:\agents\smith05.01\_work\257\s\tests\chg.identityprovider.tests\bin\release\net9.0\chg.identityprovider.tests.dll" id="b2eced31-7808-1a75-4255-b95daef84ef9">
      <Execution id="ff590dd6-1ecf-4db7-9ea5-093ac0297b37" />
      <TestMethod codeBase="D:\Agents\smith05.01\_work\257\s\tests\CHG.IdentityProvider.Tests\bin\Release\net9.0\CHG.IdentityProvider.Tests.dll" adapterTypeName="executor://nunit3testexecutor/" className="CHG.IdentityProvider.Tests.LoginProviders.LoginProviderMapperTests+MapToLoginProviderModelMethod" name="Returns_OidcModel" />
    </UnitTest>
    <UnitTest name="Returns_Not_Found_When_Updating_Non_Existing_Provider" storage="d:\agents\smith05.01\_work\257\s\tests\chg.identityprovider.tests\bin\release\net9.0\chg.identityprovider.tests.dll" id="0f595d3c-24c1-33b8-b1fa-52388920cbaa">
      <Execution id="059457fc-5b40-4dfb-b21e-bc6bb1bf5bb4" />
      <TestMethod codeBase="D:\Agents\smith05.01\_work\257\s\tests\CHG.IdentityProvider.Tests\bin\Release\net9.0\CHG.IdentityProvider.Tests.dll" adapterTypeName="executor://nunit3testexecutor/" className="CHG.IdentityProvider.Tests.Controllers.LoginProvidersControllerTest+DetailPostMethod" name="Returns_Not_Found_When_Updating_Non_Existing_Provider" />
    </UnitTest>
    <UnitTest name="Calls_Configuration_With_Modern_Uris" storage="d:\agents\smith05.01\_work\257\s\tests\chg.identityprovider.tests\bin\release\net9.0\chg.identityprovider.tests.dll" id="6a71bda2-d1d5-a945-9450-d256808cdab2">
      <Execution id="bf4949cc-7450-4444-b94f-04900087cb8e" />
      <TestMethod codeBase="D:\Agents\smith05.01\_work\257\s\tests\CHG.IdentityProvider.Tests\bin\Release\net9.0\CHG.IdentityProvider.Tests.dll" adapterTypeName="executor://nunit3testexecutor/" className="CHG.IdentityProvider.Tests.LoginProviders.Configuration.CustomSamlConfigureOptionsTests+ConfigureMethod" name="Calls_Configuration_With_Modern_Uris" />
    </UnitTest>
    <UnitTest name="Logs_The_First_Two_Octets_Of_An_IPv4_Address(&quot;217.89.16.3&quot;,&quot;217.89.xx.xx&quot;)" storage="d:\agents\smith05.01\_work\257\s\tests\chg.identityprovider.tests\bin\release\net9.0\chg.identityprovider.tests.dll" id="954f35f7-8cc2-aa10-47af-fd9049c4d5b5">
      <Execution id="83f0f1bc-a3ea-492e-bcba-6971cc95394d" />
      <TestMethod codeBase="D:\Agents\smith05.01\_work\257\s\tests\CHG.IdentityProvider.Tests\bin\Release\net9.0\CHG.IdentityProvider.Tests.dll" adapterTypeName="executor://nunit3testexecutor/" className="CHG.IdentityProvider.Tests.Infrastructure.LoggingSetupTests+TheEnrichFromHttpContextMethod" name="Logs_The_First_Two_Octets_Of_An_IPv4_Address(&quot;217.89.16.3&quot;,&quot;217.89.xx.xx&quot;)" />
    </UnitTest>
    <UnitTest name="Maps_ExtendedClient_With_Defined_ClientType" storage="d:\agents\smith05.01\_work\257\s\tests\chg.identityprovider.tests\bin\release\net9.0\chg.identityprovider.tests.dll" id="20edbb7c-7cb2-c999-d11d-a50f128f5c69">
      <Execution id="fff5262c-cd13-42f4-8ad0-0edaa10ad7fa" />
      <TestMethod codeBase="D:\Agents\smith05.01\_work\257\s\tests\CHG.IdentityProvider.Tests\bin\Release\net9.0\CHG.IdentityProvider.Tests.dll" adapterTypeName="executor://nunit3testexecutor/" className="CHG.IdentityProvider.Tests.Mappings.ImportClientModelMapperTests+MapToExtendedClientMethod" name="Maps_ExtendedClient_With_Defined_ClientType" />
    </UnitTest>
    <UnitTest name="Does_Nothing_If_Href_Is_Not_Current_Controller" storage="d:\agents\smith05.01\_work\257\s\tests\chg.identityprovider.tests\bin\release\net9.0\chg.identityprovider.tests.dll" id="1970d730-f166-49f5-f77f-a17b113258a2">
      <Execution id="e511bade-a472-4bc0-b88e-18d8a6361653" />
      <TestMethod codeBase="D:\Agents\smith05.01\_work\257\s\tests\CHG.IdentityProvider.Tests\bin\Release\net9.0\CHG.IdentityProvider.Tests.dll" adapterTypeName="executor://nunit3testexecutor/" className="CHG.IdentityProvider.Tests.TagHelpers.AddActiveIfCurrentControllerTests+ProcessMethod" name="Does_Nothing_If_Href_Is_Not_Current_Controller" />
    </UnitTest>
    <UnitTest name="Adds_Default_Claims_Of_A_LoginProvider_To_A_User" storage="d:\agents\smith05.01\_work\257\s\tests\chg.identityprovider.tests\bin\release\net9.0\chg.identityprovider.tests.dll" id="7fb5ecec-a1f0-3e04-43dc-3b5e458d9903">
      <Execution id="6c707af5-81dd-4c83-af9b-2da5730046c0" />
      <TestMethod codeBase="D:\Agents\smith05.01\_work\257\s\tests\CHG.IdentityProvider.Tests\bin\Release\net9.0\CHG.IdentityProvider.Tests.dll" adapterTypeName="executor://nunit3testexecutor/" className="CHG.IdentityProvider.Tests.BusinessLogic.Services.UserIdentityEnricherTests+EnrichWithDefaultsForLoginProviderAsync" name="Adds_Default_Claims_Of_A_LoginProvider_To_A_User" />
    </UnitTest>
    <UnitTest name="Calls_Configuration_With_Legacy_Uris" storage="d:\agents\smith05.01\_work\257\s\tests\chg.identityprovider.tests\bin\release\net9.0\chg.identityprovider.tests.dll" id="6ff5f920-66fc-174e-258a-c79ad43d198b">
      <Execution id="71d58ef9-79be-4bac-9d59-12e8e43b2fc5" />
      <TestMethod codeBase="D:\Agents\smith05.01\_work\257\s\tests\CHG.IdentityProvider.Tests\bin\Release\net9.0\CHG.IdentityProvider.Tests.dll" adapterTypeName="executor://nunit3testexecutor/" className="CHG.IdentityProvider.Tests.LoginProviders.Configuration.CustomSamlConfigureOptionsTests+ConfigureMethod" name="Calls_Configuration_With_Legacy_Uris" />
    </UnitTest>
    <UnitTest name="Writes_To_Record" storage="d:\agents\smith05.01\_work\257\s\tests\chg.identityprovider.tests\bin\release\net9.0\chg.identityprovider.tests.dll" id="107b5f4c-155f-4546-e355-355bd33f96f8">
      <Execution id="54e0b509-aaf6-428d-abd9-09b3df535d8c" />
      <TestMethod codeBase="D:\Agents\smith05.01\_work\257\s\tests\CHG.IdentityProvider.Tests\bin\Release\net9.0\CHG.IdentityProvider.Tests.dll" adapterTypeName="executor://nunit3testexecutor/" className="CHG.IdentityProvider.Tests.Services.Audit.AuditStoreTests+RecordSuccessMethod" name="Writes_To_Record" />
    </UnitTest>
    <UnitTest name="Returns_Information_For_AzureAD" storage="d:\agents\smith05.01\_work\257\s\tests\chg.identityprovider.tests\bin\release\net9.0\chg.identityprovider.tests.dll" id="2fc52daf-6577-077b-56c4-c4802bc03de6">
      <Execution id="5c166a28-3f6f-414e-8cc8-1762da42f9ad" />
      <TestMethod codeBase="D:\Agents\smith05.01\_work\257\s\tests\CHG.IdentityProvider.Tests\bin\Release\net9.0\CHG.IdentityProvider.Tests.dll" adapterTypeName="executor://nunit3testexecutor/" className="CHG.IdentityProvider.Tests.Services.IdentityProviderServiceTests+GetConnectionInformationMethod" name="Returns_Information_For_AzureAD" />
    </UnitTest>
    <UnitTest name="Returns_Success_If_Passwort_Is_Different_Than_Email(&quot;test@test.com&quot;,&quot;something else&quot;)" storage="d:\agents\smith05.01\_work\257\s\tests\chg.identityprovider.tests\bin\release\net9.0\chg.identityprovider.tests.dll" id="66d41673-5885-4048-1b26-a5e77c75053f">
      <Execution id="f70b8814-ff87-4b51-8b65-44b333a5eacc" />
      <TestMethod codeBase="D:\Agents\smith05.01\_work\257\s\tests\CHG.IdentityProvider.Tests\bin\Release\net9.0\CHG.IdentityProvider.Tests.dll" adapterTypeName="executor://nunit3testexecutor/" className="CHG.IdentityProvider.Tests.BusinessLogic.Validators.EmailAsPasswordValidatorTests+ValidateMethod" name="Returns_Success_If_Passwort_Is_Different_Than_Email(&quot;test@test.com&quot;,&quot;something else&quot;)" />
    </UnitTest>
    <UnitTest name="Throws_ArgumentNull_Exception_When_Inner_Is_Null" storage="d:\agents\smith05.01\_work\257\s\tests\chg.identityprovider.tests\bin\release\net9.0\chg.identityprovider.tests.dll" id="ee650bf5-8955-20d3-e53b-b6ce426ff2b2">
      <Execution id="d31da3ac-0cff-4619-acbb-dbe0cb5ffbdb" />
      <TestMethod codeBase="D:\Agents\smith05.01\_work\257\s\tests\CHG.IdentityProvider.Tests\bin\Release\net9.0\CHG.IdentityProvider.Tests.dll" adapterTypeName="executor://nunit3testexecutor/" className="CHG.IdentityProvider.Tests.Services.ExtendedProfileServiceTests+CtorMethod" name="Throws_ArgumentNull_Exception_When_Inner_Is_Null" />
    </UnitTest>
    <UnitTest name="External_User_Cannot_Login_Without_PasswordSet" storage="d:\agents\smith05.01\_work\257\s\tests\chg.identityprovider.tests\bin\release\net9.0\chg.identityprovider.tests.dll" id="ff6d1db6-f6c1-879f-7d79-e776a025e26b">
      <Execution id="cdc970f0-39ca-477b-89d6-a59ced8cdad3" />
      <TestMethod codeBase="D:\Agents\smith05.01\_work\257\s\tests\CHG.IdentityProvider.Tests\bin\Release\net9.0\CHG.IdentityProvider.Tests.dll" adapterTypeName="executor://nunit3testexecutor/" className="CHG.IdentityProvider.Tests.Controllers.AccountControllerTests+LoginWithPasswordAction" name="External_User_Cannot_Login_Without_PasswordSet" />
    </UnitTest>
    <UnitTest name="Returns_Forbidden_When_Trying_To_Import_A_Client_That_Does_Not_Match_The_Allowed_Prefix" storage="d:\agents\smith05.01\_work\257\s\tests\chg.identityprovider.tests\bin\release\net9.0\chg.identityprovider.tests.dll" id="1287c865-cc22-44e0-cf42-f207c32588c9">
      <Execution id="c863b6d2-2d39-41a2-b568-14d7f72dd732" />
      <TestMethod codeBase="D:\Agents\smith05.01\_work\257\s\tests\CHG.IdentityProvider.Tests\bin\Release\net9.0\CHG.IdentityProvider.Tests.dll" adapterTypeName="executor://nunit3testexecutor/" className="CHG.IdentityProvider.Tests.Controllers.Api.ImportApiControllerTests+ImportClientAction" name="Returns_Forbidden_When_Trying_To_Import_A_Client_That_Does_Not_Match_The_Allowed_Prefix" />
    </UnitTest>
    <UnitTest name="Calls_The_Saml_Importer" storage="d:\agents\smith05.01\_work\257\s\tests\chg.identityprovider.tests\bin\release\net9.0\chg.identityprovider.tests.dll" id="f4c526a1-afe4-a0bb-b10d-42fabfc11348">
      <Execution id="1b80e6d9-ab53-4be5-8b8c-0730699d7d1c" />
      <TestMethod codeBase="D:\Agents\smith05.01\_work\257\s\tests\CHG.IdentityProvider.Tests\bin\Release\net9.0\CHG.IdentityProvider.Tests.dll" adapterTypeName="executor://nunit3testexecutor/" className="CHG.IdentityProvider.Tests.Controllers.LoginProvidersControllerTest+ImportSamlMetadataMethod" name="Calls_The_Saml_Importer" />
    </UnitTest>
    <UnitTest name="Gets_No_Client_When_No_Query_Provided" storage="d:\agents\smith05.01\_work\257\s\tests\chg.identityprovider.tests\bin\release\net9.0\chg.identityprovider.tests.dll" id="4ccbf8d8-1369-4cd1-e8a3-a2a9de16b7f6">
      <Execution id="85121ac9-5958-4f64-a30c-3d58d57608fa" />
      <TestMethod codeBase="D:\Agents\smith05.01\_work\257\s\tests\CHG.IdentityProvider.Tests\bin\Release\net9.0\CHG.IdentityProvider.Tests.dll" adapterTypeName="executor://nunit3testexecutor/" className="CHG.IdentityProvider.Tests.BusinessLogic.Services.ClientContextRetrieverTests+GetCurrentClientCustomizationAsyncMethod" name="Gets_No_Client_When_No_Query_Provided" />
    </UnitTest>
    <UnitTest name="Returns_Not_Found_If_The_Users_With_The_Given_UserId_Can_Not_Be_Loaded" storage="d:\agents\smith05.01\_work\257\s\tests\chg.identityprovider.tests\bin\release\net9.0\chg.identityprovider.tests.dll" id="96fc78af-a4e1-b1f1-7c21-1007a52a898f">
      <Execution id="c5eca29e-152d-4785-b70a-511956f322ec" />
      <TestMethod codeBase="D:\Agents\smith05.01\_work\257\s\tests\CHG.IdentityProvider.Tests\bin\Release\net9.0\CHG.IdentityProvider.Tests.dll" adapterTypeName="executor://nunit3testexecutor/" className="CHG.IdentityProvider.Tests.Controllers.Api.UserInvitationApiControllerTests+InviteV3Action" name="Returns_Not_Found_If_The_Users_With_The_Given_UserId_Can_Not_Be_Loaded" />
    </UnitTest>
    <UnitTest name="Returns_First_Increment" storage="d:\agents\smith05.01\_work\257\s\tests\chg.identityprovider.tests\bin\release\net9.0\chg.identityprovider.tests.dll" id="33a6006f-13d9-f45e-d3eb-ffeebbfcbfe1">
      <Execution id="265d647e-884e-4037-b080-09cfcaf1cf7a" />
      <TestMethod codeBase="D:\Agents\smith05.01\_work\257\s\tests\CHG.IdentityProvider.Tests\bin\Release\net9.0\CHG.IdentityProvider.Tests.dll" adapterTypeName="executor://nunit3testexecutor/" className="CHG.IdentityProvider.Tests.Services.BlockedUserLoginsServiceTests+BlockUserLoginMethod" name="Returns_First_Increment" />
    </UnitTest>
    <UnitTest name="Publishes_UserRestored_Event" storage="d:\agents\smith05.01\_work\257\s\tests\chg.identityprovider.tests\bin\release\net9.0\chg.identityprovider.tests.dll" id="9e352125-fc46-348f-a734-fb8096adf4e3">
      <Execution id="7397517a-b5e5-4637-a012-e463a406bf16" />
      <TestMethod codeBase="D:\Agents\smith05.01\_work\257\s\tests\CHG.IdentityProvider.Tests\bin\Release\net9.0\CHG.IdentityProvider.Tests.dll" adapterTypeName="executor://nunit3testexecutor/" className="CHG.IdentityProvider.Tests.BusinessLogic.Services.IdentityServerUserManagerTests+RestoreAsync" name="Publishes_UserRestored_Event" />
    </UnitTest>
    <UnitTest name="Returns_True_For_Api_Call" storage="d:\agents\smith05.01\_work\257\s\tests\chg.identityprovider.tests\bin\release\net9.0\chg.identityprovider.tests.dll" id="5eb7a2e8-a16e-b6bc-65f5-d1e683aececf">
      <Execution id="7235aef3-bb88-45ab-ab44-9dfbdaf55018" />
      <TestMethod codeBase="D:\Agents\smith05.01\_work\257\s\tests\CHG.IdentityProvider.Tests\bin\Release\net9.0\CHG.IdentityProvider.Tests.dll" adapterTypeName="executor://nunit3testexecutor/" className="CHG.IdentityProvider.Tests.HttpContextExtensionsTests+IsApiCallMethod" name="Returns_True_For_Api_Call" />
    </UnitTest>
    <UnitTest name="Throws_Exception_If_Request_Is_Null" storage="d:\agents\smith05.01\_work\257\s\tests\chg.identityprovider.tests\bin\release\net9.0\chg.identityprovider.tests.dll" id="4f7dbc43-b40c-5d28-7f0b-8324dc3d9721">
      <Execution id="d03ecc18-dccf-4865-ab7f-f35e4318408d" />
      <TestMethod codeBase="D:\Agents\smith05.01\_work\257\s\tests\CHG.IdentityProvider.Tests\bin\Release\net9.0\CHG.IdentityProvider.Tests.dll" adapterTypeName="executor://nunit3testexecutor/" className="CHG.IdentityProvider.Tests.Services.Saml.ChunkedCookieSamlCorrelationStoreTests+GetMethod" name="Throws_Exception_If_Request_Is_Null" />
    </UnitTest>
    <UnitTest name="Returns_Not_Found_If_Not_Exists" storage="d:\agents\smith05.01\_work\257\s\tests\chg.identityprovider.tests\bin\release\net9.0\chg.identityprovider.tests.dll" id="69bb95a8-4f41-18e6-7973-e67446e6fade">
      <Execution id="c49d3ab1-427d-4f41-985a-493e69ce0345" />
      <TestMethod codeBase="D:\Agents\smith05.01\_work\257\s\tests\CHG.IdentityProvider.Tests\bin\Release\net9.0\CHG.IdentityProvider.Tests.dll" adapterTypeName="executor://nunit3testexecutor/" className="CHG.IdentityProvider.Tests.Controllers.Api.UserApiControllerTests+GetByIdMethod" name="Returns_Not_Found_If_Not_Exists" />
    </UnitTest>
    <UnitTest name="Can_Write_SamlProvider" storage="d:\agents\smith05.01\_work\257\s\tests\chg.identityprovider.tests\bin\release\net9.0\chg.identityprovider.tests.dll" id="ab55d62f-3ec5-4ed8-802e-f577e145f5d6">
      <Execution id="c21690f3-4057-4dec-85d1-e5bfeb9cd5df" />
      <TestMethod codeBase="D:\Agents\smith05.01\_work\257\s\tests\CHG.IdentityProvider.Tests\bin\Release\net9.0\CHG.IdentityProvider.Tests.dll" adapterTypeName="executor://nunit3testexecutor/" className="CHG.IdentityProvider.Tests.Serialization.IdentityProviderConverterTests" name="Can_Write_SamlProvider" />
    </UnitTest>
    <UnitTest name="Maps_ExtendedClient_With_ClientType_By_GrantType(&quot;client_credentials&quot;,Machine)" storage="d:\agents\smith05.01\_work\257\s\tests\chg.identityprovider.tests\bin\release\net9.0\chg.identityprovider.tests.dll" id="aec7e3e0-c114-3c4c-d70e-45af9fa2ab20">
      <Execution id="09206504-b94a-42a5-8d2d-f15f44720029" />
      <TestMethod codeBase="D:\Agents\smith05.01\_work\257\s\tests\CHG.IdentityProvider.Tests\bin\Release\net9.0\CHG.IdentityProvider.Tests.dll" adapterTypeName="executor://nunit3testexecutor/" className="CHG.IdentityProvider.Tests.Mappings.ImportClientModelMapperTests+MapToExtendedClientMethod" name="Maps_ExtendedClient_With_ClientType_By_GrantType(&quot;client_credentials&quot;,Machine)" />
    </UnitTest>
    <UnitTest name="Returns_Correct_Type(&quot;Mozilla/5.0 (Linux; U; Android 4.0.2; en-us; Galaxy Nexus Build/ICL53F) AppleWebKit/534.30 (KHTML, like Gecko) Version/4.0 Mobile Safari/534.30&quot;,Android)" storage="d:\agents\smith05.01\_work\257\s\tests\chg.identityprovider.tests\bin\release\net9.0\chg.identityprovider.tests.dll" id="91be1129-2e75-acdd-f801-b95277bbc5b6">
      <Execution id="ff80c47e-a8f0-4ce3-b32a-168ee2dae3e6" />
      <TestMethod codeBase="D:\Agents\smith05.01\_work\257\s\tests\CHG.IdentityProvider.Tests\bin\Release\net9.0\CHG.IdentityProvider.Tests.dll" adapterTypeName="executor://nunit3testexecutor/" className="CHG.IdentityProvider.Tests.Services.BrowserDetectorTests+GetBrowserTypeMethod" name="Returns_Correct_Type(&quot;Mozilla/5.0 (Linux; U; Android 4.0.2; en-us; Galaxy Nexus Build/ICL53F) AppleWebKit/534.30 (KHTML, like Gecko) Version/4.0 Mobile Safari/534.30&quot;,Android)" />
    </UnitTest>
    <UnitTest name="Returns_Oidc_Provider" storage="d:\agents\smith05.01\_work\257\s\tests\chg.identityprovider.tests\bin\release\net9.0\chg.identityprovider.tests.dll" id="75de5af6-b2f5-0e94-1709-52d0aba94689">
      <Execution id="704cc73c-df91-432c-a530-30e43d45b28d" />
      <TestMethod codeBase="D:\Agents\smith05.01\_work\257\s\tests\CHG.IdentityProvider.Tests\bin\Release\net9.0\CHG.IdentityProvider.Tests.dll" adapterTypeName="executor://nunit3testexecutor/" className="CHG.IdentityProvider.Tests.LoginProviders.LoginProviderMapperTests+MapToIdentityProviderMethod" name="Returns_Oidc_Provider" />
    </UnitTest>
    <UnitTest name="Creates_New_User_With_Google_Claims" storage="d:\agents\smith05.01\_work\257\s\tests\chg.identityprovider.tests\bin\release\net9.0\chg.identityprovider.tests.dll" id="949d57f6-a120-cd5c-8ae3-a39495456b92">
      <Execution id="7889cc51-0cff-4dfd-baef-97f4a0d875a6" />
      <TestMethod codeBase="D:\Agents\smith05.01\_work\257\s\tests\CHG.IdentityProvider.Tests\bin\Release\net9.0\CHG.IdentityProvider.Tests.dll" adapterTypeName="executor://nunit3testexecutor/" className="CHG.IdentityProvider.Tests.Controllers.ExternalControllerTests+CallbackMethod" name="Creates_New_User_With_Google_Claims" />
    </UnitTest>
    <UnitTest name="Logs_Message_When_GroupsClaims_Exceeds_Amount" storage="d:\agents\smith05.01\_work\257\s\tests\chg.identityprovider.tests\bin\release\net9.0\chg.identityprovider.tests.dll" id="ef2d8054-b82a-4dff-ff11-afaf28e09283">
      <Execution id="52197073-529f-469c-9118-d6c31c3640b3" />
      <TestMethod codeBase="D:\Agents\smith05.01\_work\257\s\tests\CHG.IdentityProvider.Tests\bin\Release\net9.0\CHG.IdentityProvider.Tests.dll" adapterTypeName="executor://nunit3testexecutor/" className="CHG.IdentityProvider.Tests.LoginProviders.Configuration.AzureConfigureOptionsTests+ConfigureMethod" name="Logs_Message_When_GroupsClaims_Exceeds_Amount" />
    </UnitTest>
    <UnitTest name="Returns_Success_If_Passwort_Is_Max_Length" storage="d:\agents\smith05.01\_work\257\s\tests\chg.identityprovider.tests\bin\release\net9.0\chg.identityprovider.tests.dll" id="3e681eb1-75c3-6a84-c124-79aab1b5f87b">
      <Execution id="6546f5bf-8c89-4a88-949c-5f5a9391940a" />
      <TestMethod codeBase="D:\Agents\smith05.01\_work\257\s\tests\CHG.IdentityProvider.Tests\bin\Release\net9.0\CHG.IdentityProvider.Tests.dll" adapterTypeName="executor://nunit3testexecutor/" className="CHG.IdentityProvider.Tests.BusinessLogic.Validators.MaxLengthPasswordValidatorTests+ValidateMethod" name="Returns_Success_If_Passwort_Is_Max_Length" />
    </UnitTest>
    <UnitTest name="Returns_First_And_Lastname" storage="d:\agents\smith05.01\_work\257\s\tests\chg.identityprovider.tests\bin\release\net9.0\chg.identityprovider.tests.dll" id="9c69c548-9d07-b352-d694-451d8eaffce7">
      <Execution id="18ded5b6-ed8b-4848-89bd-a8a0d9e843a2" />
      <TestMethod codeBase="D:\Agents\smith05.01\_work\257\s\tests\CHG.IdentityProvider.Tests\bin\Release\net9.0\CHG.IdentityProvider.Tests.dll" adapterTypeName="executor://nunit3testexecutor/" className="CHG.IdentityProvider.Tests.BusinessLogic.Extensions.UserExtensionsTests+GetFullNameMethod" name="Returns_First_And_Lastname" />
    </UnitTest>
    <UnitTest name="Not_Valid_For_Invalid_AzureProvider_Missing_Tenant" storage="d:\agents\smith05.01\_work\257\s\tests\chg.identityprovider.tests\bin\release\net9.0\chg.identityprovider.tests.dll" id="b122b2bc-9ae5-b630-0ace-4aeed1e523cb">
      <Execution id="ad467657-a8c4-4e35-ae7d-d24c1c4b8597" />
      <TestMethod codeBase="D:\Agents\smith05.01\_work\257\s\tests\CHG.IdentityProvider.Tests\bin\Release\net9.0\CHG.IdentityProvider.Tests.dll" adapterTypeName="executor://nunit3testexecutor/" className="CHG.IdentityProvider.Tests.LoginProviders.CustomIdentityProviderConfigurationValidatorTests+ValidateAsyncMethod" name="Not_Valid_For_Invalid_AzureProvider_Missing_Tenant" />
    </UnitTest>
    <UnitTest name="Converts_Postlogout" storage="d:\agents\smith05.01\_work\257\s\tests\chg.identityprovider.tests\bin\release\net9.0\chg.identityprovider.tests.dll" id="6326ca31-7430-de0e-d521-5d19fcf70993">
      <Execution id="aefca31c-f7ea-46a2-87cc-a21d04c96691" />
      <TestMethod codeBase="D:\Agents\smith05.01\_work\257\s\tests\CHG.IdentityProvider.Tests\bin\Release\net9.0\CHG.IdentityProvider.Tests.dll" adapterTypeName="executor://nunit3testexecutor/" className="CHG.IdentityProvider.Tests.Mappings.ImportClientModelMapperTests+MapToClientEntityMethod" name="Converts_Postlogout" />
    </UnitTest>
    <UnitTest name="Process_Claims_With_Overridden_Idp_Claim" storage="d:\agents\smith05.01\_work\257\s\tests\chg.identityprovider.tests\bin\release\net9.0\chg.identityprovider.tests.dll" id="dbbd31c0-9aff-e611-ef30-ed0ce5091e0d">
      <Execution id="2a990dfd-fcef-4d84-be99-39bf3aab11c9" />
      <TestMethod codeBase="D:\Agents\smith05.01\_work\257\s\tests\CHG.IdentityProvider.Tests\bin\Release\net9.0\CHG.IdentityProvider.Tests.dll" adapterTypeName="executor://nunit3testexecutor/" className="CHG.IdentityProvider.Tests.Controllers.ExternalControllerTests+CallbackMethod" name="Process_Claims_With_Overridden_Idp_Claim" />
    </UnitTest>
    <UnitTest name="User_Without_Password_Cannot_Lock_Account(&quot;someInvalidStuff&quot;)" storage="d:\agents\smith05.01\_work\257\s\tests\chg.identityprovider.tests\bin\release\net9.0\chg.identityprovider.tests.dll" id="94cc2498-9eac-1f30-0495-c4043794bda1">
      <Execution id="5006eb8d-8fd3-4300-b9a3-ebb3905050de" />
      <TestMethod codeBase="D:\Agents\smith05.01\_work\257\s\tests\CHG.IdentityProvider.Tests\bin\Release\net9.0\CHG.IdentityProvider.Tests.dll" adapterTypeName="executor://nunit3testexecutor/" className="CHG.IdentityProvider.Tests.BusinessLogic.Services.IdentityServerSignInManagerTests+PasswordSignInAsyncMethod" name="User_Without_Password_Cannot_Lock_Account(&quot;someInvalidStuff&quot;)" />
    </UnitTest>
    <UnitTest name="Throws_ArgumentException_When_Email_Is_Missing" storage="d:\agents\smith05.01\_work\257\s\tests\chg.identityprovider.tests\bin\release\net9.0\chg.identityprovider.tests.dll" id="1fe20fe9-16ae-6621-77dd-dc8930d165fe">
      <Execution id="d5425165-ba03-4b39-98dd-f92fbb8a8604" />
      <TestMethod codeBase="D:\Agents\smith05.01\_work\257\s\tests\CHG.IdentityProvider.Tests\bin\Release\net9.0\CHG.IdentityProvider.Tests.dll" adapterTypeName="executor://nunit3testexecutor/" className="CHG.IdentityProvider.Tests.BusinessLogic.MessageBusHandlers.CreateChgUserHandlerTests+HandleMethod" name="Throws_ArgumentException_When_Email_Is_Missing" />
    </UnitTest>
    <UnitTest name="Calls_Inner_Service" storage="d:\agents\smith05.01\_work\257\s\tests\chg.identityprovider.tests\bin\release\net9.0\chg.identityprovider.tests.dll" id="45ca05c2-9c00-6a81-fbe7-b245b2f079a8">
      <Execution id="c15bb402-8b79-4e8a-a972-e59a0c170fb0" />
      <TestMethod codeBase="D:\Agents\smith05.01\_work\257\s\tests\CHG.IdentityProvider.Tests\bin\Release\net9.0\CHG.IdentityProvider.Tests.dll" adapterTypeName="executor://nunit3testexecutor/" className="CHG.IdentityProvider.Tests.Services.WsFederation.ExtendedWsFederationClaimsServiceTests+GetUserClaimsMethod" name="Calls_Inner_Service" />
    </UnitTest>
    <UnitTest name="Logs_UserName_On_Remembered_State" storage="d:\agents\smith05.01\_work\257\s\tests\chg.identityprovider.tests\bin\release\net9.0\chg.identityprovider.tests.dll" id="72c8c6ca-f8d6-3ec1-6cdd-0a24162403cd">
      <Execution id="5b169d96-34f2-4547-94c8-7d4b6a20692d" />
      <TestMethod codeBase="D:\Agents\smith05.01\_work\257\s\tests\CHG.IdentityProvider.Tests\bin\Release\net9.0\CHG.IdentityProvider.Tests.dll" adapterTypeName="executor://nunit3testexecutor/" className="CHG.IdentityProvider.Tests.Middleware.UserLoginLoggingMiddlewareTests+InvokeMethod" name="Logs_UserName_On_Remembered_State" />
    </UnitTest>
    <UnitTest name="Returns_Failure_If_Password_Equals_Username_WithoutBlank(&quot;Hans Wurst&quot;,&quot;hanswurst&quot;)" storage="d:\agents\smith05.01\_work\257\s\tests\chg.identityprovider.tests\bin\release\net9.0\chg.identityprovider.tests.dll" id="9329ee56-5030-d09b-3cff-dcf4cf3f92aa">
      <Execution id="17815a0a-493d-4886-8ab5-1277c7c66fb5" />
      <TestMethod codeBase="D:\Agents\smith05.01\_work\257\s\tests\CHG.IdentityProvider.Tests\bin\Release\net9.0\CHG.IdentityProvider.Tests.dll" adapterTypeName="executor://nunit3testexecutor/" className="CHG.IdentityProvider.Tests.BusinessLogic.Validators.UsernameAsPasswordValidatorTests+ValidateMethod" name="Returns_Failure_If_Password_Equals_Username_WithoutBlank(&quot;Hans Wurst&quot;,&quot;hanswurst&quot;)" />
    </UnitTest>
    <UnitTest name="Updates_Existing_From_Repository" storage="d:\agents\smith05.01\_work\257\s\tests\chg.identityprovider.tests\bin\release\net9.0\chg.identityprovider.tests.dll" id="dfc7f103-5300-4308-9cfb-c9ca1e7d7bd0">
      <Execution id="2192a63b-aa63-4165-823b-b63e22794184" />
      <TestMethod codeBase="D:\Agents\smith05.01\_work\257\s\tests\CHG.IdentityProvider.Tests\bin\Release\net9.0\CHG.IdentityProvider.Tests.dll" adapterTypeName="executor://nunit3testexecutor/" className="CHG.IdentityProvider.Tests.Controllers.MaintenanceControllerTests+ClientCustomizationMethod" name="Updates_Existing_From_Repository" />
    </UnitTest>
    <UnitTest name="Returns_Response_With_NoPermission_When_Forbidden" storage="d:\agents\smith05.01\_work\257\s\tests\chg.identityprovider.tests\bin\release\net9.0\chg.identityprovider.tests.dll" id="a6b62781-f725-2c30-429a-9ea3a9cea9d3">
      <Execution id="566056d1-5fca-4815-862c-5d8fe44792d6" />
      <TestMethod codeBase="D:\Agents\smith05.01\_work\257\s\tests\CHG.IdentityProvider.Tests\bin\Release\net9.0\CHG.IdentityProvider.Tests.dll" adapterTypeName="executor://nunit3testexecutor/" className="CHG.IdentityProvider.Tests.BusinessLogic.Services.AzureADUserInformationRetrieverTests+GetUserAttributesAsyncMethod" name="Returns_Response_With_NoPermission_When_Forbidden" />
    </UnitTest>
    <UnitTest name="Publishes_UserBlocked_Event" storage="d:\agents\smith05.01\_work\257\s\tests\chg.identityprovider.tests\bin\release\net9.0\chg.identityprovider.tests.dll" id="dc6d8f5a-5b13-39d6-aab1-86718c63428d">
      <Execution id="207f3cf7-c259-4875-ae91-3dbcb8bc34d4" />
      <TestMethod codeBase="D:\Agents\smith05.01\_work\257\s\tests\CHG.IdentityProvider.Tests\bin\Release\net9.0\CHG.IdentityProvider.Tests.dll" adapterTypeName="executor://nunit3testexecutor/" className="CHG.IdentityProvider.Tests.BusinessLogic.Services.IdentityServerUserManagerTests+SetBlockedMethod" name="Publishes_UserBlocked_Event" />
    </UnitTest>
    <UnitTest name="Sends_Link_To_Sender_Of_Factory" storage="d:\agents\smith05.01\_work\257\s\tests\chg.identityprovider.tests\bin\release\net9.0\chg.identityprovider.tests.dll" id="c928d429-059d-abee-f031-1d0e2389a4ce">
      <Execution id="21b7b9cb-d8b8-400d-838b-75502e0d9c0c" />
      <TestMethod codeBase="D:\Agents\smith05.01\_work\257\s\tests\CHG.IdentityProvider.Tests\bin\Release\net9.0\CHG.IdentityProvider.Tests.dll" adapterTypeName="executor://nunit3testexecutor/" className="CHG.IdentityProvider.Tests.BusinessLogic.Services.UserNotificationSenderDispatcherTests+SendResetPasswordLinkAsyncMethod" name="Sends_Link_To_Sender_Of_Factory" />
    </UnitTest>
    <UnitTest name="Throws_Exception_If_Options_Is_Null" storage="d:\agents\smith05.01\_work\257\s\tests\chg.identityprovider.tests\bin\release\net9.0\chg.identityprovider.tests.dll" id="fa661235-5ac6-58e8-9afa-ad93033873c3">
      <Execution id="33106f50-0920-4741-946a-05eeff65b0ba" />
      <TestMethod codeBase="D:\Agents\smith05.01\_work\257\s\tests\CHG.IdentityProvider.Tests\bin\Release\net9.0\CHG.IdentityProvider.Tests.dll" adapterTypeName="executor://nunit3testexecutor/" className="CHG.IdentityProvider.Tests.Services.Saml.ChunkedCookieSamlCorrelationStoreTests+GetMethod" name="Throws_Exception_If_Options_Is_Null" />
    </UnitTest>
    <UnitTest name="Calls_Inner" storage="d:\agents\smith05.01\_work\257\s\tests\chg.identityprovider.tests\bin\release\net9.0\chg.identityprovider.tests.dll" id="8de22654-8cd1-3b20-aaf9-55dbabeb4bdf">
      <Execution id="aaa11e82-b532-47d4-ae62-8dae90f89f1f" />
      <TestMethod codeBase="D:\Agents\smith05.01\_work\257\s\tests\CHG.IdentityProvider.Tests\bin\Release\net9.0\CHG.IdentityProvider.Tests.dll" adapterTypeName="executor://nunit3testexecutor/" className="CHG.IdentityProvider.Tests.Services.CachingIdentityProviderLookupTests+ClearCacheMethod" name="Calls_Inner" />
    </UnitTest>
    <UnitTest name="Does_Not_Send_Mail_If_No_Providers_Are_Expired_Or_Expiring" storage="d:\agents\smith05.01\_work\257\s\tests\chg.identityprovider.tests\bin\release\net9.0\chg.identityprovider.tests.dll" id="ac69674e-f148-34f8-83cf-539d5244297e">
      <Execution id="53f14c68-2998-4eb0-b5c0-82406e45e47c" />
      <TestMethod codeBase="D:\Agents\smith05.01\_work\257\s\tests\CHG.IdentityProvider.Tests\bin\Release\net9.0\CHG.IdentityProvider.Tests.dll" adapterTypeName="executor://nunit3testexecutor/" className="CHG.IdentityProvider.Tests.Services.LoginProviderExpirationCheckTests+SendLoginProviderExpirationInfoMailMethod" name="Does_Not_Send_Mail_If_No_Providers_Are_Expired_Or_Expiring" />
    </UnitTest>
    <UnitTest name="Returns_BadRequest_For_Bad_Word(&quot;/Account/Login?ReturnUrl=-5281%20UNION%20ALL%20SELECT%2063%2C63%2C63%2C63%2C63%2C63%2C63%2C63%2C63%2C63%23&quot;)" storage="d:\agents\smith05.01\_work\257\s\tests\chg.identityprovider.tests\bin\release\net9.0\chg.identityprovider.tests.dll" id="bca9b6a7-3d76-1a74-c07a-2076d58ea2e5">
      <Execution id="9d831a49-2abe-4a8d-ba1d-4c827dd61ca0" />
      <TestMethod codeBase="D:\Agents\smith05.01\_work\257\s\tests\CHG.IdentityProvider.Tests\bin\Release\net9.0\CHG.IdentityProvider.Tests.dll" adapterTypeName="executor://nunit3testexecutor/" className="CHG.IdentityProvider.Tests.Middleware.MaliciousRequestsDetectionMiddlewareTests+InvokeMethod" name="Returns_BadRequest_For_Bad_Word(&quot;/Account/Login?ReturnUrl=-5281%20UNION%20ALL%20SELECT%2063%2C63%2C63%2C63%2C63%2C63%2C63%2C63%2C63%2C63%23&quot;)" />
    </UnitTest>
    <UnitTest name="Configures_Logging_For_Development" storage="d:\agents\smith05.01\_work\257\s\tests\chg.identityprovider.tests\bin\release\net9.0\chg.identityprovider.tests.dll" id="9aee0814-6236-9a8f-193f-7f54af23c20a">
      <Execution id="582ef780-f547-42cc-b589-351b2d680426" />
      <TestMethod codeBase="D:\Agents\smith05.01\_work\257\s\tests\CHG.IdentityProvider.Tests\bin\Release\net9.0\CHG.IdentityProvider.Tests.dll" adapterTypeName="executor://nunit3testexecutor/" className="CHG.IdentityProvider.Tests.Infrastructure.DataImportDatabaseConfigurerTests+ConfigureDbContextMethod" name="Configures_Logging_For_Development" />
    </UnitTest>
    <UnitTest name="Logs_The_Entire_IP_Address_If_It_Is_A_Local_Address_Behind_Proxy(&quot;192.168.7.14&quot;)" storage="d:\agents\smith05.01\_work\257\s\tests\chg.identityprovider.tests\bin\release\net9.0\chg.identityprovider.tests.dll" id="bd10c89e-04e0-eddc-f612-0d2a73c42aef">
      <Execution id="52a688c3-bca0-4e75-8302-18ad2f8023d0" />
      <TestMethod codeBase="D:\Agents\smith05.01\_work\257\s\tests\CHG.IdentityProvider.Tests\bin\Release\net9.0\CHG.IdentityProvider.Tests.dll" adapterTypeName="executor://nunit3testexecutor/" className="CHG.IdentityProvider.Tests.Infrastructure.LoggingSetupTests+TheEnrichFromHttpContextMethod" name="Logs_The_Entire_IP_Address_If_It_Is_A_Local_Address_Behind_Proxy(&quot;192.168.7.14&quot;)" />
    </UnitTest>
    <UnitTest name="Finds_User_By_Email" storage="d:\agents\smith05.01\_work\257\s\tests\chg.identityprovider.tests\bin\release\net9.0\chg.identityprovider.tests.dll" id="91e342e3-5ba7-ad48-4004-6a41fbc33bcf">
      <Execution id="cdc2eb2a-b435-4bf6-acb8-f6736f92e4df" />
      <TestMethod codeBase="D:\Agents\smith05.01\_work\257\s\tests\CHG.IdentityProvider.Tests\bin\Release\net9.0\CHG.IdentityProvider.Tests.dll" adapterTypeName="executor://nunit3testexecutor/" className="CHG.IdentityProvider.Tests.Controllers.Api.UserApiControllerTests+GetByIdMethod" name="Finds_User_By_Email" />
    </UnitTest>
    <UnitTest name="Sets_Class_If_ControllerAttribute_Is_Current_Controller" storage="d:\agents\smith05.01\_work\257\s\tests\chg.identityprovider.tests\bin\release\net9.0\chg.identityprovider.tests.dll" id="daf52f70-1a38-af8c-4611-475cc8282ad6">
      <Execution id="6bc8b371-5329-4fdf-aee0-11fa4bb5c1bc" />
      <TestMethod codeBase="D:\Agents\smith05.01\_work\257\s\tests\CHG.IdentityProvider.Tests\bin\Release\net9.0\CHG.IdentityProvider.Tests.dll" adapterTypeName="executor://nunit3testexecutor/" className="CHG.IdentityProvider.Tests.TagHelpers.AddActiveIfCurrentControllerTests+ProcessMethod" name="Sets_Class_If_ControllerAttribute_Is_Current_Controller" />
    </UnitTest>
    <UnitTest name="Calls_Authentication_Handler_For_Saml_Metadata(&quot;https://localhost/saml/testazure/metadata&quot;)" storage="d:\agents\smith05.01\_work\257\s\tests\chg.identityprovider.tests\bin\release\net9.0\chg.identityprovider.tests.dll" id="7f73b874-5a3e-9b9a-b956-94e46a5b4a32">
      <Execution id="33525ec9-29e4-45ee-904c-fd9dbea1cd3d" />
      <TestMethod codeBase="D:\Agents\smith05.01\_work\257\s\tests\CHG.IdentityProvider.Tests\bin\Release\net9.0\CHG.IdentityProvider.Tests.dll" adapterTypeName="executor://nunit3testexecutor/" className="CHG.IdentityProvider.Tests.Middleware.LoginProviderAuthenticationMiddlewareTests+InvokeMethod" name="Calls_Authentication_Handler_For_Saml_Metadata(&quot;https://localhost/saml/testazure/metadata&quot;)" />
    </UnitTest>
    <UnitTest name="Sets_A_Response_Cookie_Indicating_A_LoginProvider_Test_Run" storage="d:\agents\smith05.01\_work\257\s\tests\chg.identityprovider.tests\bin\release\net9.0\chg.identityprovider.tests.dll" id="935a5252-e82e-0a40-ebb1-6071aa394aa6">
      <Execution id="751425fe-1ddc-49bd-9c02-febdf5e13a1f" />
      <TestMethod codeBase="D:\Agents\smith05.01\_work\257\s\tests\CHG.IdentityProvider.Tests\bin\Release\net9.0\CHG.IdentityProvider.Tests.dll" adapterTypeName="executor://nunit3testexecutor/" className="CHG.IdentityProvider.Tests.Controllers.LoginProvidersControllerTest+StartTestMethod" name="Sets_A_Response_Cookie_Indicating_A_LoginProvider_Test_Run" />
    </UnitTest>
    <UnitTest name="Calls_SetEmail_When_New_Email_Is_Different" storage="d:\agents\smith05.01\_work\257\s\tests\chg.identityprovider.tests\bin\release\net9.0\chg.identityprovider.tests.dll" id="55ac7da4-8cca-e159-139a-f3e586a0ef94">
      <Execution id="2799d5aa-88a7-4a09-8bfb-e31fed9689cc" />
      <TestMethod codeBase="D:\Agents\smith05.01\_work\257\s\tests\CHG.IdentityProvider.Tests\bin\Release\net9.0\CHG.IdentityProvider.Tests.dll" adapterTypeName="executor://nunit3testexecutor/" className="CHG.IdentityProvider.Tests.Controllers.ManageControllerTests+IndexMethod" name="Calls_SetEmail_When_New_Email_Is_Different" />
    </UnitTest>
    <UnitTest name="Returns_Result_From_Inner_Service" storage="d:\agents\smith05.01\_work\257\s\tests\chg.identityprovider.tests\bin\release\net9.0\chg.identityprovider.tests.dll" id="78ca7c23-74b1-6ebf-e645-c7aef30801f5">
      <Execution id="48f16403-56c3-4998-9063-ef5c6600a560" />
      <TestMethod codeBase="D:\Agents\smith05.01\_work\257\s\tests\CHG.IdentityProvider.Tests\bin\Release\net9.0\CHG.IdentityProvider.Tests.dll" adapterTypeName="executor://nunit3testexecutor/" className="CHG.IdentityProvider.Tests.Services.WsFederation.ExtendedWsFederationClaimsServiceTests+MapToWsFederationClaimsMethod" name="Returns_Result_From_Inner_Service" />
    </UnitTest>
    <UnitTest name="Maps_ExtendedClient_With_ClientType_By_GrantType(&quot;hybrid&quot;,null)" storage="d:\agents\smith05.01\_work\257\s\tests\chg.identityprovider.tests\bin\release\net9.0\chg.identityprovider.tests.dll" id="ce39eceb-6e44-2cbc-7462-e8b3534940af">
      <Execution id="2e1af199-0d23-4f74-9e90-fae85ae7999d" />
      <TestMethod codeBase="D:\Agents\smith05.01\_work\257\s\tests\CHG.IdentityProvider.Tests\bin\Release\net9.0\CHG.IdentityProvider.Tests.dll" adapterTypeName="executor://nunit3testexecutor/" className="CHG.IdentityProvider.Tests.Mappings.ImportClientModelMapperTests+MapToExtendedClientMethod" name="Maps_ExtendedClient_With_ClientType_By_GrantType(&quot;hybrid&quot;,null)" />
    </UnitTest>
    <UnitTest name="External_User_Cannot_Login_With_PasswordSet" storage="d:\agents\smith05.01\_work\257\s\tests\chg.identityprovider.tests\bin\release\net9.0\chg.identityprovider.tests.dll" id="277412f7-0594-53ab-296c-66d274925b1f">
      <Execution id="7bf472e0-4152-4b3f-a860-58e5617acac5" />
      <TestMethod codeBase="D:\Agents\smith05.01\_work\257\s\tests\CHG.IdentityProvider.Tests\bin\Release\net9.0\CHG.IdentityProvider.Tests.dll" adapterTypeName="executor://nunit3testexecutor/" className="CHG.IdentityProvider.Tests.Controllers.AccountControllerTests+LoginWithPasswordAction" name="External_User_Cannot_Login_With_PasswordSet" />
    </UnitTest>
    <UnitTest name="Calls_Next(&quot;https://localhost/saml/metadata&quot;)" storage="d:\agents\smith05.01\_work\257\s\tests\chg.identityprovider.tests\bin\release\net9.0\chg.identityprovider.tests.dll" id="2090ac96-fa57-5ba5-b7df-fcaa8ba6493f">
      <Execution id="526de93a-960f-4ff0-bb06-ed8c64d940b8" />
      <TestMethod codeBase="D:\Agents\smith05.01\_work\257\s\tests\CHG.IdentityProvider.Tests\bin\Release\net9.0\CHG.IdentityProvider.Tests.dll" adapterTypeName="executor://nunit3testexecutor/" className="CHG.IdentityProvider.Tests.Middleware.LoginProviderAuthenticationMiddlewareTests+InvokeMethod" name="Calls_Next(&quot;https://localhost/saml/metadata&quot;)" />
    </UnitTest>
    <UnitTest name="Calls_Next_If_Handler_Failed" storage="d:\agents\smith05.01\_work\257\s\tests\chg.identityprovider.tests\bin\release\net9.0\chg.identityprovider.tests.dll" id="e3ada9eb-3b3f-870a-5773-cd9c66a12a0d">
      <Execution id="6de2b760-fe9f-46a1-8214-14f0fff5ee21" />
      <TestMethod codeBase="D:\Agents\smith05.01\_work\257\s\tests\CHG.IdentityProvider.Tests\bin\Release\net9.0\CHG.IdentityProvider.Tests.dll" adapterTypeName="executor://nunit3testexecutor/" className="CHG.IdentityProvider.Tests.Middleware.LoginProviderAuthenticationMiddlewareTests+InvokeMethod" name="Calls_Next_If_Handler_Failed" />
    </UnitTest>
    <UnitTest name="Logs_A_Message_In_Trace_Level_Because_It_May_Contain_Sensitive_Information" storage="d:\agents\smith05.01\_work\257\s\tests\chg.identityprovider.tests\bin\release\net9.0\chg.identityprovider.tests.dll" id="2352b8e6-1393-5e43-1283-c4502c11af78">
      <Execution id="95e50801-a924-48cb-a78f-5d5847debd26" />
      <TestMethod codeBase="D:\Agents\smith05.01\_work\257\s\tests\CHG.IdentityProvider.Tests\bin\Release\net9.0\CHG.IdentityProvider.Tests.dll" adapterTypeName="executor://nunit3testexecutor/" className="CHG.IdentityProvider.Tests.Services.LoginProviderTestEventsTests+TicketReceivedMethod" name="Logs_A_Message_In_Trace_Level_Because_It_May_Contain_Sensitive_Information" />
    </UnitTest>
    <UnitTest name="Throws_ArgumentException_When_Renderer_Is_Null" storage="d:\agents\smith05.01\_work\257\s\tests\chg.identityprovider.tests\bin\release\net9.0\chg.identityprovider.tests.dll" id="874b7f37-0ed8-00eb-30df-7ff1d0736199">
      <Execution id="2560db6b-73da-47dc-af66-6b09fb387b74" />
      <TestMethod codeBase="D:\Agents\smith05.01\_work\257\s\tests\CHG.IdentityProvider.Tests\bin\Release\net9.0\CHG.IdentityProvider.Tests.dll" adapterTypeName="executor://nunit3testexecutor/" className="CHG.IdentityProvider.Tests.Infrastructure.TemplateEngineTests+CtorMethod" name="Throws_ArgumentException_When_Renderer_Is_Null" />
    </UnitTest>
    <UnitTest name="Returns_Failure_If_Password_Contains_LastName(&quot;Wurst&quot;,&quot;123wurst&quot;)" storage="d:\agents\smith05.01\_work\257\s\tests\chg.identityprovider.tests\bin\release\net9.0\chg.identityprovider.tests.dll" id="1d306aaf-3a47-da51-09b8-ff0765efdbc8">
      <Execution id="6556c68d-b57d-40e1-a22b-aee290cf82ff" />
      <TestMethod codeBase="D:\Agents\smith05.01\_work\257\s\tests\CHG.IdentityProvider.Tests\bin\Release\net9.0\CHG.IdentityProvider.Tests.dll" adapterTypeName="executor://nunit3testexecutor/" className="CHG.IdentityProvider.Tests.BusinessLogic.Validators.FirstLastNameAsPasswordValidatorTests+ValidateMethod" name="Returns_Failure_If_Password_Contains_LastName(&quot;Wurst&quot;,&quot;123wurst&quot;)" />
    </UnitTest>
    <UnitTest name="Removes_Cached_Domains_By_IdentityProvider_Domains" storage="d:\agents\smith05.01\_work\257\s\tests\chg.identityprovider.tests\bin\release\net9.0\chg.identityprovider.tests.dll" id="f7d06693-5404-f9c0-ffce-5ead34d12840">
      <Execution id="fe2fcd56-f769-4d26-9a9f-3f8ae5332475" />
      <TestMethod codeBase="D:\Agents\smith05.01\_work\257\s\tests\CHG.IdentityProvider.Tests\bin\Release\net9.0\CHG.IdentityProvider.Tests.dll" adapterTypeName="executor://nunit3testexecutor/" className="CHG.IdentityProvider.Tests.Services.CachingIdentityProviderLookupTests+ClearCacheMethod" name="Removes_Cached_Domains_By_IdentityProvider_Domains" />
    </UnitTest>
    <UnitTest name="Returns_Scoped_Actor" storage="d:\agents\smith05.01\_work\257\s\tests\chg.identityprovider.tests\bin\release\net9.0\chg.identityprovider.tests.dll" id="42b31cd6-49b5-2693-7d7c-ca3cc799425e">
      <Execution id="88955e10-d47d-401d-9f8e-a6e4bb0bdd7e" />
      <TestMethod codeBase="D:\Agents\smith05.01\_work\257\s\tests\CHG.IdentityProvider.Tests\bin\Release\net9.0\CHG.IdentityProvider.Tests.dll" adapterTypeName="executor://nunit3testexecutor/" className="CHG.IdentityProvider.Tests.Services.Audit.AuditStoreTests+ResolveCurrentActorMethod" name="Returns_Scoped_Actor" />
    </UnitTest>
    <UnitTest name="Writes_To_Record" storage="d:\agents\smith05.01\_work\257\s\tests\chg.identityprovider.tests\bin\release\net9.0\chg.identityprovider.tests.dll" id="ac5d83bc-5049-8b8f-9652-a42a8dc074f9">
      <Execution id="c7edfeea-b726-4a2d-89e8-edfa5161289a" />
      <TestMethod codeBase="D:\Agents\smith05.01\_work\257\s\tests\CHG.IdentityProvider.Tests\bin\Release\net9.0\CHG.IdentityProvider.Tests.dll" adapterTypeName="executor://nunit3testexecutor/" className="CHG.IdentityProvider.Tests.Services.Audit.AuditStoreTests+RecordFailureMethod" name="Writes_To_Record" />
    </UnitTest>
    <UnitTest name="Does_Not_Publish_UserFullNameChanged_Event_When_FirstName_Was_Not_Changed" storage="d:\agents\smith05.01\_work\257\s\tests\chg.identityprovider.tests\bin\release\net9.0\chg.identityprovider.tests.dll" id="a67f5151-b921-3b0b-65c5-27104b92b43e">
      <Execution id="e384d95c-7602-4ab0-bcaf-3b0760f76a68" />
      <TestMethod codeBase="D:\Agents\smith05.01\_work\257\s\tests\CHG.IdentityProvider.Tests\bin\Release\net9.0\CHG.IdentityProvider.Tests.dll" adapterTypeName="executor://nunit3testexecutor/" className="CHG.IdentityProvider.Tests.BusinessLogic.Services.IdentityServerUserManagerTests+SetFirstNameAsync" name="Does_Not_Publish_UserFullNameChanged_Event_When_FirstName_Was_Not_Changed" />
    </UnitTest>
    <UnitTest name="PublishesUserEmailConfirmedChanged_Event" storage="d:\agents\smith05.01\_work\257\s\tests\chg.identityprovider.tests\bin\release\net9.0\chg.identityprovider.tests.dll" id="091a0845-209c-36aa-edbc-e9a5dd9391e3">
      <Execution id="d35028cb-87c0-4066-b740-b80b20193878" />
      <TestMethod codeBase="D:\Agents\smith05.01\_work\257\s\tests\CHG.IdentityProvider.Tests\bin\Release\net9.0\CHG.IdentityProvider.Tests.dll" adapterTypeName="executor://nunit3testexecutor/" className="CHG.IdentityProvider.Tests.BusinessLogic.Services.IdentityServerUserManagerTests+ConfirmEmailAsyncMethod" name="PublishesUserEmailConfirmedChanged_Event" />
    </UnitTest>
    <UnitTest name="Dispatches_StatusMessage_To_Model" storage="d:\agents\smith05.01\_work\257\s\tests\chg.identityprovider.tests\bin\release\net9.0\chg.identityprovider.tests.dll" id="e3608ea1-2720-47df-702a-ac25a039744a">
      <Execution id="35c49064-4586-4f84-bfe1-65d62999993b" />
      <TestMethod codeBase="D:\Agents\smith05.01\_work\257\s\tests\CHG.IdentityProvider.Tests\bin\Release\net9.0\CHG.IdentityProvider.Tests.dll" adapterTypeName="executor://nunit3testexecutor/" className="CHG.IdentityProvider.Tests.Controllers.LoginProvidersControllerTest+IndexMethod" name="Dispatches_StatusMessage_To_Model" />
    </UnitTest>
    <UnitTest name="Return_OpenIdConfiguration_For_OIDC_Provider" storage="d:\agents\smith05.01\_work\257\s\tests\chg.identityprovider.tests\bin\release\net9.0\chg.identityprovider.tests.dll" id="2a562c06-8638-e43c-f213-f7dcfa8ef1af">
      <Execution id="aca81442-d1b4-47a9-886e-0386b1c3b4da" />
      <TestMethod codeBase="D:\Agents\smith05.01\_work\257\s\tests\CHG.IdentityProvider.Tests\bin\Release\net9.0\CHG.IdentityProvider.Tests.dll" adapterTypeName="executor://nunit3testexecutor/" className="CHG.IdentityProvider.Tests.Controllers.LoginProvidersControllerTest+DetailGetMethod" name="Return_OpenIdConfiguration_For_OIDC_Provider" />
    </UnitTest>
    <UnitTest name="DoesNot_Throw_Exception_When_User_Is_Null" storage="d:\agents\smith05.01\_work\257\s\tests\chg.identityprovider.tests\bin\release\net9.0\chg.identityprovider.tests.dll" id="65ae74b2-97f6-d2ff-e505-8709e6293daa">
      <Execution id="8aa79fc2-ba31-4c8f-a05b-a459a09d638c" />
      <TestMethod codeBase="D:\Agents\smith05.01\_work\257\s\tests\CHG.IdentityProvider.Tests\bin\Release\net9.0\CHG.IdentityProvider.Tests.dll" adapterTypeName="executor://nunit3testexecutor/" className="CHG.IdentityProvider.Tests.BusinessLogic.Validators.BlacklistPasswordValidatorTests+ValidateMethod" name="DoesNot_Throw_Exception_When_User_Is_Null" />
    </UnitTest>
    <UnitTest name="Shows_User_Was_Unlocked_Screen_After_Successful_Unlock" storage="d:\agents\smith05.01\_work\257\s\tests\chg.identityprovider.tests\bin\release\net9.0\chg.identityprovider.tests.dll" id="17f49073-1f5e-b966-c5e8-3d8454130f96">
      <Execution id="46a89eb4-0a9b-47d0-a0a9-c1d59b614282" />
      <TestMethod codeBase="D:\Agents\smith05.01\_work\257\s\tests\CHG.IdentityProvider.Tests\bin\Release\net9.0\CHG.IdentityProvider.Tests.dll" adapterTypeName="executor://nunit3testexecutor/" className="CHG.IdentityProvider.Tests.Controllers.AccountControllerTests+UnlockUserAction" name="Shows_User_Was_Unlocked_Screen_After_Successful_Unlock" />
    </UnitTest>
    <UnitTest name="Sends_Command" storage="d:\agents\smith05.01\_work\257\s\tests\chg.identityprovider.tests\bin\release\net9.0\chg.identityprovider.tests.dll" id="367d97b6-5e1b-0bb5-2b16-a7bff6e81071">
      <Execution id="7aa758e7-81a6-496b-9ed4-22781bc02dcb" />
      <TestMethod codeBase="D:\Agents\smith05.01\_work\257\s\tests\CHG.IdentityProvider.Tests\bin\Release\net9.0\CHG.IdentityProvider.Tests.dll" adapterTypeName="executor://nunit3testexecutor/" className="CHG.IdentityProvider.Tests.Services.EmailSenderTests+SendEmailAsyncMethod" name="Sends_Command" />
    </UnitTest>
    <UnitTest name="Sends_Link_To_Email_Sender" storage="d:\agents\smith05.01\_work\257\s\tests\chg.identityprovider.tests\bin\release\net9.0\chg.identityprovider.tests.dll" id="af702030-3313-7046-94c1-a8d218936618">
      <Execution id="6c036d37-d39b-4bad-9990-dc491dad796f" />
      <TestMethod codeBase="D:\Agents\smith05.01\_work\257\s\tests\CHG.IdentityProvider.Tests\bin\Release\net9.0\CHG.IdentityProvider.Tests.dll" adapterTypeName="executor://nunit3testexecutor/" className="CHG.IdentityProvider.Tests.BusinessLogic.Services.UserNotificationMailSenderTests+SendEmailConfirmationLinkAsyncMethod" name="Sends_Link_To_Email_Sender" />
    </UnitTest>
    <UnitTest name="Return_SamlConfiguration_For_Saml_Provider" storage="d:\agents\smith05.01\_work\257\s\tests\chg.identityprovider.tests\bin\release\net9.0\chg.identityprovider.tests.dll" id="dde6984e-17db-755d-5b78-5674762449e2">
      <Execution id="83adf29f-2001-42c6-afb7-dd900252ddd2" />
      <TestMethod codeBase="D:\Agents\smith05.01\_work\257\s\tests\CHG.IdentityProvider.Tests\bin\Release\net9.0\CHG.IdentityProvider.Tests.dll" adapterTypeName="executor://nunit3testexecutor/" className="CHG.IdentityProvider.Tests.Controllers.LoginProvidersControllerTest+DetailGetMethod" name="Return_SamlConfiguration_For_Saml_Provider" />
    </UnitTest>
    <UnitTest name="DoesNot_Throw_Exception_When_User_Is_Null" storage="d:\agents\smith05.01\_work\257\s\tests\chg.identityprovider.tests\bin\release\net9.0\chg.identityprovider.tests.dll" id="8ff066a4-3c46-d21c-07a8-eb5ffb184ac5">
      <Execution id="2a341c92-5c40-4109-b1f4-bc7f1ba283b9" />
      <TestMethod codeBase="D:\Agents\smith05.01\_work\257\s\tests\CHG.IdentityProvider.Tests\bin\Release\net9.0\CHG.IdentityProvider.Tests.dll" adapterTypeName="executor://nunit3testexecutor/" className="CHG.IdentityProvider.Tests.BusinessLogic.Validators.FirstLastNameAsPasswordValidatorTests+ValidateMethod" name="DoesNot_Throw_Exception_When_User_Is_Null" />
    </UnitTest>
    <UnitTest name="Throws_Exception_If_Helper_Output_Is_Null" storage="d:\agents\smith05.01\_work\257\s\tests\chg.identityprovider.tests\bin\release\net9.0\chg.identityprovider.tests.dll" id="d70b0748-16af-c7f0-6bb6-546b28f10dea">
      <Execution id="df95b9b2-aed8-40e0-bcb7-dc8cae2071e6" />
      <TestMethod codeBase="D:\Agents\smith05.01\_work\257\s\tests\CHG.IdentityProvider.Tests\bin\Release\net9.0\CHG.IdentityProvider.Tests.dll" adapterTypeName="executor://nunit3testexecutor/" className="CHG.IdentityProvider.Tests.TagHelpers.AddClassForConditionTagHelperTests+ProcessMethod" name="Throws_Exception_If_Helper_Output_Is_Null" />
    </UnitTest>
    <UnitTest name="Returns_Success_If_Password_Contains_Unicode" storage="d:\agents\smith05.01\_work\257\s\tests\chg.identityprovider.tests\bin\release\net9.0\chg.identityprovider.tests.dll" id="c45502f9-f2b5-c66d-2c9c-5a54e0853580">
      <Execution id="4f5f3257-d005-4a46-a794-893aefb7613b" />
      <TestMethod codeBase="D:\Agents\smith05.01\_work\257\s\tests\CHG.IdentityProvider.Tests\bin\Release\net9.0\CHG.IdentityProvider.Tests.dll" adapterTypeName="executor://nunit3testexecutor/" className="CHG.IdentityProvider.Tests.BusinessLogic.Validators.DefaultPasswordValidatorTests+ValidateMethod" name="Returns_Success_If_Password_Contains_Unicode" />
    </UnitTest>
    <UnitTest name="Returns_IsBlocked_Result_If_The_User_Is_Blocked" storage="d:\agents\smith05.01\_work\257\s\tests\chg.identityprovider.tests\bin\release\net9.0\chg.identityprovider.tests.dll" id="0476de50-c01c-d21b-9b14-995f1b550227">
      <Execution id="6b4fc863-e398-47c5-88f1-47cc78f83331" />
      <TestMethod codeBase="D:\Agents\smith05.01\_work\257\s\tests\CHG.IdentityProvider.Tests\bin\Release\net9.0\CHG.IdentityProvider.Tests.dll" adapterTypeName="executor://nunit3testexecutor/" className="CHG.IdentityProvider.Tests.BusinessLogic.Services.IdentityServerSignInManagerTests+CheckPasswordSignInAsyncMethod" name="Returns_IsBlocked_Result_If_The_User_Is_Blocked" />
    </UnitTest>
    <UnitTest name="Returns_Not_Found_If_The_Users_With_The_Given_UserName_Can_Not_Be_Loaded" storage="d:\agents\smith05.01\_work\257\s\tests\chg.identityprovider.tests\bin\release\net9.0\chg.identityprovider.tests.dll" id="dd2e56f1-447f-890f-47f3-fce017943304">
      <Execution id="b561be5d-90a3-4cda-80a8-d5cc19838a5d" />
      <TestMethod codeBase="D:\Agents\smith05.01\_work\257\s\tests\CHG.IdentityProvider.Tests\bin\Release\net9.0\CHG.IdentityProvider.Tests.dll" adapterTypeName="executor://nunit3testexecutor/" className="CHG.IdentityProvider.Tests.Controllers.Api.UserInvitationApiControllerTests+InviteV3Action" name="Returns_Not_Found_If_The_Users_With_The_Given_UserName_Can_Not_Be_Loaded" />
    </UnitTest>
    <UnitTest name="Removes_Class_If_No_ControllerAttribute_Is_Set_And_Current_Is_Default" storage="d:\agents\smith05.01\_work\257\s\tests\chg.identityprovider.tests\bin\release\net9.0\chg.identityprovider.tests.dll" id="429ee486-ba90-6dd0-a27e-5ee4b8999074">
      <Execution id="f98fa47b-0d5f-416b-8ddb-d5a4a07fa587" />
      <TestMethod codeBase="D:\Agents\smith05.01\_work\257\s\tests\CHG.IdentityProvider.Tests\bin\Release\net9.0\CHG.IdentityProvider.Tests.dll" adapterTypeName="executor://nunit3testexecutor/" className="CHG.IdentityProvider.Tests.TagHelpers.RemoveClassIfCurrentControllerTests+ProcessMethod" name="Removes_Class_If_No_ControllerAttribute_Is_Set_And_Current_Is_Default" />
    </UnitTest>
    <UnitTest name="User_Without_Password_Cannot_Lock_Account(null)" storage="d:\agents\smith05.01\_work\257\s\tests\chg.identityprovider.tests\bin\release\net9.0\chg.identityprovider.tests.dll" id="5e6a9871-87bc-97d5-1592-52aca0beb866">
      <Execution id="8109d86f-581c-4f0b-a245-6e2000b19922" />
      <TestMethod codeBase="D:\Agents\smith05.01\_work\257\s\tests\CHG.IdentityProvider.Tests\bin\Release\net9.0\CHG.IdentityProvider.Tests.dll" adapterTypeName="executor://nunit3testexecutor/" className="CHG.IdentityProvider.Tests.BusinessLogic.Services.IdentityServerSignInManagerTests+PasswordSignInAsyncMethod" name="User_Without_Password_Cannot_Lock_Account(null)" />
    </UnitTest>
    <UnitTest name="Returns_Success_If_Passwort_IsNot_Listed" storage="d:\agents\smith05.01\_work\257\s\tests\chg.identityprovider.tests\bin\release\net9.0\chg.identityprovider.tests.dll" id="220b4593-150b-fe76-a302-f83526252f17">
      <Execution id="4cdc3b92-2023-4c68-9ebd-2d52d6895928" />
      <TestMethod codeBase="D:\Agents\smith05.01\_work\257\s\tests\CHG.IdentityProvider.Tests\bin\Release\net9.0\CHG.IdentityProvider.Tests.dll" adapterTypeName="executor://nunit3testexecutor/" className="CHG.IdentityProvider.Tests.BusinessLogic.Validators.BlacklistPasswordValidatorTests+ValidateMethod" name="Returns_Success_If_Passwort_IsNot_Listed" />
    </UnitTest>
    <UnitTest name="IsValid_For_Valid_OidcProvider" storage="d:\agents\smith05.01\_work\257\s\tests\chg.identityprovider.tests\bin\release\net9.0\chg.identityprovider.tests.dll" id="7b3008cf-5908-dbf5-c44e-f13a7c700b5e">
      <Execution id="dc928d1b-b7ca-4987-9b0c-6fbc201caa35" />
      <TestMethod codeBase="D:\Agents\smith05.01\_work\257\s\tests\CHG.IdentityProvider.Tests\bin\Release\net9.0\CHG.IdentityProvider.Tests.dll" adapterTypeName="executor://nunit3testexecutor/" className="CHG.IdentityProvider.Tests.LoginProviders.CustomIdentityProviderConfigurationValidatorTests+ValidateAsyncMethod" name="IsValid_For_Valid_OidcProvider" />
    </UnitTest>
    <UnitTest name="Publishes_UserStateChanged_Event_With_Not_IsLocked_When_Enddate_IsNotSet" storage="d:\agents\smith05.01\_work\257\s\tests\chg.identityprovider.tests\bin\release\net9.0\chg.identityprovider.tests.dll" id="ba58d36f-7b7d-3446-5deb-e66ae1bd2d35">
      <Execution id="df2cb3ad-74a5-4103-9f14-45c91994670b" />
      <TestMethod codeBase="D:\Agents\smith05.01\_work\257\s\tests\CHG.IdentityProvider.Tests\bin\Release\net9.0\CHG.IdentityProvider.Tests.dll" adapterTypeName="executor://nunit3testexecutor/" className="CHG.IdentityProvider.Tests.BusinessLogic.Services.IdentityServerUserManagerTests+SetLockoutEndDateAsync" name="Publishes_UserStateChanged_Event_With_Not_IsLocked_When_Enddate_IsNotSet" />
    </UnitTest>
    <UnitTest name="Returns_A_Partial_Result_For_Replacing_In_The_UI" storage="d:\agents\smith05.01\_work\257\s\tests\chg.identityprovider.tests\bin\release\net9.0\chg.identityprovider.tests.dll" id="1b9423b5-5357-44c6-60f0-ae014b598814">
      <Execution id="361c6950-7aa0-4258-a1d7-77431a21f3ac" />
      <TestMethod codeBase="D:\Agents\smith05.01\_work\257\s\tests\CHG.IdentityProvider.Tests\bin\Release\net9.0\CHG.IdentityProvider.Tests.dll" adapterTypeName="executor://nunit3testexecutor/" className="CHG.IdentityProvider.Tests.Controllers.LoginProvidersControllerTest+ImportSamlMetadataMethod" name="Returns_A_Partial_Result_For_Replacing_In_The_UI" />
    </UnitTest>
    <UnitTest name="External_User_Cannot_Lock_Account(&quot;someInvalidStuff&quot;)" storage="d:\agents\smith05.01\_work\257\s\tests\chg.identityprovider.tests\bin\release\net9.0\chg.identityprovider.tests.dll" id="ab5779ce-ea0b-d176-54e1-0eacdce87172">
      <Execution id="6ac52a09-5c77-4e93-b514-8506c30693c7" />
      <TestMethod codeBase="D:\Agents\smith05.01\_work\257\s\tests\CHG.IdentityProvider.Tests\bin\Release\net9.0\CHG.IdentityProvider.Tests.dll" adapterTypeName="executor://nunit3testexecutor/" className="CHG.IdentityProvider.Tests.BusinessLogic.Services.IdentityServerSignInManagerTests+PasswordSignInAsyncMethod" name="External_User_Cannot_Lock_Account(&quot;someInvalidStuff&quot;)" />
    </UnitTest>
    <UnitTest name="Returns_Lastname_Only_If_Firstname_Is_Empty" storage="d:\agents\smith05.01\_work\257\s\tests\chg.identityprovider.tests\bin\release\net9.0\chg.identityprovider.tests.dll" id="e54eeb60-6215-36c6-4cdd-5042e6e49475">
      <Execution id="6ba1d6ee-585c-4c63-b1d0-ec1bb9fe6233" />
      <TestMethod codeBase="D:\Agents\smith05.01\_work\257\s\tests\CHG.IdentityProvider.Tests\bin\Release\net9.0\CHG.IdentityProvider.Tests.dll" adapterTypeName="executor://nunit3testexecutor/" className="CHG.IdentityProvider.Tests.BusinessLogic.Extensions.UserExtensionsTests+GetFullNameMethod" name="Returns_Lastname_Only_If_Firstname_Is_Empty" />
    </UnitTest>
    <UnitTest name="Does_Not_Set_ReturnUri_If_Not_Saml" storage="d:\agents\smith05.01\_work\257\s\tests\chg.identityprovider.tests\bin\release\net9.0\chg.identityprovider.tests.dll" id="3f0ba1d9-d0cc-1174-12df-40039fce3940">
      <Execution id="18fb40c9-46cd-4d29-a909-72f8afffa6b9" />
      <TestMethod codeBase="D:\Agents\smith05.01\_work\257\s\tests\CHG.IdentityProvider.Tests\bin\Release\net9.0\CHG.IdentityProvider.Tests.dll" adapterTypeName="executor://nunit3testexecutor/" className="CHG.IdentityProvider.Tests.Services.Saml.SamlAuthenticationEventsTests+TicketReceivedMethod" name="Does_Not_Set_ReturnUri_If_Not_Saml" />
    </UnitTest>
    <UnitTest name="Maps_ClientCustomization_Information_Properly" storage="d:\agents\smith05.01\_work\257\s\tests\chg.identityprovider.tests\bin\release\net9.0\chg.identityprovider.tests.dll" id="1d73bc35-6cfa-01eb-f47d-cb4cd6e99b60">
      <Execution id="0753fc71-3693-4dce-b3a9-0869a07b8129" />
      <TestMethod codeBase="D:\Agents\smith05.01\_work\257\s\tests\CHG.IdentityProvider.Tests\bin\Release\net9.0\CHG.IdentityProvider.Tests.dll" adapterTypeName="executor://nunit3testexecutor/" className="CHG.IdentityProvider.Tests.Mappings.ImportClientModelMapperTests+MapToClientCustomizationEntityMethod" name="Maps_ClientCustomization_Information_Properly" />
    </UnitTest>
    <UnitTest name="Reads_From_Repository_And_ClientStore" storage="d:\agents\smith05.01\_work\257\s\tests\chg.identityprovider.tests\bin\release\net9.0\chg.identityprovider.tests.dll" id="2b8cea25-0d44-5b97-ac4a-2216f4c1f84a">
      <Execution id="a9064211-214e-4c6b-9b03-668b009d3996" />
      <TestMethod codeBase="D:\Agents\smith05.01\_work\257\s\tests\CHG.IdentityProvider.Tests\bin\Release\net9.0\CHG.IdentityProvider.Tests.dll" adapterTypeName="executor://nunit3testexecutor/" className="CHG.IdentityProvider.Tests.Controllers.MaintenanceControllerTests+ClientDetailMethod" name="Reads_From_Repository_And_ClientStore" />
    </UnitTest>
    <UnitTest name="Calls_Default_Oidc_Configuration_With_Modern_Uris" storage="d:\agents\smith05.01\_work\257\s\tests\chg.identityprovider.tests\bin\release\net9.0\chg.identityprovider.tests.dll" id="16717eda-9f34-c565-d17f-d1cc8aa97196">
      <Execution id="2e6ed6f2-2baa-4ed8-bdd7-44db3b0e321c" />
      <TestMethod codeBase="D:\Agents\smith05.01\_work\257\s\tests\CHG.IdentityProvider.Tests\bin\Release\net9.0\CHG.IdentityProvider.Tests.dll" adapterTypeName="executor://nunit3testexecutor/" className="CHG.IdentityProvider.Tests.LoginProviders.Configuration.OktaConfigureOptionsTests+ConfigureMethod" name="Calls_Default_Oidc_Configuration_With_Modern_Uris" />
    </UnitTest>
    <UnitTest name="Logs_The_Entire_IP_Address_If_It_Is_A_Local_Address_Behind_Proxy(&quot;10.49.13.0&quot;)" storage="d:\agents\smith05.01\_work\257\s\tests\chg.identityprovider.tests\bin\release\net9.0\chg.identityprovider.tests.dll" id="0bba824a-e89a-b001-35bf-0943d18b83dc">
      <Execution id="e2b74dbe-9045-4e3b-b43c-6b9fcfaa315a" />
      <TestMethod codeBase="D:\Agents\smith05.01\_work\257\s\tests\CHG.IdentityProvider.Tests\bin\Release\net9.0\CHG.IdentityProvider.Tests.dll" adapterTypeName="executor://nunit3testexecutor/" className="CHG.IdentityProvider.Tests.Infrastructure.LoggingSetupTests+TheEnrichFromHttpContextMethod" name="Logs_The_Entire_IP_Address_If_It_Is_A_Local_Address_Behind_Proxy(&quot;10.49.13.0&quot;)" />
    </UnitTest>
    <UnitTest name="Returns_Machine_Actor_For_Bearer_Auth" storage="d:\agents\smith05.01\_work\257\s\tests\chg.identityprovider.tests\bin\release\net9.0\chg.identityprovider.tests.dll" id="976836bc-953a-5e11-e548-1c3ef5a13dd8">
      <Execution id="86f98ee5-6844-4868-b833-a62cb395a53a" />
      <TestMethod codeBase="D:\Agents\smith05.01\_work\257\s\tests\CHG.IdentityProvider.Tests\bin\Release\net9.0\CHG.IdentityProvider.Tests.dll" adapterTypeName="executor://nunit3testexecutor/" className="CHG.IdentityProvider.Tests.Services.Audit.AuditStoreTests+ResolveCurrentActorMethod" name="Returns_Machine_Actor_For_Bearer_Auth" />
    </UnitTest>
    <UnitTest name="Unsets_Deleted_Flag" storage="d:\agents\smith05.01\_work\257\s\tests\chg.identityprovider.tests\bin\release\net9.0\chg.identityprovider.tests.dll" id="c01f1d50-d13c-40d7-5e92-0c17ee7fd22d">
      <Execution id="d437b83f-12e5-4b40-af51-8401cf3b2300" />
      <TestMethod codeBase="D:\Agents\smith05.01\_work\257\s\tests\CHG.IdentityProvider.Tests\bin\Release\net9.0\CHG.IdentityProvider.Tests.dll" adapterTypeName="executor://nunit3testexecutor/" className="CHG.IdentityProvider.Tests.BusinessLogic.Services.IdentityServerUserManagerTests+RestoreAsync" name="Unsets_Deleted_Flag" />
    </UnitTest>
    <UnitTest name="Throws_ArgumentException_When_Logger_Is_Null" storage="d:\agents\smith05.01\_work\257\s\tests\chg.identityprovider.tests\bin\release\net9.0\chg.identityprovider.tests.dll" id="91aa5304-d569-1eb1-d37d-ff55ab6881ab">
      <Execution id="3962d538-5d5f-4b9c-87d2-6a4758cb32dd" />
      <TestMethod codeBase="D:\Agents\smith05.01\_work\257\s\tests\CHG.IdentityProvider.Tests\bin\Release\net9.0\CHG.IdentityProvider.Tests.dll" adapterTypeName="executor://nunit3testexecutor/" className="CHG.IdentityProvider.Tests.Services.EmailSenderTests+CtorMethod" name="Throws_ArgumentException_When_Logger_Is_Null" />
    </UnitTest>
    <UnitTest name="Sets_ReturnUrl_If_CompletionPath_Is_Set" storage="d:\agents\smith05.01\_work\257\s\tests\chg.identityprovider.tests\bin\release\net9.0\chg.identityprovider.tests.dll" id="625173fd-65da-1397-ec54-c65b83c98653">
      <Execution id="f2578b4f-4c3a-4190-9821-6780306e4a85" />
      <TestMethod codeBase="D:\Agents\smith05.01\_work\257\s\tests\CHG.IdentityProvider.Tests\bin\Release\net9.0\CHG.IdentityProvider.Tests.dll" adapterTypeName="executor://nunit3testexecutor/" className="CHG.IdentityProvider.Tests.Services.Saml.SamlAuthenticationEventsTests+TicketReceivedMethod" name="Sets_ReturnUrl_If_CompletionPath_Is_Set" />
    </UnitTest>
    <UnitTest name="Sends_Link_To_Sender_Of_Factory" storage="d:\agents\smith05.01\_work\257\s\tests\chg.identityprovider.tests\bin\release\net9.0\chg.identityprovider.tests.dll" id="53ec421f-0836-23d1-d6cd-2d0dce737fe0">
      <Execution id="76143fac-579a-48f8-aa9b-73d3e7eaa91d" />
      <TestMethod codeBase="D:\Agents\smith05.01\_work\257\s\tests\CHG.IdentityProvider.Tests\bin\Release\net9.0\CHG.IdentityProvider.Tests.dll" adapterTypeName="executor://nunit3testexecutor/" className="CHG.IdentityProvider.Tests.BusinessLogic.Services.UserNotificationSenderDispatcherTests+SendEmailConfirmationLinkAsyncMethod" name="Sends_Link_To_Sender_Of_Factory" />
    </UnitTest>
    <UnitTest name="Confirms_The_Users_Email_Address" storage="d:\agents\smith05.01\_work\257\s\tests\chg.identityprovider.tests\bin\release\net9.0\chg.identityprovider.tests.dll" id="63e6371a-4537-7b92-116c-73a2dbd7ba62">
      <Execution id="5389dd09-9aca-4add-9e18-0cfe6e20dfe5" />
      <TestMethod codeBase="D:\Agents\smith05.01\_work\257\s\tests\CHG.IdentityProvider.Tests\bin\Release\net9.0\CHG.IdentityProvider.Tests.dll" adapterTypeName="executor://nunit3testexecutor/" className="CHG.IdentityProvider.Tests.Controllers.InviteUserControllerTests+CompleteInvitePostAction" name="Confirms_The_Users_Email_Address" />
    </UnitTest>
    <UnitTest name="Returns_Success_If_Passwort_Is_Different_Than_Username(&quot;test@test.com&quot;,&quot;something else&quot;)" storage="d:\agents\smith05.01\_work\257\s\tests\chg.identityprovider.tests\bin\release\net9.0\chg.identityprovider.tests.dll" id="27b41aa2-5420-209b-2b2e-8d4e36dd2535">
      <Execution id="98b56751-7d3e-43e6-a754-a617956097be" />
      <TestMethod codeBase="D:\Agents\smith05.01\_work\257\s\tests\CHG.IdentityProvider.Tests\bin\Release\net9.0\CHG.IdentityProvider.Tests.dll" adapterTypeName="executor://nunit3testexecutor/" className="CHG.IdentityProvider.Tests.BusinessLogic.Validators.UsernameAsPasswordValidatorTests+ValidateMethod" name="Returns_Success_If_Passwort_Is_Different_Than_Username(&quot;test@test.com&quot;,&quot;something else&quot;)" />
    </UnitTest>
    <UnitTest name="Throws_ArgumentException_When_Sender_Is_Null" storage="d:\agents\smith05.01\_work\257\s\tests\chg.identityprovider.tests\bin\release\net9.0\chg.identityprovider.tests.dll" id="ca34d00e-093c-c772-397d-42df36d1be25">
      <Execution id="8966b33b-8c0e-4b68-8619-2914c2ba53e6" />
      <TestMethod codeBase="D:\Agents\smith05.01\_work\257\s\tests\CHG.IdentityProvider.Tests\bin\Release\net9.0\CHG.IdentityProvider.Tests.dll" adapterTypeName="executor://nunit3testexecutor/" className="CHG.IdentityProvider.Tests.Services.TemplatedEmailSenderTests+CtorMethod" name="Throws_ArgumentException_When_Sender_Is_Null" />
    </UnitTest>
    <UnitTest name="Maps_RequireClientSecret(True)" storage="d:\agents\smith05.01\_work\257\s\tests\chg.identityprovider.tests\bin\release\net9.0\chg.identityprovider.tests.dll" id="19adb177-4aa9-1764-b15f-ca321ec46d19">
      <Execution id="95946140-1c71-41eb-9cdb-686e8618eec7" />
      <TestMethod codeBase="D:\Agents\smith05.01\_work\257\s\tests\CHG.IdentityProvider.Tests\bin\Release\net9.0\CHG.IdentityProvider.Tests.dll" adapterTypeName="executor://nunit3testexecutor/" className="CHG.IdentityProvider.Tests.Mappings.ImportClientModelMapperTests+MapToClientEntityMethod" name="Maps_RequireClientSecret(True)" />
    </UnitTest>
    <UnitTest name="Calls_TemplateEngine_And_Sender" storage="d:\agents\smith05.01\_work\257\s\tests\chg.identityprovider.tests\bin\release\net9.0\chg.identityprovider.tests.dll" id="b2685e0d-75c8-2abb-a126-ec06ec995b55">
      <Execution id="f2fdb277-d25b-45b9-9247-fb948cac8b7c" />
      <TestMethod codeBase="D:\Agents\smith05.01\_work\257\s\tests\CHG.IdentityProvider.Tests\bin\Release\net9.0\CHG.IdentityProvider.Tests.dll" adapterTypeName="executor://nunit3testexecutor/" className="CHG.IdentityProvider.Tests.Services.TemplatedEmailSenderTests+SendResetPasswordMailAsyncMethod" name="Calls_TemplateEngine_And_Sender" />
    </UnitTest>
    <UnitTest name="Set_NormalizedFirstName_When_FirstName_Is_Set" storage="d:\agents\smith05.01\_work\257\s\tests\chg.identityprovider.tests\bin\release\net9.0\chg.identityprovider.tests.dll" id="70682852-21fb-a703-a9b1-84be7b253bc4">
      <Execution id="44398cb8-5657-4a86-b453-72daac771044" />
      <TestMethod codeBase="D:\Agents\smith05.01\_work\257\s\tests\CHG.IdentityProvider.Tests\bin\Release\net9.0\CHG.IdentityProvider.Tests.dll" adapterTypeName="executor://nunit3testexecutor/" className="CHG.IdentityProvider.Tests.BusinessLogic.Services.IdentityServerUserManagerTests+CreateAsync" name="Set_NormalizedFirstName_When_FirstName_Is_Set" />
    </UnitTest>
    <UnitTest name="DoesNot_Throw_Exception_When_User_Is_Null" storage="d:\agents\smith05.01\_work\257\s\tests\chg.identityprovider.tests\bin\release\net9.0\chg.identityprovider.tests.dll" id="25374d21-a996-03af-9299-0d9da4c8eb76">
      <Execution id="a125f7c9-4bfd-4137-89f3-cec35e2060c7" />
      <TestMethod codeBase="D:\Agents\smith05.01\_work\257\s\tests\CHG.IdentityProvider.Tests\bin\Release\net9.0\CHG.IdentityProvider.Tests.dll" adapterTypeName="executor://nunit3testexecutor/" className="CHG.IdentityProvider.Tests.BusinessLogic.Validators.EmailAsPasswordValidatorTests+ValidateMethod" name="DoesNot_Throw_Exception_When_User_Is_Null" />
    </UnitTest>
    <UnitTest name="Returns_Failure_If_Password_Contains_Less_Than_3_Unique_Chars(&quot;0101010101&quot;)" storage="d:\agents\smith05.01\_work\257\s\tests\chg.identityprovider.tests\bin\release\net9.0\chg.identityprovider.tests.dll" id="ba70d6b3-60e1-78fe-620d-a1a735cd9c1c">
      <Execution id="35c3861f-7499-4374-946e-8638f557ae53" />
      <TestMethod codeBase="D:\Agents\smith05.01\_work\257\s\tests\CHG.IdentityProvider.Tests\bin\Release\net9.0\CHG.IdentityProvider.Tests.dll" adapterTypeName="executor://nunit3testexecutor/" className="CHG.IdentityProvider.Tests.BusinessLogic.Validators.DefaultPasswordValidatorTests+ValidateMethod" name="Returns_Failure_If_Password_Contains_Less_Than_3_Unique_Chars(&quot;0101010101&quot;)" />
    </UnitTest>
    <UnitTest name="Appends_To_The_List_Of_Test_Result_Messages" storage="d:\agents\smith05.01\_work\257\s\tests\chg.identityprovider.tests\bin\release\net9.0\chg.identityprovider.tests.dll" id="60e41c05-463f-cde1-082c-790b13250f20">
      <Execution id="12d6cce4-0867-40d5-bdec-8af164d90f56" />
      <TestMethod codeBase="D:\Agents\smith05.01\_work\257\s\tests\CHG.IdentityProvider.Tests\bin\Release\net9.0\CHG.IdentityProvider.Tests.dll" adapterTypeName="executor://nunit3testexecutor/" className="CHG.IdentityProvider.Tests.Services.LoginProviderTestEventsTests+TicketReceivedMethod" name="Appends_To_The_List_Of_Test_Result_Messages" />
    </UnitTest>
    <UnitTest name="Does_Not_Return_Provider_With_No_Expiration_Date_In_Json_Config" storage="d:\agents\smith05.01\_work\257\s\tests\chg.identityprovider.tests\bin\release\net9.0\chg.identityprovider.tests.dll" id="ca34f4bb-6b57-72ec-8929-494c4f5c0e37">
      <Execution id="641c552d-ba56-41c8-88ca-040ac77250b7" />
      <TestMethod codeBase="D:\Agents\smith05.01\_work\257\s\tests\CHG.IdentityProvider.Tests\bin\Release\net9.0\CHG.IdentityProvider.Tests.dll" adapterTypeName="executor://nunit3testexecutor/" className="CHG.IdentityProvider.Tests.Services.LoginProviderExpirationCheckTests+GetLoginProvidersWithNearlyExpiredClientSecretsMethod" name="Does_Not_Return_Provider_With_No_Expiration_Date_In_Json_Config" />
    </UnitTest>
    <UnitTest name="Fails_If_The_User_Is_Not_Locked" storage="d:\agents\smith05.01\_work\257\s\tests\chg.identityprovider.tests\bin\release\net9.0\chg.identityprovider.tests.dll" id="37c5dff9-37b8-3950-667c-cbcdba1ef397">
      <Execution id="1a9949c0-b051-4152-b7c8-b73ba138f13b" />
      <TestMethod codeBase="D:\Agents\smith05.01\_work\257\s\tests\CHG.IdentityProvider.Tests\bin\Release\net9.0\CHG.IdentityProvider.Tests.dll" adapterTypeName="executor://nunit3testexecutor/" className="CHG.IdentityProvider.Tests.BusinessLogic.Services.IdentityServerUserManagerTests+UnlockUserAsyncMethod" name="Fails_If_The_User_Is_Not_Locked" />
    </UnitTest>
    <UnitTest name="Returns_True_For_File_Call(&quot;https://localhost/favicon.ico&quot;)" storage="d:\agents\smith05.01\_work\257\s\tests\chg.identityprovider.tests\bin\release\net9.0\chg.identityprovider.tests.dll" id="46e22573-94b0-67ab-985e-402e85a0e4bc">
      <Execution id="cc347988-3ce3-4a91-9a2a-8326c6cb12f8" />
      <TestMethod codeBase="D:\Agents\smith05.01\_work\257\s\tests\CHG.IdentityProvider.Tests\bin\Release\net9.0\CHG.IdentityProvider.Tests.dll" adapterTypeName="executor://nunit3testexecutor/" className="CHG.IdentityProvider.Tests.HttpContextExtensionsTests+IsFileRessourceCallMethod" name="Returns_True_For_File_Call(&quot;https://localhost/favicon.ico&quot;)" />
    </UnitTest>
    <UnitTest name="Return_NotFound_For_Invalid_Id" storage="d:\agents\smith05.01\_work\257\s\tests\chg.identityprovider.tests\bin\release\net9.0\chg.identityprovider.tests.dll" id="1a3171ff-1e68-9bb1-ca97-d63094492fd2">
      <Execution id="459efc2d-2fc5-4868-863e-2c6aff8a658b" />
      <TestMethod codeBase="D:\Agents\smith05.01\_work\257\s\tests\CHG.IdentityProvider.Tests\bin\Release\net9.0\CHG.IdentityProvider.Tests.dll" adapterTypeName="executor://nunit3testexecutor/" className="CHG.IdentityProvider.Tests.Controllers.LoginProvidersControllerTest+ExportMethod" name="Return_NotFound_For_Invalid_Id" />
    </UnitTest>
    <UnitTest name="Returns_Result_From_Inner_Service" storage="d:\agents\smith05.01\_work\257\s\tests\chg.identityprovider.tests\bin\release\net9.0\chg.identityprovider.tests.dll" id="de6bd7eb-6f9e-8be3-f5b8-5c751e5081ed">
      <Execution id="065880f9-88c4-4038-9831-d473fff20571" />
      <TestMethod codeBase="D:\Agents\smith05.01\_work\257\s\tests\CHG.IdentityProvider.Tests\bin\Release\net9.0\CHG.IdentityProvider.Tests.dll" adapterTypeName="executor://nunit3testexecutor/" className="CHG.IdentityProvider.Tests.Services.Saml.ExtendedSamlClaimsServiceTests+MapToSamlClaimsMethod" name="Returns_Result_From_Inner_Service" />
    </UnitTest>
    <UnitTest name="Returns_OktaModel" storage="d:\agents\smith05.01\_work\257\s\tests\chg.identityprovider.tests\bin\release\net9.0\chg.identityprovider.tests.dll" id="73f1deb3-e06f-3b4e-d637-24ff878586bd">
      <Execution id="bc13e1e2-8256-46c9-9935-c93aa1f35c87" />
      <TestMethod codeBase="D:\Agents\smith05.01\_work\257\s\tests\CHG.IdentityProvider.Tests\bin\Release\net9.0\CHG.IdentityProvider.Tests.dll" adapterTypeName="executor://nunit3testexecutor/" className="CHG.IdentityProvider.Tests.LoginProviders.LoginProviderMapperTests+MapToLoginProviderModelMethod" name="Returns_OktaModel" />
    </UnitTest>
    <UnitTest name="Returns_Not_Found_If_No_ClientId_Given" storage="d:\agents\smith05.01\_work\257\s\tests\chg.identityprovider.tests\bin\release\net9.0\chg.identityprovider.tests.dll" id="6c76a547-a417-df5d-abc4-86b14d1a3cb1">
      <Execution id="b42e262b-b342-4c7c-844b-bdc0cd609ba4" />
      <TestMethod codeBase="D:\Agents\smith05.01\_work\257\s\tests\CHG.IdentityProvider.Tests\bin\Release\net9.0\CHG.IdentityProvider.Tests.dll" adapterTypeName="executor://nunit3testexecutor/" className="CHG.IdentityProvider.Tests.Controllers.MaintenanceControllerTests+ClientDetailMethod" name="Returns_Not_Found_If_No_ClientId_Given" />
    </UnitTest>
    <UnitTest name="Adds_Culture_Parameter_To_Url_WithExistingParameters" storage="d:\agents\smith05.01\_work\257\s\tests\chg.identityprovider.tests\bin\release\net9.0\chg.identityprovider.tests.dll" id="fee9a364-5664-ad24-0567-d7e0045c9ee2">
      <Execution id="3b34b697-6bcc-457b-93f0-15bba1be7523" />
      <TestMethod codeBase="D:\Agents\smith05.01\_work\257\s\tests\CHG.IdentityProvider.Tests\bin\Release\net9.0\CHG.IdentityProvider.Tests.dll" adapterTypeName="executor://nunit3testexecutor/" className="CHG.IdentityProvider.Tests.BusinessLogic.Extensions.UrlExtensionTests+AddCultureQueryParameterToUrlMethod" name="Adds_Culture_Parameter_To_Url_WithExistingParameters" />
    </UnitTest>
    <UnitTest name="Does_Not_Change_LogLevel_Of_Any_Other" storage="d:\agents\smith05.01\_work\257\s\tests\chg.identityprovider.tests\bin\release\net9.0\chg.identityprovider.tests.dll" id="4ea8473f-4e72-4040-8365-d9483a022441">
      <Execution id="2619be09-1fd6-429a-92df-15154bf8d0f2" />
      <TestMethod codeBase="D:\Agents\smith05.01\_work\257\s\tests\CHG.IdentityProvider.Tests\bin\Release\net9.0\CHG.IdentityProvider.Tests.dll" adapterTypeName="executor://nunit3testexecutor/" className="CHG.IdentityProvider.Tests.Configuration.HealthCheckLogLevelEnricherTests+EnrichMethod" name="Does_Not_Change_LogLevel_Of_Any_Other" />
    </UnitTest>
    <UnitTest name="Updates_Name" storage="d:\agents\smith05.01\_work\257\s\tests\chg.identityprovider.tests\bin\release\net9.0\chg.identityprovider.tests.dll" id="a003d7b9-d89f-4220-8cbc-3f75093a50f6">
      <Execution id="563f2f8c-9d08-4a8a-83a6-7eb94fc98ba4" />
      <TestMethod codeBase="D:\Agents\smith05.01\_work\257\s\tests\CHG.IdentityProvider.Tests\bin\Release\net9.0\CHG.IdentityProvider.Tests.dll" adapterTypeName="executor://nunit3testexecutor/" className="CHG.IdentityProvider.Tests.Controllers.Api.UserApiControllerTests+UpdateMethod" name="Updates_Name" />
    </UnitTest>
    <UnitTest name="Returns_True_For_Valid_Email(&quot;peter@hase.de&quot;)" storage="d:\agents\smith05.01\_work\257\s\tests\chg.identityprovider.tests\bin\release\net9.0\chg.identityprovider.tests.dll" id="847b1b6e-9a1d-3555-95f6-9d4a99c11788">
      <Execution id="2cf790dc-a6f9-46ca-a427-476cce5dce50" />
      <TestMethod codeBase="D:\Agents\smith05.01\_work\257\s\tests\CHG.IdentityProvider.Tests\bin\Release\net9.0\CHG.IdentityProvider.Tests.dll" adapterTypeName="executor://nunit3testexecutor/" className="CHG.IdentityProvider.Tests.Extensions.EmailUtilsTests+IsValidEmailMethod" name="Returns_True_For_Valid_Email(&quot;peter@hase.de&quot;)" />
    </UnitTest>
    <UnitTest name="Calls_Service_To_Retrieve_Entity" storage="d:\agents\smith05.01\_work\257\s\tests\chg.identityprovider.tests\bin\release\net9.0\chg.identityprovider.tests.dll" id="7c95c2fd-ae2b-5459-e91e-0f7f6217328a">
      <Execution id="d25c5fa4-43b1-458f-bf28-06e28a717c55" />
      <TestMethod codeBase="D:\Agents\smith05.01\_work\257\s\tests\CHG.IdentityProvider.Tests\bin\Release\net9.0\CHG.IdentityProvider.Tests.dll" adapterTypeName="executor://nunit3testexecutor/" className="CHG.IdentityProvider.Tests.Controllers.LoginProvidersControllerTest+DeleteMethod" name="Calls_Service_To_Retrieve_Entity" />
    </UnitTest>
    <UnitTest name="Does_Not_Log_Non_Private_IPv6_Addresses(&quot;2607:f0d0:1002:0051:0000:0000:0000:0004&quot;)" storage="d:\agents\smith05.01\_work\257\s\tests\chg.identityprovider.tests\bin\release\net9.0\chg.identityprovider.tests.dll" id="1cacaed8-0ecb-9b11-c277-1847a83365c3">
      <Execution id="19fbe79f-fef7-48f2-95b3-8bd72526d086" />
      <TestMethod codeBase="D:\Agents\smith05.01\_work\257\s\tests\CHG.IdentityProvider.Tests\bin\Release\net9.0\CHG.IdentityProvider.Tests.dll" adapterTypeName="executor://nunit3testexecutor/" className="CHG.IdentityProvider.Tests.Infrastructure.LoggingSetupTests+TheEnrichFromHttpContextMethod" name="Does_Not_Log_Non_Private_IPv6_Addresses(&quot;2607:f0d0:1002:0051:0000:0000:0000:0004&quot;)" />
    </UnitTest>
    <UnitTest name="Can_Read_OidcProvider" storage="d:\agents\smith05.01\_work\257\s\tests\chg.identityprovider.tests\bin\release\net9.0\chg.identityprovider.tests.dll" id="e92779f6-74cb-f951-f9dc-b2773eeecea5">
      <Execution id="9d4e4f2b-3f59-4c74-9d29-719f5b38f048" />
      <TestMethod codeBase="D:\Agents\smith05.01\_work\257\s\tests\CHG.IdentityProvider.Tests\bin\Release\net9.0\CHG.IdentityProvider.Tests.dll" adapterTypeName="executor://nunit3testexecutor/" className="CHG.IdentityProvider.Tests.Serialization.IdentityProviderConverterTests" name="Can_Read_OidcProvider" />
    </UnitTest>
    <UnitTest name="Transfers_Only_First_Chars" storage="d:\agents\smith05.01\_work\257\s\tests\chg.identityprovider.tests\bin\release\net9.0\chg.identityprovider.tests.dll" id="71653502-3181-f828-c492-aa6439b95e7a">
      <Execution id="d84ba1b5-a169-4791-994f-c17898f91165" />
      <TestMethod codeBase="D:\Agents\smith05.01\_work\257\s\tests\CHG.IdentityProvider.Tests\bin\Release\net9.0\CHG.IdentityProvider.Tests.dll" adapterTypeName="executor://nunit3testexecutor/" className="CHG.IdentityProvider.Tests.Infrastructure.PasswordBlacklistOnlineServiceProviderTests+IsPasswordListedAsyncMethod" name="Transfers_Only_First_Chars" />
    </UnitTest>
    <UnitTest name="Adds_External_Claims_To_WsFederation_With_Prefix" storage="d:\agents\smith05.01\_work\257\s\tests\chg.identityprovider.tests\bin\release\net9.0\chg.identityprovider.tests.dll" id="4247d82c-ccd4-4fff-1e29-29c247ee1ac3">
      <Execution id="147f917e-ba3b-48ad-8a9c-d98908a888b3" />
      <TestMethod codeBase="D:\Agents\smith05.01\_work\257\s\tests\CHG.IdentityProvider.Tests\bin\Release\net9.0\CHG.IdentityProvider.Tests.dll" adapterTypeName="executor://nunit3testexecutor/" className="CHG.IdentityProvider.Tests.Services.ExtendedProfileServiceTests+GetProfileDataAsyncMethod" name="Adds_External_Claims_To_WsFederation_With_Prefix" />
    </UnitTest>
    <UnitTest name="Use_Fallback_When_SenderType_Is_Unknown" storage="d:\agents\smith05.01\_work\257\s\tests\chg.identityprovider.tests\bin\release\net9.0\chg.identityprovider.tests.dll" id="d50db724-ba75-8174-bd95-08d738b8a43e">
      <Execution id="c8bdcbdb-7700-46a3-bbb7-fd41def88a1a" />
      <TestMethod codeBase="D:\Agents\smith05.01\_work\257\s\tests\CHG.IdentityProvider.Tests\bin\Release\net9.0\CHG.IdentityProvider.Tests.dll" adapterTypeName="executor://nunit3testexecutor/" className="CHG.IdentityProvider.Tests.BusinessLogic.Services.UserNotificationSenderDispatcherTests+SendEmailConfirmationLinkAsyncMethod" name="Use_Fallback_When_SenderType_Is_Unknown" />
    </UnitTest>
    <UnitTest name="Can_Write_Saml_Data_With_Other_Certificate" storage="d:\agents\smith05.01\_work\257\s\tests\chg.identityprovider.tests\bin\release\net9.0\chg.identityprovider.tests.dll" id="5e09959d-5f75-5946-d880-bbb09face4e6">
      <Execution id="8ecc7aa1-a410-403c-ab58-8cd52a3e57b1" />
      <TestMethod codeBase="D:\Agents\smith05.01\_work\257\s\tests\CHG.IdentityProvider.Tests\bin\Release\net9.0\CHG.IdentityProvider.Tests.dll" adapterTypeName="executor://nunit3testexecutor/" className="CHG.IdentityProvider.Tests.Controllers.LoginProvidersControllerTest+DetailPostMethod" name="Can_Write_Saml_Data_With_Other_Certificate" />
    </UnitTest>
    <UnitTest name="Can_Read_AzureProvider" storage="d:\agents\smith05.01\_work\257\s\tests\chg.identityprovider.tests\bin\release\net9.0\chg.identityprovider.tests.dll" id="8aa2f558-e1fb-8141-4aa3-be9c2244352c">
      <Execution id="108b9b62-57a6-4fdb-977e-72bfdd53f874" />
      <TestMethod codeBase="D:\Agents\smith05.01\_work\257\s\tests\CHG.IdentityProvider.Tests\bin\Release\net9.0\CHG.IdentityProvider.Tests.dll" adapterTypeName="executor://nunit3testexecutor/" className="CHG.IdentityProvider.Tests.Serialization.IdentityProviderConverterTests" name="Can_Read_AzureProvider" />
    </UnitTest>
    <UnitTest name="Calls_Inner_Service" storage="d:\agents\smith05.01\_work\257\s\tests\chg.identityprovider.tests\bin\release\net9.0\chg.identityprovider.tests.dll" id="ed71cb46-7308-4aac-1501-40404db0b0e0">
      <Execution id="4587e564-230c-47b5-996f-2fb9aa2dcc44" />
      <TestMethod codeBase="D:\Agents\smith05.01\_work\257\s\tests\CHG.IdentityProvider.Tests\bin\Release\net9.0\CHG.IdentityProvider.Tests.dll" adapterTypeName="executor://nunit3testexecutor/" className="CHG.IdentityProvider.Tests.Services.ExtendedProfileServiceTests+IsActiveAsyncMethod" name="Calls_Inner_Service" />
    </UnitTest>
    <UnitTest name="Calls_Service_To_Retrieve_Entity" storage="d:\agents\smith05.01\_work\257\s\tests\chg.identityprovider.tests\bin\release\net9.0\chg.identityprovider.tests.dll" id="f3abeff3-077e-8359-b4db-73f9c10cba49">
      <Execution id="83461765-c719-4bd2-826e-6d30185833bb" />
      <TestMethod codeBase="D:\Agents\smith05.01\_work\257\s\tests\CHG.IdentityProvider.Tests\bin\Release\net9.0\CHG.IdentityProvider.Tests.dll" adapterTypeName="executor://nunit3testexecutor/" className="CHG.IdentityProvider.Tests.Controllers.LoginProvidersControllerTest+ExportMethod" name="Calls_Service_To_Retrieve_Entity" />
    </UnitTest>
    <UnitTest name="All_Api_Controllers_Should_Dervive_From_ControllerBase" storage="d:\agents\smith05.01\_work\257\s\tests\chg.identityprovider.tests\bin\release\net9.0\chg.identityprovider.tests.dll" id="afeec36b-a258-1419-06b6-aaf7382c663b">
      <Execution id="a4137cca-ec58-40ba-87dc-ab436ddab402" />
      <TestMethod codeBase="D:\Agents\smith05.01\_work\257\s\tests\CHG.IdentityProvider.Tests\bin\Release\net9.0\CHG.IdentityProvider.Tests.dll" adapterTypeName="executor://nunit3testexecutor/" className="CHG.IdentityProvider.Tests.Controllers.ControllersTests" name="All_Api_Controllers_Should_Dervive_From_ControllerBase" />
    </UnitTest>
    <UnitTest name="Throws_Exception_When_Client_Could_Not_Be_Determined" storage="d:\agents\smith05.01\_work\257\s\tests\chg.identityprovider.tests\bin\release\net9.0\chg.identityprovider.tests.dll" id="d2b15857-f328-91dd-39bf-005811f071df">
      <Execution id="7afdc98e-7b3c-4347-aada-5f773f75c168" />
      <TestMethod codeBase="D:\Agents\smith05.01\_work\257\s\tests\CHG.IdentityProvider.Tests\bin\Release\net9.0\CHG.IdentityProvider.Tests.dll" adapterTypeName="executor://nunit3testexecutor/" className="CHG.IdentityProvider.Tests.BusinessLogic.Services.UserNotificationCommandSenderTests+SendEmailConfirmationLinkAsyncMethod" name="Throws_Exception_When_Client_Could_Not_Be_Determined" />
    </UnitTest>
    <UnitTest name="Redirects_To_Detail_When_Save_Is_Done" storage="d:\agents\smith05.01\_work\257\s\tests\chg.identityprovider.tests\bin\release\net9.0\chg.identityprovider.tests.dll" id="035fffe7-2436-d8c0-b498-9902ff916d65">
      <Execution id="b0e08048-e3c7-4e3c-8936-8546d26c462e" />
      <TestMethod codeBase="D:\Agents\smith05.01\_work\257\s\tests\CHG.IdentityProvider.Tests\bin\Release\net9.0\CHG.IdentityProvider.Tests.dll" adapterTypeName="executor://nunit3testexecutor/" className="CHG.IdentityProvider.Tests.Controllers.LoginProvidersControllerTest+CreatePostMethod" name="Redirects_To_Detail_When_Save_Is_Done" />
    </UnitTest>
    <UnitTest name="Returns_Null_When_Email_Domain_Was_Not_Found" storage="d:\agents\smith05.01\_work\257\s\tests\chg.identityprovider.tests\bin\release\net9.0\chg.identityprovider.tests.dll" id="4b9a49aa-2e82-cf51-2e08-4772e43e6166">
      <Execution id="d9258378-9c6a-4142-ab7d-6269e5c3954f" />
      <TestMethod codeBase="D:\Agents\smith05.01\_work\257\s\tests\CHG.IdentityProvider.Tests\bin\Release\net9.0\CHG.IdentityProvider.Tests.dll" adapterTypeName="executor://nunit3testexecutor/" className="CHG.IdentityProvider.Tests.Services.IdentityProviderServiceTests+FindProviderByUserNameMethod" name="Returns_Null_When_Email_Domain_Was_Not_Found" />
    </UnitTest>
    <UnitTest name="Throws_ArgumentException_When_TemplateEngine_Is_Null" storage="d:\agents\smith05.01\_work\257\s\tests\chg.identityprovider.tests\bin\release\net9.0\chg.identityprovider.tests.dll" id="97def961-3de1-37d8-48a2-bb172efd0f75">
      <Execution id="11e0a04d-be31-4170-a3a7-96462567b40b" />
      <TestMethod codeBase="D:\Agents\smith05.01\_work\257\s\tests\CHG.IdentityProvider.Tests\bin\Release\net9.0\CHG.IdentityProvider.Tests.dll" adapterTypeName="executor://nunit3testexecutor/" className="CHG.IdentityProvider.Tests.Services.TemplatedEmailSenderTests+CtorMethod" name="Throws_ArgumentException_When_TemplateEngine_Is_Null" />
    </UnitTest>
    <UnitTest name="Sends_Link_To_Customized_Sender_Of_Factory" storage="d:\agents\smith05.01\_work\257\s\tests\chg.identityprovider.tests\bin\release\net9.0\chg.identityprovider.tests.dll" id="8b5ad1a1-cad7-37a8-361c-3d0cc6ef4fd9">
      <Execution id="d6c6d77e-a9c7-409e-ae18-61f72d995f1e" />
      <TestMethod codeBase="D:\Agents\smith05.01\_work\257\s\tests\CHG.IdentityProvider.Tests\bin\Release\net9.0\CHG.IdentityProvider.Tests.dll" adapterTypeName="executor://nunit3testexecutor/" className="CHG.IdentityProvider.Tests.BusinessLogic.Services.UserNotificationSenderDispatcherTests+SendEmailConfirmationLinkAsyncMethod" name="Sends_Link_To_Customized_Sender_Of_Factory" />
    </UnitTest>
    <UnitTest name="Saves_Deserialized_IdentityProvider" storage="d:\agents\smith05.01\_work\257\s\tests\chg.identityprovider.tests\bin\release\net9.0\chg.identityprovider.tests.dll" id="04d88836-93cc-827e-398e-0adb05adc0ef">
      <Execution id="668bc6a5-7cfb-41eb-981b-87d4383e86ba" />
      <TestMethod codeBase="D:\Agents\smith05.01\_work\257\s\tests\CHG.IdentityProvider.Tests\bin\Release\net9.0\CHG.IdentityProvider.Tests.dll" adapterTypeName="executor://nunit3testexecutor/" className="CHG.IdentityProvider.Tests.Controllers.LoginProvidersControllerTest+ImportMethod" name="Saves_Deserialized_IdentityProvider" />
    </UnitTest>
    <UnitTest name="Finds_User_By_Username" storage="d:\agents\smith05.01\_work\257\s\tests\chg.identityprovider.tests\bin\release\net9.0\chg.identityprovider.tests.dll" id="a2624077-a211-58e0-16a7-3180bf6beb70">
      <Execution id="f4e451f0-5ab0-42ab-966a-0128a9f8af37" />
      <TestMethod codeBase="D:\Agents\smith05.01\_work\257\s\tests\CHG.IdentityProvider.Tests\bin\Release\net9.0\CHG.IdentityProvider.Tests.dll" adapterTypeName="executor://nunit3testexecutor/" className="CHG.IdentityProvider.Tests.Controllers.Api.UserApiControllerTests+UpdateMethod" name="Finds_User_By_Username" />
    </UnitTest>
    <UnitTest name="Can_Read_OktaProvider" storage="d:\agents\smith05.01\_work\257\s\tests\chg.identityprovider.tests\bin\release\net9.0\chg.identityprovider.tests.dll" id="9bb6650e-634b-993f-4507-8e607afd53fc">
      <Execution id="eff2d465-ddc9-45f5-89bb-ee2227f88849" />
      <TestMethod codeBase="D:\Agents\smith05.01\_work\257\s\tests\CHG.IdentityProvider.Tests\bin\Release\net9.0\CHG.IdentityProvider.Tests.dll" adapterTypeName="executor://nunit3testexecutor/" className="CHG.IdentityProvider.Tests.Serialization.IdentityProviderConverterTests" name="Can_Read_OktaProvider" />
    </UnitTest>
    <UnitTest name="Not_Valid_For_Invalid_OidcProvider_Missing_ClientId" storage="d:\agents\smith05.01\_work\257\s\tests\chg.identityprovider.tests\bin\release\net9.0\chg.identityprovider.tests.dll" id="62c5c29d-d695-b416-7b8a-002317fe9886">
      <Execution id="a964a755-decd-42df-9431-9d1ee586890f" />
      <TestMethod codeBase="D:\Agents\smith05.01\_work\257\s\tests\CHG.IdentityProvider.Tests\bin\Release\net9.0\CHG.IdentityProvider.Tests.dll" adapterTypeName="executor://nunit3testexecutor/" className="CHG.IdentityProvider.Tests.LoginProviders.CustomIdentityProviderConfigurationValidatorTests+ValidateAsyncMethod" name="Not_Valid_For_Invalid_OidcProvider_Missing_ClientId" />
    </UnitTest>
    <UnitTest name="Adds_Class_If_Href_Is_Current_Action_And_Other_Class_Was_Already_Set" storage="d:\agents\smith05.01\_work\257\s\tests\chg.identityprovider.tests\bin\release\net9.0\chg.identityprovider.tests.dll" id="1ed1abc9-4b58-61b7-1623-8ca651df1bd6">
      <Execution id="81f10758-630c-4abc-bf94-ec82b0285e14" />
      <TestMethod codeBase="D:\Agents\smith05.01\_work\257\s\tests\CHG.IdentityProvider.Tests\bin\Release\net9.0\CHG.IdentityProvider.Tests.dll" adapterTypeName="executor://nunit3testexecutor/" className="CHG.IdentityProvider.Tests.TagHelpers.AddActiveIfCurrentActionTests+ProcessMethod" name="Adds_Class_If_Href_Is_Current_Action_And_Other_Class_Was_Already_Set" />
    </UnitTest>
    <UnitTest name="Saves_Deserialized_IdentityProvider_Old_Scheme" storage="d:\agents\smith05.01\_work\257\s\tests\chg.identityprovider.tests\bin\release\net9.0\chg.identityprovider.tests.dll" id="c6dde80c-82fa-692c-fa96-921343b9d97e">
      <Execution id="9b492c0c-3686-4acb-907e-486fd2ee7939" />
      <TestMethod codeBase="D:\Agents\smith05.01\_work\257\s\tests\CHG.IdentityProvider.Tests\bin\Release\net9.0\CHG.IdentityProvider.Tests.dll" adapterTypeName="executor://nunit3testexecutor/" className="CHG.IdentityProvider.Tests.Controllers.LoginProvidersControllerTest+ImportMethod" name="Saves_Deserialized_IdentityProvider_Old_Scheme" />
    </UnitTest>
    <UnitTest name="Returns_InternetExplorer(&quot;Mozilla/5.0 (compatible; MSIE 10.0; Windows NT 6.2; Trident/6.0)&quot;)" storage="d:\agents\smith05.01\_work\257\s\tests\chg.identityprovider.tests\bin\release\net9.0\chg.identityprovider.tests.dll" id="090bd348-ea7b-2eb7-b70e-5e31d4107dc0">
      <Execution id="71d6142e-016a-48b2-bc89-e8f354a2ad63" />
      <TestMethod codeBase="D:\Agents\smith05.01\_work\257\s\tests\CHG.IdentityProvider.Tests\bin\Release\net9.0\CHG.IdentityProvider.Tests.dll" adapterTypeName="executor://nunit3testexecutor/" className="CHG.IdentityProvider.Tests.Services.BrowserDetectorTests+GetBrowserTypeMethod" name="Returns_InternetExplorer(&quot;Mozilla/5.0 (compatible; MSIE 10.0; Windows NT 6.2; Trident/6.0)&quot;)" />
    </UnitTest>
    <UnitTest name="Returns_Response_With_Attribute_Ignoring_Case" storage="d:\agents\smith05.01\_work\257\s\tests\chg.identityprovider.tests\bin\release\net9.0\chg.identityprovider.tests.dll" id="37e9213c-e01b-ed17-e0d4-2d93fe2c876b">
      <Execution id="b37ab314-4567-4f58-882c-c8b20b6c9ff4" />
      <TestMethod codeBase="D:\Agents\smith05.01\_work\257\s\tests\CHG.IdentityProvider.Tests\bin\Release\net9.0\CHG.IdentityProvider.Tests.dll" adapterTypeName="executor://nunit3testexecutor/" className="CHG.IdentityProvider.Tests.BusinessLogic.Services.AzureADUserInformationRetrieverTests+GetUserAttributesAsyncMethod" name="Returns_Response_With_Attribute_Ignoring_Case" />
    </UnitTest>
    <UnitTest name="Returns_True_For_Api_Call" storage="d:\agents\smith05.01\_work\257\s\tests\chg.identityprovider.tests\bin\release\net9.0\chg.identityprovider.tests.dll" id="e31ea099-e7db-5826-f038-b16885bdc4e8">
      <Execution id="2f3ddb16-81f1-480c-8db7-130e0c13191e" />
      <TestMethod codeBase="D:\Agents\smith05.01\_work\257\s\tests\CHG.IdentityProvider.Tests\bin\Release\net9.0\CHG.IdentityProvider.Tests.dll" adapterTypeName="executor://nunit3testexecutor/" className="CHG.IdentityProvider.Tests.HttpContextExtensionsTests+IsOidcApiCallMethod" name="Returns_True_For_Api_Call" />
    </UnitTest>
    <UnitTest name="Throws_Exception_When_Server_Returns_BadRequest" storage="d:\agents\smith05.01\_work\257\s\tests\chg.identityprovider.tests\bin\release\net9.0\chg.identityprovider.tests.dll" id="e3480267-173d-4a79-3dda-0e08e06cdff5">
      <Execution id="c13d7808-13d9-4681-8268-53d871dc87fb" />
      <TestMethod codeBase="D:\Agents\smith05.01\_work\257\s\tests\CHG.IdentityProvider.Tests\bin\Release\net9.0\CHG.IdentityProvider.Tests.dll" adapterTypeName="executor://nunit3testexecutor/" className="CHG.IdentityProvider.Tests.BusinessLogic.Services.AzureADUserInformationRetrieverTests+GetUserAttributesAsyncMethod" name="Throws_Exception_When_Server_Returns_BadRequest" />
    </UnitTest>
    <UnitTest name="Returns_BadRequest_If_The_User_Already_Has_A_Login_Assigned" storage="d:\agents\smith05.01\_work\257\s\tests\chg.identityprovider.tests\bin\release\net9.0\chg.identityprovider.tests.dll" id="dc1ed4e3-4174-aae3-7ca7-e2a44a8646e1">
      <Execution id="4e041669-a82a-4696-96ee-4b1c955d2aaf" />
      <TestMethod codeBase="D:\Agents\smith05.01\_work\257\s\tests\CHG.IdentityProvider.Tests\bin\Release\net9.0\CHG.IdentityProvider.Tests.dll" adapterTypeName="executor://nunit3testexecutor/" className="CHG.IdentityProvider.Tests.Controllers.Api.UserInvitationApiControllerTests+InviteV3Action" name="Returns_BadRequest_If_The_User_Already_Has_A_Login_Assigned" />
    </UnitTest>
    <UnitTest name="Does_Not_Set_ReturnUri_If_Was_Challenged" storage="d:\agents\smith05.01\_work\257\s\tests\chg.identityprovider.tests\bin\release\net9.0\chg.identityprovider.tests.dll" id="e52d7b41-e7ff-77d7-664c-0130381d5cdc">
      <Execution id="746ddf81-8442-44f1-bfcf-8bc47db0e49b" />
      <TestMethod codeBase="D:\Agents\smith05.01\_work\257\s\tests\CHG.IdentityProvider.Tests\bin\Release\net9.0\CHG.IdentityProvider.Tests.dll" adapterTypeName="executor://nunit3testexecutor/" className="CHG.IdentityProvider.Tests.Services.Saml.SamlAuthenticationEventsTests+TicketReceivedMethod" name="Does_Not_Set_ReturnUri_If_Was_Challenged" />
    </UnitTest>
    <UnitTest name="Does_Nothing_If_ControllerAttribute_Is_Not_Current_Controller" storage="d:\agents\smith05.01\_work\257\s\tests\chg.identityprovider.tests\bin\release\net9.0\chg.identityprovider.tests.dll" id="00f6b709-1d6b-1daa-4b70-c2c73d68cf43">
      <Execution id="b96c62e6-8f60-4019-972c-b90203743db9" />
      <TestMethod codeBase="D:\Agents\smith05.01\_work\257\s\tests\CHG.IdentityProvider.Tests\bin\Release\net9.0\CHG.IdentityProvider.Tests.dll" adapterTypeName="executor://nunit3testexecutor/" className="CHG.IdentityProvider.Tests.TagHelpers.AddActiveIfCurrentControllerTests+ProcessMethod" name="Does_Nothing_If_ControllerAttribute_Is_Not_Current_Controller" />
    </UnitTest>
    <UnitTest name="Returns_StatusMessage_On_Model_With_Error_When_Saving_Fails" storage="d:\agents\smith05.01\_work\257\s\tests\chg.identityprovider.tests\bin\release\net9.0\chg.identityprovider.tests.dll" id="3ea82689-c4a3-5cf9-13f4-7d0e0aa9eda1">
      <Execution id="42642566-8b73-44b9-873a-b3fc11b192cf" />
      <TestMethod codeBase="D:\Agents\smith05.01\_work\257\s\tests\CHG.IdentityProvider.Tests\bin\Release\net9.0\CHG.IdentityProvider.Tests.dll" adapterTypeName="executor://nunit3testexecutor/" className="CHG.IdentityProvider.Tests.Controllers.LoginProvidersControllerTest+DetailPostMethod" name="Returns_StatusMessage_On_Model_With_Error_When_Saving_Fails" />
    </UnitTest>
    <UnitTest name="Returns_BadRequest_If_Username_Exists" storage="d:\agents\smith05.01\_work\257\s\tests\chg.identityprovider.tests\bin\release\net9.0\chg.identityprovider.tests.dll" id="02cc108b-60ab-fa20-4ff5-31a7a711dc5b">
      <Execution id="29963962-540c-42eb-9f4b-b2fe5ccb6404" />
      <TestMethod codeBase="D:\Agents\smith05.01\_work\257\s\tests\CHG.IdentityProvider.Tests\bin\Release\net9.0\CHG.IdentityProvider.Tests.dll" adapterTypeName="executor://nunit3testexecutor/" className="CHG.IdentityProvider.Tests.Controllers.Api.UserApiControllerTests+CreateMethod" name="Returns_BadRequest_If_Username_Exists" />
    </UnitTest>
    <UnitTest name="Returns_Result_From_Inner_Service" storage="d:\agents\smith05.01\_work\257\s\tests\chg.identityprovider.tests\bin\release\net9.0\chg.identityprovider.tests.dll" id="8f3a044b-59b0-3cc8-9c5d-c7e20e9f6045">
      <Execution id="41a4546a-bc59-4616-9739-caa86629cc00" />
      <TestMethod codeBase="D:\Agents\smith05.01\_work\257\s\tests\CHG.IdentityProvider.Tests\bin\Release\net9.0\CHG.IdentityProvider.Tests.dll" adapterTypeName="executor://nunit3testexecutor/" className="CHG.IdentityProvider.Tests.Services.Saml.ExtendedSamlClaimsServiceTests+GetUserClaimsMethod" name="Returns_Result_From_Inner_Service" />
    </UnitTest>
    <UnitTest name="Returns_Information_For_Saml_With_Legacy_Urls" storage="d:\agents\smith05.01\_work\257\s\tests\chg.identityprovider.tests\bin\release\net9.0\chg.identityprovider.tests.dll" id="c8f889c2-9dcc-5ee4-69a9-b92ed5635443">
      <Execution id="7d449c29-b93a-4cbd-862b-b99337739b59" />
      <TestMethod codeBase="D:\Agents\smith05.01\_work\257\s\tests\CHG.IdentityProvider.Tests\bin\Release\net9.0\CHG.IdentityProvider.Tests.dll" adapterTypeName="executor://nunit3testexecutor/" className="CHG.IdentityProvider.Tests.Services.IdentityProviderServiceTests+GetConnectionInformationMethod" name="Returns_Information_For_Saml_With_Legacy_Urls" />
    </UnitTest>
    <UnitTest name="Calls_CookieManager" storage="d:\agents\smith05.01\_work\257\s\tests\chg.identityprovider.tests\bin\release\net9.0\chg.identityprovider.tests.dll" id="b3def435-ba3a-8251-73bc-89d7d56bc196">
      <Execution id="4a9d8f7e-6526-4fba-a45e-e00e60136d48" />
      <TestMethod codeBase="D:\Agents\smith05.01\_work\257\s\tests\CHG.IdentityProvider.Tests\bin\Release\net9.0\CHG.IdentityProvider.Tests.dll" adapterTypeName="executor://nunit3testexecutor/" className="CHG.IdentityProvider.Tests.Services.Saml.ChunkedCookieSamlCorrelationStoreTests+GetMethod" name="Calls_CookieManager" />
    </UnitTest>
    <UnitTest name="Removes_Class_If_ControllerAttribute_Is_Current_Controller(&quot;SELECTED someClass&quot;)" storage="d:\agents\smith05.01\_work\257\s\tests\chg.identityprovider.tests\bin\release\net9.0\chg.identityprovider.tests.dll" id="e4befef8-1d47-7b36-2ca3-356fd1d1f12b">
      <Execution id="09cdd58c-4ba9-4dd6-8a03-33488b3cf4fd" />
      <TestMethod codeBase="D:\Agents\smith05.01\_work\257\s\tests\CHG.IdentityProvider.Tests\bin\Release\net9.0\CHG.IdentityProvider.Tests.dll" adapterTypeName="executor://nunit3testexecutor/" className="CHG.IdentityProvider.Tests.TagHelpers.RemoveClassIfCurrentControllerTests+ProcessMethod" name="Removes_Class_If_ControllerAttribute_Is_Current_Controller(&quot;SELECTED someClass&quot;)" />
    </UnitTest>
    <UnitTest name="Returns_False_When_Hash_Is_Not_Listed" storage="d:\agents\smith05.01\_work\257\s\tests\chg.identityprovider.tests\bin\release\net9.0\chg.identityprovider.tests.dll" id="a0a73295-3914-7666-7268-a4dd67d2e2db">
      <Execution id="f37246d4-4b28-4165-acb1-a45e9a9c0fdf" />
      <TestMethod codeBase="D:\Agents\smith05.01\_work\257\s\tests\CHG.IdentityProvider.Tests\bin\Release\net9.0\CHG.IdentityProvider.Tests.dll" adapterTypeName="executor://nunit3testexecutor/" className="CHG.IdentityProvider.Tests.Infrastructure.PasswordBlacklistOnlineServiceProviderTests+IsPasswordListedAsyncMethod" name="Returns_False_When_Hash_Is_Not_Listed" />
    </UnitTest>
    <UnitTest name="Returns_Content_From_Renderer" storage="d:\agents\smith05.01\_work\257\s\tests\chg.identityprovider.tests\bin\release\net9.0\chg.identityprovider.tests.dll" id="72471dd4-f1f4-a12b-30b2-8361ca6385b6">
      <Execution id="16a22bd3-5aad-4fd1-bedd-f3eb296cdcd9" />
      <TestMethod codeBase="D:\Agents\smith05.01\_work\257\s\tests\CHG.IdentityProvider.Tests\bin\Release\net9.0\CHG.IdentityProvider.Tests.dll" adapterTypeName="executor://nunit3testexecutor/" className="CHG.IdentityProvider.Tests.Controllers.Api.ScriptsApiControllerTests+GetMethod" name="Returns_Content_From_Renderer" />
    </UnitTest>
    <UnitTest name="Gets_MVC_Client_By_Client_Id_Query_Parameter" storage="d:\agents\smith05.01\_work\257\s\tests\chg.identityprovider.tests\bin\release\net9.0\chg.identityprovider.tests.dll" id="302bc754-fa2b-9ef6-95d2-682fd503b0d7">
      <Execution id="1dd7d545-5177-43be-8950-5d3397ce2562" />
      <TestMethod codeBase="D:\Agents\smith05.01\_work\257\s\tests\CHG.IdentityProvider.Tests\bin\Release\net9.0\CHG.IdentityProvider.Tests.dll" adapterTypeName="executor://nunit3testexecutor/" className="CHG.IdentityProvider.Tests.BusinessLogic.Services.ClientContextRetrieverTests+GetCurrentClientAsyncMethod" name="Gets_MVC_Client_By_Client_Id_Query_Parameter" />
    </UnitTest>
    <UnitTest name="Throws_Exception_If_ProviderType_Is_Missing" storage="d:\agents\smith05.01\_work\257\s\tests\chg.identityprovider.tests\bin\release\net9.0\chg.identityprovider.tests.dll" id="ab15b4b6-820b-68a8-5f91-048cd5fd25de">
      <Execution id="1bd6b349-5777-4853-8013-ea26541b8bab" />
      <TestMethod codeBase="D:\Agents\smith05.01\_work\257\s\tests\CHG.IdentityProvider.Tests\bin\Release\net9.0\CHG.IdentityProvider.Tests.dll" adapterTypeName="executor://nunit3testexecutor/" className="CHG.IdentityProvider.Tests.Serialization.IdentityProviderConverterTests" name="Throws_Exception_If_ProviderType_Is_Missing" />
    </UnitTest>
    <UnitTest name="Logs_The_Entire_IP_Address_If_It_Is_A_Local_Address(&quot;172.16.0.1&quot;)" storage="d:\agents\smith05.01\_work\257\s\tests\chg.identityprovider.tests\bin\release\net9.0\chg.identityprovider.tests.dll" id="0817f152-51e1-119b-bb99-3fdae8a16769">
      <Execution id="2544fab5-9cc9-4e81-90ff-0898b7f0b2e8" />
      <TestMethod codeBase="D:\Agents\smith05.01\_work\257\s\tests\CHG.IdentityProvider.Tests\bin\Release\net9.0\CHG.IdentityProvider.Tests.dll" adapterTypeName="executor://nunit3testexecutor/" className="CHG.IdentityProvider.Tests.Infrastructure.LoggingSetupTests+TheEnrichFromHttpContextMethod" name="Logs_The_Entire_IP_Address_If_It_Is_A_Local_Address(&quot;172.16.0.1&quot;)" />
    </UnitTest>
    <UnitTest name="Logs_UserName(&quot;https://localhost/External/Challenge?provider=CHGAzureAD&amp;returnUrl=%2Fconnect%2Fauthorize%2F%26login_hint%3Dhans.peter@test.com%26test%3D1&quot;)" storage="d:\agents\smith05.01\_work\257\s\tests\chg.identityprovider.tests\bin\release\net9.0\chg.identityprovider.tests.dll" id="61ad0bbe-9777-9ee9-dae2-2754ecbfa8b9">
      <Execution id="fb4ed2d6-dd9a-4fd1-80ac-6e2711a94f26" />
      <TestMethod codeBase="D:\Agents\smith05.01\_work\257\s\tests\CHG.IdentityProvider.Tests\bin\Release\net9.0\CHG.IdentityProvider.Tests.dll" adapterTypeName="executor://nunit3testexecutor/" className="CHG.IdentityProvider.Tests.Middleware.UserLoginLoggingMiddlewareTests+InvokeMethod" name="Logs_UserName(&quot;https://localhost/External/Challenge?provider=CHGAzureAD&amp;returnUrl=%2Fconnect%2Fauthorize%2F%26login_hint%3Dhans.peter@test.com%26test%3D1&quot;)" />
    </UnitTest>
    <UnitTest name="Adds_Default_Roles_Of_A_LoginProvider_To_A_UserAsync" storage="d:\agents\smith05.01\_work\257\s\tests\chg.identityprovider.tests\bin\release\net9.0\chg.identityprovider.tests.dll" id="5e5841b2-201b-117a-6cf9-b0c5d0d4c597">
      <Execution id="2f15671d-1e1c-423a-bedf-29245476fd80" />
      <TestMethod codeBase="D:\Agents\smith05.01\_work\257\s\tests\CHG.IdentityProvider.Tests\bin\Release\net9.0\CHG.IdentityProvider.Tests.dll" adapterTypeName="executor://nunit3testexecutor/" className="CHG.IdentityProvider.Tests.BusinessLogic.Services.UserIdentityEnricherTests+EnrichWithDefaultsForLoginProviderAsync" name="Adds_Default_Roles_Of_A_LoginProvider_To_A_UserAsync" />
    </UnitTest>
    <UnitTest name="Returns_Roles_Data" storage="d:\agents\smith05.01\_work\257\s\tests\chg.identityprovider.tests\bin\release\net9.0\chg.identityprovider.tests.dll" id="ea19f5bb-19c5-8627-e2b9-ff0952e1ff86">
      <Execution id="915580ff-363b-41ec-9e2c-f6852be879e6" />
      <TestMethod codeBase="D:\Agents\smith05.01\_work\257\s\tests\CHG.IdentityProvider.Tests\bin\Release\net9.0\CHG.IdentityProvider.Tests.dll" adapterTypeName="executor://nunit3testexecutor/" className="CHG.IdentityProvider.Tests.Controllers.ManageControllerTests+DownloadPersonalDataMethod" name="Returns_Roles_Data" />
    </UnitTest>
    <UnitTest name="Returns_Redirect_To_SAML_Component" storage="d:\agents\smith05.01\_work\257\s\tests\chg.identityprovider.tests\bin\release\net9.0\chg.identityprovider.tests.dll" id="03476a55-c12f-b3d9-e316-baa4f5d45dbc">
      <Execution id="98128f31-716f-4e35-9e7b-b9d4119449fe" />
      <TestMethod codeBase="D:\Agents\smith05.01\_work\257\s\tests\CHG.IdentityProvider.Tests\bin\Release\net9.0\CHG.IdentityProvider.Tests.dll" adapterTypeName="executor://nunit3testexecutor/" className="CHG.IdentityProvider.Tests.Controllers.LoginProvidersControllerTest+GetSamlLoginProviderMetaDataMethod" name="Returns_Redirect_To_SAML_Component" />
    </UnitTest>
    <UnitTest name="Throws_ArgumentNull_Exception_When_Logger_Is_Null" storage="d:\agents\smith05.01\_work\257\s\tests\chg.identityprovider.tests\bin\release\net9.0\chg.identityprovider.tests.dll" id="2cdcfb1f-a4e4-56ac-b11d-555146a010e2">
      <Execution id="442daa99-42d4-400b-8e57-486a2fb5bc6e" />
      <TestMethod codeBase="D:\Agents\smith05.01\_work\257\s\tests\CHG.IdentityProvider.Tests\bin\Release\net9.0\CHG.IdentityProvider.Tests.dll" adapterTypeName="executor://nunit3testexecutor/" className="CHG.IdentityProvider.Tests.Services.ExtendedProfileServiceTests+CtorMethod" name="Throws_ArgumentNull_Exception_When_Logger_Is_Null" />
    </UnitTest>
    <UnitTest name="Does_Nothing_If_Does_Not_Match_Name_Exactly(&quot;Oneselected&quot;)" storage="d:\agents\smith05.01\_work\257\s\tests\chg.identityprovider.tests\bin\release\net9.0\chg.identityprovider.tests.dll" id="bbd3fb8a-7ec0-20c7-944a-f714d5b23d31">
      <Execution id="1b4f5c69-2f86-4e7f-beab-500b5368c4d5" />
      <TestMethod codeBase="D:\Agents\smith05.01\_work\257\s\tests\CHG.IdentityProvider.Tests\bin\Release\net9.0\CHG.IdentityProvider.Tests.dll" adapterTypeName="executor://nunit3testexecutor/" className="CHG.IdentityProvider.Tests.TagHelpers.RemoveClassIfCurrentControllerTests+ProcessMethod" name="Does_Nothing_If_Does_Not_Match_Name_Exactly(&quot;Oneselected&quot;)" />
    </UnitTest>
    <UnitTest name="Returns_True_For_File_Call(&quot;https://localhost/images/TESMALogoRgb.svg?version=1.0&quot;)" storage="d:\agents\smith05.01\_work\257\s\tests\chg.identityprovider.tests\bin\release\net9.0\chg.identityprovider.tests.dll" id="d97adf4b-aa61-0f83-c7f4-830581961cb3">
      <Execution id="750ae396-8ef4-4c4f-b5b5-6096f057772b" />
      <TestMethod codeBase="D:\Agents\smith05.01\_work\257\s\tests\CHG.IdentityProvider.Tests\bin\Release\net9.0\CHG.IdentityProvider.Tests.dll" adapterTypeName="executor://nunit3testexecutor/" className="CHG.IdentityProvider.Tests.HttpContextExtensionsTests+IsFileRessourceCallMethod" name="Returns_True_For_File_Call(&quot;https://localhost/images/TESMALogoRgb.svg?version=1.0&quot;)" />
    </UnitTest>
    <UnitTest name="Calls_Base" storage="d:\agents\smith05.01\_work\257\s\tests\chg.identityprovider.tests\bin\release\net9.0\chg.identityprovider.tests.dll" id="a9be590d-6ec2-0ec6-add0-50629978e822">
      <Execution id="14cac577-035c-40c3-802c-c04bb1100b6f" />
      <TestMethod codeBase="D:\Agents\smith05.01\_work\257\s\tests\CHG.IdentityProvider.Tests\bin\Release\net9.0\CHG.IdentityProvider.Tests.dll" adapterTypeName="executor://nunit3testexecutor/" className="CHG.IdentityProvider.Tests.Services.ExtendedIdentityProviderStoreTests+GetBySchemeAsyncMethod" name="Calls_Base" />
    </UnitTest>
    <UnitTest name="Fills_Basic_Saml_Data_To_SamlConfiguration_Object" storage="d:\agents\smith05.01\_work\257\s\tests\chg.identityprovider.tests\bin\release\net9.0\chg.identityprovider.tests.dll" id="eed7407e-8fa6-5a54-d9fb-d9038f819b67">
      <Execution id="a9c23d93-88e6-4b93-b6e6-776920e4e9b9" />
      <TestMethod codeBase="D:\Agents\smith05.01\_work\257\s\tests\CHG.IdentityProvider.Tests\bin\Release\net9.0\CHG.IdentityProvider.Tests.dll" adapterTypeName="executor://nunit3testexecutor/" className="CHG.IdentityProvider.Tests.BusinessLogic.LoginProviders.SamlIdpMetadataImporterTests+ImportFromStreamMethod" name="Fills_Basic_Saml_Data_To_SamlConfiguration_Object" />
    </UnitTest>
    <UnitTest name="Returns_Json_Document" storage="d:\agents\smith05.01\_work\257\s\tests\chg.identityprovider.tests\bin\release\net9.0\chg.identityprovider.tests.dll" id="6b10e413-ea1f-b9e8-1aa1-4b3109f89c52">
      <Execution id="d5f18773-6666-4a69-bff7-3f389a73abca" />
      <TestMethod codeBase="D:\Agents\smith05.01\_work\257\s\tests\CHG.IdentityProvider.Tests\bin\Release\net9.0\CHG.IdentityProvider.Tests.dll" adapterTypeName="executor://nunit3testexecutor/" className="CHG.IdentityProvider.Tests.Controllers.LoginProvidersControllerTest+ExportMethod" name="Returns_Json_Document" />
    </UnitTest>
    <UnitTest name="Calls_IdentityProviderLookup_Not_If_Scheme_IsEmpty" storage="d:\agents\smith05.01\_work\257\s\tests\chg.identityprovider.tests\bin\release\net9.0\chg.identityprovider.tests.dll" id="97b1facc-1d64-8c1e-dc93-13a45746a9f8">
      <Execution id="3b96f976-87a0-483f-8849-f2e8e8160a2d" />
      <TestMethod codeBase="D:\Agents\smith05.01\_work\257\s\tests\CHG.IdentityProvider.Tests\bin\Release\net9.0\CHG.IdentityProvider.Tests.dll" adapterTypeName="executor://nunit3testexecutor/" className="CHG.IdentityProvider.Tests.MessageHandlers.IdentityProviderUpdatedHandlerTests" name="Calls_IdentityProviderLookup_Not_If_Scheme_IsEmpty" />
    </UnitTest>
    <UnitTest name="Sets_Class_If_Include_Is_True" storage="d:\agents\smith05.01\_work\257\s\tests\chg.identityprovider.tests\bin\release\net9.0\chg.identityprovider.tests.dll" id="87c8d13e-e7f4-e8c8-10f7-611f4ad00d54">
      <Execution id="5ee33ef4-bef1-4d01-88b7-2410846236ea" />
      <TestMethod codeBase="D:\Agents\smith05.01\_work\257\s\tests\CHG.IdentityProvider.Tests\bin\Release\net9.0\CHG.IdentityProvider.Tests.dll" adapterTypeName="executor://nunit3testexecutor/" className="CHG.IdentityProvider.Tests.TagHelpers.AddClassForConditionTagHelperTests+ProcessMethod" name="Sets_Class_If_Include_Is_True" />
    </UnitTest>
    <UnitTest name="Calls_Default_Oidc_Configuration" storage="d:\agents\smith05.01\_work\257\s\tests\chg.identityprovider.tests\bin\release\net9.0\chg.identityprovider.tests.dll" id="df663212-148c-9710-0e1b-2c53faec462f">
      <Execution id="0a55425b-7450-496a-9728-84adef2b1709" />
      <TestMethod codeBase="D:\Agents\smith05.01\_work\257\s\tests\CHG.IdentityProvider.Tests\bin\Release\net9.0\CHG.IdentityProvider.Tests.dll" adapterTypeName="executor://nunit3testexecutor/" className="CHG.IdentityProvider.Tests.LoginProviders.Configuration.AzureConfigureOptionsTests+ConfigureMethod" name="Calls_Default_Oidc_Configuration" />
    </UnitTest>
    <UnitTest name="Calls_Provider_With_Second_Password_Parameter_When_First_Is_Null" storage="d:\agents\smith05.01\_work\257\s\tests\chg.identityprovider.tests\bin\release\net9.0\chg.identityprovider.tests.dll" id="2ab9b645-7526-8e2e-78b5-21820507fe90">
      <Execution id="93e30202-6c11-402c-a94f-00e30ce2e136" />
      <TestMethod codeBase="D:\Agents\smith05.01\_work\257\s\tests\CHG.IdentityProvider.Tests\bin\Release\net9.0\CHG.IdentityProvider.Tests.dll" adapterTypeName="executor://nunit3testexecutor/" className="CHG.IdentityProvider.Tests.Controllers.Api.PasswordStrengthApiControllerTests+VerifyPasswordMethod" name="Calls_Provider_With_Second_Password_Parameter_When_First_Is_Null" />
    </UnitTest>
    <UnitTest name="Returns_Failure_If_Password_Equals_Username(&quot;test@test.com&quot;,&quot;test@test.com&quot;)" storage="d:\agents\smith05.01\_work\257\s\tests\chg.identityprovider.tests\bin\release\net9.0\chg.identityprovider.tests.dll" id="34661f37-844b-4a61-78d4-0f75196f897e">
      <Execution id="8a878d44-7a9b-4eeb-b91b-a8e0a30171c3" />
      <TestMethod codeBase="D:\Agents\smith05.01\_work\257\s\tests\CHG.IdentityProvider.Tests\bin\Release\net9.0\CHG.IdentityProvider.Tests.dll" adapterTypeName="executor://nunit3testexecutor/" className="CHG.IdentityProvider.Tests.BusinessLogic.Validators.UsernameAsPasswordValidatorTests+ValidateMethod" name="Returns_Failure_If_Password_Equals_Username(&quot;test@test.com&quot;,&quot;test@test.com&quot;)" />
    </UnitTest>
    <UnitTest name="Returns_InternetExplorer(&quot;Mozilla/5.0 (compatible; MSIE 10.0; Windows NT 6.1; WOW64; Trident/6.0)&quot;)" storage="d:\agents\smith05.01\_work\257\s\tests\chg.identityprovider.tests\bin\release\net9.0\chg.identityprovider.tests.dll" id="c234174d-dfe3-e113-78bc-03ed400fd81b">
      <Execution id="58fb1132-b3b7-47fe-bfe4-49464e771299" />
      <TestMethod codeBase="D:\Agents\smith05.01\_work\257\s\tests\CHG.IdentityProvider.Tests\bin\Release\net9.0\CHG.IdentityProvider.Tests.dll" adapterTypeName="executor://nunit3testexecutor/" className="CHG.IdentityProvider.Tests.Services.BrowserDetectorTests+GetBrowserTypeMethod" name="Returns_InternetExplorer(&quot;Mozilla/5.0 (compatible; MSIE 10.0; Windows NT 6.1; WOW64; Trident/6.0)&quot;)" />
    </UnitTest>
    <UnitTest name="Send_ResetPassword_Mail_For_Correct_User" storage="d:\agents\smith05.01\_work\257\s\tests\chg.identityprovider.tests\bin\release\net9.0\chg.identityprovider.tests.dll" id="e278d185-2b85-ecae-3dee-7ff9389fc948">
      <Execution id="4ebc686e-1750-4875-b993-75f8ff59827d" />
      <TestMethod codeBase="D:\Agents\smith05.01\_work\257\s\tests\CHG.IdentityProvider.Tests\bin\Release\net9.0\CHG.IdentityProvider.Tests.dll" adapterTypeName="executor://nunit3testexecutor/" className="CHG.IdentityProvider.Tests.Controllers.AccountControllerTests+ForgotPasswordAction" name="Send_ResetPassword_Mail_For_Correct_User" />
    </UnitTest>
    <UnitTest name="Can_Retrieve_CacheEntries" storage="d:\agents\smith05.01\_work\257\s\tests\chg.identityprovider.tests\bin\release\net9.0\chg.identityprovider.tests.dll" id="d1306a09-0fcb-7eb9-2fd5-5690368ea56e">
      <Execution id="8e23a27c-4e8e-47ab-88e8-f4f6b035a6f7" />
      <TestMethod codeBase="D:\Agents\smith05.01\_work\257\s\tests\CHG.IdentityProvider.Tests\bin\Release\net9.0\CHG.IdentityProvider.Tests.dll" adapterTypeName="executor://nunit3testexecutor/" className="CHG.IdentityProvider.Tests.Controllers.MaintenanceControllerTests+GetMemoryCacheEntriesMethod" name="Can_Retrieve_CacheEntries" />
    </UnitTest>
    <UnitTest name="Returns_False_For_Invalid_Email(&quot;withoutatsign.de&quot;)" storage="d:\agents\smith05.01\_work\257\s\tests\chg.identityprovider.tests\bin\release\net9.0\chg.identityprovider.tests.dll" id="ab727f8e-ad64-10f8-d378-cde2fa61aad4">
      <Execution id="36ef8506-19c7-4269-91bb-9399ec77c5bc" />
      <TestMethod codeBase="D:\Agents\smith05.01\_work\257\s\tests\CHG.IdentityProvider.Tests\bin\Release\net9.0\CHG.IdentityProvider.Tests.dll" adapterTypeName="executor://nunit3testexecutor/" className="CHG.IdentityProvider.Tests.Extensions.EmailUtilsTests+IsValidEmailMethod" name="Returns_False_For_Invalid_Email(&quot;withoutatsign.de&quot;)" />
    </UnitTest>
    <UnitTest name="Does_Not_Change_LogLevel_Of_Degraded_HealthChecks" storage="d:\agents\smith05.01\_work\257\s\tests\chg.identityprovider.tests\bin\release\net9.0\chg.identityprovider.tests.dll" id="83e62727-7edf-6e38-6039-f64de608614a">
      <Execution id="f901d4d0-bdd6-45ba-a830-976a23efe0ad" />
      <TestMethod codeBase="D:\Agents\smith05.01\_work\257\s\tests\CHG.IdentityProvider.Tests\bin\Release\net9.0\CHG.IdentityProvider.Tests.dll" adapterTypeName="executor://nunit3testexecutor/" className="CHG.IdentityProvider.Tests.Configuration.HealthCheckLogLevelEnricherTests+EnrichMethod" name="Does_Not_Change_LogLevel_Of_Degraded_HealthChecks" />
    </UnitTest>
    <UnitTest name="Gets_Test_Client_By_returnUrl" storage="d:\agents\smith05.01\_work\257\s\tests\chg.identityprovider.tests\bin\release\net9.0\chg.identityprovider.tests.dll" id="69bbef12-2abf-30f3-6ada-b3cea46e716a">
      <Execution id="0d579789-b8ee-4bd8-887c-127b28a4aeda" />
      <TestMethod codeBase="D:\Agents\smith05.01\_work\257\s\tests\CHG.IdentityProvider.Tests\bin\Release\net9.0\CHG.IdentityProvider.Tests.dll" adapterTypeName="executor://nunit3testexecutor/" className="CHG.IdentityProvider.Tests.BusinessLogic.Services.ClientContextRetrieverTests+GetCurrentClientCustomizationAsyncMethod" name="Gets_Test_Client_By_returnUrl" />
    </UnitTest>
    <UnitTest name="Concats_The_Events_Path_And_Filters_To_The_Test_Run_Id(&quot;https://someBaseUrl/&quot;)" storage="d:\agents\smith05.01\_work\257\s\tests\chg.identityprovider.tests\bin\release\net9.0\chg.identityprovider.tests.dll" id="8c60567f-ecc7-66eb-0e74-3317a7d9ccc3">
      <Execution id="120eafb6-a411-464d-8aa7-d43bf8741f92" />
      <TestMethod codeBase="D:\Agents\smith05.01\_work\257\s\tests\CHG.IdentityProvider.Tests\bin\Release\net9.0\CHG.IdentityProvider.Tests.dll" adapterTypeName="executor://nunit3testexecutor/" className="CHG.IdentityProvider.Tests.Services.LoginProviderTestLogTests+GetLogServerUrlMethod" name="Concats_The_Events_Path_And_Filters_To_The_Test_Run_Id(&quot;https://someBaseUrl/&quot;)" />
    </UnitTest>
    <UnitTest name="Returns_False_When_Max_Attempt_Is_Not_Reached" storage="d:\agents\smith05.01\_work\257\s\tests\chg.identityprovider.tests\bin\release\net9.0\chg.identityprovider.tests.dll" id="c24f3777-0d70-bfae-77b7-55457a10f72d">
      <Execution id="f9093f75-2784-4431-b50a-49a7ce38516a" />
      <TestMethod codeBase="D:\Agents\smith05.01\_work\257\s\tests\CHG.IdentityProvider.Tests\bin\Release\net9.0\CHG.IdentityProvider.Tests.dll" adapterTypeName="executor://nunit3testexecutor/" className="CHG.IdentityProvider.Tests.BusinessLogic.Services.IdentityServerSignInManagerTests+IsSecurityActionForMaxLoginAttemptsRequiredAsyncMethod" name="Returns_False_When_Max_Attempt_Is_Not_Reached" />
    </UnitTest>
    <UnitTest name="Can_Write_Saml_Data_With_Certificate" storage="d:\agents\smith05.01\_work\257\s\tests\chg.identityprovider.tests\bin\release\net9.0\chg.identityprovider.tests.dll" id="c72e4ecd-30a8-d07f-563b-4381cc636317">
      <Execution id="fd59f9c5-9c76-4238-8e9f-7c85757804d0" />
      <TestMethod codeBase="D:\Agents\smith05.01\_work\257\s\tests\CHG.IdentityProvider.Tests\bin\Release\net9.0\CHG.IdentityProvider.Tests.dll" adapterTypeName="executor://nunit3testexecutor/" className="CHG.IdentityProvider.Tests.Controllers.LoginProvidersControllerTest+DetailPostMethod" name="Can_Write_Saml_Data_With_Certificate" />
    </UnitTest>
    <UnitTest name="Returns_Not_Found_If_Not_Exists" storage="d:\agents\smith05.01\_work\257\s\tests\chg.identityprovider.tests\bin\release\net9.0\chg.identityprovider.tests.dll" id="e4353d7d-17e2-f1b1-a9e7-7443d2e83b67">
      <Execution id="fb4e1b60-933c-4345-9619-9fc97487e004" />
      <TestMethod codeBase="D:\Agents\smith05.01\_work\257\s\tests\CHG.IdentityProvider.Tests\bin\Release\net9.0\CHG.IdentityProvider.Tests.dll" adapterTypeName="executor://nunit3testexecutor/" className="CHG.IdentityProvider.Tests.Controllers.Api.UserApiControllerTests+DeleteMethod" name="Returns_Not_Found_If_Not_Exists" />
    </UnitTest>
    <UnitTest name="Converts_AllowedCorsOrigins" storage="d:\agents\smith05.01\_work\257\s\tests\chg.identityprovider.tests\bin\release\net9.0\chg.identityprovider.tests.dll" id="4b1f9a8d-b1bb-02ec-5745-7307e52cd5f9">
      <Execution id="8e68dbde-5668-46fb-9fea-63644eeef6d5" />
      <TestMethod codeBase="D:\Agents\smith05.01\_work\257\s\tests\CHG.IdentityProvider.Tests\bin\Release\net9.0\CHG.IdentityProvider.Tests.dll" adapterTypeName="executor://nunit3testexecutor/" className="CHG.IdentityProvider.Tests.Mappings.ImportClientModelMapperTests+MapToClientEntityMethod" name="Converts_AllowedCorsOrigins" />
    </UnitTest>
    <UnitTest name="Can_Read_Old_File" storage="d:\agents\smith05.01\_work\257\s\tests\chg.identityprovider.tests\bin\release\net9.0\chg.identityprovider.tests.dll" id="dc74521a-8267-4978-a426-68552f6a247b">
      <Execution id="69cb39fa-80e1-4c58-8f32-77c405f36324" />
      <TestMethod codeBase="D:\Agents\smith05.01\_work\257\s\tests\CHG.IdentityProvider.Tests\bin\Release\net9.0\CHG.IdentityProvider.Tests.dll" adapterTypeName="executor://nunit3testexecutor/" className="CHG.IdentityProvider.Tests.Serialization.IdentityProviderConverterTests" name="Can_Read_Old_File" />
    </UnitTest>
    <UnitTest name="Returns_False_For_Call_Without_Api_Prefix" storage="d:\agents\smith05.01\_work\257\s\tests\chg.identityprovider.tests\bin\release\net9.0\chg.identityprovider.tests.dll" id="04dd9e3b-69da-9abd-b401-c214fab3adb0">
      <Execution id="28f95257-f8e8-467e-9e0c-13a55b13901c" />
      <TestMethod codeBase="D:\Agents\smith05.01\_work\257\s\tests\CHG.IdentityProvider.Tests\bin\Release\net9.0\CHG.IdentityProvider.Tests.dll" adapterTypeName="executor://nunit3testexecutor/" className="CHG.IdentityProvider.Tests.HttpContextExtensionsTests+IsOidcApiCallMethod" name="Returns_False_For_Call_Without_Api_Prefix" />
    </UnitTest>
    <UnitTest name="Maps_Model_To_Entity" storage="d:\agents\smith05.01\_work\257\s\tests\chg.identityprovider.tests\bin\release\net9.0\chg.identityprovider.tests.dll" id="ce5e12a0-72e0-75c2-6638-958d50f2d0c1">
      <Execution id="79239ff3-8a11-4137-afa8-702bdc74422d" />
      <TestMethod codeBase="D:\Agents\smith05.01\_work\257\s\tests\CHG.IdentityProvider.Tests\bin\Release\net9.0\CHG.IdentityProvider.Tests.dll" adapterTypeName="executor://nunit3testexecutor/" className="CHG.IdentityProvider.Tests.Mappings.ImportServiceProviderModelMapperTests" name="Maps_Model_To_Entity" />
    </UnitTest>
    <UnitTest name="Calls_Store" storage="d:\agents\smith05.01\_work\257\s\tests\chg.identityprovider.tests\bin\release\net9.0\chg.identityprovider.tests.dll" id="a3b79c5b-c356-dc40-e8aa-d03a267db88c">
      <Execution id="62436c2f-b4b1-4a56-aba3-ae0bc79c36c9" />
      <TestMethod codeBase="D:\Agents\smith05.01\_work\257\s\tests\CHG.IdentityProvider.Tests\bin\Release\net9.0\CHG.IdentityProvider.Tests.dll" adapterTypeName="executor://nunit3testexecutor/" className="CHG.IdentityProvider.Tests.Services.IdentityProviderServiceTests+DeleteAsyncMethod" name="Calls_Store" />
    </UnitTest>
    <UnitTest name="Returns_Failure_If_Password_Contains_FirstName(&quot;Hans Peter&quot;,&quot;hanspeter123&quot;)" storage="d:\agents\smith05.01\_work\257\s\tests\chg.identityprovider.tests\bin\release\net9.0\chg.identityprovider.tests.dll" id="cc59808b-2153-07b2-a69c-fba587b40c44">
      <Execution id="59433aeb-eb15-4205-8857-c59002cf2c04" />
      <TestMethod codeBase="D:\Agents\smith05.01\_work\257\s\tests\CHG.IdentityProvider.Tests\bin\Release\net9.0\CHG.IdentityProvider.Tests.dll" adapterTypeName="executor://nunit3testexecutor/" className="CHG.IdentityProvider.Tests.BusinessLogic.Validators.FirstLastNameAsPasswordValidatorTests+ValidateMethod" name="Returns_Failure_If_Password_Contains_FirstName(&quot;Hans Peter&quot;,&quot;hanspeter123&quot;)" />
    </UnitTest>
    <UnitTest name="Does_Nothing_If_Href_Is_Not_Current_Action" storage="d:\agents\smith05.01\_work\257\s\tests\chg.identityprovider.tests\bin\release\net9.0\chg.identityprovider.tests.dll" id="77bd0d4e-11eb-86d3-acbd-f3c6d4735fd1">
      <Execution id="32dd48da-cb15-4acd-be11-fbd8f8304f45" />
      <TestMethod codeBase="D:\Agents\smith05.01\_work\257\s\tests\CHG.IdentityProvider.Tests\bin\Release\net9.0\CHG.IdentityProvider.Tests.dll" adapterTypeName="executor://nunit3testexecutor/" className="CHG.IdentityProvider.Tests.TagHelpers.AddActiveIfCurrentActionTests+ProcessMethod" name="Does_Nothing_If_Href_Is_Not_Current_Action" />
    </UnitTest>
    <UnitTest name="Returns_Failure_If_Password_Contains_FirstName(&quot;Hans&quot;,&quot;123hans&quot;)" storage="d:\agents\smith05.01\_work\257\s\tests\chg.identityprovider.tests\bin\release\net9.0\chg.identityprovider.tests.dll" id="20e857fb-676d-e026-1633-2a582f84da53">
      <Execution id="ef0149c9-a8e6-4691-8f12-6b7810342fbf" />
      <TestMethod codeBase="D:\Agents\smith05.01\_work\257\s\tests\CHG.IdentityProvider.Tests\bin\Release\net9.0\CHG.IdentityProvider.Tests.dll" adapterTypeName="executor://nunit3testexecutor/" className="CHG.IdentityProvider.Tests.BusinessLogic.Validators.FirstLastNameAsPasswordValidatorTests+ValidateMethod" name="Returns_Failure_If_Password_Contains_FirstName(&quot;Hans&quot;,&quot;123hans&quot;)" />
    </UnitTest>
    <UnitTest name="Returns_User_By_Id" storage="d:\agents\smith05.01\_work\257\s\tests\chg.identityprovider.tests\bin\release\net9.0\chg.identityprovider.tests.dll" id="4bb44f75-741a-310b-adbc-e36d35bf9503">
      <Execution id="51a448d1-5843-415a-bcd5-195d83dab5de" />
      <TestMethod codeBase="D:\Agents\smith05.01\_work\257\s\tests\CHG.IdentityProvider.Tests\bin\Release\net9.0\CHG.IdentityProvider.Tests.dll" adapterTypeName="executor://nunit3testexecutor/" className="CHG.IdentityProvider.Tests.Controllers.Api.UserApiControllerTests+GetByIdMethod" name="Returns_User_By_Id" />
    </UnitTest>
    <UnitTest name="Maps_Simple_Properties_To_Client_Entity_By_Name" storage="d:\agents\smith05.01\_work\257\s\tests\chg.identityprovider.tests\bin\release\net9.0\chg.identityprovider.tests.dll" id="5a33a868-c337-f8eb-b785-5f5f6094623a">
      <Execution id="52103590-a143-4800-a439-406325e496bd" />
      <TestMethod codeBase="D:\Agents\smith05.01\_work\257\s\tests\CHG.IdentityProvider.Tests\bin\Release\net9.0\CHG.IdentityProvider.Tests.dll" adapterTypeName="executor://nunit3testexecutor/" className="CHG.IdentityProvider.Tests.Mappings.ImportClientModelMapperTests+MapToClientEntityMethod" name="Maps_Simple_Properties_To_Client_Entity_By_Name" />
    </UnitTest>
    <UnitTest name="Sets_Class_If_No_ControllerAttribute_Is_Set_And_Current_Is_Default" storage="d:\agents\smith05.01\_work\257\s\tests\chg.identityprovider.tests\bin\release\net9.0\chg.identityprovider.tests.dll" id="4e4f5fea-3e17-89cd-0c82-325c59bef526">
      <Execution id="94ca880b-f8e2-4790-baa9-1d6d3d01378a" />
      <TestMethod codeBase="D:\Agents\smith05.01\_work\257\s\tests\CHG.IdentityProvider.Tests\bin\Release\net9.0\CHG.IdentityProvider.Tests.dll" adapterTypeName="executor://nunit3testexecutor/" className="CHG.IdentityProvider.Tests.TagHelpers.AddActiveIfCurrentControllerTests+ProcessMethod" name="Sets_Class_If_No_ControllerAttribute_Is_Set_And_Current_Is_Default" />
    </UnitTest>
    <UnitTest name="Returns_Failure_If_Password_Equals_Email(&quot;test@test.com&quot;,&quot;test@test.com&quot;)" storage="d:\agents\smith05.01\_work\257\s\tests\chg.identityprovider.tests\bin\release\net9.0\chg.identityprovider.tests.dll" id="2d13fc55-4008-6559-f438-8770827230ef">
      <Execution id="d82ddf30-48be-4afc-8775-ef660a79dace" />
      <TestMethod codeBase="D:\Agents\smith05.01\_work\257\s\tests\CHG.IdentityProvider.Tests\bin\Release\net9.0\CHG.IdentityProvider.Tests.dll" adapterTypeName="executor://nunit3testexecutor/" className="CHG.IdentityProvider.Tests.BusinessLogic.Validators.EmailAsPasswordValidatorTests+ValidateMethod" name="Returns_Failure_If_Password_Equals_Email(&quot;test@test.com&quot;,&quot;test@test.com&quot;)" />
    </UnitTest>
    <UnitTest name="External_User_Cannot_Lock_Account(&quot;&quot;)" storage="d:\agents\smith05.01\_work\257\s\tests\chg.identityprovider.tests\bin\release\net9.0\chg.identityprovider.tests.dll" id="205bec98-ebd9-b12d-ddd9-1cd65881db2b">
      <Execution id="efaa6a7b-2fa8-495c-98cb-9709c6e39bd9" />
      <TestMethod codeBase="D:\Agents\smith05.01\_work\257\s\tests\CHG.IdentityProvider.Tests\bin\Release\net9.0\CHG.IdentityProvider.Tests.dll" adapterTypeName="executor://nunit3testexecutor/" className="CHG.IdentityProvider.Tests.BusinessLogic.Services.IdentityServerSignInManagerTests+PasswordSignInAsyncMethod" name="External_User_Cannot_Lock_Account(&quot;&quot;)" />
    </UnitTest>
    <UnitTest name="DoesNot_Throw_Exception_When_LastName_Is_Null" storage="d:\agents\smith05.01\_work\257\s\tests\chg.identityprovider.tests\bin\release\net9.0\chg.identityprovider.tests.dll" id="5f807ae8-a66a-084b-d722-f4b02e8eee6a">
      <Execution id="c3c28079-60ed-4271-814b-60cf9977b79e" />
      <TestMethod codeBase="D:\Agents\smith05.01\_work\257\s\tests\CHG.IdentityProvider.Tests\bin\Release\net9.0\CHG.IdentityProvider.Tests.dll" adapterTypeName="executor://nunit3testexecutor/" className="CHG.IdentityProvider.Tests.BusinessLogic.Validators.FirstLastNameAsPasswordValidatorTests+ValidateMethod" name="DoesNot_Throw_Exception_When_LastName_Is_Null" />
    </UnitTest>
    <UnitTest name="Creates_User" storage="d:\agents\smith05.01\_work\257\s\tests\chg.identityprovider.tests\bin\release\net9.0\chg.identityprovider.tests.dll" id="be3628d0-daf8-4176-0f74-470c4736ceb9">
      <Execution id="404d2041-f41e-4e08-abec-6bc7eba59494" />
      <TestMethod codeBase="D:\Agents\smith05.01\_work\257\s\tests\CHG.IdentityProvider.Tests\bin\Release\net9.0\CHG.IdentityProvider.Tests.dll" adapterTypeName="executor://nunit3testexecutor/" className="CHG.IdentityProvider.Tests.Services.UserCreationServiceTests+CreateAsyncMethod" name="Creates_User" />
    </UnitTest>
    <UnitTest name="Publishes_Updated_Event" storage="d:\agents\smith05.01\_work\257\s\tests\chg.identityprovider.tests\bin\release\net9.0\chg.identityprovider.tests.dll" id="cb205af1-b5dd-329e-2a8d-77f19410a38a">
      <Execution id="0f9d5a2b-7026-46a9-bb68-6a2e2aed881e" />
      <TestMethod codeBase="D:\Agents\smith05.01\_work\257\s\tests\CHG.IdentityProvider.Tests\bin\Release\net9.0\CHG.IdentityProvider.Tests.dll" adapterTypeName="executor://nunit3testexecutor/" className="CHG.IdentityProvider.Tests.Services.IdentityProviderServiceTests+DeleteAsyncMethod" name="Publishes_Updated_Event" />
    </UnitTest>
    <UnitTest name="Gets_No_Client_By_Client_Id_Query_Parameter_When_Parameter_Is_Missing" storage="d:\agents\smith05.01\_work\257\s\tests\chg.identityprovider.tests\bin\release\net9.0\chg.identityprovider.tests.dll" id="4c7b18a2-933c-fd95-3c8c-279e9bbbf006">
      <Execution id="dff9b473-d957-4a84-9443-a0ce5e5e6893" />
      <TestMethod codeBase="D:\Agents\smith05.01\_work\257\s\tests\CHG.IdentityProvider.Tests\bin\Release\net9.0\CHG.IdentityProvider.Tests.dll" adapterTypeName="executor://nunit3testexecutor/" className="CHG.IdentityProvider.Tests.BusinessLogic.Services.ClientContextRetrieverTests+GetCurrentClientAsyncMethod" name="Gets_No_Client_By_Client_Id_Query_Parameter_When_Parameter_Is_Missing" />
    </UnitTest>
    <UnitTest name="Calls_Inner_Service" storage="d:\agents\smith05.01\_work\257\s\tests\chg.identityprovider.tests\bin\release\net9.0\chg.identityprovider.tests.dll" id="1996e574-e07c-e226-730a-1ea8fa2857ee">
      <Execution id="c00ce258-05a5-463a-b16b-147b4443bef2" />
      <TestMethod codeBase="D:\Agents\smith05.01\_work\257\s\tests\CHG.IdentityProvider.Tests\bin\Release\net9.0\CHG.IdentityProvider.Tests.dll" adapterTypeName="executor://nunit3testexecutor/" className="CHG.IdentityProvider.Tests.Services.ExtendedProfileServiceTests+GetProfileDataAsyncMethod" name="Calls_Inner_Service" />
    </UnitTest>
    <UnitTest name="Returns_Null_When_No_User_Was_Found" storage="d:\agents\smith05.01\_work\257\s\tests\chg.identityprovider.tests\bin\release\net9.0\chg.identityprovider.tests.dll" id="0eac750e-a9dc-3b71-e94f-29a89efc69d8">
      <Execution id="d4e44c68-560f-44cf-9b27-9def07031230" />
      <TestMethod codeBase="D:\Agents\smith05.01\_work\257\s\tests\CHG.IdentityProvider.Tests\bin\Release\net9.0\CHG.IdentityProvider.Tests.dll" adapterTypeName="executor://nunit3testexecutor/" className="CHG.IdentityProvider.Tests.BusinessLogic.Services.ChgAzureADUserServiceTests+GetUserByUpnAsyncMethod" name="Returns_Null_When_No_User_Was_Found" />
    </UnitTest>
    <UnitTest name="Publishes_UserNameChanged_Event_Username_When_Username_Was_Changed" storage="d:\agents\smith05.01\_work\257\s\tests\chg.identityprovider.tests\bin\release\net9.0\chg.identityprovider.tests.dll" id="a3e5afb1-f67a-a8bb-8a0e-8fcccc6125e9">
      <Execution id="571774c8-8e7c-4a0d-ac64-3d4bb43ed768" />
      <TestMethod codeBase="D:\Agents\smith05.01\_work\257\s\tests\CHG.IdentityProvider.Tests\bin\Release\net9.0\CHG.IdentityProvider.Tests.dll" adapterTypeName="executor://nunit3testexecutor/" className="CHG.IdentityProvider.Tests.BusinessLogic.Services.IdentityServerUserManagerTests+SetUserNameAsync" name="Publishes_UserNameChanged_Event_Username_When_Username_Was_Changed" />
    </UnitTest>
    <UnitTest name="Returns_False_For_Invalid_Email(&quot;,startswitcomma@test.com&quot;)" storage="d:\agents\smith05.01\_work\257\s\tests\chg.identityprovider.tests\bin\release\net9.0\chg.identityprovider.tests.dll" id="e5df954f-edfd-05a4-999e-22e7b05eefe3">
      <Execution id="7ed6969d-1a7c-4858-a99f-63fbf62c4f01" />
      <TestMethod codeBase="D:\Agents\smith05.01\_work\257\s\tests\CHG.IdentityProvider.Tests\bin\Release\net9.0\CHG.IdentityProvider.Tests.dll" adapterTypeName="executor://nunit3testexecutor/" className="CHG.IdentityProvider.Tests.Extensions.EmailUtilsTests+IsValidEmailMethod" name="Returns_False_For_Invalid_Email(&quot;,startswitcomma@test.com&quot;)" />
    </UnitTest>
    <UnitTest name="Updates_Email" storage="d:\agents\smith05.01\_work\257\s\tests\chg.identityprovider.tests\bin\release\net9.0\chg.identityprovider.tests.dll" id="acdd6ac9-427a-4e57-cba9-a0baf2c0b433">
      <Execution id="a1deb452-4f50-49a2-b959-15b6a993ab98" />
      <TestMethod codeBase="D:\Agents\smith05.01\_work\257\s\tests\CHG.IdentityProvider.Tests\bin\Release\net9.0\CHG.IdentityProvider.Tests.dll" adapterTypeName="executor://nunit3testexecutor/" className="CHG.IdentityProvider.Tests.Controllers.Api.UserApiControllerTests+UpdateMethod" name="Updates_Email" />
    </UnitTest>
    <UnitTest name="Ensure_Backing_Field_Exists" storage="d:\agents\smith05.01\_work\257\s\tests\chg.identityprovider.tests\bin\release\net9.0\chg.identityprovider.tests.dll" id="82b61c68-bc06-db1b-7b8e-26d0fc3bf2c4">
      <Execution id="bb19526b-72ac-4d63-b399-76915fc7603f" />
      <TestMethod codeBase="D:\Agents\smith05.01\_work\257\s\tests\CHG.IdentityProvider.Tests\bin\Release\net9.0\CHG.IdentityProvider.Tests.dll" adapterTypeName="executor://nunit3testexecutor/" className="CHG.IdentityProvider.Tests.Configuration.RskLogLevelEnricherTests+ConstructorTests" name="Ensure_Backing_Field_Exists" />
    </UnitTest>
    <UnitTest name="Throws_UserNotFoundException_When_User_Does_Not_Exist" storage="d:\agents\smith05.01\_work\257\s\tests\chg.identityprovider.tests\bin\release\net9.0\chg.identityprovider.tests.dll" id="3e0ae73a-1486-d220-a345-e97b020b3821">
      <Execution id="2f1aad72-031f-4b2d-8114-4c1c09e56f97" />
      <TestMethod codeBase="D:\Agents\smith05.01\_work\257\s\tests\CHG.IdentityProvider.Tests\bin\Release\net9.0\CHG.IdentityProvider.Tests.dll" adapterTypeName="executor://nunit3testexecutor/" className="CHG.IdentityProvider.Tests.BusinessLogic.Services.AzureADUserInformationRetrieverTests+GetUserAttributesAsyncMethod" name="Throws_UserNotFoundException_When_User_Does_Not_Exist" />
    </UnitTest>
    <UnitTest name="Validates_Client" storage="d:\agents\smith05.01\_work\257\s\tests\chg.identityprovider.tests\bin\release\net9.0\chg.identityprovider.tests.dll" id="621e8c49-238f-b37b-1666-8dabd23ba137">
      <Execution id="3e9d0bb3-0ba3-4477-ab9a-febfc163e160" />
      <TestMethod codeBase="D:\Agents\smith05.01\_work\257\s\tests\CHG.IdentityProvider.Tests\bin\Release\net9.0\CHG.IdentityProvider.Tests.dll" adapterTypeName="executor://nunit3testexecutor/" className="CHG.IdentityProvider.Tests.Infrastructure.DefaultIdentityObjectImporterTests+ImportDataInitializationSetAsyncMethod" name="Validates_Client" />
    </UnitTest>
    <UnitTest name="Returns_User_With_Information_From_InformationRetriever" storage="d:\agents\smith05.01\_work\257\s\tests\chg.identityprovider.tests\bin\release\net9.0\chg.identityprovider.tests.dll" id="ba0bc178-c07c-87ab-1abb-1ddd2f122b8b">
      <Execution id="23d5e64e-eb96-4d66-bf26-c9ec724faa10" />
      <TestMethod codeBase="D:\Agents\smith05.01\_work\257\s\tests\CHG.IdentityProvider.Tests\bin\Release\net9.0\CHG.IdentityProvider.Tests.dll" adapterTypeName="executor://nunit3testexecutor/" className="CHG.IdentityProvider.Tests.BusinessLogic.Services.ChgAzureADUserServiceTests+GetUserByUpnAsyncMethod" name="Returns_User_With_Information_From_InformationRetriever" />
    </UnitTest>
    <UnitTest name="Sends_Link_To_Email_Sender" storage="d:\agents\smith05.01\_work\257\s\tests\chg.identityprovider.tests\bin\release\net9.0\chg.identityprovider.tests.dll" id="16b6f24e-4381-7a94-ab04-3025c22ce684">
      <Execution id="b782f33b-60d5-4b21-8692-80f17808f95b" />
      <TestMethod codeBase="D:\Agents\smith05.01\_work\257\s\tests\CHG.IdentityProvider.Tests\bin\Release\net9.0\CHG.IdentityProvider.Tests.dll" adapterTypeName="executor://nunit3testexecutor/" className="CHG.IdentityProvider.Tests.BusinessLogic.Services.UserNotificationMailSenderTests+SendAccountLockedLinkAsyncMethod" name="Sends_Link_To_Email_Sender" />
    </UnitTest>
    <UnitTest name="Adds_Mapping_Of_External_Claims" storage="d:\agents\smith05.01\_work\257\s\tests\chg.identityprovider.tests\bin\release\net9.0\chg.identityprovider.tests.dll" id="3f7ab917-8db3-2953-8e89-4894602b8565">
      <Execution id="c837962b-f7be-4e38-8a43-022debc1b449" />
      <TestMethod codeBase="D:\Agents\smith05.01\_work\257\s\tests\CHG.IdentityProvider.Tests\bin\Release\net9.0\CHG.IdentityProvider.Tests.dll" adapterTypeName="executor://nunit3testexecutor/" className="CHG.IdentityProvider.Tests.Services.Saml.ExtendedSamlClaimsServiceTests+MapToSamlClaimsMethod" name="Adds_Mapping_Of_External_Claims" />
    </UnitTest>
    <UnitTest name="Throws_ArgumentNull_Exception_When_Mapping_Is_Null" storage="d:\agents\smith05.01\_work\257\s\tests\chg.identityprovider.tests\bin\release\net9.0\chg.identityprovider.tests.dll" id="90ce1d9c-cd93-46b7-bdb8-202171564fe5">
      <Execution id="7598ed1a-6759-428f-a202-b61b19bdf130" />
      <TestMethod codeBase="D:\Agents\smith05.01\_work\257\s\tests\CHG.IdentityProvider.Tests\bin\Release\net9.0\CHG.IdentityProvider.Tests.dll" adapterTypeName="executor://nunit3testexecutor/" className="CHG.IdentityProvider.Tests.Services.Saml.ExtendedSamlClaimsServiceTests+MapToSamlClaimsMethod" name="Throws_ArgumentNull_Exception_When_Mapping_Is_Null" />
    </UnitTest>
    <UnitTest name="Can_Read_ClientSecretExpirationDate_Correctly" storage="d:\agents\smith05.01\_work\257\s\tests\chg.identityprovider.tests\bin\release\net9.0\chg.identityprovider.tests.dll" id="b61753a7-0caf-21b1-76c9-6660e112663e">
      <Execution id="c14ae425-040e-46da-b8f1-a87ba14c2340" />
      <TestMethod codeBase="D:\Agents\smith05.01\_work\257\s\tests\CHG.IdentityProvider.Tests\bin\Release\net9.0\CHG.IdentityProvider.Tests.dll" adapterTypeName="executor://nunit3testexecutor/" className="CHG.IdentityProvider.Tests.LoginProviders.LoginProviderMapperTests+MapToLoginProviderModelMethod" name="Can_Read_ClientSecretExpirationDate_Correctly" />
    </UnitTest>
    <UnitTest name="All_Api_Controllers_Should_Have_Defined_Suffix" storage="d:\agents\smith05.01\_work\257\s\tests\chg.identityprovider.tests\bin\release\net9.0\chg.identityprovider.tests.dll" id="36678689-fed3-daf7-51ec-33e64d06b045">
      <Execution id="cb50ede7-096f-49b8-bd7e-9a0bab9f9298" />
      <TestMethod codeBase="D:\Agents\smith05.01\_work\257\s\tests\CHG.IdentityProvider.Tests\bin\Release\net9.0\CHG.IdentityProvider.Tests.dll" adapterTypeName="executor://nunit3testexecutor/" className="CHG.IdentityProvider.Tests.Controllers.ControllersTests" name="All_Api_Controllers_Should_Have_Defined_Suffix" />
    </UnitTest>
    <UnitTest name="Returns_Enbled" storage="d:\agents\smith05.01\_work\257\s\tests\chg.identityprovider.tests\bin\release\net9.0\chg.identityprovider.tests.dll" id="b40fd00d-d53c-5169-d6b7-9e54de3594b7">
      <Execution id="ea82a29a-104d-40bd-833e-0f56cee2007d" />
      <TestMethod codeBase="D:\Agents\smith05.01\_work\257\s\tests\CHG.IdentityProvider.Tests\bin\Release\net9.0\CHG.IdentityProvider.Tests.dll" adapterTypeName="executor://nunit3testexecutor/" className="CHG.IdentityProvider.Tests.Services.ExtendedIdentityProviderStoreTests+GetAllEnabledAsyncMethod" name="Returns_Enbled" />
    </UnitTest>
    <UnitTest name="Returns_BadRequest_For_Non_Saml_Providers" storage="d:\agents\smith05.01\_work\257\s\tests\chg.identityprovider.tests\bin\release\net9.0\chg.identityprovider.tests.dll" id="d81023dc-190f-768d-e71b-78a565ac84d1">
      <Execution id="872c0219-5287-470d-a087-09e1e79481f0" />
      <TestMethod codeBase="D:\Agents\smith05.01\_work\257\s\tests\CHG.IdentityProvider.Tests\bin\Release\net9.0\CHG.IdentityProvider.Tests.dll" adapterTypeName="executor://nunit3testexecutor/" className="CHG.IdentityProvider.Tests.Controllers.LoginProvidersControllerTest+ImportSamlMetadataMethod" name="Returns_BadRequest_For_Non_Saml_Providers" />
    </UnitTest>
    <UnitTest name="Adds_Culture_Parameter_To_Url_WithoutExistingParameters" storage="d:\agents\smith05.01\_work\257\s\tests\chg.identityprovider.tests\bin\release\net9.0\chg.identityprovider.tests.dll" id="086a76d6-76fa-2a76-f2a6-4ced0e37bb7f">
      <Execution id="a25c1273-e68e-4d74-a6d3-877428c89611" />
      <TestMethod codeBase="D:\Agents\smith05.01\_work\257\s\tests\CHG.IdentityProvider.Tests\bin\Release\net9.0\CHG.IdentityProvider.Tests.dll" adapterTypeName="executor://nunit3testexecutor/" className="CHG.IdentityProvider.Tests.BusinessLogic.Extensions.UrlExtensionTests+AddCultureQueryParameterToUrlMethod" name="Adds_Culture_Parameter_To_Url_WithoutExistingParameters" />
    </UnitTest>
    <UnitTest name="External_User_Cannot_Lock_Account(null)" storage="d:\agents\smith05.01\_work\257\s\tests\chg.identityprovider.tests\bin\release\net9.0\chg.identityprovider.tests.dll" id="5b45e2bb-7a52-fa8e-f884-2649791bda5c">
      <Execution id="c1dbb212-1d49-433e-9655-e05837c306e1" />
      <TestMethod codeBase="D:\Agents\smith05.01\_work\257\s\tests\CHG.IdentityProvider.Tests\bin\Release\net9.0\CHG.IdentityProvider.Tests.dll" adapterTypeName="executor://nunit3testexecutor/" className="CHG.IdentityProvider.Tests.BusinessLogic.Services.IdentityServerSignInManagerTests+PasswordSignInAsyncMethod" name="External_User_Cannot_Lock_Account(null)" />
    </UnitTest>
    <UnitTest name="Returns_Error_For_Existing_Provider_Name" storage="d:\agents\smith05.01\_work\257\s\tests\chg.identityprovider.tests\bin\release\net9.0\chg.identityprovider.tests.dll" id="61a89e7b-671e-f4d6-8f7f-e832621cb969">
      <Execution id="faf11ef1-41e5-473c-9fd9-c3e801d2ac8f" />
      <TestMethod codeBase="D:\Agents\smith05.01\_work\257\s\tests\CHG.IdentityProvider.Tests\bin\Release\net9.0\CHG.IdentityProvider.Tests.dll" adapterTypeName="executor://nunit3testexecutor/" className="CHG.IdentityProvider.Tests.Services.IdentityProviderServiceTests+CreateAsyncMethod" name="Returns_Error_For_Existing_Provider_Name" />
    </UnitTest>
    <UnitTest name="Throws_Exception_When_Logger_Is_Null" storage="d:\agents\smith05.01\_work\257\s\tests\chg.identityprovider.tests\bin\release\net9.0\chg.identityprovider.tests.dll" id="20a093d7-c0f3-0d2e-1dc0-a9452856d2e5">
      <Execution id="9997cf1b-b286-4c29-b194-30271b432a70" />
      <TestMethod codeBase="D:\Agents\smith05.01\_work\257\s\tests\CHG.IdentityProvider.Tests\bin\Release\net9.0\CHG.IdentityProvider.Tests.dll" adapterTypeName="executor://nunit3testexecutor/" className="CHG.IdentityProvider.Tests.BusinessLogic.Services.ChgAzureADUserServiceTests+CtorMethod" name="Throws_Exception_When_Logger_Is_Null" />
    </UnitTest>
    <UnitTest name="Calls_Default_Oidc_Configuration" storage="d:\agents\smith05.01\_work\257\s\tests\chg.identityprovider.tests\bin\release\net9.0\chg.identityprovider.tests.dll" id="3085a310-fad1-d3a9-8227-ed2026c3eff7">
      <Execution id="5a602f93-ccdd-4cd9-b9b1-5a791b856e6e" />
      <TestMethod codeBase="D:\Agents\smith05.01\_work\257\s\tests\CHG.IdentityProvider.Tests\bin\Release\net9.0\CHG.IdentityProvider.Tests.dll" adapterTypeName="executor://nunit3testexecutor/" className="CHG.IdentityProvider.Tests.LoginProviders.Configuration.CustomOidcConfigureOptionsTests+ConfigureMethod" name="Calls_Default_Oidc_Configuration" />
    </UnitTest>
    <UnitTest name="Logs_UserName(&quot;https://localhost/connect/authorize/callback?test=1&amp;login_hint=hans.peter@test.com&amp;test2=2&quot;)" storage="d:\agents\smith05.01\_work\257\s\tests\chg.identityprovider.tests\bin\release\net9.0\chg.identityprovider.tests.dll" id="5d3589d3-d40b-ee90-a9f1-46294b97d9d0">
      <Execution id="9796cbe0-c3f8-4c95-900a-47e8f78abb39" />
      <TestMethod codeBase="D:\Agents\smith05.01\_work\257\s\tests\CHG.IdentityProvider.Tests\bin\Release\net9.0\CHG.IdentityProvider.Tests.dll" adapterTypeName="executor://nunit3testexecutor/" className="CHG.IdentityProvider.Tests.Middleware.UserLoginLoggingMiddlewareTests+InvokeMethod" name="Logs_UserName(&quot;https://localhost/connect/authorize/callback?test=1&amp;login_hint=hans.peter@test.com&amp;test2=2&quot;)" />
    </UnitTest>
    <UnitTest name="Returns_Correct_Type(&quot;Mozilla/5.0 (Macintosh; Intel Mac OS X 10_14_6) AppleWebKit/605.1.15 (KHTML, like Gecko) Version/13.0.3 Safari/605.1.15&quot;,Safari)" storage="d:\agents\smith05.01\_work\257\s\tests\chg.identityprovider.tests\bin\release\net9.0\chg.identityprovider.tests.dll" id="7c2086c6-5f5e-371e-ddc1-2a02f0cad440">
      <Execution id="109c7d01-6c02-4ef1-92ef-bf1472a1ca66" />
      <TestMethod codeBase="D:\Agents\smith05.01\_work\257\s\tests\CHG.IdentityProvider.Tests\bin\Release\net9.0\CHG.IdentityProvider.Tests.dll" adapterTypeName="executor://nunit3testexecutor/" className="CHG.IdentityProvider.Tests.Services.BrowserDetectorTests+GetBrowserTypeMethod" name="Returns_Correct_Type(&quot;Mozilla/5.0 (Macintosh; Intel Mac OS X 10_14_6) AppleWebKit/605.1.15 (KHTML, like Gecko) Version/13.0.3 Safari/605.1.15&quot;,Safari)" />
    </UnitTest>
    <UnitTest name="Returns_True_For_Successful_Operation" storage="d:\agents\smith05.01\_work\257\s\tests\chg.identityprovider.tests\bin\release\net9.0\chg.identityprovider.tests.dll" id="1a8d51e1-9109-ba95-ff04-d295a2bc5191">
      <Execution id="a04b57e6-042d-45b9-8eea-ba2e5fc513ba" />
      <TestMethod codeBase="D:\Agents\smith05.01\_work\257\s\tests\CHG.IdentityProvider.Tests\bin\Release\net9.0\CHG.IdentityProvider.Tests.dll" adapterTypeName="executor://nunit3testexecutor/" className="CHG.IdentityProvider.Tests.BusinessLogic.LanguageUtilsTests+IgnoreErrorsMethod" name="Returns_True_For_Successful_Operation" />
    </UnitTest>
    <UnitTest name="Publishes_UserEmailChanged_Event_When_Email_Was_Changed" storage="d:\agents\smith05.01\_work\257\s\tests\chg.identityprovider.tests\bin\release\net9.0\chg.identityprovider.tests.dll" id="d1408d87-bfb2-2107-6c33-7fe9e5b35d92">
      <Execution id="a97b70af-5add-4a08-990b-5618e5cd4da0" />
      <TestMethod codeBase="D:\Agents\smith05.01\_work\257\s\tests\CHG.IdentityProvider.Tests\bin\Release\net9.0\CHG.IdentityProvider.Tests.dll" adapterTypeName="executor://nunit3testexecutor/" className="CHG.IdentityProvider.Tests.BusinessLogic.Services.IdentityServerUserManagerTests+SetEmailAsync" name="Publishes_UserEmailChanged_Event_When_Email_Was_Changed" />
    </UnitTest>
    <UnitTest name="Updates_Existing_Claim" storage="d:\agents\smith05.01\_work\257\s\tests\chg.identityprovider.tests\bin\release\net9.0\chg.identityprovider.tests.dll" id="75eef484-74f8-dcad-829a-78c0eb4b4734">
      <Execution id="d461058f-71bd-4305-b182-d88fb9bfb0e3" />
      <TestMethod codeBase="D:\Agents\smith05.01\_work\257\s\tests\CHG.IdentityProvider.Tests\bin\Release\net9.0\CHG.IdentityProvider.Tests.dll" adapterTypeName="executor://nunit3testexecutor/" className="CHG.IdentityProvider.Tests.BusinessLogic.Services.UserIdentityEnricherTests+UpdateUserClaimsAsyncMethod" name="Updates_Existing_Claim" />
    </UnitTest>
    <UnitTest name="Gets_No_Client_By_Client_Id_Query_Parameter_When_Id_Is_Unknown" storage="d:\agents\smith05.01\_work\257\s\tests\chg.identityprovider.tests\bin\release\net9.0\chg.identityprovider.tests.dll" id="0d19ad27-66f8-e062-5c51-8dd7f3644128">
      <Execution id="87f58b68-37f5-48b0-a898-0f789de9a66b" />
      <TestMethod codeBase="D:\Agents\smith05.01\_work\257\s\tests\CHG.IdentityProvider.Tests\bin\Release\net9.0\CHG.IdentityProvider.Tests.dll" adapterTypeName="executor://nunit3testexecutor/" className="CHG.IdentityProvider.Tests.BusinessLogic.Services.ClientContextRetrieverTests+GetCurrentClientAsyncMethod" name="Gets_No_Client_By_Client_Id_Query_Parameter_When_Id_Is_Unknown" />
    </UnitTest>
    <UnitTest name="Calls_Graph_With_Attributes_And_UserName" storage="d:\agents\smith05.01\_work\257\s\tests\chg.identityprovider.tests\bin\release\net9.0\chg.identityprovider.tests.dll" id="cb16e62b-7018-bfc7-958b-66ad0d69de69">
      <Execution id="8c93c8f5-d42c-461c-a37b-e4c45a078eae" />
      <TestMethod codeBase="D:\Agents\smith05.01\_work\257\s\tests\CHG.IdentityProvider.Tests\bin\Release\net9.0\CHG.IdentityProvider.Tests.dll" adapterTypeName="executor://nunit3testexecutor/" className="CHG.IdentityProvider.Tests.BusinessLogic.Services.AzureADUserInformationRetrieverTests+GetUserAttributesAsyncMethod" name="Calls_Graph_With_Attributes_And_UserName" />
    </UnitTest>
    <UnitTest name="Returns_False_When_Max_Attempt_Is_Not_Reached_Yet" storage="d:\agents\smith05.01\_work\257\s\tests\chg.identityprovider.tests\bin\release\net9.0\chg.identityprovider.tests.dll" id="bd29e3e6-4bd1-9d17-7983-0e5c9df0b7e4">
      <Execution id="bfe30b0e-6fb7-4d1d-836a-500907c7bc74" />
      <TestMethod codeBase="D:\Agents\smith05.01\_work\257\s\tests\CHG.IdentityProvider.Tests\bin\Release\net9.0\CHG.IdentityProvider.Tests.dll" adapterTypeName="executor://nunit3testexecutor/" className="CHG.IdentityProvider.Tests.BusinessLogic.Services.IdentityServerSignInManagerTests+IsSecurityActionForMaxLoginAttemptsRequiredAsyncMethod" name="Returns_False_When_Max_Attempt_Is_Not_Reached_Yet" />
    </UnitTest>
    <UnitTest name="Returns_Correct_Type(&quot;lala&quot;,Unknown)" storage="d:\agents\smith05.01\_work\257\s\tests\chg.identityprovider.tests\bin\release\net9.0\chg.identityprovider.tests.dll" id="31b22c6f-d755-4c42-9176-cb0d5db7f723">
      <Execution id="415a1fae-6ff6-41c0-9d55-eaff2a34ddb3" />
      <TestMethod codeBase="D:\Agents\smith05.01\_work\257\s\tests\CHG.IdentityProvider.Tests\bin\Release\net9.0\CHG.IdentityProvider.Tests.dll" adapterTypeName="executor://nunit3testexecutor/" className="CHG.IdentityProvider.Tests.Services.BrowserDetectorTests+GetBrowserTypeMethod" name="Returns_Correct_Type(&quot;lala&quot;,Unknown)" />
    </UnitTest>
    <UnitTest name="Logs_UserName(&quot;https://localhost/connect/authorize/callback?response_type=code&amp;nonce=S4_ecUibIx3gDlmu2gxWbg&amp;state=iKrnRROcgdSCouI65KxTaA&amp;code_challenge=o64_GXFowwNSMMDN3FzQWUHEZVU0QqnWaggSLrGBP2Q&amp;code_challenge_method=S256&amp;client_id=las_desktop&amp;scope=openid%20profile%20offline_access%20chgprofile%20email%20dms_appserver_api&amp;redirect_uri=http%3A%2F%2Flocalhost%2Flas_desktop&amp;acr_values=idp%3ACHGAzureAD&amp;login_hint=hans.peter@test.com&quot;)" storage="d:\agents\smith05.01\_work\257\s\tests\chg.identityprovider.tests\bin\release\net9.0\chg.identityprovider.tests.dll" id="6dcdf04f-a33f-fd05-3f14-fd7056c71ddf">
      <Execution id="1fa96ae3-4dec-405f-b93c-4bf19bbb35e7" />
      <TestMethod codeBase="D:\Agents\smith05.01\_work\257\s\tests\CHG.IdentityProvider.Tests\bin\Release\net9.0\CHG.IdentityProvider.Tests.dll" adapterTypeName="executor://nunit3testexecutor/" className="CHG.IdentityProvider.Tests.Middleware.UserLoginLoggingMiddlewareTests+InvokeMethod" name="Logs_UserName(&quot;https://localhost/connect/authorize/callback?response_type=code&amp;nonce=S4_ecUibIx3gDlmu2gxWbg&amp;state=iKrnRROcgdSCouI65KxTaA&amp;code_challenge=o64_GXFowwNSMMDN3FzQWUHEZVU0QqnWaggSLrGBP2Q&amp;code_challenge_method=S256&amp;client_id=las_desktop&amp;scope=openid%20profile%20offline_access%20chgprofile%20email%20dms_appserver_api&amp;redirect_uri=http%3A%2F%2Flocalhost%2Flas_desktop&amp;acr_values=idp%3ACHGAzureAD&amp;login_hint=hans.peter@test.com&quot;)" />
    </UnitTest>
    <UnitTest name="Maps_Properties_Of_LoginProviderViewModel_To_A_LoginProvider" storage="d:\agents\smith05.01\_work\257\s\tests\chg.identityprovider.tests\bin\release\net9.0\chg.identityprovider.tests.dll" id="68b32425-9a58-d694-a679-bc3f03275913">
      <Execution id="ec937e11-df36-4726-ba33-13b1f4d3ef5a" />
      <TestMethod codeBase="D:\Agents\smith05.01\_work\257\s\tests\CHG.IdentityProvider.Tests\bin\Release\net9.0\CHG.IdentityProvider.Tests.dll" adapterTypeName="executor://nunit3testexecutor/" className="CHG.IdentityProvider.Tests.Mappings.LoginProviderMappingTests" name="Maps_Properties_Of_LoginProviderViewModel_To_A_LoginProvider" />
    </UnitTest>
    <UnitTest name="Throws_Exception_When_Mailbox_Is_Empty" storage="d:\agents\smith05.01\_work\257\s\tests\chg.identityprovider.tests\bin\release\net9.0\chg.identityprovider.tests.dll" id="1f78983d-c538-218b-ca11-ba4031ab41b5">
      <Execution id="f795ed60-b467-4500-aae1-27804dd82ddd" />
      <TestMethod codeBase="D:\Agents\smith05.01\_work\257\s\tests\CHG.IdentityProvider.Tests\bin\Release\net9.0\CHG.IdentityProvider.Tests.dll" adapterTypeName="executor://nunit3testexecutor/" className="CHG.IdentityProvider.Tests.Services.EmailSenderTests+SendEmailAsyncMethod" name="Throws_Exception_When_Mailbox_Is_Empty" />
    </UnitTest>
    <UnitTest name="Returns_Failure_If_Password_Is_Longer_Than_Max_Length" storage="d:\agents\smith05.01\_work\257\s\tests\chg.identityprovider.tests\bin\release\net9.0\chg.identityprovider.tests.dll" id="79b8c264-ac6c-7662-43da-9eb7f8b3b2a3">
      <Execution id="d0d53e80-cf6c-432b-a3e9-369f8d90dadb" />
      <TestMethod codeBase="D:\Agents\smith05.01\_work\257\s\tests\CHG.IdentityProvider.Tests\bin\Release\net9.0\CHG.IdentityProvider.Tests.dll" adapterTypeName="executor://nunit3testexecutor/" className="CHG.IdentityProvider.Tests.BusinessLogic.Validators.MaxLengthPasswordValidatorTests+ValidateMethod" name="Returns_Failure_If_Password_Is_Longer_Than_Max_Length" />
    </UnitTest>
    <UnitTest name="Contains_A_Row_Per_LoginProvider_In_The_Email_Text" storage="d:\agents\smith05.01\_work\257\s\tests\chg.identityprovider.tests\bin\release\net9.0\chg.identityprovider.tests.dll" id="65690e6c-ce58-910b-d8f0-054207cc266e">
      <Execution id="a27860da-a9e7-4bcf-9102-51a6867b2640" />
      <TestMethod codeBase="D:\Agents\smith05.01\_work\257\s\tests\CHG.IdentityProvider.Tests\bin\Release\net9.0\CHG.IdentityProvider.Tests.dll" adapterTypeName="executor://nunit3testexecutor/" className="CHG.IdentityProvider.Tests.Services.LoginProviderExpirationCheckTests+SendLoginProviderExpirationInfoMailMethod" name="Contains_A_Row_Per_LoginProvider_In_The_Email_Text" />
    </UnitTest>
    <UnitTest name="Removes_Class_If_ControllerAttribute_Is_Current_Controller(&quot;selected someClass&quot;)" storage="d:\agents\smith05.01\_work\257\s\tests\chg.identityprovider.tests\bin\release\net9.0\chg.identityprovider.tests.dll" id="21d5c5ac-0207-499c-e606-878e656cf848">
      <Execution id="d959440e-08ba-4a0d-a22f-366ab0024179" />
      <TestMethod codeBase="D:\Agents\smith05.01\_work\257\s\tests\CHG.IdentityProvider.Tests\bin\Release\net9.0\CHG.IdentityProvider.Tests.dll" adapterTypeName="executor://nunit3testexecutor/" className="CHG.IdentityProvider.Tests.TagHelpers.RemoveClassIfCurrentControllerTests+ProcessMethod" name="Removes_Class_If_ControllerAttribute_Is_Current_Controller(&quot;selected someClass&quot;)" />
    </UnitTest>
    <UnitTest name="Does_Not_Publish_UserFullNameChanged_Event_When_LastName_Was_Not_Changed" storage="d:\agents\smith05.01\_work\257\s\tests\chg.identityprovider.tests\bin\release\net9.0\chg.identityprovider.tests.dll" id="54f204db-bc4f-ada0-8c7d-1602734fdeb8">
      <Execution id="c991d7b5-ce17-47ce-89b0-adcc6fcec9d0" />
      <TestMethod codeBase="D:\Agents\smith05.01\_work\257\s\tests\CHG.IdentityProvider.Tests\bin\Release\net9.0\CHG.IdentityProvider.Tests.dll" adapterTypeName="executor://nunit3testexecutor/" className="CHG.IdentityProvider.Tests.BusinessLogic.Services.IdentityServerUserManagerTests+SetLastNameAsync" name="Does_Not_Publish_UserFullNameChanged_Event_When_LastName_Was_Not_Changed" />
    </UnitTest>
    <UnitTest name="Removes_Duplicate_Email_Claim" storage="d:\agents\smith05.01\_work\257\s\tests\chg.identityprovider.tests\bin\release\net9.0\chg.identityprovider.tests.dll" id="b3759433-c41f-1416-e7cc-f0cd990ba8c7">
      <Execution id="6df8dc70-48e8-432a-8213-83f5e8b97f9b" />
      <TestMethod codeBase="D:\Agents\smith05.01\_work\257\s\tests\CHG.IdentityProvider.Tests\bin\Release\net9.0\CHG.IdentityProvider.Tests.dll" adapterTypeName="executor://nunit3testexecutor/" className="CHG.IdentityProvider.Tests.Services.ExtendedProfileServiceTests+GetProfileDataAsyncMethod" name="Removes_Duplicate_Email_Claim" />
    </UnitTest>
    <UnitTest name="Publishes_UserEmailConfirmedChanged_Event_With_Non_Confirmed_Email" storage="d:\agents\smith05.01\_work\257\s\tests\chg.identityprovider.tests\bin\release\net9.0\chg.identityprovider.tests.dll" id="5f106d6a-eff7-09fd-b05a-c6e9d925bb23">
      <Execution id="4ffec9ce-57f0-4e4b-879b-071ede447f7b" />
      <TestMethod codeBase="D:\Agents\smith05.01\_work\257\s\tests\CHG.IdentityProvider.Tests\bin\Release\net9.0\CHG.IdentityProvider.Tests.dll" adapterTypeName="executor://nunit3testexecutor/" className="CHG.IdentityProvider.Tests.BusinessLogic.Services.IdentityServerUserManagerTests+SetEmailAsync" name="Publishes_UserEmailConfirmedChanged_Event_With_Non_Confirmed_Email" />
    </UnitTest>
    <UnitTest name="Returns_Failure_If_Password_Equals_Username(&quot;test@test.com&quot;,&quot;TEST@test.com&quot;)" storage="d:\agents\smith05.01\_work\257\s\tests\chg.identityprovider.tests\bin\release\net9.0\chg.identityprovider.tests.dll" id="05db0d15-2e44-1af0-f9b2-cfa31817093d">
      <Execution id="5c213481-6800-4fa4-9acf-aa33a71ef1c8" />
      <TestMethod codeBase="D:\Agents\smith05.01\_work\257\s\tests\CHG.IdentityProvider.Tests\bin\Release\net9.0\CHG.IdentityProvider.Tests.dll" adapterTypeName="executor://nunit3testexecutor/" className="CHG.IdentityProvider.Tests.BusinessLogic.Validators.UsernameAsPasswordValidatorTests+ValidateMethod" name="Returns_Failure_If_Password_Equals_Username(&quot;test@test.com&quot;,&quot;TEST@test.com&quot;)" />
    </UnitTest>
    <UnitTest name="Generates_A_New_UserInvite_Token_By_UserId" storage="d:\agents\smith05.01\_work\257\s\tests\chg.identityprovider.tests\bin\release\net9.0\chg.identityprovider.tests.dll" id="a3290529-0780-7631-13af-63df49322e69">
      <Execution id="0a0efbd7-596a-43ef-b9ff-e1f686069b0a" />
      <TestMethod codeBase="D:\Agents\smith05.01\_work\257\s\tests\CHG.IdentityProvider.Tests\bin\Release\net9.0\CHG.IdentityProvider.Tests.dll" adapterTypeName="executor://nunit3testexecutor/" className="CHG.IdentityProvider.Tests.Controllers.Api.UserInvitationApiControllerTests+InviteV3Action" name="Generates_A_New_UserInvite_Token_By_UserId" />
    </UnitTest>
    <UnitTest name="Returns_Correct_Type(&quot;Mozilla/5.0 (Windows NT 10.0; WOW64; rv:70.0) Gecko/20100101 Firefox/70.0&quot;,FireFox)" storage="d:\agents\smith05.01\_work\257\s\tests\chg.identityprovider.tests\bin\release\net9.0\chg.identityprovider.tests.dll" id="69d059cd-ce2d-f8cc-9657-5898b279f124">
      <Execution id="a1ec44f5-ed8a-4971-8f8c-a51909a7713f" />
      <TestMethod codeBase="D:\Agents\smith05.01\_work\257\s\tests\CHG.IdentityProvider.Tests\bin\Release\net9.0\CHG.IdentityProvider.Tests.dll" adapterTypeName="executor://nunit3testexecutor/" className="CHG.IdentityProvider.Tests.Services.BrowserDetectorTests+GetBrowserTypeMethod" name="Returns_Correct_Type(&quot;Mozilla/5.0 (Windows NT 10.0; WOW64; rv:70.0) Gecko/20100101 Firefox/70.0&quot;,FireFox)" />
    </UnitTest>
    <UnitTest name="Returns_InternetExplorer(&quot;Mozilla/5.0 (Windows NT 6.1; Trident/7.0; rv:11.0) like Gecko&quot;)" storage="d:\agents\smith05.01\_work\257\s\tests\chg.identityprovider.tests\bin\release\net9.0\chg.identityprovider.tests.dll" id="b6ecc9d9-3150-74f2-ea1e-05f683a42d87">
      <Execution id="11ca5fcd-6e2c-49c3-9939-e266202972ad" />
      <TestMethod codeBase="D:\Agents\smith05.01\_work\257\s\tests\CHG.IdentityProvider.Tests\bin\Release\net9.0\CHG.IdentityProvider.Tests.dll" adapterTypeName="executor://nunit3testexecutor/" className="CHG.IdentityProvider.Tests.Services.BrowserDetectorTests+GetBrowserTypeMethod" name="Returns_InternetExplorer(&quot;Mozilla/5.0 (Windows NT 6.1; Trident/7.0; rv:11.0) like Gecko&quot;)" />
    </UnitTest>
    <UnitTest name="Logs_The_Entire_IP_Address_If_It_Is_A_Local_Address(&quot;10.49.13.0&quot;)" storage="d:\agents\smith05.01\_work\257\s\tests\chg.identityprovider.tests\bin\release\net9.0\chg.identityprovider.tests.dll" id="18709f93-7f08-10e7-ce1b-5f4578af39cd">
      <Execution id="fc8ef48d-4a71-42c6-a6a1-ed31637ec646" />
      <TestMethod codeBase="D:\Agents\smith05.01\_work\257\s\tests\CHG.IdentityProvider.Tests\bin\Release\net9.0\CHG.IdentityProvider.Tests.dll" adapterTypeName="executor://nunit3testexecutor/" className="CHG.IdentityProvider.Tests.Infrastructure.LoggingSetupTests+TheEnrichFromHttpContextMethod" name="Logs_The_Entire_IP_Address_If_It_Is_A_Local_Address(&quot;10.49.13.0&quot;)" />
    </UnitTest>
    <UnitTest name="Sends_Link_To_Customized_Sender_Of_Factory" storage="d:\agents\smith05.01\_work\257\s\tests\chg.identityprovider.tests\bin\release\net9.0\chg.identityprovider.tests.dll" id="adba23eb-435b-03a7-d6eb-6d4f6a270950">
      <Execution id="6043da7e-b445-456b-8aae-484199dd5a84" />
      <TestMethod codeBase="D:\Agents\smith05.01\_work\257\s\tests\CHG.IdentityProvider.Tests\bin\Release\net9.0\CHG.IdentityProvider.Tests.dll" adapterTypeName="executor://nunit3testexecutor/" className="CHG.IdentityProvider.Tests.BusinessLogic.Services.UserNotificationSenderDispatcherTests+SendAccountLockedLinkAsyncMethod" name="Sends_Link_To_Customized_Sender_Of_Factory" />
    </UnitTest>
    <UnitTest name="Unlocks_Locked_Account" storage="d:\agents\smith05.01\_work\257\s\tests\chg.identityprovider.tests\bin\release\net9.0\chg.identityprovider.tests.dll" id="e90a6e20-7644-8c22-5813-d83b2765bdc3">
      <Execution id="b2992ef6-16e5-4c92-abff-ea1f30897391" />
      <TestMethod codeBase="D:\Agents\smith05.01\_work\257\s\tests\CHG.IdentityProvider.Tests\bin\Release\net9.0\CHG.IdentityProvider.Tests.dll" adapterTypeName="executor://nunit3testexecutor/" className="CHG.IdentityProvider.Tests.BusinessLogic.Services.IdentityServerUserManagerTests+ResetPasswordAsyncMethod" name="Unlocks_Locked_Account" />
    </UnitTest>
    <UnitTest name="Returns_Failure_If_Password_Contains_FirstName(&quot;Hans&quot;,&quot;hans123&quot;)" storage="d:\agents\smith05.01\_work\257\s\tests\chg.identityprovider.tests\bin\release\net9.0\chg.identityprovider.tests.dll" id="280b2df7-bff6-1df8-8536-f731bdd148fe">
      <Execution id="a37e8fb9-ade4-49f4-b77b-6701b519b038" />
      <TestMethod codeBase="D:\Agents\smith05.01\_work\257\s\tests\CHG.IdentityProvider.Tests\bin\Release\net9.0\CHG.IdentityProvider.Tests.dll" adapterTypeName="executor://nunit3testexecutor/" className="CHG.IdentityProvider.Tests.BusinessLogic.Validators.FirstLastNameAsPasswordValidatorTests+ValidateMethod" name="Returns_Failure_If_Password_Contains_FirstName(&quot;Hans&quot;,&quot;hans123&quot;)" />
    </UnitTest>
    <UnitTest name="Sets_Class_If_Href_Is_Current_Action" storage="d:\agents\smith05.01\_work\257\s\tests\chg.identityprovider.tests\bin\release\net9.0\chg.identityprovider.tests.dll" id="6a561465-9c3c-9ece-7c32-2864747b9785">
      <Execution id="84e0b033-c5ae-4bb7-aec2-3dbd48bdbbfc" />
      <TestMethod codeBase="D:\Agents\smith05.01\_work\257\s\tests\CHG.IdentityProvider.Tests\bin\Release\net9.0\CHG.IdentityProvider.Tests.dll" adapterTypeName="executor://nunit3testexecutor/" className="CHG.IdentityProvider.Tests.TagHelpers.AddActiveIfCurrentActionTests+ProcessMethod" name="Sets_Class_If_Href_Is_Current_Action" />
    </UnitTest>
    <UnitTest name="Does_Nothing" storage="d:\agents\smith05.01\_work\257\s\tests\chg.identityprovider.tests\bin\release\net9.0\chg.identityprovider.tests.dll" id="9b95bfa4-55e3-732f-a6b1-834d6f399544">
      <Execution id="93a6e3d9-bc0b-4aea-b91f-72507f0054d9" />
      <TestMethod codeBase="D:\Agents\smith05.01\_work\257\s\tests\CHG.IdentityProvider.Tests\bin\Release\net9.0\CHG.IdentityProvider.Tests.dll" adapterTypeName="executor://nunit3testexecutor/" className="CHG.IdentityProvider.Tests.Services.ExtendedIdentityProviderStoreTests+ClearCacheMethod" name="Does_Nothing" />
    </UnitTest>
    <UnitTest name="Returns_False_For_Invalid_Email(&quot;without@domain&quot;)" storage="d:\agents\smith05.01\_work\257\s\tests\chg.identityprovider.tests\bin\release\net9.0\chg.identityprovider.tests.dll" id="7ca37dea-02d7-4204-61e8-e182370b41d4">
      <Execution id="62ae7589-7d4c-4884-9dcb-4399dfc41046" />
      <TestMethod codeBase="D:\Agents\smith05.01\_work\257\s\tests\CHG.IdentityProvider.Tests\bin\Release\net9.0\CHG.IdentityProvider.Tests.dll" adapterTypeName="executor://nunit3testexecutor/" className="CHG.IdentityProvider.Tests.Extensions.EmailUtilsTests+IsValidEmailMethod" name="Returns_False_For_Invalid_Email(&quot;without@domain&quot;)" />
    </UnitTest>
    <UnitTest name="Returns_False_For_Invalid_Username" storage="d:\agents\smith05.01\_work\257\s\tests\chg.identityprovider.tests\bin\release\net9.0\chg.identityprovider.tests.dll" id="8d43a3f1-875f-fff1-7b04-922e2efe0c83">
      <Execution id="4345d20d-a948-4d34-befe-e14c6c19ffde" />
      <TestMethod codeBase="D:\Agents\smith05.01\_work\257\s\tests\CHG.IdentityProvider.Tests\bin\Release\net9.0\CHG.IdentityProvider.Tests.dll" adapterTypeName="executor://nunit3testexecutor/" className="CHG.IdentityProvider.Tests.BusinessLogic.Services.IdentityServerSignInManagerTests+IsSecurityActionForMaxLoginAttemptsRequiredAsyncMethod" name="Returns_False_For_Invalid_Username" />
    </UnitTest>
    <UnitTest name="Calls_Service" storage="d:\agents\smith05.01\_work\257\s\tests\chg.identityprovider.tests\bin\release\net9.0\chg.identityprovider.tests.dll" id="91f5171e-6876-7745-a33d-903e8835ce89">
      <Execution id="006bedfe-5f81-41d9-98ac-b99e9d8753a8" />
      <TestMethod codeBase="D:\Agents\smith05.01\_work\257\s\tests\CHG.IdentityProvider.Tests\bin\Release\net9.0\CHG.IdentityProvider.Tests.dll" adapterTypeName="executor://nunit3testexecutor/" className="CHG.IdentityProvider.Tests.Controllers.LoginProvidersControllerTest+DetailPostMethod" name="Calls_Service" />
    </UnitTest>
    <UnitTest name="ThrowsException_With_Null" storage="d:\agents\smith05.01\_work\257\s\tests\chg.identityprovider.tests\bin\release\net9.0\chg.identityprovider.tests.dll" id="7a126cc2-bd56-b892-8919-d6208ab8ca3a">
      <Execution id="eb911411-d403-462b-a605-175379b5273a" />
      <TestMethod codeBase="D:\Agents\smith05.01\_work\257\s\tests\CHG.IdentityProvider.Tests\bin\Release\net9.0\CHG.IdentityProvider.Tests.dll" adapterTypeName="executor://nunit3testexecutor/" className="CHG.IdentityProvider.Tests.BusinessLogic.Validators.FirstLastNameAsPasswordValidatorTests+ValidateMethod" name="ThrowsException_With_Null" />
    </UnitTest>
    <UnitTest name="Maps_ExtendedClient_With_ClientType_By_ProtocolType(&quot;wsfed&quot;,WsFed)" storage="d:\agents\smith05.01\_work\257\s\tests\chg.identityprovider.tests\bin\release\net9.0\chg.identityprovider.tests.dll" id="2354f74f-c035-3035-1474-5ee8ef90285b">
      <Execution id="04b71e2c-9306-4d3e-b0e0-28227de09bbf" />
      <TestMethod codeBase="D:\Agents\smith05.01\_work\257\s\tests\CHG.IdentityProvider.Tests\bin\Release\net9.0\CHG.IdentityProvider.Tests.dll" adapterTypeName="executor://nunit3testexecutor/" className="CHG.IdentityProvider.Tests.Mappings.ImportClientModelMapperTests+MapToExtendedClientMethod" name="Maps_ExtendedClient_With_ClientType_By_ProtocolType(&quot;wsfed&quot;,WsFed)" />
    </UnitTest>
    <UnitTest name="Returns_BadRequest_If_FirstName_Update_Failed" storage="d:\agents\smith05.01\_work\257\s\tests\chg.identityprovider.tests\bin\release\net9.0\chg.identityprovider.tests.dll" id="fccd3cd4-9447-55a4-9c9f-2b9349b75b3e">
      <Execution id="d92789b2-6881-4b9c-9e12-5d616f1aa5f2" />
      <TestMethod codeBase="D:\Agents\smith05.01\_work\257\s\tests\CHG.IdentityProvider.Tests\bin\Release\net9.0\CHG.IdentityProvider.Tests.dll" adapterTypeName="executor://nunit3testexecutor/" className="CHG.IdentityProvider.Tests.Controllers.Api.UserApiControllerTests+UpdateMethod" name="Returns_BadRequest_If_FirstName_Update_Failed" />
    </UnitTest>
    <UnitTest name="Fails_If_The_Token_Is_Invalid" storage="d:\agents\smith05.01\_work\257\s\tests\chg.identityprovider.tests\bin\release\net9.0\chg.identityprovider.tests.dll" id="6919b59f-579b-7e25-2783-6d78a47fb7fa">
      <Execution id="da10929c-cfd5-426b-bcdb-6389ed28a597" />
      <TestMethod codeBase="D:\Agents\smith05.01\_work\257\s\tests\CHG.IdentityProvider.Tests\bin\Release\net9.0\CHG.IdentityProvider.Tests.dll" adapterTypeName="executor://nunit3testexecutor/" className="CHG.IdentityProvider.Tests.BusinessLogic.Services.IdentityServerUserManagerTests+UnlockUserAsyncMethod" name="Fails_If_The_Token_Is_Invalid" />
    </UnitTest>
    <UnitTest name="Gets_Test_Client_By_LoginProcess" storage="d:\agents\smith05.01\_work\257\s\tests\chg.identityprovider.tests\bin\release\net9.0\chg.identityprovider.tests.dll" id="85558b84-5d63-b61d-ecb9-d1c21343bb50">
      <Execution id="200d2e72-6452-447f-8a9b-504f35d034cf" />
      <TestMethod codeBase="D:\Agents\smith05.01\_work\257\s\tests\CHG.IdentityProvider.Tests\bin\Release\net9.0\CHG.IdentityProvider.Tests.dll" adapterTypeName="executor://nunit3testexecutor/" className="CHG.IdentityProvider.Tests.BusinessLogic.Services.ClientContextRetrieverTests+GetCurrentClientAsyncMethod" name="Gets_Test_Client_By_LoginProcess" />
    </UnitTest>
    <UnitTest name="Publishes_UserFullNameChanged_Event_When_LastName_Was_Changed" storage="d:\agents\smith05.01\_work\257\s\tests\chg.identityprovider.tests\bin\release\net9.0\chg.identityprovider.tests.dll" id="c7802a14-f7f9-700d-f68b-01725ef0e0ec">
      <Execution id="bcfce7cc-b7e4-4e62-ab9e-3876cf900bed" />
      <TestMethod codeBase="D:\Agents\smith05.01\_work\257\s\tests\CHG.IdentityProvider.Tests\bin\Release\net9.0\CHG.IdentityProvider.Tests.dll" adapterTypeName="executor://nunit3testexecutor/" className="CHG.IdentityProvider.Tests.BusinessLogic.Services.IdentityServerUserManagerTests+SetLastNameAsync" name="Publishes_UserFullNameChanged_Event_When_LastName_Was_Changed" />
    </UnitTest>
    <UnitTest name="Calls_Store" storage="d:\agents\smith05.01\_work\257\s\tests\chg.identityprovider.tests\bin\release\net9.0\chg.identityprovider.tests.dll" id="c41d1e70-7e7d-8a7e-7fe7-cbcfb8a85538">
      <Execution id="e462018d-f9d8-42f1-b54d-d8c094127fa9" />
      <TestMethod codeBase="D:\Agents\smith05.01\_work\257\s\tests\CHG.IdentityProvider.Tests\bin\Release\net9.0\CHG.IdentityProvider.Tests.dll" adapterTypeName="executor://nunit3testexecutor/" className="CHG.IdentityProvider.Tests.Services.IdentityProviderServiceTests+GetBySchemeAsync" name="Calls_Store" />
    </UnitTest>
    <UnitTest name="Does_Not_Allow_Renaming_Of_The_ChgAzureAd_Provider" storage="d:\agents\smith05.01\_work\257\s\tests\chg.identityprovider.tests\bin\release\net9.0\chg.identityprovider.tests.dll" id="5520a90c-cb4e-16eb-8e32-95b89f440338">
      <Execution id="dda54e9f-4205-41ac-88fa-627c0ef6875a" />
      <TestMethod codeBase="D:\Agents\smith05.01\_work\257\s\tests\CHG.IdentityProvider.Tests\bin\Release\net9.0\CHG.IdentityProvider.Tests.dll" adapterTypeName="executor://nunit3testexecutor/" className="CHG.IdentityProvider.Tests.Controllers.LoginProvidersControllerTest+DetailPostMethod" name="Does_Not_Allow_Renaming_Of_The_ChgAzureAd_Provider" />
    </UnitTest>
    <UnitTest name="Calls_Store" storage="d:\agents\smith05.01\_work\257\s\tests\chg.identityprovider.tests\bin\release\net9.0\chg.identityprovider.tests.dll" id="255f285b-de9e-07c0-bd3c-5e12f52636e3">
      <Execution id="faa3b771-d372-4fa2-b4bb-8b39880b76ba" />
      <TestMethod codeBase="D:\Agents\smith05.01\_work\257\s\tests\CHG.IdentityProvider.Tests\bin\Release\net9.0\CHG.IdentityProvider.Tests.dll" adapterTypeName="executor://nunit3testexecutor/" className="CHG.IdentityProvider.Tests.Services.IdentityProviderServiceTests+GetAllSchemeDisplayNamesAsync" name="Calls_Store" />
    </UnitTest>
    <UnitTest name="Throws_Exception_If_Response_Is_Null" storage="d:\agents\smith05.01\_work\257\s\tests\chg.identityprovider.tests\bin\release\net9.0\chg.identityprovider.tests.dll" id="0592f100-f623-2e1d-4074-f264187ae12f">
      <Execution id="07ecdf86-c2a3-4e20-b420-b53e65ed9023" />
      <TestMethod codeBase="D:\Agents\smith05.01\_work\257\s\tests\CHG.IdentityProvider.Tests\bin\Release\net9.0\CHG.IdentityProvider.Tests.dll" adapterTypeName="executor://nunit3testexecutor/" className="CHG.IdentityProvider.Tests.Services.Saml.ChunkedCookieSamlCorrelationStoreTests+RemoveMethod" name="Throws_Exception_If_Response_Is_Null" />
    </UnitTest>
    <UnitTest name="Returns_Correct_Type(&quot;Mozilla/5.0 (Windows NT 10.0; Win64; x64) AppleWebKit/537.36 (KHTML, like Gecko) Chrome/70.0.3538.102 Safari/537.36 Edge/18.19042&quot;,Edge)" storage="d:\agents\smith05.01\_work\257\s\tests\chg.identityprovider.tests\bin\release\net9.0\chg.identityprovider.tests.dll" id="e058a3b6-7748-0e51-16f6-2e2bf3b4c412">
      <Execution id="128492ab-fc72-4ae1-88b6-442b26a08e75" />
      <TestMethod codeBase="D:\Agents\smith05.01\_work\257\s\tests\CHG.IdentityProvider.Tests\bin\Release\net9.0\CHG.IdentityProvider.Tests.dll" adapterTypeName="executor://nunit3testexecutor/" className="CHG.IdentityProvider.Tests.Services.BrowserDetectorTests+GetBrowserTypeMethod" name="Returns_Correct_Type(&quot;Mozilla/5.0 (Windows NT 10.0; Win64; x64) AppleWebKit/537.36 (KHTML, like Gecko) Chrome/70.0.3538.102 Safari/537.36 Edge/18.19042&quot;,Edge)" />
    </UnitTest>
    <UnitTest name="Removes_Helper_Attributes" storage="d:\agents\smith05.01\_work\257\s\tests\chg.identityprovider.tests\bin\release\net9.0\chg.identityprovider.tests.dll" id="b46b44e4-b5f9-4f62-5744-c794cd3ec80c">
      <Execution id="a06fcf0d-4f1a-4725-83f4-dcea3925c121" />
      <TestMethod codeBase="D:\Agents\smith05.01\_work\257\s\tests\CHG.IdentityProvider.Tests\bin\Release\net9.0\CHG.IdentityProvider.Tests.dll" adapterTypeName="executor://nunit3testexecutor/" className="CHG.IdentityProvider.Tests.TagHelpers.RemoveClassIfCurrentControllerTests+ProcessMethod" name="Removes_Helper_Attributes" />
    </UnitTest>
    <UnitTest name="Adds_External_Claims_To_UserInfoEndpoint" storage="d:\agents\smith05.01\_work\257\s\tests\chg.identityprovider.tests\bin\release\net9.0\chg.identityprovider.tests.dll" id="20776a74-d6fb-ed22-35f7-183ead4c288d">
      <Execution id="ea3408a4-98c2-4f17-9e3d-9cea510ffc88" />
      <TestMethod codeBase="D:\Agents\smith05.01\_work\257\s\tests\CHG.IdentityProvider.Tests\bin\Release\net9.0\CHG.IdentityProvider.Tests.dll" adapterTypeName="executor://nunit3testexecutor/" className="CHG.IdentityProvider.Tests.Services.ExtendedProfileServiceTests+GetProfileDataAsyncMethod" name="Adds_External_Claims_To_UserInfoEndpoint" />
    </UnitTest>
    <UnitTest name="Login_Is_Blocked_When_User_Is_Locked_Out" storage="d:\agents\smith05.01\_work\257\s\tests\chg.identityprovider.tests\bin\release\net9.0\chg.identityprovider.tests.dll" id="0421f89e-6233-957e-5d3e-3c1e1f7f2cb0">
      <Execution id="6e3dc794-3768-4488-bbdb-6e96ef058d55" />
      <TestMethod codeBase="D:\Agents\smith05.01\_work\257\s\tests\CHG.IdentityProvider.Tests\bin\Release\net9.0\CHG.IdentityProvider.Tests.dll" adapterTypeName="executor://nunit3testexecutor/" className="CHG.IdentityProvider.Tests.BusinessLogic.Services.IdentityServerSignInManagerTests+CheckPasswordSignInAsyncMethod" name="Login_Is_Blocked_When_User_Is_Locked_Out" />
    </UnitTest>
    <UnitTest name="HandleGroups(&quot;usergroup&quot;)" storage="d:\agents\smith05.01\_work\257\s\tests\chg.identityprovider.tests\bin\release\net9.0\chg.identityprovider.tests.dll" id="77a55cd3-acda-9b88-793a-ed5efcff6683">
      <Execution id="3e82a88c-b265-4b97-9534-eb53f71df22b" />
      <TestMethod codeBase="D:\Agents\smith05.01\_work\257\s\tests\CHG.IdentityProvider.Tests\bin\Release\net9.0\CHG.IdentityProvider.Tests.dll" adapterTypeName="executor://nunit3testexecutor/" className="CHG.IdentityProvider.Tests.Controllers.ExternalControllerTests+CallbackMethod" name="HandleGroups(&quot;usergroup&quot;)" />
    </UnitTest>
    <UnitTest name="Returns_Increments(4)" storage="d:\agents\smith05.01\_work\257\s\tests\chg.identityprovider.tests\bin\release\net9.0\chg.identityprovider.tests.dll" id="84893f7a-3da5-0d5e-d549-b2838c9c6924">
      <Execution id="11be5d28-359a-4b75-8149-7af2b943e511" />
      <TestMethod codeBase="D:\Agents\smith05.01\_work\257\s\tests\CHG.IdentityProvider.Tests\bin\Release\net9.0\CHG.IdentityProvider.Tests.dll" adapterTypeName="executor://nunit3testexecutor/" className="CHG.IdentityProvider.Tests.Services.BlockedUserLoginsServiceTests+BlockUserLoginMethod" name="Returns_Increments(4)" />
    </UnitTest>
    <UnitTest name="Calls_Default_Oidc_Configuration_With_Modern_Uris" storage="d:\agents\smith05.01\_work\257\s\tests\chg.identityprovider.tests\bin\release\net9.0\chg.identityprovider.tests.dll" id="7747a403-ab44-9f9f-9437-aaf738efdb00">
      <Execution id="6de99cfb-2f91-41b7-84f8-1bed7f1a1cf8" />
      <TestMethod codeBase="D:\Agents\smith05.01\_work\257\s\tests\CHG.IdentityProvider.Tests\bin\Release\net9.0\CHG.IdentityProvider.Tests.dll" adapterTypeName="executor://nunit3testexecutor/" className="CHG.IdentityProvider.Tests.LoginProviders.Configuration.AzureConfigureOptionsTests+ConfigureMethod" name="Calls_Default_Oidc_Configuration_With_Modern_Uris" />
    </UnitTest>
    <UnitTest name="Do_Not_Calls_SetEmail_When_New_Email_Equals_Existing" storage="d:\agents\smith05.01\_work\257\s\tests\chg.identityprovider.tests\bin\release\net9.0\chg.identityprovider.tests.dll" id="9276831a-3083-6829-5ffb-fb4a46447a6a">
      <Execution id="8971a182-ee14-45e5-820c-1fbdda5044f0" />
      <TestMethod codeBase="D:\Agents\smith05.01\_work\257\s\tests\CHG.IdentityProvider.Tests\bin\Release\net9.0\CHG.IdentityProvider.Tests.dll" adapterTypeName="executor://nunit3testexecutor/" className="CHG.IdentityProvider.Tests.Controllers.ManageControllerTests+IndexMethod" name="Do_Not_Calls_SetEmail_When_New_Email_Equals_Existing" />
    </UnitTest>
    <UnitTest name="Updates_User_LastName" storage="d:\agents\smith05.01\_work\257\s\tests\chg.identityprovider.tests\bin\release\net9.0\chg.identityprovider.tests.dll" id="42d35bbd-c7d9-7946-1def-7b5ccb673a61">
      <Execution id="3d271683-26dc-4ad2-8f8f-7a632b75bd24" />
      <TestMethod codeBase="D:\Agents\smith05.01\_work\257\s\tests\CHG.IdentityProvider.Tests\bin\Release\net9.0\CHG.IdentityProvider.Tests.dll" adapterTypeName="executor://nunit3testexecutor/" className="CHG.IdentityProvider.Tests.BusinessLogic.Services.UserIdentityEnricherTests+UpdateUserClaimsAsyncMethod" name="Updates_User_LastName" />
    </UnitTest>
    <UnitTest name="Calls_TemplateEngine_And_Sender" storage="d:\agents\smith05.01\_work\257\s\tests\chg.identityprovider.tests\bin\release\net9.0\chg.identityprovider.tests.dll" id="7e679691-98e6-62dc-03d7-7b901b4a760c">
      <Execution id="295aea30-d24c-4e9b-aacd-517cb1bf94aa" />
      <TestMethod codeBase="D:\Agents\smith05.01\_work\257\s\tests\CHG.IdentityProvider.Tests\bin\Release\net9.0\CHG.IdentityProvider.Tests.dll" adapterTypeName="executor://nunit3testexecutor/" className="CHG.IdentityProvider.Tests.Services.TemplatedEmailSenderTests+SendEmailConfirmationMailAsyncMethod" name="Calls_TemplateEngine_And_Sender" />
    </UnitTest>
    <UnitTest name="Logs_Warning_If_ClientId_Is_Missing" storage="d:\agents\smith05.01\_work\257\s\tests\chg.identityprovider.tests\bin\release\net9.0\chg.identityprovider.tests.dll" id="d0ed9315-9511-09fe-8df7-dd9ccfa6a5f9">
      <Execution id="b48dcd29-6cb8-4daa-9ea0-060722d25d5c" />
      <TestMethod codeBase="D:\Agents\smith05.01\_work\257\s\tests\CHG.IdentityProvider.Tests\bin\Release\net9.0\CHG.IdentityProvider.Tests.dll" adapterTypeName="executor://nunit3testexecutor/" className="CHG.IdentityProvider.Tests.Infrastructure.DefaultIdentityObjectImporterTests+ImportDataInitializationSetAsyncMethod" name="Logs_Warning_If_ClientId_Is_Missing" />
    </UnitTest>
    <UnitTest name="Gets_MVC_Client_By_Client_Id_Query_Parameter" storage="d:\agents\smith05.01\_work\257\s\tests\chg.identityprovider.tests\bin\release\net9.0\chg.identityprovider.tests.dll" id="54bac0dc-a254-33ae-fd74-2683a6fc1d46">
      <Execution id="6d612e5f-e8d8-4fcf-8cb2-2fc1591f4045" />
      <TestMethod codeBase="D:\Agents\smith05.01\_work\257\s\tests\CHG.IdentityProvider.Tests\bin\Release\net9.0\CHG.IdentityProvider.Tests.dll" adapterTypeName="executor://nunit3testexecutor/" className="CHG.IdentityProvider.Tests.BusinessLogic.Services.ClientContextRetrieverTests+GetCurrentClientCustomizationAsyncMethod" name="Gets_MVC_Client_By_Client_Id_Query_Parameter" />
    </UnitTest>
    <UnitTest name="Retrieves_Record_From_Repository" storage="d:\agents\smith05.01\_work\257\s\tests\chg.identityprovider.tests\bin\release\net9.0\chg.identityprovider.tests.dll" id="7d62f483-ca93-a725-2095-b0eff2c5d67c">
      <Execution id="83deaa17-5fe8-4609-9f5e-b94c993a08e8" />
      <TestMethod codeBase="D:\Agents\smith05.01\_work\257\s\tests\CHG.IdentityProvider.Tests\bin\Release\net9.0\CHG.IdentityProvider.Tests.dll" adapterTypeName="executor://nunit3testexecutor/" className="CHG.IdentityProvider.Tests.Services.BlockedUserLoginsServiceTests+BlockUserLoginMethod" name="Retrieves_Record_From_Repository" />
    </UnitTest>
    <UnitTest name="Converts_Secrets_To_Sha256" storage="d:\agents\smith05.01\_work\257\s\tests\chg.identityprovider.tests\bin\release\net9.0\chg.identityprovider.tests.dll" id="2612de5a-5332-73ef-89ef-9f1b22e0428e">
      <Execution id="32fbcbb1-c862-4244-b146-3993d1ee36a4" />
      <TestMethod codeBase="D:\Agents\smith05.01\_work\257\s\tests\CHG.IdentityProvider.Tests\bin\Release\net9.0\CHG.IdentityProvider.Tests.dll" adapterTypeName="executor://nunit3testexecutor/" className="CHG.IdentityProvider.Tests.Mappings.ImportClientModelMapperTests+MapToClientEntityMethod" name="Converts_Secrets_To_Sha256" />
    </UnitTest>
    <UnitTest name="Returns_Failure_If_Password_Contains_LastName(&quot;Von Wurst&quot;,&quot;vonwurst123&quot;)" storage="d:\agents\smith05.01\_work\257\s\tests\chg.identityprovider.tests\bin\release\net9.0\chg.identityprovider.tests.dll" id="cd5b806a-4a71-ca4e-5bfb-63e32113ede4">
      <Execution id="fc19f97f-f840-4aa1-b300-adf64dfc6dc7" />
      <TestMethod codeBase="D:\Agents\smith05.01\_work\257\s\tests\CHG.IdentityProvider.Tests\bin\Release\net9.0\CHG.IdentityProvider.Tests.dll" adapterTypeName="executor://nunit3testexecutor/" className="CHG.IdentityProvider.Tests.BusinessLogic.Validators.FirstLastNameAsPasswordValidatorTests+ValidateMethod" name="Returns_Failure_If_Password_Contains_LastName(&quot;Von Wurst&quot;,&quot;vonwurst123&quot;)" />
    </UnitTest>
    <UnitTest name="Logs_The_Entire_IP_Address_If_It_Is_A_Local_Address(&quot;192.168.7.14&quot;)" storage="d:\agents\smith05.01\_work\257\s\tests\chg.identityprovider.tests\bin\release\net9.0\chg.identityprovider.tests.dll" id="d570cf5b-3d68-5207-a525-ccc298d845a6">
      <Execution id="fa374280-a7c9-4830-94a2-f39921d18d13" />
      <TestMethod codeBase="D:\Agents\smith05.01\_work\257\s\tests\CHG.IdentityProvider.Tests\bin\Release\net9.0\CHG.IdentityProvider.Tests.dll" adapterTypeName="executor://nunit3testexecutor/" className="CHG.IdentityProvider.Tests.Infrastructure.LoggingSetupTests+TheEnrichFromHttpContextMethod" name="Logs_The_Entire_IP_Address_If_It_Is_A_Local_Address(&quot;192.168.7.14&quot;)" />
    </UnitTest>
    <UnitTest name="Redirects_To_External_Challenge_When_LoginProvider_Is_Used_In_AuthenticationContext" storage="d:\agents\smith05.01\_work\257\s\tests\chg.identityprovider.tests\bin\release\net9.0\chg.identityprovider.tests.dll" id="97c3ee4f-c5d7-7086-5013-96aa4b92d31c">
      <Execution id="4c94bdc5-52eb-4dab-a4a8-98db1591d78f" />
      <TestMethod codeBase="D:\Agents\smith05.01\_work\257\s\tests\CHG.IdentityProvider.Tests\bin\Release\net9.0\CHG.IdentityProvider.Tests.dll" adapterTypeName="executor://nunit3testexecutor/" className="CHG.IdentityProvider.Tests.Controllers.AccountControllerTests+LoginGetAction" name="Redirects_To_External_Challenge_When_LoginProvider_Is_Used_In_AuthenticationContext" />
    </UnitTest>
    <UnitTest name="Returns_Correct_Type(&quot;Mozilla/5.0 (Windows NT 10.0; WOW64) AppleWebKit/537.36 (KHTML, like Gecko) Chrome/110.0.0.0 Safari/537.36&quot;,Chrome)" storage="d:\agents\smith05.01\_work\257\s\tests\chg.identityprovider.tests\bin\release\net9.0\chg.identityprovider.tests.dll" id="d30e77f6-2014-76a0-7956-b2eeaddb9743">
      <Execution id="95700a2b-43b2-4458-a3f4-5cd5a36f1491" />
      <TestMethod codeBase="D:\Agents\smith05.01\_work\257\s\tests\CHG.IdentityProvider.Tests\bin\Release\net9.0\CHG.IdentityProvider.Tests.dll" adapterTypeName="executor://nunit3testexecutor/" className="CHG.IdentityProvider.Tests.Services.BrowserDetectorTests+GetBrowserTypeMethod" name="Returns_Correct_Type(&quot;Mozilla/5.0 (Windows NT 10.0; WOW64) AppleWebKit/537.36 (KHTML, like Gecko) Chrome/110.0.0.0 Safari/537.36&quot;,Chrome)" />
    </UnitTest>
    <UnitTest name="Returns_UserLoginProviders_By_Mapped_Domain" storage="d:\agents\smith05.01\_work\257\s\tests\chg.identityprovider.tests\bin\release\net9.0\chg.identityprovider.tests.dll" id="fb61b088-54c3-4813-a28d-f7e19bfcb9b6">
      <Execution id="4dbd32fe-2067-4ec1-9c8b-5bb00d98d9fa" />
      <TestMethod codeBase="D:\Agents\smith05.01\_work\257\s\tests\CHG.IdentityProvider.Tests\bin\Release\net9.0\CHG.IdentityProvider.Tests.dll" adapterTypeName="executor://nunit3testexecutor/" className="CHG.IdentityProvider.Tests.Controllers.Api.UserApiControllerTests+GetLoginsByUserIdMethod" name="Returns_UserLoginProviders_By_Mapped_Domain" />
    </UnitTest>
    <UnitTest name="Returns_Function_Result_For_Successful_AsyncOperation" storage="d:\agents\smith05.01\_work\257\s\tests\chg.identityprovider.tests\bin\release\net9.0\chg.identityprovider.tests.dll" id="35fd7a9b-fb91-eee4-54b5-8ae1fdc75032">
      <Execution id="4c483c0b-b7e6-473b-b802-2d7a9775eb45" />
      <TestMethod codeBase="D:\Agents\smith05.01\_work\257\s\tests\CHG.IdentityProvider.Tests\bin\Release\net9.0\CHG.IdentityProvider.Tests.dll" adapterTypeName="executor://nunit3testexecutor/" className="CHG.IdentityProvider.Tests.BusinessLogic.LanguageUtilsTests+IgnoreErrorsMethod" name="Returns_Function_Result_For_Successful_AsyncOperation" />
    </UnitTest>
    <UnitTest name="Calls_Service" storage="d:\agents\smith05.01\_work\257\s\tests\chg.identityprovider.tests\bin\release\net9.0\chg.identityprovider.tests.dll" id="0177ccea-a12e-1cc3-40eb-606d8524694a">
      <Execution id="04aa4dd8-d884-43cf-8acb-5cc1ecd15692" />
      <TestMethod codeBase="D:\Agents\smith05.01\_work\257\s\tests\CHG.IdentityProvider.Tests\bin\Release\net9.0\CHG.IdentityProvider.Tests.dll" adapterTypeName="executor://nunit3testexecutor/" className="CHG.IdentityProvider.Tests.Controllers.LoginProvidersControllerTest+DetailGetMethod" name="Calls_Service" />
    </UnitTest>
    <UnitTest name="Returns_Provider_From_Assigned_LoginProvider" storage="d:\agents\smith05.01\_work\257\s\tests\chg.identityprovider.tests\bin\release\net9.0\chg.identityprovider.tests.dll" id="8d677814-bf3c-3188-b25e-af6af95162f7">
      <Execution id="dd2c1aa3-c569-45f3-9b66-f05a1590f886" />
      <TestMethod codeBase="D:\Agents\smith05.01\_work\257\s\tests\CHG.IdentityProvider.Tests\bin\Release\net9.0\CHG.IdentityProvider.Tests.dll" adapterTypeName="executor://nunit3testexecutor/" className="CHG.IdentityProvider.Tests.Services.IdentityProviderServiceTests+FindProviderByUserNameMethod" name="Returns_Provider_From_Assigned_LoginProvider" />
    </UnitTest>
    <UnitTest name="Use_Fallback_When_SenderType_Fails_Sending" storage="d:\agents\smith05.01\_work\257\s\tests\chg.identityprovider.tests\bin\release\net9.0\chg.identityprovider.tests.dll" id="91e57d47-2912-8dce-9afd-6b9824c2db08">
      <Execution id="282b9e88-232c-41a7-8c59-93d071cc8a3c" />
      <TestMethod codeBase="D:\Agents\smith05.01\_work\257\s\tests\CHG.IdentityProvider.Tests\bin\Release\net9.0\CHG.IdentityProvider.Tests.dll" adapterTypeName="executor://nunit3testexecutor/" className="CHG.IdentityProvider.Tests.BusinessLogic.Services.UserNotificationSenderDispatcherTests+SendEmailConfirmationLinkAsyncMethod" name="Use_Fallback_When_SenderType_Fails_Sending" />
    </UnitTest>
    <UnitTest name="Gets_No_Client_By_Client_Id_Query_Parameter_When_Parameter_Is_Missing" storage="d:\agents\smith05.01\_work\257\s\tests\chg.identityprovider.tests\bin\release\net9.0\chg.identityprovider.tests.dll" id="29a223c0-a28f-1460-5f0d-b06ecc06db1a">
      <Execution id="0668f7e4-cf9f-473c-9430-8f9aad9104e5" />
      <TestMethod codeBase="D:\Agents\smith05.01\_work\257\s\tests\CHG.IdentityProvider.Tests\bin\Release\net9.0\CHG.IdentityProvider.Tests.dll" adapterTypeName="executor://nunit3testexecutor/" className="CHG.IdentityProvider.Tests.BusinessLogic.Services.ClientContextRetrieverTests+GetCurrentClientCustomizationAsyncMethod" name="Gets_No_Client_By_Client_Id_Query_Parameter_When_Parameter_Is_Missing" />
    </UnitTest>
    <UnitTest name="Returns_Correct_Type(&quot;Mozilla/5.0 (Windows NT 10.0; WOW64; rv:110.0) Gecko/20100101 Firefox/110.0&quot;,FireFox)" storage="d:\agents\smith05.01\_work\257\s\tests\chg.identityprovider.tests\bin\release\net9.0\chg.identityprovider.tests.dll" id="5ae188a0-78ef-1929-2c0c-dcb2c4999bbc">
      <Execution id="6fb52294-88e3-4431-bede-394c2b9152ef" />
      <TestMethod codeBase="D:\Agents\smith05.01\_work\257\s\tests\CHG.IdentityProvider.Tests\bin\Release\net9.0\CHG.IdentityProvider.Tests.dll" adapterTypeName="executor://nunit3testexecutor/" className="CHG.IdentityProvider.Tests.Services.BrowserDetectorTests+GetBrowserTypeMethod" name="Returns_Correct_Type(&quot;Mozilla/5.0 (Windows NT 10.0; WOW64; rv:110.0) Gecko/20100101 Firefox/110.0&quot;,FireFox)" />
    </UnitTest>
    <UnitTest name="Throws_Exception_If_Helper_Context_Is_Null" storage="d:\agents\smith05.01\_work\257\s\tests\chg.identityprovider.tests\bin\release\net9.0\chg.identityprovider.tests.dll" id="a29ca349-dc8a-6fcf-1118-bcda2f5e789d">
      <Execution id="6d6d3659-196d-4392-a7e6-7da4f1997ebd" />
      <TestMethod codeBase="D:\Agents\smith05.01\_work\257\s\tests\CHG.IdentityProvider.Tests\bin\Release\net9.0\CHG.IdentityProvider.Tests.dll" adapterTypeName="executor://nunit3testexecutor/" className="CHG.IdentityProvider.Tests.TagHelpers.AddClassForConditionTagHelperTests+ProcessMethod" name="Throws_Exception_If_Helper_Context_Is_Null" />
    </UnitTest>
  </TestDefinitions>
  <TestEntries>
    <TestEntry testId="09896e50-d198-1ccd-4238-1f480b60b38a" executionId="c0336cca-3e19-433a-8daf-d1d4229b4db5" testListId="8c84fa94-04c1-424b-9868-57a2d4851a1d" />
    <TestEntry testId="b12e6dd3-66e9-1cd4-5bb3-5eedccebd0f4" executionId="f81dbe0c-7e38-4323-ba43-84b5057f1de5" testListId="8c84fa94-04c1-424b-9868-57a2d4851a1d" />
    <TestEntry testId="05fd93f4-4e9d-1781-090d-565f60960e72" executionId="79f32244-7d8c-438d-99d3-42774218a373" testListId="8c84fa94-04c1-424b-9868-57a2d4851a1d" />
    <TestEntry testId="9937d459-b1f0-f24e-b64e-ffc5a43c759b" executionId="ff387c4d-1167-4ad4-876a-52c6ad43feb4" testListId="8c84fa94-04c1-424b-9868-57a2d4851a1d" />
    <TestEntry testId="7d62aa6d-5935-1b42-ac2c-79262496f302" executionId="59d1c01f-014d-4644-aaa4-a0a7e66665ad" testListId="8c84fa94-04c1-424b-9868-57a2d4851a1d" />
    <TestEntry testId="2090ac96-fa57-5ba5-b7df-fcaa8ba6493f" executionId="526de93a-960f-4ff0-bb06-ed8c64d940b8" testListId="8c84fa94-04c1-424b-9868-57a2d4851a1d" />
    <TestEntry testId="25a08192-8a7f-a010-19a5-4409f671351b" executionId="577f17ec-ef0c-47a4-be5b-88e37df075ca" testListId="8c84fa94-04c1-424b-9868-57a2d4851a1d" />
    <TestEntry testId="e54eeb60-6215-36c6-4cdd-5042e6e49475" executionId="6ba1d6ee-585c-4c63-b1d0-ec1bb9fe6233" testListId="8c84fa94-04c1-424b-9868-57a2d4851a1d" />
    <TestEntry testId="f4bd6e41-23d1-bd7a-aa66-582ea298697d" executionId="cb8e820d-d5ae-4a3f-9d7c-25a98c9afe7c" testListId="8c84fa94-04c1-424b-9868-57a2d4851a1d" />
    <TestEntry testId="a4718197-c0ed-6fe8-0a56-f4edd2a40670" executionId="c37b583e-a339-4926-b7de-efaeaf7a200f" testListId="8c84fa94-04c1-424b-9868-57a2d4851a1d" />
    <TestEntry testId="03476a55-c12f-b3d9-e316-baa4f5d45dbc" executionId="98128f31-716f-4e35-9e7b-b9d4119449fe" testListId="8c84fa94-04c1-424b-9868-57a2d4851a1d" />
    <TestEntry testId="49694405-c75e-7d6c-5924-3ff582f776c6" executionId="cf9e3e7b-93d0-4208-a835-1ec732f8aed6" testListId="8c84fa94-04c1-424b-9868-57a2d4851a1d" />
    <TestEntry testId="fc97df24-8375-c672-1182-f6b61f1a6eb2" executionId="2ce5b653-fd30-4c07-8de5-7f3c51b4015c" testListId="8c84fa94-04c1-424b-9868-57a2d4851a1d" />
    <TestEntry testId="375999a8-2b4a-1229-5233-782fe8a4c779" executionId="54ea7a47-8ccf-4d97-876c-855849ff6f73" testListId="8c84fa94-04c1-424b-9868-57a2d4851a1d" />
    <TestEntry testId="68b32425-9a58-d694-a679-bc3f03275913" executionId="ec937e11-df36-4726-ba33-13b1f4d3ef5a" testListId="8c84fa94-04c1-424b-9868-57a2d4851a1d" />
    <TestEntry testId="59fd8155-f76c-7163-811f-39a4c31d0f57" executionId="d3d36cb3-004b-4562-9c52-1d8dd70b2ce2" testListId="8c84fa94-04c1-424b-9868-57a2d4851a1d" />
    <TestEntry testId="e7fcd723-bda6-7cc4-b07f-e447199834d4" executionId="5f33c2e1-0b97-4a77-8997-1dadf3147dcf" testListId="8c84fa94-04c1-424b-9868-57a2d4851a1d" />
    <TestEntry testId="97def961-3de1-37d8-48a2-bb172efd0f75" executionId="11e0a04d-be31-4170-a3a7-96462567b40b" testListId="8c84fa94-04c1-424b-9868-57a2d4851a1d" />
    <TestEntry testId="d3362389-3c62-c765-dbac-ee3f8eea43c3" executionId="c56e2224-e100-4c88-bd59-18ab8d335bee" testListId="8c84fa94-04c1-424b-9868-57a2d4851a1d" />
    <TestEntry testId="6326ca31-7430-de0e-d521-5d19fcf70993" executionId="aefca31c-f7ea-46a2-87cc-a21d04c96691" testListId="8c84fa94-04c1-424b-9868-57a2d4851a1d" />
    <TestEntry testId="f0b7926d-7dd6-9e7c-4cd5-66f652f55614" executionId="7c07f40b-06f3-49ed-8cf1-ef6093c4cab4" testListId="8c84fa94-04c1-424b-9868-57a2d4851a1d" />
    <TestEntry testId="728a10f8-1b9a-7447-336a-051599b35827" executionId="9311107f-57c6-4f0a-82d9-a2f0a9409f3a" testListId="8c84fa94-04c1-424b-9868-57a2d4851a1d" />
    <TestEntry testId="9ddc2f64-2396-acca-4d87-204e3824e376" executionId="ae4c2eef-ee1b-4b1b-bc56-2589f6c80132" testListId="8c84fa94-04c1-424b-9868-57a2d4851a1d" />
    <TestEntry testId="4d73ec33-0333-8b84-2ce3-918cc509bbef" executionId="6184cb51-2d74-45fe-a5ee-67888f330c48" testListId="8c84fa94-04c1-424b-9868-57a2d4851a1d" />
    <TestEntry testId="280b2df7-bff6-1df8-8536-f731bdd148fe" executionId="a37e8fb9-ade4-49f4-b77b-6701b519b038" testListId="8c84fa94-04c1-424b-9868-57a2d4851a1d" />
    <TestEntry testId="a0a73295-3914-7666-7268-a4dd67d2e2db" executionId="f37246d4-4b28-4165-acb1-a45e9a9c0fdf" testListId="8c84fa94-04c1-424b-9868-57a2d4851a1d" />
    <TestEntry testId="69bbef12-2abf-30f3-6ada-b3cea46e716a" executionId="0d579789-b8ee-4bd8-887c-127b28a4aeda" testListId="8c84fa94-04c1-424b-9868-57a2d4851a1d" />
    <TestEntry testId="c8e992df-c450-2e3a-9654-847aa6ec3da1" executionId="3ff68543-7d62-4b50-bb36-a96db56f9b1b" testListId="8c84fa94-04c1-424b-9868-57a2d4851a1d" />
    <TestEntry testId="7bde7718-297e-bc2d-cb7d-07ac83a320f1" executionId="e2f2640c-12f5-4d47-bd8f-aab009fa09f9" testListId="8c84fa94-04c1-424b-9868-57a2d4851a1d" />
    <TestEntry testId="f72bd708-3f3d-8f31-7c19-a47cec5a18f7" executionId="a7e59c31-aef2-491f-a4a5-54d65fd84e7c" testListId="8c84fa94-04c1-424b-9868-57a2d4851a1d" />
    <TestEntry testId="42597a55-4790-0b26-43cf-77df09acfe88" executionId="09938e3b-49ef-4bab-97d5-69ab2edb2379" testListId="8c84fa94-04c1-424b-9868-57a2d4851a1d" />
    <TestEntry testId="6901a177-d02f-f912-156d-15677beeebdd" executionId="9ed5f04f-1d96-49b8-b38b-20112240bb8f" testListId="8c84fa94-04c1-424b-9868-57a2d4851a1d" />
    <TestEntry testId="b8cba6bf-94f1-b286-51cc-1410f173b416" executionId="b8a23957-2b84-4be1-a535-ce6afe76550f" testListId="8c84fa94-04c1-424b-9868-57a2d4851a1d" />
    <TestEntry testId="8de22654-8cd1-3b20-aaf9-55dbabeb4bdf" executionId="aaa11e82-b532-47d4-ae62-8dae90f89f1f" testListId="8c84fa94-04c1-424b-9868-57a2d4851a1d" />
    <TestEntry testId="b7c46daa-d592-f886-ca2e-e569f4d9d755" executionId="dded9ca1-892b-47b7-8677-f6d6b5937cee" testListId="8c84fa94-04c1-424b-9868-57a2d4851a1d" />
    <TestEntry testId="0b6bd3f3-61cb-be0c-dabf-1be82d95b588" executionId="e11e8784-7b09-4254-bffd-144e4a870a4c" testListId="8c84fa94-04c1-424b-9868-57a2d4851a1d" />
    <TestEntry testId="0dc29b05-4d7f-373b-fe90-4f39349acdf9" executionId="4a5f67af-3d0b-48f2-8eec-11842cc08442" testListId="8c84fa94-04c1-424b-9868-57a2d4851a1d" />
    <TestEntry testId="33260c40-bb67-b857-3bab-2ad5b7b48ddc" executionId="360e43fa-e9e0-4092-9561-66fa68f3b235" testListId="8c84fa94-04c1-424b-9868-57a2d4851a1d" />
    <TestEntry testId="709a0677-10e5-0075-7ddb-7f4f578757c5" executionId="935a3456-27b0-4384-8d49-422d02a4779a" testListId="8c84fa94-04c1-424b-9868-57a2d4851a1d" />
    <TestEntry testId="6f5c7799-f764-7d93-d984-a20dada63708" executionId="081d9758-7414-49ae-bbb5-f041593749eb" testListId="8c84fa94-04c1-424b-9868-57a2d4851a1d" />
    <TestEntry testId="37c5dff9-37b8-3950-667c-cbcdba1ef397" executionId="1a9949c0-b051-4152-b7c8-b73ba138f13b" testListId="8c84fa94-04c1-424b-9868-57a2d4851a1d" />
    <TestEntry testId="26ce0d7e-3441-033d-e534-6ee10a62a782" executionId="0684e805-d536-48f1-bc82-7f0a98a89dc9" testListId="8c84fa94-04c1-424b-9868-57a2d4851a1d" />
    <TestEntry testId="af702030-3313-7046-94c1-a8d218936618" executionId="6c036d37-d39b-4bad-9990-dc491dad796f" testListId="8c84fa94-04c1-424b-9868-57a2d4851a1d" />
    <TestEntry testId="5d3589d3-d40b-ee90-a9f1-46294b97d9d0" executionId="9796cbe0-c3f8-4c95-900a-47e8f78abb39" testListId="8c84fa94-04c1-424b-9868-57a2d4851a1d" />
    <TestEntry testId="72471dd4-f1f4-a12b-30b2-8361ca6385b6" executionId="16a22bd3-5aad-4fd1-bedd-f3eb296cdcd9" testListId="8c84fa94-04c1-424b-9868-57a2d4851a1d" />
    <TestEntry testId="d386b01e-4f07-b78c-bfff-eafb79791a48" executionId="2927a8b0-f320-403b-84ac-4a46ea7d3354" testListId="8c84fa94-04c1-424b-9868-57a2d4851a1d" />
    <TestEntry testId="4ecf1314-dade-c124-f74f-320edb42294b" executionId="5c0bb400-2765-4250-8956-5bd5a679dcaa" testListId="8c84fa94-04c1-424b-9868-57a2d4851a1d" />
    <TestEntry testId="18caa7c6-b85f-4ee2-043d-43053045d61a" executionId="7d4fce81-1380-414f-ad6f-658fd7d5ccad" testListId="8c84fa94-04c1-424b-9868-57a2d4851a1d" />
    <TestEntry testId="aec7e3e0-c114-3c4c-d70e-45af9fa2ab20" executionId="09206504-b94a-42a5-8d2d-f15f44720029" testListId="8c84fa94-04c1-424b-9868-57a2d4851a1d" />
    <TestEntry testId="c6d25c77-eac9-bead-533a-8e6d69e9e2cc" executionId="5941b93f-a8e5-4274-b73d-d8227674a792" testListId="8c84fa94-04c1-424b-9868-57a2d4851a1d" />
    <TestEntry testId="9c69c548-9d07-b352-d694-451d8eaffce7" executionId="18ded5b6-ed8b-4848-89bd-a8a0d9e843a2" testListId="8c84fa94-04c1-424b-9868-57a2d4851a1d" />
    <TestEntry testId="a7b6efdc-405d-3ccf-a8a1-925ed14ae644" executionId="4c6228c4-4734-443f-962a-5b30a679f089" testListId="8c84fa94-04c1-424b-9868-57a2d4851a1d" />
    <TestEntry testId="b78cb72f-9966-f61b-7bee-eaae4a10486c" executionId="480b5cfe-1440-4736-8547-3732a919a955" testListId="8c84fa94-04c1-424b-9868-57a2d4851a1d" />
    <TestEntry testId="631be063-dc2c-21be-7330-fe3ecfc31b95" executionId="76cd3f6f-5852-4919-bf17-7585e3859cef" testListId="8c84fa94-04c1-424b-9868-57a2d4851a1d" />
    <TestEntry testId="2416a40c-f6aa-a483-ce2a-56630b6e1dc7" executionId="104d713b-ae61-48fe-acb2-058e03283504" testListId="8c84fa94-04c1-424b-9868-57a2d4851a1d" />
    <TestEntry testId="527d01eb-73ef-9570-f17c-2de519074e24" executionId="c6529b29-12ad-47cf-ab01-9e6d598ed89e" testListId="8c84fa94-04c1-424b-9868-57a2d4851a1d" />
    <TestEntry testId="ac69674e-f148-34f8-83cf-539d5244297e" executionId="53f14c68-2998-4eb0-b5c0-82406e45e47c" testListId="8c84fa94-04c1-424b-9868-57a2d4851a1d" />
    <TestEntry testId="220b4593-150b-fe76-a302-f83526252f17" executionId="4cdc3b92-2023-4c68-9ebd-2d52d6895928" testListId="8c84fa94-04c1-424b-9868-57a2d4851a1d" />
    <TestEntry testId="2c9a9d87-8e23-1cd4-016b-a60ead601e45" executionId="5071b3b9-4718-43b3-8d4c-ec2cf592d3dc" testListId="8c84fa94-04c1-424b-9868-57a2d4851a1d" />
    <TestEntry testId="94f07a82-fcae-3859-6172-92bbe0dc5448" executionId="8ae9caf7-65d7-4201-b2bb-7e48201b3dfa" testListId="8c84fa94-04c1-424b-9868-57a2d4851a1d" />
    <TestEntry testId="6fe0a9e0-571f-0529-78ed-f233918a28b7" executionId="0fe5ad31-9e87-4858-a4ff-c249ff0619f5" testListId="8c84fa94-04c1-424b-9868-57a2d4851a1d" />
    <TestEntry testId="3af9a356-a041-05c6-a123-76ebd3c865c7" executionId="31e4680d-fb1d-4456-aa4b-fa0e8d879fb2" testListId="8c84fa94-04c1-424b-9868-57a2d4851a1d" />
    <TestEntry testId="60e41c05-463f-cde1-082c-790b13250f20" executionId="12d6cce4-0867-40d5-bdec-8af164d90f56" testListId="8c84fa94-04c1-424b-9868-57a2d4851a1d" />
    <TestEntry testId="55b53e34-e4b0-eaeb-2cdc-a1160ea0520d" executionId="21a1f43f-8f10-47ae-b826-bea8be317a2f" testListId="8c84fa94-04c1-424b-9868-57a2d4851a1d" />
    <TestEntry testId="1351a454-00c8-fb77-c6cd-9883d8fcc8b7" executionId="58f54203-df6e-4699-8e5a-9e4e7ec5d41c" testListId="8c84fa94-04c1-424b-9868-57a2d4851a1d" />
    <TestEntry testId="54f204db-bc4f-ada0-8c7d-1602734fdeb8" executionId="c991d7b5-ce17-47ce-89b0-adcc6fcec9d0" testListId="8c84fa94-04c1-424b-9868-57a2d4851a1d" />
    <TestEntry testId="85558b84-5d63-b61d-ecb9-d1c21343bb50" executionId="200d2e72-6452-447f-8a9b-504f35d034cf" testListId="8c84fa94-04c1-424b-9868-57a2d4851a1d" />
    <TestEntry testId="dc54bb54-da07-33bf-a843-a759e90bfa3f" executionId="d2cbd6b9-5fdb-42b2-9445-a69baf57c9a3" testListId="8c84fa94-04c1-424b-9868-57a2d4851a1d" />
    <TestEntry testId="e3ada9eb-3b3f-870a-5773-cd9c66a12a0d" executionId="6de2b760-fe9f-46a1-8214-14f0fff5ee21" testListId="8c84fa94-04c1-424b-9868-57a2d4851a1d" />
    <TestEntry testId="4e006f18-4d0f-2a33-a46a-8c41502e2eb1" executionId="f959c35e-e26f-45b6-afc3-ee5b70c8154a" testListId="8c84fa94-04c1-424b-9868-57a2d4851a1d" />
    <TestEntry testId="a9a72500-bb75-3315-4955-4cf6dc2b8bc3" executionId="d2b4f640-bd15-40ec-aed2-a18ceaa8f212" testListId="8c84fa94-04c1-424b-9868-57a2d4851a1d" />
    <TestEntry testId="7f73b874-5a3e-9b9a-b956-94e46a5b4a32" executionId="33525ec9-29e4-45ee-904c-fd9dbea1cd3d" testListId="8c84fa94-04c1-424b-9868-57a2d4851a1d" />
    <TestEntry testId="ef2d8054-b82a-4dff-ff11-afaf28e09283" executionId="52197073-529f-469c-9118-d6c31c3640b3" testListId="8c84fa94-04c1-424b-9868-57a2d4851a1d" />
    <TestEntry testId="607359d5-ada5-9eba-f85c-f986eca681bf" executionId="c2438f10-35ea-43b0-8f33-e863c3313a4f" testListId="8c84fa94-04c1-424b-9868-57a2d4851a1d" />
    <TestEntry testId="a15042c3-12ca-9105-0797-7232479efd1c" executionId="a3d5a64b-4602-4817-a0a3-84725c190788" testListId="8c84fa94-04c1-424b-9868-57a2d4851a1d" />
    <TestEntry testId="80acaac2-acca-a957-759f-c2162d20a6d1" executionId="35cc29d3-be1c-47c2-8934-90c0aa59a814" testListId="8c84fa94-04c1-424b-9868-57a2d4851a1d" />
    <TestEntry testId="36678689-fed3-daf7-51ec-33e64d06b045" executionId="cb50ede7-096f-49b8-bd7e-9a0bab9f9298" testListId="8c84fa94-04c1-424b-9868-57a2d4851a1d" />
    <TestEntry testId="d7393904-760f-6b9d-e65b-e373455bfc56" executionId="5c0b4a15-4787-4bd4-b2ef-eb1cc4c0c4e4" testListId="8c84fa94-04c1-424b-9868-57a2d4851a1d" />
    <TestEntry testId="963bef49-3e7a-3202-d0a6-544b0466d548" executionId="748af268-ff2e-4a2b-b6c9-7da046e834d4" testListId="8c84fa94-04c1-424b-9868-57a2d4851a1d" />
    <TestEntry testId="c72e4ecd-30a8-d07f-563b-4381cc636317" executionId="fd59f9c5-9c76-4238-8e9f-7c85757804d0" testListId="8c84fa94-04c1-424b-9868-57a2d4851a1d" />
    <TestEntry testId="77bd0d4e-11eb-86d3-acbd-f3c6d4735fd1" executionId="32dd48da-cb15-4acd-be11-fbd8f8304f45" testListId="8c84fa94-04c1-424b-9868-57a2d4851a1d" />
    <TestEntry testId="4da7138c-5e1b-e461-72ef-b4d4be6e4650" executionId="142a65e8-cb62-43a2-b204-6f71533f41f9" testListId="8c84fa94-04c1-424b-9868-57a2d4851a1d" />
    <TestEntry testId="a6cf5247-0209-e6e9-03e9-5fb63c9bdd8a" executionId="24dc3279-f8ae-4c65-ac2e-d30da650b576" testListId="8c84fa94-04c1-424b-9868-57a2d4851a1d" />
    <TestEntry testId="d70b0748-16af-c7f0-6bb6-546b28f10dea" executionId="df95b9b2-aed8-40e0-bcb7-dc8cae2071e6" testListId="8c84fa94-04c1-424b-9868-57a2d4851a1d" />
    <TestEntry testId="b2685e0d-75c8-2abb-a126-ec06ec995b55" executionId="f2fdb277-d25b-45b9-9247-fb948cac8b7c" testListId="8c84fa94-04c1-424b-9868-57a2d4851a1d" />
    <TestEntry testId="35aca1ca-64af-6b93-5fa2-0b3a315deb75" executionId="9a934346-7e13-466d-953b-a1edc199978b" testListId="8c84fa94-04c1-424b-9868-57a2d4851a1d" />
    <TestEntry testId="adba23eb-435b-03a7-d6eb-6d4f6a270950" executionId="6043da7e-b445-456b-8aae-484199dd5a84" testListId="8c84fa94-04c1-424b-9868-57a2d4851a1d" />
    <TestEntry testId="5ec0e2e9-7e79-16b0-2c50-8da35ab7ede3" executionId="794303fd-5e61-4128-af8f-eff59e5b73be" testListId="8c84fa94-04c1-424b-9868-57a2d4851a1d" />
    <TestEntry testId="d81023dc-190f-768d-e71b-78a565ac84d1" executionId="872c0219-5287-470d-a087-09e1e79481f0" testListId="8c84fa94-04c1-424b-9868-57a2d4851a1d" />
    <TestEntry testId="00b42fa7-53ad-c6f3-978c-2d296c0bf149" executionId="6d3b6210-794c-4252-bf64-01ca59ab4663" testListId="8c84fa94-04c1-424b-9868-57a2d4851a1d" />
    <TestEntry testId="c01f1d50-d13c-40d7-5e92-0c17ee7fd22d" executionId="d437b83f-12e5-4b40-af51-8401cf3b2300" testListId="8c84fa94-04c1-424b-9868-57a2d4851a1d" />
    <TestEntry testId="1b77e547-9397-94fe-9a03-435c39c7de08" executionId="1013a685-769c-4064-8992-76b8b706badc" testListId="8c84fa94-04c1-424b-9868-57a2d4851a1d" />
    <TestEntry testId="d0ed9315-9511-09fe-8df7-dd9ccfa6a5f9" executionId="b48dcd29-6cb8-4daa-9ea0-060722d25d5c" testListId="8c84fa94-04c1-424b-9868-57a2d4851a1d" />
    <TestEntry testId="f3abeff3-077e-8359-b4db-73f9c10cba49" executionId="83461765-c719-4bd2-826e-6d30185833bb" testListId="8c84fa94-04c1-424b-9868-57a2d4851a1d" />
    <TestEntry testId="d30e77f6-2014-76a0-7956-b2eeaddb9743" executionId="95700a2b-43b2-4458-a3f4-5cd5a36f1491" testListId="8c84fa94-04c1-424b-9868-57a2d4851a1d" />
    <TestEntry testId="dfc7f103-5300-4308-9cfb-c9ca1e7d7bd0" executionId="2192a63b-aa63-4165-823b-b63e22794184" testListId="8c84fa94-04c1-424b-9868-57a2d4851a1d" />
    <TestEntry testId="1a3171ff-1e68-9bb1-ca97-d63094492fd2" executionId="459efc2d-2fc5-4868-863e-2c6aff8a658b" testListId="8c84fa94-04c1-424b-9868-57a2d4851a1d" />
    <TestEntry testId="9aee0814-6236-9a8f-193f-7f54af23c20a" executionId="582ef780-f547-42cc-b589-351b2d680426" testListId="8c84fa94-04c1-424b-9868-57a2d4851a1d" />
    <TestEntry testId="0b2ffe04-fd7e-f7f0-4e2d-f6464d97402c" executionId="b0ab0a26-c932-4966-a31a-e31459a79421" testListId="8c84fa94-04c1-424b-9868-57a2d4851a1d" />
    <TestEntry testId="12f95759-7425-e71e-d80a-0585d1cd58a0" executionId="016c7df5-51b4-4db2-ba9c-f6e1a7cdaff1" testListId="8c84fa94-04c1-424b-9868-57a2d4851a1d" />
    <TestEntry testId="a3290529-0780-7631-13af-63df49322e69" executionId="0a0efbd7-596a-43ef-b9ff-e1f686069b0a" testListId="8c84fa94-04c1-424b-9868-57a2d4851a1d" />
    <TestEntry testId="6a2eba53-b48f-ef4b-3dc4-2d9b8e201182" executionId="834fe0a9-41a3-4dc0-a3af-839699b5337d" testListId="8c84fa94-04c1-424b-9868-57a2d4851a1d" />
    <TestEntry testId="7fb5ecec-a1f0-3e04-43dc-3b5e458d9903" executionId="6c707af5-81dd-4c83-af9b-2da5730046c0" testListId="8c84fa94-04c1-424b-9868-57a2d4851a1d" />
    <TestEntry testId="97f66e90-154f-725a-272e-cd5523e5af09" executionId="aee2bb05-b24f-4b4f-8a28-d324f190abed" testListId="8c84fa94-04c1-424b-9868-57a2d4851a1d" />
    <TestEntry testId="1a8d51e1-9109-ba95-ff04-d295a2bc5191" executionId="a04b57e6-042d-45b9-8eea-ba2e5fc513ba" testListId="8c84fa94-04c1-424b-9868-57a2d4851a1d" />
    <TestEntry testId="b5fb2ee5-8b11-1bdf-1101-85b43a4ed131" executionId="e5c80d7d-94b7-4ac5-a68a-3dea8eff71ae" testListId="8c84fa94-04c1-424b-9868-57a2d4851a1d" />
    <TestEntry testId="4ea8473f-4e72-4040-8365-d9483a022441" executionId="2619be09-1fd6-429a-92df-15154bf8d0f2" testListId="8c84fa94-04c1-424b-9868-57a2d4851a1d" />
    <TestEntry testId="15f2b3e1-88f9-275e-3008-95e868bce913" executionId="95757965-772c-48b4-93a3-0a18b7253454" testListId="8c84fa94-04c1-424b-9868-57a2d4851a1d" />
    <TestEntry testId="4c7b18a2-933c-fd95-3c8c-279e9bbbf006" executionId="dff9b473-d957-4a84-9443-a0ce5e5e6893" testListId="8c84fa94-04c1-424b-9868-57a2d4851a1d" />
    <TestEntry testId="ea6e27b6-c3ea-4031-85e6-492d2f08b8a2" executionId="b6e04ae9-863e-4021-8cd8-4c4bfb2fd699" testListId="8c84fa94-04c1-424b-9868-57a2d4851a1d" />
    <TestEntry testId="459c87d0-aa21-f830-9a7e-4fc20f24fd4a" executionId="1dd5fd55-c36b-4821-81cf-d8e77071f42c" testListId="8c84fa94-04c1-424b-9868-57a2d4851a1d" />
    <TestEntry testId="8c39c94f-f233-2390-352a-dea637e7b6cd" executionId="9eca78ef-b6e4-4589-9716-2ccc421e239f" testListId="8c84fa94-04c1-424b-9868-57a2d4851a1d" />
    <TestEntry testId="df0aca45-e9c9-4fca-81ba-40ccaa9a7950" executionId="8ee421e4-85f0-464e-9246-036063b4c3f5" testListId="8c84fa94-04c1-424b-9868-57a2d4851a1d" />
    <TestEntry testId="621dee1f-1146-570d-8783-7bf12efa8195" executionId="1dc09e1e-035d-40dc-82e7-5fd58c969144" testListId="8c84fa94-04c1-424b-9868-57a2d4851a1d" />
    <TestEntry testId="674f49fc-d25d-94f4-9ddd-98286ae75bf7" executionId="d1d560ee-75fc-4823-85b3-a6de0ace37c7" testListId="8c84fa94-04c1-424b-9868-57a2d4851a1d" />
    <TestEntry testId="c5461b35-7b42-70d6-b71d-3676f32a782f" executionId="9ef7548b-de43-46ee-a284-05bf91342159" testListId="8c84fa94-04c1-424b-9868-57a2d4851a1d" />
    <TestEntry testId="c530a5bd-9ca2-06fb-bbf5-ee9a788de2f0" executionId="c9434474-81be-4d39-99f4-2573ec90aaf5" testListId="8c84fa94-04c1-424b-9868-57a2d4851a1d" />
    <TestEntry testId="94bd548a-4681-5c1e-7e01-20d801186f0b" executionId="813a94db-5f69-48d6-b1f1-e0911364e8ae" testListId="8c84fa94-04c1-424b-9868-57a2d4851a1d" />
    <TestEntry testId="a67f5151-b921-3b0b-65c5-27104b92b43e" executionId="e384d95c-7602-4ab0-bcaf-3b0760f76a68" testListId="8c84fa94-04c1-424b-9868-57a2d4851a1d" />
    <TestEntry testId="c2f72281-e0c0-0bba-c49e-b44c34e8c2dd" executionId="370ef71d-c981-4ef0-8e85-b883550dd2a0" testListId="8c84fa94-04c1-424b-9868-57a2d4851a1d" />
    <TestEntry testId="44cd4f75-5416-d84d-c04e-ef64f332f973" executionId="38e4ce45-4f5c-46f1-9f84-07388045a81c" testListId="8c84fa94-04c1-424b-9868-57a2d4851a1d" />
    <TestEntry testId="b46b44e4-b5f9-4f62-5744-c794cd3ec80c" executionId="a06fcf0d-4f1a-4725-83f4-dcea3925c121" testListId="8c84fa94-04c1-424b-9868-57a2d4851a1d" />
    <TestEntry testId="0d1c345a-896f-d167-9ac1-fed79e6ed5ef" executionId="ff7fc001-bca7-4ef0-ac75-30e9f65e34ca" testListId="8c84fa94-04c1-424b-9868-57a2d4851a1d" />
    <TestEntry testId="ccba5866-2acb-3152-2be9-1d167b8b0d5f" executionId="69495fbc-8b07-4d69-afd6-0650ffd92eff" testListId="8c84fa94-04c1-424b-9868-57a2d4851a1d" />
    <TestEntry testId="77efc003-7243-1d7f-825b-449b2f60ad9b" executionId="3197b1a9-446d-4b27-b180-c7ae84e9ec7c" testListId="8c84fa94-04c1-424b-9868-57a2d4851a1d" />
    <TestEntry testId="96fc78af-a4e1-b1f1-7c21-1007a52a898f" executionId="c5eca29e-152d-4785-b70a-511956f322ec" testListId="8c84fa94-04c1-424b-9868-57a2d4851a1d" />
    <TestEntry testId="acdd6ac9-427a-4e57-cba9-a0baf2c0b433" executionId="a1deb452-4f50-49a2-b959-15b6a993ab98" testListId="8c84fa94-04c1-424b-9868-57a2d4851a1d" />
    <TestEntry testId="5e6a9871-87bc-97d5-1592-52aca0beb866" executionId="8109d86f-581c-4f0b-a245-6e2000b19922" testListId="8c84fa94-04c1-424b-9868-57a2d4851a1d" />
    <TestEntry testId="e9568d8a-b0e5-fef4-352a-4e331d4660e0" executionId="f1e7443f-c75d-4f84-aff4-19a43204f2ae" testListId="8c84fa94-04c1-424b-9868-57a2d4851a1d" />
    <TestEntry testId="13413643-149f-2512-56f8-26934b936506" executionId="2cc384e5-b905-4966-8e6a-2eede533ff50" testListId="8c84fa94-04c1-424b-9868-57a2d4851a1d" />
    <TestEntry testId="d2b15857-f328-91dd-39bf-005811f071df" executionId="7afdc98e-7b3c-4347-aada-5f773f75c168" testListId="8c84fa94-04c1-424b-9868-57a2d4851a1d" />
    <TestEntry testId="1fe20fe9-16ae-6621-77dd-dc8930d165fe" executionId="d5425165-ba03-4b39-98dd-f92fbb8a8604" testListId="8c84fa94-04c1-424b-9868-57a2d4851a1d" />
    <TestEntry testId="016b7609-3f86-9fd9-0659-94711ffbb715" executionId="070f379f-c565-4f93-9601-c39cb05a2e31" testListId="8c84fa94-04c1-424b-9868-57a2d4851a1d" />
    <TestEntry testId="ab0a3840-25ad-a36f-bf99-248d995cfec7" executionId="0f4e8715-207b-45ff-9109-5dc06fdf0c9c" testListId="8c84fa94-04c1-424b-9868-57a2d4851a1d" />
    <TestEntry testId="cacf72ba-9af1-b56d-304a-0cf952862961" executionId="f1475d6f-63db-4a02-9bfe-61406b7a77be" testListId="8c84fa94-04c1-424b-9868-57a2d4851a1d" />
    <TestEntry testId="a9be590d-6ec2-0ec6-add0-50629978e822" executionId="14cac577-035c-40c3-802c-c04bb1100b6f" testListId="8c84fa94-04c1-424b-9868-57a2d4851a1d" />
    <TestEntry testId="d79aaa8d-5865-9e27-5077-8b4c39a02c3e" executionId="983e533e-b990-4efb-bee8-7046aac0f1ff" testListId="8c84fa94-04c1-424b-9868-57a2d4851a1d" />
    <TestEntry testId="5eb7a2e8-a16e-b6bc-65f5-d1e683aececf" executionId="7235aef3-bb88-45ab-ab44-9dfbdaf55018" testListId="8c84fa94-04c1-424b-9868-57a2d4851a1d" />
    <TestEntry testId="5aa6890c-994d-7aaa-da93-fb83ef61a3a2" executionId="4837fc6c-78a0-4f79-a96e-2e6b5ac6ad2f" testListId="8c84fa94-04c1-424b-9868-57a2d4851a1d" />
    <TestEntry testId="6a561465-9c3c-9ece-7c32-2864747b9785" executionId="84e0b033-c5ae-4bb7-aec2-3dbd48bdbbfc" testListId="8c84fa94-04c1-424b-9868-57a2d4851a1d" />
    <TestEntry testId="6b8d4bc4-14fb-0135-c9ec-d99bf8889cea" executionId="0034afc3-ef67-407f-a1b9-9fcbf6df766d" testListId="8c84fa94-04c1-424b-9868-57a2d4851a1d" />
    <TestEntry testId="c94f057b-07a4-1f71-c0f8-140a35175d38" executionId="1a7e95f1-cf1d-4d06-83f0-652e2dcf0c5d" testListId="8c84fa94-04c1-424b-9868-57a2d4851a1d" />
    <TestEntry testId="882b56b3-6aec-d8ed-b8fc-22aadc6107e1" executionId="9e08f8dc-a44d-4e61-a95a-4794cf1fc22a" testListId="8c84fa94-04c1-424b-9868-57a2d4851a1d" />
    <TestEntry testId="f78c8558-e657-ab4c-302d-eedfc3d94677" executionId="136da123-bcf0-4d7f-8e68-7259a1190f68" testListId="8c84fa94-04c1-424b-9868-57a2d4851a1d" />
    <TestEntry testId="e12ce9f8-af9f-b5c7-c3c3-01b19ae3366a" executionId="ef380670-3987-412c-a197-27d5d8aa9cd1" testListId="8c84fa94-04c1-424b-9868-57a2d4851a1d" />
    <TestEntry testId="766fb6b7-493e-5422-64df-27442a83402c" executionId="3b7ea34a-dcd5-4b5d-90f6-e405d67fc348" testListId="8c84fa94-04c1-424b-9868-57a2d4851a1d" />
    <TestEntry testId="035fffe7-2436-d8c0-b498-9902ff916d65" executionId="b0e08048-e3c7-4e3c-8936-8546d26c462e" testListId="8c84fa94-04c1-424b-9868-57a2d4851a1d" />
    <TestEntry testId="c234174d-dfe3-e113-78bc-03ed400fd81b" executionId="58fb1132-b3b7-47fe-bfe4-49464e771299" testListId="8c84fa94-04c1-424b-9868-57a2d4851a1d" />
    <TestEntry testId="9380c603-106a-e81d-0961-a24a5f0fbc64" executionId="a0d4d6fe-8d5b-4dd5-bd93-4e736ec61ff0" testListId="8c84fa94-04c1-424b-9868-57a2d4851a1d" />
    <TestEntry testId="b5f5f5fd-5ad7-631d-7802-654c4c420bdb" executionId="4e1f779a-008e-4b19-b5ac-dd8d17505c07" testListId="8c84fa94-04c1-424b-9868-57a2d4851a1d" />
    <TestEntry testId="0d19ad27-66f8-e062-5c51-8dd7f3644128" executionId="87f58b68-37f5-48b0-a898-0f789de9a66b" testListId="8c84fa94-04c1-424b-9868-57a2d4851a1d" />
    <TestEntry testId="e44bf6b7-7f3f-a7ad-8d0d-3968c7cf261c" executionId="72d3b144-895a-45b8-9a7c-ea688705f538" testListId="8c84fa94-04c1-424b-9868-57a2d4851a1d" />
    <TestEntry testId="45ca05c2-9c00-6a81-fbe7-b245b2f079a8" executionId="c15bb402-8b79-4e8a-a972-e59a0c170fb0" testListId="8c84fa94-04c1-424b-9868-57a2d4851a1d" />
    <TestEntry testId="ff6d1db6-f6c1-879f-7d79-e776a025e26b" executionId="cdc970f0-39ca-477b-89d6-a59ced8cdad3" testListId="8c84fa94-04c1-424b-9868-57a2d4851a1d" />
    <TestEntry testId="2bdb6bfe-20b7-7a99-b4bc-e6c29dda2950" executionId="cce935eb-641e-4c85-9162-dfb824dca366" testListId="8c84fa94-04c1-424b-9868-57a2d4851a1d" />
    <TestEntry testId="4127e191-40b3-0a9b-b7b7-2558916aa730" executionId="eb492d0d-131e-4b93-bb2b-c0da06aea4fb" testListId="8c84fa94-04c1-424b-9868-57a2d4851a1d" />
    <TestEntry testId="0effb666-e3ae-84c2-58e7-66ca8c3c064d" executionId="3c7682cb-b433-47cb-b217-9242e0c964f3" testListId="8c84fa94-04c1-424b-9868-57a2d4851a1d" />
    <TestEntry testId="db6464c4-7cca-33d8-a2d4-79229832bc64" executionId="2d8edfa6-a4d9-4344-b637-4affc553125c" testListId="8c84fa94-04c1-424b-9868-57a2d4851a1d" />
    <TestEntry testId="e5df954f-edfd-05a4-999e-22e7b05eefe3" executionId="7ed6969d-1a7c-4858-a99f-63fbf62c4f01" testListId="8c84fa94-04c1-424b-9868-57a2d4851a1d" />
    <TestEntry testId="1ed1abc9-4b58-61b7-1623-8ca651df1bd6" executionId="81f10758-630c-4abc-bf94-ec82b0285e14" testListId="8c84fa94-04c1-424b-9868-57a2d4851a1d" />
    <TestEntry testId="72c8c6ca-f8d6-3ec1-6cdd-0a24162403cd" executionId="5b169d96-34f2-4547-94c8-7d4b6a20692d" testListId="8c84fa94-04c1-424b-9868-57a2d4851a1d" />
    <TestEntry testId="6a71bda2-d1d5-a945-9450-d256808cdab2" executionId="bf4949cc-7450-4444-b94f-04900087cb8e" testListId="8c84fa94-04c1-424b-9868-57a2d4851a1d" />
    <TestEntry testId="5f807ae8-a66a-084b-d722-f4b02e8eee6a" executionId="c3c28079-60ed-4271-814b-60cf9977b79e" testListId="8c84fa94-04c1-424b-9868-57a2d4851a1d" />
    <TestEntry testId="7c95c2fd-ae2b-5459-e91e-0f7f6217328a" executionId="d25c5fa4-43b1-458f-bf28-06e28a717c55" testListId="8c84fa94-04c1-424b-9868-57a2d4851a1d" />
    <TestEntry testId="9e11f875-debd-1505-60a0-dfad565f8ccf" executionId="1b23f340-963b-4207-a1bc-c19f544d6ccd" testListId="8c84fa94-04c1-424b-9868-57a2d4851a1d" />
    <TestEntry testId="2d7ee349-8ef1-e5e7-ae84-87d04a84286c" executionId="bd4ecc26-1833-4ccf-8879-a4743fe1f699" testListId="8c84fa94-04c1-424b-9868-57a2d4851a1d" />
    <TestEntry testId="90ce1d9c-cd93-46b7-bdb8-202171564fe5" executionId="7598ed1a-6759-428f-a202-b61b19bdf130" testListId="8c84fa94-04c1-424b-9868-57a2d4851a1d" />
    <TestEntry testId="c4ef35a4-679f-a674-4b82-622aacda97b2" executionId="ec7fbfe5-9c4b-4284-8e0d-c005f978c66e" testListId="8c84fa94-04c1-424b-9868-57a2d4851a1d" />
    <TestEntry testId="9f2b9801-065c-e8fe-e41c-9690aff1d0d9" executionId="73436e1a-ba9d-4c17-82ec-7e5a0e239fc7" testListId="8c84fa94-04c1-424b-9868-57a2d4851a1d" />
    <TestEntry testId="20edbb7c-7cb2-c999-d11d-a50f128f5c69" executionId="fff5262c-cd13-42f4-8ad0-0edaa10ad7fa" testListId="8c84fa94-04c1-424b-9868-57a2d4851a1d" />
    <TestEntry testId="21481b40-f0f4-0dd8-8f57-e6b72cd822c5" executionId="8f20893c-aedd-4be9-85a4-2c5e7e69ba73" testListId="8c84fa94-04c1-424b-9868-57a2d4851a1d" />
    <TestEntry testId="94815824-b609-8aa0-e387-b9efda9307df" executionId="c1fe9fe8-747f-4137-8906-1cb3e70c1a75" testListId="8c84fa94-04c1-424b-9868-57a2d4851a1d" />
    <TestEntry testId="fccd3cd4-9447-55a4-9c9f-2b9349b75b3e" executionId="d92789b2-6881-4b9c-9e12-5d616f1aa5f2" testListId="8c84fa94-04c1-424b-9868-57a2d4851a1d" />
    <TestEntry testId="787c326a-e481-1b04-0db0-d7881a1a4541" executionId="e0aa8ca8-2f78-43ce-a6db-6899914b4c6f" testListId="8c84fa94-04c1-424b-9868-57a2d4851a1d" />
    <TestEntry testId="7e4f6211-3228-c2ee-c8a6-0ce6cb409396" executionId="53e4ecba-86e5-40f3-b646-f7047c36efe1" testListId="8c84fa94-04c1-424b-9868-57a2d4851a1d" />
    <TestEntry testId="f6109392-fb70-28f2-88ea-b39a779781c1" executionId="7f0d861d-ba06-4b77-9f8b-47facb1ac6bc" testListId="8c84fa94-04c1-424b-9868-57a2d4851a1d" />
    <TestEntry testId="1996e574-e07c-e226-730a-1ea8fa2857ee" executionId="c00ce258-05a5-463a-b16b-147b4443bef2" testListId="8c84fa94-04c1-424b-9868-57a2d4851a1d" />
    <TestEntry testId="b32b87f6-ecde-df3e-10e8-19bda261fd40" executionId="ccb20895-f4c0-4a0e-8c7d-1779e1e4b36f" testListId="8c84fa94-04c1-424b-9868-57a2d4851a1d" />
    <TestEntry testId="8e0cbfbd-fdb6-57c3-a726-6bc2782e8b2c" executionId="3ff57408-c338-4379-ab5c-a619788b6be0" testListId="8c84fa94-04c1-424b-9868-57a2d4851a1d" />
    <TestEntry testId="940c5ed3-ea45-f8e5-c14f-fb8fe7d2605d" executionId="676e7da6-aed5-4cd7-94ba-9ed5b75579b7" testListId="8c84fa94-04c1-424b-9868-57a2d4851a1d" />
    <TestEntry testId="842ff1bc-0cee-8515-bb88-73e2a8c774b3" executionId="d5a0a350-61c9-4382-a6e7-6360b802b316" testListId="8c84fa94-04c1-424b-9868-57a2d4851a1d" />
    <TestEntry testId="7f6dfb1b-ca45-b487-75bd-70165a277319" executionId="312b518a-3a81-4868-bd5a-6897151459d8" testListId="8c84fa94-04c1-424b-9868-57a2d4851a1d" />
    <TestEntry testId="5320f24d-593d-c9de-aaa2-5c0a337f5bc5" executionId="18bb3ba4-c09d-43a8-8b9e-5530f698c69b" testListId="8c84fa94-04c1-424b-9868-57a2d4851a1d" />
    <TestEntry testId="874b7f37-0ed8-00eb-30df-7ff1d0736199" executionId="2560db6b-73da-47dc-af66-6b09fb387b74" testListId="8c84fa94-04c1-424b-9868-57a2d4851a1d" />
    <TestEntry testId="91e342e3-5ba7-ad48-4004-6a41fbc33bcf" executionId="cdc2eb2a-b435-4bf6-acb8-f6736f92e4df" testListId="8c84fa94-04c1-424b-9868-57a2d4851a1d" />
    <TestEntry testId="c550e7b4-e70a-1706-67cd-860c7cf9ee07" executionId="819444e5-9eb9-4d70-b371-f63648a1863d" testListId="8c84fa94-04c1-424b-9868-57a2d4851a1d" />
    <TestEntry testId="2fc52daf-6577-077b-56c4-c4802bc03de6" executionId="5c166a28-3f6f-414e-8cc8-1762da42f9ad" testListId="8c84fa94-04c1-424b-9868-57a2d4851a1d" />
    <TestEntry testId="9329ee56-5030-d09b-3cff-dcf4cf3f92aa" executionId="17815a0a-493d-4886-8ab5-1277c7c66fb5" testListId="8c84fa94-04c1-424b-9868-57a2d4851a1d" />
    <TestEntry testId="2ab9b645-7526-8e2e-78b5-21820507fe90" executionId="93e30202-6c11-402c-a94f-00e30ce2e136" testListId="8c84fa94-04c1-424b-9868-57a2d4851a1d" />
    <TestEntry testId="6919b59f-579b-7e25-2783-6d78a47fb7fa" executionId="da10929c-cfd5-426b-bcdb-6389ed28a597" testListId="8c84fa94-04c1-424b-9868-57a2d4851a1d" />
    <TestEntry testId="c6a7a3ea-9596-20bb-4f4b-8338f339cdce" executionId="d280861f-14de-4ba5-b6be-2ef976080bc7" testListId="8c84fa94-04c1-424b-9868-57a2d4851a1d" />
    <TestEntry testId="710ab5c8-9ecf-bf55-a3aa-8dcd20601990" executionId="7b69922c-28e3-43c6-9bc9-cc6b8f884b27" testListId="8c84fa94-04c1-424b-9868-57a2d4851a1d" />
    <TestEntry testId="b9245e16-ea4c-5ead-3bbc-01115b2b4256" executionId="6fb0e600-41bd-47a6-98c5-994fd515adef" testListId="8c84fa94-04c1-424b-9868-57a2d4851a1d" />
    <TestEntry testId="b9761dec-0bb3-1097-ae66-b8d9ebb54e35" executionId="9133b54f-7332-45b4-82eb-39395fdd3464" testListId="8c84fa94-04c1-424b-9868-57a2d4851a1d" />
    <TestEntry testId="1f78983d-c538-218b-ca11-ba4031ab41b5" executionId="f795ed60-b467-4500-aae1-27804dd82ddd" testListId="8c84fa94-04c1-424b-9868-57a2d4851a1d" />
    <TestEntry testId="22d25337-95b4-6b5b-3bf5-1aa41f501f31" executionId="3ae4587e-2bcb-416f-96cb-7cb26d55588b" testListId="8c84fa94-04c1-424b-9868-57a2d4851a1d" />
    <TestEntry testId="91519eef-e6e1-d588-1077-eaf2db32e730" executionId="1a9ed60a-1791-4d6f-b61d-ee49c08a971d" testListId="8c84fa94-04c1-424b-9868-57a2d4851a1d" />
    <TestEntry testId="2d13fc55-4008-6559-f438-8770827230ef" executionId="d82ddf30-48be-4afc-8775-ef660a79dace" testListId="8c84fa94-04c1-424b-9868-57a2d4851a1d" />
    <TestEntry testId="4b9a49aa-2e82-cf51-2e08-4772e43e6166" executionId="d9258378-9c6a-4142-ab7d-6269e5c3954f" testListId="8c84fa94-04c1-424b-9868-57a2d4851a1d" />
    <TestEntry testId="205bec98-ebd9-b12d-ddd9-1cd65881db2b" executionId="efaa6a7b-2fa8-495c-98cb-9709c6e39bd9" testListId="8c84fa94-04c1-424b-9868-57a2d4851a1d" />
    <TestEntry testId="7053fdec-4c9e-b33d-a8be-669bf410c184" executionId="4fde3b95-eecd-4d36-9690-4b54a6c795b1" testListId="8c84fa94-04c1-424b-9868-57a2d4851a1d" />
    <TestEntry testId="04d88836-93cc-827e-398e-0adb05adc0ef" executionId="668bc6a5-7cfb-41eb-981b-87d4383e86ba" testListId="8c84fa94-04c1-424b-9868-57a2d4851a1d" />
    <TestEntry testId="359b8275-dc9f-f83e-17e3-a64e5d78582f" executionId="c5c2132c-586e-4cde-886f-66ba36eb3316" testListId="8c84fa94-04c1-424b-9868-57a2d4851a1d" />
    <TestEntry testId="4cdb1897-835a-7440-a933-3b63a2a4653e" executionId="4801718a-9cc3-472c-b848-1570b9478bf2" testListId="8c84fa94-04c1-424b-9868-57a2d4851a1d" />
    <TestEntry testId="c45502f9-f2b5-c66d-2c9c-5a54e0853580" executionId="4f5f3257-d005-4a46-a794-893aefb7613b" testListId="8c84fa94-04c1-424b-9868-57a2d4851a1d" />
    <TestEntry testId="bee20ad9-a759-3047-7453-d5e8513bd2a2" executionId="5ca06785-f1c5-4099-a402-cea1e969e025" testListId="8c84fa94-04c1-424b-9868-57a2d4851a1d" />
    <TestEntry testId="69d059cd-ce2d-f8cc-9657-5898b279f124" executionId="a1ec44f5-ed8a-4971-8f8c-a51909a7713f" testListId="8c84fa94-04c1-424b-9868-57a2d4851a1d" />
    <TestEntry testId="9e989002-4a81-e370-0222-df09100613c8" executionId="ac2ba8fb-170d-4f2a-92ef-a91bd4eb9b85" testListId="8c84fa94-04c1-424b-9868-57a2d4851a1d" />
    <TestEntry testId="2612de5a-5332-73ef-89ef-9f1b22e0428e" executionId="32fbcbb1-c862-4244-b146-3993d1ee36a4" testListId="8c84fa94-04c1-424b-9868-57a2d4851a1d" />
    <TestEntry testId="e3608ea1-2720-47df-702a-ac25a039744a" executionId="35c49064-4586-4f84-bfe1-65d62999993b" testListId="8c84fa94-04c1-424b-9868-57a2d4851a1d" />
    <TestEntry testId="65ac7462-a40f-b2f5-3af7-ffead20f3299" executionId="8b555f42-64d5-4bcd-9377-0564cd6c0288" testListId="8c84fa94-04c1-424b-9868-57a2d4851a1d" />
    <TestEntry testId="e79c9461-0ce6-02f9-aeff-bcc9154c97e4" executionId="f0963f2c-b6b5-49cd-81e8-92a4e23c5982" testListId="8c84fa94-04c1-424b-9868-57a2d4851a1d" />
    <TestEntry testId="8aa2f558-e1fb-8141-4aa3-be9c2244352c" executionId="108b9b62-57a6-4fdb-977e-72bfdd53f874" testListId="8c84fa94-04c1-424b-9868-57a2d4851a1d" />
    <TestEntry testId="34cd891d-4b1a-f4ea-515a-5fe5be48f8c3" executionId="1de6c223-826d-47c8-92cc-2c8ef7c1846e" testListId="8c84fa94-04c1-424b-9868-57a2d4851a1d" />
    <TestEntry testId="bd806809-f28a-8b12-3d28-3a66cffd8393" executionId="954c48aa-9b75-4243-8188-7c0e2114f5f3" testListId="8c84fa94-04c1-424b-9868-57a2d4851a1d" />
    <TestEntry testId="cb205af1-b5dd-329e-2a8d-77f19410a38a" executionId="0f9d5a2b-7026-46a9-bb68-6a2e2aed881e" testListId="8c84fa94-04c1-424b-9868-57a2d4851a1d" />
    <TestEntry testId="9b52a6b0-e7be-9686-c574-9fb49c4f3087" executionId="32845e4b-a72a-4f3c-8cb5-eef682b36521" testListId="8c84fa94-04c1-424b-9868-57a2d4851a1d" />
    <TestEntry testId="61ad0bbe-9777-9ee9-dae2-2754ecbfa8b9" executionId="fb4ed2d6-dd9a-4fd1-80ac-6e2711a94f26" testListId="8c84fa94-04c1-424b-9868-57a2d4851a1d" />
    <TestEntry testId="da469f5e-7001-7dd8-1303-88840a488ed4" executionId="e0e3afde-a4f9-4529-a18e-cbbfbb57c13f" testListId="8c84fa94-04c1-424b-9868-57a2d4851a1d" />
    <TestEntry testId="794635c6-789b-7a7c-3860-7495bd4383a4" executionId="e66e5499-3bc4-4b98-83ac-11fec453c6b7" testListId="8c84fa94-04c1-424b-9868-57a2d4851a1d" />
    <TestEntry testId="63e6371a-4537-7b92-116c-73a2dbd7ba62" executionId="5389dd09-9aca-4add-9e18-0cfe6e20dfe5" testListId="8c84fa94-04c1-424b-9868-57a2d4851a1d" />
    <TestEntry testId="5ae188a0-78ef-1929-2c0c-dcb2c4999bbc" executionId="6fb52294-88e3-4431-bede-394c2b9152ef" testListId="8c84fa94-04c1-424b-9868-57a2d4851a1d" />
    <TestEntry testId="e4206efd-a74d-deb9-8e1a-626b86c542a6" executionId="dc498de5-a237-402b-aade-798056024eb0" testListId="8c84fa94-04c1-424b-9868-57a2d4851a1d" />
    <TestEntry testId="4a6c55c9-d15f-dfdd-73d1-b43d977ba9a9" executionId="fb5a8f9b-975b-460a-90ee-50de8364929f" testListId="8c84fa94-04c1-424b-9868-57a2d4851a1d" />
    <TestEntry testId="9772a40c-f1a5-d931-ba5c-9a4c00086cb7" executionId="3b7147e5-6296-4c41-9a2c-938690c7f347" testListId="8c84fa94-04c1-424b-9868-57a2d4851a1d" />
    <TestEntry testId="8f3a044b-59b0-3cc8-9c5d-c7e20e9f6045" executionId="41a4546a-bc59-4616-9739-caa86629cc00" testListId="8c84fa94-04c1-424b-9868-57a2d4851a1d" />
    <TestEntry testId="0177ccea-a12e-1cc3-40eb-606d8524694a" executionId="04aa4dd8-d884-43cf-8acb-5cc1ecd15692" testListId="8c84fa94-04c1-424b-9868-57a2d4851a1d" />
    <TestEntry testId="f88f623c-316d-0f2c-3496-0638de01b1f4" executionId="5daf4f98-9dca-4f9c-bc12-9698bad2bc71" testListId="8c84fa94-04c1-424b-9868-57a2d4851a1d" />
    <TestEntry testId="f18ebb78-511a-0b52-8594-e6d4db1cbf21" executionId="25710803-2e81-49de-8943-f7cdfca049b5" testListId="8c84fa94-04c1-424b-9868-57a2d4851a1d" />
    <TestEntry testId="5185980b-d8d3-4e0e-c4b9-e1a48a80001a" executionId="e8b1672e-ede9-4fe5-94bb-76b0bfae95ce" testListId="8c84fa94-04c1-424b-9868-57a2d4851a1d" />
    <TestEntry testId="56c01baf-ca8a-96a6-0997-1c4294956566" executionId="e66c3291-3a74-44a3-bf28-e4ca086373cd" testListId="8c84fa94-04c1-424b-9868-57a2d4851a1d" />
    <TestEntry testId="b3759433-c41f-1416-e7cc-f0cd990ba8c7" executionId="6df8dc70-48e8-432a-8213-83f5e8b97f9b" testListId="8c84fa94-04c1-424b-9868-57a2d4851a1d" />
    <TestEntry testId="d6911c6b-639e-10ce-5f51-2246b76418c0" executionId="b3076f38-c34b-463e-a072-6f1043763528" testListId="8c84fa94-04c1-424b-9868-57a2d4851a1d" />
    <TestEntry testId="d83dbd96-9b9c-dd13-ae34-97a06c01913a" executionId="d9dc5813-473c-4963-954f-b65b5f73ad1c" testListId="8c84fa94-04c1-424b-9868-57a2d4851a1d" />
    <TestEntry testId="c7802a14-f7f9-700d-f68b-01725ef0e0ec" executionId="bcfce7cc-b7e4-4e62-ab9e-3876cf900bed" testListId="8c84fa94-04c1-424b-9868-57a2d4851a1d" />
    <TestEntry testId="07ce4265-7d44-aa22-e9c2-ea4d3c2a3194" executionId="6632e042-3c89-468f-aea8-cdd359783b14" testListId="8c84fa94-04c1-424b-9868-57a2d4851a1d" />
    <TestEntry testId="0bba824a-e89a-b001-35bf-0943d18b83dc" executionId="e2b74dbe-9045-4e3b-b43c-6b9fcfaa315a" testListId="8c84fa94-04c1-424b-9868-57a2d4851a1d" />
    <TestEntry testId="12032e6b-17ea-d9b4-046f-3c6b266eb1c6" executionId="18c76e5f-b063-4e24-832b-2cf9241d3e4b" testListId="8c84fa94-04c1-424b-9868-57a2d4851a1d" />
    <TestEntry testId="3e681eb1-75c3-6a84-c124-79aab1b5f87b" executionId="6546f5bf-8c89-4a88-949c-5f5a9391940a" testListId="8c84fa94-04c1-424b-9868-57a2d4851a1d" />
    <TestEntry testId="e506afbb-e945-82e0-b2b6-3b6e247c7bdd" executionId="c1dbe89f-5f97-44d8-9fad-9e19aa303be2" testListId="8c84fa94-04c1-424b-9868-57a2d4851a1d" />
    <TestEntry testId="dee73c4c-849d-0460-3bfb-b37cb0f785e6" executionId="bdcd85c0-568a-48ba-83a2-1f966805c6e8" testListId="8c84fa94-04c1-424b-9868-57a2d4851a1d" />
    <TestEntry testId="4f7dbc43-b40c-5d28-7f0b-8324dc3d9721" executionId="d03ecc18-dccf-4865-ab7f-f35e4318408d" testListId="8c84fa94-04c1-424b-9868-57a2d4851a1d" />
    <TestEntry testId="a66c4cfd-c510-f3cc-d9e8-3c8c11b9bafe" executionId="ed8243f7-9c3e-429a-8b3a-460e7bb6292f" testListId="8c84fa94-04c1-424b-9868-57a2d4851a1d" />
    <TestEntry testId="8748f7d2-5d63-97d3-47dc-131315568dda" executionId="99139abd-7718-409d-a72f-1021a55fe8c2" testListId="8c84fa94-04c1-424b-9868-57a2d4851a1d" />
    <TestEntry testId="7a126cc2-bd56-b892-8919-d6208ab8ca3a" executionId="eb911411-d403-462b-a605-175379b5273a" testListId="8c84fa94-04c1-424b-9868-57a2d4851a1d" />
    <TestEntry testId="52333d4b-1545-359d-5d27-d4d211de1595" executionId="9df5404a-bc1a-47b4-8cad-56e47022c8c8" testListId="8c84fa94-04c1-424b-9868-57a2d4851a1d" />
    <TestEntry testId="5e09959d-5f75-5946-d880-bbb09face4e6" executionId="8ecc7aa1-a410-403c-ab58-8cd52a3e57b1" testListId="8c84fa94-04c1-424b-9868-57a2d4851a1d" />
    <TestEntry testId="bd90ac1e-66fa-10d1-3fba-2a793a1ba743" executionId="4ea49ce4-e24e-4eb2-8f69-75b8c0f27104" testListId="8c84fa94-04c1-424b-9868-57a2d4851a1d" />
    <TestEntry testId="78ca7c23-74b1-6ebf-e645-c7aef30801f5" executionId="48f16403-56c3-4998-9063-ef5c6600a560" testListId="8c84fa94-04c1-424b-9868-57a2d4851a1d" />
    <TestEntry testId="28c79830-7f7f-37b9-158d-54180ffb92f2" executionId="2a855ee1-6eab-4c54-8742-eb013ed0fd6c" testListId="8c84fa94-04c1-424b-9868-57a2d4851a1d" />
    <TestEntry testId="d1408d87-bfb2-2107-6c33-7fe9e5b35d92" executionId="a97b70af-5add-4a08-990b-5618e5cd4da0" testListId="8c84fa94-04c1-424b-9868-57a2d4851a1d" />
    <TestEntry testId="9e352125-fc46-348f-a734-fb8096adf4e3" executionId="7397517a-b5e5-4637-a012-e463a406bf16" testListId="8c84fa94-04c1-424b-9868-57a2d4851a1d" />
    <TestEntry testId="97b1facc-1d64-8c1e-dc93-13a45746a9f8" executionId="3b96f976-87a0-483f-8849-f2e8e8160a2d" testListId="8c84fa94-04c1-424b-9868-57a2d4851a1d" />
    <TestEntry testId="3085a310-fad1-d3a9-8227-ed2026c3eff7" executionId="5a602f93-ccdd-4cd9-b9b1-5a791b856e6e" testListId="8c84fa94-04c1-424b-9868-57a2d4851a1d" />
    <TestEntry testId="91f5171e-6876-7745-a33d-903e8835ce89" executionId="006bedfe-5f81-41d9-98ac-b99e9d8753a8" testListId="8c84fa94-04c1-424b-9868-57a2d4851a1d" />
    <TestEntry testId="61b225f0-a0ab-c680-2dcf-bbe86d9118a0" executionId="744c1a66-083d-4910-845e-93a89fbf14c5" testListId="8c84fa94-04c1-424b-9868-57a2d4851a1d" />
    <TestEntry testId="de6bd7eb-6f9e-8be3-f5b8-5c751e5081ed" executionId="065880f9-88c4-4038-9831-d473fff20571" testListId="8c84fa94-04c1-424b-9868-57a2d4851a1d" />
    <TestEntry testId="949d57f6-a120-cd5c-8ae3-a39495456b92" executionId="7889cc51-0cff-4dfd-baef-97f4a0d875a6" testListId="8c84fa94-04c1-424b-9868-57a2d4851a1d" />
    <TestEntry testId="20776a74-d6fb-ed22-35f7-183ead4c288d" executionId="ea3408a4-98c2-4f17-9e3d-9cea510ffc88" testListId="8c84fa94-04c1-424b-9868-57a2d4851a1d" />
    <TestEntry testId="71e8e209-b4c9-bf48-d02a-dd86d365f3f4" executionId="8e1e0e7d-b8b5-46e3-93fc-d99ed67d3d2b" testListId="8c84fa94-04c1-424b-9868-57a2d4851a1d" />
    <TestEntry testId="37e9213c-e01b-ed17-e0d4-2d93fe2c876b" executionId="b37ab314-4567-4f58-882c-c8b20b6c9ff4" testListId="8c84fa94-04c1-424b-9868-57a2d4851a1d" />
    <TestEntry testId="b2f1ebe0-bca9-2716-748b-f8c91d26da15" executionId="e19c34c6-f5d4-4cca-a9c4-66b3a92956df" testListId="8c84fa94-04c1-424b-9868-57a2d4851a1d" />
    <TestEntry testId="d3dfe32c-e99b-dccd-ff0c-be016aecd008" executionId="527ce8f6-403a-44c1-9268-a61c9d83ceca" testListId="8c84fa94-04c1-424b-9868-57a2d4851a1d" />
    <TestEntry testId="4e4f5fea-3e17-89cd-0c82-325c59bef526" executionId="94ca880b-f8e2-4790-baa9-1d6d3d01378a" testListId="8c84fa94-04c1-424b-9868-57a2d4851a1d" />
    <TestEntry testId="6e5e6d18-4a01-ad4b-785a-59a85dba00f0" executionId="c3f7834e-c89b-4aee-be8f-58dc2b945ad0" testListId="8c84fa94-04c1-424b-9868-57a2d4851a1d" />
    <TestEntry testId="eadb91d7-5034-bc3c-72b0-278ae69d8706" executionId="c7693ac5-9d11-4421-9d33-eac940a0bda0" testListId="8c84fa94-04c1-424b-9868-57a2d4851a1d" />
    <TestEntry testId="215a01df-123a-05f7-13f4-661c52a63924" executionId="8d68c879-211b-4275-8925-19e90e7491ec" testListId="8c84fa94-04c1-424b-9868-57a2d4851a1d" />
    <TestEntry testId="7a871801-87db-3d88-0c01-1b6a6e930bf5" executionId="3d022d7d-e493-40fe-8a0b-9afcdd90e665" testListId="8c84fa94-04c1-424b-9868-57a2d4851a1d" />
    <TestEntry testId="091a0845-209c-36aa-edbc-e9a5dd9391e3" executionId="d35028cb-87c0-4066-b740-b80b20193878" testListId="8c84fa94-04c1-424b-9868-57a2d4851a1d" />
    <TestEntry testId="65ae74b2-97f6-d2ff-e505-8709e6293daa" executionId="8aa79fc2-ba31-4c8f-a05b-a459a09d638c" testListId="8c84fa94-04c1-424b-9868-57a2d4851a1d" />
    <TestEntry testId="8af28186-6b74-a83a-edf6-b9761f7b652d" executionId="61ab4026-5cf9-41bb-98de-ee84ea6309bb" testListId="8c84fa94-04c1-424b-9868-57a2d4851a1d" />
    <TestEntry testId="36e6b7c7-56d7-bfa7-090b-979ec005a524" executionId="e3f14962-15c7-4392-a46e-af28a49ce4a4" testListId="8c84fa94-04c1-424b-9868-57a2d4851a1d" />
    <TestEntry testId="4cf80e03-81fc-ee7e-42a3-4a35be0e2c64" executionId="11b919e5-2524-4e73-a26d-7c7b433fa83f" testListId="8c84fa94-04c1-424b-9868-57a2d4851a1d" />
    <TestEntry testId="fcdbfc53-2a71-a654-613d-c6e7651eccda" executionId="42f30482-8662-489f-b79b-bc350a728c8c" testListId="8c84fa94-04c1-424b-9868-57a2d4851a1d" />
    <TestEntry testId="e0ead985-7f8e-d7c2-5850-3ccd5912418e" executionId="c245c67e-a775-44dc-9f99-d066120cb8f0" testListId="8c84fa94-04c1-424b-9868-57a2d4851a1d" />
    <TestEntry testId="0592f100-f623-2e1d-4074-f264187ae12f" executionId="07ecdf86-c2a3-4e20-b420-b53e65ed9023" testListId="8c84fa94-04c1-424b-9868-57a2d4851a1d" />
    <TestEntry testId="42b31cd6-49b5-2693-7d7c-ca3cc799425e" executionId="88955e10-d47d-401d-9f8e-a6e4bb0bdd7e" testListId="8c84fa94-04c1-424b-9868-57a2d4851a1d" />
    <TestEntry testId="e90a6e20-7644-8c22-5813-d83b2765bdc3" executionId="b2992ef6-16e5-4c92-abff-ea1f30897391" testListId="8c84fa94-04c1-424b-9868-57a2d4851a1d" />
    <TestEntry testId="93957e81-375d-ae77-7246-f62ffb57a44d" executionId="f91e25e3-8538-49e9-9c36-3f68f0b34622" testListId="8c84fa94-04c1-424b-9868-57a2d4851a1d" />
    <TestEntry testId="6fca2e4f-07bc-74d7-971d-f5156f630b00" executionId="2c9d0d83-e2e2-4c53-bf5b-3ee3c85e23f2" testListId="8c84fa94-04c1-424b-9868-57a2d4851a1d" />
    <TestEntry testId="c928d429-059d-abee-f031-1d0e2389a4ce" executionId="21b7b9cb-d8b8-400d-838b-75502e0d9c0c" testListId="8c84fa94-04c1-424b-9868-57a2d4851a1d" />
    <TestEntry testId="fa661235-5ac6-58e8-9afa-ad93033873c3" executionId="33106f50-0920-4741-946a-05eeff65b0ba" testListId="8c84fa94-04c1-424b-9868-57a2d4851a1d" />
    <TestEntry testId="f983a492-159c-bfb5-b91b-4b925b7c8fd5" executionId="f165092e-0838-45a6-a625-9e911a784dfb" testListId="8c84fa94-04c1-424b-9868-57a2d4851a1d" />
    <TestEntry testId="75eef484-74f8-dcad-829a-78c0eb4b4734" executionId="d461058f-71bd-4305-b182-d88fb9bfb0e3" testListId="8c84fa94-04c1-424b-9868-57a2d4851a1d" />
    <TestEntry testId="46d958a8-14b7-4298-7a1a-531302386b58" executionId="4e8f1ee7-93aa-4a75-8199-fc4fbc9f8d59" testListId="8c84fa94-04c1-424b-9868-57a2d4851a1d" />
    <TestEntry testId="2352b8e6-1393-5e43-1283-c4502c11af78" executionId="95e50801-a924-48cb-a78f-5d5847debd26" testListId="8c84fa94-04c1-424b-9868-57a2d4851a1d" />
    <TestEntry testId="cd5b806a-4a71-ca4e-5bfb-63e32113ede4" executionId="fc19f97f-f840-4aa1-b300-adf64dfc6dc7" testListId="8c84fa94-04c1-424b-9868-57a2d4851a1d" />
    <TestEntry testId="81d09b0b-5d43-894f-7062-51cd301ec3fc" executionId="16b5ad81-4d4d-4293-a465-a079b25f5344" testListId="8c84fa94-04c1-424b-9868-57a2d4851a1d" />
    <TestEntry testId="a8b56b75-65b9-751b-4d32-a004df0488fb" executionId="65cbea78-096c-458d-832f-09b0675c59b6" testListId="8c84fa94-04c1-424b-9868-57a2d4851a1d" />
    <TestEntry testId="79b3dda2-5313-039c-f7d6-f59a26bcb9fb" executionId="f3e86bd3-97ea-450c-9ea8-0d97fc5d4399" testListId="8c84fa94-04c1-424b-9868-57a2d4851a1d" />
    <TestEntry testId="21d5c5ac-0207-499c-e606-878e656cf848" executionId="d959440e-08ba-4a0d-a22f-366ab0024179" testListId="8c84fa94-04c1-424b-9868-57a2d4851a1d" />
    <TestEntry testId="e058a3b6-7748-0e51-16f6-2e2bf3b4c412" executionId="128492ab-fc72-4ae1-88b6-442b26a08e75" testListId="8c84fa94-04c1-424b-9868-57a2d4851a1d" />
    <TestEntry testId="73f1deb3-e06f-3b4e-d637-24ff878586bd" executionId="bc13e1e2-8256-46c9-9935-c93aa1f35c87" testListId="8c84fa94-04c1-424b-9868-57a2d4851a1d" />
    <TestEntry testId="04dd9e3b-69da-9abd-b401-c214fab3adb0" executionId="28f95257-f8e8-467e-9e0c-13a55b13901c" testListId="8c84fa94-04c1-424b-9868-57a2d4851a1d" />
    <TestEntry testId="101a953c-89dc-c874-6e23-ad619ce53728" executionId="d41aa456-5493-4e4c-8d08-849738b03178" testListId="8c84fa94-04c1-424b-9868-57a2d4851a1d" />
    <TestEntry testId="25f222e7-d75b-4fb2-ff91-bce2c15431fe" executionId="324f7f6b-f388-49ad-b5b7-083462344591" testListId="8c84fa94-04c1-424b-9868-57a2d4851a1d" />
    <TestEntry testId="04e811af-06bf-a71c-dfc9-b0fcb19525a3" executionId="e4cc06e2-808e-440e-96ca-3a2a819fd53e" testListId="8c84fa94-04c1-424b-9868-57a2d4851a1d" />
    <TestEntry testId="3f00aa1a-365f-c19a-fdf3-233454903471" executionId="e665ec07-e8c3-45c7-8785-813087cdbb47" testListId="8c84fa94-04c1-424b-9868-57a2d4851a1d" />
    <TestEntry testId="94cc2498-9eac-1f30-0495-c4043794bda1" executionId="5006eb8d-8fd3-4300-b9a3-ebb3905050de" testListId="8c84fa94-04c1-424b-9868-57a2d4851a1d" />
    <TestEntry testId="a61ea07f-44d8-59ad-b025-684cb9bf4c30" executionId="fd9b4b5e-7df5-4ad1-b23c-f255619af038" testListId="8c84fa94-04c1-424b-9868-57a2d4851a1d" />
    <TestEntry testId="b44980c2-7bfa-4893-7d89-5a1df2c2fd98" executionId="fad2f9c7-7517-4056-8d47-d9fcf299cb4b" testListId="8c84fa94-04c1-424b-9868-57a2d4851a1d" />
    <TestEntry testId="086a76d6-76fa-2a76-f2a6-4ced0e37bb7f" executionId="a25c1273-e68e-4d74-a6d3-877428c89611" testListId="8c84fa94-04c1-424b-9868-57a2d4851a1d" />
    <TestEntry testId="1c063da4-1677-5544-9354-0ebdfcc3d3e4" executionId="22b8ade3-1cdd-46e3-8ab7-58c1002c736c" testListId="8c84fa94-04c1-424b-9868-57a2d4851a1d" />
    <TestEntry testId="3f7ab917-8db3-2953-8e89-4894602b8565" executionId="c837962b-f7be-4e38-8a43-022debc1b449" testListId="8c84fa94-04c1-424b-9868-57a2d4851a1d" />
    <TestEntry testId="a4cc7985-7579-069b-51e1-b53a4a3278b7" executionId="eb17767d-0483-4255-888a-16013a3ea49a" testListId="8c84fa94-04c1-424b-9868-57a2d4851a1d" />
    <TestEntry testId="c0cd53c6-bc7e-8906-a9fd-9ff93010c6bf" executionId="780bd760-3e25-46c2-858e-d5f789008651" testListId="8c84fa94-04c1-424b-9868-57a2d4851a1d" />
    <TestEntry testId="a75870b7-fe92-06e2-8868-f805bae5c8c4" executionId="0c9b6c0c-dd7d-43e4-9b2c-0f43cd001f22" testListId="8c84fa94-04c1-424b-9868-57a2d4851a1d" />
    <TestEntry testId="41a25716-0158-10aa-1ed6-04e8e06aecb2" executionId="8a67e80b-8ef3-4a1f-9bbf-a67da2021544" testListId="8c84fa94-04c1-424b-9868-57a2d4851a1d" />
    <TestEntry testId="b6ecc9d9-3150-74f2-ea1e-05f683a42d87" executionId="11ca5fcd-6e2c-49c3-9939-e266202972ad" testListId="8c84fa94-04c1-424b-9868-57a2d4851a1d" />
    <TestEntry testId="0c35afa0-1d7e-2e86-e31f-5482c99f4ccd" executionId="69ed72d5-3e25-423a-a62e-60e04f6953d2" testListId="8c84fa94-04c1-424b-9868-57a2d4851a1d" />
    <TestEntry testId="8b9251c6-a023-f6f7-4a50-226347dfa187" executionId="c58e6b05-6497-449d-a361-89f44b934f24" testListId="8c84fa94-04c1-424b-9868-57a2d4851a1d" />
    <TestEntry testId="1f6ab7c3-730d-da30-47be-297fd07fd2cd" executionId="ca97bb83-2935-400f-9613-ef508e6302b5" testListId="8c84fa94-04c1-424b-9868-57a2d4851a1d" />
    <TestEntry testId="dde6984e-17db-755d-5b78-5674762449e2" executionId="83adf29f-2001-42c6-afb7-dd900252ddd2" testListId="8c84fa94-04c1-424b-9868-57a2d4851a1d" />
    <TestEntry testId="5a33a868-c337-f8eb-b785-5f5f6094623a" executionId="52103590-a143-4800-a439-406325e496bd" testListId="8c84fa94-04c1-424b-9868-57a2d4851a1d" />
    <TestEntry testId="18709f93-7f08-10e7-ce1b-5f4578af39cd" executionId="fc8ef48d-4a71-42c6-a6a1-ed31637ec646" testListId="8c84fa94-04c1-424b-9868-57a2d4851a1d" />
    <TestEntry testId="47efc9b0-c055-2864-fadf-b69a63155a1d" executionId="e1f672b1-e565-4c47-99c6-bec970262c98" testListId="8c84fa94-04c1-424b-9868-57a2d4851a1d" />
    <TestEntry testId="58a992cc-6c4a-d2b4-3139-c2b3615f409a" executionId="8cddf7ef-d5b6-4994-a48a-3d5de85aec07" testListId="8c84fa94-04c1-424b-9868-57a2d4851a1d" />
    <TestEntry testId="3dd27072-4e73-dee3-7a60-9f4aeb7be799" executionId="9031d4a2-3c87-4397-8c04-f48928600306" testListId="8c84fa94-04c1-424b-9868-57a2d4851a1d" />
    <TestEntry testId="32939905-96dc-2546-5a1a-29e110e3f79d" executionId="5901b0c7-bde3-474d-beb9-55530cce949f" testListId="8c84fa94-04c1-424b-9868-57a2d4851a1d" />
    <TestEntry testId="0476de50-c01c-d21b-9b14-995f1b550227" executionId="6b4fc863-e398-47c5-88f1-47cc78f83331" testListId="8c84fa94-04c1-424b-9868-57a2d4851a1d" />
    <TestEntry testId="3ea82689-c4a3-5cf9-13f4-7d0e0aa9eda1" executionId="42642566-8b73-44b9-873a-b3fc11b192cf" testListId="8c84fa94-04c1-424b-9868-57a2d4851a1d" />
    <TestEntry testId="94908e38-9469-467a-05c5-c56d2d50b074" executionId="9d75126d-4e8d-4c4d-92c7-96785c00c739" testListId="8c84fa94-04c1-424b-9868-57a2d4851a1d" />
    <TestEntry testId="12f76939-5c14-809b-18e2-623fcb6959f3" executionId="b060c0a7-58f9-4002-9644-6c5f367a6204" testListId="8c84fa94-04c1-424b-9868-57a2d4851a1d" />
    <TestEntry testId="5c5bfbdb-364e-4210-34cb-0e1da72812b5" executionId="f1c2aa98-62a7-42b5-ac7c-ca94635bb365" testListId="8c84fa94-04c1-424b-9868-57a2d4851a1d" />
    <TestEntry testId="1a7ae2ed-7638-77e5-95d9-08861be23eff" executionId="69160231-949f-4d42-9f04-2621eba0e422" testListId="8c84fa94-04c1-424b-9868-57a2d4851a1d" />
    <TestEntry testId="ba58d36f-7b7d-3446-5deb-e66ae1bd2d35" executionId="df2cb3ad-74a5-4103-9f14-45c91994670b" testListId="8c84fa94-04c1-424b-9868-57a2d4851a1d" />
    <TestEntry testId="bf6d7b56-38fc-3570-e68e-6dc8ac6cd24d" executionId="25804a33-7458-46d8-93eb-527b0a6e10be" testListId="8c84fa94-04c1-424b-9868-57a2d4851a1d" />
    <TestEntry testId="e52d7b41-e7ff-77d7-664c-0130381d5cdc" executionId="746ddf81-8442-44f1-bfcf-8bc47db0e49b" testListId="8c84fa94-04c1-424b-9868-57a2d4851a1d" />
    <TestEntry testId="0eac750e-a9dc-3b71-e94f-29a89efc69d8" executionId="d4e44c68-560f-44cf-9b27-9def07031230" testListId="8c84fa94-04c1-424b-9868-57a2d4851a1d" />
    <TestEntry testId="9038a1a1-5d0d-d814-7016-77c5af3ffe93" executionId="3631a821-e0e2-4c2d-8fbc-08b7058583b8" testListId="8c84fa94-04c1-424b-9868-57a2d4851a1d" />
    <TestEntry testId="a878bf4b-501c-6ec2-6a79-b669f963f12b" executionId="9f29e50e-1a63-4e23-85f2-d65994300c45" testListId="8c84fa94-04c1-424b-9868-57a2d4851a1d" />
    <TestEntry testId="82b61c68-bc06-db1b-7b8e-26d0fc3bf2c4" executionId="bb19526b-72ac-4d63-b399-76915fc7603f" testListId="8c84fa94-04c1-424b-9868-57a2d4851a1d" />
    <TestEntry testId="4024714a-9928-1b15-32a0-35b48ea25bd7" executionId="4d2b4efa-5910-4034-97d1-1f09a3e2008a" testListId="8c84fa94-04c1-424b-9868-57a2d4851a1d" />
    <TestEntry testId="cc99a6ef-b3a3-7927-d4f1-97caa88501f4" executionId="9e36b3b8-6893-44fd-8cc1-df0d093570db" testListId="8c84fa94-04c1-424b-9868-57a2d4851a1d" />
    <TestEntry testId="c11f4419-b2f9-7b02-e49a-7ff752aa5d2c" executionId="236dfec2-41c5-468d-b38d-a4dd24b70f19" testListId="8c84fa94-04c1-424b-9868-57a2d4851a1d" />
    <TestEntry testId="88b8f556-256b-f94e-d031-10be648772aa" executionId="1980db51-e4c7-4c76-b728-a651764e3ac6" testListId="8c84fa94-04c1-424b-9868-57a2d4851a1d" />
    <TestEntry testId="ff93bcee-96c5-c829-d896-93fe25fe2a0c" executionId="6bc3e8c7-7609-46e2-bc5c-e0bd664a75af" testListId="8c84fa94-04c1-424b-9868-57a2d4851a1d" />
    <TestEntry testId="596fa7f3-0e0a-873b-eb2d-93f3f2e37cd2" executionId="1418b579-be70-41b9-ba18-80a63a11a26b" testListId="8c84fa94-04c1-424b-9868-57a2d4851a1d" />
    <TestEntry testId="ce5e12a0-72e0-75c2-6638-958d50f2d0c1" executionId="79239ff3-8a11-4137-afa8-702bdc74422d" testListId="8c84fa94-04c1-424b-9868-57a2d4851a1d" />
    <TestEntry testId="2a526286-d4c7-cb07-ba0f-537b8f12a3b5" executionId="c3edf67a-5027-4b41-bab3-a3bc493ba1c0" testListId="8c84fa94-04c1-424b-9868-57a2d4851a1d" />
    <TestEntry testId="8ff066a4-3c46-d21c-07a8-eb5ffb184ac5" executionId="2a341c92-5c40-4109-b1f4-bc7f1ba283b9" testListId="8c84fa94-04c1-424b-9868-57a2d4851a1d" />
    <TestEntry testId="61bac021-8883-590e-1acd-b292c986ef30" executionId="e385aa3d-d8c7-4cf1-be8a-2123bce05bfa" testListId="8c84fa94-04c1-424b-9868-57a2d4851a1d" />
    <TestEntry testId="14a30491-414b-edbb-1267-b52f1054f684" executionId="af5686f0-34df-487f-bbb1-b2d58ba86b5e" testListId="8c84fa94-04c1-424b-9868-57a2d4851a1d" />
    <TestEntry testId="4be21586-0086-5115-1ea1-ec6a0f88a724" executionId="9be63db8-be01-44a2-9895-72ebfec26226" testListId="8c84fa94-04c1-424b-9868-57a2d4851a1d" />
    <TestEntry testId="090bd348-ea7b-2eb7-b70e-5e31d4107dc0" executionId="71d6142e-016a-48b2-bc89-e8f354a2ad63" testListId="8c84fa94-04c1-424b-9868-57a2d4851a1d" />
    <TestEntry testId="a3b79c5b-c356-dc40-e8aa-d03a267db88c" executionId="62436c2f-b4b1-4a56-aba3-ae0bc79c36c9" testListId="8c84fa94-04c1-424b-9868-57a2d4851a1d" />
    <TestEntry testId="6b0905e9-a535-7ad7-c3c9-d2d46470ba6b" executionId="d437ee3b-9e3d-46a3-8d1f-db1406360a8e" testListId="8c84fa94-04c1-424b-9868-57a2d4851a1d" />
    <TestEntry testId="2509055a-c9d6-06b6-a5cf-b861ef1f3703" executionId="cc7abc1e-bb40-4d5f-b8d2-884660569c76" testListId="8c84fa94-04c1-424b-9868-57a2d4851a1d" />
    <TestEntry testId="c005f5ef-50ee-135b-4b11-05b77157d8e4" executionId="d95656f6-3088-407b-85c5-b8fc57b126af" testListId="8c84fa94-04c1-424b-9868-57a2d4851a1d" />
    <TestEntry testId="17f49073-1f5e-b966-c5e8-3d8454130f96" executionId="46a89eb4-0a9b-47d0-a0a9-c1d59b614282" testListId="8c84fa94-04c1-424b-9868-57a2d4851a1d" />
    <TestEntry testId="6b10e413-ea1f-b9e8-1aa1-4b3109f89c52" executionId="d5f18773-6666-4a69-bff7-3f389a73abca" testListId="8c84fa94-04c1-424b-9868-57a2d4851a1d" />
    <TestEntry testId="8f4a8458-20ec-579e-12a7-ac495ef094f6" executionId="7cf36393-c9a7-4b9c-9c16-6bf3d2c2a65b" testListId="8c84fa94-04c1-424b-9868-57a2d4851a1d" />
    <TestEntry testId="33a6006f-13d9-f45e-d3eb-ffeebbfcbfe1" executionId="265d647e-884e-4037-b080-09cfcaf1cf7a" testListId="8c84fa94-04c1-424b-9868-57a2d4851a1d" />
    <TestEntry testId="e31ea099-e7db-5826-f038-b16885bdc4e8" executionId="2f3ddb16-81f1-480c-8db7-130e0c13191e" testListId="8c84fa94-04c1-424b-9868-57a2d4851a1d" />
    <TestEntry testId="9b95bfa4-55e3-732f-a6b1-834d6f399544" executionId="93a6e3d9-bc0b-4aea-b91f-72507f0054d9" testListId="8c84fa94-04c1-424b-9868-57a2d4851a1d" />
    <TestEntry testId="16b6f24e-4381-7a94-ab04-3025c22ce684" executionId="b782f33b-60d5-4b21-8692-80f17808f95b" testListId="8c84fa94-04c1-424b-9868-57a2d4851a1d" />
    <TestEntry testId="0f595d3c-24c1-33b8-b1fa-52388920cbaa" executionId="059457fc-5b40-4dfb-b21e-bc6bb1bf5bb4" testListId="8c84fa94-04c1-424b-9868-57a2d4851a1d" />
    <TestEntry testId="5b45e2bb-7a52-fa8e-f884-2649791bda5c" executionId="c1dbb212-1d49-433e-9655-e05837c306e1" testListId="8c84fa94-04c1-424b-9868-57a2d4851a1d" />
    <TestEntry testId="38626539-f058-212c-9bac-de2f23196537" executionId="71926cea-dde1-4b3b-b1ef-e061f279b74d" testListId="8c84fa94-04c1-424b-9868-57a2d4851a1d" />
    <TestEntry testId="b122b2bc-9ae5-b630-0ace-4aeed1e523cb" executionId="ad467657-a8c4-4e35-ae7d-d24c1c4b8597" testListId="8c84fa94-04c1-424b-9868-57a2d4851a1d" />
    <TestEntry testId="bd29e3e6-4bd1-9d17-7983-0e5c9df0b7e4" executionId="bfe30b0e-6fb7-4d1d-836a-500907c7bc74" testListId="8c84fa94-04c1-424b-9868-57a2d4851a1d" />
    <TestEntry testId="736a3ba9-e646-0f9b-7e50-23a058addfb6" executionId="55fdce86-93fd-4780-b7e7-2189915a01e1" testListId="8c84fa94-04c1-424b-9868-57a2d4851a1d" />
    <TestEntry testId="ebd76c92-9369-b91f-c4a8-25137dc9971e" executionId="96896aea-215c-4dee-9af2-fa65e7aa2d2f" testListId="8c84fa94-04c1-424b-9868-57a2d4851a1d" />
    <TestEntry testId="19adb177-4aa9-1764-b15f-ca321ec46d19" executionId="95946140-1c71-41eb-9cdb-686e8618eec7" testListId="8c84fa94-04c1-424b-9868-57a2d4851a1d" />
    <TestEntry testId="2413d296-e8de-d75c-2238-84b49e2018f2" executionId="7973bb20-ff6c-462d-9baf-84638c5f4a07" testListId="8c84fa94-04c1-424b-9868-57a2d4851a1d" />
    <TestEntry testId="af25b24a-04f3-96de-4c46-fc2df77ad4fc" executionId="abc94fbb-7b6d-412e-b1dc-327a41220943" testListId="8c84fa94-04c1-424b-9868-57a2d4851a1d" />
    <TestEntry testId="d8a96375-e583-8582-21b5-24ded6be2375" executionId="af779575-54fb-47f3-8c5b-ba83a70689e4" testListId="8c84fa94-04c1-424b-9868-57a2d4851a1d" />
    <TestEntry testId="dc1ed4e3-4174-aae3-7ca7-e2a44a8646e1" executionId="4e041669-a82a-4696-96ee-4b1c955d2aaf" testListId="8c84fa94-04c1-424b-9868-57a2d4851a1d" />
    <TestEntry testId="c98a9e9c-8953-dc20-d8e9-1a679a88bab6" executionId="a46ddf26-92f9-433b-acdf-4e332e686aed" testListId="8c84fa94-04c1-424b-9868-57a2d4851a1d" />
    <TestEntry testId="c7dfafd6-1b34-a491-a927-8fe00df29a8b" executionId="c8bf03c8-ac7b-4c80-844c-20fbc9b5b930" testListId="8c84fa94-04c1-424b-9868-57a2d4851a1d" />
    <TestEntry testId="f4c526a1-afe4-a0bb-b10d-42fabfc11348" executionId="1b80e6d9-ab53-4be5-8b8c-0730699d7d1c" testListId="8c84fa94-04c1-424b-9868-57a2d4851a1d" />
    <TestEntry testId="d1306a09-0fcb-7eb9-2fd5-5690368ea56e" executionId="8e23a27c-4e8e-47ab-88e8-f4f6b035a6f7" testListId="8c84fa94-04c1-424b-9868-57a2d4851a1d" />
    <TestEntry testId="c69ae519-8b24-10ab-2127-99e669a5ef88" executionId="650365f6-7795-406f-907a-c16718e6918a" testListId="8c84fa94-04c1-424b-9868-57a2d4851a1d" />
    <TestEntry testId="f56ed49c-c845-7111-c04d-05ea7c766aae" executionId="8bbce82f-4bfd-4bfc-8237-7b90395d2c86" testListId="8c84fa94-04c1-424b-9868-57a2d4851a1d" />
    <TestEntry testId="7b02fd2c-8c6f-e484-8cb0-2d4fb5c50f06" executionId="89b0b9d5-bc91-4a68-ba48-48652cdd397c" testListId="8c84fa94-04c1-424b-9868-57a2d4851a1d" />
    <TestEntry testId="eed7407e-8fa6-5a54-d9fb-d9038f819b67" executionId="a9c23d93-88e6-4b93-b6e6-776920e4e9b9" testListId="8c84fa94-04c1-424b-9868-57a2d4851a1d" />
    <TestEntry testId="cb0f7085-8806-9636-8b81-789492ca76ad" executionId="de065072-398c-4915-94dc-fec08d0c0829" testListId="8c84fa94-04c1-424b-9868-57a2d4851a1d" />
    <TestEntry testId="8ef1267e-296d-f674-0a4d-067189f48c97" executionId="a8404a0d-6abc-49ef-96ec-4f665e574f8a" testListId="8c84fa94-04c1-424b-9868-57a2d4851a1d" />
    <TestEntry testId="4247d82c-ccd4-4fff-1e29-29c247ee1ac3" executionId="147f917e-ba3b-48ad-8a9c-d98908a888b3" testListId="8c84fa94-04c1-424b-9868-57a2d4851a1d" />
    <TestEntry testId="f5e82a94-590e-211a-486f-cc7e73b9fc19" executionId="fe49445d-c2f0-4f31-951f-5f9f5e752974" testListId="8c84fa94-04c1-424b-9868-57a2d4851a1d" />
    <TestEntry testId="04deaea4-0be9-7511-09f0-f9e7d5441f16" executionId="47ee5ff4-ac1a-4f4b-a476-2ca1736c5240" testListId="8c84fa94-04c1-424b-9868-57a2d4851a1d" />
    <TestEntry testId="c1b2d859-1b2e-7b2b-2fa7-70f0d106c250" executionId="a7465f88-78ba-45c1-bf5b-266610d1027a" testListId="8c84fa94-04c1-424b-9868-57a2d4851a1d" />
    <TestEntry testId="1f61e2e3-b482-fc9e-3115-c0cf0654902e" executionId="546b0c5a-4c15-4e46-a7fc-80d3293841f5" testListId="8c84fa94-04c1-424b-9868-57a2d4851a1d" />
    <TestEntry testId="8d43a3f1-875f-fff1-7b04-922e2efe0c83" executionId="4345d20d-a948-4d34-befe-e14c6c19ffde" testListId="8c84fa94-04c1-424b-9868-57a2d4851a1d" />
    <TestEntry testId="b9010937-d10b-09c6-dad7-b57876d9cdbe" executionId="f3935710-624a-4814-8d0f-13e1ce65db06" testListId="8c84fa94-04c1-424b-9868-57a2d4851a1d" />
    <TestEntry testId="0a6360a7-1c6f-e6cd-a26f-a18d0276f9ad" executionId="2158c33f-e83d-48b0-93d2-5e924eace8f0" testListId="8c84fa94-04c1-424b-9868-57a2d4851a1d" />
    <TestEntry testId="83e62727-7edf-6e38-6039-f64de608614a" executionId="f901d4d0-bdd6-45ba-a830-976a23efe0ad" testListId="8c84fa94-04c1-424b-9868-57a2d4851a1d" />
    <TestEntry testId="221454b6-4e8e-b6ef-3237-7369eefa5a9f" executionId="46d908b3-0286-4885-9c48-a5b748d335cc" testListId="8c84fa94-04c1-424b-9868-57a2d4851a1d" />
    <TestEntry testId="c6dde80c-82fa-692c-fa96-921343b9d97e" executionId="9b492c0c-3686-4acb-907e-486fd2ee7939" testListId="8c84fa94-04c1-424b-9868-57a2d4851a1d" />
    <TestEntry testId="8d677814-bf3c-3188-b25e-af6af95162f7" executionId="dd2c1aa3-c569-45f3-9b66-f05a1590f886" testListId="8c84fa94-04c1-424b-9868-57a2d4851a1d" />
    <TestEntry testId="954f35f7-8cc2-aa10-47af-fd9049c4d5b5" executionId="83f0f1bc-a3ea-492e-bcba-6971cc95394d" testListId="8c84fa94-04c1-424b-9868-57a2d4851a1d" />
    <TestEntry testId="bf1724c3-e072-19f9-d2f3-1bfc6c729109" executionId="6322bd43-408e-4720-a39e-16fe454d661a" testListId="8c84fa94-04c1-424b-9868-57a2d4851a1d" />
    <TestEntry testId="4bb44f75-741a-310b-adbc-e36d35bf9503" executionId="51a448d1-5843-415a-bcd5-195d83dab5de" testListId="8c84fa94-04c1-424b-9868-57a2d4851a1d" />
    <TestEntry testId="c1cc9fd2-577f-7603-2c4e-efd9c9310c84" executionId="b08512e1-e16d-4736-a380-6515ae3a4e32" testListId="8c84fa94-04c1-424b-9868-57a2d4851a1d" />
    <TestEntry testId="22df3953-dfb7-be7f-261b-efe658a9745c" executionId="50b1f19f-b044-45f8-875e-5ca595ec3d0e" testListId="8c84fa94-04c1-424b-9868-57a2d4851a1d" />
    <TestEntry testId="5d29493a-76e7-36c2-b679-3abb71142446" executionId="4b479374-3a90-43a1-9b67-ffde2d80c7ae" testListId="8c84fa94-04c1-424b-9868-57a2d4851a1d" />
    <TestEntry testId="ab15b4b6-820b-68a8-5f91-048cd5fd25de" executionId="1bd6b349-5777-4853-8013-ea26541b8bab" testListId="8c84fa94-04c1-424b-9868-57a2d4851a1d" />
    <TestEntry testId="d570cf5b-3d68-5207-a525-ccc298d845a6" executionId="fa374280-a7c9-4830-94a2-f39921d18d13" testListId="8c84fa94-04c1-424b-9868-57a2d4851a1d" />
    <TestEntry testId="ba0bc178-c07c-87ab-1abb-1ddd2f122b8b" executionId="23d5e64e-eb96-4d66-bf26-c9ec724faa10" testListId="8c84fa94-04c1-424b-9868-57a2d4851a1d" />
    <TestEntry testId="050d09cd-8b83-1be8-6fd3-0a5dc0cb9799" executionId="15091f92-802f-4075-ab15-a85fb1d434f3" testListId="8c84fa94-04c1-424b-9868-57a2d4851a1d" />
    <TestEntry testId="8c60567f-ecc7-66eb-0e74-3317a7d9ccc3" executionId="120eafb6-a411-464d-8aa7-d43bf8741f92" testListId="8c84fa94-04c1-424b-9868-57a2d4851a1d" />
    <TestEntry testId="3f0ba1d9-d0cc-1174-12df-40039fce3940" executionId="18fb40c9-46cd-4d29-a909-72f8afffa6b9" testListId="8c84fa94-04c1-424b-9868-57a2d4851a1d" />
    <TestEntry testId="54bac0dc-a254-33ae-fd74-2683a6fc1d46" executionId="6d612e5f-e8d8-4fcf-8cb2-2fc1591f4045" testListId="8c84fa94-04c1-424b-9868-57a2d4851a1d" />
    <TestEntry testId="37b73e4a-6063-5e03-fa41-61190b5eed29" executionId="ed40d9f9-f6c4-428b-96c0-ea911cda7953" testListId="8c84fa94-04c1-424b-9868-57a2d4851a1d" />
    <TestEntry testId="25374d21-a996-03af-9299-0d9da4c8eb76" executionId="a125f7c9-4bfd-4137-89f3-cec35e2060c7" testListId="8c84fa94-04c1-424b-9868-57a2d4851a1d" />
    <TestEntry testId="ff90fe41-1bcb-f481-f6fe-11a1b6c31a4b" executionId="9fc11da5-3c99-48bd-92ba-00e2701c5f6c" testListId="8c84fa94-04c1-424b-9868-57a2d4851a1d" />
    <TestEntry testId="66f3db97-d8db-082e-d770-adc0c31899a6" executionId="03afe657-4f3a-4502-9282-3e5f8d39db3f" testListId="8c84fa94-04c1-424b-9868-57a2d4851a1d" />
    <TestEntry testId="0e26eac2-9255-c736-1c23-a0fb50465da3" executionId="520a335b-ace7-493b-bdbf-d02318d24e1d" testListId="8c84fa94-04c1-424b-9868-57a2d4851a1d" />
    <TestEntry testId="53ec421f-0836-23d1-d6cd-2d0dce737fe0" executionId="76143fac-579a-48f8-aa9b-73d3e7eaa91d" testListId="8c84fa94-04c1-424b-9868-57a2d4851a1d" />
    <TestEntry testId="c24f3777-0d70-bfae-77b7-55457a10f72d" executionId="f9093f75-2784-4431-b50a-49a7ce38516a" testListId="8c84fa94-04c1-424b-9868-57a2d4851a1d" />
    <TestEntry testId="01dd4c73-5b1a-fa22-153d-2fa6fe07e0d4" executionId="5eff1c27-bcb3-47f4-8e92-5e21e1bf4341" testListId="8c84fa94-04c1-424b-9868-57a2d4851a1d" />
    <TestEntry testId="35f5e039-ffbf-abb6-595e-9ff0b94fcfa7" executionId="ac8ccd3d-2e86-4320-ab0a-3accaf4d8f8f" testListId="8c84fa94-04c1-424b-9868-57a2d4851a1d" />
    <TestEntry testId="9c4293a8-3b82-e855-ae76-259fca3dc7e4" executionId="9d91a440-6878-442d-bd48-23b7ec2da060" testListId="8c84fa94-04c1-424b-9868-57a2d4851a1d" />
    <TestEntry testId="ce20c7f6-ce06-46b6-bd02-661cd89139bf" executionId="19f5207d-64ab-4461-8074-19a0c20fb190" testListId="8c84fa94-04c1-424b-9868-57a2d4851a1d" />
    <TestEntry testId="27feaa6d-f5b5-8441-13b3-3f65caf58729" executionId="58cb5796-9c51-42d6-880c-8f4e07f007c7" testListId="8c84fa94-04c1-424b-9868-57a2d4851a1d" />
    <TestEntry testId="5d3e1acc-4e09-7532-eabd-5cc2d59ab64e" executionId="09184720-2a73-4270-9f9e-e292e2d3d280" testListId="8c84fa94-04c1-424b-9868-57a2d4851a1d" />
    <TestEntry testId="be3628d0-daf8-4176-0f74-470c4736ceb9" executionId="404d2041-f41e-4e08-abec-6bc7eba59494" testListId="8c84fa94-04c1-424b-9868-57a2d4851a1d" />
    <TestEntry testId="1d306aaf-3a47-da51-09b8-ff0765efdbc8" executionId="6556c68d-b57d-40e1-a22b-aee290cf82ff" testListId="8c84fa94-04c1-424b-9868-57a2d4851a1d" />
    <TestEntry testId="ac5d83bc-5049-8b8f-9652-a42a8dc074f9" executionId="c7edfeea-b726-4a2d-89e8-edfa5161289a" testListId="8c84fa94-04c1-424b-9868-57a2d4851a1d" />
    <TestEntry testId="d8be81bf-835b-c83d-ce6e-85ebb68614f4" executionId="68abd3aa-267b-4f07-b4a6-dc168fa7c278" testListId="8c84fa94-04c1-424b-9868-57a2d4851a1d" />
    <TestEntry testId="70682852-21fb-a703-a9b1-84be7b253bc4" executionId="44398cb8-5657-4a86-b453-72daac771044" testListId="8c84fa94-04c1-424b-9868-57a2d4851a1d" />
    <TestEntry testId="fd2e8d42-685c-efbb-3742-a2847235e27e" executionId="dc19a157-86a8-4164-b607-774c9518d26b" testListId="8c84fa94-04c1-424b-9868-57a2d4851a1d" />
    <TestEntry testId="976836bc-953a-5e11-e548-1c3ef5a13dd8" executionId="86f98ee5-6844-4868-b833-a62cb395a53a" testListId="8c84fa94-04c1-424b-9868-57a2d4851a1d" />
    <TestEntry testId="666b234c-9e1a-ac74-be6f-6c8fde41c1f2" executionId="bb3f36e2-884c-4fb1-9048-63c1bb426bc4" testListId="8c84fa94-04c1-424b-9868-57a2d4851a1d" />
    <TestEntry testId="328a7545-5fd4-a1cf-0b77-39c855cac34a" executionId="9aa1746d-9783-41c1-b58a-0fd6063665fe" testListId="8c84fa94-04c1-424b-9868-57a2d4851a1d" />
    <TestEntry testId="58d67626-0be2-e03c-155b-fc69bf640762" executionId="dc3d60e2-f67f-4ff3-8554-a22af32574a4" testListId="8c84fa94-04c1-424b-9868-57a2d4851a1d" />
    <TestEntry testId="e4353d7d-17e2-f1b1-a9e7-7443d2e83b67" executionId="fb4e1b60-933c-4345-9619-9fc97487e004" testListId="8c84fa94-04c1-424b-9868-57a2d4851a1d" />
    <TestEntry testId="afeec36b-a258-1419-06b6-aaf7382c663b" executionId="a4137cca-ec58-40ba-87dc-ab436ddab402" testListId="8c84fa94-04c1-424b-9868-57a2d4851a1d" />
    <TestEntry testId="2cdcfb1f-a4e4-56ac-b11d-555146a010e2" executionId="442daa99-42d4-400b-8e57-486a2fb5bc6e" testListId="8c84fa94-04c1-424b-9868-57a2d4851a1d" />
    <TestEntry testId="fa66c126-656a-93fb-14cd-799ed945c36d" executionId="61465162-7401-46ff-af8d-879a4a936426" testListId="8c84fa94-04c1-424b-9868-57a2d4851a1d" />
    <TestEntry testId="34eca7c8-e134-7a05-ba0c-7cc3bd647b49" executionId="000435ec-6694-4396-9323-9751186da35c" testListId="8c84fa94-04c1-424b-9868-57a2d4851a1d" />
    <TestEntry testId="fee9a364-5664-ad24-0567-d7e0045c9ee2" executionId="3b34b697-6bcc-457b-93f0-15bba1be7523" testListId="8c84fa94-04c1-424b-9868-57a2d4851a1d" />
    <TestEntry testId="bd10c89e-04e0-eddc-f612-0d2a73c42aef" executionId="52a688c3-bca0-4e75-8302-18ad2f8023d0" testListId="8c84fa94-04c1-424b-9868-57a2d4851a1d" />
    <TestEntry testId="5950ac26-1689-57e1-cd3d-852d7411148d" executionId="9d18508c-5946-42c1-b02d-63ee220df17a" testListId="8c84fa94-04c1-424b-9868-57a2d4851a1d" />
    <TestEntry testId="21097595-3060-6f20-3483-0bdd21eb6dd6" executionId="15b26c27-f47e-4552-a243-8d2f241feb26" testListId="8c84fa94-04c1-424b-9868-57a2d4851a1d" />
    <TestEntry testId="eceb508e-a92a-5d49-97c9-22d832ee2acd" executionId="beae36e7-c552-40ac-8bd2-3f0ad2a64e90" testListId="8c84fa94-04c1-424b-9868-57a2d4851a1d" />
    <TestEntry testId="e458d382-9161-c112-b8eb-0dd1463e7620" executionId="c87c3e0c-f6e5-45f3-9a59-71686abd1446" testListId="8c84fa94-04c1-424b-9868-57a2d4851a1d" />
    <TestEntry testId="87c8d13e-e7f4-e8c8-10f7-611f4ad00d54" executionId="5ee33ef4-bef1-4d01-88b7-2410846236ea" testListId="8c84fa94-04c1-424b-9868-57a2d4851a1d" />
    <TestEntry testId="afd2c513-1d15-6d0a-37da-9689273da5ad" executionId="d4a37f3c-4efa-416c-8621-c4911d908ab1" testListId="8c84fa94-04c1-424b-9868-57a2d4851a1d" />
    <TestEntry testId="fb61b088-54c3-4813-a28d-f7e19bfcb9b6" executionId="4dbd32fe-2067-4ec1-9c8b-5bb00d98d9fa" testListId="8c84fa94-04c1-424b-9868-57a2d4851a1d" />
    <TestEntry testId="7014e715-179f-08ac-4071-a48c534b3862" executionId="4e1ba18f-d137-49db-8604-d2564d0bf186" testListId="8c84fa94-04c1-424b-9868-57a2d4851a1d" />
    <TestEntry testId="47b41c3b-592f-b202-106b-e17f6fa5be51" executionId="bff65895-7e68-42f9-a542-f8c79e2f76eb" testListId="8c84fa94-04c1-424b-9868-57a2d4851a1d" />
    <TestEntry testId="ed71cb46-7308-4aac-1501-40404db0b0e0" executionId="4587e564-230c-47b5-996f-2fb9aa2dcc44" testListId="8c84fa94-04c1-424b-9868-57a2d4851a1d" />
    <TestEntry testId="91e57d47-2912-8dce-9afd-6b9824c2db08" executionId="282b9e88-232c-41a7-8c59-93d071cc8a3c" testListId="8c84fa94-04c1-424b-9868-57a2d4851a1d" />
    <TestEntry testId="79b8c264-ac6c-7662-43da-9eb7f8b3b2a3" executionId="d0d53e80-cf6c-432b-a3e9-369f8d90dadb" testListId="8c84fa94-04c1-424b-9868-57a2d4851a1d" />
    <TestEntry testId="b2eced31-7808-1a75-4255-b95daef84ef9" executionId="ff590dd6-1ecf-4db7-9ea5-093ac0297b37" testListId="8c84fa94-04c1-424b-9868-57a2d4851a1d" />
    <TestEntry testId="4ccbf8d8-1369-4cd1-e8a3-a2a9de16b7f6" executionId="85121ac9-5958-4f64-a30c-3d58d57608fa" testListId="8c84fa94-04c1-424b-9868-57a2d4851a1d" />
    <TestEntry testId="ed67fa44-1552-508c-915d-208f71764e9c" executionId="5f2c3102-d04b-4b3b-9aac-ef4309f282bf" testListId="8c84fa94-04c1-424b-9868-57a2d4851a1d" />
    <TestEntry testId="9e7ab89c-4222-70d1-fdca-40a8437ebc72" executionId="53547485-9a11-4ee2-b209-ade6497d9bf5" testListId="8c84fa94-04c1-424b-9868-57a2d4851a1d" />
    <TestEntry testId="8a6384e8-0380-40b5-3cca-f49e615b1677" executionId="500fd96b-15e9-4afb-9d36-623c7ecb7790" testListId="8c84fa94-04c1-424b-9868-57a2d4851a1d" />
    <TestEntry testId="3e0ae73a-1486-d220-a345-e97b020b3821" executionId="2f1aad72-031f-4b2d-8114-4c1c09e56f97" testListId="8c84fa94-04c1-424b-9868-57a2d4851a1d" />
    <TestEntry testId="3496207b-1ea5-64f6-ae71-a4f0a3d5e4f7" executionId="0ac15fd1-22ec-4aaf-a0b0-432ca6046afc" testListId="8c84fa94-04c1-424b-9868-57a2d4851a1d" />
    <TestEntry testId="d975e00c-6bb2-1e61-db6f-d2886d643056" executionId="cfc53681-e56a-4844-a62d-2abef3feb4d4" testListId="8c84fa94-04c1-424b-9868-57a2d4851a1d" />
    <TestEntry testId="898c1b49-f8e8-66dd-632e-c72b9f8369cb" executionId="29bbb454-efcf-43f5-b6e1-5a8037aaf07c" testListId="8c84fa94-04c1-424b-9868-57a2d4851a1d" />
    <TestEntry testId="1d73bc35-6cfa-01eb-f47d-cb4cd6e99b60" executionId="0753fc71-3693-4dce-b3a9-0869a07b8129" testListId="8c84fa94-04c1-424b-9868-57a2d4851a1d" />
    <TestEntry testId="b2637e8c-05c8-ce46-11d3-0977237ded27" executionId="3cf42285-7de0-4f15-9f45-a20669a39196" testListId="8c84fa94-04c1-424b-9868-57a2d4851a1d" />
    <TestEntry testId="9bb6650e-634b-993f-4507-8e607afd53fc" executionId="eff2d465-ddc9-45f5-89bb-ee2227f88849" testListId="8c84fa94-04c1-424b-9868-57a2d4851a1d" />
    <TestEntry testId="ea19f5bb-19c5-8627-e2b9-ff0952e1ff86" executionId="915580ff-363b-41ec-9e2c-f6852be879e6" testListId="8c84fa94-04c1-424b-9868-57a2d4851a1d" />
    <TestEntry testId="ba70d6b3-60e1-78fe-620d-a1a735cd9c1c" executionId="35c3861f-7499-4374-946e-8638f557ae53" testListId="8c84fa94-04c1-424b-9868-57a2d4851a1d" />
    <TestEntry testId="ba031a29-e89d-60c6-63ef-7e23f5bf8bbd" executionId="c74ad9a7-b8a3-49b7-bd09-b31bb3f24133" testListId="8c84fa94-04c1-424b-9868-57a2d4851a1d" />
    <TestEntry testId="613f3758-2c26-cde7-616d-ce84ce9b8641" executionId="afbb007d-320e-4797-a510-dced2db740e7" testListId="8c84fa94-04c1-424b-9868-57a2d4851a1d" />
    <TestEntry testId="12b7d26c-41c3-eb7b-4c28-fca9d7661392" executionId="933e9834-3a04-4c93-9ab8-07f4a3d8cf1b" testListId="8c84fa94-04c1-424b-9868-57a2d4851a1d" />
    <TestEntry testId="be755881-249e-5ec2-52ba-05be5d321b6a" executionId="9180dac9-60d3-4cb2-a703-62528696e235" testListId="8c84fa94-04c1-424b-9868-57a2d4851a1d" />
    <TestEntry testId="c0c6839e-f2da-1eba-68d1-ba2019385de6" executionId="b3634430-dd0c-4918-adbc-d5ecddbd8dc1" testListId="8c84fa94-04c1-424b-9868-57a2d4851a1d" />
    <TestEntry testId="1970d730-f166-49f5-f77f-a17b113258a2" executionId="e511bade-a472-4bc0-b88e-18d8a6361653" testListId="8c84fa94-04c1-424b-9868-57a2d4851a1d" />
    <TestEntry testId="16717eda-9f34-c565-d17f-d1cc8aa97196" executionId="2e6ed6f2-2baa-4ed8-bdd7-44db3b0e321c" testListId="8c84fa94-04c1-424b-9868-57a2d4851a1d" />
    <TestEntry testId="e3480267-173d-4a79-3dda-0e08e06cdff5" executionId="c13d7808-13d9-4681-8268-53d871dc87fb" testListId="8c84fa94-04c1-424b-9868-57a2d4851a1d" />
    <TestEntry testId="91be1129-2e75-acdd-f801-b95277bbc5b6" executionId="ff80c47e-a8f0-4ce3-b32a-168ee2dae3e6" testListId="8c84fa94-04c1-424b-9868-57a2d4851a1d" />
    <TestEntry testId="38eb0d90-d708-c6bb-b76b-4ae5478deb2a" executionId="905895b5-0fe3-4c99-96f7-ca839d0e06f3" testListId="8c84fa94-04c1-424b-9868-57a2d4851a1d" />
    <TestEntry testId="1cacaed8-0ecb-9b11-c277-1847a83365c3" executionId="19fbe79f-fef7-48f2-95b3-8bd72526d086" testListId="8c84fa94-04c1-424b-9868-57a2d4851a1d" />
    <TestEntry testId="5edd3f91-b3d1-6853-b4fc-0a51cb8a4294" executionId="40833716-baf1-488f-b013-dfeeb27a46bd" testListId="8c84fa94-04c1-424b-9868-57a2d4851a1d" />
    <TestEntry testId="69bb95a8-4f41-18e6-7973-e67446e6fade" executionId="c49d3ab1-427d-4f41-985a-493e69ce0345" testListId="8c84fa94-04c1-424b-9868-57a2d4851a1d" />
    <TestEntry testId="e92779f6-74cb-f951-f9dc-b2773eeecea5" executionId="9d4e4f2b-3f59-4c74-9d29-719f5b38f048" testListId="8c84fa94-04c1-424b-9868-57a2d4851a1d" />
    <TestEntry testId="df1b7b6f-e4bc-b1aa-f376-084b446da717" executionId="1e66a6aa-d3f7-46e1-aaea-6df8fe5fd21b" testListId="8c84fa94-04c1-424b-9868-57a2d4851a1d" />
    <TestEntry testId="c0bc6d7b-6204-a0b4-c19b-751628802c32" executionId="8e20f120-3791-469d-8928-0ced46cac0b1" testListId="8c84fa94-04c1-424b-9868-57a2d4851a1d" />
    <TestEntry testId="ae7ae084-9242-af44-0ff8-66c577731451" executionId="814a2068-dfdb-47d4-ae42-b24a66fae4e5" testListId="8c84fa94-04c1-424b-9868-57a2d4851a1d" />
    <TestEntry testId="38ee7997-55bc-f671-5484-b7237e6f47a6" executionId="e2359bb4-341e-4824-9162-3233b59407ce" testListId="8c84fa94-04c1-424b-9868-57a2d4851a1d" />
    <TestEntry testId="61e1013f-7044-f341-1eb6-2fbac507f775" executionId="37f8f23c-d84a-470c-b722-1b1d011c030b" testListId="8c84fa94-04c1-424b-9868-57a2d4851a1d" />
    <TestEntry testId="32d006f0-ac45-d318-d8b6-796c988b74e1" executionId="ba36eeb2-c72f-4578-b2d1-4dc235b11e45" testListId="8c84fa94-04c1-424b-9868-57a2d4851a1d" />
    <TestEntry testId="0318a35f-12e1-9f9b-c8c4-233e2ad15da1" executionId="a703a6fd-e0aa-40e8-aa6d-aef36c145137" testListId="8c84fa94-04c1-424b-9868-57a2d4851a1d" />
    <TestEntry testId="3bc2d8b1-ec66-54f7-c237-586544ed4370" executionId="3b289c2e-b832-485f-9854-24f370a0a520" testListId="8c84fa94-04c1-424b-9868-57a2d4851a1d" />
    <TestEntry testId="7b64fc21-660a-3ce8-c50e-07fe14ab8ea5" executionId="795eae12-c30e-4ee5-a312-dd40fdfdd2b7" testListId="8c84fa94-04c1-424b-9868-57a2d4851a1d" />
    <TestEntry testId="bf83e4d5-8b19-14dc-030c-491ebd48ca6a" executionId="4ab0ae64-9bc5-422f-90fc-d6d6a191299e" testListId="8c84fa94-04c1-424b-9868-57a2d4851a1d" />
    <TestEntry testId="7d62f483-ca93-a725-2095-b0eff2c5d67c" executionId="83deaa17-5fe8-4609-9f5e-b94c993a08e8" testListId="8c84fa94-04c1-424b-9868-57a2d4851a1d" />
    <TestEntry testId="87939337-dc38-5d18-422e-5446369b328f" executionId="5195ef0b-8e27-4021-8b64-5e3f1dc5d3e7" testListId="8c84fa94-04c1-424b-9868-57a2d4851a1d" />
    <TestEntry testId="7e679691-98e6-62dc-03d7-7b901b4a760c" executionId="295aea30-d24c-4e9b-aacd-517cb1bf94aa" testListId="8c84fa94-04c1-424b-9868-57a2d4851a1d" />
    <TestEntry testId="7747a403-ab44-9f9f-9437-aaf738efdb00" executionId="6de99cfb-2f91-41b7-84f8-1bed7f1a1cf8" testListId="8c84fa94-04c1-424b-9868-57a2d4851a1d" />
    <TestEntry testId="acc7967d-0fef-9ccc-417e-3b454a45a65b" executionId="9d3d0b52-f7f2-48eb-925a-0a4f7f8fa350" testListId="8c84fa94-04c1-424b-9868-57a2d4851a1d" />
    <TestEntry testId="b61753a7-0caf-21b1-76c9-6660e112663e" executionId="c14ae425-040e-46da-b8f1-a87ba14c2340" testListId="8c84fa94-04c1-424b-9868-57a2d4851a1d" />
    <TestEntry testId="625173fd-65da-1397-ec54-c65b83c98653" executionId="f2578b4f-4c3a-4190-9821-6780306e4a85" testListId="8c84fa94-04c1-424b-9868-57a2d4851a1d" />
    <TestEntry testId="b40fd00d-d53c-5169-d6b7-9e54de3594b7" executionId="ea82a29a-104d-40bd-833e-0f56cee2007d" testListId="8c84fa94-04c1-424b-9868-57a2d4851a1d" />
    <TestEntry testId="25f92625-4648-7782-1d2a-317528534f1f" executionId="a0fbd8a9-469c-4a19-916d-f2a24637145e" testListId="8c84fa94-04c1-424b-9868-57a2d4851a1d" />
    <TestEntry testId="c0fe0fa0-6414-4395-987d-4feb337c599e" executionId="603d418f-e777-4dba-96d1-56a68475bad4" testListId="8c84fa94-04c1-424b-9868-57a2d4851a1d" />
    <TestEntry testId="8bfc7437-d32d-2fbd-e729-18690eea4323" executionId="1d22affa-4014-4539-b023-eb90c75fbda5" testListId="8c84fa94-04c1-424b-9868-57a2d4851a1d" />
    <TestEntry testId="e980232d-04f5-66df-4d0c-b71aabaaccba" executionId="9dc023c0-26ec-4a64-8dbd-fa8f69fb8bb3" testListId="8c84fa94-04c1-424b-9868-57a2d4851a1d" />
    <TestEntry testId="6c76a547-a417-df5d-abc4-86b14d1a3cb1" executionId="b42e262b-b342-4c7c-844b-bdc0cd609ba4" testListId="8c84fa94-04c1-424b-9868-57a2d4851a1d" />
    <TestEntry testId="e4d172b9-a63c-5335-afe5-313d50a6d7bc" executionId="0546be02-f2f9-46fd-af7e-e2f8fdd5cee9" testListId="8c84fa94-04c1-424b-9868-57a2d4851a1d" />
    <TestEntry testId="c8f889c2-9dcc-5ee4-69a9-b92ed5635443" executionId="7d449c29-b93a-4cbd-862b-b99337739b59" testListId="8c84fa94-04c1-424b-9868-57a2d4851a1d" />
    <TestEntry testId="b3def435-ba3a-8251-73bc-89d7d56bc196" executionId="4a9d8f7e-6526-4fba-a45e-e00e60136d48" testListId="8c84fa94-04c1-424b-9868-57a2d4851a1d" />
    <TestEntry testId="935a5252-e82e-0a40-ebb1-6071aa394aa6" executionId="751425fe-1ddc-49bd-9c02-febdf5e13a1f" testListId="8c84fa94-04c1-424b-9868-57a2d4851a1d" />
    <TestEntry testId="91a632ab-9fa1-7e7c-73e0-f4342ab0027e" executionId="b529c102-d726-4caa-bbc0-8b68bb14d483" testListId="8c84fa94-04c1-424b-9868-57a2d4851a1d" />
    <TestEntry testId="20e857fb-676d-e026-1633-2a582f84da53" executionId="ef0149c9-a8e6-4691-8f12-6b7810342fbf" testListId="8c84fa94-04c1-424b-9868-57a2d4851a1d" />
    <TestEntry testId="30d38230-700b-2015-5de7-f8c35a3772bd" executionId="ae77974c-3ef7-443b-83d6-c4cb76cd957e" testListId="8c84fa94-04c1-424b-9868-57a2d4851a1d" />
    <TestEntry testId="3ababb28-c22e-2e27-a55b-3ca0ece96105" executionId="59858991-a0e6-469c-8084-bb2446a94d5c" testListId="8c84fa94-04c1-424b-9868-57a2d4851a1d" />
    <TestEntry testId="c77b2164-19cd-5e1f-722b-2dbf6cdc451f" executionId="28b0d63c-b7ca-4a19-b291-61cf0c9b8a99" testListId="8c84fa94-04c1-424b-9868-57a2d4851a1d" />
    <TestEntry testId="4a8897a9-d50a-a73f-d622-7f88efdd25c3" executionId="b1a5635f-3dc5-452f-ab27-2cfd1881cf84" testListId="8c84fa94-04c1-424b-9868-57a2d4851a1d" />
    <TestEntry testId="02cc108b-60ab-fa20-4ff5-31a7a711dc5b" executionId="29963962-540c-42eb-9f4b-b2fe5ccb6404" testListId="8c84fa94-04c1-424b-9868-57a2d4851a1d" />
    <TestEntry testId="102d079f-d73a-9398-e390-850bbd92e263" executionId="cb35a2c5-5712-4a3e-802b-f10e7165f49c" testListId="8c84fa94-04c1-424b-9868-57a2d4851a1d" />
    <TestEntry testId="97d1217f-73a7-1192-cb00-9868cdb0bd99" executionId="f1f1ea4b-20fc-422c-bc3e-8bc56f13db4c" testListId="8c84fa94-04c1-424b-9868-57a2d4851a1d" />
    <TestEntry testId="479dadc7-877b-f69e-51a4-23b065aa840f" executionId="fdbaf127-d714-4f8e-b69a-3d9d9a6b4602" testListId="8c84fa94-04c1-424b-9868-57a2d4851a1d" />
    <TestEntry testId="a3e5afb1-f67a-a8bb-8a0e-8fcccc6125e9" executionId="571774c8-8e7c-4a0d-ac64-3d4bb43ed768" testListId="8c84fa94-04c1-424b-9868-57a2d4851a1d" />
    <TestEntry testId="29b5d5ef-349e-e272-e2ce-839dea4d6a86" executionId="16ab7dde-e9bf-4d10-af89-08bb0de1b602" testListId="8c84fa94-04c1-424b-9868-57a2d4851a1d" />
    <TestEntry testId="d84b01f5-0596-70fe-9eb9-09b2a7317e9c" executionId="6658814c-e81e-4d53-b05f-d1343bb0a23a" testListId="8c84fa94-04c1-424b-9868-57a2d4851a1d" />
    <TestEntry testId="3f4c7e30-b1f0-2081-44ba-9bce1a0f971a" executionId="0796b38f-53f6-4893-b4c6-6c097271b1d8" testListId="8c84fa94-04c1-424b-9868-57a2d4851a1d" />
    <TestEntry testId="ab55d62f-3ec5-4ed8-802e-f577e145f5d6" executionId="c21690f3-4057-4dec-85d1-e5bfeb9cd5df" testListId="8c84fa94-04c1-424b-9868-57a2d4851a1d" />
    <TestEntry testId="3a23731d-6528-9a93-321d-869f4c096af3" executionId="3e869310-c662-44a0-b30f-8893f9ad7ed3" testListId="8c84fa94-04c1-424b-9868-57a2d4851a1d" />
    <TestEntry testId="77a55cd3-acda-9b88-793a-ed5efcff6683" executionId="3e82a88c-b265-4b97-9534-eb53f71df22b" testListId="8c84fa94-04c1-424b-9868-57a2d4851a1d" />
    <TestEntry testId="75de5af6-b2f5-0e94-1709-52d0aba94689" executionId="704cc73c-df91-432c-a530-30e43d45b28d" testListId="8c84fa94-04c1-424b-9868-57a2d4851a1d" />
    <TestEntry testId="bc1d56a9-e56e-1fdf-3c2c-c69087cbec63" executionId="a43f083e-5a47-432a-afba-6da0c62d0cf7" testListId="8c84fa94-04c1-424b-9868-57a2d4851a1d" />
    <TestEntry testId="5b103e08-15fa-7f86-8dbe-2f08fcc0335c" executionId="7b460d85-efd4-4dbf-b643-fee088fa142a" testListId="8c84fa94-04c1-424b-9868-57a2d4851a1d" />
    <TestEntry testId="4e300f82-b275-9dd4-1d79-15fe268e5156" executionId="5bb47429-5729-4141-a5b2-d2e263368d86" testListId="8c84fa94-04c1-424b-9868-57a2d4851a1d" />
    <TestEntry testId="dbbd31c0-9aff-e611-ef30-ed0ce5091e0d" executionId="2a990dfd-fcef-4d84-be99-39bf3aab11c9" testListId="8c84fa94-04c1-424b-9868-57a2d4851a1d" />
    <TestEntry testId="d486657b-172b-3e06-9417-3065afa213cc" executionId="f854252f-161d-4a02-8aea-f06d018f288b" testListId="8c84fa94-04c1-424b-9868-57a2d4851a1d" />
    <TestEntry testId="666687b5-9078-ce95-0d11-afcabd5656c0" executionId="99539421-cce3-4057-bb36-e1fceead1a05" testListId="8c84fa94-04c1-424b-9868-57a2d4851a1d" />
    <TestEntry testId="ca34d00e-093c-c772-397d-42df36d1be25" executionId="8966b33b-8c0e-4b68-8619-2914c2ba53e6" testListId="8c84fa94-04c1-424b-9868-57a2d4851a1d" />
    <TestEntry testId="d3893e34-bf86-6d7d-3f50-51fdd5ff8af0" executionId="9496d48e-5218-41b6-9dd6-c909023379d8" testListId="8c84fa94-04c1-424b-9868-57a2d4851a1d" />
    <TestEntry testId="cb16e62b-7018-bfc7-958b-66ad0d69de69" executionId="8c93c8f5-d42c-461c-a37b-e4c45a078eae" testListId="8c84fa94-04c1-424b-9868-57a2d4851a1d" />
    <TestEntry testId="f017e22a-e3d2-78bc-3bb4-5ad0c74fdc13" executionId="2b4dbcbd-7614-4f0e-bf12-b8e9d4b2ffd2" testListId="8c84fa94-04c1-424b-9868-57a2d4851a1d" />
    <TestEntry testId="847b1b6e-9a1d-3555-95f6-9d4a99c11788" executionId="2cf790dc-a6f9-46ca-a427-476cce5dce50" testListId="8c84fa94-04c1-424b-9868-57a2d4851a1d" />
    <TestEntry testId="0d24b4ca-f43e-16df-795d-9fff71c0b8cf" executionId="9acb2718-adee-4bdb-b51d-0b72b6f1b7b8" testListId="8c84fa94-04c1-424b-9868-57a2d4851a1d" />
    <TestEntry testId="277412f7-0594-53ab-296c-66d274925b1f" executionId="7bf472e0-4152-4b3f-a860-58e5617acac5" testListId="8c84fa94-04c1-424b-9868-57a2d4851a1d" />
    <TestEntry testId="a885d9be-537e-1999-76f8-e70a2046e1f4" executionId="63d0ed7e-472b-4575-9483-957540a1f3cf" testListId="8c84fa94-04c1-424b-9868-57a2d4851a1d" />
    <TestEntry testId="ee650bf5-8955-20d3-e53b-b6ce426ff2b2" executionId="d31da3ac-0cff-4619-acbb-dbe0cb5ffbdb" testListId="8c84fa94-04c1-424b-9868-57a2d4851a1d" />
    <TestEntry testId="34661f37-844b-4a61-78d4-0f75196f897e" executionId="8a878d44-7a9b-4eeb-b91b-a8e0a30171c3" testListId="8c84fa94-04c1-424b-9868-57a2d4851a1d" />
    <TestEntry testId="ad4f5b17-5632-2819-83b7-d22ce1ae3c66" executionId="9414fe03-5c06-44d9-8359-9f7ff4309eb5" testListId="8c84fa94-04c1-424b-9868-57a2d4851a1d" />
    <TestEntry testId="955e1b0e-7bc0-b1f4-9940-760dab2e8e77" executionId="81b0f7ce-2ab8-402c-b799-f2d26c895bce" testListId="8c84fa94-04c1-424b-9868-57a2d4851a1d" />
    <TestEntry testId="2cb776c1-af1b-8fb4-1dd8-27e74c603601" executionId="e45c0c62-b58d-4098-ab1f-67ecf2598c95" testListId="8c84fa94-04c1-424b-9868-57a2d4851a1d" />
    <TestEntry testId="712150e5-5964-9967-f8b1-dec78b9ff905" executionId="77f9bccd-6c04-4b3b-bef7-11a8108896a9" testListId="8c84fa94-04c1-424b-9868-57a2d4851a1d" />
    <TestEntry testId="5f106d6a-eff7-09fd-b05a-c6e9d925bb23" executionId="4ffec9ce-57f0-4e4b-879b-071ede447f7b" testListId="8c84fa94-04c1-424b-9868-57a2d4851a1d" />
    <TestEntry testId="c41d1e70-7e7d-8a7e-7fe7-cbcfb8a85538" executionId="e462018d-f9d8-42f1-b54d-d8c094127fa9" testListId="8c84fa94-04c1-424b-9868-57a2d4851a1d" />
    <TestEntry testId="302bc754-fa2b-9ef6-95d2-682fd503b0d7" executionId="1dd7d545-5177-43be-8950-5d3397ce2562" testListId="8c84fa94-04c1-424b-9868-57a2d4851a1d" />
    <TestEntry testId="27b41aa2-5420-209b-2b2e-8d4e36dd2535" executionId="98b56751-7d3e-43e6-a754-a617956097be" testListId="8c84fa94-04c1-424b-9868-57a2d4851a1d" />
    <TestEntry testId="6cb82a98-4b0f-0888-8381-13bed8d1b015" executionId="35b03139-99f9-4168-aa9b-f10da8a95898" testListId="8c84fa94-04c1-424b-9868-57a2d4851a1d" />
    <TestEntry testId="29a223c0-a28f-1460-5f0d-b06ecc06db1a" executionId="0668f7e4-cf9f-473c-9430-8f9aad9104e5" testListId="8c84fa94-04c1-424b-9868-57a2d4851a1d" />
    <TestEntry testId="54fdce33-c642-1e07-87da-3c51a7bcd8ab" executionId="66f5b1c3-82ac-49c4-ba1c-7a6e43ccb42f" testListId="8c84fa94-04c1-424b-9868-57a2d4851a1d" />
    <TestEntry testId="a003d7b9-d89f-4220-8cbc-3f75093a50f6" executionId="563f2f8c-9d08-4a8a-83a6-7eb94fc98ba4" testListId="8c84fa94-04c1-424b-9868-57a2d4851a1d" />
    <TestEntry testId="d0c11822-ef04-7d03-3d69-c83b20766c66" executionId="a6b75fab-32f7-425a-bc80-4c028990cdc7" testListId="8c84fa94-04c1-424b-9868-57a2d4851a1d" />
    <TestEntry testId="9ae3c596-c989-2239-30fe-3ae41d1e13f8" executionId="e1b6f79d-36f1-486f-b392-285b826dd7e4" testListId="8c84fa94-04c1-424b-9868-57a2d4851a1d" />
    <TestEntry testId="e4befef8-1d47-7b36-2ca3-356fd1d1f12b" executionId="09cdd58c-4ba9-4dd6-8a03-33488b3cf4fd" testListId="8c84fa94-04c1-424b-9868-57a2d4851a1d" />
    <TestEntry testId="d50db724-ba75-8174-bd95-08d738b8a43e" executionId="c8bdcbdb-7700-46a3-bbb7-fd41def88a1a" testListId="8c84fa94-04c1-424b-9868-57a2d4851a1d" />
    <TestEntry testId="00f6b709-1d6b-1daa-4b70-c2c73d68cf43" executionId="b96c62e6-8f60-4019-972c-b90203743db9" testListId="8c84fa94-04c1-424b-9868-57a2d4851a1d" />
    <TestEntry testId="be5a4b4d-b8b0-92a4-3507-a1826dafcb30" executionId="f32656a8-734b-47d9-87e8-b18b76a38a43" testListId="8c84fa94-04c1-424b-9868-57a2d4851a1d" />
    <TestEntry testId="08d2486b-4c5b-facc-fc2d-c8930da11e8e" executionId="207f420d-60b8-430d-a2f7-266131a9dd5b" testListId="8c84fa94-04c1-424b-9868-57a2d4851a1d" />
    <TestEntry testId="500c5803-46fc-2122-9193-445529b516b6" executionId="65a3a059-075b-4062-9ba7-52ab3dfe28f4" testListId="8c84fa94-04c1-424b-9868-57a2d4851a1d" />
    <TestEntry testId="f37ff509-5ac6-fa36-60dd-efc816f39037" executionId="87c84036-c7b4-46b7-af4e-32a9059a4ddb" testListId="8c84fa94-04c1-424b-9868-57a2d4851a1d" />
    <TestEntry testId="9a17221d-1d65-fd1a-233a-4d92fc3e1829" executionId="7e60adb6-7292-46ff-85b3-c0be9a8cc9b0" testListId="8c84fa94-04c1-424b-9868-57a2d4851a1d" />
    <TestEntry testId="b94e813e-cd03-84a4-6685-6b35b4fc798d" executionId="7d8e5ff3-c3f7-4e02-8346-b9960b0d8f40" testListId="8c84fa94-04c1-424b-9868-57a2d4851a1d" />
    <TestEntry testId="2354f74f-c035-3035-1474-5ee8ef90285b" executionId="04b71e2c-9306-4d3e-b0e0-28227de09bbf" testListId="8c84fa94-04c1-424b-9868-57a2d4851a1d" />
    <TestEntry testId="8864d060-0548-a4a1-7a0d-a979b2c9c32b" executionId="ade965dc-61fb-488f-9bbf-790e3c661ac4" testListId="8c84fa94-04c1-424b-9868-57a2d4851a1d" />
    <TestEntry testId="600c161a-4d7c-a6ea-374f-6fa5e34eaae3" executionId="2336683f-1e45-497c-8f7b-28757464772f" testListId="8c84fa94-04c1-424b-9868-57a2d4851a1d" />
    <TestEntry testId="ddc3d7ce-b30a-ef38-5c38-217b2ca0bb53" executionId="f0644f53-3603-4402-aa4f-0e181c83ca22" testListId="8c84fa94-04c1-424b-9868-57a2d4851a1d" />
    <TestEntry testId="2848bda4-ab99-f787-6cc2-0302120bf3e5" executionId="bee90fa5-6185-44d0-9f74-6f7faebb281d" testListId="8c84fa94-04c1-424b-9868-57a2d4851a1d" />
    <TestEntry testId="62c5c29d-d695-b416-7b8a-002317fe9886" executionId="a964a755-decd-42df-9431-9d1ee586890f" testListId="8c84fa94-04c1-424b-9868-57a2d4851a1d" />
    <TestEntry testId="4d28bdce-d816-5d69-76d6-93b74d05c894" executionId="cbff093d-ca40-42e7-8f24-c2736cc00a40" testListId="8c84fa94-04c1-424b-9868-57a2d4851a1d" />
    <TestEntry testId="a2624077-a211-58e0-16a7-3180bf6beb70" executionId="f4e451f0-5ab0-42ab-966a-0128a9f8af37" testListId="8c84fa94-04c1-424b-9868-57a2d4851a1d" />
    <TestEntry testId="994df288-2f94-bd2f-ef24-d0deea8497ea" executionId="eac19832-2059-4342-be15-e92e507d46d6" testListId="8c84fa94-04c1-424b-9868-57a2d4851a1d" />
    <TestEntry testId="521e8912-a6af-94d5-5d80-c87200ffc7e6" executionId="2f96e48c-4818-4cd1-8f4c-994b19789176" testListId="8c84fa94-04c1-424b-9868-57a2d4851a1d" />
    <TestEntry testId="5c95a7f7-5486-fbb9-304b-73885836eda0" executionId="7bb443fa-334c-4d60-bb3c-68c3bd7b3852" testListId="8c84fa94-04c1-424b-9868-57a2d4851a1d" />
    <TestEntry testId="b5c61573-9247-759e-e5c7-14db824c0b72" executionId="b935581f-61f8-41c2-9d73-3779d00135a0" testListId="8c84fa94-04c1-424b-9868-57a2d4851a1d" />
    <TestEntry testId="140fac6b-ea5e-639c-3dea-50783164297d" executionId="f41e40f8-9bb6-403a-bcea-d861b4734d8a" testListId="8c84fa94-04c1-424b-9868-57a2d4851a1d" />
    <TestEntry testId="6cb5489e-69e9-00a4-11e1-2410d07f0bac" executionId="1ee4ff7f-e921-4da1-9f28-fd0e81c5935b" testListId="8c84fa94-04c1-424b-9868-57a2d4851a1d" />
    <TestEntry testId="c81bab92-dfab-6619-9095-eaf5bf69ae42" executionId="58ac5217-c4cc-416b-9d5e-b0a91ad79464" testListId="8c84fa94-04c1-424b-9868-57a2d4851a1d" />
    <TestEntry testId="4af1a23d-6732-8d7b-7f59-c8bb535335d9" executionId="48ca9300-e1c5-44ec-8b8d-4df3d4f985a1" testListId="8c84fa94-04c1-424b-9868-57a2d4851a1d" />
    <TestEntry testId="ce39eceb-6e44-2cbc-7462-e8b3534940af" executionId="2e1af199-0d23-4f74-9e90-fae85ae7999d" testListId="8c84fa94-04c1-424b-9868-57a2d4851a1d" />
    <TestEntry testId="6ff5f920-66fc-174e-258a-c79ad43d198b" executionId="71d58ef9-79be-4bac-9d59-12e8e43b2fc5" testListId="8c84fa94-04c1-424b-9868-57a2d4851a1d" />
    <TestEntry testId="2cb2ed7c-eb89-daa1-918b-f98632a49c1c" executionId="b46cb250-3631-4c46-8186-91567699d182" testListId="8c84fa94-04c1-424b-9868-57a2d4851a1d" />
    <TestEntry testId="0817f152-51e1-119b-bb99-3fdae8a16769" executionId="2544fab5-9cc9-4e81-90ff-0898b7f0b2e8" testListId="8c84fa94-04c1-424b-9868-57a2d4851a1d" />
    <TestEntry testId="69da6de7-c71a-877a-aac9-972e128ccc8e" executionId="56730032-ebdd-45c0-bf4f-8a26991fcd83" testListId="8c84fa94-04c1-424b-9868-57a2d4851a1d" />
    <TestEntry testId="0781b614-9731-d78d-34ca-61ec1554ce7a" executionId="94795a3b-c61c-42dc-91a7-ca876a017e52" testListId="8c84fa94-04c1-424b-9868-57a2d4851a1d" />
    <TestEntry testId="ba082cb4-e45d-8406-8607-588ab55f0bad" executionId="87e1c2e5-5e5b-4e33-88ec-2ba9509cb8b1" testListId="8c84fa94-04c1-424b-9868-57a2d4851a1d" />
    <TestEntry testId="91aa5304-d569-1eb1-d37d-ff55ab6881ab" executionId="3962d538-5d5f-4b9c-87d2-6a4758cb32dd" testListId="8c84fa94-04c1-424b-9868-57a2d4851a1d" />
    <TestEntry testId="ba7af7cd-77ca-6319-eb3e-df5f65498858" executionId="1ad124cf-2f04-4679-8a54-608efebd67a8" testListId="8c84fa94-04c1-424b-9868-57a2d4851a1d" />
    <TestEntry testId="bbd3fb8a-7ec0-20c7-944a-f714d5b23d31" executionId="1b4f5c69-2f86-4e7f-beab-500b5368c4d5" testListId="8c84fa94-04c1-424b-9868-57a2d4851a1d" />
    <TestEntry testId="55ac7da4-8cca-e159-139a-f3e586a0ef94" executionId="2799d5aa-88a7-4a09-8bfb-e31fed9689cc" testListId="8c84fa94-04c1-424b-9868-57a2d4851a1d" />
    <TestEntry testId="dd2e56f1-447f-890f-47f3-fce017943304" executionId="b561be5d-90a3-4cda-80a8-d5cc19838a5d" testListId="8c84fa94-04c1-424b-9868-57a2d4851a1d" />
    <TestEntry testId="b4f07b51-7097-c84b-21f8-6c0b2624e279" executionId="389b6307-b589-4fa1-abf4-3b43a8b88fef" testListId="8c84fa94-04c1-424b-9868-57a2d4851a1d" />
    <TestEntry testId="84893f7a-3da5-0d5e-d549-b2838c9c6924" executionId="11be5d28-359a-4b75-8149-7af2b943e511" testListId="8c84fa94-04c1-424b-9868-57a2d4851a1d" />
    <TestEntry testId="86eca4fc-f27e-42f0-dc3f-10a633f112d4" executionId="19f057e6-4477-4d02-8d13-3162037661a3" testListId="8c84fa94-04c1-424b-9868-57a2d4851a1d" />
    <TestEntry testId="bca9b6a7-3d76-1a74-c07a-2076d58ea2e5" executionId="9d831a49-2abe-4a8d-ba1d-4c827dd61ca0" testListId="8c84fa94-04c1-424b-9868-57a2d4851a1d" />
    <TestEntry testId="daf52f70-1a38-af8c-4611-475cc8282ad6" executionId="6bc8b371-5329-4fdf-aee0-11fa4bb5c1bc" testListId="8c84fa94-04c1-424b-9868-57a2d4851a1d" />
    <TestEntry testId="ce84da71-bb7a-156a-6e24-82a12a0e0b92" executionId="cea0b9e7-e97d-4db4-9f7f-c12eb826643e" testListId="8c84fa94-04c1-424b-9868-57a2d4851a1d" />
    <TestEntry testId="66d41673-5885-4048-1b26-a5e77c75053f" executionId="f70b8814-ff87-4b51-8b65-44b333a5eacc" testListId="8c84fa94-04c1-424b-9868-57a2d4851a1d" />
    <TestEntry testId="b1873ca6-b190-2d3a-880c-b777d1b8c36d" executionId="4f5c1870-eff6-40ff-8ad7-2060ceba81e7" testListId="8c84fa94-04c1-424b-9868-57a2d4851a1d" />
    <TestEntry testId="8326db32-7898-264f-6e23-c786cfa09fff" executionId="52bf97f1-b7d5-4437-9d0c-a5c694df23aa" testListId="8c84fa94-04c1-424b-9868-57a2d4851a1d" />
    <TestEntry testId="ad4245ec-9a84-bb89-b2dc-a3d94df0b83e" executionId="85be8c5b-d632-4b53-b9b1-e08af6fe19fe" testListId="8c84fa94-04c1-424b-9868-57a2d4851a1d" />
    <TestEntry testId="ab727f8e-ad64-10f8-d378-cde2fa61aad4" executionId="36ef8506-19c7-4269-91bb-9399ec77c5bc" testListId="8c84fa94-04c1-424b-9868-57a2d4851a1d" />
    <TestEntry testId="8b5ad1a1-cad7-37a8-361c-3d0cc6ef4fd9" executionId="d6c6d77e-a9c7-409e-ae18-61f72d995f1e" testListId="8c84fa94-04c1-424b-9868-57a2d4851a1d" />
    <TestEntry testId="a29ca349-dc8a-6fcf-1118-bcda2f5e789d" executionId="6d6d3659-196d-4392-a7e6-7da4f1997ebd" testListId="8c84fa94-04c1-424b-9868-57a2d4851a1d" />
    <TestEntry testId="5b987e3a-f4dd-5113-22df-227ac356ab05" executionId="32eb8e5f-85ee-4bb6-8e30-e06835317c93" testListId="8c84fa94-04c1-424b-9868-57a2d4851a1d" />
    <TestEntry testId="bd9fad3e-c09d-e0cd-e432-583369eaeb97" executionId="365ba537-a076-4e0a-bffd-4b385e52c021" testListId="8c84fa94-04c1-424b-9868-57a2d4851a1d" />
    <TestEntry testId="7896aa51-e4b3-d499-7aa7-02fe33adefe5" executionId="b2434a87-2439-42ad-bdf7-143c54a26c8d" testListId="8c84fa94-04c1-424b-9868-57a2d4851a1d" />
    <TestEntry testId="bef4a300-feec-70ed-4858-4f96a4582d4b" executionId="82dfa846-301b-42e0-8d1f-279d67d9fd1a" testListId="8c84fa94-04c1-424b-9868-57a2d4851a1d" />
    <TestEntry testId="bdc069a5-84eb-1bd7-adc7-1804e0ae236b" executionId="b94bac33-52e7-47a7-98fb-74335603ea5f" testListId="8c84fa94-04c1-424b-9868-57a2d4851a1d" />
    <TestEntry testId="2b0a0896-310f-935c-b38f-418d026e9969" executionId="73c6e85c-974e-4d2f-9691-2d03fd6a9c11" testListId="8c84fa94-04c1-424b-9868-57a2d4851a1d" />
    <TestEntry testId="20a093d7-c0f3-0d2e-1dc0-a9452856d2e5" executionId="9997cf1b-b286-4c29-b194-30271b432a70" testListId="8c84fa94-04c1-424b-9868-57a2d4851a1d" />
    <TestEntry testId="5520a90c-cb4e-16eb-8e32-95b89f440338" executionId="dda54e9f-4205-41ac-88fa-627c0ef6875a" testListId="8c84fa94-04c1-424b-9868-57a2d4851a1d" />
    <TestEntry testId="2dc48e63-9c5b-c94b-2608-1552f27af0d1" executionId="3deaa00d-2d04-4487-b4d7-d3ae028d3091" testListId="8c84fa94-04c1-424b-9868-57a2d4851a1d" />
    <TestEntry testId="bc19a764-9f7d-b983-969a-2e4c6b85c212" executionId="f0a35a2c-a782-4b04-b6a1-25f5819710a0" testListId="8c84fa94-04c1-424b-9868-57a2d4851a1d" />
    <TestEntry testId="61598958-c6dd-bfbd-7fda-2977304b42c9" executionId="3bfbf253-44f1-42b6-aefd-a01033d2a3eb" testListId="8c84fa94-04c1-424b-9868-57a2d4851a1d" />
    <TestEntry testId="b83c1796-3375-6ecf-222d-fea7fb5a1b9f" executionId="64fa5df3-2823-40bf-bd52-67dc45ee2f56" testListId="8c84fa94-04c1-424b-9868-57a2d4851a1d" />
    <TestEntry testId="b32376d9-9f5b-230e-0a6e-8e9c554bc282" executionId="701e95a6-a824-4b22-94a9-f18fd0b74e00" testListId="8c84fa94-04c1-424b-9868-57a2d4851a1d" />
    <TestEntry testId="179d8bb3-e457-9f07-eff7-f399ff91d2e8" executionId="9b91df76-d9e1-4ef7-8754-6ead85642f43" testListId="8c84fa94-04c1-424b-9868-57a2d4851a1d" />
    <TestEntry testId="1287c865-cc22-44e0-cf42-f207c32588c9" executionId="c863b6d2-2d39-41a2-b568-14d7f72dd732" testListId="8c84fa94-04c1-424b-9868-57a2d4851a1d" />
    <TestEntry testId="5522c30b-797c-5df3-b3a9-cc8e055bc646" executionId="3b43d6f3-b7a8-4eb0-86cd-026442e6fb26" testListId="8c84fa94-04c1-424b-9868-57a2d4851a1d" />
    <TestEntry testId="dda16a76-bc79-225f-55d7-aa2af2b59236" executionId="9078d365-fbf7-4ee9-a965-197525d58a6f" testListId="8c84fa94-04c1-424b-9868-57a2d4851a1d" />
    <TestEntry testId="df663212-148c-9710-0e1b-2c53faec462f" executionId="0a55425b-7450-496a-9728-84adef2b1709" testListId="8c84fa94-04c1-424b-9868-57a2d4851a1d" />
    <TestEntry testId="8b26ef37-9d32-6bc0-603a-6e2dd2665dce" executionId="89cf0596-9fd3-402c-8ef1-4b2b6f44cc61" testListId="8c84fa94-04c1-424b-9868-57a2d4851a1d" />
    <TestEntry testId="51d0aaf5-5cfe-ee2d-a908-a74a1af5c7ca" executionId="66eabe0e-2c62-4038-a49e-710f36986a3b" testListId="8c84fa94-04c1-424b-9868-57a2d4851a1d" />
    <TestEntry testId="31b22c6f-d755-4c42-9176-cb0d5db7f723" executionId="415a1fae-6ff6-41c0-9d55-eaff2a34ddb3" testListId="8c84fa94-04c1-424b-9868-57a2d4851a1d" />
    <TestEntry testId="05db0d15-2e44-1af0-f9b2-cfa31817093d" executionId="5c213481-6800-4fa4-9acf-aa33a71ef1c8" testListId="8c84fa94-04c1-424b-9868-57a2d4851a1d" />
    <TestEntry testId="dc6d8f5a-5b13-39d6-aab1-86718c63428d" executionId="207f3cf7-c259-4875-ae91-3dbcb8bc34d4" testListId="8c84fa94-04c1-424b-9868-57a2d4851a1d" />
    <TestEntry testId="41f7716b-962a-3b79-a058-3d430c425d0b" executionId="c90daff0-0df2-4011-b5b4-2be77dc03297" testListId="8c84fa94-04c1-424b-9868-57a2d4851a1d" />
    <TestEntry testId="7b3008cf-5908-dbf5-c44e-f13a7c700b5e" executionId="dc928d1b-b7ca-4987-9b0c-6fbc201caa35" testListId="8c84fa94-04c1-424b-9868-57a2d4851a1d" />
    <TestEntry testId="dfb65903-87bc-a456-908a-d97a593cc02e" executionId="86053b31-cb2e-459d-8214-069c5e483b5c" testListId="8c84fa94-04c1-424b-9868-57a2d4851a1d" />
    <TestEntry testId="2e4cdc82-f187-1a47-ca23-c31e6a854503" executionId="af2d9182-84c0-4450-a148-76298b65e706" testListId="8c84fa94-04c1-424b-9868-57a2d4851a1d" />
    <TestEntry testId="621e8c49-238f-b37b-1666-8dabd23ba137" executionId="3e9d0bb3-0ba3-4477-ab9a-febfc163e160" testListId="8c84fa94-04c1-424b-9868-57a2d4851a1d" />
    <TestEntry testId="1b9423b5-5357-44c6-60f0-ae014b598814" executionId="361c6950-7aa0-4258-a1d7-77431a21f3ac" testListId="8c84fa94-04c1-424b-9868-57a2d4851a1d" />
    <TestEntry testId="97c3ee4f-c5d7-7086-5013-96aa4b92d31c" executionId="4c94bdc5-52eb-4dab-a4a8-98db1591d78f" testListId="8c84fa94-04c1-424b-9868-57a2d4851a1d" />
    <TestEntry testId="ca34f4bb-6b57-72ec-8929-494c4f5c0e37" executionId="641c552d-ba56-41c8-88ca-040ac77250b7" testListId="8c84fa94-04c1-424b-9868-57a2d4851a1d" />
    <TestEntry testId="7ca37dea-02d7-4204-61e8-e182370b41d4" executionId="62ae7589-7d4c-4884-9dcb-4399dfc41046" testListId="8c84fa94-04c1-424b-9868-57a2d4851a1d" />
    <TestEntry testId="f7d06693-5404-f9c0-ffce-5ead34d12840" executionId="fe2fcd56-f769-4d26-9a9f-3f8ae5332475" testListId="8c84fa94-04c1-424b-9868-57a2d4851a1d" />
    <TestEntry testId="a594dcd0-5425-147d-0463-cc4efc78cb60" executionId="ebc1de77-b8b5-4351-9fe2-910b6390b841" testListId="8c84fa94-04c1-424b-9868-57a2d4851a1d" />
    <TestEntry testId="e8a97d6a-1204-a9cc-90fc-7437b7dabfdb" executionId="d691acc2-8b17-4998-969c-bfd966eb48a8" testListId="8c84fa94-04c1-424b-9868-57a2d4851a1d" />
    <TestEntry testId="32e9398f-1c68-62a1-b7be-1ba6b4fee1e9" executionId="d084e245-185e-48e4-a0e7-1ce737f384db" testListId="8c84fa94-04c1-424b-9868-57a2d4851a1d" />
    <TestEntry testId="4a2738ef-6125-4e94-43e1-506d1cfe56fc" executionId="caece42a-128d-4121-bb99-3e07b7c9fa8d" testListId="8c84fa94-04c1-424b-9868-57a2d4851a1d" />
    <TestEntry testId="d6285fcb-3a4b-46ad-b2b1-fa9630b8b684" executionId="67f42409-d3bb-4ff9-a4de-5cc8a7488d2e" testListId="8c84fa94-04c1-424b-9868-57a2d4851a1d" />
    <TestEntry testId="915d8bc6-7a4b-9c69-6a5e-25b938e6b07f" executionId="9e231077-1129-46a1-8032-f61375b3bcc8" testListId="8c84fa94-04c1-424b-9868-57a2d4851a1d" />
    <TestEntry testId="84e9eb08-3864-6e51-b639-b66ffed64b72" executionId="3d859da4-6f3f-4807-b57b-c931ec58661b" testListId="8c84fa94-04c1-424b-9868-57a2d4851a1d" />
    <TestEntry testId="429ee486-ba90-6dd0-a27e-5ee4b8999074" executionId="f98fa47b-0d5f-416b-8ddb-d5a4a07fa587" testListId="8c84fa94-04c1-424b-9868-57a2d4851a1d" />
    <TestEntry testId="322971b8-acd2-80c8-0b8a-f5384b6c31b9" executionId="97372c64-a674-4dba-82d4-373259e24336" testListId="8c84fa94-04c1-424b-9868-57a2d4851a1d" />
    <TestEntry testId="d82cd6d3-f677-895d-242e-8ca32b4bd548" executionId="1aa74b45-8da2-47a3-8fae-b7ed352873c9" testListId="8c84fa94-04c1-424b-9868-57a2d4851a1d" />
    <TestEntry testId="f77e2ad3-a10e-1ad6-ad42-35ae120566e7" executionId="f2331d91-2223-4102-86c3-c2ce60a75fff" testListId="8c84fa94-04c1-424b-9868-57a2d4851a1d" />
    <TestEntry testId="bed5b8f3-7d0c-c2b1-2845-ecd2ab2f245f" executionId="79cb2962-856a-4c13-9fb4-7f7c13f99e19" testListId="8c84fa94-04c1-424b-9868-57a2d4851a1d" />
    <TestEntry testId="9ba8b007-d6d9-c3a8-8a14-db8c5658c626" executionId="d64c2298-e5de-4242-ad42-00252de702d0" testListId="8c84fa94-04c1-424b-9868-57a2d4851a1d" />
    <TestEntry testId="7c2086c6-5f5e-371e-ddc1-2a02f0cad440" executionId="109c7d01-6c02-4ef1-92ef-bf1472a1ca66" testListId="8c84fa94-04c1-424b-9868-57a2d4851a1d" />
    <TestEntry testId="dc74521a-8267-4978-a426-68552f6a247b" executionId="69cb39fa-80e1-4c58-8f32-77c405f36324" testListId="8c84fa94-04c1-424b-9868-57a2d4851a1d" />
    <TestEntry testId="2c57eedc-184c-5b54-9fd5-4196907c2ad8" executionId="fe4d2df1-32ac-441e-b19e-3f10f72d356c" testListId="8c84fa94-04c1-424b-9868-57a2d4851a1d" />
    <TestEntry testId="abaa7d8b-6a04-e53b-7be4-197f5fd38163" executionId="166ea1f1-9b92-4acf-9918-244bccc57387" testListId="8c84fa94-04c1-424b-9868-57a2d4851a1d" />
    <TestEntry testId="bf9606d7-b9d3-97e9-41f0-4609f19270f1" executionId="e6a09c32-c48a-4b0f-bf5b-c3e145168ff0" testListId="8c84fa94-04c1-424b-9868-57a2d4851a1d" />
    <TestEntry testId="c132d8c5-5c98-c43e-a01b-7fb914f58787" executionId="b7da5852-fcb6-4c27-ab83-9970a7f1fe83" testListId="8c84fa94-04c1-424b-9868-57a2d4851a1d" />
    <TestEntry testId="28a5c179-8070-6648-c69b-7807d7b4627d" executionId="ca8dd880-fc74-41ba-8f82-616137638c34" testListId="8c84fa94-04c1-424b-9868-57a2d4851a1d" />
    <TestEntry testId="7af498a0-5766-a925-c052-a082928e22d6" executionId="141f9c62-2e72-4f55-9f47-09dfb1c17eb9" testListId="8c84fa94-04c1-424b-9868-57a2d4851a1d" />
    <TestEntry testId="3588b3d7-443d-eda6-c301-18ea45394493" executionId="68a2ab3c-77bd-4c77-9915-6dc471a7e62d" testListId="8c84fa94-04c1-424b-9868-57a2d4851a1d" />
    <TestEntry testId="6dcdf04f-a33f-fd05-3f14-fd7056c71ddf" executionId="1fa96ae3-4dec-405f-b93c-4bf19bbb35e7" testListId="8c84fa94-04c1-424b-9868-57a2d4851a1d" />
    <TestEntry testId="9276831a-3083-6829-5ffb-fb4a46447a6a" executionId="8971a182-ee14-45e5-820c-1fbdda5044f0" testListId="8c84fa94-04c1-424b-9868-57a2d4851a1d" />
    <TestEntry testId="efa619b9-92a7-1e2a-19f7-acb2e6d84576" executionId="0cdefd75-40f2-4e93-a778-0437f2d81a64" testListId="8c84fa94-04c1-424b-9868-57a2d4851a1d" />
    <TestEntry testId="9e299918-6fe1-3e11-0195-a85707b196f2" executionId="81634521-656f-4f8d-9c76-60ac53b2a9e6" testListId="8c84fa94-04c1-424b-9868-57a2d4851a1d" />
    <TestEntry testId="c4adaf47-810b-d625-417b-62920a61bc98" executionId="cd40b273-c72e-4d6d-8c78-318824dc2cc5" testListId="8c84fa94-04c1-424b-9868-57a2d4851a1d" />
    <TestEntry testId="ab5779ce-ea0b-d176-54e1-0eacdce87172" executionId="6ac52a09-5c77-4e93-b514-8506c30693c7" testListId="8c84fa94-04c1-424b-9868-57a2d4851a1d" />
    <TestEntry testId="e278d185-2b85-ecae-3dee-7ff9389fc948" executionId="4ebc686e-1750-4875-b993-75f8ff59827d" testListId="8c84fa94-04c1-424b-9868-57a2d4851a1d" />
    <TestEntry testId="0421f89e-6233-957e-5d3e-3c1e1f7f2cb0" executionId="6e3dc794-3768-4488-bbdb-6e96ef058d55" testListId="8c84fa94-04c1-424b-9868-57a2d4851a1d" />
    <TestEntry testId="46e22573-94b0-67ab-985e-402e85a0e4bc" executionId="cc347988-3ce3-4a91-9a2a-8326c6cb12f8" testListId="8c84fa94-04c1-424b-9868-57a2d4851a1d" />
    <TestEntry testId="2b8cea25-0d44-5b97-ac4a-2216f4c1f84a" executionId="a9064211-214e-4c6b-9b03-668b009d3996" testListId="8c84fa94-04c1-424b-9868-57a2d4851a1d" />
    <TestEntry testId="0bcafa5c-7964-865e-c383-4f08d26a7f31" executionId="87e36b81-5c95-4ab0-a410-1041d41adfea" testListId="8c84fa94-04c1-424b-9868-57a2d4851a1d" />
    <TestEntry testId="71653502-3181-f828-c492-aa6439b95e7a" executionId="d84ba1b5-a169-4791-994f-c17898f91165" testListId="8c84fa94-04c1-424b-9868-57a2d4851a1d" />
    <TestEntry testId="107b5f4c-155f-4546-e355-355bd33f96f8" executionId="54e0b509-aaf6-428d-abd9-09b3df535d8c" testListId="8c84fa94-04c1-424b-9868-57a2d4851a1d" />
    <TestEntry testId="34297883-ceb1-3f6a-fc97-88a641421987" executionId="581698d4-d428-4875-900d-e4b635fdc69e" testListId="8c84fa94-04c1-424b-9868-57a2d4851a1d" />
    <TestEntry testId="1aee8fdd-247c-9b40-baaa-86531f21c457" executionId="8ed23ca2-2b95-43c2-97e4-503aadd0b318" testListId="8c84fa94-04c1-424b-9868-57a2d4851a1d" />
    <TestEntry testId="bb8b597c-b592-e58d-717d-2400b7c8e2ff" executionId="f6ace056-02ba-40eb-8d19-46f1bcf0293c" testListId="8c84fa94-04c1-424b-9868-57a2d4851a1d" />
    <TestEntry testId="7a11ef52-57c7-60cd-9c5c-e69b0979ba72" executionId="3815270d-20a9-47a2-8fe7-66dbd4861695" testListId="8c84fa94-04c1-424b-9868-57a2d4851a1d" />
    <TestEntry testId="42d35bbd-c7d9-7946-1def-7b5ccb673a61" executionId="3d271683-26dc-4ad2-8f8f-7a632b75bd24" testListId="8c84fa94-04c1-424b-9868-57a2d4851a1d" />
    <TestEntry testId="33444fd7-f688-0b38-55ae-2b29b719f739" executionId="09fab882-dd9b-4226-93d2-fc6d79a31d3f" testListId="8c84fa94-04c1-424b-9868-57a2d4851a1d" />
    <TestEntry testId="4b1f9a8d-b1bb-02ec-5745-7307e52cd5f9" executionId="8e68dbde-5668-46fb-9fea-63644eeef6d5" testListId="8c84fa94-04c1-424b-9868-57a2d4851a1d" />
    <TestEntry testId="e157cad4-1d6f-f224-ff5c-8c943ce2a9cd" executionId="76a76c62-6c10-4678-a174-40b0b47e78e7" testListId="8c84fa94-04c1-424b-9868-57a2d4851a1d" />
    <TestEntry testId="bc241bd6-90f6-27c4-5759-1a1dbdfa005f" executionId="cfef9700-58e6-4848-8f9c-3ec3dbaf5188" testListId="8c84fa94-04c1-424b-9868-57a2d4851a1d" />
    <TestEntry testId="65690e6c-ce58-910b-d8f0-054207cc266e" executionId="a27860da-a9e7-4bcf-9102-51a6867b2640" testListId="8c84fa94-04c1-424b-9868-57a2d4851a1d" />
    <TestEntry testId="18d4fde6-42c5-efbc-ad05-63d710c635c9" executionId="9c4cda9e-8b30-4af5-924b-734003fceba7" testListId="8c84fa94-04c1-424b-9868-57a2d4851a1d" />
    <TestEntry testId="367d97b6-5e1b-0bb5-2b16-a7bff6e81071" executionId="7aa758e7-81a6-496b-9ed4-22781bc02dcb" testListId="8c84fa94-04c1-424b-9868-57a2d4851a1d" />
    <TestEntry testId="b66f29e4-204f-ab29-31de-ad78b812748d" executionId="573452f8-dc55-4679-a349-9b02a8f262bb" testListId="8c84fa94-04c1-424b-9868-57a2d4851a1d" />
    <TestEntry testId="896f952f-4179-aff3-ace4-aed6aecee8ce" executionId="bd92e90b-6199-4506-a3b7-67f33471f36f" testListId="8c84fa94-04c1-424b-9868-57a2d4851a1d" />
    <TestEntry testId="5e5841b2-201b-117a-6cf9-b0c5d0d4c597" executionId="2f15671d-1e1c-423a-bedf-29245476fd80" testListId="8c84fa94-04c1-424b-9868-57a2d4851a1d" />
    <TestEntry testId="2a562c06-8638-e43c-f213-f7dcfa8ef1af" executionId="aca81442-d1b4-47a9-886e-0386b1c3b4da" testListId="8c84fa94-04c1-424b-9868-57a2d4851a1d" />
    <TestEntry testId="35fd7a9b-fb91-eee4-54b5-8ae1fdc75032" executionId="4c483c0b-b7e6-473b-b802-2d7a9775eb45" testListId="8c84fa94-04c1-424b-9868-57a2d4851a1d" />
    <TestEntry testId="87641e64-013a-f188-5f0c-d792e7a071bc" executionId="5b687145-8510-41f0-b040-3829bb41b88a" testListId="8c84fa94-04c1-424b-9868-57a2d4851a1d" />
    <TestEntry testId="255f285b-de9e-07c0-bd3c-5e12f52636e3" executionId="faa3b771-d372-4fa2-b4bb-8b39880b76ba" testListId="8c84fa94-04c1-424b-9868-57a2d4851a1d" />
    <TestEntry testId="55e708f2-b4d3-9234-9e4d-ded4bf2331e6" executionId="ac9410e0-247a-4160-bc22-9255558c04e6" testListId="8c84fa94-04c1-424b-9868-57a2d4851a1d" />
    <TestEntry testId="61a89e7b-671e-f4d6-8f7f-e832621cb969" executionId="faf11ef1-41e5-473c-9fd9-c3e801d2ac8f" testListId="8c84fa94-04c1-424b-9868-57a2d4851a1d" />
    <TestEntry testId="8faaabb5-02e5-0127-1e4c-101c4cc52248" executionId="84c6c948-0e06-4590-a917-261421db9005" testListId="8c84fa94-04c1-424b-9868-57a2d4851a1d" />
    <TestEntry testId="97b0e128-c9d9-7d11-8f80-761f9894f1f3" executionId="9dc7816b-bb7f-4653-ba13-c8b7b4981e4a" testListId="8c84fa94-04c1-424b-9868-57a2d4851a1d" />
    <TestEntry testId="36c0c805-152f-22d3-4088-e769f75caaec" executionId="5cceec04-df73-4c48-bd56-837d7ea0a7ee" testListId="8c84fa94-04c1-424b-9868-57a2d4851a1d" />
    <TestEntry testId="a6b62781-f725-2c30-429a-9ea3a9cea9d3" executionId="566056d1-5fca-4815-862c-5d8fe44792d6" testListId="8c84fa94-04c1-424b-9868-57a2d4851a1d" />
    <TestEntry testId="2798b398-0496-1e71-67f3-c3c3279190c5" executionId="b558824a-096d-4306-9769-014737b03553" testListId="8c84fa94-04c1-424b-9868-57a2d4851a1d" />
    <TestEntry testId="01ec80e1-966d-b326-07e3-290ad51ea6bd" executionId="60d4d98e-6141-4934-94cf-1478bd4de2b3" testListId="8c84fa94-04c1-424b-9868-57a2d4851a1d" />
    <TestEntry testId="e79ae8c6-987a-226d-ee33-5b1ed6c6a9ec" executionId="4513447d-258f-4a3d-9768-2c0b68e4bebb" testListId="8c84fa94-04c1-424b-9868-57a2d4851a1d" />
    <TestEntry testId="31025ebd-a234-c76d-0f0b-b0e7e54173f0" executionId="8ac3bf9b-2d74-4376-ad6e-66573e60d936" testListId="8c84fa94-04c1-424b-9868-57a2d4851a1d" />
    <TestEntry testId="cc59808b-2153-07b2-a69c-fba587b40c44" executionId="59433aeb-eb15-4205-8857-c59002cf2c04" testListId="8c84fa94-04c1-424b-9868-57a2d4851a1d" />
    <TestEntry testId="a84ac785-c2bc-cd3f-192a-21263666abdf" executionId="85359715-e5fb-4781-9d42-da5b8931d9fb" testListId="8c84fa94-04c1-424b-9868-57a2d4851a1d" />
    <TestEntry testId="d97adf4b-aa61-0f83-c7f4-830581961cb3" executionId="750ae396-8ef4-4c4f-b5b5-6096f057772b" testListId="8c84fa94-04c1-424b-9868-57a2d4851a1d" />
    <TestEntry testId="70a3f383-6bf8-3c18-0ad9-14901b9a9938" executionId="180a6230-73b3-4d66-96e9-4777567c4636" testListId="8c84fa94-04c1-424b-9868-57a2d4851a1d" />
  </TestEntries>
  <TestLists>
    <TestList name="Results Not in a List" id="8c84fa94-04c1-424b-9868-57a2d4851a1d" />
    <TestList name="All Loaded Results" id="19431567-8539-422a-85d7-44ee4e166bda" />
  </TestLists>
  <ResultSummary outcome="Completed">
    <Counters total="699" executed="699" passed="699" failed="0" error="0" timeout="0" aborted="0" inconclusive="0" passedButRunAborted="0" notRunnable="0" notExecuted="0" disconnected="0" warning="0" completed="0" inProgress="0" pending="0" />
    <Output>
      <StdOut>NUnit Adapter 5.0.0.0: Test execution started&#xD;
Running selected tests in D:\Agents\smith05.01\_work\257\s\tests\CHG.IdentityProvider.Tests\bin\Release\net9.0\CHG.IdentityProvider.Tests.dll&#xD;
   NUnit3TestExecutor discovered 699 of 699 NUnit test cases using Current Discovery mode, Non-Explicit run&#xD;
NUnit Adapter 5.0.0.0: Test execution complete&#xD;
</StdOut>
    </Output>
    <CollectorDataEntries>
      <Collector agentName="V020705" uri="datacollector://microsoft/CodeCoverage/2.0" collectorDisplayName="Code Coverage">
        <UriAttachments>
          <UriAttachment>
            <A href="V020705\coverage.xml"></A>
          </UriAttachment>
        </UriAttachments>
      </Collector>
    </CollectorDataEntries>
  </ResultSummary>
</TestRun>